#
# There is insufficient memory for the Java Runtime Environment to continue.
# Native memory allocation (malloc) failed to allocate 1601616 bytes for Chunk::new
# Possible reasons:
#   The system is out of physical RAM or swap space
#   The process is running with CompressedOops enabled, and the Java Heap may be blocking the growth of the native heap
# Possible solutions:
#   Reduce memory load on the system
#   Increase physical memory or swap space
#   Check if swap backing store is full
#   Decrease Java heap size (-Xmx/-Xms)
#   Decrease number of Java threads
#   Decrease Java thread stack sizes (-Xss)
#   Set larger code cache with -XX:ReservedCodeCacheSize=
#   JVM is running with Unscaled Compressed Oops mode in which the Java heap is
#     placed in the first 4GB address space. The Java Heap base address is the
#     maximum limit for the native heap growth. Please use -XX:HeapBaseMinAddress
#     to set the Java Heap base and to place the Java Heap above 4GB virtual address.
# This output file may be truncated or incomplete.
#
#  Out of Memory Error (./src/hotspot/share/memory/arena.cpp:197), pid=9536, tid=1620
#
# JRE version: OpenJDK Runtime Environment (11.0.13) (build 11.0.13+0-b1751.21-8125866)
# Java VM: OpenJDK 64-Bit Server VM (11.0.13+0-b1751.21-8125866, mixed mode, tiered, compressed oops, g1 gc, windows-amd64)
# No core dump will be written. Minidumps are not enabled by default on client versions of Windows
#

---------------  S U M M A R Y ------------

Command Line: --add-opens=java.base/java.util=ALL-UNNAMED --add-opens=java.base/java.lang=ALL-UNNAMED --add-opens=java.base/java.lang.invoke=ALL-UNNAMED --add-opens=java.base/java.util=ALL-UNNAMED --add-opens=java.prefs/java.util.prefs=ALL-UNNAMED --add-opens=java.prefs/java.util.prefs=ALL-UNNAMED --add-opens=java.base/java.nio.charset=ALL-UNNAMED --add-opens=java.base/java.net=ALL-UNNAMED --add-opens=java.base/java.util.concurrent.atomic=ALL-UNNAMED -Xmx2048m -Dfile.encoding=UTF-8 -Duser.country=TW -Duser.language=zh -Duser.variant org.gradle.launcher.daemon.bootstrap.GradleDaemon 7.0.2

Host: Intel(R) Core(TM) i5-7200U CPU @ 2.50GHz, 4 cores, 7G,  Windows 10 , 64 bit Build 19041 (10.0.19041.2251)
Time: Sat Nov 26 16:37:46 2022 台北標準時間 elapsed time: 1527.167991 seconds (0d 0h 25m 27s)

---------------  T H R E A D  ---------------

Current thread (0x000002343ffd8800):  JavaThread "C2 CompilerThread1" daemon [_thread_in_native, id=1620, stack(0x000000c831500000,0x000000c831600000)]


Current CompileTask:
C2:1527168 22453   !   4       java.io.ObjectOutputStream::writeSerialData (221 bytes)

Stack: [0x000000c831500000,0x000000c831600000]
Native frames: (J=compiled Java code, j=interpreted, Vv=VM code, C=native code)
V  [jvm.dll+0x6100fa]
V  [jvm.dll+0x747090]
V  [jvm.dll+0x7486ad]
V  [jvm.dll+0x748d83]
V  [jvm.dll+0x24ab48]
V  [jvm.dll+0xc04dc]
V  [jvm.dll+0xc0a0c]
V  [jvm.dll+0x35eb9d]
V  [jvm.dll+0x19d7bc]
V  [jvm.dll+0x2033be]
V  [jvm.dll+0x202437]
V  [jvm.dll+0x188e01]
V  [jvm.dll+0x21106b]
V  [jvm.dll+0x20f8c1]
V  [jvm.dll+0x70de0f]
V  [jvm.dll+0x706a75]
V  [jvm.dll+0x60ed66]
C  [ucrtbase.dll+0x21bb2]
C  [KERNEL32.DLL+0x174b4]
C  [ntdll.dll+0x526a1]


---------------  P R O C E S S  ---------------

Threads class SMR info:
_java_thread_list=0x00000234468a28f0, length=47, elements={
0x0000023422e40800, 0x000002343ca45000, 0x000002343ca46800, 0x000002343ca73800,
0x000002343ca75000, 0x000002343ca76800, 0x000002343ca7d000, 0x000002343ca8e000,
0x000002343d2dd800, 0x000002343d435800, 0x000002343e420800, 0x000002343dd3a000,
0x000002343fa6d000, 0x000002344041d000, 0x000002344041e000, 0x000002344041b800,
0x0000023440418000, 0x000002344041e800, 0x000002343f7f9800, 0x000002343f7fd800,
0x000002343f7ff000, 0x000002343f7fe000, 0x000002343f800000, 0x000002343f801800,
0x000002343f800800, 0x0000023442d1b000, 0x00000234449aa000, 0x00000234449a8800,
0x00000234449ab000, 0x000002343f7fa000, 0x000002343f7fb000, 0x000002343f802800,
0x000002343f7fc800, 0x000002343f803000, 0x000002343f804800, 0x000002343ffd8800,
0x000002343f807000, 0x000002343f805800, 0x000002343f806800, 0x000002343f808000,
0x0000023442d1c000, 0x0000023442d1a800, 0x0000023442d20000, 0x0000023442d1d800,
0x0000023442d1e800, 0x00000234449ac000, 0x00000234449a6000
}

Java Threads: ( => current thread )
  0x0000023422e40800 JavaThread "main" [_thread_blocked, id=8460, stack(0x000000c82f300000,0x000000c82f400000)]
  0x000002343ca45000 JavaThread "Reference Handler" daemon [_thread_blocked, id=10456, stack(0x000000c82fa00000,0x000000c82fb00000)]
  0x000002343ca46800 JavaThread "Finalizer" daemon [_thread_blocked, id=8852, stack(0x000000c82fb00000,0x000000c82fc00000)]
  0x000002343ca73800 JavaThread "Signal Dispatcher" daemon [_thread_blocked, id=520, stack(0x000000c82fc00000,0x000000c82fd00000)]
  0x000002343ca75000 JavaThread "Attach Listener" daemon [_thread_blocked, id=2264, stack(0x000000c82fd00000,0x000000c82fe00000)]
  0x000002343ca76800 JavaThread "Service Thread" daemon [_thread_blocked, id=2728, stack(0x000000c82fe00000,0x000000c82ff00000)]
  0x000002343ca7d000 JavaThread "C2 CompilerThread0" daemon [_thread_blocked, id=13540, stack(0x000000c82ff00000,0x000000c830000000)]
  0x000002343ca8e000 JavaThread "C1 CompilerThread0" daemon [_thread_blocked, id=10352, stack(0x000000c830000000,0x000000c830100000)]
  0x000002343d2dd800 JavaThread "Sweeper thread" daemon [_thread_blocked, id=10492, stack(0x000000c830100000,0x000000c830200000)]
  0x000002343d435800 JavaThread "Common-Cleaner" daemon [_thread_blocked, id=11176, stack(0x000000c830200000,0x000000c830300000)]
  0x000002343e420800 JavaThread "Daemon health stats" [_thread_blocked, id=848, stack(0x000000c830700000,0x000000c830800000)]
  0x000002343dd3a000 JavaThread "Incoming local TCP Connector on port 51269" [_thread_in_native, id=12628, stack(0x000000c830600000,0x000000c830700000)]
  0x000002343fa6d000 JavaThread "Daemon periodic checks" [_thread_blocked, id=10980, stack(0x000000c830800000,0x000000c830900000)]
  0x000002344041d000 JavaThread "Cache worker for file hash cache (C:\Users\a0587\.gradle\caches\7.0.2\fileHashes)" [_thread_blocked, id=1436, stack(0x000000c831100000,0x000000c831200000)]
  0x000002344041e000 JavaThread "File lock request listener" [_thread_in_native, id=8888, stack(0x000000c831200000,0x000000c831300000)]
  0x000002344041b800 JavaThread "Cache worker for journal cache (C:\Users\a0587\.gradle\caches\journal-1)" [_thread_blocked, id=13996, stack(0x000000c831400000,0x000000c831500000)]
  0x0000023440418000 JavaThread "File watcher server" daemon [_thread_in_native, id=13876, stack(0x000000c831600000,0x000000c831700000)]
  0x000002344041e800 JavaThread "File watcher consumer" daemon [_thread_blocked, id=3716, stack(0x000000c831700000,0x000000c831800000)]
  0x000002343f7f9800 JavaThread "Cache worker for execution history cache (C:\Users\a0587\.gradle\caches\7.0.2\executionHistory)" [_thread_blocked, id=12520, stack(0x000000c831b00000,0x000000c831c00000)]
  0x000002343f7fd800 JavaThread "jar transforms" [_thread_blocked, id=11748, stack(0x000000c831c00000,0x000000c831d00000)]
  0x000002343f7ff000 JavaThread "jar transforms Thread 2" [_thread_blocked, id=14040, stack(0x000000c831d00000,0x000000c831e00000)]
  0x000002343f7fe000 JavaThread "Cache worker for file content cache (C:\Users\a0587\.gradle\caches\7.0.2\fileContent)" [_thread_blocked, id=1164, stack(0x000000c831e00000,0x000000c831f00000)]
  0x000002343f800000 JavaThread "jar transforms Thread 3" [_thread_blocked, id=3064, stack(0x000000c832000000,0x000000c832100000)]
  0x000002343f801800 JavaThread "jar transforms Thread 4" [_thread_blocked, id=9896, stack(0x000000c832600000,0x000000c832700000)]
  0x000002343f800800 JavaThread "Memory manager" [_thread_blocked, id=11644, stack(0x000000c832700000,0x000000c832800000)]
  0x0000023442d1b000 JavaThread "Cache worker for Java compile cache (C:\Users\a0587\.gradle\caches\7.0.2\javaCompile)" [_thread_blocked, id=12620, stack(0x000000c82f100000,0x000000c82f200000)]
  0x00000234449aa000 JavaThread "ForkJoinPool.commonPool-worker-3" daemon [_thread_blocked, id=3400, stack(0x000000c82f000000,0x000000c82f100000)]
  0x00000234449a8800 JavaThread "Daemon Thread 2" [_thread_blocked, id=12532, stack(0x000000c82f200000,0x000000c82f300000)]
  0x00000234449ab000 JavaThread "Daemon worker Thread 2" [_thread_in_native, id=11780, stack(0x000000c830b00000,0x000000c830c00000)]
  0x000002343f7fa000 JavaThread "Handler for socket connection from /127.0.0.1:51269 to /127.0.0.1:58107" [_thread_in_native, id=3980, stack(0x000000c830900000,0x000000c830a00000)]
  0x000002343f7fb000 JavaThread "Cancel handler" [_thread_blocked, id=3456, stack(0x000000c830a00000,0x000000c830b00000)]
  0x000002343f802800 JavaThread "Asynchronous log dispatcher for DefaultDaemonConnection: socket connection from /127.0.0.1:51269 to /127.0.0.1:58107" [_thread_blocked, id=7116, stack(0x000000c830c00000,0x000000c830d00000)]
  0x000002343f7fc800 JavaThread "Stdin handler" [_thread_blocked, id=3344, stack(0x000000c830e00000,0x000000c830f00000)]
  0x000002343f803000 JavaThread "Daemon client event forwarder" [_thread_blocked, id=10176, stack(0x000000c830f00000,0x000000c831000000)]
  0x000002343f804800 JavaThread "Cache worker for file hash cache (E:\Programs\Test\.gradle\7.0.2\fileHashes)" [_thread_blocked, id=12352, stack(0x000000c831000000,0x000000c831100000)]
=>0x000002343ffd8800 JavaThread "C2 CompilerThread1" daemon [_thread_in_native, id=1620, stack(0x000000c831500000,0x000000c831600000)]
  0x000002343f807000 JavaThread "Cache worker for checksums cache (E:\Programs\Test\.gradle\checksums)" [_thread_blocked, id=14140, stack(0x000000c831800000,0x000000c831900000)]
  0x000002343f808000 JavaThread "Cache worker for dependencies-accessors (E:\Programs\Test\.gradle\7.0.2\dependencies-accessors)" [_thread_blocked, id=8424, stack(0x000000c831f00000,0x000000c832000000)]
  0x0000023442d1a800 JavaThread "Build operations" [_thread_blocked, id=10740, stack(0x000000c832200000,0x000000c832300000)]
  0x0000023442d20000 JavaThread "Build operations Thread 2" [_thread_blocked, id=1508, stack(0x000000c832300000,0x000000c832400000)]
  0x0000023442d1d800 JavaThread "Build operations Thread 3" [_thread_blocked, id=11072, stack(0x000000c832400000,0x000000c832500000)]
  0x0000023442d1e800 JavaThread "Build operations Thread 4" [_thread_blocked, id=12924, stack(0x000000c832500000,0x000000c832600000)]
  0x00000234449a6000 JavaThread "WorkerExecutor Queue" [_thread_blocked, id=1348, stack(0x000000c832d00000,0x000000c832e00000)]

Other Threads:
  0x000002343ca40000 VMThread "VM Thread" [stack: 0x000000c82f900000,0x000000c82fa00000] [id=2292]
  0x000002343d462800 WatcherThread [stack: 0x000000c830300000,0x000000c830400000] [id=9672]
  0x0000023422e5a000 GCTaskThread "GC Thread#0" [stack: 0x000000c82f400000,0x000000c82f500000] [id=5812]
  0x000002343d4da800 GCTaskThread "GC Thread#1" [stack: 0x000000c830400000,0x000000c830500000] [id=10384]
  0x000002343d702000 GCTaskThread "GC Thread#2" [stack: 0x000000c830500000,0x000000c830600000] [id=1180]
  0x000002343f91d000 GCTaskThread "GC Thread#3" [stack: 0x000000c831300000,0x000000c831400000] [id=1424]
  0x0000023422e8b800 ConcurrentGCThread "G1 Main Marker" [stack: 0x000000c82f500000,0x000000c82f600000] [id=12336]
  0x0000023422e8d000 ConcurrentGCThread "G1 Conc#0" [stack: 0x000000c82f600000,0x000000c82f700000] [id=1088]
  0x0000023422f1a800 ConcurrentGCThread "G1 Refine#0" [stack: 0x000000c82f700000,0x000000c82f800000] [id=7080]
  0x00000234426f4800 ConcurrentGCThread "G1 Refine#1" [stack: 0x000000c830d00000,0x000000c830e00000] [id=14320]
  0x0000023422f1b800 ConcurrentGCThread "G1 Young RemSet Sampling" [stack: 0x000000c82f800000,0x000000c82f900000] [id=13712]

Threads with active compile tasks:
C2 CompilerThread11527309 22453   !   4       java.io.ObjectOutputStream::writeSerialData (221 bytes)

VM state:not at safepoint (normal execution)

VM Mutex/Monitor currently owned by a thread: None

Heap address: 0x0000000080000000, size: 2048 MB, Compressed Oops mode: 32-bit
Narrow klass base: 0x0000000000000000, Narrow klass shift: 3
Compressed class space size: 1073741824 Address: 0x0000000100000000

Heap:
 garbage-first heap   total 345088K, used 245564K [0x0000000080000000, 0x0000000100000000)
  region size 1024K, 40 young (40960K), 4 survivors (4096K)
 Metaspace       used 118025K, capacity 121394K, committed 121680K, reserved 1155072K
  class space    used 14697K, capacity 15956K, committed 16032K, reserved 1048576K
Heap Regions: E=young(eden), S=young(survivor), O=old, HS=humongous(starts), HC=humongous(continues), CS=collection set, F=free, A=archive, TAMS=top-at-mark-start (previous, next)
|   0|0x0000000080000000, 0x0000000080100000, 0x0000000080100000|100%| O|  |TAMS 0x0000000080100000, 0x0000000080000000| Untracked 
|   1|0x0000000080100000, 0x0000000080200000, 0x0000000080200000|100%| O|  |TAMS 0x0000000080200000, 0x0000000080100000| Untracked 
|   2|0x0000000080200000, 0x0000000080300000, 0x0000000080300000|100%| O|  |TAMS 0x0000000080300000, 0x0000000080200000| Untracked 
|   3|0x0000000080300000, 0x0000000080400000, 0x0000000080400000|100%|HS|  |TAMS 0x0000000080400000, 0x0000000080300000| Complete 
|   4|0x0000000080400000, 0x0000000080500000, 0x0000000080500000|100%|HC|  |TAMS 0x0000000080500000, 0x0000000080400000| Complete 
|   5|0x0000000080500000, 0x0000000080600000, 0x0000000080600000|100%|HC|  |TAMS 0x0000000080600000, 0x0000000080500000| Complete 
|   6|0x0000000080600000, 0x0000000080700000, 0x0000000080700000|100%| O|  |TAMS 0x0000000080700000, 0x0000000080600000| Untracked 
|   7|0x0000000080700000, 0x0000000080800000, 0x0000000080800000|100%| O|  |TAMS 0x0000000080700000, 0x0000000080700000| Untracked 
|   8|0x0000000080800000, 0x0000000080900000, 0x0000000080900000|100%| O|  |TAMS 0x0000000080900000, 0x0000000080800000| Untracked 
|   9|0x0000000080900000, 0x0000000080a00000, 0x0000000080a00000|100%| O|  |TAMS 0x0000000080a00000, 0x0000000080900000| Untracked 
|  10|0x0000000080a00000, 0x0000000080b00000, 0x0000000080b00000|100%| O|  |TAMS 0x0000000080b00000, 0x0000000080a00000| Untracked 
|  11|0x0000000080b00000, 0x0000000080c00000, 0x0000000080c00000|100%| O|  |TAMS 0x0000000080c00000, 0x0000000080b00000| Untracked 
|  12|0x0000000080c00000, 0x0000000080d00000, 0x0000000080d00000|100%| O|  |TAMS 0x0000000080d00000, 0x0000000080c00000| Untracked 
|  13|0x0000000080d00000, 0x0000000080e00000, 0x0000000080e00000|100%| O|  |TAMS 0x0000000080e00000, 0x0000000080d00000| Untracked 
|  14|0x0000000080e00000, 0x0000000080f00000, 0x0000000080f00000|100%| O|  |TAMS 0x0000000080f00000, 0x0000000080e00000| Untracked 
|  15|0x0000000080f00000, 0x0000000081000000, 0x0000000081000000|100%| O|  |TAMS 0x0000000081000000, 0x0000000080f00000| Untracked 
|  16|0x0000000081000000, 0x0000000081100000, 0x0000000081100000|100%| O|  |TAMS 0x0000000081100000, 0x0000000081000000| Untracked 
|  17|0x0000000081100000, 0x0000000081200000, 0x0000000081200000|100%|HS|  |TAMS 0x0000000081200000, 0x0000000081100000| Complete 
|  18|0x0000000081200000, 0x0000000081300000, 0x0000000081300000|100%| O|  |TAMS 0x0000000081300000, 0x0000000081200000| Untracked 
|  19|0x0000000081300000, 0x0000000081400000, 0x0000000081400000|100%| O|  |TAMS 0x0000000081400000, 0x0000000081300000| Untracked 
|  20|0x0000000081400000, 0x0000000081500000, 0x0000000081500000|100%| O|  |TAMS 0x0000000081500000, 0x0000000081400000| Untracked 
|  21|0x0000000081500000, 0x0000000081600000, 0x0000000081600000|100%| O|  |TAMS 0x0000000081600000, 0x0000000081500000| Untracked 
|  22|0x0000000081600000, 0x0000000081700000, 0x0000000081700000|100%| O|  |TAMS 0x0000000081700000, 0x0000000081600000| Untracked 
|  23|0x0000000081700000, 0x0000000081800000, 0x0000000081800000|100%| O|  |TAMS 0x0000000081800000, 0x0000000081700000| Untracked 
|  24|0x0000000081800000, 0x0000000081900000, 0x0000000081900000|100%| O|  |TAMS 0x0000000081900000, 0x0000000081800000| Untracked 
|  25|0x0000000081900000, 0x0000000081a00000, 0x0000000081a00000|100%| O|  |TAMS 0x0000000081a00000, 0x0000000081900000| Untracked 
|  26|0x0000000081a00000, 0x0000000081b00000, 0x0000000081b00000|100%| O|  |TAMS 0x0000000081b00000, 0x0000000081a00000| Untracked 
|  27|0x0000000081b00000, 0x0000000081c00000, 0x0000000081c00000|100%|HS|  |TAMS 0x0000000081c00000, 0x0000000081b00000| Complete 
|  28|0x0000000081c00000, 0x0000000081d00000, 0x0000000081d00000|100%|HS|  |TAMS 0x0000000081d00000, 0x0000000081c00000| Complete 
|  29|0x0000000081d00000, 0x0000000081e00000, 0x0000000081e00000|100%|HC|  |TAMS 0x0000000081e00000, 0x0000000081d00000| Complete 
|  30|0x0000000081e00000, 0x0000000081f00000, 0x0000000081f00000|100%| O|  |TAMS 0x0000000081f00000, 0x0000000081e00000| Untracked 
|  31|0x0000000081f00000, 0x0000000082000000, 0x0000000082000000|100%| O|  |TAMS 0x0000000082000000, 0x0000000081f00000| Untracked 
|  32|0x0000000082000000, 0x0000000082100000, 0x0000000082100000|100%| O|  |TAMS 0x0000000082100000, 0x0000000082000000| Untracked 
|  33|0x0000000082100000, 0x0000000082200000, 0x0000000082200000|100%| O|  |TAMS 0x0000000082200000, 0x0000000082100000| Untracked 
|  34|0x0000000082200000, 0x0000000082300000, 0x0000000082300000|100%| O|  |TAMS 0x0000000082300000, 0x0000000082200000| Untracked 
|  35|0x0000000082300000, 0x0000000082400000, 0x0000000082400000|100%| O|  |TAMS 0x0000000082400000, 0x0000000082300000| Untracked 
|  36|0x0000000082400000, 0x0000000082500000, 0x0000000082500000|100%| O|  |TAMS 0x0000000082500000, 0x0000000082400000| Untracked 
|  37|0x0000000082500000, 0x0000000082600000, 0x0000000082600000|100%| O|  |TAMS 0x0000000082600000, 0x0000000082500000| Untracked 
|  38|0x0000000082600000, 0x0000000082700000, 0x0000000082700000|100%| O|  |TAMS 0x0000000082700000, 0x0000000082600000| Untracked 
|  39|0x0000000082700000, 0x0000000082800000, 0x0000000082800000|100%| O|  |TAMS 0x0000000082800000, 0x0000000082700000| Untracked 
|  40|0x0000000082800000, 0x0000000082900000, 0x0000000082900000|100%| O|  |TAMS 0x0000000082900000, 0x0000000082800000| Untracked 
|  41|0x0000000082900000, 0x0000000082a00000, 0x0000000082a00000|100%| O|  |TAMS 0x0000000082a00000, 0x0000000082900000| Untracked 
|  42|0x0000000082a00000, 0x0000000082b00000, 0x0000000082b00000|100%| O|  |TAMS 0x0000000082b00000, 0x0000000082a00000| Untracked 
|  43|0x0000000082b00000, 0x0000000082c00000, 0x0000000082c00000|100%| O|  |TAMS 0x0000000082c00000, 0x0000000082b00000| Untracked 
|  44|0x0000000082c00000, 0x0000000082d00000, 0x0000000082d00000|100%| O|  |TAMS 0x0000000082d00000, 0x0000000082c00000| Untracked 
|  45|0x0000000082d00000, 0x0000000082e00000, 0x0000000082e00000|100%| O|  |TAMS 0x0000000082e00000, 0x0000000082d00000| Untracked 
|  46|0x0000000082e00000, 0x0000000082f00000, 0x0000000082f00000|100%| O|  |TAMS 0x0000000082f00000, 0x0000000082e00000| Untracked 
|  47|0x0000000082f00000, 0x0000000083000000, 0x0000000083000000|100%| O|  |TAMS 0x0000000083000000, 0x0000000082f00000| Untracked 
|  48|0x0000000083000000, 0x0000000083100000, 0x0000000083100000|100%| O|  |TAMS 0x0000000083100000, 0x0000000083000000| Untracked 
|  49|0x0000000083100000, 0x0000000083200000, 0x0000000083200000|100%| O|  |TAMS 0x0000000083200000, 0x0000000083100000| Untracked 
|  50|0x0000000083200000, 0x0000000083300000, 0x0000000083300000|100%| O|  |TAMS 0x0000000083300000, 0x0000000083200000| Untracked 
|  51|0x0000000083300000, 0x0000000083400000, 0x0000000083400000|100%| O|  |TAMS 0x0000000083400000, 0x0000000083300000| Untracked 
|  52|0x0000000083400000, 0x0000000083500000, 0x0000000083500000|100%| O|  |TAMS 0x0000000083500000, 0x0000000083400000| Untracked 
|  53|0x0000000083500000, 0x0000000083600000, 0x0000000083600000|100%| O|  |TAMS 0x0000000083600000, 0x0000000083500000| Untracked 
|  54|0x0000000083600000, 0x0000000083700000, 0x0000000083700000|100%| O|  |TAMS 0x0000000083700000, 0x0000000083600000| Untracked 
|  55|0x0000000083700000, 0x0000000083800000, 0x0000000083800000|100%| O|  |TAMS 0x0000000083800000, 0x0000000083700000| Untracked 
|  56|0x0000000083800000, 0x0000000083900000, 0x0000000083900000|100%| O|  |TAMS 0x0000000083900000, 0x0000000083800000| Untracked 
|  57|0x0000000083900000, 0x0000000083a00000, 0x0000000083a00000|100%| O|  |TAMS 0x0000000083a00000, 0x0000000083900000| Untracked 
|  58|0x0000000083a00000, 0x0000000083b00000, 0x0000000083b00000|100%| O|  |TAMS 0x0000000083b00000, 0x0000000083a00000| Untracked 
|  59|0x0000000083b00000, 0x0000000083c00000, 0x0000000083c00000|100%| O|  |TAMS 0x0000000083c00000, 0x0000000083b00000| Untracked 
|  60|0x0000000083c00000, 0x0000000083d00000, 0x0000000083d00000|100%| O|  |TAMS 0x0000000083d00000, 0x0000000083c00000| Untracked 
|  61|0x0000000083d00000, 0x0000000083e00000, 0x0000000083e00000|100%| O|  |TAMS 0x0000000083e00000, 0x0000000083d00000| Untracked 
|  62|0x0000000083e00000, 0x0000000083f00000, 0x0000000083f00000|100%| O|  |TAMS 0x0000000083f00000, 0x0000000083e00000| Untracked 
|  63|0x0000000083f00000, 0x0000000084000000, 0x0000000084000000|100%| O|  |TAMS 0x0000000084000000, 0x0000000083f00000| Untracked 
|  64|0x0000000084000000, 0x0000000084100000, 0x0000000084100000|100%| O|  |TAMS 0x0000000084100000, 0x0000000084000000| Untracked 
|  65|0x0000000084100000, 0x0000000084200000, 0x0000000084200000|100%| O|  |TAMS 0x0000000084200000, 0x0000000084100000| Untracked 
|  66|0x0000000084200000, 0x0000000084300000, 0x0000000084300000|100%| O|  |TAMS 0x0000000084300000, 0x0000000084200000| Untracked 
|  67|0x0000000084300000, 0x0000000084400000, 0x0000000084400000|100%| O|  |TAMS 0x0000000084400000, 0x0000000084300000| Untracked 
|  68|0x0000000084400000, 0x0000000084500000, 0x0000000084500000|100%| O|  |TAMS 0x0000000084500000, 0x0000000084400000| Untracked 
|  69|0x0000000084500000, 0x0000000084600000, 0x0000000084600000|100%| O|  |TAMS 0x0000000084600000, 0x0000000084500000| Untracked 
|  70|0x0000000084600000, 0x0000000084700000, 0x0000000084700000|100%| O|  |TAMS 0x0000000084600000, 0x0000000084600000| Untracked 
|  71|0x0000000084700000, 0x0000000084800000, 0x0000000084800000|100%| O|  |TAMS 0x0000000084800000, 0x0000000084700000| Untracked 
|  72|0x0000000084800000, 0x0000000084900000, 0x0000000084900000|100%| O|  |TAMS 0x0000000084900000, 0x0000000084800000| Untracked 
|  73|0x0000000084900000, 0x0000000084a00000, 0x0000000084a00000|100%| O|  |TAMS 0x0000000084a00000, 0x0000000084900000| Untracked 
|  74|0x0000000084a00000, 0x0000000084b00000, 0x0000000084b00000|100%| O|  |TAMS 0x0000000084a7f600, 0x0000000084a00000| Untracked 
|  75|0x0000000084b00000, 0x0000000084c00000, 0x0000000084c00000|100%| O|  |TAMS 0x0000000084b00000, 0x0000000084b00000| Untracked 
|  76|0x0000000084c00000, 0x0000000084d00000, 0x0000000084d00000|100%| O|  |TAMS 0x0000000084d00000, 0x0000000084c00000| Untracked 
|  77|0x0000000084d00000, 0x0000000084e00000, 0x0000000084e00000|100%| O|  |TAMS 0x0000000084e00000, 0x0000000084d00000| Untracked 
|  78|0x0000000084e00000, 0x0000000084f00000, 0x0000000084f00000|100%| O|  |TAMS 0x0000000084f00000, 0x0000000084e00000| Untracked 
|  79|0x0000000084f00000, 0x0000000085000000, 0x0000000085000000|100%| O|  |TAMS 0x0000000085000000, 0x0000000084f00000| Untracked 
|  80|0x0000000085000000, 0x0000000085100000, 0x0000000085100000|100%| O|  |TAMS 0x0000000085100000, 0x0000000085000000| Untracked 
|  81|0x0000000085100000, 0x0000000085200000, 0x0000000085200000|100%| O|  |TAMS 0x0000000085200000, 0x0000000085100000| Untracked 
|  82|0x0000000085200000, 0x0000000085300000, 0x0000000085300000|100%| O|  |TAMS 0x0000000085300000, 0x0000000085200000| Untracked 
|  83|0x0000000085300000, 0x0000000085400000, 0x0000000085400000|100%| O|  |TAMS 0x0000000085400000, 0x0000000085300000| Untracked 
|  84|0x0000000085400000, 0x0000000085500000, 0x0000000085500000|100%| O|  |TAMS 0x0000000085500000, 0x0000000085400000| Untracked 
|  85|0x0000000085500000, 0x0000000085600000, 0x0000000085600000|100%| O|  |TAMS 0x0000000085600000, 0x0000000085500000| Untracked 
|  86|0x0000000085600000, 0x0000000085700000, 0x0000000085700000|100%| O|  |TAMS 0x0000000085700000, 0x0000000085600000| Untracked 
|  87|0x0000000085700000, 0x0000000085800000, 0x0000000085800000|100%| O|  |TAMS 0x0000000085800000, 0x0000000085700000| Untracked 
|  88|0x0000000085800000, 0x0000000085900000, 0x0000000085900000|100%| O|  |TAMS 0x0000000085900000, 0x0000000085800000| Untracked 
|  89|0x0000000085900000, 0x0000000085a00000, 0x0000000085a00000|100%| O|  |TAMS 0x0000000085a00000, 0x0000000085900000| Untracked 
|  90|0x0000000085a00000, 0x0000000085b00000, 0x0000000085b00000|100%| O|  |TAMS 0x0000000085b00000, 0x0000000085a00000| Untracked 
|  91|0x0000000085b00000, 0x0000000085c00000, 0x0000000085c00000|100%| O|  |TAMS 0x0000000085c00000, 0x0000000085b00000| Untracked 
|  92|0x0000000085c00000, 0x0000000085d00000, 0x0000000085d00000|100%| O|  |TAMS 0x0000000085d00000, 0x0000000085c00000| Untracked 
|  93|0x0000000085d00000, 0x0000000085e00000, 0x0000000085e00000|100%| O|  |TAMS 0x0000000085e00000, 0x0000000085d00000| Untracked 
|  94|0x0000000085e00000, 0x0000000085f00000, 0x0000000085f00000|100%| O|  |TAMS 0x0000000085f00000, 0x0000000085e00000| Untracked 
|  95|0x0000000085f00000, 0x0000000086000000, 0x0000000086000000|100%| O|  |TAMS 0x0000000086000000, 0x0000000085f00000| Untracked 
|  96|0x0000000086000000, 0x0000000086100000, 0x0000000086100000|100%| O|  |TAMS 0x0000000086100000, 0x0000000086000000| Untracked 
|  97|0x0000000086100000, 0x0000000086200000, 0x0000000086200000|100%| O|  |TAMS 0x0000000086200000, 0x0000000086100000| Untracked 
|  98|0x0000000086200000, 0x0000000086300000, 0x0000000086300000|100%| O|  |TAMS 0x0000000086300000, 0x0000000086200000| Untracked 
|  99|0x0000000086300000, 0x0000000086400000, 0x0000000086400000|100%| O|  |TAMS 0x0000000086400000, 0x0000000086300000| Untracked 
| 100|0x0000000086400000, 0x0000000086500000, 0x0000000086500000|100%| O|  |TAMS 0x0000000086500000, 0x0000000086400000| Untracked 
| 101|0x0000000086500000, 0x0000000086600000, 0x0000000086600000|100%| O|  |TAMS 0x0000000086600000, 0x0000000086500000| Untracked 
| 102|0x0000000086600000, 0x0000000086700000, 0x0000000086700000|100%| O|  |TAMS 0x0000000086600000, 0x0000000086600000| Untracked 
| 103|0x0000000086700000, 0x0000000086800000, 0x0000000086800000|100%| O|  |TAMS 0x0000000086700000, 0x0000000086700000| Untracked 
| 104|0x0000000086800000, 0x0000000086900000, 0x0000000086900000|100%| O|  |TAMS 0x0000000086800000, 0x0000000086800000| Untracked 
| 105|0x0000000086900000, 0x0000000086a00000, 0x0000000086a00000|100%| O|  |TAMS 0x0000000086900000, 0x0000000086900000| Untracked 
| 106|0x0000000086a00000, 0x0000000086b00000, 0x0000000086b00000|100%| O|  |TAMS 0x0000000086a00000, 0x0000000086a00000| Untracked 
| 107|0x0000000086b00000, 0x0000000086c00000, 0x0000000086c00000|100%| O|  |TAMS 0x0000000086b00000, 0x0000000086b00000| Untracked 
| 108|0x0000000086c00000, 0x0000000086d00000, 0x0000000086d00000|100%| O|  |TAMS 0x0000000086c00000, 0x0000000086c00000| Untracked 
| 109|0x0000000086d00000, 0x0000000086e00000, 0x0000000086e00000|100%| O|  |TAMS 0x0000000086d00000, 0x0000000086d00000| Untracked 
| 110|0x0000000086e00000, 0x0000000086f00000, 0x0000000086f00000|100%| O|  |TAMS 0x0000000086e00000, 0x0000000086e00000| Untracked 
| 111|0x0000000086f00000, 0x0000000087000000, 0x0000000087000000|100%| O|  |TAMS 0x0000000086f00000, 0x0000000086f00000| Untracked 
| 112|0x0000000087000000, 0x0000000087100000, 0x0000000087100000|100%| O|  |TAMS 0x0000000087000000, 0x0000000087000000| Untracked 
| 113|0x0000000087100000, 0x0000000087200000, 0x0000000087200000|100%| O|  |TAMS 0x0000000087100000, 0x0000000087100000| Untracked 
| 114|0x0000000087200000, 0x0000000087300000, 0x0000000087300000|100%| O|  |TAMS 0x0000000087200000, 0x0000000087200000| Untracked 
| 115|0x0000000087300000, 0x0000000087400000, 0x0000000087400000|100%| O|  |TAMS 0x0000000087300000, 0x0000000087300000| Untracked 
| 116|0x0000000087400000, 0x0000000087500000, 0x0000000087500000|100%| O|  |TAMS 0x0000000087400000, 0x0000000087400000| Untracked 
| 117|0x0000000087500000, 0x0000000087600000, 0x0000000087600000|100%| O|  |TAMS 0x0000000087500000, 0x0000000087500000| Untracked 
| 118|0x0000000087600000, 0x0000000087700000, 0x0000000087700000|100%| O|  |TAMS 0x0000000087600000, 0x0000000087600000| Untracked 
| 119|0x0000000087700000, 0x0000000087800000, 0x0000000087800000|100%| O|  |TAMS 0x0000000087700000, 0x0000000087700000| Untracked 
| 120|0x0000000087800000, 0x0000000087900000, 0x0000000087900000|100%| O|  |TAMS 0x0000000087800000, 0x0000000087800000| Untracked 
| 121|0x0000000087900000, 0x0000000087a00000, 0x0000000087a00000|100%| O|  |TAMS 0x0000000087900000, 0x0000000087900000| Untracked 
| 122|0x0000000087a00000, 0x0000000087b00000, 0x0000000087b00000|100%| O|  |TAMS 0x0000000087a00000, 0x0000000087a00000| Untracked 
| 123|0x0000000087b00000, 0x0000000087c00000, 0x0000000087c00000|100%| O|  |TAMS 0x0000000087b00000, 0x0000000087b00000| Untracked 
| 124|0x0000000087c00000, 0x0000000087d00000, 0x0000000087d00000|100%| O|  |TAMS 0x0000000087c00000, 0x0000000087c00000| Untracked 
| 125|0x0000000087d00000, 0x0000000087e00000, 0x0000000087e00000|100%| O|  |TAMS 0x0000000087d00000, 0x0000000087d00000| Untracked 
| 126|0x0000000087e00000, 0x0000000087f00000, 0x0000000087f00000|100%| O|  |TAMS 0x0000000087e00000, 0x0000000087e00000| Untracked 
| 127|0x0000000087f00000, 0x0000000088000000, 0x0000000088000000|100%| O|  |TAMS 0x0000000087f00000, 0x0000000087f00000| Untracked 
| 128|0x0000000088000000, 0x0000000088100000, 0x0000000088100000|100%| O|  |TAMS 0x0000000088000000, 0x0000000088000000| Untracked 
| 129|0x0000000088100000, 0x0000000088200000, 0x0000000088200000|100%| O|  |TAMS 0x0000000088100000, 0x0000000088100000| Untracked 
| 130|0x0000000088200000, 0x0000000088300000, 0x0000000088300000|100%| O|  |TAMS 0x0000000088200000, 0x0000000088200000| Untracked 
| 131|0x0000000088300000, 0x0000000088400000, 0x0000000088400000|100%| O|  |TAMS 0x0000000088300000, 0x0000000088300000| Untracked 
| 132|0x0000000088400000, 0x0000000088500000, 0x0000000088500000|100%| O|  |TAMS 0x0000000088400000, 0x0000000088400000| Untracked 
| 133|0x0000000088500000, 0x0000000088600000, 0x0000000088600000|100%| O|  |TAMS 0x0000000088500000, 0x0000000088500000| Untracked 
| 134|0x0000000088600000, 0x0000000088700000, 0x0000000088700000|100%| O|  |TAMS 0x0000000088600000, 0x0000000088600000| Untracked 
| 135|0x0000000088700000, 0x0000000088800000, 0x0000000088800000|100%| O|  |TAMS 0x0000000088700000, 0x0000000088700000| Untracked 
| 136|0x0000000088800000, 0x0000000088900000, 0x0000000088900000|100%| O|  |TAMS 0x0000000088800000, 0x0000000088800000| Untracked 
| 137|0x0000000088900000, 0x0000000088a00000, 0x0000000088a00000|100%| O|  |TAMS 0x0000000088900000, 0x0000000088900000| Untracked 
| 138|0x0000000088a00000, 0x0000000088b00000, 0x0000000088b00000|100%| O|  |TAMS 0x0000000088a00000, 0x0000000088a00000| Untracked 
| 139|0x0000000088b00000, 0x0000000088c00000, 0x0000000088c00000|100%| O|  |TAMS 0x0000000088b00000, 0x0000000088b00000| Untracked 
| 140|0x0000000088c00000, 0x0000000088d00000, 0x0000000088d00000|100%| O|  |TAMS 0x0000000088c00000, 0x0000000088c00000| Untracked 
| 141|0x0000000088d00000, 0x0000000088e00000, 0x0000000088e00000|100%| O|  |TAMS 0x0000000088d00000, 0x0000000088d00000| Untracked 
| 142|0x0000000088e00000, 0x0000000088f00000, 0x0000000088f00000|100%| O|  |TAMS 0x0000000088e00000, 0x0000000088e00000| Untracked 
| 143|0x0000000088f00000, 0x0000000089000000, 0x0000000089000000|100%| O|  |TAMS 0x0000000088f00000, 0x0000000088f00000| Untracked 
| 144|0x0000000089000000, 0x0000000089100000, 0x0000000089100000|100%| O|  |TAMS 0x0000000089000000, 0x0000000089000000| Untracked 
| 145|0x0000000089100000, 0x0000000089200000, 0x0000000089200000|100%| O|  |TAMS 0x0000000089100000, 0x0000000089100000| Untracked 
| 146|0x0000000089200000, 0x0000000089300000, 0x0000000089300000|100%| O|  |TAMS 0x0000000089200000, 0x0000000089200000| Untracked 
| 147|0x0000000089300000, 0x0000000089400000, 0x0000000089400000|100%|HS|  |TAMS 0x0000000089300000, 0x0000000089300000| Complete 
| 148|0x0000000089400000, 0x0000000089500000, 0x0000000089500000|100%|HS|  |TAMS 0x0000000089400000, 0x0000000089400000| Complete 
| 149|0x0000000089500000, 0x0000000089600000, 0x0000000089600000|100%|HS|  |TAMS 0x0000000089500000, 0x0000000089500000| Complete 
| 150|0x0000000089600000, 0x0000000089700000, 0x0000000089700000|100%|HS|  |TAMS 0x0000000089600000, 0x0000000089600000| Complete 
| 151|0x0000000089700000, 0x0000000089800000, 0x0000000089800000|100%|HS|  |TAMS 0x0000000089700000, 0x0000000089700000| Complete 
| 152|0x0000000089800000, 0x0000000089900000, 0x0000000089900000|100%|HS|  |TAMS 0x0000000089800000, 0x0000000089800000| Complete 
| 153|0x0000000089900000, 0x0000000089a00000, 0x0000000089a00000|100%|HC|  |TAMS 0x0000000089900000, 0x0000000089900000| Complete 
| 154|0x0000000089a00000, 0x0000000089a00000, 0x0000000089b00000|  0%| F|  |TAMS 0x0000000089a00000, 0x0000000089a00000| Untracked 
| 155|0x0000000089b00000, 0x0000000089b00000, 0x0000000089c00000|  0%| F|  |TAMS 0x0000000089b00000, 0x0000000089b00000| Untracked 
| 156|0x0000000089c00000, 0x0000000089c00000, 0x0000000089d00000|  0%| F|  |TAMS 0x0000000089c00000, 0x0000000089c00000| Untracked 
| 157|0x0000000089d00000, 0x0000000089d00000, 0x0000000089e00000|  0%| F|  |TAMS 0x0000000089d00000, 0x0000000089d00000| Untracked 
| 158|0x0000000089e00000, 0x0000000089f00000, 0x0000000089f00000|100%| O|  |TAMS 0x0000000089e00000, 0x0000000089e00000| Untracked 
| 159|0x0000000089f00000, 0x000000008a000000, 0x000000008a000000|100%| O|  |TAMS 0x0000000089f00000, 0x0000000089f00000| Untracked 
| 160|0x000000008a000000, 0x000000008a100000, 0x000000008a100000|100%| O|  |TAMS 0x000000008a000000, 0x000000008a000000| Untracked 
| 161|0x000000008a100000, 0x000000008a200000, 0x000000008a200000|100%| O|  |TAMS 0x000000008a100000, 0x000000008a100000| Untracked 
| 162|0x000000008a200000, 0x000000008a300000, 0x000000008a300000|100%| O|  |TAMS 0x000000008a200000, 0x000000008a200000| Untracked 
| 163|0x000000008a300000, 0x000000008a400000, 0x000000008a400000|100%| O|  |TAMS 0x000000008a300000, 0x000000008a300000| Untracked 
| 164|0x000000008a400000, 0x000000008a500000, 0x000000008a500000|100%| O|  |TAMS 0x000000008a400000, 0x000000008a400000| Untracked 
| 165|0x000000008a500000, 0x000000008a600000, 0x000000008a600000|100%| O|  |TAMS 0x000000008a500000, 0x000000008a500000| Untracked 
| 166|0x000000008a600000, 0x000000008a700000, 0x000000008a700000|100%| O|  |TAMS 0x000000008a600000, 0x000000008a600000| Untracked 
| 167|0x000000008a700000, 0x000000008a800000, 0x000000008a800000|100%| O|  |TAMS 0x000000008a700000, 0x000000008a700000| Untracked 
| 168|0x000000008a800000, 0x000000008a900000, 0x000000008a900000|100%| O|  |TAMS 0x000000008a800000, 0x000000008a800000| Untracked 
| 169|0x000000008a900000, 0x000000008aa00000, 0x000000008aa00000|100%| O|  |TAMS 0x000000008a900000, 0x000000008a900000| Untracked 
| 170|0x000000008aa00000, 0x000000008ab00000, 0x000000008ab00000|100%| O|  |TAMS 0x000000008aa00000, 0x000000008aa00000| Untracked 
| 171|0x000000008ab00000, 0x000000008ac00000, 0x000000008ac00000|100%|HS|  |TAMS 0x000000008ab00000, 0x000000008ab00000| Complete 
| 172|0x000000008ac00000, 0x000000008ac00000, 0x000000008ad00000|  0%| F|  |TAMS 0x000000008ac00000, 0x000000008ac00000| Untracked 
| 173|0x000000008ad00000, 0x000000008ad00000, 0x000000008ae00000|  0%| F|  |TAMS 0x000000008ad00000, 0x000000008ad00000| Untracked 
| 174|0x000000008ae00000, 0x000000008ae00000, 0x000000008af00000|  0%| F|  |TAMS 0x000000008ae00000, 0x000000008ae00000| Untracked 
| 175|0x000000008af00000, 0x000000008af00000, 0x000000008b000000|  0%| F|  |TAMS 0x000000008af00000, 0x000000008af00000| Untracked 
| 176|0x000000008b000000, 0x000000008b000000, 0x000000008b100000|  0%| F|  |TAMS 0x000000008b000000, 0x000000008b000000| Untracked 
| 177|0x000000008b100000, 0x000000008b100000, 0x000000008b200000|  0%| F|  |TAMS 0x000000008b100000, 0x000000008b100000| Untracked 
| 178|0x000000008b200000, 0x000000008b300000, 0x000000008b300000|100%| O|  |TAMS 0x000000008b200000, 0x000000008b200000| Untracked 
| 179|0x000000008b300000, 0x000000008b400000, 0x000000008b400000|100%| O|  |TAMS 0x000000008b300000, 0x000000008b300000| Untracked 
| 180|0x000000008b400000, 0x000000008b500000, 0x000000008b500000|100%| O|  |TAMS 0x000000008b400000, 0x000000008b400000| Untracked 
| 181|0x000000008b500000, 0x000000008b600000, 0x000000008b600000|100%| O|  |TAMS 0x000000008b500000, 0x000000008b500000| Untracked 
| 182|0x000000008b600000, 0x000000008b700000, 0x000000008b700000|100%| O|  |TAMS 0x000000008b600000, 0x000000008b600000| Untracked 
| 183|0x000000008b700000, 0x000000008b800000, 0x000000008b800000|100%| O|  |TAMS 0x000000008b700000, 0x000000008b700000| Untracked 
| 184|0x000000008b800000, 0x000000008b800000, 0x000000008b900000|  0%| F|  |TAMS 0x000000008b800000, 0x000000008b800000| Untracked 
| 185|0x000000008b900000, 0x000000008b900000, 0x000000008ba00000|  0%| F|  |TAMS 0x000000008b900000, 0x000000008b900000| Untracked 
| 186|0x000000008ba00000, 0x000000008bb00000, 0x000000008bb00000|100%| O|  |TAMS 0x000000008ba00000, 0x000000008ba00000| Untracked 
| 187|0x000000008bb00000, 0x000000008bb00000, 0x000000008bc00000|  0%| F|  |TAMS 0x000000008bb00000, 0x000000008bb00000| Untracked 
| 188|0x000000008bc00000, 0x000000008bc00000, 0x000000008bd00000|  0%| F|  |TAMS 0x000000008bc00000, 0x000000008bc00000| Untracked 
| 189|0x000000008bd00000, 0x000000008be00000, 0x000000008be00000|100%| O|  |TAMS 0x000000008bd00000, 0x000000008bd00000| Untracked 
| 190|0x000000008be00000, 0x000000008bf00000, 0x000000008bf00000|100%| O|  |TAMS 0x000000008be00000, 0x000000008be00000| Untracked 
| 191|0x000000008bf00000, 0x000000008c000000, 0x000000008c000000|100%| O|  |TAMS 0x000000008bf00000, 0x000000008bf00000| Untracked 
| 192|0x000000008c000000, 0x000000008c100000, 0x000000008c100000|100%| O|  |TAMS 0x000000008c000000, 0x000000008c000000| Untracked 
| 193|0x000000008c100000, 0x000000008c200000, 0x000000008c200000|100%| O|  |TAMS 0x000000008c100000, 0x000000008c100000| Untracked 
| 194|0x000000008c200000, 0x000000008c300000, 0x000000008c300000|100%| O|  |TAMS 0x000000008c200000, 0x000000008c200000| Untracked 
| 195|0x000000008c300000, 0x000000008c400000, 0x000000008c400000|100%| O|  |TAMS 0x000000008c300000, 0x000000008c300000| Untracked 
| 196|0x000000008c400000, 0x000000008c500000, 0x000000008c500000|100%| O|  |TAMS 0x000000008c400000, 0x000000008c400000| Untracked 
| 197|0x000000008c500000, 0x000000008c600000, 0x000000008c600000|100%| O|  |TAMS 0x000000008c500000, 0x000000008c500000| Untracked 
| 198|0x000000008c600000, 0x000000008c700000, 0x000000008c700000|100%| O|  |TAMS 0x000000008c600000, 0x000000008c600000| Untracked 
| 199|0x000000008c700000, 0x000000008c800000, 0x000000008c800000|100%| O|  |TAMS 0x000000008c700000, 0x000000008c700000| Untracked 
| 200|0x000000008c800000, 0x000000008c800000, 0x000000008c900000|  0%| F|  |TAMS 0x000000008c800000, 0x000000008c800000| Untracked 
| 201|0x000000008c900000, 0x000000008c900000, 0x000000008ca00000|  0%| F|  |TAMS 0x000000008c900000, 0x000000008c900000| Untracked 
| 202|0x000000008ca00000, 0x000000008ca00000, 0x000000008cb00000|  0%| F|  |TAMS 0x000000008ca00000, 0x000000008ca00000| Untracked 
| 203|0x000000008cb00000, 0x000000008cb00000, 0x000000008cc00000|  0%| F|  |TAMS 0x000000008cb00000, 0x000000008cb00000| Untracked 
| 204|0x000000008cc00000, 0x000000008cc00000, 0x000000008cd00000|  0%| F|  |TAMS 0x000000008cc00000, 0x000000008cc00000| Untracked 
| 205|0x000000008cd00000, 0x000000008cd00000, 0x000000008ce00000|  0%| F|  |TAMS 0x000000008cd00000, 0x000000008cd00000| Untracked 
| 206|0x000000008ce00000, 0x000000008ce00000, 0x000000008cf00000|  0%| F|  |TAMS 0x000000008ce00000, 0x000000008ce00000| Untracked 
| 207|0x000000008cf00000, 0x000000008cf00000, 0x000000008d000000|  0%| F|  |TAMS 0x000000008cf00000, 0x000000008cf00000| Untracked 
| 208|0x000000008d000000, 0x000000008d000000, 0x000000008d100000|  0%| F|  |TAMS 0x000000008d000000, 0x000000008d000000| Untracked 
| 209|0x000000008d100000, 0x000000008d100000, 0x000000008d200000|  0%| F|  |TAMS 0x000000008d100000, 0x000000008d100000| Untracked 
| 210|0x000000008d200000, 0x000000008d200000, 0x000000008d300000|  0%| F|  |TAMS 0x000000008d200000, 0x000000008d200000| Untracked 
| 211|0x000000008d300000, 0x000000008d300000, 0x000000008d400000|  0%| F|  |TAMS 0x000000008d300000, 0x000000008d300000| Untracked 
| 212|0x000000008d400000, 0x000000008d400000, 0x000000008d500000|  0%| F|  |TAMS 0x000000008d400000, 0x000000008d400000| Untracked 
| 213|0x000000008d500000, 0x000000008d500000, 0x000000008d600000|  0%| F|  |TAMS 0x000000008d500000, 0x000000008d500000| Untracked 
| 214|0x000000008d600000, 0x000000008d600000, 0x000000008d700000|  0%| F|  |TAMS 0x000000008d600000, 0x000000008d600000| Untracked 
| 215|0x000000008d700000, 0x000000008d700000, 0x000000008d800000|  0%| F|  |TAMS 0x000000008d700000, 0x000000008d700000| Untracked 
| 216|0x000000008d800000, 0x000000008d800000, 0x000000008d900000|  0%| F|  |TAMS 0x000000008d800000, 0x000000008d800000| Untracked 
| 217|0x000000008d900000, 0x000000008d900000, 0x000000008da00000|  0%| F|  |TAMS 0x000000008d900000, 0x000000008d900000| Untracked 
| 218|0x000000008da00000, 0x000000008da00000, 0x000000008db00000|  0%| F|  |TAMS 0x000000008da00000, 0x000000008da00000| Untracked 
| 219|0x000000008db00000, 0x000000008db00000, 0x000000008dc00000|  0%| F|  |TAMS 0x000000008db00000, 0x000000008db00000| Untracked 
| 220|0x000000008dc00000, 0x000000008dc00000, 0x000000008dd00000|  0%| F|  |TAMS 0x000000008dc00000, 0x000000008dc00000| Untracked 
| 221|0x000000008dd00000, 0x000000008dd00000, 0x000000008de00000|  0%| F|  |TAMS 0x000000008dd00000, 0x000000008dd00000| Untracked 
| 222|0x000000008de00000, 0x000000008de00000, 0x000000008df00000|  0%| F|  |TAMS 0x000000008de00000, 0x000000008de00000| Untracked 
| 223|0x000000008df00000, 0x000000008df00000, 0x000000008e000000|  0%| F|  |TAMS 0x000000008df00000, 0x000000008df00000| Untracked 
| 224|0x000000008e000000, 0x000000008e000000, 0x000000008e100000|  0%| F|  |TAMS 0x000000008e000000, 0x000000008e000000| Untracked 
| 225|0x000000008e100000, 0x000000008e100000, 0x000000008e200000|  0%| F|  |TAMS 0x000000008e100000, 0x000000008e100000| Untracked 
| 226|0x000000008e200000, 0x000000008e200000, 0x000000008e300000|  0%| F|  |TAMS 0x000000008e200000, 0x000000008e200000| Untracked 
| 227|0x000000008e300000, 0x000000008e300000, 0x000000008e400000|  0%| F|  |TAMS 0x000000008e300000, 0x000000008e300000| Untracked 
| 228|0x000000008e400000, 0x000000008e400000, 0x000000008e500000|  0%| F|  |TAMS 0x000000008e400000, 0x000000008e400000| Untracked 
| 229|0x000000008e500000, 0x000000008e500000, 0x000000008e600000|  0%| F|  |TAMS 0x000000008e500000, 0x000000008e500000| Untracked 
| 230|0x000000008e600000, 0x000000008e600000, 0x000000008e700000|  0%| F|  |TAMS 0x000000008e600000, 0x000000008e600000| Untracked 
| 231|0x000000008e700000, 0x000000008e700000, 0x000000008e800000|  0%| F|  |TAMS 0x000000008e700000, 0x000000008e700000| Untracked 
| 232|0x000000008e800000, 0x000000008e800000, 0x000000008e900000|  0%| F|  |TAMS 0x000000008e800000, 0x000000008e800000| Untracked 
| 233|0x000000008e900000, 0x000000008e900000, 0x000000008ea00000|  0%| F|  |TAMS 0x000000008e900000, 0x000000008e900000| Untracked 
| 234|0x000000008ea00000, 0x000000008ea00000, 0x000000008eb00000|  0%| F|  |TAMS 0x000000008ea00000, 0x000000008ea00000| Untracked 
| 235|0x000000008eb00000, 0x000000008eb00000, 0x000000008ec00000|  0%| F|  |TAMS 0x000000008eb00000, 0x000000008eb00000| Untracked 
| 236|0x000000008ec00000, 0x000000008ec00000, 0x000000008ed00000|  0%| F|  |TAMS 0x000000008ec00000, 0x000000008ec00000| Untracked 
| 237|0x000000008ed00000, 0x000000008ed00000, 0x000000008ee00000|  0%| F|  |TAMS 0x000000008ed00000, 0x000000008ed00000| Untracked 
| 238|0x000000008ee00000, 0x000000008ee00000, 0x000000008ef00000|  0%| F|  |TAMS 0x000000008ee00000, 0x000000008ee00000| Untracked 
| 239|0x000000008ef00000, 0x000000008ef00000, 0x000000008f000000|  0%| F|  |TAMS 0x000000008ef00000, 0x000000008ef00000| Untracked 
| 240|0x000000008f000000, 0x000000008f000000, 0x000000008f100000|  0%| F|  |TAMS 0x000000008f000000, 0x000000008f000000| Untracked 
| 241|0x000000008f100000, 0x000000008f100000, 0x000000008f200000|  0%| F|  |TAMS 0x000000008f100000, 0x000000008f100000| Untracked 
| 242|0x000000008f200000, 0x000000008f200000, 0x000000008f300000|  0%| F|  |TAMS 0x000000008f200000, 0x000000008f200000| Untracked 
| 243|0x000000008f300000, 0x000000008f300000, 0x000000008f400000|  0%| F|  |TAMS 0x000000008f300000, 0x000000008f300000| Untracked 
| 244|0x000000008f400000, 0x000000008f400000, 0x000000008f500000|  0%| F|  |TAMS 0x000000008f400000, 0x000000008f400000| Untracked 
| 245|0x000000008f500000, 0x000000008f500000, 0x000000008f600000|  0%| F|  |TAMS 0x000000008f500000, 0x000000008f500000| Untracked 
| 246|0x000000008f600000, 0x000000008f600000, 0x000000008f700000|  0%| F|  |TAMS 0x000000008f600000, 0x000000008f600000| Untracked 
| 247|0x000000008f700000, 0x000000008f700000, 0x000000008f800000|  0%| F|  |TAMS 0x000000008f700000, 0x000000008f700000| Untracked 
| 248|0x000000008f800000, 0x000000008f800000, 0x000000008f900000|  0%| F|  |TAMS 0x000000008f800000, 0x000000008f800000| Untracked 
| 249|0x000000008f900000, 0x000000008f900000, 0x000000008fa00000|  0%| F|  |TAMS 0x000000008f900000, 0x000000008f900000| Untracked 
| 250|0x000000008fa00000, 0x000000008fa00000, 0x000000008fb00000|  0%| F|  |TAMS 0x000000008fa00000, 0x000000008fa00000| Untracked 
| 251|0x000000008fb00000, 0x000000008fb00000, 0x000000008fc00000|  0%| F|  |TAMS 0x000000008fb00000, 0x000000008fb00000| Untracked 
| 252|0x000000008fc00000, 0x000000008fccf2d0, 0x000000008fd00000| 80%| S|CS|TAMS 0x000000008fc00000, 0x000000008fc00000| Complete 
| 253|0x000000008fd00000, 0x000000008fe00000, 0x000000008fe00000|100%| S|CS|TAMS 0x000000008fd00000, 0x000000008fd00000| Complete 
| 254|0x000000008fe00000, 0x000000008ff00000, 0x000000008ff00000|100%| S|CS|TAMS 0x000000008fe00000, 0x000000008fe00000| Complete 
| 255|0x000000008ff00000, 0x0000000090000000, 0x0000000090000000|100%| S|CS|TAMS 0x000000008ff00000, 0x000000008ff00000| Complete 
| 256|0x0000000090000000, 0x0000000090000000, 0x0000000090100000|  0%| F|  |TAMS 0x0000000090000000, 0x0000000090000000| Untracked 
| 257|0x0000000090100000, 0x0000000090100000, 0x0000000090200000|  0%| F|  |TAMS 0x0000000090100000, 0x0000000090100000| Untracked 
| 258|0x0000000090200000, 0x0000000090200000, 0x0000000090300000|  0%| F|  |TAMS 0x0000000090200000, 0x0000000090200000| Untracked 
| 259|0x0000000090300000, 0x0000000090300000, 0x0000000090400000|  0%| F|  |TAMS 0x0000000090300000, 0x0000000090300000| Untracked 
| 260|0x0000000090400000, 0x0000000090400000, 0x0000000090500000|  0%| F|  |TAMS 0x0000000090400000, 0x0000000090400000| Untracked 
| 261|0x0000000090500000, 0x0000000090500000, 0x0000000090600000|  0%| F|  |TAMS 0x0000000090500000, 0x0000000090500000| Untracked 
| 262|0x0000000090600000, 0x0000000090600000, 0x0000000090700000|  0%| F|  |TAMS 0x0000000090600000, 0x0000000090600000| Untracked 
| 263|0x0000000090700000, 0x0000000090700000, 0x0000000090800000|  0%| F|  |TAMS 0x0000000090700000, 0x0000000090700000| Untracked 
| 264|0x0000000090800000, 0x0000000090800000, 0x0000000090900000|  0%| F|  |TAMS 0x0000000090800000, 0x0000000090800000| Untracked 
| 265|0x0000000090900000, 0x0000000090900000, 0x0000000090a00000|  0%| F|  |TAMS 0x0000000090900000, 0x0000000090900000| Untracked 
| 266|0x0000000090a00000, 0x0000000090a00000, 0x0000000090b00000|  0%| F|  |TAMS 0x0000000090a00000, 0x0000000090a00000| Untracked 
| 267|0x0000000090b00000, 0x0000000090b00000, 0x0000000090c00000|  0%| F|  |TAMS 0x0000000090b00000, 0x0000000090b00000| Untracked 
| 268|0x0000000090c00000, 0x0000000090c00000, 0x0000000090d00000|  0%| F|  |TAMS 0x0000000090c00000, 0x0000000090c00000| Untracked 
| 269|0x0000000090d00000, 0x0000000090d00000, 0x0000000090e00000|  0%| F|  |TAMS 0x0000000090d00000, 0x0000000090d00000| Untracked 
| 270|0x0000000090e00000, 0x0000000090e00000, 0x0000000090f00000|  0%| F|  |TAMS 0x0000000090e00000, 0x0000000090e00000| Untracked 
| 271|0x0000000090f00000, 0x0000000090f00000, 0x0000000091000000|  0%| F|  |TAMS 0x0000000090f00000, 0x0000000090f00000| Untracked 
| 272|0x0000000091000000, 0x0000000091000000, 0x0000000091100000|  0%| F|  |TAMS 0x0000000091000000, 0x0000000091000000| Untracked 
| 273|0x0000000091100000, 0x0000000091100000, 0x0000000091200000|  0%| F|  |TAMS 0x0000000091100000, 0x0000000091100000| Untracked 
| 274|0x0000000091200000, 0x0000000091200000, 0x0000000091300000|  0%| F|  |TAMS 0x0000000091200000, 0x0000000091200000| Untracked 
| 275|0x0000000091300000, 0x0000000091300000, 0x0000000091400000|  0%| F|  |TAMS 0x0000000091300000, 0x0000000091300000| Untracked 
| 276|0x0000000091400000, 0x0000000091400000, 0x0000000091500000|  0%| F|  |TAMS 0x0000000091400000, 0x0000000091400000| Untracked 
| 277|0x0000000091500000, 0x0000000091500000, 0x0000000091600000|  0%| F|  |TAMS 0x0000000091500000, 0x0000000091500000| Untracked 
| 278|0x0000000091600000, 0x0000000091600000, 0x0000000091700000|  0%| F|  |TAMS 0x0000000091600000, 0x0000000091600000| Untracked 
| 279|0x0000000091700000, 0x0000000091700000, 0x0000000091800000|  0%| F|  |TAMS 0x0000000091700000, 0x0000000091700000| Untracked 
| 280|0x0000000091800000, 0x0000000091800000, 0x0000000091900000|  0%| F|  |TAMS 0x0000000091800000, 0x0000000091800000| Untracked 
| 281|0x0000000091900000, 0x0000000091900000, 0x0000000091a00000|  0%| F|  |TAMS 0x0000000091900000, 0x0000000091900000| Untracked 
| 282|0x0000000091a00000, 0x0000000091a00000, 0x0000000091b00000|  0%| F|  |TAMS 0x0000000091a00000, 0x0000000091a00000| Untracked 
| 283|0x0000000091b00000, 0x0000000091b00000, 0x0000000091c00000|  0%| F|  |TAMS 0x0000000091b00000, 0x0000000091b00000| Untracked 
| 284|0x0000000091c00000, 0x0000000091c00000, 0x0000000091d00000|  0%| F|  |TAMS 0x0000000091c00000, 0x0000000091c00000| Untracked 
| 285|0x0000000091d00000, 0x0000000091d9b188, 0x0000000091e00000| 60%| E|  |TAMS 0x0000000091d00000, 0x0000000091d00000| Complete 
| 286|0x0000000091e00000, 0x0000000091f00000, 0x0000000091f00000|100%| E|CS|TAMS 0x0000000091e00000, 0x0000000091e00000| Complete 
| 287|0x0000000091f00000, 0x0000000092000000, 0x0000000092000000|100%| E|CS|TAMS 0x0000000091f00000, 0x0000000091f00000| Complete 
| 288|0x0000000092000000, 0x0000000092100000, 0x0000000092100000|100%| E|CS|TAMS 0x0000000092000000, 0x0000000092000000| Complete 
| 289|0x0000000092100000, 0x0000000092200000, 0x0000000092200000|100%| E|  |TAMS 0x0000000092100000, 0x0000000092100000| Complete 
| 290|0x0000000092200000, 0x0000000092300000, 0x0000000092300000|100%| E|CS|TAMS 0x0000000092200000, 0x0000000092200000| Complete 
| 291|0x0000000092300000, 0x0000000092400000, 0x0000000092400000|100%| E|CS|TAMS 0x0000000092300000, 0x0000000092300000| Complete 
| 292|0x0000000092400000, 0x0000000092500000, 0x0000000092500000|100%| E|CS|TAMS 0x0000000092400000, 0x0000000092400000| Complete 
| 293|0x0000000092500000, 0x0000000092600000, 0x0000000092600000|100%| E|CS|TAMS 0x0000000092500000, 0x0000000092500000| Complete 
| 294|0x0000000092600000, 0x0000000092700000, 0x0000000092700000|100%| E|CS|TAMS 0x0000000092600000, 0x0000000092600000| Complete 
| 295|0x0000000092700000, 0x0000000092800000, 0x0000000092800000|100%| E|CS|TAMS 0x0000000092700000, 0x0000000092700000| Complete 
| 296|0x0000000092800000, 0x0000000092900000, 0x0000000092900000|100%| E|CS|TAMS 0x0000000092800000, 0x0000000092800000| Complete 
| 297|0x0000000092900000, 0x0000000092a00000, 0x0000000092a00000|100%| E|CS|TAMS 0x0000000092900000, 0x0000000092900000| Complete 
| 298|0x0000000092a00000, 0x0000000092b00000, 0x0000000092b00000|100%| E|CS|TAMS 0x0000000092a00000, 0x0000000092a00000| Complete 
| 299|0x0000000092b00000, 0x0000000092c00000, 0x0000000092c00000|100%| E|CS|TAMS 0x0000000092b00000, 0x0000000092b00000| Complete 
| 300|0x0000000092c00000, 0x0000000092d00000, 0x0000000092d00000|100%| E|CS|TAMS 0x0000000092c00000, 0x0000000092c00000| Complete 
| 301|0x0000000092d00000, 0x0000000092e00000, 0x0000000092e00000|100%| E|CS|TAMS 0x0000000092d00000, 0x0000000092d00000| Complete 
| 302|0x0000000092e00000, 0x0000000092f00000, 0x0000000092f00000|100%| E|CS|TAMS 0x0000000092e00000, 0x0000000092e00000| Complete 
| 303|0x0000000092f00000, 0x0000000093000000, 0x0000000093000000|100%| E|CS|TAMS 0x0000000092f00000, 0x0000000092f00000| Complete 
| 304|0x0000000093000000, 0x0000000093100000, 0x0000000093100000|100%| E|CS|TAMS 0x0000000093000000, 0x0000000093000000| Complete 
| 305|0x0000000093100000, 0x0000000093200000, 0x0000000093200000|100%| E|CS|TAMS 0x0000000093100000, 0x0000000093100000| Complete 
| 306|0x0000000093200000, 0x0000000093300000, 0x0000000093300000|100%| E|CS|TAMS 0x0000000093200000, 0x0000000093200000| Complete 
| 307|0x0000000093300000, 0x0000000093400000, 0x0000000093400000|100%| E|CS|TAMS 0x0000000093300000, 0x0000000093300000| Complete 
| 308|0x0000000093400000, 0x0000000093500000, 0x0000000093500000|100%| E|CS|TAMS 0x0000000093400000, 0x0000000093400000| Complete 
| 309|0x0000000093500000, 0x0000000093600000, 0x0000000093600000|100%| E|CS|TAMS 0x0000000093500000, 0x0000000093500000| Complete 
| 310|0x0000000093600000, 0x0000000093700000, 0x0000000093700000|100%| E|CS|TAMS 0x0000000093600000, 0x0000000093600000| Complete 
| 311|0x0000000093700000, 0x0000000093800000, 0x0000000093800000|100%| E|CS|TAMS 0x0000000093700000, 0x0000000093700000| Complete 
| 312|0x0000000093800000, 0x0000000093900000, 0x0000000093900000|100%| E|CS|TAMS 0x0000000093800000, 0x0000000093800000| Complete 
| 313|0x0000000093900000, 0x0000000093a00000, 0x0000000093a00000|100%| E|CS|TAMS 0x0000000093900000, 0x0000000093900000| Complete 
| 314|0x0000000093a00000, 0x0000000093b00000, 0x0000000093b00000|100%| E|CS|TAMS 0x0000000093a00000, 0x0000000093a00000| Complete 
| 315|0x0000000093b00000, 0x0000000093c00000, 0x0000000093c00000|100%| E|CS|TAMS 0x0000000093b00000, 0x0000000093b00000| Complete 
| 316|0x0000000093c00000, 0x0000000093d00000, 0x0000000093d00000|100%| E|CS|TAMS 0x0000000093c00000, 0x0000000093c00000| Complete 
| 317|0x0000000093d00000, 0x0000000093e00000, 0x0000000093e00000|100%| E|CS|TAMS 0x0000000093d00000, 0x0000000093d00000| Complete 
| 318|0x0000000093e00000, 0x0000000093f00000, 0x0000000093f00000|100%| E|CS|TAMS 0x0000000093e00000, 0x0000000093e00000| Complete 
| 319|0x0000000093f00000, 0x0000000094000000, 0x0000000094000000|100%| E|CS|TAMS 0x0000000093f00000, 0x0000000093f00000| Complete 
| 320|0x0000000094000000, 0x0000000094100000, 0x0000000094100000|100%| E|CS|TAMS 0x0000000094000000, 0x0000000094000000| Complete 
| 321|0x0000000094100000, 0x0000000094200000, 0x0000000094200000|100%| O|  |TAMS 0x0000000094100000, 0x0000000094100000| Untracked 
| 322|0x0000000094200000, 0x0000000094300000, 0x0000000094300000|100%| O|  |TAMS 0x0000000094200000, 0x0000000094200000| Untracked 
| 323|0x0000000094300000, 0x0000000094400000, 0x0000000094400000|100%| O|  |TAMS 0x0000000094300000, 0x0000000094300000| Untracked 
| 324|0x0000000094400000, 0x0000000094500000, 0x0000000094500000|100%| O|  |TAMS 0x0000000094400000, 0x0000000094400000| Untracked 
| 325|0x0000000094500000, 0x0000000094600000, 0x0000000094600000|100%| O|  |TAMS 0x0000000094500000, 0x0000000094500000| Untracked 
| 326|0x0000000094600000, 0x0000000094700000, 0x0000000094700000|100%| O|  |TAMS 0x0000000094600000, 0x0000000094600000| Untracked 
| 327|0x0000000094700000, 0x0000000094800000, 0x0000000094800000|100%| O|  |TAMS 0x0000000094700000, 0x0000000094700000| Untracked 
| 328|0x0000000094800000, 0x0000000094900000, 0x0000000094900000|100%| O|  |TAMS 0x0000000094800000, 0x0000000094800000| Untracked 
| 329|0x0000000094900000, 0x0000000094a00000, 0x0000000094a00000|100%| O|  |TAMS 0x0000000094900000, 0x0000000094900000| Untracked 
| 330|0x0000000094a00000, 0x0000000094b00000, 0x0000000094b00000|100%| O|  |TAMS 0x0000000094a00000, 0x0000000094a00000| Untracked 
| 331|0x0000000094b00000, 0x0000000094c00000, 0x0000000094c00000|100%| O|  |TAMS 0x0000000094b00000, 0x0000000094b00000| Untracked 
| 332|0x0000000094c00000, 0x0000000094d00000, 0x0000000094d00000|100%| O|  |TAMS 0x0000000094c00000, 0x0000000094c00000| Untracked 
| 333|0x0000000094d00000, 0x0000000094e00000, 0x0000000094e00000|100%| O|  |TAMS 0x0000000094d00000, 0x0000000094d00000| Untracked 
| 334|0x0000000094e00000, 0x0000000094f00000, 0x0000000094f00000|100%| O|  |TAMS 0x0000000094e00000, 0x0000000094e00000| Untracked 
| 335|0x0000000094f00000, 0x0000000095000000, 0x0000000095000000|100%| O|  |TAMS 0x0000000094f00000, 0x0000000094f00000| Untracked 
| 336|0x0000000095000000, 0x0000000095100000, 0x0000000095100000|100%| O|  |TAMS 0x0000000095000000, 0x0000000095000000| Untracked 

Card table byte_map: [0x0000023435d60000,0x0000023436160000] _byte_map_base: 0x0000023435960000

Marking Bits (Prev, Next): (CMBitMap*) 0x0000023422e82b70, (CMBitMap*) 0x0000023422e82b38
 Prev Bits: [0x0000023438560000, 0x000002343a560000)
 Next Bits: [0x0000023436560000, 0x0000023438560000)

Polling page: 0x0000023420bf0000

Metaspace:

Usage:
  Non-class:    102.97 MB capacity,   100.91 MB ( 98%) used,     1.65 MB (  2%) free+waste,   415.50 KB ( <1%) overhead. 
      Class:     15.58 MB capacity,    14.35 MB ( 92%) used,     1.05 MB (  7%) free+waste,   179.75 KB (  1%) overhead. 
       Both:    118.55 MB capacity,   115.26 MB ( 97%) used,     2.71 MB (  2%) free+waste,   595.25 KB ( <1%) overhead. 

Virtual space:
  Non-class space:      104.00 MB reserved,     103.17 MB (>99%) committed 
      Class space:        1.00 GB reserved,      15.66 MB (  2%) committed 
             Both:        1.10 GB reserved,     118.83 MB ( 11%) committed 

Chunk freelists:
   Non-Class:  18.00 KB
       Class:  0 bytes
        Both:  18.00 KB

MaxMetaspaceSize: 17179869184.00 GB
CompressedClassSpaceSize: 1.00 GB
Initial GC threshold: 20.80 MB
Current GC threshold: 192.42 MB
CDS: off

CodeHeap 'non-profiled nmethods': size=120064Kb used=17372Kb max_used=17372Kb free=102692Kb
 bounds [0x000002342e420000, 0x000002342f520000, 0x0000023435960000]
CodeHeap 'profiled nmethods': size=120000Kb used=44428Kb max_used=44428Kb free=75571Kb
 bounds [0x0000023426ef0000, 0x0000023429ad0000, 0x000002342e420000]
CodeHeap 'non-nmethods': size=5696Kb used=2437Kb max_used=2549Kb free=3258Kb
 bounds [0x0000023426960000, 0x0000023426bf0000, 0x0000023426ef0000]
 total_blobs=20133 nmethods=19168 adapters=876
 compilation: enabled
              stopped_count=0, restarted_count=0
 full_count=0

Compilation events (20 events):
Event: 1526.487 Thread 0x000002343ca8e000 nmethod 22501 0x0000023428407590 code [0x0000023428407760, 0x0000023428407ad8]
Event: 1526.499 Thread 0x000002343ca8e000 22502       3       com.google.common.collect.ImmutableBiMap::<init> (5 bytes)
Event: 1526.499 Thread 0x000002343ca8e000 nmethod 22502 0x000002342737c490 code [0x000002342737c640, 0x000002342737c7f8]
Event: 1526.499 Thread 0x000002343ca8e000 22503       3       org.gradle.api.internal.tasks.properties.DefaultFinalizingValidatingProperty::cleanupValue (17 bytes)
Event: 1526.499 Thread 0x000002343ca8e000 nmethod 22503 0x000002342737c010 code [0x000002342737c1c0, 0x000002342737c3a8]
Event: 1526.502 Thread 0x000002343ca8e000 22504       3       org.gradle.internal.snapshot.MissingFileSnapshot::getType (4 bytes)
Event: 1526.502 Thread 0x000002343ca8e000 nmethod 22504 0x0000023428407210 code [0x00000234284073c0, 0x00000234284074d8]
Event: 1526.505 Thread 0x000002343ca8e000 22506       3       com.google.gson.internal.Excluder::excludeClassChecks (67 bytes)
Event: 1526.507 Thread 0x000002343ca8e000 nmethod 22506 0x00000234279ed390 code [0x00000234279ed7e0, 0x00000234279ef568]
Event: 1526.573 Thread 0x000002343ca8e000 22507       1       org.gradle.api.internal.artifacts.transform.NoMatchConsumerVariantMatchResult::hasMatches (2 bytes)
Event: 1526.573 Thread 0x000002343ca8e000 nmethod 22507 0x000002342f509810 code [0x000002342f5099c0, 0x000002342f509a78]
Event: 1526.576 Thread 0x000002343ca8e000 22508       3       com.google.common.collect.Iterators::filter (20 bytes)
Event: 1526.576 Thread 0x000002343ca8e000 nmethod 22508 0x000002342737b510 code [0x000002342737b720, 0x000002342737bdb8]
Event: 1526.650 Thread 0x000002343ca7d000 nmethod 22486 0x000002342f509b10 code [0x000002342f509fa0, 0x000002342f50d970]
Event: 1526.650 Thread 0x000002343ca7d000 22498       4       jdk.internal.misc.Unsafe::copyMemory (33 bytes)
Event: 1526.655 Thread 0x000002343ca7d000 nmethod 22498 0x000002342f510090 code [0x000002342f510220, 0x000002342f5104b8]
Event: 1526.655 Thread 0x000002343ca7d000 22509       4       com.google.common.collect.AbstractIndexedListIterator::hasNext (17 bytes)
Event: 1526.656 Thread 0x000002343ca7d000 nmethod 22509 0x000002342f510790 code [0x000002342f510920, 0x000002342f510998]
Event: 1526.656 Thread 0x000002343ca7d000 22505       4       java.util.Collections::singletonList (9 bytes)
Event: 1526.658 Thread 0x000002343ca7d000 nmethod 22505 0x000002342f510a90 code [0x000002342f510c20, 0x000002342f510d58]

GC Heap History (20 events):
Event: 1501.558 GC heap before
{Heap before GC invocations=117 (full 0):
 garbage-first heap   total 328704K, used 280617K [0x0000000080000000, 0x0000000100000000)
  region size 1024K, 128 young (131072K), 4 survivors (4096K)
 Metaspace       used 116774K, capacity 120018K, committed 120272K, reserved 1153024K
  class space    used 14634K, capacity 15851K, committed 15904K, reserved 1048576K
}
Event: 1501.566 GC heap after
{Heap after GC invocations=118 (full 0):
 garbage-first heap   total 328704K, used 153901K [0x0000000080000000, 0x0000000100000000)
  region size 1024K, 4 young (4096K), 4 survivors (4096K)
 Metaspace       used 116774K, capacity 120018K, committed 120272K, reserved 1153024K
  class space    used 14634K, capacity 15851K, committed 15904K, reserved 1048576K
}
Event: 1502.779 GC heap before
{Heap before GC invocations=118 (full 0):
 garbage-first heap   total 328704K, used 282925K [0x0000000080000000, 0x0000000100000000)
  region size 1024K, 130 young (133120K), 4 survivors (4096K)
 Metaspace       used 116778K, capacity 120018K, committed 120272K, reserved 1153024K
  class space    used 14634K, capacity 15851K, committed 15904K, reserved 1048576K
}
Event: 1502.788 GC heap after
{Heap after GC invocations=119 (full 0):
 garbage-first heap   total 328704K, used 154397K [0x0000000080000000, 0x0000000100000000)
  region size 1024K, 4 young (4096K), 4 survivors (4096K)
 Metaspace       used 116778K, capacity 120018K, committed 120272K, reserved 1153024K
  class space    used 14634K, capacity 15851K, committed 15904K, reserved 1048576K
}
Event: 1504.455 GC heap before
{Heap before GC invocations=119 (full 0):
 garbage-first heap   total 328704K, used 285469K [0x0000000080000000, 0x0000000100000000)
  region size 1024K, 131 young (134144K), 4 survivors (4096K)
 Metaspace       used 116802K, capacity 120020K, committed 120272K, reserved 1153024K
  class space    used 14634K, capacity 15851K, committed 15904K, reserved 1048576K
}
Event: 1504.462 GC heap after
{Heap after GC invocations=120 (full 0):
 garbage-first heap   total 328704K, used 155018K [0x0000000080000000, 0x0000000100000000)
  region size 1024K, 5 young (5120K), 5 survivors (5120K)
 Metaspace       used 116802K, capacity 120020K, committed 120272K, reserved 1153024K
  class space    used 14634K, capacity 15851K, committed 15904K, reserved 1048576K
}
Event: 1506.670 GC heap before
{Heap before GC invocations=120 (full 0):
 garbage-first heap   total 328704K, used 283018K [0x0000000080000000, 0x0000000100000000)
  region size 1024K, 131 young (134144K), 5 survivors (5120K)
 Metaspace       used 116837K, capacity 120087K, committed 120272K, reserved 1153024K
  class space    used 14635K, capacity 15852K, committed 15904K, reserved 1048576K
}
Event: 1506.681 GC heap after
{Heap after GC invocations=121 (full 0):
 garbage-first heap   total 328704K, used 156710K [0x0000000080000000, 0x0000000100000000)
  region size 1024K, 7 young (7168K), 7 survivors (7168K)
 Metaspace       used 116837K, capacity 120087K, committed 120272K, reserved 1153024K
  class space    used 14635K, capacity 15852K, committed 15904K, reserved 1048576K
}
Event: 1507.491 GC heap before
{Heap before GC invocations=121 (full 0):
 garbage-first heap   total 328704K, used 283686K [0x0000000080000000, 0x0000000100000000)
  region size 1024K, 131 young (134144K), 7 survivors (7168K)
 Metaspace       used 116838K, capacity 120087K, committed 120272K, reserved 1153024K
  class space    used 14635K, capacity 15852K, committed 15904K, reserved 1048576K
}
Event: 1507.499 GC heap after
{Heap after GC invocations=122 (full 0):
 garbage-first heap   total 328704K, used 155755K [0x0000000080000000, 0x0000000100000000)
  region size 1024K, 6 young (6144K), 6 survivors (6144K)
 Metaspace       used 116838K, capacity 120087K, committed 120272K, reserved 1153024K
  class space    used 14635K, capacity 15852K, committed 15904K, reserved 1048576K
}
Event: 1508.500 GC heap before
{Heap before GC invocations=122 (full 0):
 garbage-first heap   total 328704K, used 284779K [0x0000000080000000, 0x0000000100000000)
  region size 1024K, 132 young (135168K), 6 survivors (6144K)
 Metaspace       used 116845K, capacity 120088K, committed 120272K, reserved 1153024K
  class space    used 14635K, capacity 15852K, committed 15904K, reserved 1048576K
}
Event: 1508.510 GC heap after
{Heap after GC invocations=123 (full 0):
 garbage-first heap   total 328704K, used 155730K [0x0000000080000000, 0x0000000100000000)
  region size 1024K, 6 young (6144K), 6 survivors (6144K)
 Metaspace       used 116845K, capacity 120088K, committed 120272K, reserved 1153024K
  class space    used 14635K, capacity 15852K, committed 15904K, reserved 1048576K
}
Event: 1509.236 GC heap before
{Heap before GC invocations=123 (full 0):
 garbage-first heap   total 328704K, used 284754K [0x0000000080000000, 0x0000000100000000)
  region size 1024K, 132 young (135168K), 6 survivors (6144K)
 Metaspace       used 116845K, capacity 120088K, committed 120272K, reserved 1153024K
  class space    used 14635K, capacity 15852K, committed 15904K, reserved 1048576K
}
Event: 1509.249 GC heap after
{Heap after GC invocations=124 (full 0):
 garbage-first heap   total 328704K, used 156479K [0x0000000080000000, 0x0000000100000000)
  region size 1024K, 6 young (6144K), 6 survivors (6144K)
 Metaspace       used 116845K, capacity 120088K, committed 120272K, reserved 1153024K
  class space    used 14635K, capacity 15852K, committed 15904K, reserved 1048576K
}
Event: 1510.673 GC heap before
{Heap before GC invocations=124 (full 0):
 garbage-first heap   total 328704K, used 302911K [0x0000000080000000, 0x0000000100000000)
  region size 1024K, 133 young (136192K), 6 survivors (6144K)
 Metaspace       used 117145K, capacity 120374K, committed 120528K, reserved 1155072K
  class space    used 14637K, capacity 15854K, committed 15904K, reserved 1048576K
}
Event: 1510.750 GC heap after
{Heap after GC invocations=125 (full 0):
 garbage-first heap   total 345088K, used 196363K [0x0000000080000000, 0x0000000100000000)
  region size 1024K, 17 young (17408K), 17 survivors (17408K)
 Metaspace       used 117145K, capacity 120374K, committed 120528K, reserved 1155072K
  class space    used 14637K, capacity 15854K, committed 15904K, reserved 1048576K
}
Event: 1511.840 GC heap before
{Heap before GC invocations=125 (full 0):
 garbage-first heap   total 345088K, used 283403K [0x0000000080000000, 0x0000000100000000)
  region size 1024K, 97 young (99328K), 17 survivors (17408K)
 Metaspace       used 117152K, capacity 120374K, committed 120528K, reserved 1155072K
  class space    used 14637K, capacity 15854K, committed 15904K, reserved 1048576K
}
Event: 1511.910 GC heap after
{Heap after GC invocations=126 (full 0):
 garbage-first heap   total 345088K, used 216576K [0x0000000080000000, 0x0000000100000000)
  region size 1024K, 13 young (13312K), 13 survivors (13312K)
 Metaspace       used 117152K, capacity 120374K, committed 120528K, reserved 1155072K
  class space    used 14637K, capacity 15854K, committed 15904K, reserved 1048576K
}
Event: 1524.780 GC heap before
{Heap before GC invocations=126 (full 0):
 garbage-first heap   total 345088K, used 289280K [0x0000000080000000, 0x0000000100000000)
  region size 1024K, 78 young (79872K), 13 survivors (13312K)
 Metaspace       used 117547K, capacity 120868K, committed 121168K, reserved 1155072K
  class space    used 14678K, capacity 15921K, committed 16032K, reserved 1048576K
}
Event: 1524.804 GC heap after
{Heap after GC invocations=127 (full 0):
 garbage-first heap   total 345088K, used 210748K [0x0000000080000000, 0x0000000100000000)
  region size 1024K, 4 young (4096K), 4 survivors (4096K)
 Metaspace       used 117547K, capacity 120868K, committed 121168K, reserved 1155072K
  class space    used 14678K, capacity 15921K, committed 16032K, reserved 1048576K
}

Deoptimization events (20 events):
Event: 1524.919 Thread 0x00000234449ab000 DEOPT PACKING pc=0x000002342ec1d3a0 sp=0x000000c830bfa300
Event: 1524.919 Thread 0x00000234449ab000 DEOPT UNPACKING pc=0x00000234269aa1af sp=0x000000c830bfa190 mode 2
Event: 1524.927 Thread 0x00000234449ab000 Uncommon trap: trap_request=0xffffffc6 fr.pc=0x000002342e53db78 relative=0x0000000000000218
Event: 1524.927 Thread 0x00000234449ab000 Uncommon trap: reason=bimorphic_or_optimized_type_check action=maybe_recompile pc=0x000002342e53db78 method=com.google.common.base.CharMatcher.indexIn(Ljava/lang/CharSequence;I)I @ 31 c2
Event: 1524.927 Thread 0x00000234449ab000 DEOPT PACKING pc=0x000002342e53db78 sp=0x000000c830bf86a0
Event: 1524.927 Thread 0x00000234449ab000 DEOPT UNPACKING pc=0x00000234269aa1af sp=0x000000c830bf8648 mode 2
Event: 1525.091 Thread 0x00000234449ab000 DEOPT PACKING pc=0x0000023427bf02f9 sp=0x000000c830bf90e0
Event: 1525.091 Thread 0x00000234449ab000 DEOPT UNPACKING pc=0x00000234269aa95e sp=0x000000c830bf8578 mode 0
Event: 1525.152 Thread 0x00000234449ab000 DEOPT PACKING pc=0x0000023428d1be33 sp=0x000000c830bf9a90
Event: 1525.152 Thread 0x00000234449ab000 DEOPT UNPACKING pc=0x00000234269aa95e sp=0x000000c830bf8fd0 mode 0
Event: 1525.156 Thread 0x00000234449ab000 DEOPT PACKING pc=0x0000023427bd1619 sp=0x000000c830bf9650
Event: 1525.156 Thread 0x00000234449ab000 DEOPT UNPACKING pc=0x00000234269aa95e sp=0x000000c830bf8b70 mode 0
Event: 1525.249 Thread 0x00000234449ab000 Uncommon trap: trap_request=0xffffff6e fr.pc=0x000002342ec1d3a0 relative=0x0000000000000160
Event: 1525.249 Thread 0x00000234449ab000 Uncommon trap: reason=speculate_class_check action=maybe_recompile pc=0x000002342ec1d3a0 method=com.google.common.collect.ImmutableList.listIterator(I)Lcom/google/common/collect/UnmodifiableListIterator; @ 2 c2
Event: 1525.249 Thread 0x00000234449ab000 DEOPT PACKING pc=0x000002342ec1d3a0 sp=0x000000c830bf9a80
Event: 1525.249 Thread 0x00000234449ab000 DEOPT UNPACKING pc=0x00000234269aa1af sp=0x000000c830bf9908 mode 2
Event: 1525.348 Thread 0x00000234449ab000 Uncommon trap: trap_request=0xffffffcc fr.pc=0x000002342f4c0c3c relative=0x00000000000002fc
Event: 1525.348 Thread 0x00000234449ab000 Uncommon trap: reason=intrinsic_or_type_checked_inlining action=make_not_entrant pc=0x000002342f4c0c3c method=java.util.Arrays.copyOfRange([Ljava/lang/Object;IILjava/lang/Class;)[Ljava/lang/Object; @ 83 c2
Event: 1525.348 Thread 0x00000234449ab000 DEOPT PACKING pc=0x000002342f4c0c3c sp=0x000000c830bf80f0
Event: 1525.348 Thread 0x00000234449ab000 DEOPT UNPACKING pc=0x00000234269aa1af sp=0x000000c830bf8070 mode 2

Classes redefined (0 events):
No events

Internal exceptions (20 events):
Event: 1513.600 Thread 0x00000234449a8800 Exception <a 'java/lang/NoSuchMethodError'{0x00000000909ba768}: <clinit>> (0x00000000909ba768) thrown at [./src/hotspot/share/prims/jni.cpp, line 1366]
Event: 1513.600 Thread 0x00000234449a8800 Exception <a 'java/lang/NoSuchMethodError'{0x00000000909bbe50}: <clinit>> (0x00000000909bbe50) thrown at [./src/hotspot/share/prims/jni.cpp, line 1366]
Event: 1513.602 Thread 0x00000234449a8800 Exception <a 'java/lang/NoSuchMethodError'{0x00000000909ce500}: <clinit>> (0x00000000909ce500) thrown at [./src/hotspot/share/prims/jni.cpp, line 1366]
Event: 1513.603 Thread 0x00000234449a8800 Exception <a 'java/lang/NoSuchMethodError'{0x00000000909dab08}: <clinit>> (0x00000000909dab08) thrown at [./src/hotspot/share/prims/jni.cpp, line 1366]
Event: 1513.612 Thread 0x00000234449a8800 Exception <a 'java/lang/NoSuchMethodError'{0x00000000909eff10}: <clinit>> (0x00000000909eff10) thrown at [./src/hotspot/share/prims/jni.cpp, line 1366]
Event: 1513.631 Thread 0x00000234449a8800 Exception <a 'java/lang/NoSuchMethodError'{0x0000000090808a50}: <clinit>> (0x0000000090808a50) thrown at [./src/hotspot/share/prims/jni.cpp, line 1366]
Event: 1513.634 Thread 0x00000234449a8800 Exception <a 'java/lang/NoSuchMethodError'{0x0000000090817790}: <clinit>> (0x0000000090817790) thrown at [./src/hotspot/share/prims/jni.cpp, line 1366]
Event: 1524.966 Thread 0x00000234449ab000 Exception <a 'sun/nio/fs/WindowsException'{0x0000000093764eb0}> (0x0000000093764eb0) thrown at [./src/hotspot/share/prims/jni.cpp, line 616]
Event: 1525.049 Thread 0x00000234449ab000 Exception <a 'java/lang/NoClassDefFoundError'{0x0000000093412750}: org/jetbrains/kotlin/gradle/plugin/KotlinBasePluginWrapper> (0x0000000093412750) thrown at [./src/hotspot/share/oops/constantPool.cpp, line 775]
Event: 1525.118 Thread 0x00000234449ab000 Exception <a 'sun/nio/fs/WindowsException'{0x00000000934d6878}> (0x00000000934d6878) thrown at [./src/hotspot/share/prims/jni.cpp, line 616]
Event: 1525.149 Thread 0x00000234449ab000 Exception <a 'sun/nio/fs/WindowsException'{0x0000000093379a50}> (0x0000000093379a50) thrown at [./src/hotspot/share/prims/jni.cpp, line 616]
Event: 1525.149 Thread 0x00000234449ab000 Exception <a 'sun/nio/fs/WindowsException'{0x000000009337ab20}> (0x000000009337ab20) thrown at [./src/hotspot/share/prims/jni.cpp, line 616]
Event: 1525.149 Thread 0x00000234449ab000 Exception <a 'sun/nio/fs/WindowsException'{0x000000009337bc40}> (0x000000009337bc40) thrown at [./src/hotspot/share/prims/jni.cpp, line 616]
Event: 1525.149 Thread 0x00000234449ab000 Exception <a 'sun/nio/fs/WindowsException'{0x000000009337cd60}> (0x000000009337cd60) thrown at [./src/hotspot/share/prims/jni.cpp, line 616]
Event: 1526.216 Thread 0x00000234449a9800 Exception <a 'sun/nio/fs/WindowsException'{0x000000009267b060}> (0x000000009267b060) thrown at [./src/hotspot/share/prims/jni.cpp, line 616]
Event: 1526.216 Thread 0x00000234449a9800 Exception <a 'sun/nio/fs/WindowsException'{0x000000009267bf00}> (0x000000009267bf00) thrown at [./src/hotspot/share/prims/jni.cpp, line 616]
Event: 1526.225 Thread 0x00000234449a9800 Exception <a 'sun/nio/fs/WindowsException'{0x000000009267d280}> (0x000000009267d280) thrown at [./src/hotspot/share/prims/jni.cpp, line 616]
Event: 1526.225 Thread 0x00000234449a9800 Exception <a 'sun/nio/fs/WindowsException'{0x000000009267e0f8}> (0x000000009267e0f8) thrown at [./src/hotspot/share/prims/jni.cpp, line 616]
Event: 1526.225 Thread 0x00000234449a9800 Exception <a 'sun/nio/fs/WindowsException'{0x000000009267e360}> (0x000000009267e360) thrown at [./src/hotspot/share/prims/jni.cpp, line 616]
Event: 1526.225 Thread 0x00000234449a9800 Exception <a 'sun/nio/fs/WindowsException'{0x000000009267f1a8}> (0x000000009267f1a8) thrown at [./src/hotspot/share/prims/jni.cpp, line 616]

Events (20 events):
Event: 1526.181 Executing VM operation: RevokeBias
Event: 1526.182 Executing VM operation: RevokeBias done
Event: 1526.182 Executing VM operation: RevokeBias
Event: 1526.182 Executing VM operation: RevokeBias done
Event: 1526.182 Executing VM operation: RevokeBias
Event: 1526.183 Executing VM operation: RevokeBias done
Event: 1526.183 Executing VM operation: BulkRevokeBias
Event: 1526.184 Executing VM operation: BulkRevokeBias done
Event: 1526.229 Thread 0x00000234449a6000 Thread added: 0x00000234449a6000
Event: 1526.479 Executing VM operation: RevokeBias
Event: 1526.481 Executing VM operation: RevokeBias done
Event: 1526.481 Executing VM operation: RevokeBias
Event: 1526.481 Executing VM operation: RevokeBias done
Event: 1526.481 Executing VM operation: RevokeBias
Event: 1526.481 Executing VM operation: RevokeBias done
Event: 1526.483 Executing VM operation: RevokeBias
Event: 1526.484 Executing VM operation: RevokeBias done
Event: 1526.597 Thread 0x00000234449a7800 Thread added: 0x00000234449a7800
Event: 1526.663 Thread 0x0000023440419000 Thread added: 0x0000023440419000
Event: 1526.663 Thread 0x000002344041a000 Thread added: 0x000002344041a000


Dynamic libraries:
0x00007ff613e60000 - 0x00007ff613e6a000 	E:\Programs\Android Studio\jre\bin\java.exe
0x00007ffe94cb0000 - 0x00007ffe94ea8000 	C:\Windows\SYSTEM32\ntdll.dll
0x00007ffe67b60000 - 0x00007ffe67b77000 	C:\Program Files\Avast Software\Avast\aswhook.dll
0x00007ffe949d0000 - 0x00007ffe94a8f000 	C:\Windows\System32\KERNEL32.DLL
0x00007ffe92420000 - 0x00007ffe926f2000 	C:\Windows\System32\KERNELBASE.dll
0x00007ffe927a0000 - 0x00007ffe928a0000 	C:\Windows\System32\ucrtbase.dll
0x00007ffe8b370000 - 0x00007ffe8b389000 	E:\Programs\Android Studio\jre\bin\jli.dll
0x00007ffe932b0000 - 0x00007ffe9344d000 	C:\Windows\System32\USER32.dll
0x00007ffe928a0000 - 0x00007ffe928c2000 	C:\Windows\System32\win32u.dll
0x00007ffe7ec90000 - 0x00007ffe7ef2a000 	C:\Windows\WinSxS\amd64_microsoft.windows.common-controls_6595b64144ccf1df_6.0.19041.1110_none_60b5254171f9507e\COMCTL32.dll
0x00007ffe94c40000 - 0x00007ffe94c6b000 	C:\Windows\System32\GDI32.dll
0x00007ffe93210000 - 0x00007ffe932ae000 	C:\Windows\System32\msvcrt.dll
0x00007ffe929d0000 - 0x00007ffe92adf000 	C:\Windows\System32\gdi32full.dll
0x00007ffe92700000 - 0x00007ffe9279d000 	C:\Windows\System32\msvcp_win.dll
0x00007ffe76120000 - 0x00007ffe76137000 	E:\Programs\Android Studio\jre\bin\VCRUNTIME140.dll
0x00007ffe93500000 - 0x00007ffe93532000 	C:\Windows\System32\IMM32.DLL
0x00007ffe52060000 - 0x00007ffe520fd000 	E:\Programs\Android Studio\jre\bin\msvcp140.dll
0x00007ffe55830000 - 0x00007ffe56332000 	E:\Programs\Android Studio\jre\bin\server\jvm.dll
0x00007ffe93760000 - 0x00007ffe9380e000 	C:\Windows\System32\ADVAPI32.dll
0x00007ffe92f00000 - 0x00007ffe92f9c000 	C:\Windows\System32\sechost.dll
0x00007ffe948a0000 - 0x00007ffe949c5000 	C:\Windows\System32\RPCRT4.dll
0x00007ffe931a0000 - 0x00007ffe931a8000 	C:\Windows\System32\PSAPI.DLL
0x00007ffe7ef40000 - 0x00007ffe7ef67000 	C:\Windows\SYSTEM32\WINMM.dll
0x00007ffe7d380000 - 0x00007ffe7d389000 	C:\Windows\SYSTEM32\WSOCK32.dll
0x00007ffe8ab90000 - 0x00007ffe8ab9a000 	C:\Windows\SYSTEM32\VERSION.dll
0x00007ffe936f0000 - 0x00007ffe9375b000 	C:\Windows\System32\WS2_32.dll
0x00007ffe90270000 - 0x00007ffe90282000 	C:\Windows\SYSTEM32\kernel.appcore.dll
0x00007ffe8c770000 - 0x00007ffe8c781000 	E:\Programs\Android Studio\jre\bin\verify.dll
0x00007ffe82ac0000 - 0x00007ffe82ca4000 	C:\Windows\SYSTEM32\DBGHELP.DLL
0x00007ffe82a40000 - 0x00007ffe82a6c000 	C:\Windows\SYSTEM32\dbgcore.DLL
0x00007ffe92ae0000 - 0x00007ffe92b62000 	C:\Windows\System32\bcryptPrimitives.dll
0x00007ffe8b040000 - 0x00007ffe8b069000 	E:\Programs\Android Studio\jre\bin\java.dll
0x00007ffe8caf0000 - 0x00007ffe8cafb000 	E:\Programs\Android Studio\jre\bin\jimage.dll
0x00007ffe80f30000 - 0x00007ffe80f48000 	E:\Programs\Android Studio\jre\bin\zip.dll
0x00007ffe93d60000 - 0x00007ffe944a3000 	C:\Windows\System32\SHELL32.dll
0x00007ffe90470000 - 0x00007ffe90c02000 	C:\Windows\SYSTEM32\windows.storage.dll
0x00007ffe944b0000 - 0x00007ffe94804000 	C:\Windows\System32\combase.dll
0x00007ffe91e10000 - 0x00007ffe91e40000 	C:\Windows\SYSTEM32\Wldp.dll
0x00007ffe93450000 - 0x00007ffe934fd000 	C:\Windows\System32\SHCORE.dll
0x00007ffe92e80000 - 0x00007ffe92ed5000 	C:\Windows\System32\shlwapi.dll
0x00007ffe922f0000 - 0x00007ffe9230f000 	C:\Windows\SYSTEM32\profapi.dll
0x00007ffe7ccc0000 - 0x00007ffe7ccda000 	E:\Programs\Android Studio\jre\bin\net.dll
0x00007ffe80140000 - 0x00007ffe8024c000 	C:\Windows\SYSTEM32\WINHTTP.dll
0x00007ffe91b70000 - 0x00007ffe91bda000 	C:\Windows\system32\mswsock.dll
0x00007ffe7cca0000 - 0x00007ffe7ccb4000 	E:\Programs\Android Studio\jre\bin\nio.dll
0x00007ffe7cc60000 - 0x00007ffe7cc87000 	C:\Users\a0587\.gradle\native\8bec1ad78214c89d9ad589b4d07fe93259594b29d510b10fafb7a158f7737e5d\windows-amd64\native-platform.dll
0x00007ffe61f30000 - 0x00007ffe6206d000 	C:\Users\a0587\.gradle\native\53dbd7edfb1c66fb8903c78663c9afc45aea4f116125fa6feffd364cf09443e8\windows-amd64\native-platform-file-events.dll
0x00007ffe8cab0000 - 0x00007ffe8caba000 	E:\Programs\Android Studio\jre\bin\management.dll
0x00007ffe8c760000 - 0x00007ffe8c76d000 	E:\Programs\Android Studio\jre\bin\management_ext.dll
0x00007ffe91d60000 - 0x00007ffe91d78000 	C:\Windows\SYSTEM32\CRYPTSP.dll
0x00007ffe91420000 - 0x00007ffe91454000 	C:\Windows\system32\rsaenh.dll
0x00007ffe92b70000 - 0x00007ffe92b97000 	C:\Windows\System32\bcrypt.dll
0x00007ffe922b0000 - 0x00007ffe922de000 	C:\Windows\SYSTEM32\USERENV.dll
0x00007ffe91d80000 - 0x00007ffe91d8c000 	C:\Windows\SYSTEM32\CRYPTBASE.dll
0x00007ffe91810000 - 0x00007ffe9184b000 	C:\Windows\SYSTEM32\IPHLPAPI.DLL
0x00007ffe92ef0000 - 0x00007ffe92ef8000 	C:\Windows\System32\NSI.dll
0x00007ffe88460000 - 0x00007ffe88477000 	C:\Windows\SYSTEM32\dhcpcsvc6.DLL
0x00007ffe88530000 - 0x00007ffe8854d000 	C:\Windows\SYSTEM32\dhcpcsvc.DLL
0x00007ffe91860000 - 0x00007ffe9192a000 	C:\Windows\SYSTEM32\DNSAPI.dll
0x00007ffe76d10000 - 0x00007ffe76d37000 	E:\Programs\Android Studio\jre\bin\sunec.dll

dbghelp: loaded successfully - version: 4.0.5 - missing functions: none
symbol engine: initialized successfully - sym options: 0x614 - pdb path: .;E:\Programs\Android Studio\jre\bin;C:\Windows\SYSTEM32;C:\Program Files\Avast Software\Avast;C:\Windows\WinSxS\amd64_microsoft.windows.common-controls_6595b64144ccf1df_6.0.19041.1110_none_60b5254171f9507e;E:\Programs\Android Studio\jre\bin\server;C:\Users\a0587\.gradle\native\8bec1ad78214c89d9ad589b4d07fe93259594b29d510b10fafb7a158f7737e5d\windows-amd64;C:\Users\a0587\.gradle\native\53dbd7edfb1c66fb8903c78663c9afc45aea4f116125fa6feffd364cf09443e8\windows-amd64

VM Arguments:
jvm_args: --add-opens=java.base/java.util=ALL-UNNAMED --add-opens=java.base/java.lang=ALL-UNNAMED --add-opens=java.base/java.lang.invoke=ALL-UNNAMED --add-opens=java.base/java.util=ALL-UNNAMED --add-opens=java.prefs/java.util.prefs=ALL-UNNAMED --add-opens=java.prefs/java.util.prefs=ALL-UNNAMED --add-opens=java.base/java.nio.charset=ALL-UNNAMED --add-opens=java.base/java.net=ALL-UNNAMED --add-opens=java.base/java.util.concurrent.atomic=ALL-UNNAMED -Xmx2048m -Dfile.encoding=UTF-8 -Duser.country=TW -Duser.language=zh -Duser.variant 
java_command: org.gradle.launcher.daemon.bootstrap.GradleDaemon 7.0.2
java_class_path (initial): C:\Users\a0587\.gradle\wrapper\dists\gradle-7.0.2-bin\857tjihv64xamwrf0h14cai3r\gradle-7.0.2\lib\gradle-launcher-7.0.2.jar
Launcher Type: SUN_STANDARD

[Global flags]
     intx CICompilerCount                          = 3                                         {product} {ergonomic}
     uint ConcGCThreads                            = 1                                         {product} {ergonomic}
     uint G1ConcRefinementThreads                  = 4                                         {product} {ergonomic}
   size_t G1HeapRegionSize                         = 1048576                                   {product} {ergonomic}
    uintx GCDrainStackTargetSize                   = 64                                        {product} {ergonomic}
   size_t InitialHeapSize                          = 134217728                                 {product} {ergonomic}
   size_t MarkStackSize                            = 4194304                                   {product} {ergonomic}
   size_t MaxHeapSize                              = 2147483648                                {product} {command line}
   size_t MaxNewSize                               = 1287651328                                {product} {ergonomic}
   size_t MinHeapDeltaBytes                        = 1048576                                   {product} {ergonomic}
    uintx NonNMethodCodeHeapSize                   = 5830732                                {pd product} {ergonomic}
    uintx NonProfiledCodeHeapSize                  = 122913754                              {pd product} {ergonomic}
    uintx ProfiledCodeHeapSize                     = 122913754                              {pd product} {ergonomic}
    uintx ReservedCodeCacheSize                    = 251658240                              {pd product} {ergonomic}
     bool SegmentedCodeCache                       = true                                      {product} {ergonomic}
     bool UseCompressedClassPointers               = true                                 {lp64_product} {ergonomic}
     bool UseCompressedOops                        = true                                 {lp64_product} {ergonomic}
     bool UseG1GC                                  = true                                      {product} {ergonomic}
     bool UseLargePagesIndividualAllocation        = false                                  {pd product} {ergonomic}

Logging:
Log output configuration:
 #0: stdout all=warning uptime,level,tags
 #1: stderr all=off uptime,level,tags

Environment Variables:
PATH=C:\Windows\system32;C:\Windows;C:\Windows\System32\Wbem;C:\Windows\System32\WindowsPowerShell\v1.0\;C:\Windows\System32\OpenSSH\;C:\Program Files\PuTTY\;E:\Programs\Anaconda;E:\Programs\Anaconda\Library\mingw-w64\bin;E:\Programs\Anaconda\Library\usr\bin;E:\Programs\Anaconda\Library\bin;E:\Programs\Anaconda\Scripts;C:\Users\a0587\AppData\Local\Microsoft\WindowsApps;E:\Programs\Microsoft VS Code\bin
USERNAME=Billy
OS=Windows_NT
PROCESSOR_IDENTIFIER=Intel64 Family 6 Model 142 Stepping 9, GenuineIntel



---------------  S Y S T E M  ---------------

OS: Windows 10 , 64 bit Build 19041 (10.0.19041.2251)
OS uptime: 2 days 23:49 hours

CPU:total 4 (initial active 4) (2 cores per cpu, 2 threads per core) family 6 model 142 stepping 9 microcode 0xb4, cmov, cx8, fxsr, mmx, sse, sse2, sse3, ssse3, sse4.1, sse4.2, popcnt, avx, avx2, aes, clmul, erms, 3dnowpref, lzcnt, ht, tsc, tscinvbit, bmi1, bmi2, adx, fma

Memory: 4k page, system-wide physical 8073M (693M free)
TotalPageFile size 8073M (AvailPageFile size 1M)
current process WorkingSet (physical memory assigned to process): 655M, peak: 688M
current process commit charge ("private bytes"): 726M, peak: 759M

vm_info: OpenJDK 64-Bit Server VM (11.0.13+0-b1751.21-8125866) for windows-amd64 JRE (11.0.13+0-b1751.21-8125866), built on Feb  2 2022 03:00:22 by "builder" with MS VC++ 14.0 (VS2015)

END.
