#
# There is insufficient memory for the Java Runtime Environment to continue.
# Native memory allocation (malloc) failed to allocate 1078416 bytes for Chunk::new
# Possible reasons:
#   The system is out of physical RAM or swap space
#   The process is running with CompressedOops enabled, and the Java Heap may be blocking the growth of the native heap
# Possible solutions:
#   Reduce memory load on the system
#   Increase physical memory or swap space
#   Check if swap backing store is full
#   Decrease Java heap size (-Xmx/-Xms)
#   Decrease number of Java threads
#   Decrease Java thread stack sizes (-Xss)
#   Set larger code cache with -XX:ReservedCodeCacheSize=
#   JVM is running with Unscaled Compressed Oops mode in which the Java heap is
#     placed in the first 4GB address space. The Java Heap base address is the
#     maximum limit for the native heap growth. Please use -XX:HeapBaseMinAddress
#     to set the Java Heap base and to place the Java Heap above 4GB virtual address.
# This output file may be truncated or incomplete.
#
#  Out of Memory Error (./src/hotspot/share/memory/arena.cpp:197), pid=5072, tid=13768
#
# JRE version: OpenJDK Runtime Environment (11.0.13) (build 11.0.13+0-b1751.21-8125866)
# Java VM: OpenJDK 64-Bit Server VM (11.0.13+0-b1751.21-8125866, mixed mode, tiered, compressed oops, g1 gc, windows-amd64)
# No core dump will be written. Minidumps are not enabled by default on client versions of Windows
#

---------------  S U M M A R Y ------------

Command Line: --add-opens=java.base/java.util=ALL-UNNAMED --add-opens=java.base/java.lang=ALL-UNNAMED --add-opens=java.base/java.lang.invoke=ALL-UNNAMED --add-opens=java.base/java.util=ALL-UNNAMED --add-opens=java.prefs/java.util.prefs=ALL-UNNAMED --add-opens=java.prefs/java.util.prefs=ALL-UNNAMED --add-opens=java.base/java.nio.charset=ALL-UNNAMED --add-opens=java.base/java.net=ALL-UNNAMED --add-opens=java.base/java.util.concurrent.atomic=ALL-UNNAMED -Xmx2048m -Dfile.encoding=UTF-8 -Duser.country=TW -Duser.language=zh -Duser.variant org.gradle.launcher.daemon.bootstrap.GradleDaemon 7.0.2

Host: Intel(R) Core(TM) i5-7200U CPU @ 2.50GHz, 4 cores, 7G,  Windows 10 , 64 bit Build 19041 (10.0.19041.2251)
Time: Sat Dec  3 13:59:19 2022 台北標準時間 elapsed time: 17.976805 seconds (0d 0h 0m 17s)

---------------  T H R E A D  ---------------

Current thread (0x000002217e7d3800):  JavaThread "C2 CompilerThread0" daemon [_thread_in_native, id=13768, stack(0x000000bf20000000,0x000000bf20100000)]


Current CompileTask:
C2:  17976 9648       4       java.lang.reflect.Method::invoke (65 bytes)

Stack: [0x000000bf20000000,0x000000bf20100000]
Native frames: (J=compiled Java code, j=interpreted, Vv=VM code, C=native code)
V  [jvm.dll+0x6100fa]
V  [jvm.dll+0x747090]
V  [jvm.dll+0x7486ad]
V  [jvm.dll+0x748d83]
V  [jvm.dll+0x24ab48]
V  [jvm.dll+0xc04dc]
V  [jvm.dll+0xc0a0c]
V  [jvm.dll+0x35eb9d]
V  [jvm.dll+0x19d7bc]
V  [jvm.dll+0x2033be]
V  [jvm.dll+0x202437]
V  [jvm.dll+0x188e01]
V  [jvm.dll+0x21106b]
V  [jvm.dll+0x20f8c1]
V  [jvm.dll+0x70de0f]
V  [jvm.dll+0x706a75]
V  [jvm.dll+0x60ed66]
C  [ucrtbase.dll+0x21bb2]
C  [KERNEL32.DLL+0x174b4]
C  [ntdll.dll+0x526a1]


---------------  P R O C E S S  ---------------

Threads class SMR info:
_java_thread_list=0x000002210c409c40, length=52, elements={
0x000002216ab92000, 0x000002217e799000, 0x000002217e79a800, 0x000002217e7c9000,
0x000002217e7ca000, 0x000002217e7cd000, 0x000002217e7d3800, 0x000002217f09c000,
0x000002217e7da800, 0x000002217f1f0000, 0x00000221078d3000, 0x000002217f4c9000,
0x0000022106d1b000, 0x0000022107b53000, 0x00000221076b0000, 0x0000022107275000,
0x0000022106c63800, 0x000002210873a800, 0x0000022106e58000, 0x0000022106c8b000,
0x0000022108089800, 0x000002210808e800, 0x000002210808d800, 0x0000022107516800,
0x000002210808d000, 0x000002210808f000, 0x0000022108090000, 0x000002210808a800,
0x000002210808b000, 0x000002210808c000, 0x0000022109059000, 0x0000022109059800,
0x000002210905a800, 0x0000022109054800, 0x0000022109057000, 0x0000022109055800,
0x000002210905c000, 0x0000022109056800, 0x000002210905d000, 0x000002210905d800,
0x0000022109058000, 0x000002210905e800, 0x000002210905f800, 0x0000022109061000,
0x0000022109062000, 0x0000022109063800, 0x0000022109062800, 0x000002210c791000,
0x000002210c790800, 0x000002210c792000, 0x000002210c78e000, 0x000002210c793000
}

Java Threads: ( => current thread )
  0x000002216ab92000 JavaThread "main" [_thread_blocked, id=8528, stack(0x000000bf1f400000,0x000000bf1f500000)]
  0x000002217e799000 JavaThread "Reference Handler" daemon [_thread_blocked, id=2400, stack(0x000000bf1fb00000,0x000000bf1fc00000)]
  0x000002217e79a800 JavaThread "Finalizer" daemon [_thread_blocked, id=14076, stack(0x000000bf1fc00000,0x000000bf1fd00000)]
  0x000002217e7c9000 JavaThread "Signal Dispatcher" daemon [_thread_blocked, id=12464, stack(0x000000bf1fd00000,0x000000bf1fe00000)]
  0x000002217e7ca000 JavaThread "Attach Listener" daemon [_thread_blocked, id=6352, stack(0x000000bf1fe00000,0x000000bf1ff00000)]
  0x000002217e7cd000 JavaThread "Service Thread" daemon [_thread_blocked, id=7304, stack(0x000000bf1ff00000,0x000000bf20000000)]
=>0x000002217e7d3800 JavaThread "C2 CompilerThread0" daemon [_thread_in_native, id=13768, stack(0x000000bf20000000,0x000000bf20100000)]
  0x000002217f09c000 JavaThread "C1 CompilerThread0" daemon [_thread_blocked, id=10944, stack(0x000000bf20100000,0x000000bf20200000)]
  0x000002217e7da800 JavaThread "Sweeper thread" daemon [_thread_blocked, id=7268, stack(0x000000bf20200000,0x000000bf20300000)]
  0x000002217f1f0000 JavaThread "Common-Cleaner" daemon [_thread_blocked, id=5636, stack(0x000000bf20300000,0x000000bf20400000)]
  0x00000221078d3000 JavaThread "Daemon health stats" [_thread_blocked, id=10784, stack(0x000000bf20800000,0x000000bf20900000)]
  0x000002217f4c9000 JavaThread "Incoming local TCP Connector on port 52344" [_thread_in_native, id=1584, stack(0x000000bf20500000,0x000000bf20600000)]
  0x0000022106d1b000 JavaThread "Daemon periodic checks" [_thread_blocked, id=15256, stack(0x000000bf20900000,0x000000bf20a00000)]
  0x0000022107b53000 JavaThread "Daemon" [_thread_blocked, id=2220, stack(0x000000bf20a00000,0x000000bf20b00000)]
  0x00000221076b0000 JavaThread "Handler for socket connection from /127.0.0.1:52344 to /127.0.0.1:52345" [_thread_in_native, id=2392, stack(0x000000bf20b00000,0x000000bf20c00000)]
  0x0000022107275000 JavaThread "Cancel handler" [_thread_blocked, id=11416, stack(0x000000bf20c00000,0x000000bf20d00000)]
  0x0000022106c63800 JavaThread "Daemon worker" [_thread_blocked, id=9848, stack(0x000000bf20d00000,0x000000bf20e00000)]
  0x000002210873a800 JavaThread "Asynchronous log dispatcher for DefaultDaemonConnection: socket connection from /127.0.0.1:52344 to /127.0.0.1:52345" [_thread_blocked, id=12252, stack(0x000000bf20e00000,0x000000bf20f00000)]
  0x0000022106e58000 JavaThread "Stdin handler" [_thread_blocked, id=8000, stack(0x000000bf20f00000,0x000000bf21000000)]
  0x0000022106c8b000 JavaThread "Daemon client event forwarder" [_thread_blocked, id=4240, stack(0x000000bf21000000,0x000000bf21100000)]
  0x0000022108089800 JavaThread "Cache worker for file hash cache (C:\Users\a0587\.gradle\caches\7.0.2\fileHashes)" [_thread_blocked, id=8800, stack(0x000000bf21200000,0x000000bf21300000)]
  0x000002210808e800 JavaThread "File lock request listener" [_thread_in_native, id=9084, stack(0x000000bf21300000,0x000000bf21400000)]
  0x000002210808d800 JavaThread "Cache worker for journal cache (C:\Users\a0587\.gradle\caches\journal-1)" [_thread_blocked, id=14248, stack(0x000000bf21400000,0x000000bf21500000)]
  0x0000022107516800 JavaThread "C2 CompilerThread1" daemon [_thread_in_native, id=2340, stack(0x000000bf21500000,0x000000bf21600000)]
  0x000002210808d000 JavaThread "Cache worker for file hash cache (E:\Programs\Test\.gradle\7.0.2\fileHashes)" [_thread_blocked, id=6684, stack(0x000000bf21600000,0x000000bf21700000)]
  0x000002210808f000 JavaThread "File watcher server" daemon [_thread_in_native, id=15000, stack(0x000000bf21700000,0x000000bf21800000)]
  0x0000022108090000 JavaThread "File watcher consumer" daemon [_thread_blocked, id=1512, stack(0x000000bf21800000,0x000000bf21900000)]
  0x000002210808a800 JavaThread "Cache worker for checksums cache (E:\Programs\Test\.gradle\checksums)" [_thread_blocked, id=13340, stack(0x000000bf21900000,0x000000bf21a00000)]
  0x000002210808b000 JavaThread "Cache worker for cache directory md-supplier (C:\Users\a0587\.gradle\caches\7.0.2\md-supplier)" [_thread_blocked, id=2300, stack(0x000000bf21a00000,0x000000bf21b00000)]
  0x000002210808c000 JavaThread "Cache worker for cache directory md-rule (C:\Users\a0587\.gradle\caches\7.0.2\md-rule)" [_thread_blocked, id=12836, stack(0x000000bf21b00000,0x000000bf21c00000)]
  0x0000022109059000 JavaThread "Cache worker for execution history cache (C:\Users\a0587\.gradle\caches\7.0.2\executionHistory)" [_thread_blocked, id=13128, stack(0x000000bf21c00000,0x000000bf21d00000)]
  0x0000022109059800 JavaThread "jar transforms" [_thread_blocked, id=10376, stack(0x000000bf21d00000,0x000000bf21e00000)]
  0x000002210905a800 JavaThread "jar transforms Thread 2" [_thread_blocked, id=14012, stack(0x000000bf21e00000,0x000000bf21f00000)]
  0x0000022109054800 JavaThread "Cache worker for file content cache (C:\Users\a0587\.gradle\caches\7.0.2\fileContent)" [_thread_blocked, id=15116, stack(0x000000bf21f00000,0x000000bf22000000)]
  0x0000022109057000 JavaThread "Cache worker for dependencies-accessors (E:\Programs\Test\.gradle\7.0.2\dependencies-accessors)" [_thread_blocked, id=11508, stack(0x000000bf22000000,0x000000bf22100000)]
  0x0000022109055800 JavaThread "jar transforms Thread 3" [_thread_blocked, id=15108, stack(0x000000bf22100000,0x000000bf22200000)]
  0x000002210905c000 JavaThread "Cache worker for Build Output Cleanup Cache (E:\Programs\Test\.gradle\buildOutputCleanup)" [_thread_blocked, id=3004, stack(0x000000bf22200000,0x000000bf22300000)]
  0x0000022109056800 JavaThread "Build operations" [_thread_blocked, id=12776, stack(0x000000bf22300000,0x000000bf22400000)]
  0x000002210905d000 JavaThread "Build operations Thread 2" [_thread_blocked, id=14472, stack(0x000000bf22400000,0x000000bf22500000)]
  0x000002210905d800 JavaThread "Build operations Thread 3" [_thread_blocked, id=12604, stack(0x000000bf22500000,0x000000bf22600000)]
  0x0000022109058000 JavaThread "Build operations Thread 4" [_thread_blocked, id=15136, stack(0x000000bf22600000,0x000000bf22700000)]
  0x000002210905e800 JavaThread "jar transforms Thread 4" [_thread_blocked, id=14516, stack(0x000000bf22700000,0x000000bf22800000)]
  0x000002210905f800 JavaThread "Memory manager" [_thread_blocked, id=2436, stack(0x000000bf22800000,0x000000bf22900000)]
  0x0000022109061000 JavaThread "build event listener" [_thread_blocked, id=9088, stack(0x000000bf22900000,0x000000bf22a00000)]
  0x0000022109062000 JavaThread "Execution worker for ':'" [_thread_blocked, id=14132, stack(0x000000bf22a00000,0x000000bf22b00000)]
  0x0000022109063800 JavaThread "Execution worker for ':' Thread 2" [_thread_blocked, id=13572, stack(0x000000bf22b00000,0x000000bf22c00000)]
  0x0000022109062800 JavaThread "Execution worker for ':' Thread 3" [_thread_blocked, id=10152, stack(0x000000bf22c00000,0x000000bf22d00000)]
  0x000002210c791000 JavaThread "Cache worker for execution history cache (E:\Programs\Test\.gradle\7.0.2\executionHistory)" [_thread_blocked, id=10560, stack(0x000000bf22d00000,0x000000bf22e00000)]
  0x000002210c790800 JavaThread "WorkerExecutor Queue" [_thread_blocked, id=232, stack(0x000000bf22e00000,0x000000bf22f00000)]
  0x000002210c792000 JavaThread "pool-3-thread-1" [_thread_blocked, id=7572, stack(0x000000bf22f00000,0x000000bf23000000)]
  0x000002210c78e000 JavaThread "stderr" [_thread_in_native, id=14912, stack(0x000000bf23000000,0x000000bf23100000)]
  0x000002210c793000 JavaThread "stdout" [_thread_in_native, id=9628, stack(0x000000bf23100000,0x000000bf23200000)]

Other Threads:
  0x000002217e796000 VMThread "VM Thread" [stack: 0x000000bf1fa00000,0x000000bf1fb00000] [id=11256]
  0x000002217f216800 WatcherThread [stack: 0x000000bf20400000,0x000000bf20500000] [id=14028]
  0x000002216aba9800 GCTaskThread "GC Thread#0" [stack: 0x000000bf1f500000,0x000000bf1f600000] [id=15208]
  0x000002217fa37800 GCTaskThread "GC Thread#1" [stack: 0x000000bf20600000,0x000000bf20700000] [id=9324]
  0x000002217f40e800 GCTaskThread "GC Thread#2" [stack: 0x000000bf20700000,0x000000bf20800000] [id=13548]
  0x000002210689d800 GCTaskThread "GC Thread#3" [stack: 0x000000bf21100000,0x000000bf21200000] [id=9404]
  0x000002216abdd800 ConcurrentGCThread "G1 Main Marker" [stack: 0x000000bf1f600000,0x000000bf1f700000] [id=1816]
  0x000002216abdf000 ConcurrentGCThread "G1 Conc#0" [stack: 0x000000bf1f700000,0x000000bf1f800000] [id=14144]
  0x000002216ac6c800 ConcurrentGCThread "G1 Refine#0" [stack: 0x000000bf1f800000,0x000000bf1f900000] [id=14908]
  0x000002216ac6d800 ConcurrentGCThread "G1 Young RemSet Sampling" [stack: 0x000000bf1f900000,0x000000bf1fa00000] [id=15028]

Threads with active compile tasks:
C2 CompilerThread0  18020 9648       4       java.lang.reflect.Method::invoke (65 bytes)
C2 CompilerThread1  18020 9754       4       java.lang.reflect.AccessibleObject::checkAccess (40 bytes)

VM state:not at safepoint (normal execution)

VM Mutex/Monitor currently owned by a thread: None

Heap address: 0x0000000080000000, size: 2048 MB, Compressed Oops mode: 32-bit
Narrow klass base: 0x0000000000000000, Narrow klass shift: 3
Compressed class space size: 1073741824 Address: 0x0000000100000000

Heap:
 garbage-first heap   total 227328K, used 89722K [0x0000000080000000, 0x0000000100000000)
  region size 1024K, 34 young (34816K), 11 survivors (11264K)
 Metaspace       used 84382K, capacity 86597K, committed 86864K, reserved 1124352K
  class space    used 10808K, capacity 11609K, committed 11680K, reserved 1048576K
Heap Regions: E=young(eden), S=young(survivor), O=old, HS=humongous(starts), HC=humongous(continues), CS=collection set, F=free, A=archive, TAMS=top-at-mark-start (previous, next)
|   0|0x0000000080000000, 0x0000000080100000, 0x0000000080100000|100%|HS|  |TAMS 0x0000000080100000, 0x0000000080000000| Complete 
|   1|0x0000000080100000, 0x0000000080200000, 0x0000000080200000|100%|HC|  |TAMS 0x0000000080200000, 0x0000000080100000| Complete 
|   2|0x0000000080200000, 0x0000000080300000, 0x0000000080300000|100%|HC|  |TAMS 0x0000000080300000, 0x0000000080200000| Complete 
|   3|0x0000000080300000, 0x0000000080400000, 0x0000000080400000|100%| O|  |TAMS 0x0000000080400000, 0x0000000080300000| Untracked 
|   4|0x0000000080400000, 0x0000000080500000, 0x0000000080500000|100%| O|  |TAMS 0x0000000080500000, 0x0000000080400000| Untracked 
|   5|0x0000000080500000, 0x0000000080600000, 0x0000000080600000|100%| O|  |TAMS 0x0000000080600000, 0x0000000080500000| Untracked 
|   6|0x0000000080600000, 0x0000000080700000, 0x0000000080700000|100%| O|  |TAMS 0x0000000080700000, 0x0000000080600000| Untracked 
|   7|0x0000000080700000, 0x0000000080800000, 0x0000000080800000|100%| O|  |TAMS 0x0000000080800000, 0x0000000080700000| Untracked 
|   8|0x0000000080800000, 0x0000000080900000, 0x0000000080900000|100%| O|  |TAMS 0x0000000080900000, 0x0000000080800000| Untracked 
|   9|0x0000000080900000, 0x0000000080a00000, 0x0000000080a00000|100%| O|  |TAMS 0x0000000080a00000, 0x0000000080900000| Untracked 
|  10|0x0000000080a00000, 0x0000000080b00000, 0x0000000080b00000|100%| O|  |TAMS 0x0000000080b00000, 0x0000000080a00000| Untracked 
|  11|0x0000000080b00000, 0x0000000080c00000, 0x0000000080c00000|100%| O|  |TAMS 0x0000000080c00000, 0x0000000080b00000| Untracked 
|  12|0x0000000080c00000, 0x0000000080d00000, 0x0000000080d00000|100%| O|  |TAMS 0x0000000080d00000, 0x0000000080c00000| Untracked 
|  13|0x0000000080d00000, 0x0000000080e00000, 0x0000000080e00000|100%| O|  |TAMS 0x0000000080e00000, 0x0000000080d00000| Untracked 
|  14|0x0000000080e00000, 0x0000000080f00000, 0x0000000080f00000|100%| O|  |TAMS 0x0000000080f00000, 0x0000000080e00000| Untracked 
|  15|0x0000000080f00000, 0x0000000081000000, 0x0000000081000000|100%| O|  |TAMS 0x0000000081000000, 0x0000000080f00000| Untracked 
|  16|0x0000000081000000, 0x0000000081100000, 0x0000000081100000|100%| O|  |TAMS 0x0000000081100000, 0x0000000081000000| Untracked 
|  17|0x0000000081100000, 0x0000000081200000, 0x0000000081200000|100%| O|  |TAMS 0x0000000081200000, 0x0000000081100000| Untracked 
|  18|0x0000000081200000, 0x0000000081300000, 0x0000000081300000|100%| O|  |TAMS 0x0000000081300000, 0x0000000081200000| Untracked 
|  19|0x0000000081300000, 0x0000000081400000, 0x0000000081400000|100%|HS|  |TAMS 0x0000000081400000, 0x0000000081300000| Complete 
|  20|0x0000000081400000, 0x0000000081500000, 0x0000000081500000|100%| O|  |TAMS 0x0000000081500000, 0x0000000081400000| Untracked 
|  21|0x0000000081500000, 0x0000000081600000, 0x0000000081600000|100%| O|  |TAMS 0x0000000081600000, 0x0000000081500000| Untracked 
|  22|0x0000000081600000, 0x0000000081700000, 0x0000000081700000|100%| O|  |TAMS 0x0000000081700000, 0x0000000081600000| Untracked 
|  23|0x0000000081700000, 0x0000000081800000, 0x0000000081800000|100%|HS|  |TAMS 0x0000000081800000, 0x0000000081700000| Complete 
|  24|0x0000000081800000, 0x0000000081900000, 0x0000000081900000|100%|HS|  |TAMS 0x0000000081900000, 0x0000000081800000| Complete 
|  25|0x0000000081900000, 0x0000000081a00000, 0x0000000081a00000|100%|HC|  |TAMS 0x0000000081a00000, 0x0000000081900000| Complete 
|  26|0x0000000081a00000, 0x0000000081b00000, 0x0000000081b00000|100%| O|  |TAMS 0x0000000081b00000, 0x0000000081a00000| Untracked 
|  27|0x0000000081b00000, 0x0000000081c00000, 0x0000000081c00000|100%| O|  |TAMS 0x0000000081c00000, 0x0000000081b00000| Untracked 
|  28|0x0000000081c00000, 0x0000000081d00000, 0x0000000081d00000|100%| O|  |TAMS 0x0000000081d00000, 0x0000000081c00000| Untracked 
|  29|0x0000000081d00000, 0x0000000081e00000, 0x0000000081e00000|100%| O|  |TAMS 0x0000000081e00000, 0x0000000081d00000| Untracked 
|  30|0x0000000081e00000, 0x0000000081f00000, 0x0000000081f00000|100%| O|  |TAMS 0x0000000081f00000, 0x0000000081e00000| Untracked 
|  31|0x0000000081f00000, 0x0000000082000000, 0x0000000082000000|100%| O|  |TAMS 0x0000000081f00000, 0x0000000081f00000| Untracked 
|  32|0x0000000082000000, 0x0000000082100000, 0x0000000082100000|100%| O|  |TAMS 0x0000000082100000, 0x0000000082000000| Untracked 
|  33|0x0000000082100000, 0x0000000082200000, 0x0000000082200000|100%| O|  |TAMS 0x0000000082200000, 0x0000000082100000| Untracked 
|  34|0x0000000082200000, 0x0000000082300000, 0x0000000082300000|100%| O|  |TAMS 0x0000000082300000, 0x0000000082200000| Untracked 
|  35|0x0000000082300000, 0x0000000082400000, 0x0000000082400000|100%| O|  |TAMS 0x0000000082400000, 0x0000000082300000| Untracked 
|  36|0x0000000082400000, 0x0000000082500000, 0x0000000082500000|100%| O|  |TAMS 0x0000000082500000, 0x0000000082400000| Untracked 
|  37|0x0000000082500000, 0x0000000082600000, 0x0000000082600000|100%| O|  |TAMS 0x0000000082600000, 0x0000000082500000| Untracked 
|  38|0x0000000082600000, 0x0000000082700000, 0x0000000082700000|100%| O|  |TAMS 0x0000000082700000, 0x0000000082600000| Untracked 
|  39|0x0000000082700000, 0x0000000082800000, 0x0000000082800000|100%| O|  |TAMS 0x0000000082800000, 0x0000000082700000| Untracked 
|  40|0x0000000082800000, 0x0000000082900000, 0x0000000082900000|100%| O|  |TAMS 0x0000000082900000, 0x0000000082800000| Untracked 
|  41|0x0000000082900000, 0x0000000082a00000, 0x0000000082a00000|100%| O|  |TAMS 0x0000000082a00000, 0x0000000082900000| Untracked 
|  42|0x0000000082a00000, 0x0000000082b00000, 0x0000000082b00000|100%| O|  |TAMS 0x0000000082b00000, 0x0000000082a00000| Untracked 
|  43|0x0000000082b00000, 0x0000000082c00000, 0x0000000082c00000|100%| O|  |TAMS 0x0000000082c00000, 0x0000000082b00000| Untracked 
|  44|0x0000000082c00000, 0x0000000082d00000, 0x0000000082d00000|100%| O|  |TAMS 0x0000000082ce9a00, 0x0000000082c00000| Untracked 
|  45|0x0000000082d00000, 0x0000000082e00000, 0x0000000082e00000|100%| O|  |TAMS 0x0000000082d00000, 0x0000000082d00000| Untracked 
|  46|0x0000000082e00000, 0x0000000082f00000, 0x0000000082f00000|100%| O|  |TAMS 0x0000000082e00000, 0x0000000082e00000| Untracked 
|  47|0x0000000082f00000, 0x0000000083000000, 0x0000000083000000|100%| O|  |TAMS 0x0000000082f00000, 0x0000000082f00000| Untracked 
|  48|0x0000000083000000, 0x0000000083100000, 0x0000000083100000|100%| O|  |TAMS 0x0000000083000000, 0x0000000083000000| Untracked 
|  49|0x0000000083100000, 0x0000000083200000, 0x0000000083200000|100%| O|  |TAMS 0x0000000083100000, 0x0000000083100000| Untracked 
|  50|0x0000000083200000, 0x0000000083300000, 0x0000000083300000|100%| O|  |TAMS 0x0000000083200000, 0x0000000083200000| Untracked 
|  51|0x0000000083300000, 0x0000000083400000, 0x0000000083400000|100%| O|  |TAMS 0x0000000083300000, 0x0000000083300000| Untracked 
|  52|0x0000000083400000, 0x0000000083500000, 0x0000000083500000|100%| O|  |TAMS 0x0000000083400000, 0x0000000083400000| Untracked 
|  53|0x0000000083500000, 0x0000000083600000, 0x0000000083600000|100%| O|  |TAMS 0x0000000083500000, 0x0000000083500000| Untracked 
|  54|0x0000000083600000, 0x0000000083700000, 0x0000000083700000|100%| O|  |TAMS 0x0000000083600000, 0x0000000083600000| Untracked 
|  55|0x0000000083700000, 0x00000000837b5a00, 0x0000000083800000| 70%| O|  |TAMS 0x0000000083700000, 0x0000000083700000| Untracked 
|  56|0x0000000083800000, 0x0000000083800000, 0x0000000083900000|  0%| F|  |TAMS 0x0000000083800000, 0x0000000083800000| Untracked 
|  57|0x0000000083900000, 0x0000000083900000, 0x0000000083a00000|  0%| F|  |TAMS 0x0000000083900000, 0x0000000083900000| Untracked 
|  58|0x0000000083a00000, 0x0000000083a00000, 0x0000000083b00000|  0%| F|  |TAMS 0x0000000083a00000, 0x0000000083a00000| Untracked 
|  59|0x0000000083b00000, 0x0000000083b00000, 0x0000000083c00000|  0%| F|  |TAMS 0x0000000083b00000, 0x0000000083b00000| Untracked 
|  60|0x0000000083c00000, 0x0000000083c00000, 0x0000000083d00000|  0%| F|  |TAMS 0x0000000083c00000, 0x0000000083c00000| Untracked 
|  61|0x0000000083d00000, 0x0000000083d00000, 0x0000000083e00000|  0%| F|  |TAMS 0x0000000083d00000, 0x0000000083d00000| Untracked 
|  62|0x0000000083e00000, 0x0000000083e00000, 0x0000000083f00000|  0%| F|  |TAMS 0x0000000083e00000, 0x0000000083e00000| Untracked 
|  63|0x0000000083f00000, 0x0000000083f00000, 0x0000000084000000|  0%| F|  |TAMS 0x0000000083f00000, 0x0000000083f00000| Untracked 
|  64|0x0000000084000000, 0x0000000084000000, 0x0000000084100000|  0%| F|  |TAMS 0x0000000084000000, 0x0000000084000000| Untracked 
|  65|0x0000000084100000, 0x0000000084100000, 0x0000000084200000|  0%| F|  |TAMS 0x0000000084100000, 0x0000000084100000| Untracked 
|  66|0x0000000084200000, 0x0000000084200000, 0x0000000084300000|  0%| F|  |TAMS 0x0000000084200000, 0x0000000084200000| Untracked 
|  67|0x0000000084300000, 0x0000000084300000, 0x0000000084400000|  0%| F|  |TAMS 0x0000000084300000, 0x0000000084300000| Untracked 
|  68|0x0000000084400000, 0x0000000084400000, 0x0000000084500000|  0%| F|  |TAMS 0x0000000084400000, 0x0000000084400000| Untracked 
|  69|0x0000000084500000, 0x0000000084500000, 0x0000000084600000|  0%| F|  |TAMS 0x0000000084500000, 0x0000000084500000| Untracked 
|  70|0x0000000084600000, 0x0000000084600000, 0x0000000084700000|  0%| F|  |TAMS 0x0000000084600000, 0x0000000084600000| Untracked 
|  71|0x0000000084700000, 0x0000000084700000, 0x0000000084800000|  0%| F|  |TAMS 0x0000000084700000, 0x0000000084700000| Untracked 
|  72|0x0000000084800000, 0x0000000084800000, 0x0000000084900000|  0%| F|  |TAMS 0x0000000084800000, 0x0000000084800000| Untracked 
|  73|0x0000000084900000, 0x0000000084900000, 0x0000000084a00000|  0%| F|  |TAMS 0x0000000084900000, 0x0000000084900000| Untracked 
|  74|0x0000000084a00000, 0x0000000084a00000, 0x0000000084b00000|  0%| F|  |TAMS 0x0000000084a00000, 0x0000000084a00000| Untracked 
|  75|0x0000000084b00000, 0x0000000084b00000, 0x0000000084c00000|  0%| F|  |TAMS 0x0000000084b00000, 0x0000000084b00000| Untracked 
|  76|0x0000000084c00000, 0x0000000084c00000, 0x0000000084d00000|  0%| F|  |TAMS 0x0000000084c00000, 0x0000000084c00000| Untracked 
|  77|0x0000000084d00000, 0x0000000084d00000, 0x0000000084e00000|  0%| F|  |TAMS 0x0000000084d00000, 0x0000000084d00000| Untracked 
|  78|0x0000000084e00000, 0x0000000084e00000, 0x0000000084f00000|  0%| F|  |TAMS 0x0000000084e00000, 0x0000000084e00000| Untracked 
|  79|0x0000000084f00000, 0x0000000084f00000, 0x0000000085000000|  0%| F|  |TAMS 0x0000000084f00000, 0x0000000084f00000| Untracked 
|  80|0x0000000085000000, 0x0000000085000000, 0x0000000085100000|  0%| F|  |TAMS 0x0000000085000000, 0x0000000085000000| Untracked 
|  81|0x0000000085100000, 0x0000000085100000, 0x0000000085200000|  0%| F|  |TAMS 0x0000000085100000, 0x0000000085100000| Untracked 
|  82|0x0000000085200000, 0x0000000085200000, 0x0000000085300000|  0%| F|  |TAMS 0x0000000085200000, 0x0000000085200000| Untracked 
|  83|0x0000000085300000, 0x0000000085300000, 0x0000000085400000|  0%| F|  |TAMS 0x0000000085300000, 0x0000000085300000| Untracked 
|  84|0x0000000085400000, 0x0000000085400000, 0x0000000085500000|  0%| F|  |TAMS 0x0000000085400000, 0x0000000085400000| Untracked 
|  85|0x0000000085500000, 0x0000000085500000, 0x0000000085600000|  0%| F|  |TAMS 0x0000000085500000, 0x0000000085500000| Untracked 
|  86|0x0000000085600000, 0x0000000085600000, 0x0000000085700000|  0%| F|  |TAMS 0x0000000085600000, 0x0000000085600000| Untracked 
|  87|0x0000000085700000, 0x0000000085700000, 0x0000000085800000|  0%| F|  |TAMS 0x0000000085700000, 0x0000000085700000| Untracked 
|  88|0x0000000085800000, 0x0000000085800000, 0x0000000085900000|  0%| F|  |TAMS 0x0000000085800000, 0x0000000085800000| Untracked 
|  89|0x0000000085900000, 0x0000000085900000, 0x0000000085a00000|  0%| F|  |TAMS 0x0000000085900000, 0x0000000085900000| Untracked 
|  90|0x0000000085a00000, 0x0000000085a00000, 0x0000000085b00000|  0%| F|  |TAMS 0x0000000085a00000, 0x0000000085a00000| Untracked 
|  91|0x0000000085b00000, 0x0000000085b00000, 0x0000000085c00000|  0%| F|  |TAMS 0x0000000085b00000, 0x0000000085b00000| Untracked 
|  92|0x0000000085c00000, 0x0000000085c00000, 0x0000000085d00000|  0%| F|  |TAMS 0x0000000085c00000, 0x0000000085c00000| Untracked 
|  93|0x0000000085d00000, 0x0000000085d00000, 0x0000000085e00000|  0%| F|  |TAMS 0x0000000085d00000, 0x0000000085d00000| Untracked 
|  94|0x0000000085e00000, 0x0000000085e00000, 0x0000000085f00000|  0%| F|  |TAMS 0x0000000085e00000, 0x0000000085e00000| Untracked 
|  95|0x0000000085f00000, 0x0000000085f00000, 0x0000000086000000|  0%| F|  |TAMS 0x0000000085f00000, 0x0000000085f00000| Untracked 
|  96|0x0000000086000000, 0x0000000086000000, 0x0000000086100000|  0%| F|  |TAMS 0x0000000086000000, 0x0000000086000000| Untracked 
|  97|0x0000000086100000, 0x0000000086100000, 0x0000000086200000|  0%| F|  |TAMS 0x0000000086100000, 0x0000000086100000| Untracked 
|  98|0x0000000086200000, 0x0000000086200000, 0x0000000086300000|  0%| F|  |TAMS 0x0000000086200000, 0x0000000086200000| Untracked 
|  99|0x0000000086300000, 0x0000000086300000, 0x0000000086400000|  0%| F|  |TAMS 0x0000000086300000, 0x0000000086300000| Untracked 
| 100|0x0000000086400000, 0x0000000086400000, 0x0000000086500000|  0%| F|  |TAMS 0x0000000086400000, 0x0000000086400000| Untracked 
| 101|0x0000000086500000, 0x0000000086500000, 0x0000000086600000|  0%| F|  |TAMS 0x0000000086500000, 0x0000000086500000| Untracked 
| 102|0x0000000086600000, 0x0000000086600000, 0x0000000086700000|  0%| F|  |TAMS 0x0000000086600000, 0x0000000086600000| Untracked 
| 103|0x0000000086700000, 0x0000000086700000, 0x0000000086800000|  0%| F|  |TAMS 0x0000000086700000, 0x0000000086700000| Untracked 
| 104|0x0000000086800000, 0x0000000086800000, 0x0000000086900000|  0%| F|  |TAMS 0x0000000086800000, 0x0000000086800000| Untracked 
| 105|0x0000000086900000, 0x00000000869e90e0, 0x0000000086a00000| 91%| S|CS|TAMS 0x0000000086900000, 0x0000000086900000| Complete 
| 106|0x0000000086a00000, 0x0000000086b00000, 0x0000000086b00000|100%| S|CS|TAMS 0x0000000086a00000, 0x0000000086a00000| Complete 
| 107|0x0000000086b00000, 0x0000000086c00000, 0x0000000086c00000|100%| S|CS|TAMS 0x0000000086b00000, 0x0000000086b00000| Complete 
| 108|0x0000000086c00000, 0x0000000086d00000, 0x0000000086d00000|100%| S|CS|TAMS 0x0000000086c00000, 0x0000000086c00000| Complete 
| 109|0x0000000086d00000, 0x0000000086e00000, 0x0000000086e00000|100%| S|CS|TAMS 0x0000000086d00000, 0x0000000086d00000| Complete 
| 110|0x0000000086e00000, 0x0000000086f00000, 0x0000000086f00000|100%| S|CS|TAMS 0x0000000086e00000, 0x0000000086e00000| Complete 
| 111|0x0000000086f00000, 0x0000000087000000, 0x0000000087000000|100%| S|CS|TAMS 0x0000000086f00000, 0x0000000086f00000| Complete 
| 112|0x0000000087000000, 0x0000000087100000, 0x0000000087100000|100%| S|CS|TAMS 0x0000000087000000, 0x0000000087000000| Complete 
| 113|0x0000000087100000, 0x0000000087200000, 0x0000000087200000|100%| S|CS|TAMS 0x0000000087100000, 0x0000000087100000| Complete 
| 114|0x0000000087200000, 0x0000000087300000, 0x0000000087300000|100%| S|CS|TAMS 0x0000000087200000, 0x0000000087200000| Complete 
| 115|0x0000000087300000, 0x0000000087400000, 0x0000000087400000|100%| S|CS|TAMS 0x0000000087300000, 0x0000000087300000| Complete 
| 116|0x0000000087400000, 0x0000000087400000, 0x0000000087500000|  0%| F|  |TAMS 0x0000000087400000, 0x0000000087400000| Untracked 
| 117|0x0000000087500000, 0x0000000087500000, 0x0000000087600000|  0%| F|  |TAMS 0x0000000087500000, 0x0000000087500000| Untracked 
| 118|0x0000000087600000, 0x0000000087600000, 0x0000000087700000|  0%| F|  |TAMS 0x0000000087600000, 0x0000000087600000| Untracked 
| 119|0x0000000087700000, 0x0000000087700000, 0x0000000087800000|  0%| F|  |TAMS 0x0000000087700000, 0x0000000087700000| Untracked 
| 120|0x0000000087800000, 0x0000000087800000, 0x0000000087900000|  0%| F|  |TAMS 0x0000000087800000, 0x0000000087800000| Untracked 
| 121|0x0000000087900000, 0x0000000087900000, 0x0000000087a00000|  0%| F|  |TAMS 0x0000000087900000, 0x0000000087900000| Untracked 
| 122|0x0000000087a00000, 0x0000000087a00000, 0x0000000087b00000|  0%| F|  |TAMS 0x0000000087a00000, 0x0000000087a00000| Untracked 
| 123|0x0000000087b00000, 0x0000000087b00000, 0x0000000087c00000|  0%| F|  |TAMS 0x0000000087b00000, 0x0000000087b00000| Untracked 
| 124|0x0000000087c00000, 0x0000000087c00000, 0x0000000087d00000|  0%| F|  |TAMS 0x0000000087c00000, 0x0000000087c00000| Untracked 
| 125|0x0000000087d00000, 0x0000000087d00000, 0x0000000087e00000|  0%| F|  |TAMS 0x0000000087d00000, 0x0000000087d00000| Untracked 
| 126|0x0000000087e00000, 0x0000000087e00000, 0x0000000087f00000|  0%| F|  |TAMS 0x0000000087e00000, 0x0000000087e00000| Untracked 
| 127|0x0000000087f00000, 0x0000000087f00000, 0x0000000088000000|  0%| F|  |TAMS 0x0000000087f00000, 0x0000000087f00000| Untracked 
| 128|0x0000000088000000, 0x0000000088000000, 0x0000000088100000|  0%| F|  |TAMS 0x0000000088000000, 0x0000000088000000| Untracked 
| 129|0x0000000088100000, 0x0000000088100000, 0x0000000088200000|  0%| F|  |TAMS 0x0000000088100000, 0x0000000088100000| Untracked 
| 130|0x0000000088200000, 0x0000000088200000, 0x0000000088300000|  0%| F|  |TAMS 0x0000000088200000, 0x0000000088200000| Untracked 
| 131|0x0000000088300000, 0x0000000088300000, 0x0000000088400000|  0%| F|  |TAMS 0x0000000088300000, 0x0000000088300000| Untracked 
| 132|0x0000000088400000, 0x0000000088400000, 0x0000000088500000|  0%| F|  |TAMS 0x0000000088400000, 0x0000000088400000| Untracked 
| 133|0x0000000088500000, 0x0000000088500000, 0x0000000088600000|  0%| F|  |TAMS 0x0000000088500000, 0x0000000088500000| Untracked 
| 134|0x0000000088600000, 0x0000000088600000, 0x0000000088700000|  0%| F|  |TAMS 0x0000000088600000, 0x0000000088600000| Untracked 
| 135|0x0000000088700000, 0x0000000088700000, 0x0000000088800000|  0%| F|  |TAMS 0x0000000088700000, 0x0000000088700000| Untracked 
| 136|0x0000000088800000, 0x0000000088800000, 0x0000000088900000|  0%| F|  |TAMS 0x0000000088800000, 0x0000000088800000| Untracked 
| 137|0x0000000088900000, 0x0000000088900000, 0x0000000088a00000|  0%| F|  |TAMS 0x0000000088900000, 0x0000000088900000| Untracked 
| 138|0x0000000088a00000, 0x0000000088a00000, 0x0000000088b00000|  0%| F|  |TAMS 0x0000000088a00000, 0x0000000088a00000| Untracked 
| 139|0x0000000088b00000, 0x0000000088b00000, 0x0000000088c00000|  0%| F|  |TAMS 0x0000000088b00000, 0x0000000088b00000| Untracked 
| 140|0x0000000088c00000, 0x0000000088c00000, 0x0000000088d00000|  0%| F|  |TAMS 0x0000000088c00000, 0x0000000088c00000| Untracked 
| 141|0x0000000088d00000, 0x0000000088d00000, 0x0000000088e00000|  0%| F|  |TAMS 0x0000000088d00000, 0x0000000088d00000| Untracked 
| 142|0x0000000088e00000, 0x0000000088e00000, 0x0000000088f00000|  0%| F|  |TAMS 0x0000000088e00000, 0x0000000088e00000| Untracked 
| 143|0x0000000088f00000, 0x0000000088f00000, 0x0000000089000000|  0%| F|  |TAMS 0x0000000088f00000, 0x0000000088f00000| Untracked 
| 144|0x0000000089000000, 0x0000000089000000, 0x0000000089100000|  0%| F|  |TAMS 0x0000000089000000, 0x0000000089000000| Untracked 
| 145|0x0000000089100000, 0x0000000089100000, 0x0000000089200000|  0%| F|  |TAMS 0x0000000089100000, 0x0000000089100000| Untracked 
| 146|0x0000000089200000, 0x0000000089200000, 0x0000000089300000|  0%| F|  |TAMS 0x0000000089200000, 0x0000000089200000| Untracked 
| 147|0x0000000089300000, 0x0000000089300000, 0x0000000089400000|  0%| F|  |TAMS 0x0000000089300000, 0x0000000089300000| Untracked 
| 148|0x0000000089400000, 0x0000000089400000, 0x0000000089500000|  0%| F|  |TAMS 0x0000000089400000, 0x0000000089400000| Untracked 
| 149|0x0000000089500000, 0x0000000089500000, 0x0000000089600000|  0%| F|  |TAMS 0x0000000089500000, 0x0000000089500000| Untracked 
| 150|0x0000000089600000, 0x0000000089600000, 0x0000000089700000|  0%| F|  |TAMS 0x0000000089600000, 0x0000000089600000| Untracked 
| 151|0x0000000089700000, 0x0000000089700000, 0x0000000089800000|  0%| F|  |TAMS 0x0000000089700000, 0x0000000089700000| Untracked 
| 152|0x0000000089800000, 0x0000000089800000, 0x0000000089900000|  0%| F|  |TAMS 0x0000000089800000, 0x0000000089800000| Untracked 
| 153|0x0000000089900000, 0x0000000089900000, 0x0000000089a00000|  0%| F|  |TAMS 0x0000000089900000, 0x0000000089900000| Untracked 
| 154|0x0000000089a00000, 0x0000000089a00000, 0x0000000089b00000|  0%| F|  |TAMS 0x0000000089a00000, 0x0000000089a00000| Untracked 
| 155|0x0000000089b00000, 0x0000000089b00000, 0x0000000089c00000|  0%| F|  |TAMS 0x0000000089b00000, 0x0000000089b00000| Untracked 
| 156|0x0000000089c00000, 0x0000000089c00000, 0x0000000089d00000|  0%| F|  |TAMS 0x0000000089c00000, 0x0000000089c00000| Untracked 
| 157|0x0000000089d00000, 0x0000000089d00000, 0x0000000089e00000|  0%| F|  |TAMS 0x0000000089d00000, 0x0000000089d00000| Untracked 
| 158|0x0000000089e00000, 0x0000000089e00000, 0x0000000089f00000|  0%| F|  |TAMS 0x0000000089e00000, 0x0000000089e00000| Untracked 
| 159|0x0000000089f00000, 0x0000000089f00000, 0x000000008a000000|  0%| F|  |TAMS 0x0000000089f00000, 0x0000000089f00000| Untracked 
| 160|0x000000008a000000, 0x000000008a000000, 0x000000008a100000|  0%| F|  |TAMS 0x000000008a000000, 0x000000008a000000| Untracked 
| 161|0x000000008a100000, 0x000000008a100000, 0x000000008a200000|  0%| F|  |TAMS 0x000000008a100000, 0x000000008a100000| Untracked 
| 162|0x000000008a200000, 0x000000008a200000, 0x000000008a300000|  0%| F|  |TAMS 0x000000008a200000, 0x000000008a200000| Untracked 
| 163|0x000000008a300000, 0x000000008a300000, 0x000000008a400000|  0%| F|  |TAMS 0x000000008a300000, 0x000000008a300000| Untracked 
| 164|0x000000008a400000, 0x000000008a400000, 0x000000008a500000|  0%| F|  |TAMS 0x000000008a400000, 0x000000008a400000| Untracked 
| 165|0x000000008a500000, 0x000000008a500000, 0x000000008a600000|  0%| F|  |TAMS 0x000000008a500000, 0x000000008a500000| Untracked 
| 166|0x000000008a600000, 0x000000008a600000, 0x000000008a700000|  0%| F|  |TAMS 0x000000008a600000, 0x000000008a600000| Untracked 
| 167|0x000000008a700000, 0x000000008a700000, 0x000000008a800000|  0%| F|  |TAMS 0x000000008a700000, 0x000000008a700000| Untracked 
| 168|0x000000008a800000, 0x000000008a800000, 0x000000008a900000|  0%| F|  |TAMS 0x000000008a800000, 0x000000008a800000| Untracked 
| 169|0x000000008a900000, 0x000000008a900000, 0x000000008aa00000|  0%| F|  |TAMS 0x000000008a900000, 0x000000008a900000| Untracked 
| 170|0x000000008aa00000, 0x000000008aa00000, 0x000000008ab00000|  0%| F|  |TAMS 0x000000008aa00000, 0x000000008aa00000| Untracked 
| 171|0x000000008ab00000, 0x000000008ab00000, 0x000000008ac00000|  0%| F|  |TAMS 0x000000008ab00000, 0x000000008ab00000| Untracked 
| 172|0x000000008ac00000, 0x000000008ac00000, 0x000000008ad00000|  0%| F|  |TAMS 0x000000008ac00000, 0x000000008ac00000| Untracked 
| 173|0x000000008ad00000, 0x000000008ad00000, 0x000000008ae00000|  0%| F|  |TAMS 0x000000008ad00000, 0x000000008ad00000| Untracked 
| 174|0x000000008ae00000, 0x000000008ae00000, 0x000000008af00000|  0%| F|  |TAMS 0x000000008ae00000, 0x000000008ae00000| Untracked 
| 175|0x000000008af00000, 0x000000008af00000, 0x000000008b000000|  0%| F|  |TAMS 0x000000008af00000, 0x000000008af00000| Untracked 
| 176|0x000000008b000000, 0x000000008b000000, 0x000000008b100000|  0%| F|  |TAMS 0x000000008b000000, 0x000000008b000000| Untracked 
| 177|0x000000008b100000, 0x000000008b100000, 0x000000008b200000|  0%| F|  |TAMS 0x000000008b100000, 0x000000008b100000| Untracked 
| 178|0x000000008b200000, 0x000000008b200000, 0x000000008b300000|  0%| F|  |TAMS 0x000000008b200000, 0x000000008b200000| Untracked 
| 179|0x000000008b300000, 0x000000008b300000, 0x000000008b400000|  0%| F|  |TAMS 0x000000008b300000, 0x000000008b300000| Untracked 
| 180|0x000000008b400000, 0x000000008b400000, 0x000000008b500000|  0%| F|  |TAMS 0x000000008b400000, 0x000000008b400000| Untracked 
| 181|0x000000008b500000, 0x000000008b500000, 0x000000008b600000|  0%| F|  |TAMS 0x000000008b500000, 0x000000008b500000| Untracked 
| 182|0x000000008b600000, 0x000000008b600000, 0x000000008b700000|  0%| F|  |TAMS 0x000000008b600000, 0x000000008b600000| Untracked 
| 183|0x000000008b700000, 0x000000008b700000, 0x000000008b800000|  0%| F|  |TAMS 0x000000008b700000, 0x000000008b700000| Untracked 
| 184|0x000000008b800000, 0x000000008b800000, 0x000000008b900000|  0%| F|  |TAMS 0x000000008b800000, 0x000000008b800000| Untracked 
| 185|0x000000008b900000, 0x000000008b900000, 0x000000008ba00000|  0%| F|  |TAMS 0x000000008b900000, 0x000000008b900000| Untracked 
| 186|0x000000008ba00000, 0x000000008ba00000, 0x000000008bb00000|  0%| F|  |TAMS 0x000000008ba00000, 0x000000008ba00000| Untracked 
| 187|0x000000008bb00000, 0x000000008bb00000, 0x000000008bc00000|  0%| F|  |TAMS 0x000000008bb00000, 0x000000008bb00000| Untracked 
| 188|0x000000008bc00000, 0x000000008bc00000, 0x000000008bd00000|  0%| F|  |TAMS 0x000000008bc00000, 0x000000008bc00000| Untracked 
| 189|0x000000008bd00000, 0x000000008bd00000, 0x000000008be00000|  0%| F|  |TAMS 0x000000008bd00000, 0x000000008bd00000| Untracked 
| 190|0x000000008be00000, 0x000000008be00000, 0x000000008bf00000|  0%| F|  |TAMS 0x000000008be00000, 0x000000008be00000| Untracked 
| 191|0x000000008bf00000, 0x000000008bf00000, 0x000000008c000000|  0%| F|  |TAMS 0x000000008bf00000, 0x000000008bf00000| Untracked 
| 192|0x000000008c000000, 0x000000008c000000, 0x000000008c100000|  0%| F|  |TAMS 0x000000008c000000, 0x000000008c000000| Untracked 
| 193|0x000000008c100000, 0x000000008c100000, 0x000000008c200000|  0%| F|  |TAMS 0x000000008c100000, 0x000000008c100000| Untracked 
| 194|0x000000008c200000, 0x000000008c200000, 0x000000008c300000|  0%| F|  |TAMS 0x000000008c200000, 0x000000008c200000| Untracked 
| 195|0x000000008c300000, 0x000000008c300000, 0x000000008c400000|  0%| F|  |TAMS 0x000000008c300000, 0x000000008c300000| Untracked 
| 196|0x000000008c400000, 0x000000008c400000, 0x000000008c500000|  0%| F|  |TAMS 0x000000008c400000, 0x000000008c400000| Untracked 
| 197|0x000000008c500000, 0x000000008c500000, 0x000000008c600000|  0%| F|  |TAMS 0x000000008c500000, 0x000000008c500000| Untracked 
| 198|0x000000008c600000, 0x000000008c600000, 0x000000008c700000|  0%| F|  |TAMS 0x000000008c600000, 0x000000008c600000| Untracked 
| 199|0x000000008c700000, 0x000000008c746598, 0x000000008c800000| 27%| E|  |TAMS 0x000000008c700000, 0x000000008c700000| Complete 
| 200|0x000000008c800000, 0x000000008c900000, 0x000000008c900000|100%| E|CS|TAMS 0x000000008c800000, 0x000000008c800000| Complete 
| 201|0x000000008c900000, 0x000000008ca00000, 0x000000008ca00000|100%| E|CS|TAMS 0x000000008c900000, 0x000000008c900000| Complete 
| 202|0x000000008ca00000, 0x000000008cb00000, 0x000000008cb00000|100%| E|CS|TAMS 0x000000008ca00000, 0x000000008ca00000| Complete 
| 203|0x000000008cb00000, 0x000000008cc00000, 0x000000008cc00000|100%| E|CS|TAMS 0x000000008cb00000, 0x000000008cb00000| Complete 
| 204|0x000000008cc00000, 0x000000008cd00000, 0x000000008cd00000|100%| E|CS|TAMS 0x000000008cc00000, 0x000000008cc00000| Complete 
| 205|0x000000008cd00000, 0x000000008ce00000, 0x000000008ce00000|100%| E|CS|TAMS 0x000000008cd00000, 0x000000008cd00000| Complete 
| 206|0x000000008ce00000, 0x000000008cf00000, 0x000000008cf00000|100%| E|CS|TAMS 0x000000008ce00000, 0x000000008ce00000| Complete 
| 207|0x000000008cf00000, 0x000000008d000000, 0x000000008d000000|100%| E|CS|TAMS 0x000000008cf00000, 0x000000008cf00000| Complete 
| 208|0x000000008d000000, 0x000000008d100000, 0x000000008d100000|100%| E|CS|TAMS 0x000000008d000000, 0x000000008d000000| Complete 
| 209|0x000000008d100000, 0x000000008d200000, 0x000000008d200000|100%| E|CS|TAMS 0x000000008d100000, 0x000000008d100000| Complete 
| 210|0x000000008d200000, 0x000000008d300000, 0x000000008d300000|100%| E|CS|TAMS 0x000000008d200000, 0x000000008d200000| Complete 
| 211|0x000000008d300000, 0x000000008d400000, 0x000000008d400000|100%| E|CS|TAMS 0x000000008d300000, 0x000000008d300000| Complete 
| 212|0x000000008d400000, 0x000000008d500000, 0x000000008d500000|100%| E|CS|TAMS 0x000000008d400000, 0x000000008d400000| Complete 
| 213|0x000000008d500000, 0x000000008d600000, 0x000000008d600000|100%| E|CS|TAMS 0x000000008d500000, 0x000000008d500000| Complete 
| 214|0x000000008d600000, 0x000000008d700000, 0x000000008d700000|100%| E|CS|TAMS 0x000000008d600000, 0x000000008d600000| Complete 
| 215|0x000000008d700000, 0x000000008d800000, 0x000000008d800000|100%| E|  |TAMS 0x000000008d700000, 0x000000008d700000| Complete 
| 216|0x000000008d800000, 0x000000008d900000, 0x000000008d900000|100%| E|CS|TAMS 0x000000008d800000, 0x000000008d800000| Complete 
| 217|0x000000008d900000, 0x000000008da00000, 0x000000008da00000|100%| E|CS|TAMS 0x000000008d900000, 0x000000008d900000| Complete 
| 218|0x000000008da00000, 0x000000008db00000, 0x000000008db00000|100%| E|CS|TAMS 0x000000008da00000, 0x000000008da00000| Complete 
| 219|0x000000008db00000, 0x000000008dc00000, 0x000000008dc00000|100%| E|CS|TAMS 0x000000008db00000, 0x000000008db00000| Complete 
| 220|0x000000008dc00000, 0x000000008dd00000, 0x000000008dd00000|100%| E|CS|TAMS 0x000000008dc00000, 0x000000008dc00000| Complete 
| 221|0x000000008dd00000, 0x000000008de00000, 0x000000008de00000|100%| E|CS|TAMS 0x000000008dd00000, 0x000000008dd00000| Complete 

Card table byte_map: [0x000002217dab0000,0x000002217deb0000] _byte_map_base: 0x000002217d6b0000

Marking Bits (Prev, Next): (CMBitMap*) 0x000002216abd3db8, (CMBitMap*) 0x000002216abd3df0
 Prev Bits: [0x0000022100000000, 0x0000022102000000)
 Next Bits: [0x0000022102000000, 0x0000022104000000)

Polling page: 0x000002216a370000

Metaspace:

Usage:
  Non-class:     73.23 MB capacity,    71.85 MB ( 98%) used,     1.14 MB (  2%) free+waste,   242.81 KB ( <1%) overhead. 
      Class:     11.34 MB capacity,    10.56 MB ( 93%) used,   690.95 KB (  6%) free+waste,   109.63 KB ( <1%) overhead. 
       Both:     84.57 MB capacity,    82.40 MB ( 97%) used,     1.82 MB (  2%) free+waste,   352.44 KB ( <1%) overhead. 

Virtual space:
  Non-class space:       74.00 MB reserved,      73.42 MB (>99%) committed 
      Class space:        1.00 GB reserved,      11.41 MB (  1%) committed 
             Both:        1.07 GB reserved,      84.83 MB (  8%) committed 

Chunk freelists:
   Non-Class:  4.00 KB
       Class:  7.00 KB
        Both:  11.00 KB

MaxMetaspaceSize: 17179869184.00 GB
CompressedClassSpaceSize: 1.00 GB
Initial GC threshold: 20.80 MB
Current GC threshold: 108.46 MB
CDS: off

CodeHeap 'non-profiled nmethods': size=120064Kb used=5367Kb max_used=5367Kb free=114696Kb
 bounds [0x0000022176170000, 0x00000221766b0000, 0x000002217d6b0000]
CodeHeap 'profiled nmethods': size=120000Kb used=20546Kb max_used=20546Kb free=99453Kb
 bounds [0x000002216ec40000, 0x0000022170060000, 0x0000022176170000]
CodeHeap 'non-nmethods': size=5696Kb used=2368Kb max_used=2412Kb free=3327Kb
 bounds [0x000002216e6b0000, 0x000002216e920000, 0x000002216ec40000]
 total_blobs=10583 nmethods=9696 adapters=799
 compilation: enabled
              stopped_count=0, restarted_count=0
 full_count=0

Compilation events (20 events):
Event: 17.875 Thread 0x000002217f09c000 9781       3       jdk.internal.reflect.UnsafeQualifiedStaticObjectFieldAccessorImpl::get (15 bytes)
Event: 17.875 Thread 0x000002217f09c000 nmethod 9781 0x0000022170048090 code [0x0000022170048240, 0x0000022170048398]
Event: 17.876 Thread 0x000002217f09c000 9782       3       java.util.regex.Pattern::split (7 bytes)
Event: 17.876 Thread 0x000002217f09c000 nmethod 9782 0x0000022170048410 code [0x00000221700485c0, 0x00000221700486e8]
Event: 17.878 Thread 0x000002217f09c000 9783       3       jdk.internal.reflect.UnsafeFieldAccessorFactory::newFieldAccessor (676 bytes)
Event: 17.881 Thread 0x000002217f09c000 nmethod 9783 0x0000022170048790 code [0x0000022170048ea0, 0x000002217004c1d8]
Event: 17.883 Thread 0x000002217f09c000 9784       3       kotlin.reflect.jvm.internal.impl.storage.DefaultSimpleLock::lock (10 bytes)
Event: 17.884 Thread 0x000002217f09c000 nmethod 9784 0x000002217004d210 code [0x000002217004d3c0, 0x000002217004d588]
Event: 17.884 Thread 0x000002217f09c000 9785       3       kotlin.reflect.jvm.internal.impl.storage.DefaultSimpleLock::unlock (10 bytes)
Event: 17.884 Thread 0x000002217f09c000 nmethod 9785 0x000002217004d690 code [0x000002217004d840, 0x000002217004da08]
Event: 17.900 Thread 0x000002217f09c000 9791       3       java.lang.reflect.Constructor::getDeclaredAnnotations (5 bytes)
Event: 17.900 Thread 0x000002217f09c000 nmethod 9791 0x000002217004db10 code [0x000002217004dd00, 0x000002217004e168]
Event: 17.909 Thread 0x000002217f09c000 9793       3       org.gradle.api.internal.file.collections.DefaultConfigurableFileCollection::visitChildren (137 bytes)
Event: 17.910 Thread 0x000002217f09c000 nmethod 9793 0x000002217004e310 code [0x000002217004e5c0, 0x000002217004ee58]
Event: 17.921 Thread 0x000002217f09c000 9795       3       org.gradle.model.internal.asm.AsmClassGeneratorUtils::visitFormalTypeParameters (108 bytes)
Event: 17.922 Thread 0x000002217f09c000 nmethod 9795 0x000002217004f110 code [0x000002217004f360, 0x000002217004fa68]
Event: 17.922 Thread 0x000002217f09c000 9796       3       org.gradle.model.internal.asm.AsmClassGeneratorUtils::visitParameters (47 bytes)
Event: 17.923 Thread 0x000002217f09c000 nmethod 9796 0x000002217004fe10 code [0x0000022170050000, 0x0000022170050328]
Event: 17.923 Thread 0x000002217f09c000 9797       3       org.gradle.model.internal.asm.AsmClassGeneratorUtils::visitExceptions (40 bytes)
Event: 17.923 Thread 0x000002217f09c000 nmethod 9797 0x0000022170050510 code [0x00000221700506e0, 0x0000022170050978]

GC Heap History (20 events):
Event: 3.971 GC heap before
{Heap before GC invocations=6 (full 0):
 garbage-first heap   total 131072K, used 65658K [0x0000000080000000, 0x0000000100000000)
  region size 1024K, 48 young (49152K), 1 survivors (1024K)
 Metaspace       used 25623K, capacity 26212K, committed 26492K, reserved 1073152K
  class space    used 3304K, capacity 3504K, committed 3532K, reserved 1048576K
}
Event: 3.977 GC heap after
{Heap after GC invocations=7 (full 0):
 garbage-first heap   total 157696K, used 19084K [0x0000000080000000, 0x0000000100000000)
  region size 1024K, 3 young (3072K), 3 survivors (3072K)
 Metaspace       used 25623K, capacity 26212K, committed 26492K, reserved 1073152K
  class space    used 3304K, capacity 3504K, committed 3532K, reserved 1048576K
}
Event: 5.313 GC heap before
{Heap before GC invocations=7 (full 0):
 garbage-first heap   total 157696K, used 79500K [0x0000000080000000, 0x0000000100000000)
  region size 1024K, 63 young (64512K), 3 survivors (3072K)
 Metaspace       used 34787K, capacity 35614K, committed 35708K, reserved 1081344K
  class space    used 4465K, capacity 4768K, committed 4812K, reserved 1048576K
}
Event: 5.322 GC heap after
{Heap after GC invocations=8 (full 0):
 garbage-first heap   total 157696K, used 22859K [0x0000000080000000, 0x0000000100000000)
  region size 1024K, 7 young (7168K), 7 survivors (7168K)
 Metaspace       used 34787K, capacity 35614K, committed 35708K, reserved 1081344K
  class space    used 4465K, capacity 4768K, committed 4812K, reserved 1048576K
}
Event: 5.377 GC heap before
{Heap before GC invocations=8 (full 0):
 garbage-first heap   total 157696K, used 22859K [0x0000000080000000, 0x0000000100000000)
  region size 1024K, 8 young (8192K), 7 survivors (7168K)
 Metaspace       used 35139K, capacity 35873K, committed 35964K, reserved 1081344K
  class space    used 4480K, capacity 4769K, committed 4812K, reserved 1048576K
}
Event: 5.390 GC heap after
{Heap after GC invocations=9 (full 0):
 garbage-first heap   total 157696K, used 22777K [0x0000000080000000, 0x0000000100000000)
  region size 1024K, 4 young (4096K), 4 survivors (4096K)
 Metaspace       used 35139K, capacity 35873K, committed 35964K, reserved 1081344K
  class space    used 4480K, capacity 4769K, committed 4812K, reserved 1048576K
}
Event: 6.599 GC heap before
{Heap before GC invocations=10 (full 0):
 garbage-first heap   total 157696K, used 100601K [0x0000000080000000, 0x0000000100000000)
  region size 1024K, 78 young (79872K), 4 survivors (4096K)
 Metaspace       used 40318K, capacity 41333K, committed 41596K, reserved 1085440K
  class space    used 5112K, capacity 5470K, committed 5580K, reserved 1048576K
}
Event: 6.616 GC heap after
{Heap after GC invocations=11 (full 0):
 garbage-first heap   total 157696K, used 28646K [0x0000000080000000, 0x0000000100000000)
  region size 1024K, 10 young (10240K), 10 survivors (10240K)
 Metaspace       used 40318K, capacity 41333K, committed 41596K, reserved 1085440K
  class space    used 5112K, capacity 5470K, committed 5580K, reserved 1048576K
}
Event: 8.080 GC heap before
{Heap before GC invocations=11 (full 0):
 garbage-first heap   total 157696K, used 109542K [0x0000000080000000, 0x0000000100000000)
  region size 1024K, 89 young (91136K), 10 survivors (10240K)
 Metaspace       used 46782K, capacity 48053K, committed 48380K, reserved 1091584K
  class space    used 5905K, capacity 6366K, committed 6476K, reserved 1048576K
}
Event: 8.098 GC heap after
{Heap after GC invocations=12 (full 0):
 garbage-first heap   total 189440K, used 31355K [0x0000000080000000, 0x0000000100000000)
  region size 1024K, 9 young (9216K), 9 survivors (9216K)
 Metaspace       used 46782K, capacity 48053K, committed 48380K, reserved 1091584K
  class space    used 5905K, capacity 6366K, committed 6476K, reserved 1048576K
}
Event: 10.226 GC heap before
{Heap before GC invocations=12 (full 0):
 garbage-first heap   total 189440K, used 132731K [0x0000000080000000, 0x0000000100000000)
  region size 1024K, 105 young (107520K), 9 survivors (9216K)
 Metaspace       used 58748K, capacity 60282K, committed 60368K, reserved 1101824K
  class space    used 7347K, capacity 7885K, committed 7968K, reserved 1048576K
}
Event: 10.250 GC heap after
{Heap after GC invocations=13 (full 0):
 garbage-first heap   total 189440K, used 45447K [0x0000000080000000, 0x0000000100000000)
  region size 1024K, 14 young (14336K), 14 survivors (14336K)
 Metaspace       used 58748K, capacity 60282K, committed 60368K, reserved 1101824K
  class space    used 7347K, capacity 7885K, committed 7968K, reserved 1048576K
}
Event: 11.471 GC heap before
{Heap before GC invocations=14 (full 0):
 garbage-first heap   total 189440K, used 133511K [0x0000000080000000, 0x0000000100000000)
  region size 1024K, 100 young (102400K), 14 survivors (14336K)
 Metaspace       used 64277K, capacity 65990K, committed 66256K, reserved 1107968K
  class space    used 8070K, capacity 8686K, committed 8736K, reserved 1048576K
}
Event: 11.507 GC heap after
{Heap after GC invocations=15 (full 0):
 garbage-first heap   total 189440K, used 53657K [0x0000000080000000, 0x0000000100000000)
  region size 1024K, 9 young (9216K), 9 survivors (9216K)
 Metaspace       used 64277K, capacity 65990K, committed 66256K, reserved 1107968K
  class space    used 8070K, capacity 8686K, committed 8736K, reserved 1048576K
}
Event: 13.061 GC heap before
{Heap before GC invocations=16 (full 0):
 garbage-first heap   total 189440K, used 139673K [0x0000000080000000, 0x0000000100000000)
  region size 1024K, 93 young (95232K), 9 survivors (9216K)
 Metaspace       used 73056K, capacity 74783K, committed 75088K, reserved 1114112K
  class space    used 9426K, capacity 10040K, committed 10144K, reserved 1048576K
}
Event: 13.083 GC heap after
{Heap after GC invocations=17 (full 0):
 garbage-first heap   total 189440K, used 58138K [0x0000000080000000, 0x0000000100000000)
  region size 1024K, 6 young (6144K), 6 survivors (6144K)
 Metaspace       used 73056K, capacity 74783K, committed 75088K, reserved 1114112K
  class space    used 9426K, capacity 10040K, committed 10144K, reserved 1048576K
}
Event: 15.127 GC heap before
{Heap before GC invocations=17 (full 0):
 garbage-first heap   total 189440K, used 144154K [0x0000000080000000, 0x0000000100000000)
  region size 1024K, 91 young (93184K), 6 survivors (6144K)
 Metaspace       used 78701K, capacity 80797K, committed 81104K, reserved 1120256K
  class space    used 10194K, capacity 10959K, committed 11040K, reserved 1048576K
}
Event: 15.144 GC heap after
{Heap after GC invocations=18 (full 0):
 garbage-first heap   total 227328K, used 63488K [0x0000000080000000, 0x0000000100000000)
  region size 1024K, 11 young (11264K), 11 survivors (11264K)
 Metaspace       used 78701K, capacity 80797K, committed 81104K, reserved 1120256K
  class space    used 10194K, capacity 10959K, committed 11040K, reserved 1048576K
}
Event: 17.447 GC heap before
{Heap before GC invocations=18 (full 0):
 garbage-first heap   total 227328K, used 171008K [0x0000000080000000, 0x0000000100000000)
  region size 1024K, 117 young (119808K), 11 survivors (11264K)
 Metaspace       used 83133K, capacity 85409K, committed 85712K, reserved 1124352K
  class space    used 10677K, capacity 11466K, committed 11552K, reserved 1048576K
}
Event: 17.475 GC heap after
{Heap after GC invocations=19 (full 0):
 garbage-first heap   total 227328K, used 68218K [0x0000000080000000, 0x0000000100000000)
  region size 1024K, 11 young (11264K), 11 survivors (11264K)
 Metaspace       used 83133K, capacity 85409K, committed 85712K, reserved 1124352K
  class space    used 10677K, capacity 11466K, committed 11552K, reserved 1048576K
}

Deoptimization events (20 events):
Event: 17.562 Thread 0x0000022106c63800 DEOPT PACKING pc=0x0000022176629e44 sp=0x000000bf20df9b30
Event: 17.562 Thread 0x0000022106c63800 DEOPT UNPACKING pc=0x000002216e6fa1af sp=0x000000bf20df98f8 mode 2
Event: 17.562 Thread 0x0000022106c63800 Uncommon trap: trap_request=0xffffffde fr.pc=0x0000022176629e44 relative=0x0000000000006704
Event: 17.562 Thread 0x0000022106c63800 Uncommon trap: reason=class_check action=maybe_recompile pc=0x0000022176629e44 method=org.gradle.internal.fingerprint.DirectorySensitivity.shouldFingerprint(Lorg/gradle/internal/snapshot/FileSystemLocationSnapshot;)Z @ 5 c2
Event: 17.562 Thread 0x0000022106c63800 DEOPT PACKING pc=0x0000022176629e44 sp=0x000000bf20df9b30
Event: 17.562 Thread 0x0000022106c63800 DEOPT UNPACKING pc=0x000002216e6fa1af sp=0x000000bf20df98f8 mode 2
Event: 17.562 Thread 0x0000022106c63800 Uncommon trap: trap_request=0xffffffde fr.pc=0x0000022176629e44 relative=0x0000000000006704
Event: 17.562 Thread 0x0000022106c63800 Uncommon trap: reason=class_check action=maybe_recompile pc=0x0000022176629e44 method=org.gradle.internal.fingerprint.DirectorySensitivity.shouldFingerprint(Lorg/gradle/internal/snapshot/FileSystemLocationSnapshot;)Z @ 5 c2
Event: 17.562 Thread 0x0000022106c63800 DEOPT PACKING pc=0x0000022176629e44 sp=0x000000bf20df9b30
Event: 17.562 Thread 0x0000022106c63800 DEOPT UNPACKING pc=0x000002216e6fa1af sp=0x000000bf20df98f8 mode 2
Event: 17.583 Thread 0x0000022106c63800 Uncommon trap: trap_request=0xffffff4d fr.pc=0x0000022176671434 relative=0x0000000000002574
Event: 17.583 Thread 0x0000022106c63800 Uncommon trap: reason=unstable_if action=reinterpret pc=0x0000022176671434 method=java.nio.file.FileTreeWalker.getAttributes(Ljava/nio/file/Path;Z)Ljava/nio/file/attribute/BasicFileAttributes; @ 35 c2
Event: 17.583 Thread 0x0000022106c63800 DEOPT PACKING pc=0x0000022176671434 sp=0x000000bf20df9990
Event: 17.583 Thread 0x0000022106c63800 DEOPT UNPACKING pc=0x000002216e6fa1af sp=0x000000bf20df9930 mode 2
Event: 17.690 Thread 0x000002210c790800 Uncommon trap: trap_request=0xffffffcc fr.pc=0x0000022176683398 relative=0x0000000000002cb8
Event: 17.690 Thread 0x000002210c790800 Uncommon trap: reason=intrinsic_or_type_checked_inlining action=make_not_entrant pc=0x0000022176683398 method=java.util.ArrayList$SubList.toArray([Ljava/lang/Object;)[Ljava/lang/Object; @ 58 c2
Event: 17.690 Thread 0x000002210c790800 DEOPT PACKING pc=0x0000022176683398 sp=0x000000bf22efc6a0
Event: 17.690 Thread 0x000002210c790800 DEOPT UNPACKING pc=0x000002216e6fa1af sp=0x000000bf22efc668 mode 2
Event: 17.894 Thread 0x000002210c790800 DEOPT PACKING pc=0x000002216fa13350 sp=0x000000bf22efcca0
Event: 17.894 Thread 0x000002210c790800 DEOPT UNPACKING pc=0x000002216e6fa95e sp=0x000000bf22efc1b8 mode 0

Classes redefined (0 events):
No events

Internal exceptions (20 events):
Event: 14.286 Thread 0x000002210905d800 Exception <a 'java/lang/NoSuchMethodError'{0x0000000088ab0408}: 'java.lang.Object java.lang.invoke.DirectMethodHandle$Holder.invokeSpecialIFC(java.lang.Object, java.lang.Object, java.lang.Object)'> (0x0000000088ab0408) thrown at [./src/hotspot/share/interpreter/linkResolver.cpp, line 773]
Event: 14.286 Thread 0x0000022109056800 Exception <a 'java/lang/NoSuchMethodError'{0x0000000088ac5e78}: 'java.lang.Object java.lang.invoke.DirectMethodHandle$Holder.invokeSpecialIFC(java.lang.Object, java.lang.Object, java.lang.Object)'> (0x0000000088ac5e78) thrown at [./src/hotspot/share/interpreter/linkResolver.cpp, line 773]
Event: 14.286 Thread 0x0000022109058000 Exception <a 'java/lang/NoSuchMethodError'{0x0000000088903088}: 'java.lang.Object java.lang.invoke.DirectMethodHandle$Holder.invokeSpecialIFC(java.lang.Object, java.lang.Object, java.lang.Object)'> (0x0000000088903088) thrown at [./src/hotspot/share/interpreter/linkResolver.cpp, line 773]
Event: 14.287 Thread 0x000002210905d000 Exception <a 'java/lang/NoSuchMethodError'{0x0000000088aea6b8}: 'java.lang.Object java.lang.invoke.DirectMethodHandle$Holder.invokeSpecialIFC(java.lang.Object, java.lang.Object, java.lang.Object)'> (0x0000000088aea6b8) thrown at [./src/hotspot/share/interpreter/linkResolver.cpp, line 773]
Event: 14.625 Thread 0x0000022109058000 Exception <a 'java/lang/NoSuchMethodError'{0x000000008792b078}: 'void java.lang.invoke.DirectMethodHandle$Holder.invokeVirtual(java.lang.Object, java.lang.Object)'> (0x000000008792b078) thrown at [./src/hotspot/share/interpreter/linkResolver.cpp, line 773]
Event: 15.888 Thread 0x0000022109062800 Exception <a 'java/lang/NoSuchMethodError'{0x000000008bd9b970}: <clinit>> (0x000000008bd9b970) thrown at [./src/hotspot/share/prims/jni.cpp, line 1366]
Event: 15.888 Thread 0x0000022109062800 Exception <a 'java/lang/NoSuchMethodError'{0x000000008bd9cca8}: <clinit>> (0x000000008bd9cca8) thrown at [./src/hotspot/share/prims/jni.cpp, line 1366]
Event: 15.889 Thread 0x0000022109062800 Exception <a 'java/lang/NoSuchMethodError'{0x000000008bd9f408}: <clinit>> (0x000000008bd9f408) thrown at [./src/hotspot/share/prims/jni.cpp, line 1366]
Event: 15.892 Thread 0x0000022109062800 Exception <a 'java/lang/NoSuchMethodError'{0x000000008bdb8868}: <clinit>> (0x000000008bdb8868) thrown at [./src/hotspot/share/prims/jni.cpp, line 1366]
Event: 15.892 Thread 0x0000022109062800 Exception <a 'java/lang/NoSuchMethodError'{0x000000008bdb9d48}: <clinit>> (0x000000008bdb9d48) thrown at [./src/hotspot/share/prims/jni.cpp, line 1366]
Event: 15.996 Thread 0x0000022109062800 Exception <a 'java/lang/NoSuchMethodError'{0x000000008b8d5c18}: <clinit>> (0x000000008b8d5c18) thrown at [./src/hotspot/share/prims/jni.cpp, line 1366]
Event: 15.998 Thread 0x0000022109062800 Exception <a 'java/lang/NoSuchMethodError'{0x000000008b70c540}: <clinit>> (0x000000008b70c540) thrown at [./src/hotspot/share/prims/jni.cpp, line 1366]
Event: 16.001 Thread 0x0000022109062800 Exception <a 'java/lang/NoSuchMethodError'{0x000000008b739700}: <clinit>> (0x000000008b739700) thrown at [./src/hotspot/share/prims/jni.cpp, line 1366]
Event: 16.003 Thread 0x0000022109062800 Exception <a 'java/lang/NoSuchMethodError'{0x000000008b74c258}: <clinit>> (0x000000008b74c258) thrown at [./src/hotspot/share/prims/jni.cpp, line 1366]
Event: 16.798 Thread 0x0000022106c63800 Exception <a 'java/lang/NoSuchMethodError'{0x0000000089bd3f30}: 'int java.lang.invoke.DirectMethodHandle$Holder.invokeSpecial(java.lang.Object, java.lang.Object, java.lang.Object, java.lang.Object, java.lang.Object)'> (0x0000000089bd3f30) thrown at [./src/hotspot/share/interpreter/linkResolver.cpp, line 773]
Event: 17.968 Thread 0x000002210c790800 Exception <a 'java/lang/NoSuchMethodError'{0x000000008c826e38}: 'void java.lang.invoke.DirectMethodHandle$Holder.invokeStatic(java.lang.Object, long)'> (0x000000008c826e38) thrown at [./src/hotspot/share/interpreter/linkResolver.cpp, line 773]
Event: 17.969 Thread 0x000002210c790800 Exception <a 'java/lang/NoSuchMethodError'{0x000000008c82c050}: 'java.lang.Object java.lang.invoke.DirectMethodHandle$Holder.invokeStatic(java.lang.Object, long)'> (0x000000008c82c050) thrown at [./src/hotspot/share/interpreter/linkResolver.cpp, line 773]
Event: 17.971 Thread 0x000002210c790800 Exception <a 'java/lang/NoSuchMethodError'{0x000000008c83a3b8}: 'java.lang.Object java.lang.invoke.DirectMethodHandle$Holder.invokeStaticInit(java.lang.Object, java.lang.Object, long, java.lang.Object)'> (0x000000008c83a3b8) thrown at [./src/hotspot/share/interpreter/linkResolver.cpp, line 773]
Event: 17.972 Thread 0x000002210c790800 Exception <a 'java/lang/NoSuchMethodError'{0x000000008c840550}: 'java.lang.Object java.lang.invoke.DirectMethodHandle$Holder.invokeStatic(java.lang.Object, java.lang.Object, long)'> (0x000000008c840550) thrown at [./src/hotspot/share/interpreter/linkResolver.cpp, line 773]
Event: 17.974 Thread 0x000002210c790800 Exception <a 'java/lang/NoSuchMethodError'{0x000000008c846ac8}: 'java.lang.Object java.lang.invoke.Invokers$Holder.linkToTargetMethod(java.lang.Object, long, java.lang.Object)'> (0x000000008c846ac8) thrown at [./src/hotspot/share/interpreter/linkResolver.cpp, line 773]

Events (20 events):
Event: 17.944 loading class java/util/concurrent/Executors$DelegatedScheduledExecutorService done
Event: 17.944 loading class com/android/build/gradle/internal/services/Aapt2DaemonManagerMaintainer$firstDaemonStarted$1
Event: 17.944 loading class com/android/build/gradle/internal/services/Aapt2DaemonManagerMaintainer$firstDaemonStarted$1 done
Event: 17.945 Thread 0x000002210c792000 Thread added: 0x000002210c792000
Event: 17.945 loading class com/android/build/gradle/internal/services/Aapt2DaemonManagerMaintainer$firstDaemonStarted$2
Event: 17.945 loading class com/android/build/gradle/internal/services/Aapt2DaemonManagerMaintainer$firstDaemonStarted$2 done
Event: 17.945 loading class com/android/builder/internal/aapt/v2/Aapt2DaemonManager$LeasedAaptDaemon
Event: 17.945 loading class com/android/builder/internal/aapt/v2/Aapt2DaemonManager$LeasedAaptDaemon done
Event: 17.957 loading class com/android/builder/internal/aapt/v2/Aapt2DaemonManager$leaseDaemon$1
Event: 17.957 loading class com/android/builder/internal/aapt/v2/Aapt2DaemonManager$leaseDaemon$1 done
Event: 17.958 loading class com/android/builder/internal/aapt/v2/Aapt2Daemon$WhenMappings
Event: 17.958 loading class com/android/builder/internal/aapt/v2/Aapt2Daemon$WhenMappings done
Event: 17.958 loading class com/android/builder/internal/aapt/v2/Aapt2DaemonImpl$WaitForReadyOnStdOut
Event: 17.958 loading class com/android/builder/internal/aapt/v2/Aapt2DaemonImpl$WaitForReadyOnStdOut done
Event: 17.959 loading class java/lang/ProcessBuilder
Event: 17.959 loading class java/lang/ProcessBuilder done
Event: 17.960 loading class java/lang/ProcessImpl
Event: 17.960 loading class java/lang/ProcessImpl done
Event: 17.969 loading class java/lang/ProcessHandleImpl
Event: 17.970 loading class java/lang/ProcessHandleImpl done


Dynamic libraries:
0x00007ff7f1cc0000 - 0x00007ff7f1cca000 	E:\Programs\Android Studio\jre\bin\java.exe
0x00007ffb1a910000 - 0x00007ffb1ab08000 	C:\Windows\SYSTEM32\ntdll.dll
0x00007ffaeb280000 - 0x00007ffaeb297000 	C:\Program Files\Avast Software\Avast\aswhook.dll
0x00007ffb19560000 - 0x00007ffb1961f000 	C:\Windows\System32\KERNEL32.DLL
0x00007ffb18010000 - 0x00007ffb182e2000 	C:\Windows\System32\KERNELBASE.dll
0x00007ffb18830000 - 0x00007ffb18930000 	C:\Windows\System32\ucrtbase.dll
0x00007ffb007e0000 - 0x00007ffb007f7000 	E:\Programs\Android Studio\jre\bin\VCRUNTIME140.dll
0x00007ffb12560000 - 0x00007ffb12579000 	E:\Programs\Android Studio\jre\bin\jli.dll
0x00007ffb19280000 - 0x00007ffb1941d000 	C:\Windows\System32\USER32.dll
0x00007ffb18930000 - 0x00007ffb18952000 	C:\Windows\System32\win32u.dll
0x00007ffb05db0000 - 0x00007ffb0604a000 	C:\Windows\WinSxS\amd64_microsoft.windows.common-controls_6595b64144ccf1df_6.0.19041.1110_none_60b5254171f9507e\COMCTL32.dll
0x00007ffb189e0000 - 0x00007ffb18a0b000 	C:\Windows\System32\GDI32.dll
0x00007ffb19f90000 - 0x00007ffb1a02e000 	C:\Windows\System32\msvcrt.dll
0x00007ffb18690000 - 0x00007ffb1879f000 	C:\Windows\System32\gdi32full.dll
0x00007ffb185f0000 - 0x00007ffb1868d000 	C:\Windows\System32\msvcp_win.dll
0x00007ffb1a4b0000 - 0x00007ffb1a4e2000 	C:\Windows\System32\IMM32.DLL
0x00007ffafc9a0000 - 0x00007ffafca3d000 	E:\Programs\Android Studio\jre\bin\msvcp140.dll
0x00007ffad0a70000 - 0x00007ffad1572000 	E:\Programs\Android Studio\jre\bin\server\jvm.dll
0x00007ffb19bd0000 - 0x00007ffb19c7e000 	C:\Windows\System32\ADVAPI32.dll
0x00007ffb1a570000 - 0x00007ffb1a60c000 	C:\Windows\System32\sechost.dll
0x00007ffb19420000 - 0x00007ffb19545000 	C:\Windows\System32\RPCRT4.dll
0x00007ffb19550000 - 0x00007ffb19558000 	C:\Windows\System32\PSAPI.DLL
0x00007ffb0f3e0000 - 0x00007ffb0f3ea000 	C:\Windows\SYSTEM32\VERSION.dll
0x00007ffb06060000 - 0x00007ffb06087000 	C:\Windows\SYSTEM32\WINMM.dll
0x00007ffb04f00000 - 0x00007ffb04f09000 	C:\Windows\SYSTEM32\WSOCK32.dll
0x00007ffb19b50000 - 0x00007ffb19bbb000 	C:\Windows\System32\WS2_32.dll
0x00007ffb15ed0000 - 0x00007ffb15ee2000 	C:\Windows\SYSTEM32\kernel.appcore.dll
0x00007ffb119a0000 - 0x00007ffb119b1000 	E:\Programs\Android Studio\jre\bin\verify.dll
0x00007ffb091b0000 - 0x00007ffb09394000 	C:\Windows\SYSTEM32\DBGHELP.DLL
0x00007ffb0d110000 - 0x00007ffb0d13c000 	C:\Windows\SYSTEM32\dbgcore.DLL
0x00007ffb187a0000 - 0x00007ffb18822000 	C:\Windows\System32\bcryptPrimitives.dll
0x00007ffb10a30000 - 0x00007ffb10a59000 	E:\Programs\Android Studio\jre\bin\java.dll
0x00007ffb13cd0000 - 0x00007ffb13cdb000 	E:\Programs\Android Studio\jre\bin\jimage.dll
0x00007ffb109c0000 - 0x00007ffb109d8000 	E:\Programs\Android Studio\jre\bin\zip.dll
0x00007ffb18a10000 - 0x00007ffb19153000 	C:\Windows\System32\SHELL32.dll
0x00007ffb160d0000 - 0x00007ffb16862000 	C:\Windows\SYSTEM32\windows.storage.dll
0x00007ffb197f0000 - 0x00007ffb19b44000 	C:\Windows\System32\combase.dll
0x00007ffb17a70000 - 0x00007ffb17aa0000 	C:\Windows\SYSTEM32\Wldp.dll
0x00007ffb19ee0000 - 0x00007ffb19f8d000 	C:\Windows\System32\SHCORE.dll
0x00007ffb1a610000 - 0x00007ffb1a665000 	C:\Windows\System32\shlwapi.dll
0x00007ffb17f50000 - 0x00007ffb17f6f000 	C:\Windows\SYSTEM32\profapi.dll
0x00007ffb08940000 - 0x00007ffb0895a000 	E:\Programs\Android Studio\jre\bin\net.dll
0x00007ffb082b0000 - 0x00007ffb083bc000 	C:\Windows\SYSTEM32\WINHTTP.dll
0x00007ffb177d0000 - 0x00007ffb1783a000 	C:\Windows\system32\mswsock.dll
0x00007ffb07020000 - 0x00007ffb07034000 	E:\Programs\Android Studio\jre\bin\nio.dll
0x00007ffb10870000 - 0x00007ffb10897000 	C:\Users\a0587\.gradle\native\8bec1ad78214c89d9ad589b4d07fe93259594b29d510b10fafb7a158f7737e5d\windows-amd64\native-platform.dll
0x00007ffae78b0000 - 0x00007ffae79ed000 	C:\Users\a0587\.gradle\native\53dbd7edfb1c66fb8903c78663c9afc45aea4f116125fa6feffd364cf09443e8\windows-amd64\native-platform-file-events.dll
0x00007ffb13c90000 - 0x00007ffb13c9a000 	E:\Programs\Android Studio\jre\bin\management.dll
0x00007ffb13c60000 - 0x00007ffb13c6d000 	E:\Programs\Android Studio\jre\bin\management_ext.dll
0x00007ffb179c0000 - 0x00007ffb179d8000 	C:\Windows\SYSTEM32\CRYPTSP.dll
0x00007ffb17080000 - 0x00007ffb170b4000 	C:\Windows\system32\rsaenh.dll
0x00007ffb18510000 - 0x00007ffb18537000 	C:\Windows\System32\bcrypt.dll
0x00007ffb17ed0000 - 0x00007ffb17efe000 	C:\Windows\SYSTEM32\USERENV.dll
0x00007ffb179e0000 - 0x00007ffb179ec000 	C:\Windows\SYSTEM32\CRYPTBASE.dll
0x00007ffb17470000 - 0x00007ffb174ab000 	C:\Windows\SYSTEM32\IPHLPAPI.DLL
0x00007ffb1a4a0000 - 0x00007ffb1a4a8000 	C:\Windows\System32\NSI.dll
0x00007ffb0e080000 - 0x00007ffb0e097000 	C:\Windows\SYSTEM32\dhcpcsvc6.DLL
0x00007ffb0e220000 - 0x00007ffb0e23d000 	C:\Windows\SYSTEM32\dhcpcsvc.DLL
0x00007ffb174b0000 - 0x00007ffb1757a000 	C:\Windows\SYSTEM32\DNSAPI.dll

dbghelp: loaded successfully - version: 4.0.5 - missing functions: none
symbol engine: initialized successfully - sym options: 0x614 - pdb path: .;E:\Programs\Android Studio\jre\bin;C:\Windows\SYSTEM32;C:\Program Files\Avast Software\Avast;C:\Windows\WinSxS\amd64_microsoft.windows.common-controls_6595b64144ccf1df_6.0.19041.1110_none_60b5254171f9507e;E:\Programs\Android Studio\jre\bin\server;C:\Users\a0587\.gradle\native\8bec1ad78214c89d9ad589b4d07fe93259594b29d510b10fafb7a158f7737e5d\windows-amd64;C:\Users\a0587\.gradle\native\53dbd7edfb1c66fb8903c78663c9afc45aea4f116125fa6feffd364cf09443e8\windows-amd64

VM Arguments:
jvm_args: --add-opens=java.base/java.util=ALL-UNNAMED --add-opens=java.base/java.lang=ALL-UNNAMED --add-opens=java.base/java.lang.invoke=ALL-UNNAMED --add-opens=java.base/java.util=ALL-UNNAMED --add-opens=java.prefs/java.util.prefs=ALL-UNNAMED --add-opens=java.prefs/java.util.prefs=ALL-UNNAMED --add-opens=java.base/java.nio.charset=ALL-UNNAMED --add-opens=java.base/java.net=ALL-UNNAMED --add-opens=java.base/java.util.concurrent.atomic=ALL-UNNAMED -Xmx2048m -Dfile.encoding=UTF-8 -Duser.country=TW -Duser.language=zh -Duser.variant 
java_command: org.gradle.launcher.daemon.bootstrap.GradleDaemon 7.0.2
java_class_path (initial): C:\Users\a0587\.gradle\wrapper\dists\gradle-7.0.2-bin\857tjihv64xamwrf0h14cai3r\gradle-7.0.2\lib\gradle-launcher-7.0.2.jar
Launcher Type: SUN_STANDARD

[Global flags]
     intx CICompilerCount                          = 3                                         {product} {ergonomic}
     uint ConcGCThreads                            = 1                                         {product} {ergonomic}
     uint G1ConcRefinementThreads                  = 4                                         {product} {ergonomic}
   size_t G1HeapRegionSize                         = 1048576                                   {product} {ergonomic}
    uintx GCDrainStackTargetSize                   = 64                                        {product} {ergonomic}
   size_t InitialHeapSize                          = 134217728                                 {product} {ergonomic}
   size_t MarkStackSize                            = 4194304                                   {product} {ergonomic}
   size_t MaxHeapSize                              = 2147483648                                {product} {command line}
   size_t MaxNewSize                               = 1287651328                                {product} {ergonomic}
   size_t MinHeapDeltaBytes                        = 1048576                                   {product} {ergonomic}
    uintx NonNMethodCodeHeapSize                   = 5830732                                {pd product} {ergonomic}
    uintx NonProfiledCodeHeapSize                  = 122913754                              {pd product} {ergonomic}
    uintx ProfiledCodeHeapSize                     = 122913754                              {pd product} {ergonomic}
    uintx ReservedCodeCacheSize                    = 251658240                              {pd product} {ergonomic}
     bool SegmentedCodeCache                       = true                                      {product} {ergonomic}
     bool UseCompressedClassPointers               = true                                 {lp64_product} {ergonomic}
     bool UseCompressedOops                        = true                                 {lp64_product} {ergonomic}
     bool UseG1GC                                  = true                                      {product} {ergonomic}
     bool UseLargePagesIndividualAllocation        = false                                  {pd product} {ergonomic}

Logging:
Log output configuration:
 #0: stdout all=warning uptime,level,tags
 #1: stderr all=off uptime,level,tags

Environment Variables:
PATH=C:\Windows\system32;C:\Windows;C:\Windows\System32\Wbem;C:\Windows\System32\WindowsPowerShell\v1.0\;C:\Windows\System32\OpenSSH\;C:\Program Files\PuTTY\;E:\Programs\Anaconda;E:\Programs\Anaconda\Library\mingw-w64\bin;E:\Programs\Anaconda\Library\usr\bin;E:\Programs\Anaconda\Library\bin;E:\Programs\Anaconda\Scripts;C:\Users\a0587\AppData\Local\Microsoft\WindowsApps;E:\Programs\Microsoft VS Code\bin
USERNAME=Billy
OS=Windows_NT
PROCESSOR_IDENTIFIER=Intel64 Family 6 Model 142 Stepping 9, GenuineIntel



---------------  S Y S T E M  ---------------

OS: Windows 10 , 64 bit Build 19041 (10.0.19041.2251)
OS uptime: 4 days 0:08 hours

CPU:total 4 (initial active 4) (2 cores per cpu, 2 threads per core) family 6 model 142 stepping 9 microcode 0xb4, cmov, cx8, fxsr, mmx, sse, sse2, sse3, ssse3, sse4.1, sse4.2, popcnt, avx, avx2, aes, clmul, erms, 3dnowpref, lzcnt, ht, tsc, tscinvbit, bmi1, bmi2, adx, fma

Memory: 4k page, system-wide physical 8073M (491M free)
TotalPageFile size 8073M (AvailPageFile size 3M)
current process WorkingSet (physical memory assigned to process): 466M, peak: 468M
current process commit charge ("private bytes"): 499M, peak: 502M

vm_info: OpenJDK 64-Bit Server VM (11.0.13+0-b1751.21-8125866) for windows-amd64 JRE (11.0.13+0-b1751.21-8125866), built on Feb  2 2022 03:00:22 by "builder" with MS VC++ 14.0 (VS2015)

END.
