#
# There is insufficient memory for the Java Runtime Environment to continue.
# Native memory allocation (mmap) failed to map 89128960 bytes for Failed to commit area from 0x0000000090d00000 to 0x0000000096200000 of length 89128960.
# Possible reasons:
#   The system is out of physical RAM or swap space
#   The process is running with CompressedOops enabled, and the Java Heap may be blocking the growth of the native heap
# Possible solutions:
#   Reduce memory load on the system
#   Increase physical memory or swap space
#   Check if swap backing store is full
#   Decrease Java heap size (-Xmx/-Xms)
#   Decrease number of Java threads
#   Decrease Java thread stack sizes (-Xss)
#   Set larger code cache with -XX:ReservedCodeCacheSize=
#   JVM is running with Unscaled Compressed Oops mode in which the Java heap is
#     placed in the first 4GB address space. The Java Heap base address is the
#     maximum limit for the native heap growth. Please use -XX:HeapBaseMinAddress
#     to set the Java Heap base and to place the Java Heap above 4GB virtual address.
# This output file may be truncated or incomplete.
#
#  Out of Memory Error (./src/hotspot/os/windows/os_windows.cpp:3619), pid=12452, tid=10912
#
# JRE version: OpenJDK Runtime Environment (11.0.13) (build 11.0.13+0-b1751.21-8125866)
# Java VM: OpenJDK 64-Bit Server VM (11.0.13+0-b1751.21-8125866, mixed mode, tiered, compressed oops, g1 gc, windows-amd64)
# No core dump will be written. Minidumps are not enabled by default on client versions of Windows
#

---------------  S U M M A R Y ------------

Command Line: --add-opens=java.base/java.util=ALL-UNNAMED --add-opens=java.base/java.lang=ALL-UNNAMED --add-opens=java.base/java.lang.invoke=ALL-UNNAMED --add-opens=java.base/java.util=ALL-UNNAMED --add-opens=java.prefs/java.util.prefs=ALL-UNNAMED --add-opens=java.prefs/java.util.prefs=ALL-UNNAMED --add-opens=java.base/java.nio.charset=ALL-UNNAMED --add-opens=java.base/java.net=ALL-UNNAMED --add-opens=java.base/java.util.concurrent.atomic=ALL-UNNAMED -Xmx2048m -Dfile.encoding=UTF-8 -Duser.country=TW -Duser.language=zh -Duser.variant org.gradle.launcher.daemon.bootstrap.GradleDaemon 7.0.2

Host: Intel(R) Core(TM) i5-7200U CPU @ 2.50GHz, 4 cores, 7G,  Windows 10 , 64 bit Build 19041 (10.0.19041.1889)
Time: Wed Oct 26 11:02:45 2022 台北標準時間 elapsed time: 3389.569907 seconds (0d 0h 56m 29s)

---------------  T H R E A D  ---------------

Current thread (0x000001d679ae6000):  VMThread "VM Thread" [stack: 0x0000008cf1800000,0x0000008cf1900000] [id=10912]

Stack: [0x0000008cf1800000,0x0000008cf1900000]
[error occurred during error reporting (printing stack bounds), id 0xc0000005, EXCEPTION_ACCESS_VIOLATION (0xc0000005) at pc=0x000001d60000112d]

Native frames: (J=compiled Java code, j=interpreted, Vv=VM code, C=native code)
V  [jvm.dll+0x6100fa]
V  [jvm.dll+0x747090]
V  [jvm.dll+0x7486ad]
V  [jvm.dll+0x748ce5]
V  [jvm.dll+0x748c9b]
V  [jvm.dll+0x60f224]
V  [jvm.dll+0x60f9b8]
C  [ntdll.dll+0xa241f]
C  [ntdll.dll+0x514a4]
C  [ntdll.dll+0xa0f4e]
C  0x000001d60000112d

VM_Operation (0x0000008cf47f88d0): G1CollectForAllocation, mode: safepoint, requested by thread 0x000001d67cbb0800


---------------  P R O C E S S  ---------------

Threads class SMR info:
_java_thread_list=0x000001d613b6a480, length=58, elements={
0x000001d66eedf800, 0x000001d679ae9800, 0x000001d679aea800, 0x000001d679b06000,
0x000001d679b07000, 0x000001d679b08000, 0x000001d679b10800, 0x000001d679b11800,
0x000001d679b25000, 0x000001d67a4fe800, 0x000001d67b1ef000, 0x000001d67b1f9000,
0x000001d67b578800, 0x000001d67cbb1800, 0x000001d67cbb2000, 0x000001d67cbaf800,
0x000001d67cbb4800, 0x000001d67cbb3000, 0x000001d67deb6000, 0x000001d67deb0000,
0x000001d67deb1000, 0x000001d67deb5000, 0x000001d67deb8800, 0x000001d67deb9000,
0x000001d67debc800, 0x000001d67bdab000, 0x000001d67bdb1800, 0x000001d67bda3800,
0x000001d67bda8800, 0x000001d67bda5800, 0x000001d67bda6000, 0x000001d67bda9800,
0x000001d67bdaa000, 0x000001d67bda4800, 0x000001d67bdac000, 0x000001d67bdac800,
0x000001d67bdad800, 0x000001d67bda7800, 0x000001d67bdae000, 0x000001d67bdb0000,
0x000001d67d9be800, 0x000001d67bdb0800, 0x000001d67deb2800, 0x000001d67deb2000,
0x000001d67debb000, 0x000001d67debb800, 0x000001d67debd800, 0x000001d67cbb0800,
0x000001d67cbae000, 0x000001d67cbaf000, 0x000001d67cbb3800, 0x000001d60fb88800,
0x000001d60fb8a800, 0x000001d60fb87000, 0x000001d60fb8b000, 0x000001d60fb8c000,
0x000001d60fb8d000, 0x000001d60fb8d800
}

Java Threads: ( => current thread )
  0x000001d66eedf800 JavaThread "main" [_thread_blocked, id=10884, stack(0x0000008cf1200000,0x0000008cf1300000)]
  0x000001d679ae9800 JavaThread "Reference Handler" daemon [_thread_blocked, id=12188, stack(0x0000008cf1900000,0x0000008cf1a00000)]
  0x000001d679aea800 JavaThread "Finalizer" daemon [_thread_blocked, id=12004, stack(0x0000008cf1a00000,0x0000008cf1b00000)]
  0x000001d679b06000 JavaThread "Signal Dispatcher" daemon [_thread_blocked, id=13264, stack(0x0000008cf1b00000,0x0000008cf1c00000)]
  0x000001d679b07000 JavaThread "Attach Listener" daemon [_thread_blocked, id=5872, stack(0x0000008cf1c00000,0x0000008cf1d00000)]
  0x000001d679b08000 JavaThread "Service Thread" daemon [_thread_blocked, id=13364, stack(0x0000008cf1d00000,0x0000008cf1e00000)]
  0x000001d679b10800 JavaThread "C2 CompilerThread0" daemon [_thread_blocked, id=4104, stack(0x0000008cf1e00000,0x0000008cf1f00000)]
  0x000001d679b11800 JavaThread "C1 CompilerThread0" daemon [_thread_blocked, id=5268, stack(0x0000008cf1f00000,0x0000008cf2000000)]
  0x000001d679b25000 JavaThread "Sweeper thread" daemon [_thread_blocked, id=8572, stack(0x0000008cf2000000,0x0000008cf2100000)]
  0x000001d67a4fe800 JavaThread "Common-Cleaner" daemon [_thread_blocked, id=11268, stack(0x0000008cf2100000,0x0000008cf2200000)]
  0x000001d67b1ef000 JavaThread "Daemon health stats" [_thread_blocked, id=14012, stack(0x0000008cf2600000,0x0000008cf2700000)]
  0x000001d67b1f9000 JavaThread "Incoming local TCP Connector on port 62636" [_thread_in_native, id=12784, stack(0x0000008cf2500000,0x0000008cf2600000)]
  0x000001d67b578800 JavaThread "Daemon periodic checks" [_thread_blocked, id=12640, stack(0x0000008cf2700000,0x0000008cf2800000)]
  0x000001d67cbb1800 JavaThread "Cache worker for file hash cache (C:\Users\a0587\.gradle\caches\7.0.2\fileHashes)" [_thread_blocked, id=2924, stack(0x0000008cf3000000,0x0000008cf3100000)]
  0x000001d67cbb2000 JavaThread "File lock request listener" [_thread_in_native, id=9436, stack(0x0000008cf3100000,0x0000008cf3200000)]
  0x000001d67cbaf800 JavaThread "Cache worker for journal cache (C:\Users\a0587\.gradle\caches\journal-1)" [_thread_blocked, id=13536, stack(0x0000008cf3200000,0x0000008cf3300000)]
  0x000001d67cbb4800 JavaThread "File watcher server" daemon [_thread_blocked, id=11188, stack(0x0000008cf3500000,0x0000008cf3600000)]
  0x000001d67cbb3000 JavaThread "File watcher consumer" daemon [_thread_blocked, id=8844, stack(0x0000008cf3600000,0x0000008cf3700000)]
  0x000001d67deb6000 JavaThread "Cache worker for execution history cache (C:\Users\a0587\.gradle\caches\7.0.2\executionHistory)" [_thread_blocked, id=14900, stack(0x0000008cf3a00000,0x0000008cf3b00000)]
  0x000001d67deb0000 JavaThread "jar transforms" [_thread_blocked, id=9472, stack(0x0000008cf3b00000,0x0000008cf3c00000)]
  0x000001d67deb1000 JavaThread "jar transforms Thread 2" [_thread_blocked, id=8540, stack(0x0000008cf3c00000,0x0000008cf3d00000)]
  0x000001d67deb5000 JavaThread "Cache worker for file content cache (C:\Users\a0587\.gradle\caches\7.0.2\fileContent)" [_thread_blocked, id=1780, stack(0x0000008cf3d00000,0x0000008cf3e00000)]
  0x000001d67deb8800 JavaThread "jar transforms Thread 3" [_thread_blocked, id=1016, stack(0x0000008cf3f00000,0x0000008cf4000000)]
  0x000001d67deb9000 JavaThread "jar transforms Thread 4" [_thread_blocked, id=9152, stack(0x0000008cf4500000,0x0000008cf4600000)]
  0x000001d67debc800 JavaThread "Memory manager" [_thread_blocked, id=9832, stack(0x0000008cf4600000,0x0000008cf4700000)]
  0x000001d67bdab000 JavaThread "Cache worker for Java compile cache (C:\Users\a0587\.gradle\caches\7.0.2\javaCompile)" [_thread_blocked, id=7308, stack(0x0000008cf5000000,0x0000008cf5100000)]
  0x000001d67bdb1800 JavaThread "ForkJoinPool.commonPool-worker-3" daemon [_thread_blocked, id=4780, stack(0x0000008cf3300000,0x0000008cf3400000)]
  0x000001d67bda3800 JavaThread "Daemon Thread 4" [_thread_blocked, id=14320, stack(0x0000008cf0f00000,0x0000008cf1000000)]
  0x000001d67bda8800 JavaThread "Handler for socket connection from /127.0.0.1:62636 to /127.0.0.1:51843" [_thread_in_native, id=13560, stack(0x0000008cf1000000,0x0000008cf1100000)]
  0x000001d67bda5800 JavaThread "Cancel handler" [_thread_blocked, id=7116, stack(0x0000008cf1100000,0x0000008cf1200000)]
  0x000001d67bda6000 JavaThread "Daemon worker Thread 4" [_thread_blocked, id=11972, stack(0x0000008cf2800000,0x0000008cf2900000)]
  0x000001d67bda9800 JavaThread "Asynchronous log dispatcher for DefaultDaemonConnection: socket connection from /127.0.0.1:62636 to /127.0.0.1:51843" [_thread_blocked, id=13532, stack(0x0000008cf2900000,0x0000008cf2a00000)]
  0x000001d67bdaa000 JavaThread "Stdin handler" [_thread_blocked, id=2996, stack(0x0000008cf2a00000,0x0000008cf2b00000)]
  0x000001d67bda4800 JavaThread "Daemon client event forwarder" [_thread_blocked, id=13252, stack(0x0000008cf2b00000,0x0000008cf2c00000)]
  0x000001d67bdac000 JavaThread "Cache worker for file hash cache (E:\Programs\Test\.gradle\7.0.2\fileHashes)" [_thread_blocked, id=11860, stack(0x0000008cf2c00000,0x0000008cf2d00000)]
  0x000001d67bdac800 JavaThread "Cache worker for checksums cache (E:\Programs\Test\.gradle\checksums)" [_thread_blocked, id=7244, stack(0x0000008cf2d00000,0x0000008cf2e00000)]
  0x000001d67bdad800 JavaThread "Cache worker for cache directory md-supplier (C:\Users\a0587\.gradle\caches\7.0.2\md-supplier)" [_thread_blocked, id=11888, stack(0x0000008cf2e00000,0x0000008cf2f00000)]
  0x000001d67bda7800 JavaThread "Cache worker for cache directory md-rule (C:\Users\a0587\.gradle\caches\7.0.2\md-rule)" [_thread_blocked, id=11276, stack(0x0000008cf3400000,0x0000008cf3500000)]
  0x000001d67bdae000 JavaThread "Cache worker for dependencies-accessors (E:\Programs\Test\.gradle\7.0.2\dependencies-accessors)" [_thread_blocked, id=4748, stack(0x0000008cf3700000,0x0000008cf3800000)]
  0x000001d67bdb0000 JavaThread "Cache worker for Build Output Cleanup Cache (E:\Programs\Test\.gradle\buildOutputCleanup)" [_thread_blocked, id=14596, stack(0x0000008cf3800000,0x0000008cf3900000)]
  0x000001d67d9be800 JavaThread "C2 CompilerThread1" daemon [_thread_blocked, id=1308, stack(0x0000008cf3900000,0x0000008cf3a00000)]
  0x000001d67bdb0800 JavaThread "Build operations" [_thread_blocked, id=8776, stack(0x0000008cf3e00000,0x0000008cf3f00000)]
  0x000001d67deb2800 JavaThread "Build operations Thread 2" [_thread_blocked, id=13852, stack(0x0000008cf4000000,0x0000008cf4100000)]
  0x000001d67deb2000 JavaThread "Build operations Thread 3" [_thread_blocked, id=3924, stack(0x0000008cf4100000,0x0000008cf4200000)]
  0x000001d67debb000 JavaThread "Build operations Thread 4" [_thread_blocked, id=1628, stack(0x0000008cf4200000,0x0000008cf4300000)]
  0x000001d67debb800 JavaThread "build event listener" [_thread_blocked, id=10420, stack(0x0000008cf4300000,0x0000008cf4400000)]
  0x000001d67debd800 JavaThread "Execution worker for ':'" [_thread_blocked, id=1080, stack(0x0000008cf4400000,0x0000008cf4500000)]
  0x000001d67cbb0800 JavaThread "Execution worker for ':' Thread 2" [_thread_blocked, id=8348, stack(0x0000008cf4700000,0x0000008cf4800000)]
  0x000001d67cbae000 JavaThread "Execution worker for ':' Thread 3" [_thread_blocked, id=2420, stack(0x0000008cf4800000,0x0000008cf4900000)]
  0x000001d67cbaf000 JavaThread "Cache worker for execution history cache (E:\Programs\Test\.gradle\7.0.2\executionHistory)" [_thread_blocked, id=2528, stack(0x0000008cf4900000,0x0000008cf4a00000)]
  0x000001d67cbb3800 JavaThread "WorkerExecutor Queue" [_thread_blocked, id=12436, stack(0x0000008cf4a00000,0x0000008cf4b00000)]
  0x000001d60fb88800 JavaThread "pool-11-thread-1" [_thread_blocked, id=13772, stack(0x0000008cf4b00000,0x0000008cf4c00000)]
  0x000001d60fb8a800 JavaThread "WorkerExecutor Queue Thread 2" [_thread_blocked, id=14312, stack(0x0000008cf4c00000,0x0000008cf4d00000)]
  0x000001d60fb87000 JavaThread "stderr" [_thread_in_native, id=14056, stack(0x0000008cf4d00000,0x0000008cf4e00000)]
  0x000001d60fb8b000 JavaThread "stdout" [_thread_in_native, id=13956, stack(0x0000008cf4e00000,0x0000008cf4f00000)]
  0x000001d60fb8c000 JavaThread "WorkerExecutor Queue Thread 3" [_thread_blocked, id=2660, stack(0x0000008cf4f00000,0x0000008cf5000000)]
  0x000001d60fb8d000 JavaThread "WorkerExecutor Queue Thread 4" [_thread_blocked, id=9612, stack(0x0000008cf5100000,0x0000008cf5200000)]
  0x000001d60fb8d800 JavaThread "Cache worker for Java compile cache (E:\Programs\Test\.gradle\7.0.2\javaCompile)" [_thread_blocked, id=12568, stack(0x0000008cf5200000,0x0000008cf5300000)]

Other Threads:
=>0x000001d679ae6000 VMThread "VM Thread" [stack: 0x0000008cf1800000,0x0000008cf1900000] [id=10912]
  0x000001d67a513000 WatcherThread [stack: 0x0000008cf2200000,0x0000008cf2300000] [id=268]
  0x000001d66eef9000 GCTaskThread "GC Thread#0" [stack: 0x0000008cf1300000,0x0000008cf1400000] [id=3920]
  0x000001d67a70e000 GCTaskThread "GC Thread#1" [stack: 0x0000008cf2300000,0x0000008cf2400000] [id=13004]
  0x000001d67aae0000 GCTaskThread "GC Thread#2" [stack: 0x0000008cf2400000,0x0000008cf2500000] [id=6800]
  0x000001d67c589000 GCTaskThread "GC Thread#3" [stack: 0x0000008cf2f00000,0x0000008cf3000000] [id=11008]
  0x000001d66ef28800 ConcurrentGCThread "G1 Main Marker" [stack: 0x0000008cf1400000,0x0000008cf1500000] [id=2812]
  0x000001d66ef2c000 ConcurrentGCThread "G1 Conc#0" [stack: 0x0000008cf1500000,0x0000008cf1600000] [id=6012]
  0x000001d66efbc000 ConcurrentGCThread "G1 Refine#0" [stack: 0x0000008cf1600000,0x0000008cf1700000] [id=14664]
  0x000001d66efbd000 ConcurrentGCThread "G1 Young RemSet Sampling" [stack: 0x0000008cf1700000,0x0000008cf1800000] [id=10412]

Threads with active compile tasks:
C2 CompilerThread03389726 21855       4       com.android.tools.r8.internal.Ne::b (165 bytes)
C2 CompilerThread13389726 21420 %     4       com.android.tools.r8.ir.regalloc.a::a @ 2054 (3985 bytes)

VM state:at safepoint (normal execution)

VM Mutex/Monitor currently owned by a thread:  ([mutex/lock_event])
[0x000001d66eedc300] Threads_lock - owner thread: 0x000001d679ae6000
[0x000001d66eedb850] Heap_lock - owner thread: 0x000001d67cbb0800

Heap address: 0x0000000080000000, size: 2048 MB, Compressed Oops mode: 32-bit
Narrow klass base: 0x0000000000000000, Narrow klass shift: 3
Compressed class space size: 1073741824 Address: 0x0000000100000000

Heap:
 garbage-first heap   total 362496K, used 157513K [0x0000000080000000, 0x0000000100000000)
  region size 1024K, 3 young (3072K), 3 survivors (3072K)
 Metaspace       used 120286K, capacity 124065K, committed 124240K, reserved 1157120K
  class space    used 14987K, capacity 16439K, committed 16544K, reserved 1048576K
Heap Regions: E=young(eden), S=young(survivor), O=old, HS=humongous(starts), HC=humongous(continues), CS=collection set, F=free, A=archive, TAMS=top-at-mark-start (previous, next)
|   0|0x0000000080000000, 0x0000000080100000, 0x0000000080100000|100%|HS|  |TAMS 0x0000000080100000, 0x0000000080000000| Complete 
|   1|0x0000000080100000, 0x0000000080200000, 0x0000000080200000|100%|HC|  |TAMS 0x0000000080200000, 0x0000000080100000| Complete 
|   2|0x0000000080200000, 0x0000000080300000, 0x0000000080300000|100%|HC|  |TAMS 0x0000000080300000, 0x0000000080200000| Complete 
|   3|0x0000000080300000, 0x0000000080400000, 0x0000000080400000|100%| O|  |TAMS 0x0000000080400000, 0x0000000080300000| Untracked 
|   4|0x0000000080400000, 0x0000000080500000, 0x0000000080500000|100%| O|  |TAMS 0x0000000080500000, 0x0000000080400000| Untracked 
|   5|0x0000000080500000, 0x0000000080600000, 0x0000000080600000|100%| O|  |TAMS 0x0000000080600000, 0x0000000080500000| Untracked 
|   6|0x0000000080600000, 0x0000000080700000, 0x0000000080700000|100%| O|  |TAMS 0x0000000080700000, 0x0000000080600000| Untracked 
|   7|0x0000000080700000, 0x0000000080800000, 0x0000000080800000|100%| O|  |TAMS 0x0000000080800000, 0x0000000080700000| Untracked 
|   8|0x0000000080800000, 0x0000000080900000, 0x0000000080900000|100%| O|  |TAMS 0x0000000080900000, 0x0000000080800000| Untracked 
|   9|0x0000000080900000, 0x0000000080a00000, 0x0000000080a00000|100%| O|  |TAMS 0x0000000080a00000, 0x0000000080900000| Untracked 
|  10|0x0000000080a00000, 0x0000000080b00000, 0x0000000080b00000|100%| O|  |TAMS 0x0000000080b00000, 0x0000000080a00000| Untracked 
|  11|0x0000000080b00000, 0x0000000080c00000, 0x0000000080c00000|100%| O|  |TAMS 0x0000000080c00000, 0x0000000080b00000| Untracked 
|  12|0x0000000080c00000, 0x0000000080d00000, 0x0000000080d00000|100%| O|  |TAMS 0x0000000080d00000, 0x0000000080c00000| Untracked 
|  13|0x0000000080d00000, 0x0000000080e00000, 0x0000000080e00000|100%| O|  |TAMS 0x0000000080e00000, 0x0000000080d00000| Untracked 
|  14|0x0000000080e00000, 0x0000000080f00000, 0x0000000080f00000|100%| O|  |TAMS 0x0000000080f00000, 0x0000000080e00000| Untracked 
|  15|0x0000000080f00000, 0x0000000081000000, 0x0000000081000000|100%| O|  |TAMS 0x0000000081000000, 0x0000000080f00000| Untracked 
|  16|0x0000000081000000, 0x0000000081100000, 0x0000000081100000|100%|HS|  |TAMS 0x0000000081100000, 0x0000000081000000| Complete 
|  17|0x0000000081100000, 0x0000000081200000, 0x0000000081200000|100%| O|  |TAMS 0x0000000081200000, 0x0000000081100000| Untracked 
|  18|0x0000000081200000, 0x0000000081300000, 0x0000000081300000|100%| O|  |TAMS 0x0000000081300000, 0x0000000081200000| Untracked 
|  19|0x0000000081300000, 0x0000000081400000, 0x0000000081400000|100%| O|  |TAMS 0x0000000081400000, 0x0000000081300000| Untracked 
|  20|0x0000000081400000, 0x0000000081500000, 0x0000000081500000|100%| O|  |TAMS 0x0000000081500000, 0x0000000081400000| Untracked 
|  21|0x0000000081500000, 0x0000000081600000, 0x0000000081600000|100%| O|  |TAMS 0x0000000081600000, 0x0000000081500000| Untracked 
|  22|0x0000000081600000, 0x0000000081700000, 0x0000000081700000|100%| O|  |TAMS 0x0000000081700000, 0x0000000081600000| Untracked 
|  23|0x0000000081700000, 0x0000000081800000, 0x0000000081800000|100%| O|  |TAMS 0x0000000081800000, 0x0000000081700000| Untracked 
|  24|0x0000000081800000, 0x0000000081900000, 0x0000000081900000|100%| O|  |TAMS 0x0000000081900000, 0x0000000081800000| Untracked 
|  25|0x0000000081900000, 0x0000000081a00000, 0x0000000081a00000|100%| O|  |TAMS 0x0000000081a00000, 0x0000000081900000| Untracked 
|  26|0x0000000081a00000, 0x0000000081b00000, 0x0000000081b00000|100%| O|  |TAMS 0x0000000081b00000, 0x0000000081a00000| Untracked 
|  27|0x0000000081b00000, 0x0000000081c00000, 0x0000000081c00000|100%|HS|  |TAMS 0x0000000081c00000, 0x0000000081b00000| Complete 
|  28|0x0000000081c00000, 0x0000000081d00000, 0x0000000081d00000|100%|HS|  |TAMS 0x0000000081d00000, 0x0000000081c00000| Complete 
|  29|0x0000000081d00000, 0x0000000081e00000, 0x0000000081e00000|100%|HC|  |TAMS 0x0000000081e00000, 0x0000000081d00000| Complete 
|  30|0x0000000081e00000, 0x0000000081f00000, 0x0000000081f00000|100%| O|  |TAMS 0x0000000081f00000, 0x0000000081e00000| Untracked 
|  31|0x0000000081f00000, 0x0000000082000000, 0x0000000082000000|100%| O|  |TAMS 0x0000000082000000, 0x0000000081f00000| Untracked 
|  32|0x0000000082000000, 0x0000000082100000, 0x0000000082100000|100%| O|  |TAMS 0x0000000082100000, 0x0000000082000000| Untracked 
|  33|0x0000000082100000, 0x0000000082200000, 0x0000000082200000|100%| O|  |TAMS 0x0000000082200000, 0x0000000082100000| Untracked 
|  34|0x0000000082200000, 0x0000000082300000, 0x0000000082300000|100%| O|  |TAMS 0x0000000082300000, 0x0000000082200000| Untracked 
|  35|0x0000000082300000, 0x0000000082400000, 0x0000000082400000|100%| O|  |TAMS 0x0000000082400000, 0x0000000082300000| Untracked 
|  36|0x0000000082400000, 0x0000000082500000, 0x0000000082500000|100%| O|  |TAMS 0x0000000082500000, 0x0000000082400000| Untracked 
|  37|0x0000000082500000, 0x0000000082600000, 0x0000000082600000|100%| O|  |TAMS 0x0000000082600000, 0x0000000082500000| Untracked 
|  38|0x0000000082600000, 0x0000000082700000, 0x0000000082700000|100%| O|  |TAMS 0x0000000082700000, 0x0000000082600000| Untracked 
|  39|0x0000000082700000, 0x0000000082800000, 0x0000000082800000|100%| O|  |TAMS 0x0000000082800000, 0x0000000082700000| Untracked 
|  40|0x0000000082800000, 0x0000000082900000, 0x0000000082900000|100%| O|  |TAMS 0x0000000082900000, 0x0000000082800000| Untracked 
|  41|0x0000000082900000, 0x0000000082a00000, 0x0000000082a00000|100%| O|  |TAMS 0x0000000082a00000, 0x0000000082900000| Untracked 
|  42|0x0000000082a00000, 0x0000000082b00000, 0x0000000082b00000|100%| O|  |TAMS 0x0000000082b00000, 0x0000000082a00000| Untracked 
|  43|0x0000000082b00000, 0x0000000082c00000, 0x0000000082c00000|100%| O|  |TAMS 0x0000000082c00000, 0x0000000082b00000| Untracked 
|  44|0x0000000082c00000, 0x0000000082d00000, 0x0000000082d00000|100%| O|  |TAMS 0x0000000082d00000, 0x0000000082c00000| Untracked 
|  45|0x0000000082d00000, 0x0000000082e00000, 0x0000000082e00000|100%| O|  |TAMS 0x0000000082e00000, 0x0000000082d00000| Untracked 
|  46|0x0000000082e00000, 0x0000000082f00000, 0x0000000082f00000|100%| O|  |TAMS 0x0000000082f00000, 0x0000000082e00000| Untracked 
|  47|0x0000000082f00000, 0x0000000083000000, 0x0000000083000000|100%| O|  |TAMS 0x0000000083000000, 0x0000000082f00000| Untracked 
|  48|0x0000000083000000, 0x0000000083100000, 0x0000000083100000|100%| O|  |TAMS 0x0000000083100000, 0x0000000083000000| Untracked 
|  49|0x0000000083100000, 0x0000000083200000, 0x0000000083200000|100%| O|  |TAMS 0x0000000083200000, 0x0000000083100000| Untracked 
|  50|0x0000000083200000, 0x0000000083300000, 0x0000000083300000|100%| O|  |TAMS 0x0000000083300000, 0x0000000083200000| Untracked 
|  51|0x0000000083300000, 0x0000000083400000, 0x0000000083400000|100%| O|  |TAMS 0x0000000083400000, 0x0000000083300000| Untracked 
|  52|0x0000000083400000, 0x0000000083500000, 0x0000000083500000|100%| O|  |TAMS 0x0000000083500000, 0x0000000083400000| Untracked 
|  53|0x0000000083500000, 0x0000000083600000, 0x0000000083600000|100%| O|  |TAMS 0x0000000083600000, 0x0000000083500000| Untracked 
|  54|0x0000000083600000, 0x0000000083700000, 0x0000000083700000|100%| O|  |TAMS 0x0000000083700000, 0x0000000083600000| Untracked 
|  55|0x0000000083700000, 0x0000000083800000, 0x0000000083800000|100%| O|  |TAMS 0x0000000083800000, 0x0000000083700000| Untracked 
|  56|0x0000000083800000, 0x0000000083900000, 0x0000000083900000|100%| O|  |TAMS 0x0000000083900000, 0x0000000083800000| Untracked 
|  57|0x0000000083900000, 0x0000000083a00000, 0x0000000083a00000|100%| O|  |TAMS 0x0000000083a00000, 0x0000000083900000| Untracked 
|  58|0x0000000083a00000, 0x0000000083b00000, 0x0000000083b00000|100%| O|  |TAMS 0x0000000083b00000, 0x0000000083a00000| Untracked 
|  59|0x0000000083b00000, 0x0000000083c00000, 0x0000000083c00000|100%| O|  |TAMS 0x0000000083bdbc00, 0x0000000083b00000| Untracked 
|  60|0x0000000083c00000, 0x0000000083d00000, 0x0000000083d00000|100%| O|  |TAMS 0x0000000083d00000, 0x0000000083c00000| Untracked 
|  61|0x0000000083d00000, 0x0000000083e00000, 0x0000000083e00000|100%| O|  |TAMS 0x0000000083d00000, 0x0000000083d00000| Untracked 
|  62|0x0000000083e00000, 0x0000000083f00000, 0x0000000083f00000|100%| O|  |TAMS 0x0000000083f00000, 0x0000000083e00000| Untracked 
|  63|0x0000000083f00000, 0x0000000084000000, 0x0000000084000000|100%| O|  |TAMS 0x0000000083f00000, 0x0000000083f00000| Untracked 
|  64|0x0000000084000000, 0x0000000084100000, 0x0000000084100000|100%| O|  |TAMS 0x0000000084100000, 0x0000000084000000| Untracked 
|  65|0x0000000084100000, 0x0000000084200000, 0x0000000084200000|100%| O|  |TAMS 0x0000000084200000, 0x0000000084100000| Untracked 
|  66|0x0000000084200000, 0x0000000084300000, 0x0000000084300000|100%| O|  |TAMS 0x0000000084300000, 0x0000000084200000| Untracked 
|  67|0x0000000084300000, 0x0000000084400000, 0x0000000084400000|100%| O|  |TAMS 0x0000000084400000, 0x0000000084300000| Untracked 
|  68|0x0000000084400000, 0x0000000084500000, 0x0000000084500000|100%| O|  |TAMS 0x0000000084500000, 0x0000000084400000| Untracked 
|  69|0x0000000084500000, 0x0000000084600000, 0x0000000084600000|100%| O|  |TAMS 0x0000000084600000, 0x0000000084500000| Untracked 
|  70|0x0000000084600000, 0x0000000084700000, 0x0000000084700000|100%| O|  |TAMS 0x0000000084700000, 0x0000000084600000| Untracked 
|  71|0x0000000084700000, 0x0000000084800000, 0x0000000084800000|100%| O|  |TAMS 0x0000000084800000, 0x0000000084700000| Untracked 
|  72|0x0000000084800000, 0x0000000084900000, 0x0000000084900000|100%| O|  |TAMS 0x0000000084900000, 0x0000000084800000| Untracked 
|  73|0x0000000084900000, 0x0000000084a00000, 0x0000000084a00000|100%| O|  |TAMS 0x0000000084a00000, 0x0000000084900000| Untracked 
|  74|0x0000000084a00000, 0x0000000084b00000, 0x0000000084b00000|100%| O|  |TAMS 0x0000000084a00000, 0x0000000084a00000| Untracked 
|  75|0x0000000084b00000, 0x0000000084c00000, 0x0000000084c00000|100%| O|  |TAMS 0x0000000084c00000, 0x0000000084b00000| Untracked 
|  76|0x0000000084c00000, 0x0000000084d00000, 0x0000000084d00000|100%| O|  |TAMS 0x0000000084d00000, 0x0000000084c00000| Untracked 
|  77|0x0000000084d00000, 0x0000000084e00000, 0x0000000084e00000|100%| O|  |TAMS 0x0000000084e00000, 0x0000000084d00000| Untracked 
|  78|0x0000000084e00000, 0x0000000084f00000, 0x0000000084f00000|100%|HS|  |TAMS 0x0000000084f00000, 0x0000000084e00000| Complete 
|  79|0x0000000084f00000, 0x0000000085000000, 0x0000000085000000|100%|HC|  |TAMS 0x0000000085000000, 0x0000000084f00000| Complete 
|  80|0x0000000085000000, 0x0000000085100000, 0x0000000085100000|100%| O|  |TAMS 0x0000000085100000, 0x0000000085000000| Untracked 
|  81|0x0000000085100000, 0x0000000085200000, 0x0000000085200000|100%| O|  |TAMS 0x0000000085100000, 0x0000000085100000| Untracked 
|  82|0x0000000085200000, 0x0000000085300000, 0x0000000085300000|100%| O|  |TAMS 0x0000000085200000, 0x0000000085200000| Untracked 
|  83|0x0000000085300000, 0x0000000085400000, 0x0000000085400000|100%| O|  |TAMS 0x0000000085300000, 0x0000000085300000| Untracked 
|  84|0x0000000085400000, 0x0000000085500000, 0x0000000085500000|100%| O|  |TAMS 0x0000000085500000, 0x0000000085400000| Untracked 
|  85|0x0000000085500000, 0x0000000085600000, 0x0000000085600000|100%| O|  |TAMS 0x0000000085500000, 0x0000000085500000| Untracked 
|  86|0x0000000085600000, 0x0000000085700000, 0x0000000085700000|100%| O|  |TAMS 0x0000000085600000, 0x0000000085600000| Untracked 
|  87|0x0000000085700000, 0x0000000085800000, 0x0000000085800000|100%| O|  |TAMS 0x0000000085700000, 0x0000000085700000| Untracked 
|  88|0x0000000085800000, 0x0000000085900000, 0x0000000085900000|100%| O|  |TAMS 0x0000000085900000, 0x0000000085800000| Untracked 
|  89|0x0000000085900000, 0x0000000085a00000, 0x0000000085a00000|100%|HS|  |TAMS 0x0000000085900000, 0x0000000085900000| Complete 
|  90|0x0000000085a00000, 0x0000000085b00000, 0x0000000085b00000|100%|HC|  |TAMS 0x0000000085a00000, 0x0000000085a00000| Complete 
|  91|0x0000000085b00000, 0x0000000085c00000, 0x0000000085c00000|100%| O|  |TAMS 0x0000000085c00000, 0x0000000085b00000| Untracked 
|  92|0x0000000085c00000, 0x0000000085d00000, 0x0000000085d00000|100%| O|  |TAMS 0x0000000085d00000, 0x0000000085c00000| Untracked 
|  93|0x0000000085d00000, 0x0000000085e00000, 0x0000000085e00000|100%| O|  |TAMS 0x0000000085e00000, 0x0000000085d00000| Untracked 
|  94|0x0000000085e00000, 0x0000000085f00000, 0x0000000085f00000|100%| O|  |TAMS 0x0000000085f00000, 0x0000000085e00000| Untracked 
|  95|0x0000000085f00000, 0x0000000086000000, 0x0000000086000000|100%| O|  |TAMS 0x0000000086000000, 0x0000000085f00000| Untracked 
|  96|0x0000000086000000, 0x0000000086100000, 0x0000000086100000|100%| O|  |TAMS 0x0000000086000000, 0x0000000086000000| Untracked 
|  97|0x0000000086100000, 0x0000000086200000, 0x0000000086200000|100%| O|  |TAMS 0x0000000086100000, 0x0000000086100000| Untracked 
|  98|0x0000000086200000, 0x0000000086300000, 0x0000000086300000|100%| O|  |TAMS 0x0000000086200000, 0x0000000086200000| Untracked 
|  99|0x0000000086300000, 0x0000000086400000, 0x0000000086400000|100%| O|  |TAMS 0x0000000086300000, 0x0000000086300000| Untracked 
| 100|0x0000000086400000, 0x0000000086500000, 0x0000000086500000|100%| O|  |TAMS 0x0000000086400000, 0x0000000086400000| Untracked 
| 101|0x0000000086500000, 0x0000000086600000, 0x0000000086600000|100%| O|  |TAMS 0x0000000086500000, 0x0000000086500000| Untracked 
| 102|0x0000000086600000, 0x0000000086700000, 0x0000000086700000|100%| O|  |TAMS 0x0000000086600000, 0x0000000086600000| Untracked 
| 103|0x0000000086700000, 0x0000000086800000, 0x0000000086800000|100%| O|  |TAMS 0x0000000086700000, 0x0000000086700000| Untracked 
| 104|0x0000000086800000, 0x0000000086900000, 0x0000000086900000|100%| O|  |TAMS 0x0000000086800000, 0x0000000086800000| Untracked 
| 105|0x0000000086900000, 0x0000000086a00000, 0x0000000086a00000|100%| O|  |TAMS 0x0000000086900000, 0x0000000086900000| Untracked 
| 106|0x0000000086a00000, 0x0000000086b00000, 0x0000000086b00000|100%| O|  |TAMS 0x0000000086a00000, 0x0000000086a00000| Untracked 
| 107|0x0000000086b00000, 0x0000000086c00000, 0x0000000086c00000|100%| O|  |TAMS 0x0000000086b00000, 0x0000000086b00000| Untracked 
| 108|0x0000000086c00000, 0x0000000086d00000, 0x0000000086d00000|100%| O|  |TAMS 0x0000000086c00000, 0x0000000086c00000| Untracked 
| 109|0x0000000086d00000, 0x0000000086e00000, 0x0000000086e00000|100%| O|  |TAMS 0x0000000086d00000, 0x0000000086d00000| Untracked 
| 110|0x0000000086e00000, 0x0000000086f00000, 0x0000000086f00000|100%| O|  |TAMS 0x0000000086e00000, 0x0000000086e00000| Untracked 
| 111|0x0000000086f00000, 0x0000000087000000, 0x0000000087000000|100%| O|  |TAMS 0x0000000086f00000, 0x0000000086f00000| Untracked 
| 112|0x0000000087000000, 0x0000000087100000, 0x0000000087100000|100%| O|  |TAMS 0x0000000087000000, 0x0000000087000000| Untracked 
| 113|0x0000000087100000, 0x0000000087200000, 0x0000000087200000|100%| O|  |TAMS 0x0000000087100000, 0x0000000087100000| Untracked 
| 114|0x0000000087200000, 0x0000000087300000, 0x0000000087300000|100%| O|  |TAMS 0x0000000087200000, 0x0000000087200000| Untracked 
| 115|0x0000000087300000, 0x0000000087400000, 0x0000000087400000|100%| O|  |TAMS 0x0000000087300000, 0x0000000087300000| Untracked 
| 116|0x0000000087400000, 0x0000000087500000, 0x0000000087500000|100%| O|  |TAMS 0x0000000087400000, 0x0000000087400000| Untracked 
| 117|0x0000000087500000, 0x0000000087600000, 0x0000000087600000|100%| O|  |TAMS 0x0000000087500000, 0x0000000087500000| Untracked 
| 118|0x0000000087600000, 0x0000000087700000, 0x0000000087700000|100%| O|  |TAMS 0x0000000087600000, 0x0000000087600000| Untracked 
| 119|0x0000000087700000, 0x0000000087800000, 0x0000000087800000|100%| O|  |TAMS 0x0000000087700000, 0x0000000087700000| Untracked 
| 120|0x0000000087800000, 0x0000000087900000, 0x0000000087900000|100%| O|  |TAMS 0x0000000087800000, 0x0000000087800000| Untracked 
| 121|0x0000000087900000, 0x0000000087a00000, 0x0000000087a00000|100%| O|  |TAMS 0x0000000087900000, 0x0000000087900000| Untracked 
| 122|0x0000000087a00000, 0x0000000087b00000, 0x0000000087b00000|100%| O|  |TAMS 0x0000000087a00000, 0x0000000087a00000| Untracked 
| 123|0x0000000087b00000, 0x0000000087c00000, 0x0000000087c00000|100%| O|  |TAMS 0x0000000087b00000, 0x0000000087b00000| Untracked 
| 124|0x0000000087c00000, 0x0000000087d00000, 0x0000000087d00000|100%| O|  |TAMS 0x0000000087c00000, 0x0000000087c00000| Untracked 
| 125|0x0000000087d00000, 0x0000000087e00000, 0x0000000087e00000|100%| O|  |TAMS 0x0000000087d00000, 0x0000000087d00000| Untracked 
| 126|0x0000000087e00000, 0x0000000087f00000, 0x0000000087f00000|100%| O|  |TAMS 0x0000000087e00000, 0x0000000087e00000| Untracked 
| 127|0x0000000087f00000, 0x0000000088000000, 0x0000000088000000|100%| O|  |TAMS 0x0000000087f00000, 0x0000000087f00000| Untracked 
| 128|0x0000000088000000, 0x0000000088100000, 0x0000000088100000|100%| O|  |TAMS 0x0000000088000000, 0x0000000088000000| Untracked 
| 129|0x0000000088100000, 0x0000000088200000, 0x0000000088200000|100%| O|  |TAMS 0x0000000088100000, 0x0000000088100000| Untracked 
| 130|0x0000000088200000, 0x0000000088300000, 0x0000000088300000|100%| O|  |TAMS 0x0000000088200000, 0x0000000088200000| Untracked 
| 131|0x0000000088300000, 0x0000000088400000, 0x0000000088400000|100%| O|  |TAMS 0x0000000088300000, 0x0000000088300000| Untracked 
| 132|0x0000000088400000, 0x0000000088500000, 0x0000000088500000|100%| O|  |TAMS 0x0000000088400000, 0x0000000088400000| Untracked 
| 133|0x0000000088500000, 0x0000000088600000, 0x0000000088600000|100%| O|  |TAMS 0x0000000088500000, 0x0000000088500000| Untracked 
| 134|0x0000000088600000, 0x0000000088700000, 0x0000000088700000|100%| O|  |TAMS 0x0000000088600000, 0x0000000088600000| Untracked 
| 135|0x0000000088700000, 0x0000000088800000, 0x0000000088800000|100%| O|  |TAMS 0x0000000088700000, 0x0000000088700000| Untracked 
| 136|0x0000000088800000, 0x0000000088900000, 0x0000000088900000|100%| O|  |TAMS 0x0000000088800000, 0x0000000088800000| Untracked 
| 137|0x0000000088900000, 0x0000000088a00000, 0x0000000088a00000|100%| O|  |TAMS 0x0000000088900000, 0x0000000088900000| Untracked 
| 138|0x0000000088a00000, 0x0000000088b00000, 0x0000000088b00000|100%| O|  |TAMS 0x0000000088a00000, 0x0000000088a00000| Untracked 
| 139|0x0000000088b00000, 0x0000000088c00000, 0x0000000088c00000|100%| O|  |TAMS 0x0000000088b00000, 0x0000000088b00000| Untracked 
| 140|0x0000000088c00000, 0x0000000088d00000, 0x0000000088d00000|100%|HS|  |TAMS 0x0000000088c00000, 0x0000000088c00000| Complete 
| 141|0x0000000088d00000, 0x0000000088e00000, 0x0000000088e00000|100%|HC|  |TAMS 0x0000000088d00000, 0x0000000088d00000| Complete 
| 142|0x0000000088e00000, 0x0000000088f00000, 0x0000000088f00000|100%| O|  |TAMS 0x0000000088e00000, 0x0000000088e00000| Untracked 
| 143|0x0000000088f00000, 0x0000000089000000, 0x0000000089000000|100%| O|  |TAMS 0x0000000088f00000, 0x0000000088f00000| Untracked 
| 144|0x0000000089000000, 0x0000000089100000, 0x0000000089100000|100%| O|  |TAMS 0x0000000089000000, 0x0000000089000000| Untracked 
| 145|0x0000000089100000, 0x0000000089200000, 0x0000000089200000|100%| O|  |TAMS 0x0000000089100000, 0x0000000089100000| Untracked 
| 146|0x0000000089200000, 0x0000000089300000, 0x0000000089300000|100%| O|  |TAMS 0x0000000089200000, 0x0000000089200000| Untracked 
| 147|0x0000000089300000, 0x0000000089400000, 0x0000000089400000|100%| O|  |TAMS 0x0000000089300000, 0x0000000089300000| Untracked 
| 148|0x0000000089400000, 0x0000000089500000, 0x0000000089500000|100%| O|  |TAMS 0x0000000089400000, 0x0000000089400000| Untracked 
| 149|0x0000000089500000, 0x0000000089600000, 0x0000000089600000|100%| O|  |TAMS 0x0000000089500000, 0x0000000089500000| Untracked 
| 150|0x0000000089600000, 0x0000000089700000, 0x0000000089700000|100%| O|  |TAMS 0x0000000089600000, 0x0000000089600000| Untracked 
| 151|0x0000000089700000, 0x00000000897b1600, 0x0000000089800000| 69%| O|  |TAMS 0x0000000089700000, 0x0000000089700000| Untracked 
| 152|0x0000000089800000, 0x0000000089800000, 0x0000000089900000|  0%| F|  |TAMS 0x0000000089800000, 0x0000000089800000| Untracked 
| 153|0x0000000089900000, 0x0000000089900000, 0x0000000089a00000|  0%| F|  |TAMS 0x0000000089900000, 0x0000000089900000| Untracked 
| 154|0x0000000089a00000, 0x0000000089a00000, 0x0000000089b00000|  0%| F|  |TAMS 0x0000000089a00000, 0x0000000089a00000| Untracked 
| 155|0x0000000089b00000, 0x0000000089b00000, 0x0000000089c00000|  0%| F|  |TAMS 0x0000000089b00000, 0x0000000089b00000| Untracked 
| 156|0x0000000089c00000, 0x0000000089c00000, 0x0000000089d00000|  0%| F|  |TAMS 0x0000000089c00000, 0x0000000089c00000| Untracked 
| 157|0x0000000089d00000, 0x0000000089d00000, 0x0000000089e00000|  0%| F|  |TAMS 0x0000000089d00000, 0x0000000089d00000| Untracked 
| 158|0x0000000089e00000, 0x0000000089e00000, 0x0000000089f00000|  0%| F|  |TAMS 0x0000000089e00000, 0x0000000089e00000| Untracked 
| 159|0x0000000089f00000, 0x0000000089f00000, 0x000000008a000000|  0%| F|  |TAMS 0x0000000089f00000, 0x0000000089f00000| Untracked 
| 160|0x000000008a000000, 0x000000008a000000, 0x000000008a100000|  0%| F|  |TAMS 0x000000008a000000, 0x000000008a000000| Untracked 
| 161|0x000000008a100000, 0x000000008a100000, 0x000000008a200000|  0%| F|  |TAMS 0x000000008a100000, 0x000000008a100000| Untracked 
| 162|0x000000008a200000, 0x000000008a200000, 0x000000008a300000|  0%| F|  |TAMS 0x000000008a200000, 0x000000008a200000| Untracked 
| 163|0x000000008a300000, 0x000000008a300000, 0x000000008a400000|  0%| F|  |TAMS 0x000000008a300000, 0x000000008a300000| Untracked 
| 164|0x000000008a400000, 0x000000008a400000, 0x000000008a500000|  0%| F|  |TAMS 0x000000008a400000, 0x000000008a400000| Untracked 
| 165|0x000000008a500000, 0x000000008a500000, 0x000000008a600000|  0%| F|  |TAMS 0x000000008a500000, 0x000000008a500000| Untracked 
| 166|0x000000008a600000, 0x000000008a600000, 0x000000008a700000|  0%| F|  |TAMS 0x000000008a600000, 0x000000008a600000| Untracked 
| 167|0x000000008a700000, 0x000000008a700000, 0x000000008a800000|  0%| F|  |TAMS 0x000000008a700000, 0x000000008a700000| Untracked 
| 168|0x000000008a800000, 0x000000008a800000, 0x000000008a900000|  0%| F|  |TAMS 0x000000008a800000, 0x000000008a800000| Untracked 
| 169|0x000000008a900000, 0x000000008a900000, 0x000000008aa00000|  0%| F|  |TAMS 0x000000008a900000, 0x000000008a900000| Untracked 
| 170|0x000000008aa00000, 0x000000008aa00000, 0x000000008ab00000|  0%| F|  |TAMS 0x000000008aa00000, 0x000000008aa00000| Untracked 
| 171|0x000000008ab00000, 0x000000008ab00000, 0x000000008ac00000|  0%| F|  |TAMS 0x000000008ab00000, 0x000000008ab00000| Untracked 
| 172|0x000000008ac00000, 0x000000008ac00000, 0x000000008ad00000|  0%| F|  |TAMS 0x000000008ac00000, 0x000000008ac00000| Untracked 
| 173|0x000000008ad00000, 0x000000008ad00000, 0x000000008ae00000|  0%| F|  |TAMS 0x000000008ad00000, 0x000000008ad00000| Untracked 
| 174|0x000000008ae00000, 0x000000008ae00000, 0x000000008af00000|  0%| F|  |TAMS 0x000000008ae00000, 0x000000008ae00000| Untracked 
| 175|0x000000008af00000, 0x000000008af00000, 0x000000008b000000|  0%| F|  |TAMS 0x000000008af00000, 0x000000008af00000| Untracked 
| 176|0x000000008b000000, 0x000000008b000000, 0x000000008b100000|  0%| F|  |TAMS 0x000000008b000000, 0x000000008b000000| Untracked 
| 177|0x000000008b100000, 0x000000008b100000, 0x000000008b200000|  0%| F|  |TAMS 0x000000008b100000, 0x000000008b100000| Untracked 
| 178|0x000000008b200000, 0x000000008b200000, 0x000000008b300000|  0%| F|  |TAMS 0x000000008b200000, 0x000000008b200000| Untracked 
| 179|0x000000008b300000, 0x000000008b300000, 0x000000008b400000|  0%| F|  |TAMS 0x000000008b300000, 0x000000008b300000| Untracked 
| 180|0x000000008b400000, 0x000000008b400000, 0x000000008b500000|  0%| F|  |TAMS 0x000000008b400000, 0x000000008b400000| Untracked 
| 181|0x000000008b500000, 0x000000008b500000, 0x000000008b600000|  0%| F|  |TAMS 0x000000008b500000, 0x000000008b500000| Untracked 
| 182|0x000000008b600000, 0x000000008b600000, 0x000000008b700000|  0%| F|  |TAMS 0x000000008b600000, 0x000000008b600000| Untracked 
| 183|0x000000008b700000, 0x000000008b700000, 0x000000008b800000|  0%| F|  |TAMS 0x000000008b700000, 0x000000008b700000| Untracked 
| 184|0x000000008b800000, 0x000000008b800000, 0x000000008b900000|  0%| F|  |TAMS 0x000000008b800000, 0x000000008b800000| Untracked 
| 185|0x000000008b900000, 0x000000008b900000, 0x000000008ba00000|  0%| F|  |TAMS 0x000000008b900000, 0x000000008b900000| Untracked 
| 186|0x000000008ba00000, 0x000000008ba00000, 0x000000008bb00000|  0%| F|  |TAMS 0x000000008ba00000, 0x000000008ba00000| Untracked 
| 187|0x000000008bb00000, 0x000000008bb00000, 0x000000008bc00000|  0%| F|  |TAMS 0x000000008bb00000, 0x000000008bb00000| Untracked 
| 188|0x000000008bc00000, 0x000000008bc00000, 0x000000008bd00000|  0%| F|  |TAMS 0x000000008bc00000, 0x000000008bc00000| Untracked 
| 189|0x000000008bd00000, 0x000000008bd00000, 0x000000008be00000|  0%| F|  |TAMS 0x000000008bd00000, 0x000000008bd00000| Untracked 
| 190|0x000000008be00000, 0x000000008be00000, 0x000000008bf00000|  0%| F|  |TAMS 0x000000008be00000, 0x000000008be00000| Untracked 
| 191|0x000000008bf00000, 0x000000008bf00000, 0x000000008c000000|  0%| F|  |TAMS 0x000000008bf00000, 0x000000008bf00000| Untracked 
| 192|0x000000008c000000, 0x000000008c000000, 0x000000008c100000|  0%| F|  |TAMS 0x000000008c000000, 0x000000008c000000| Untracked 
| 193|0x000000008c100000, 0x000000008c100000, 0x000000008c200000|  0%| F|  |TAMS 0x000000008c100000, 0x000000008c100000| Untracked 
| 194|0x000000008c200000, 0x000000008c200000, 0x000000008c300000|  0%| F|  |TAMS 0x000000008c200000, 0x000000008c200000| Untracked 
| 195|0x000000008c300000, 0x000000008c300000, 0x000000008c400000|  0%| F|  |TAMS 0x000000008c300000, 0x000000008c300000| Untracked 
| 196|0x000000008c400000, 0x000000008c400000, 0x000000008c500000|  0%| F|  |TAMS 0x000000008c400000, 0x000000008c400000| Untracked 
| 197|0x000000008c500000, 0x000000008c500000, 0x000000008c600000|  0%| F|  |TAMS 0x000000008c500000, 0x000000008c500000| Untracked 
| 198|0x000000008c600000, 0x000000008c600000, 0x000000008c700000|  0%| F|  |TAMS 0x000000008c600000, 0x000000008c600000| Untracked 
| 199|0x000000008c700000, 0x000000008c700000, 0x000000008c800000|  0%| F|  |TAMS 0x000000008c700000, 0x000000008c700000| Untracked 
| 200|0x000000008c800000, 0x000000008c800000, 0x000000008c900000|  0%| F|  |TAMS 0x000000008c800000, 0x000000008c800000| Untracked 
| 201|0x000000008c900000, 0x000000008c900000, 0x000000008ca00000|  0%| F|  |TAMS 0x000000008c900000, 0x000000008c900000| Untracked 
| 202|0x000000008ca00000, 0x000000008ca00000, 0x000000008cb00000|  0%| F|  |TAMS 0x000000008ca00000, 0x000000008ca00000| Untracked 
| 203|0x000000008cb00000, 0x000000008cb20fd8, 0x000000008cc00000| 12%| S|CS|TAMS 0x000000008cb00000, 0x000000008cb00000| Complete 
| 204|0x000000008cc00000, 0x000000008cd00000, 0x000000008cd00000|100%| S|CS|TAMS 0x000000008cc00000, 0x000000008cc00000| Complete 
| 205|0x000000008cd00000, 0x000000008ce00000, 0x000000008ce00000|100%| S|CS|TAMS 0x000000008cd00000, 0x000000008cd00000| Complete 
| 206|0x000000008ce00000, 0x000000008ce00000, 0x000000008cf00000|  0%| F|  |TAMS 0x000000008ce00000, 0x000000008ce00000| Untracked 
| 207|0x000000008cf00000, 0x000000008cf00000, 0x000000008d000000|  0%| F|  |TAMS 0x000000008cf00000, 0x000000008cf00000| Untracked 
| 208|0x000000008d000000, 0x000000008d000000, 0x000000008d100000|  0%| F|  |TAMS 0x000000008d000000, 0x000000008d000000| Untracked 
| 209|0x000000008d100000, 0x000000008d100000, 0x000000008d200000|  0%| F|  |TAMS 0x000000008d100000, 0x000000008d100000| Untracked 
| 210|0x000000008d200000, 0x000000008d200000, 0x000000008d300000|  0%| F|  |TAMS 0x000000008d200000, 0x000000008d200000| Untracked 
| 211|0x000000008d300000, 0x000000008d300000, 0x000000008d400000|  0%| F|  |TAMS 0x000000008d300000, 0x000000008d300000| Untracked 
| 212|0x000000008d400000, 0x000000008d400000, 0x000000008d500000|  0%| F|  |TAMS 0x000000008d400000, 0x000000008d400000| Untracked 
| 213|0x000000008d500000, 0x000000008d500000, 0x000000008d600000|  0%| F|  |TAMS 0x000000008d500000, 0x000000008d500000| Untracked 
| 214|0x000000008d600000, 0x000000008d600000, 0x000000008d700000|  0%| F|  |TAMS 0x000000008d600000, 0x000000008d600000| Untracked 
| 215|0x000000008d700000, 0x000000008d700000, 0x000000008d800000|  0%| F|  |TAMS 0x000000008d700000, 0x000000008d700000| Untracked 
| 216|0x000000008d800000, 0x000000008d800000, 0x000000008d900000|  0%| F|  |TAMS 0x000000008d800000, 0x000000008d800000| Untracked 
| 217|0x000000008d900000, 0x000000008d900000, 0x000000008da00000|  0%| F|  |TAMS 0x000000008d900000, 0x000000008d900000| Untracked 
| 218|0x000000008da00000, 0x000000008da00000, 0x000000008db00000|  0%| F|  |TAMS 0x000000008da00000, 0x000000008da00000| Untracked 
| 219|0x000000008db00000, 0x000000008db00000, 0x000000008dc00000|  0%| F|  |TAMS 0x000000008db00000, 0x000000008db00000| Untracked 
| 220|0x000000008dc00000, 0x000000008dc00000, 0x000000008dd00000|  0%| F|  |TAMS 0x000000008dc00000, 0x000000008dc00000| Untracked 
| 221|0x000000008dd00000, 0x000000008dd00000, 0x000000008de00000|  0%| F|  |TAMS 0x000000008dd00000, 0x000000008dd00000| Untracked 
| 222|0x000000008de00000, 0x000000008de00000, 0x000000008df00000|  0%| F|  |TAMS 0x000000008de00000, 0x000000008de00000| Untracked 
| 223|0x000000008df00000, 0x000000008df00000, 0x000000008e000000|  0%| F|  |TAMS 0x000000008df00000, 0x000000008df00000| Untracked 
| 224|0x000000008e000000, 0x000000008e000000, 0x000000008e100000|  0%| F|  |TAMS 0x000000008e000000, 0x000000008e000000| Untracked 
| 225|0x000000008e100000, 0x000000008e100000, 0x000000008e200000|  0%| F|  |TAMS 0x000000008e100000, 0x000000008e100000| Untracked 
| 226|0x000000008e200000, 0x000000008e200000, 0x000000008e300000|  0%| F|  |TAMS 0x000000008e200000, 0x000000008e200000| Untracked 
| 227|0x000000008e300000, 0x000000008e300000, 0x000000008e400000|  0%| F|  |TAMS 0x000000008e300000, 0x000000008e300000| Untracked 
| 228|0x000000008e400000, 0x000000008e400000, 0x000000008e500000|  0%| F|  |TAMS 0x000000008e400000, 0x000000008e400000| Untracked 
| 229|0x000000008e500000, 0x000000008e500000, 0x000000008e600000|  0%| F|  |TAMS 0x000000008e500000, 0x000000008e500000| Untracked 
| 230|0x000000008e600000, 0x000000008e600000, 0x000000008e700000|  0%| F|  |TAMS 0x000000008e600000, 0x000000008e600000| Untracked 
| 231|0x000000008e700000, 0x000000008e700000, 0x000000008e800000|  0%| F|  |TAMS 0x000000008e700000, 0x000000008e700000| Untracked 
| 232|0x000000008e800000, 0x000000008e800000, 0x000000008e900000|  0%| F|  |TAMS 0x000000008e800000, 0x000000008e800000| Untracked 
| 233|0x000000008e900000, 0x000000008e900000, 0x000000008ea00000|  0%| F|  |TAMS 0x000000008e900000, 0x000000008e900000| Untracked 
| 234|0x000000008ea00000, 0x000000008ea00000, 0x000000008eb00000|  0%| F|  |TAMS 0x000000008ea00000, 0x000000008ea00000| Untracked 
| 235|0x000000008eb00000, 0x000000008eb00000, 0x000000008ec00000|  0%| F|  |TAMS 0x000000008eb00000, 0x000000008eb00000| Untracked 
| 236|0x000000008ec00000, 0x000000008ec00000, 0x000000008ed00000|  0%| F|  |TAMS 0x000000008ec00000, 0x000000008ec00000| Untracked 
| 237|0x000000008ed00000, 0x000000008ed00000, 0x000000008ee00000|  0%| F|  |TAMS 0x000000008ed00000, 0x000000008ed00000| Untracked 
| 238|0x000000008ee00000, 0x000000008ee00000, 0x000000008ef00000|  0%| F|  |TAMS 0x000000008ee00000, 0x000000008ee00000| Untracked 
| 239|0x000000008ef00000, 0x000000008ef00000, 0x000000008f000000|  0%| F|  |TAMS 0x000000008ef00000, 0x000000008ef00000| Untracked 
| 240|0x000000008f000000, 0x000000008f000000, 0x000000008f100000|  0%| F|  |TAMS 0x000000008f000000, 0x000000008f000000| Untracked 
| 241|0x000000008f100000, 0x000000008f100000, 0x000000008f200000|  0%| F|  |TAMS 0x000000008f100000, 0x000000008f100000| Untracked 
| 242|0x000000008f200000, 0x000000008f200000, 0x000000008f300000|  0%| F|  |TAMS 0x000000008f200000, 0x000000008f200000| Untracked 
| 243|0x000000008f300000, 0x000000008f300000, 0x000000008f400000|  0%| F|  |TAMS 0x000000008f300000, 0x000000008f300000| Untracked 
| 244|0x000000008f400000, 0x000000008f400000, 0x000000008f500000|  0%| F|  |TAMS 0x000000008f400000, 0x000000008f400000| Untracked 
| 245|0x000000008f500000, 0x000000008f500000, 0x000000008f600000|  0%| F|  |TAMS 0x000000008f500000, 0x000000008f500000| Untracked 
| 246|0x000000008f600000, 0x000000008f600000, 0x000000008f700000|  0%| F|  |TAMS 0x000000008f600000, 0x000000008f600000| Untracked 
| 247|0x000000008f700000, 0x000000008f700000, 0x000000008f800000|  0%| F|  |TAMS 0x000000008f700000, 0x000000008f700000| Untracked 
| 248|0x000000008f800000, 0x000000008f800000, 0x000000008f900000|  0%| F|  |TAMS 0x000000008f800000, 0x000000008f800000| Untracked 
| 249|0x000000008f900000, 0x000000008f900000, 0x000000008fa00000|  0%| F|  |TAMS 0x000000008f900000, 0x000000008f900000| Untracked 
| 250|0x000000008fa00000, 0x000000008fa00000, 0x000000008fb00000|  0%| F|  |TAMS 0x000000008fa00000, 0x000000008fa00000| Untracked 
| 251|0x000000008fb00000, 0x000000008fb00000, 0x000000008fc00000|  0%| F|  |TAMS 0x000000008fb00000, 0x000000008fb00000| Untracked 
| 252|0x000000008fc00000, 0x000000008fc00000, 0x000000008fd00000|  0%| F|  |TAMS 0x000000008fc00000, 0x000000008fc00000| Untracked 
| 253|0x000000008fd00000, 0x000000008fd00000, 0x000000008fe00000|  0%| F|  |TAMS 0x000000008fd00000, 0x000000008fd00000| Untracked 
| 254|0x000000008fe00000, 0x000000008fe00000, 0x000000008ff00000|  0%| F|  |TAMS 0x000000008fe00000, 0x000000008fe00000| Untracked 
| 255|0x000000008ff00000, 0x000000008ff00000, 0x0000000090000000|  0%| F|  |TAMS 0x000000008ff00000, 0x000000008ff00000| Untracked 
| 256|0x0000000090000000, 0x0000000090000000, 0x0000000090100000|  0%| F|  |TAMS 0x0000000090000000, 0x0000000090000000| Untracked 
| 257|0x0000000090100000, 0x0000000090100000, 0x0000000090200000|  0%| F|  |TAMS 0x0000000090100000, 0x0000000090100000| Untracked 
| 258|0x0000000090200000, 0x0000000090200000, 0x0000000090300000|  0%| F|  |TAMS 0x0000000090200000, 0x0000000090200000| Untracked 
| 259|0x0000000090300000, 0x0000000090300000, 0x0000000090400000|  0%| F|  |TAMS 0x0000000090300000, 0x0000000090300000| Untracked 
| 260|0x0000000090400000, 0x0000000090400000, 0x0000000090500000|  0%| F|  |TAMS 0x0000000090400000, 0x0000000090400000| Untracked 
| 261|0x0000000090500000, 0x0000000090500000, 0x0000000090600000|  0%| F|  |TAMS 0x0000000090500000, 0x0000000090500000| Untracked 
| 262|0x0000000090600000, 0x0000000090600000, 0x0000000090700000|  0%| F|  |TAMS 0x0000000090600000, 0x0000000090600000| Untracked 
| 263|0x0000000090700000, 0x0000000090700000, 0x0000000090800000|  0%| F|  |TAMS 0x0000000090700000, 0x0000000090700000| Untracked 
| 264|0x0000000090800000, 0x0000000090800000, 0x0000000090900000|  0%| F|  |TAMS 0x0000000090800000, 0x0000000090800000| Untracked 
| 265|0x0000000090900000, 0x0000000090900000, 0x0000000090a00000|  0%| F|  |TAMS 0x0000000090900000, 0x0000000090900000| Untracked 
| 266|0x0000000090a00000, 0x0000000090a00000, 0x0000000090b00000|  0%| F|  |TAMS 0x0000000090a00000, 0x0000000090a00000| Untracked 
| 267|0x0000000090b00000, 0x0000000090b00000, 0x0000000090c00000|  0%| F|  |TAMS 0x0000000090b00000, 0x0000000090b00000| Untracked 
| 268|0x0000000090c00000, 0x0000000090c00000, 0x0000000090d00000|  0%| F|  |TAMS 0x0000000090c00000, 0x0000000090c00000| Untracked 

Card table byte_map: [0x000001d672e00000,0x000001d673200000] _byte_map_base: 0x000001d672a00000

Marking Bits (Prev, Next): (CMBitMap*) 0x000001d66ef1fdf0, (CMBitMap*) 0x000001d66ef1fdb8
 Prev Bits: [0x000001d675600000, 0x000001d677600000)
 Next Bits: [0x000001d673600000, 0x000001d675600000)

Polling page: 0x000001d66d080000

Metaspace:

Usage:
  Non-class:    105.10 MB capacity,   102.83 MB ( 98%) used,     1.83 MB (  2%) free+waste,   453.25 KB ( <1%) overhead. 
      Class:     16.05 MB capacity,    14.64 MB ( 91%) used,     1.22 MB (  8%) free+waste,   206.06 KB (  1%) overhead. 
       Both:    121.16 MB capacity,   117.47 MB ( 97%) used,     3.05 MB (  3%) free+waste,   659.31 KB ( <1%) overhead. 

Virtual space:
  Non-class space:      106.00 MB reserved,     105.17 MB (>99%) committed 
      Class space:        1.00 GB reserved,      16.16 MB (  2%) committed 
             Both:        1.10 GB reserved,     121.33 MB ( 11%) committed 

Chunk freelists:
   Non-Class:  6.00 KB
       Class:  9.00 KB
        Both:  15.00 KB

MaxMetaspaceSize: 17179869184.00 GB
CompressedClassSpaceSize: 1.00 GB
Initial GC threshold: 20.80 MB
Current GC threshold: 174.51 MB
CDS: off

CodeHeap 'non-profiled nmethods': size=120064Kb used=11957Kb max_used=12070Kb free=108107Kb
 bounds [0x000001d607ac0000, 0x000001d6086c0000, 0x000001d60f000000]
CodeHeap 'profiled nmethods': size=120000Kb used=49670Kb max_used=49670Kb free=70329Kb
 bounds [0x000001d600590000, 0x000001d603620000, 0x000001d607ac0000]
CodeHeap 'non-nmethods': size=5696Kb used=2445Kb max_used=2508Kb free=3250Kb
 bounds [0x000001d600000000, 0x000001d600290000, 0x000001d600590000]
 total_blobs=21744 nmethods=20772 adapters=882
 compilation: enabled
              stopped_count=0, restarted_count=0
 full_count=0

Compilation events (20 events):
Event: 3389.490 Thread 0x000001d679b11800 21914       2       com.sun.tools.javac.comp.DeferredAttr$CheckStuckPolicy::isStuck (18 bytes)
Event: 3389.491 Thread 0x000001d679b11800 nmethod 21914 0x000001d60360c810 code [0x000001d60360c9c0, 0x000001d60360cae8]
Event: 3389.492 Thread 0x000001d679b11800 21915       2       com.sun.tools.javac.code.Types::removeWildcards (261 bytes)
Event: 3389.493 Thread 0x000001d679b11800 nmethod 21915 0x000001d60360cb90 code [0x000001d60360cea0, 0x000001d60360d8e8]
Event: 3389.498 Thread 0x000001d679b11800 21916       2       com.sun.tools.javac.comp.Flow$AliveAnalyzer::visitNewClass (32 bytes)
Event: 3389.498 Thread 0x000001d679b11800 nmethod 21916 0x000001d60360e010 code [0x000001d60360e200, 0x000001d60360e528]
Event: 3389.513 Thread 0x000001d679b11800 21917       2       com.sun.tools.javac.tree.TreeTranslator::visitMethodDef (102 bytes)
Event: 3389.513 Thread 0x000001d679b11800 nmethod 21917 0x000001d60360e790 code [0x000001d60360e9e0, 0x000001d60360f268]
Event: 3389.514 Thread 0x000001d679b11800 21918       2       com.android.tools.r8.internal.pe::a (167 bytes)
Event: 3389.516 Thread 0x000001d679b11800 nmethod 21918 0x000001d60360f590 code [0x000001d60360f860, 0x000001d6036101f8]
Event: 3389.517 Thread 0x000001d679b11800 21919       2       com.sun.tools.javac.jvm.ClassWriter$StackMapTableFrame::getInstance (205 bytes)
Event: 3389.518 Thread 0x000001d679b11800 nmethod 21919 0x000001d603610710 code [0x000001d603610920, 0x000001d603611118]
Event: 3389.519 Thread 0x000001d679b11800 21920       2       com.sun.tools.javac.jvm.Gen::genFinalizer (37 bytes)
Event: 3389.519 Thread 0x000001d679b10800 nmethod 21776 0x000001d607b76c90 code [0x000001d607b775a0, 0x000001d607b7f2c0]
Event: 3389.519 Thread 0x000001d679b11800 nmethod 21920 0x000001d603611510 code [0x000001d6036116e0, 0x000001d6036118c8]
Event: 3389.519 Thread 0x000001d679b11800 21921       2       com.sun.tools.javac.jvm.Gen::endFinalizerGap (57 bytes)
Event: 3389.520 Thread 0x000001d679b11800 nmethod 21921 0x000001d603611a10 code [0x000001d603611c00, 0x000001d603611f88]
Event: 3389.520 Thread 0x000001d679b11800 21922       2       com.sun.tools.javac.jvm.Code::getLVTSize (44 bytes)
Event: 3389.521 Thread 0x000001d679b10800 21855       4       com.android.tools.r8.internal.Ne::b (165 bytes)
Event: 3389.521 Thread 0x000001d679b11800 nmethod 21922 0x000001d603612290 code [0x000001d603612460, 0x000001d603612648]

GC Heap History (20 events):
Event: 3386.557 GC heap after
{Heap after GC invocations=75 (full 0):
 garbage-first heap   total 189440K, used 141983K [0x0000000080000000, 0x0000000100000000)
  region size 1024K, 4 young (4096K), 4 survivors (4096K)
 Metaspace       used 119084K, capacity 122774K, committed 123088K, reserved 1157120K
  class space    used 14925K, capacity 16317K, committed 16416K, reserved 1048576K
}
Event: 3386.623 GC heap before
{Heap before GC invocations=75 (full 0):
 garbage-first heap   total 189440K, used 163487K [0x0000000080000000, 0x0000000100000000)
  region size 1024K, 26 young (26624K), 4 survivors (4096K)
 Metaspace       used 119118K, capacity 122838K, committed 123088K, reserved 1157120K
  class space    used 14925K, capacity 16317K, committed 16416K, reserved 1048576K
}
Event: 3386.635 GC heap after
{Heap after GC invocations=76 (full 0):
 garbage-first heap   total 189440K, used 143679K [0x0000000080000000, 0x0000000100000000)
  region size 1024K, 2 young (2048K), 2 survivors (2048K)
 Metaspace       used 119118K, capacity 122838K, committed 123088K, reserved 1157120K
  class space    used 14925K, capacity 16317K, committed 16416K, reserved 1048576K
}
Event: 3386.748 GC heap before
{Heap before GC invocations=76 (full 0):
 garbage-first heap   total 189440K, used 163135K [0x0000000080000000, 0x0000000100000000)
  region size 1024K, 22 young (22528K), 2 survivors (2048K)
 Metaspace       used 119214K, capacity 122906K, committed 123088K, reserved 1157120K
  class space    used 14926K, capacity 16318K, committed 16416K, reserved 1048576K
}
Event: 3386.755 GC heap after
{Heap after GC invocations=77 (full 0):
 garbage-first heap   total 229376K, used 143798K [0x0000000080000000, 0x0000000100000000)
  region size 1024K, 2 young (2048K), 2 survivors (2048K)
 Metaspace       used 119214K, capacity 122906K, committed 123088K, reserved 1157120K
  class space    used 14926K, capacity 16318K, committed 16416K, reserved 1048576K
}
Event: 3386.998 GC heap before
{Heap before GC invocations=77 (full 0):
 garbage-first heap   total 229376K, used 177590K [0x0000000080000000, 0x0000000100000000)
  region size 1024K, 36 young (36864K), 2 survivors (2048K)
 Metaspace       used 119399K, capacity 123097K, committed 123344K, reserved 1157120K
  class space    used 14949K, capacity 16360K, committed 16416K, reserved 1048576K
}
Event: 3387.004 GC heap after
{Heap after GC invocations=78 (full 0):
 garbage-first heap   total 229376K, used 143360K [0x0000000080000000, 0x0000000100000000)
  region size 1024K, 2 young (2048K), 2 survivors (2048K)
 Metaspace       used 119399K, capacity 123097K, committed 123344K, reserved 1157120K
  class space    used 14949K, capacity 16360K, committed 16416K, reserved 1048576K
}
Event: 3387.141 GC heap before
{Heap before GC invocations=78 (full 0):
 garbage-first heap   total 229376K, used 180224K [0x0000000080000000, 0x0000000100000000)
  region size 1024K, 38 young (38912K), 2 survivors (2048K)
 Metaspace       used 119682K, capacity 123363K, committed 123600K, reserved 1157120K
  class space    used 14972K, capacity 16363K, committed 16416K, reserved 1048576K
}
Event: 3387.148 GC heap after
{Heap after GC invocations=79 (full 0):
 garbage-first heap   total 229376K, used 145069K [0x0000000080000000, 0x0000000100000000)
  region size 1024K, 4 young (4096K), 4 survivors (4096K)
 Metaspace       used 119682K, capacity 123363K, committed 123600K, reserved 1157120K
  class space    used 14972K, capacity 16363K, committed 16416K, reserved 1048576K
}
Event: 3387.344 GC heap before
{Heap before GC invocations=79 (full 0):
 garbage-first heap   total 229376K, used 182957K [0x0000000080000000, 0x0000000100000000)
  region size 1024K, 41 young (41984K), 4 survivors (4096K)
 Metaspace       used 119719K, capacity 123493K, committed 123600K, reserved 1157120K
  class space    used 14972K, capacity 16363K, committed 16416K, reserved 1048576K
}
Event: 3387.348 GC heap after
{Heap after GC invocations=80 (full 0):
 garbage-first heap   total 229376K, used 143846K [0x0000000080000000, 0x0000000100000000)
  region size 1024K, 1 young (1024K), 1 survivors (1024K)
 Metaspace       used 119719K, capacity 123493K, committed 123600K, reserved 1157120K
  class space    used 14972K, capacity 16363K, committed 16416K, reserved 1048576K
}
Event: 3387.608 GC heap before
{Heap before GC invocations=80 (full 0):
 garbage-first heap   total 229376K, used 184806K [0x0000000080000000, 0x0000000100000000)
  region size 1024K, 41 young (41984K), 1 survivors (1024K)
 Metaspace       used 119789K, capacity 123511K, committed 123600K, reserved 1157120K
  class space    used 14976K, capacity 16368K, committed 16416K, reserved 1048576K
}
Event: 3387.613 GC heap after
{Heap after GC invocations=81 (full 0):
 garbage-first heap   total 275456K, used 144040K [0x0000000080000000, 0x0000000100000000)
  region size 1024K, 2 young (2048K), 2 survivors (2048K)
 Metaspace       used 119789K, capacity 123511K, committed 123600K, reserved 1157120K
  class space    used 14976K, capacity 16368K, committed 16416K, reserved 1048576K
}
Event: 3388.025 GC heap before
{Heap before GC invocations=81 (full 0):
 garbage-first heap   total 275456K, used 206504K [0x0000000080000000, 0x0000000100000000)
  region size 1024K, 61 young (62464K), 2 survivors (2048K)
 Metaspace       used 119889K, capacity 123616K, committed 123856K, reserved 1157120K
  class space    used 14979K, capacity 16401K, committed 16416K, reserved 1048576K
}
Event: 3388.032 GC heap after
{Heap after GC invocations=82 (full 0):
 garbage-first heap   total 275456K, used 147766K [0x0000000080000000, 0x0000000100000000)
  region size 1024K, 3 young (3072K), 3 survivors (3072K)
 Metaspace       used 119889K, capacity 123616K, committed 123856K, reserved 1157120K
  class space    used 14979K, capacity 16401K, committed 16416K, reserved 1048576K
}
Event: 3388.448 GC heap before
{Heap before GC invocations=82 (full 0):
 garbage-first heap   total 275456K, used 211254K [0x0000000080000000, 0x0000000100000000)
  region size 1024K, 65 young (66560K), 3 survivors (3072K)
 Metaspace       used 119976K, capacity 123691K, committed 123856K, reserved 1157120K
  class space    used 14980K, capacity 16404K, committed 16416K, reserved 1048576K
}
Event: 3388.462 GC heap after
{Heap after GC invocations=83 (full 0):
 garbage-first heap   total 275456K, used 155291K [0x0000000080000000, 0x0000000100000000)
  region size 1024K, 9 young (9216K), 9 survivors (9216K)
 Metaspace       used 119976K, capacity 123691K, committed 123856K, reserved 1157120K
  class space    used 14980K, capacity 16404K, committed 16416K, reserved 1048576K
}
Event: 3388.965 GC heap before
{Heap before GC invocations=83 (full 0):
 garbage-first heap   total 275456K, used 215707K [0x0000000080000000, 0x0000000100000000)
  region size 1024K, 68 young (69632K), 9 survivors (9216K)
 Metaspace       used 120166K, capacity 123869K, committed 123984K, reserved 1157120K
  class space    used 14986K, capacity 16439K, committed 16544K, reserved 1048576K
}
Event: 3388.980 GC heap after
{Heap after GC invocations=84 (full 0):
 garbage-first heap   total 275456K, used 157033K [0x0000000080000000, 0x0000000100000000)
  region size 1024K, 2 young (2048K), 2 survivors (2048K)
 Metaspace       used 120166K, capacity 123869K, committed 123984K, reserved 1157120K
  class space    used 14986K, capacity 16439K, committed 16544K, reserved 1048576K
}
Event: 3389.523 GC heap before
{Heap before GC invocations=84 (full 0):
 garbage-first heap   total 275456K, used 219497K [0x0000000080000000, 0x0000000100000000)
  region size 1024K, 63 young (64512K), 2 survivors (2048K)
 Metaspace       used 120286K, capacity 124065K, committed 124240K, reserved 1157120K
  class space    used 14987K, capacity 16439K, committed 16544K, reserved 1048576K
}

Deoptimization events (20 events):
Event: 3388.769 Thread 0x000001d67cbb0800 DEOPT PACKING pc=0x000001d6081fa498 sp=0x0000008cf47f2ff0
Event: 3388.769 Thread 0x000001d67cbb0800 DEOPT UNPACKING pc=0x000001d60004a1af sp=0x0000008cf47f2ed0 mode 2
Event: 3388.769 Thread 0x000001d67cbb0800 Uncommon trap: trap_request=0xffffff6e fr.pc=0x000001d6081fa498 relative=0x0000000000000238
Event: 3388.769 Thread 0x000001d67cbb0800 Uncommon trap: reason=speculate_class_check action=maybe_recompile pc=0x000001d6081fa498 method=com.sun.tools.javac.code.Type.hasTag(Lcom/sun/tools/javac/code/TypeTag;)Z @ 2 c2
Event: 3388.769 Thread 0x000001d67cbb0800 DEOPT PACKING pc=0x000001d6081fa498 sp=0x0000008cf47f2e70
Event: 3388.769 Thread 0x000001d67cbb0800 DEOPT UNPACKING pc=0x000001d60004a1af sp=0x0000008cf47f2d50 mode 2
Event: 3388.769 Thread 0x000001d67cbb0800 Uncommon trap: trap_request=0xffffff6e fr.pc=0x000001d6081f9cdc relative=0x00000000000001fc
Event: 3388.769 Thread 0x000001d67cbb0800 Uncommon trap: reason=speculate_class_check action=maybe_recompile pc=0x000001d6081f9cdc method=com.sun.tools.javac.code.Type.hasTag(Lcom/sun/tools/javac/code/TypeTag;)Z @ 2 c2
Event: 3388.769 Thread 0x000001d67cbb0800 DEOPT PACKING pc=0x000001d6081f9cdc sp=0x0000008cf47f2f80
Event: 3388.769 Thread 0x000001d67cbb0800 DEOPT UNPACKING pc=0x000001d60004a1af sp=0x0000008cf47f2ed0 mode 2
Event: 3388.769 Thread 0x000001d67cbb0800 Uncommon trap: trap_request=0xffffff6e fr.pc=0x000001d6081f9cdc relative=0x00000000000001fc
Event: 3388.769 Thread 0x000001d67cbb0800 Uncommon trap: reason=speculate_class_check action=maybe_recompile pc=0x000001d6081f9cdc method=com.sun.tools.javac.code.Type.hasTag(Lcom/sun/tools/javac/code/TypeTag;)Z @ 2 c2
Event: 3388.769 Thread 0x000001d67cbb0800 DEOPT PACKING pc=0x000001d6081f9cdc sp=0x0000008cf47f2e00
Event: 3388.769 Thread 0x000001d67cbb0800 DEOPT UNPACKING pc=0x000001d60004a1af sp=0x0000008cf47f2d50 mode 2
Event: 3388.934 Thread 0x000001d60fb8a800 DEOPT PACKING pc=0x000001d60066c569 sp=0x0000008cf4cfbf40
Event: 3388.934 Thread 0x000001d60fb8a800 DEOPT UNPACKING pc=0x000001d60004a95e sp=0x0000008cf4cfb4a8 mode 0
Event: 3389.412 Thread 0x000001d60fb8a800 DEOPT PACKING pc=0x000001d60064bb01 sp=0x0000008cf4cfc280
Event: 3389.412 Thread 0x000001d60fb8a800 DEOPT UNPACKING pc=0x000001d60004a95e sp=0x0000008cf4cfb980 mode 0
Event: 3389.440 Thread 0x000001d60fb8a800 DEOPT PACKING pc=0x000001d60264f845 sp=0x0000008cf4cfbcd0
Event: 3389.440 Thread 0x000001d60fb8a800 DEOPT UNPACKING pc=0x000001d60004a95e sp=0x0000008cf4cfb498 mode 0

Classes redefined (0 events):
No events

Internal exceptions (20 events):
Event: 3388.621 Thread 0x000001d67cbb0800 Exception <a 'sun/nio/fs/WindowsException'{0x000000008f926060}> (0x000000008f926060) thrown at [./src/hotspot/share/prims/jni.cpp, line 616]
Event: 3388.699 Thread 0x000001d67cbb0800 Exception <a 'sun/nio/fs/WindowsException'{0x000000008efc41e0}> (0x000000008efc41e0) thrown at [./src/hotspot/share/prims/jni.cpp, line 616]
Event: 3388.714 Thread 0x000001d67cbb0800 Exception <a 'sun/nio/fs/WindowsException'{0x000000008eace140}> (0x000000008eace140) thrown at [./src/hotspot/share/prims/jni.cpp, line 616]
Event: 3388.810 Thread 0x000001d67cbb0800 Exception <a 'sun/nio/fs/WindowsException'{0x000000008e01ffa0}> (0x000000008e01ffa0) thrown at [./src/hotspot/share/prims/jni.cpp, line 616]
Event: 3388.956 Thread 0x000001d67cbb0800 Exception <a 'sun/nio/fs/WindowsException'{0x000000008d296f28}> (0x000000008d296f28) thrown at [./src/hotspot/share/prims/jni.cpp, line 616]
Event: 3388.962 Thread 0x000001d67cbb0800 Exception <a 'sun/nio/fs/WindowsException'{0x000000008d29de60}> (0x000000008d29de60) thrown at [./src/hotspot/share/prims/jni.cpp, line 616]
Event: 3388.965 Thread 0x000001d67cbb0800 Exception <a 'sun/nio/fs/WindowsException'{0x000000008d2a44e0}> (0x000000008d2a44e0) thrown at [./src/hotspot/share/prims/jni.cpp, line 616]
Event: 3389.012 Thread 0x000001d67cbb0800 Exception <a 'sun/nio/fs/WindowsException'{0x0000000090c86470}> (0x0000000090c86470) thrown at [./src/hotspot/share/prims/jni.cpp, line 616]
Event: 3389.044 Thread 0x000001d67cbb0800 Exception <a 'sun/nio/fs/WindowsException'{0x0000000090cbd0c8}> (0x0000000090cbd0c8) thrown at [./src/hotspot/share/prims/jni.cpp, line 616]
Event: 3389.070 Thread 0x000001d67cbb0800 Exception <a 'sun/nio/fs/WindowsException'{0x0000000090530ef8}> (0x0000000090530ef8) thrown at [./src/hotspot/share/prims/jni.cpp, line 616]
Event: 3389.111 Thread 0x000001d67cbb0800 Exception <a 'sun/nio/fs/WindowsException'{0x000000009007e818}> (0x000000009007e818) thrown at [./src/hotspot/share/prims/jni.cpp, line 616]
Event: 3389.142 Thread 0x000001d67cbb0800 Exception <a 'sun/nio/fs/WindowsException'{0x000000008fc4cd20}> (0x000000008fc4cd20) thrown at [./src/hotspot/share/prims/jni.cpp, line 616]
Event: 3389.182 Thread 0x000001d67cbb0800 Exception <a 'sun/nio/fs/WindowsException'{0x000000008f9872c8}> (0x000000008f9872c8) thrown at [./src/hotspot/share/prims/jni.cpp, line 616]
Event: 3389.246 Thread 0x000001d67cbb0800 Exception <a 'sun/nio/fs/WindowsException'{0x000000008f4905f0}> (0x000000008f4905f0) thrown at [./src/hotspot/share/prims/jni.cpp, line 616]
Event: 3389.338 Thread 0x000001d67cbb0800 Exception <a 'sun/nio/fs/WindowsException'{0x000000008ed8ce98}> (0x000000008ed8ce98) thrown at [./src/hotspot/share/prims/jni.cpp, line 616]
Event: 3389.373 Thread 0x000001d67cbb0800 Exception <a 'sun/nio/fs/WindowsException'{0x000000008e80dbc0}> (0x000000008e80dbc0) thrown at [./src/hotspot/share/prims/jni.cpp, line 616]
Event: 3389.411 Thread 0x000001d67cbb0800 Exception <a 'sun/nio/fs/WindowsException'{0x000000008e0367f0}> (0x000000008e0367f0) thrown at [./src/hotspot/share/prims/jni.cpp, line 616]
Event: 3389.454 Thread 0x000001d67cbb0800 Exception <a 'sun/nio/fs/WindowsException'{0x000000008e048cb8}> (0x000000008e048cb8) thrown at [./src/hotspot/share/prims/jni.cpp, line 616]
Event: 3389.482 Thread 0x000001d67cbb0800 Exception <a 'sun/nio/fs/WindowsException'{0x000000008d508118}> (0x000000008d508118) thrown at [./src/hotspot/share/prims/jni.cpp, line 616]
Event: 3389.519 Thread 0x000001d67cbb0800 Exception <a 'sun/nio/fs/WindowsException'{0x000000008cf2a430}> (0x000000008cf2a430) thrown at [./src/hotspot/share/prims/jni.cpp, line 616]

Events (20 events):
Event: 3388.729 loading class com/sun/tools/javac/tree/JCTree$JCLambda done
Event: 3388.732 loading class com/sun/tools/javac/comp/ArgumentAttr$ExplicitLambdaType
Event: 3388.732 loading class com/sun/tools/javac/comp/ArgumentAttr$ExplicitLambdaType done
Event: 3388.732 loading class com/sun/tools/javac/comp/ArgumentAttr
Event: 3388.732 loading class com/sun/tools/javac/comp/ArgumentAttr done
Event: 3388.735 loading class com/sun/tools/javac/util/List
Event: 3388.735 loading class com/sun/tools/javac/util/List done
Event: 3388.735 loading class com/sun/tools/javac/util/List
Event: 3388.735 loading class com/sun/tools/javac/util/List done
Event: 3388.735 loading class com/sun/tools/javac/comp/ArgumentAttr$ExplicitLambdaType
Event: 3388.735 loading class com/sun/tools/javac/comp/ArgumentAttr$ExplicitLambdaType done
Event: 3388.736 loading class com/sun/tools/javac/util/List
Event: 3388.736 loading class com/sun/tools/javac/util/List done
Event: 3388.736 loading class com/sun/tools/javac/comp/ArgumentAttr$ExplicitLambdaType
Event: 3388.736 loading class com/sun/tools/javac/comp/ArgumentAttr$ExplicitLambdaType done
Event: 3388.941 Executing VM operation: ICBufferFull
Event: 3388.941 Executing VM operation: ICBufferFull done
Event: 3388.965 Executing VM operation: G1CollectForAllocation
Event: 3388.980 Executing VM operation: G1CollectForAllocation done
Event: 3389.522 Executing VM operation: G1CollectForAllocation


Dynamic libraries:
0x00007ff7614c0000 - 0x00007ff7614ca000 	E:\Programs\Android Studio\jre\bin\java.exe
0x00007ffa66010000 - 0x00007ffa66208000 	C:\Windows\SYSTEM32\ntdll.dll
0x00007ffa39e20000 - 0x00007ffa39e37000 	C:\Program Files\Avast Software\Avast\aswhook.dll
0x00007ffa65640000 - 0x00007ffa656fd000 	C:\Windows\System32\KERNEL32.DLL
0x00007ffa63b30000 - 0x00007ffa63e02000 	C:\Windows\System32\KERNELBASE.dll
0x00007ffa63e40000 - 0x00007ffa63f40000 	C:\Windows\System32\ucrtbase.dll
0x00007ffa49600000 - 0x00007ffa49619000 	E:\Programs\Android Studio\jre\bin\jli.dll
0x00007ffa64b90000 - 0x00007ffa64d2d000 	C:\Windows\System32\USER32.dll
0x00007ffa63e10000 - 0x00007ffa63e32000 	C:\Windows\System32\win32u.dll
0x00007ffa64e70000 - 0x00007ffa64e9b000 	C:\Windows\System32\GDI32.dll
0x00007ffa63720000 - 0x00007ffa6382f000 	C:\Windows\System32\gdi32full.dll
0x00007ffa63a90000 - 0x00007ffa63b2d000 	C:\Windows\System32\msvcp_win.dll
0x00007ffa4fd70000 - 0x00007ffa5000a000 	C:\Windows\WinSxS\amd64_microsoft.windows.common-controls_6595b64144ccf1df_6.0.19041.1110_none_60b5254171f9507e\COMCTL32.dll
0x00007ffa64ea0000 - 0x00007ffa64f3e000 	C:\Windows\System32\msvcrt.dll
0x00007ffa495e0000 - 0x00007ffa495f7000 	E:\Programs\Android Studio\jre\bin\VCRUNTIME140.dll
0x00007ffa65b70000 - 0x00007ffa65ba0000 	C:\Windows\System32\IMM32.DLL
0x00007ffa438e0000 - 0x00007ffa4397d000 	E:\Programs\Android Studio\jre\bin\msvcp140.dll
0x00007ff9e5410000 - 0x00007ff9e5f12000 	E:\Programs\Android Studio\jre\bin\server\jvm.dll
0x00007ffa651b0000 - 0x00007ffa6525e000 	C:\Windows\System32\ADVAPI32.dll
0x00007ffa65bb0000 - 0x00007ffa65c4c000 	C:\Windows\System32\sechost.dll
0x00007ffa65270000 - 0x00007ffa65395000 	C:\Windows\System32\RPCRT4.dll
0x00007ffa651a0000 - 0x00007ffa651a8000 	C:\Windows\System32\PSAPI.DLL
0x00007ffa4ec00000 - 0x00007ffa4ec09000 	C:\Windows\SYSTEM32\WSOCK32.dll
0x00007ffa5d830000 - 0x00007ffa5d83a000 	C:\Windows\SYSTEM32\VERSION.dll
0x00007ffa501c0000 - 0x00007ffa501e7000 	C:\Windows\SYSTEM32\WINMM.dll
0x00007ffa65130000 - 0x00007ffa6519b000 	C:\Windows\System32\WS2_32.dll
0x00007ffa615e0000 - 0x00007ffa615f2000 	C:\Windows\SYSTEM32\kernel.appcore.dll
0x00007ffa5f540000 - 0x00007ffa5f551000 	E:\Programs\Android Studio\jre\bin\verify.dll
0x00007ffa54670000 - 0x00007ffa54854000 	C:\Windows\SYSTEM32\DBGHELP.DLL
0x00007ffa544e0000 - 0x00007ffa5450c000 	C:\Windows\SYSTEM32\dbgcore.DLL
0x00007ffa63f70000 - 0x00007ffa63ff2000 	C:\Windows\System32\bcryptPrimitives.dll
0x00007ffa5f4d0000 - 0x00007ffa5f4f9000 	E:\Programs\Android Studio\jre\bin\java.dll
0x00007ffa5f530000 - 0x00007ffa5f53b000 	E:\Programs\Android Studio\jre\bin\jimage.dll
0x00007ffa5b980000 - 0x00007ffa5b998000 	E:\Programs\Android Studio\jre\bin\zip.dll
0x00007ffa641a0000 - 0x00007ffa648e3000 	C:\Windows\System32\SHELL32.dll
0x00007ffa617e0000 - 0x00007ffa61f71000 	C:\Windows\SYSTEM32\windows.storage.dll
0x00007ffa65c70000 - 0x00007ffa65fc4000 	C:\Windows\System32\combase.dll
0x00007ffa63180000 - 0x00007ffa631b0000 	C:\Windows\SYSTEM32\Wldp.dll
0x00007ffa64070000 - 0x00007ffa6411d000 	C:\Windows\System32\SHCORE.dll
0x00007ffa64980000 - 0x00007ffa649d5000 	C:\Windows\System32\shlwapi.dll
0x00007ffa63660000 - 0x00007ffa6367f000 	C:\Windows\SYSTEM32\profapi.dll
0x00007ffa4aec0000 - 0x00007ffa4aeda000 	E:\Programs\Android Studio\jre\bin\net.dll
0x00007ffa52030000 - 0x00007ffa5213d000 	C:\Windows\SYSTEM32\WINHTTP.dll
0x00007ffa62ee0000 - 0x00007ffa62f4a000 	C:\Windows\system32\mswsock.dll
0x00007ffa4aea0000 - 0x00007ffa4aeb4000 	E:\Programs\Android Studio\jre\bin\nio.dll
0x00007ffa5f5e0000 - 0x00007ffa5f607000 	C:\Users\a0587\.gradle\native\8bec1ad78214c89d9ad589b4d07fe93259594b29d510b10fafb7a158f7737e5d\windows-amd64\native-platform.dll
0x00007ffa49620000 - 0x00007ffa4975d000 	C:\Users\a0587\.gradle\native\53dbd7edfb1c66fb8903c78663c9afc45aea4f116125fa6feffd364cf09443e8\windows-amd64\native-platform-file-events.dll
0x00007ffa5f520000 - 0x00007ffa5f52a000 	E:\Programs\Android Studio\jre\bin\management.dll
0x00007ffa5f240000 - 0x00007ffa5f24d000 	E:\Programs\Android Studio\jre\bin\management_ext.dll
0x00007ffa630d0000 - 0x00007ffa630e8000 	C:\Windows\SYSTEM32\CRYPTSP.dll
0x00007ffa62790000 - 0x00007ffa627c4000 	C:\Windows\system32\rsaenh.dll
0x00007ffa63f40000 - 0x00007ffa63f67000 	C:\Windows\System32\bcrypt.dll
0x00007ffa63620000 - 0x00007ffa6364e000 	C:\Windows\SYSTEM32\USERENV.dll
0x00007ffa630f0000 - 0x00007ffa630fc000 	C:\Windows\SYSTEM32\CRYPTBASE.dll
0x00007ffa62b80000 - 0x00007ffa62bbb000 	C:\Windows\SYSTEM32\IPHLPAPI.DLL
0x00007ffa65ba0000 - 0x00007ffa65ba8000 	C:\Windows\System32\NSI.dll
0x00007ffa58740000 - 0x00007ffa58757000 	C:\Windows\SYSTEM32\dhcpcsvc6.DLL
0x00007ffa59880000 - 0x00007ffa5989d000 	C:\Windows\SYSTEM32\dhcpcsvc.DLL
0x00007ffa62bd0000 - 0x00007ffa62c9a000 	C:\Windows\SYSTEM32\DNSAPI.dll
0x00007ffa49ec0000 - 0x00007ffa49ee7000 	E:\Programs\Android Studio\jre\bin\sunec.dll

dbghelp: loaded successfully - version: 4.0.5 - missing functions: none
symbol engine: initialized successfully - sym options: 0x614 - pdb path: .;E:\Programs\Android Studio\jre\bin;C:\Windows\SYSTEM32;C:\Program Files\Avast Software\Avast;C:\Windows\WinSxS\amd64_microsoft.windows.common-controls_6595b64144ccf1df_6.0.19041.1110_none_60b5254171f9507e;E:\Programs\Android Studio\jre\bin\server;C:\Users\a0587\.gradle\native\8bec1ad78214c89d9ad589b4d07fe93259594b29d510b10fafb7a158f7737e5d\windows-amd64;C:\Users\a0587\.gradle\native\53dbd7edfb1c66fb8903c78663c9afc45aea4f116125fa6feffd364cf09443e8\windows-amd64

VM Arguments:
jvm_args: --add-opens=java.base/java.util=ALL-UNNAMED --add-opens=java.base/java.lang=ALL-UNNAMED --add-opens=java.base/java.lang.invoke=ALL-UNNAMED --add-opens=java.base/java.util=ALL-UNNAMED --add-opens=java.prefs/java.util.prefs=ALL-UNNAMED --add-opens=java.prefs/java.util.prefs=ALL-UNNAMED --add-opens=java.base/java.nio.charset=ALL-UNNAMED --add-opens=java.base/java.net=ALL-UNNAMED --add-opens=java.base/java.util.concurrent.atomic=ALL-UNNAMED -Xmx2048m -Dfile.encoding=UTF-8 -Duser.country=TW -Duser.language=zh -Duser.variant 
java_command: org.gradle.launcher.daemon.bootstrap.GradleDaemon 7.0.2
java_class_path (initial): C:\Users\a0587\.gradle\wrapper\dists\gradle-7.0.2-bin\857tjihv64xamwrf0h14cai3r\gradle-7.0.2\lib\gradle-launcher-7.0.2.jar
Launcher Type: SUN_STANDARD

[Global flags]
     intx CICompilerCount                          = 3                                         {product} {ergonomic}
     uint ConcGCThreads                            = 1                                         {product} {ergonomic}
     uint G1ConcRefinementThreads                  = 4                                         {product} {ergonomic}
   size_t G1HeapRegionSize                         = 1048576                                   {product} {ergonomic}
    uintx GCDrainStackTargetSize                   = 64                                        {product} {ergonomic}
   size_t InitialHeapSize                          = 134217728                                 {product} {ergonomic}
   size_t MarkStackSize                            = 4194304                                   {product} {ergonomic}
   size_t MaxHeapSize                              = 2147483648                                {product} {command line}
   size_t MaxNewSize                               = 1287651328                                {product} {ergonomic}
   size_t MinHeapDeltaBytes                        = 1048576                                   {product} {ergonomic}
    uintx NonNMethodCodeHeapSize                   = 5830732                                {pd product} {ergonomic}
    uintx NonProfiledCodeHeapSize                  = 122913754                              {pd product} {ergonomic}
    uintx ProfiledCodeHeapSize                     = 122913754                              {pd product} {ergonomic}
    uintx ReservedCodeCacheSize                    = 251658240                              {pd product} {ergonomic}
     bool SegmentedCodeCache                       = true                                      {product} {ergonomic}
     bool UseCompressedClassPointers               = true                                 {lp64_product} {ergonomic}
     bool UseCompressedOops                        = true                                 {lp64_product} {ergonomic}
     bool UseG1GC                                  = true                                      {product} {ergonomic}
     bool UseLargePagesIndividualAllocation        = false                                  {pd product} {ergonomic}

Logging:
Log output configuration:
 #0: stdout all=warning uptime,level,tags
 #1: stderr all=off uptime,level,tags

Environment Variables:
PATH=C:\Windows\system32;C:\Windows;C:\Windows\System32\Wbem;C:\Windows\System32\WindowsPowerShell\v1.0\;C:\Windows\System32\OpenSSH\;C:\Program Files\PuTTY\;E:\Programs\Anaconda;E:\Programs\Anaconda\Library\mingw-w64\bin;E:\Programs\Anaconda\Library\usr\bin;E:\Programs\Anaconda\Library\bin;E:\Programs\Anaconda\Scripts;C:\Users\a0587\AppData\Local\Microsoft\WindowsApps;E:\Programs\Microsoft VS Code\bin
USERNAME=Billy
OS=Windows_NT
PROCESSOR_IDENTIFIER=Intel64 Family 6 Model 142 Stepping 9, GenuineIntel



---------------  S Y S T E M  ---------------

OS: Windows 10 , 64 bit Build 19041 (10.0.19041.1889)
OS uptime: 0 days 21:58 hours

CPU:total 4 (initial active 4) (2 cores per cpu, 2 threads per core) family 6 model 142 stepping 9 microcode 0xb4, cmov, cx8, fxsr, mmx, sse, sse2, sse3, ssse3, sse4.1, sse4.2, popcnt, avx, avx2, aes, clmul, erms, 3dnowpref, lzcnt, ht, tsc, tscinvbit, bmi1, bmi2, adx, fma

Memory: 4k page, system-wide physical 8073M (689M free)
TotalPageFile size 8073M (AvailPageFile size 41M)
current process WorkingSet (physical memory assigned to process): 641M, peak: 648M
current process commit charge ("private bytes"): 681M, peak: 770M

vm_info: OpenJDK 64-Bit Server VM (11.0.13+0-b1751.21-8125866) for windows-amd64 JRE (11.0.13+0-b1751.21-8125866), built on Feb  2 2022 03:00:22 by "builder" with MS VC++ 14.0 (VS2015)

END.
