#
# There is insufficient memory for the Java Runtime Environment to continue.
# Native memory allocation (malloc) failed to allocate 2826736 bytes for Chunk::new
# Possible reasons:
#   The system is out of physical RAM or swap space
#   The process is running with CompressedOops enabled, and the Java Heap may be blocking the growth of the native heap
# Possible solutions:
#   Reduce memory load on the system
#   Increase physical memory or swap space
#   Check if swap backing store is full
#   Decrease Java heap size (-Xmx/-Xms)
#   Decrease number of Java threads
#   Decrease Java thread stack sizes (-Xss)
#   Set larger code cache with -XX:ReservedCodeCacheSize=
#   JVM is running with Unscaled Compressed Oops mode in which the Java heap is
#     placed in the first 4GB address space. The Java Heap base address is the
#     maximum limit for the native heap growth. Please use -XX:HeapBaseMinAddress
#     to set the Java Heap base and to place the Java Heap above 4GB virtual address.
# This output file may be truncated or incomplete.
#
#  Out of Memory Error (./src/hotspot/share/memory/arena.cpp:197), pid=776, tid=5336
#
# JRE version: OpenJDK Runtime Environment (11.0.13) (build 11.0.13+0-b1751.21-8125866)
# Java VM: OpenJDK 64-Bit Server VM (11.0.13+0-b1751.21-8125866, mixed mode, tiered, compressed oops, g1 gc, windows-amd64)
# No core dump will be written. Minidumps are not enabled by default on client versions of Windows
#

---------------  S U M M A R Y ------------

Command Line: --add-opens=java.base/java.util=ALL-UNNAMED --add-opens=java.base/java.lang=ALL-UNNAMED --add-opens=java.base/java.lang.invoke=ALL-UNNAMED --add-opens=java.base/java.util=ALL-UNNAMED --add-opens=java.prefs/java.util.prefs=ALL-UNNAMED --add-opens=java.prefs/java.util.prefs=ALL-UNNAMED --add-opens=java.base/java.nio.charset=ALL-UNNAMED --add-opens=java.base/java.net=ALL-UNNAMED --add-opens=java.base/java.util.concurrent.atomic=ALL-UNNAMED -Xmx2048m -Dfile.encoding=UTF-8 -Duser.country=TW -Duser.language=zh -Duser.variant org.gradle.launcher.daemon.bootstrap.GradleDaemon 7.0.2

Host: Intel(R) Core(TM) i5-7200U CPU @ 2.50GHz, 4 cores, 7G,  Windows 10 , 64 bit Build 19041 (10.0.19041.2251)
Time: Sat Dec 10 16:34:33 2022 台北標準時間 elapsed time: 2097.250728 seconds (0d 0h 34m 57s)

---------------  T H R E A D  ---------------

Current thread (0x000002ba7e6be000):  JavaThread "C2 CompilerThread0" daemon [_thread_in_native, id=5336, stack(0x000000baf7500000,0x000000baf7600000)]


Current CompileTask:
C2:2097250 23047 %     4       com.android.tools.r8.internal.U6::a @ 2560 (6044 bytes)

Stack: [0x000000baf7500000,0x000000baf7600000]
Native frames: (J=compiled Java code, j=interpreted, Vv=VM code, C=native code)
V  [jvm.dll+0x6100fa]
V  [jvm.dll+0x747090]
V  [jvm.dll+0x7486ad]
V  [jvm.dll+0x748d83]
V  [jvm.dll+0x24ab48]
V  [jvm.dll+0xc04dc]
V  [jvm.dll+0xc0a0c]
V  [jvm.dll+0x35eb5b]
V  [jvm.dll+0x19d7bc]
V  [jvm.dll+0x2033be]
V  [jvm.dll+0x202437]
V  [jvm.dll+0x188e01]
V  [jvm.dll+0x21106b]
V  [jvm.dll+0x20f8c1]
V  [jvm.dll+0x70de0f]
V  [jvm.dll+0x706a75]
V  [jvm.dll+0x60ed66]
C  [ucrtbase.dll+0x21bb2]
C  [KERNEL32.DLL+0x174b4]
C  [ntdll.dll+0x526a1]


---------------  P R O C E S S  ---------------

Threads class SMR info:
_java_thread_list=0x000002ba024764b0, length=54, elements={
0x000002ba62b31000, 0x000002ba7e696800, 0x000002ba7e6a0800, 0x000002ba7e6b4000,
0x000002ba7e6b5000, 0x000002ba7e6b7000, 0x000002ba7e6be000, 0x000002ba7e6ca800,
0x000002ba7e6cc800, 0x000002ba7f115800, 0x000002ba00fa3000, 0x000002ba01062800,
0x000002ba7f1d4000, 0x000002ba01408800, 0x000002ba0140e000, 0x000002ba0140d000,
0x000002ba0140a800, 0x000002ba0140f000, 0x000002ba02185000, 0x000002ba02186000,
0x000002ba02187800, 0x000002ba0218a000, 0x000002ba02188800, 0x000002ba0218d000,
0x000002ba02190800, 0x000002ba05374800, 0x000002ba0537c000, 0x000002ba05374000,
0x000002ba05377000, 0x000002ba05376800, 0x000002ba05373000, 0x000002ba05371800,
0x000002ba05378000, 0x000002ba0537b000, 0x000002ba0537e800, 0x000002ba0537a800,
0x000002ba0537d000, 0x000002ba05378800, 0x000002ba0537f000, 0x000002ba05379800,
0x000002ba7f9a7800, 0x000002ba01cf2800, 0x000002ba01cf3800, 0x000002ba01cf6000,
0x000002ba01cf4800, 0x000002ba01cf6800, 0x000002ba01cf1000, 0x000002ba01cfa000,
0x000002ba01cf8800, 0x000002ba01cfb000, 0x000002ba01cf9000, 0x000002ba01cf5000,
0x000002ba01cff800, 0x000002ba01cfd800
}

Java Threads: ( => current thread )
  0x000002ba62b31000 JavaThread "main" [_thread_blocked, id=12840, stack(0x000000baf6900000,0x000000baf6a00000)]
  0x000002ba7e696800 JavaThread "Reference Handler" daemon [_thread_blocked, id=9772, stack(0x000000baf7000000,0x000000baf7100000)]
  0x000002ba7e6a0800 JavaThread "Finalizer" daemon [_thread_blocked, id=5328, stack(0x000000baf7100000,0x000000baf7200000)]
  0x000002ba7e6b4000 JavaThread "Signal Dispatcher" daemon [_thread_blocked, id=14504, stack(0x000000baf7200000,0x000000baf7300000)]
  0x000002ba7e6b5000 JavaThread "Attach Listener" daemon [_thread_blocked, id=9360, stack(0x000000baf7300000,0x000000baf7400000)]
  0x000002ba7e6b7000 JavaThread "Service Thread" daemon [_thread_blocked, id=7204, stack(0x000000baf7400000,0x000000baf7500000)]
=>0x000002ba7e6be000 JavaThread "C2 CompilerThread0" daemon [_thread_in_native, id=5336, stack(0x000000baf7500000,0x000000baf7600000)]
  0x000002ba7e6ca800 JavaThread "C1 CompilerThread0" daemon [_thread_blocked, id=9832, stack(0x000000baf7600000,0x000000baf7700000)]
  0x000002ba7e6cc800 JavaThread "Sweeper thread" daemon [_thread_blocked, id=2128, stack(0x000000baf7700000,0x000000baf7800000)]
  0x000002ba7f115800 JavaThread "Common-Cleaner" daemon [_thread_blocked, id=3820, stack(0x000000baf7800000,0x000000baf7900000)]
  0x000002ba00fa3000 JavaThread "Daemon health stats" [_thread_blocked, id=1592, stack(0x000000baf7d00000,0x000000baf7e00000)]
  0x000002ba01062800 JavaThread "Incoming local TCP Connector on port 51136" [_thread_in_native, id=6416, stack(0x000000baf7a00000,0x000000baf7b00000)]
  0x000002ba7f1d4000 JavaThread "Daemon periodic checks" [_thread_blocked, id=14428, stack(0x000000baf7e00000,0x000000baf7f00000)]
  0x000002ba01408800 JavaThread "Cache worker for file hash cache (C:\Users\a0587\.gradle\caches\7.0.2\fileHashes)" [_thread_blocked, id=15252, stack(0x000000baf8700000,0x000000baf8800000)]
  0x000002ba0140e000 JavaThread "File lock request listener" [_thread_in_native, id=6704, stack(0x000000baf8800000,0x000000baf8900000)]
  0x000002ba0140d000 JavaThread "Cache worker for journal cache (C:\Users\a0587\.gradle\caches\journal-1)" [_thread_blocked, id=4416, stack(0x000000baf8900000,0x000000baf8a00000)]
  0x000002ba0140a800 JavaThread "File watcher server" daemon [_thread_in_native, id=7520, stack(0x000000baf8c00000,0x000000baf8d00000)]
  0x000002ba0140f000 JavaThread "File watcher consumer" daemon [_thread_blocked, id=6336, stack(0x000000baf8d00000,0x000000baf8e00000)]
  0x000002ba02185000 JavaThread "Cache worker for execution history cache (C:\Users\a0587\.gradle\caches\7.0.2\executionHistory)" [_thread_blocked, id=2440, stack(0x000000baf9100000,0x000000baf9200000)]
  0x000002ba02186000 JavaThread "jar transforms" [_thread_blocked, id=10824, stack(0x000000baf9200000,0x000000baf9300000)]
  0x000002ba02187800 JavaThread "jar transforms Thread 2" [_thread_blocked, id=7744, stack(0x000000baf9300000,0x000000baf9400000)]
  0x000002ba0218a000 JavaThread "Cache worker for file content cache (C:\Users\a0587\.gradle\caches\7.0.2\fileContent)" [_thread_blocked, id=3712, stack(0x000000baf9400000,0x000000baf9500000)]
  0x000002ba02188800 JavaThread "jar transforms Thread 3" [_thread_blocked, id=7664, stack(0x000000baf9600000,0x000000baf9700000)]
  0x000002ba0218d000 JavaThread "jar transforms Thread 4" [_thread_blocked, id=10780, stack(0x000000baf9c00000,0x000000baf9d00000)]
  0x000002ba02190800 JavaThread "Memory manager" [_thread_blocked, id=492, stack(0x000000baf9d00000,0x000000baf9e00000)]
  0x000002ba05374800 JavaThread "Cache worker for Java compile cache (C:\Users\a0587\.gradle\caches\7.0.2\javaCompile)" [_thread_blocked, id=12176, stack(0x000000bafa600000,0x000000bafa700000)]
  0x000002ba0537c000 JavaThread "ForkJoinPool.commonPool-worker-5" daemon [_thread_blocked, id=12788, stack(0x000000bafaf00000,0x000000bafb000000)]
  0x000002ba05374000 JavaThread "Daemon Thread 2" [_thread_blocked, id=9920, stack(0x000000baf6600000,0x000000baf6700000)]
  0x000002ba05377000 JavaThread "Daemon worker Thread 2" [_thread_blocked, id=2032, stack(0x000000baf7f00000,0x000000baf8000000)]
  0x000002ba05376800 JavaThread "Handler for socket connection from /127.0.0.1:51136 to /127.0.0.1:51380" [_thread_in_native, id=10508, stack(0x000000baf6700000,0x000000baf6800000)]
  0x000002ba05373000 JavaThread "Cancel handler" [_thread_blocked, id=1628, stack(0x000000baf6800000,0x000000baf6900000)]
  0x000002ba05371800 JavaThread "Asynchronous log dispatcher for DefaultDaemonConnection: socket connection from /127.0.0.1:51136 to /127.0.0.1:51380" [_thread_blocked, id=7412, stack(0x000000baf8000000,0x000000baf8100000)]
  0x000002ba05378000 JavaThread "Stdin handler" [_thread_blocked, id=2000, stack(0x000000baf8100000,0x000000baf8200000)]
  0x000002ba0537b000 JavaThread "Daemon client event forwarder" [_thread_blocked, id=1540, stack(0x000000baf8200000,0x000000baf8300000)]
  0x000002ba0537e800 JavaThread "Cache worker for file hash cache (E:\Programs\Test\.gradle\7.0.2\fileHashes)" [_thread_blocked, id=13892, stack(0x000000baf8300000,0x000000baf8400000)]
  0x000002ba0537a800 JavaThread "Cache worker for checksums cache (E:\Programs\Test\.gradle\checksums)" [_thread_blocked, id=11052, stack(0x000000baf8400000,0x000000baf8500000)]
  0x000002ba0537d000 JavaThread "Cache worker for cache directory md-supplier (C:\Users\a0587\.gradle\caches\7.0.2\md-supplier)" [_thread_blocked, id=14496, stack(0x000000baf8500000,0x000000baf8600000)]
  0x000002ba05378800 JavaThread "Cache worker for cache directory md-rule (C:\Users\a0587\.gradle\caches\7.0.2\md-rule)" [_thread_blocked, id=10668, stack(0x000000baf8a00000,0x000000baf8b00000)]
  0x000002ba0537f000 JavaThread "Cache worker for dependencies-accessors (E:\Programs\Test\.gradle\7.0.2\dependencies-accessors)" [_thread_blocked, id=2832, stack(0x000000baf8b00000,0x000000baf8c00000)]
  0x000002ba05379800 JavaThread "Cache worker for Build Output Cleanup Cache (E:\Programs\Test\.gradle\buildOutputCleanup)" [_thread_blocked, id=1208, stack(0x000000baf8e00000,0x000000baf8f00000)]
  0x000002ba7f9a7800 JavaThread "C2 CompilerThread1" daemon [_thread_in_native, id=7240, stack(0x000000baf8f00000,0x000000baf9000000)]
  0x000002ba01cf2800 JavaThread "Build operations" [_thread_blocked, id=8712, stack(0x000000baf9000000,0x000000baf9100000)]
  0x000002ba01cf3800 JavaThread "Build operations Thread 2" [_thread_blocked, id=5196, stack(0x000000baf9500000,0x000000baf9600000)]
  0x000002ba01cf6000 JavaThread "Build operations Thread 3" [_thread_blocked, id=11472, stack(0x000000baf9700000,0x000000baf9800000)]
  0x000002ba01cf4800 JavaThread "Build operations Thread 4" [_thread_blocked, id=2992, stack(0x000000baf9800000,0x000000baf9900000)]
  0x000002ba01cf6800 JavaThread "build event listener" [_thread_blocked, id=1524, stack(0x000000baf9900000,0x000000baf9a00000)]
  0x000002ba01cf1000 JavaThread "Execution worker for ':'" [_thread_blocked, id=10424, stack(0x000000baf9a00000,0x000000baf9b00000)]
  0x000002ba01cfa000 JavaThread "Execution worker for ':' Thread 2" [_thread_blocked, id=12304, stack(0x000000baf9b00000,0x000000baf9c00000)]
  0x000002ba01cf8800 JavaThread "Execution worker for ':' Thread 3" [_thread_blocked, id=10816, stack(0x000000baf9e00000,0x000000baf9f00000)]
  0x000002ba01cfb000 JavaThread "Cache worker for execution history cache (E:\Programs\Test\.gradle\7.0.2\executionHistory)" [_thread_blocked, id=3012, stack(0x000000baf9f00000,0x000000bafa000000)]
  0x000002ba01cf9000 JavaThread "WorkerExecutor Queue" [_thread_blocked, id=5156, stack(0x000000bafa000000,0x000000bafa100000)]
  0x000002ba01cf5000 JavaThread "WorkerExecutor Queue Thread 2" [_thread_in_Java, id=2084, stack(0x000000bafa200000,0x000000bafa300000)]
  0x000002ba01cff800 JavaThread "WorkerExecutor Queue Thread 3" [_thread_blocked, id=11260, stack(0x000000bafa500000,0x000000bafa600000)]
  0x000002ba01cfd800 JavaThread "WorkerExecutor Queue Thread 4" [_thread_blocked, id=12612, stack(0x000000bafa700000,0x000000bafa800000)]

Other Threads:
  0x000002ba7e694000 VMThread "VM Thread" [stack: 0x000000baf6f00000,0x000000baf7000000] [id=11300]
  0x000002ba7f13b000 WatcherThread [stack: 0x000000baf7900000,0x000000baf7a00000] [id=12624]
  0x000002ba62b4a800 GCTaskThread "GC Thread#0" [stack: 0x000000baf6a00000,0x000000baf6b00000] [id=9424]
  0x000002ba7f764000 GCTaskThread "GC Thread#1" [stack: 0x000000baf7b00000,0x000000baf7c00000] [id=7924]
  0x000002ba0008d800 GCTaskThread "GC Thread#2" [stack: 0x000000baf7c00000,0x000000baf7d00000] [id=10280]
  0x000002ba01c20800 GCTaskThread "GC Thread#3" [stack: 0x000000baf8600000,0x000000baf8700000] [id=10072]
  0x000002ba62b7b000 ConcurrentGCThread "G1 Main Marker" [stack: 0x000000baf6b00000,0x000000baf6c00000] [id=14796]
  0x000002ba62b7c800 ConcurrentGCThread "G1 Conc#0" [stack: 0x000000baf6c00000,0x000000baf6d00000] [id=12164]
  0x000002ba62c0e000 ConcurrentGCThread "G1 Refine#0" [stack: 0x000000baf6d00000,0x000000baf6e00000] [id=8468]
  0x000002ba02af6800 ConcurrentGCThread "G1 Refine#1" [stack: 0x000000bafa100000,0x000000bafa200000] [id=11496]
  0x000002ba7e4e0800 ConcurrentGCThread "G1 Young RemSet Sampling" [stack: 0x000000baf6e00000,0x000000baf6f00000] [id=15296]

Threads with active compile tasks:
C2 CompilerThread02097330 23047 %     4       com.android.tools.r8.internal.U6::a @ 2560 (6044 bytes)
C2 CompilerThread12097330 23137       4       com.android.tools.r8.internal.X4::a (1165 bytes)

VM state:not at safepoint (normal execution)

VM Mutex/Monitor currently owned by a thread: None

Heap address: 0x0000000080000000, size: 2048 MB, Compressed Oops mode: 32-bit
Narrow klass base: 0x0000000000000000, Narrow klass shift: 3
Compressed class space size: 1073741824 Address: 0x0000000100000000

Heap:
 garbage-first heap   total 328704K, used 155172K [0x0000000080000000, 0x0000000100000000)
  region size 1024K, 32 young (32768K), 21 survivors (21504K)
 Metaspace       used 120236K, capacity 123711K, committed 123988K, reserved 1157120K
  class space    used 14796K, capacity 16096K, committed 16160K, reserved 1048576K
Heap Regions: E=young(eden), S=young(survivor), O=old, HS=humongous(starts), HC=humongous(continues), CS=collection set, F=free, A=archive, TAMS=top-at-mark-start (previous, next)
|   0|0x0000000080000000, 0x0000000080100000, 0x0000000080100000|100%|HS|  |TAMS 0x0000000080100000, 0x0000000080000000| Complete 
|   1|0x0000000080100000, 0x0000000080200000, 0x0000000080200000|100%|HC|  |TAMS 0x0000000080200000, 0x0000000080100000| Complete 
|   2|0x0000000080200000, 0x0000000080300000, 0x0000000080300000|100%|HC|  |TAMS 0x0000000080300000, 0x0000000080200000| Complete 
|   3|0x0000000080300000, 0x0000000080400000, 0x0000000080400000|100%| O|  |TAMS 0x0000000080400000, 0x0000000080300000| Untracked 
|   4|0x0000000080400000, 0x0000000080500000, 0x0000000080500000|100%| O|  |TAMS 0x0000000080500000, 0x0000000080400000| Untracked 
|   5|0x0000000080500000, 0x0000000080600000, 0x0000000080600000|100%| O|  |TAMS 0x0000000080600000, 0x0000000080500000| Untracked 
|   6|0x0000000080600000, 0x0000000080700000, 0x0000000080700000|100%| O|  |TAMS 0x0000000080700000, 0x0000000080600000| Untracked 
|   7|0x0000000080700000, 0x0000000080800000, 0x0000000080800000|100%| O|  |TAMS 0x0000000080800000, 0x0000000080700000| Untracked 
|   8|0x0000000080800000, 0x0000000080900000, 0x0000000080900000|100%| O|  |TAMS 0x0000000080900000, 0x0000000080800000| Untracked 
|   9|0x0000000080900000, 0x0000000080a00000, 0x0000000080a00000|100%| O|  |TAMS 0x0000000080a00000, 0x0000000080900000| Untracked 
|  10|0x0000000080a00000, 0x0000000080b00000, 0x0000000080b00000|100%| O|  |TAMS 0x0000000080b00000, 0x0000000080a00000| Untracked 
|  11|0x0000000080b00000, 0x0000000080c00000, 0x0000000080c00000|100%| O|  |TAMS 0x0000000080c00000, 0x0000000080b00000| Untracked 
|  12|0x0000000080c00000, 0x0000000080d00000, 0x0000000080d00000|100%| O|  |TAMS 0x0000000080d00000, 0x0000000080c00000| Untracked 
|  13|0x0000000080d00000, 0x0000000080e00000, 0x0000000080e00000|100%| O|  |TAMS 0x0000000080e00000, 0x0000000080d00000| Untracked 
|  14|0x0000000080e00000, 0x0000000080f00000, 0x0000000080f00000|100%| O|  |TAMS 0x0000000080f00000, 0x0000000080e00000| Untracked 
|  15|0x0000000080f00000, 0x0000000081000000, 0x0000000081000000|100%| O|  |TAMS 0x0000000081000000, 0x0000000080f00000| Untracked 
|  16|0x0000000081000000, 0x0000000081100000, 0x0000000081100000|100%|HS|  |TAMS 0x0000000081100000, 0x0000000081000000| Complete 
|  17|0x0000000081100000, 0x0000000081200000, 0x0000000081200000|100%| O|  |TAMS 0x0000000081200000, 0x0000000081100000| Untracked 
|  18|0x0000000081200000, 0x0000000081300000, 0x0000000081300000|100%| O|  |TAMS 0x0000000081300000, 0x0000000081200000| Untracked 
|  19|0x0000000081300000, 0x0000000081400000, 0x0000000081400000|100%| O|  |TAMS 0x0000000081400000, 0x0000000081300000| Untracked 
|  20|0x0000000081400000, 0x0000000081500000, 0x0000000081500000|100%| O|  |TAMS 0x0000000081500000, 0x0000000081400000| Untracked 
|  21|0x0000000081500000, 0x0000000081600000, 0x0000000081600000|100%| O|  |TAMS 0x0000000081600000, 0x0000000081500000| Untracked 
|  22|0x0000000081600000, 0x0000000081700000, 0x0000000081700000|100%| O|  |TAMS 0x0000000081700000, 0x0000000081600000| Untracked 
|  23|0x0000000081700000, 0x0000000081800000, 0x0000000081800000|100%|HS|  |TAMS 0x0000000081800000, 0x0000000081700000| Complete 
|  24|0x0000000081800000, 0x0000000081900000, 0x0000000081900000|100%|HS|  |TAMS 0x0000000081900000, 0x0000000081800000| Complete 
|  25|0x0000000081900000, 0x0000000081a00000, 0x0000000081a00000|100%|HC|  |TAMS 0x0000000081a00000, 0x0000000081900000| Complete 
|  26|0x0000000081a00000, 0x0000000081b00000, 0x0000000081b00000|100%| O|  |TAMS 0x0000000081b00000, 0x0000000081a00000| Untracked 
|  27|0x0000000081b00000, 0x0000000081c00000, 0x0000000081c00000|100%| O|  |TAMS 0x0000000081c00000, 0x0000000081b00000| Untracked 
|  28|0x0000000081c00000, 0x0000000081d00000, 0x0000000081d00000|100%| O|  |TAMS 0x0000000081d00000, 0x0000000081c00000| Untracked 
|  29|0x0000000081d00000, 0x0000000081e00000, 0x0000000081e00000|100%| O|  |TAMS 0x0000000081e00000, 0x0000000081d00000| Untracked 
|  30|0x0000000081e00000, 0x0000000081f00000, 0x0000000081f00000|100%| O|  |TAMS 0x0000000081f00000, 0x0000000081e00000| Untracked 
|  31|0x0000000081f00000, 0x0000000082000000, 0x0000000082000000|100%| O|  |TAMS 0x0000000082000000, 0x0000000081f00000| Untracked 
|  32|0x0000000082000000, 0x0000000082100000, 0x0000000082100000|100%| O|  |TAMS 0x0000000082100000, 0x0000000082000000| Untracked 
|  33|0x0000000082100000, 0x0000000082200000, 0x0000000082200000|100%| O|  |TAMS 0x0000000082200000, 0x0000000082100000| Untracked 
|  34|0x0000000082200000, 0x0000000082300000, 0x0000000082300000|100%| O|  |TAMS 0x0000000082300000, 0x0000000082200000| Untracked 
|  35|0x0000000082300000, 0x0000000082400000, 0x0000000082400000|100%| O|  |TAMS 0x0000000082400000, 0x0000000082300000| Untracked 
|  36|0x0000000082400000, 0x0000000082500000, 0x0000000082500000|100%| O|  |TAMS 0x0000000082500000, 0x0000000082400000| Untracked 
|  37|0x0000000082500000, 0x0000000082600000, 0x0000000082600000|100%| O|  |TAMS 0x0000000082600000, 0x0000000082500000| Untracked 
|  38|0x0000000082600000, 0x0000000082700000, 0x0000000082700000|100%| O|  |TAMS 0x0000000082700000, 0x0000000082600000| Untracked 
|  39|0x0000000082700000, 0x0000000082800000, 0x0000000082800000|100%| O|  |TAMS 0x0000000082800000, 0x0000000082700000| Untracked 
|  40|0x0000000082800000, 0x0000000082900000, 0x0000000082900000|100%| O|  |TAMS 0x0000000082900000, 0x0000000082800000| Untracked 
|  41|0x0000000082900000, 0x0000000082a00000, 0x0000000082a00000|100%| O|  |TAMS 0x0000000082a00000, 0x0000000082900000| Untracked 
|  42|0x0000000082a00000, 0x0000000082b00000, 0x0000000082b00000|100%| O|  |TAMS 0x0000000082b00000, 0x0000000082a00000| Untracked 
|  43|0x0000000082b00000, 0x0000000082c00000, 0x0000000082c00000|100%| O|  |TAMS 0x0000000082c00000, 0x0000000082b00000| Untracked 
|  44|0x0000000082c00000, 0x0000000082d00000, 0x0000000082d00000|100%| O|  |TAMS 0x0000000082d00000, 0x0000000082c00000| Untracked 
|  45|0x0000000082d00000, 0x0000000082e00000, 0x0000000082e00000|100%| O|  |TAMS 0x0000000082e00000, 0x0000000082d00000| Untracked 
|  46|0x0000000082e00000, 0x0000000082f00000, 0x0000000082f00000|100%| O|  |TAMS 0x0000000082f00000, 0x0000000082e00000| Untracked 
|  47|0x0000000082f00000, 0x0000000083000000, 0x0000000083000000|100%| O|  |TAMS 0x0000000083000000, 0x0000000082f00000| Untracked 
|  48|0x0000000083000000, 0x0000000083100000, 0x0000000083100000|100%| O|  |TAMS 0x0000000083100000, 0x0000000083000000| Untracked 
|  49|0x0000000083100000, 0x0000000083200000, 0x0000000083200000|100%| O|  |TAMS 0x0000000083200000, 0x0000000083100000| Untracked 
|  50|0x0000000083200000, 0x0000000083300000, 0x0000000083300000|100%| O|  |TAMS 0x0000000083300000, 0x0000000083200000| Untracked 
|  51|0x0000000083300000, 0x0000000083400000, 0x0000000083400000|100%| O|  |TAMS 0x0000000083400000, 0x0000000083300000| Untracked 
|  52|0x0000000083400000, 0x0000000083500000, 0x0000000083500000|100%| O|  |TAMS 0x0000000083500000, 0x0000000083400000| Untracked 
|  53|0x0000000083500000, 0x0000000083600000, 0x0000000083600000|100%| O|  |TAMS 0x0000000083600000, 0x0000000083500000| Untracked 
|  54|0x0000000083600000, 0x0000000083700000, 0x0000000083700000|100%| O|  |TAMS 0x0000000083700000, 0x0000000083600000| Untracked 
|  55|0x0000000083700000, 0x0000000083800000, 0x0000000083800000|100%| O|  |TAMS 0x0000000083800000, 0x0000000083700000| Untracked 
|  56|0x0000000083800000, 0x0000000083900000, 0x0000000083900000|100%| O|  |TAMS 0x0000000083900000, 0x0000000083800000| Untracked 
|  57|0x0000000083900000, 0x0000000083a00000, 0x0000000083a00000|100%| O|  |TAMS 0x0000000083a00000, 0x0000000083900000| Untracked 
|  58|0x0000000083a00000, 0x0000000083b00000, 0x0000000083b00000|100%| O|  |TAMS 0x0000000083b00000, 0x0000000083a00000| Untracked 
|  59|0x0000000083b00000, 0x0000000083c00000, 0x0000000083c00000|100%| O|  |TAMS 0x0000000083c00000, 0x0000000083b00000| Untracked 
|  60|0x0000000083c00000, 0x0000000083d00000, 0x0000000083d00000|100%| O|  |TAMS 0x0000000083d00000, 0x0000000083c00000| Untracked 
|  61|0x0000000083d00000, 0x0000000083e00000, 0x0000000083e00000|100%| O|  |TAMS 0x0000000083e00000, 0x0000000083d00000| Untracked 
|  62|0x0000000083e00000, 0x0000000083f00000, 0x0000000083f00000|100%| O|  |TAMS 0x0000000083f00000, 0x0000000083e00000| Untracked 
|  63|0x0000000083f00000, 0x0000000084000000, 0x0000000084000000|100%| O|  |TAMS 0x0000000084000000, 0x0000000083f00000| Untracked 
|  64|0x0000000084000000, 0x0000000084100000, 0x0000000084100000|100%| O|  |TAMS 0x0000000084100000, 0x0000000084000000| Untracked 
|  65|0x0000000084100000, 0x0000000084200000, 0x0000000084200000|100%| O|  |TAMS 0x0000000084200000, 0x0000000084100000| Untracked 
|  66|0x0000000084200000, 0x0000000084300000, 0x0000000084300000|100%| O|  |TAMS 0x0000000084300000, 0x0000000084200000| Untracked 
|  67|0x0000000084300000, 0x0000000084400000, 0x0000000084400000|100%| O|  |TAMS 0x0000000084400000, 0x0000000084300000| Untracked 
|  68|0x0000000084400000, 0x0000000084500000, 0x0000000084500000|100%| O|  |TAMS 0x0000000084500000, 0x0000000084400000| Untracked 
|  69|0x0000000084500000, 0x0000000084600000, 0x0000000084600000|100%| O|  |TAMS 0x0000000084600000, 0x0000000084500000| Untracked 
|  70|0x0000000084600000, 0x0000000084700000, 0x0000000084700000|100%| O|  |TAMS 0x0000000084700000, 0x0000000084600000| Untracked 
|  71|0x0000000084700000, 0x0000000084800000, 0x0000000084800000|100%| O|  |TAMS 0x0000000084800000, 0x0000000084700000| Untracked 
|  72|0x0000000084800000, 0x0000000084900000, 0x0000000084900000|100%| O|  |TAMS 0x0000000084900000, 0x0000000084800000| Untracked 
|  73|0x0000000084900000, 0x0000000084a00000, 0x0000000084a00000|100%| O|  |TAMS 0x0000000084a00000, 0x0000000084900000| Untracked 
|  74|0x0000000084a00000, 0x0000000084b00000, 0x0000000084b00000|100%| O|  |TAMS 0x0000000084b00000, 0x0000000084a00000| Untracked 
|  75|0x0000000084b00000, 0x0000000084c00000, 0x0000000084c00000|100%| O|  |TAMS 0x0000000084c00000, 0x0000000084b00000| Untracked 
|  76|0x0000000084c00000, 0x0000000084d00000, 0x0000000084d00000|100%| O|  |TAMS 0x0000000084d00000, 0x0000000084c00000| Untracked 
|  77|0x0000000084d00000, 0x0000000084e00000, 0x0000000084e00000|100%| O|  |TAMS 0x0000000084e00000, 0x0000000084d00000| Untracked 
|  78|0x0000000084e00000, 0x0000000084f00000, 0x0000000084f00000|100%| O|  |TAMS 0x0000000084f00000, 0x0000000084e00000| Untracked 
|  79|0x0000000084f00000, 0x0000000085000000, 0x0000000085000000|100%| O|  |TAMS 0x0000000085000000, 0x0000000084f00000| Untracked 
|  80|0x0000000085000000, 0x0000000085100000, 0x0000000085100000|100%| O|  |TAMS 0x0000000085100000, 0x0000000085000000| Untracked 
|  81|0x0000000085100000, 0x0000000085200000, 0x0000000085200000|100%| O|  |TAMS 0x0000000085200000, 0x0000000085100000| Untracked 
|  82|0x0000000085200000, 0x0000000085300000, 0x0000000085300000|100%| O|  |TAMS 0x0000000085300000, 0x0000000085200000| Untracked 
|  83|0x0000000085300000, 0x0000000085400000, 0x0000000085400000|100%| O|  |TAMS 0x0000000085400000, 0x0000000085300000| Untracked 
|  84|0x0000000085400000, 0x0000000085500000, 0x0000000085500000|100%| O|  |TAMS 0x0000000085500000, 0x0000000085400000| Untracked 
|  85|0x0000000085500000, 0x0000000085600000, 0x0000000085600000|100%| O|  |TAMS 0x0000000085600000, 0x0000000085500000| Untracked 
|  86|0x0000000085600000, 0x0000000085700000, 0x0000000085700000|100%| O|  |TAMS 0x0000000085700000, 0x0000000085600000| Untracked 
|  87|0x0000000085700000, 0x0000000085800000, 0x0000000085800000|100%| O|  |TAMS 0x0000000085800000, 0x0000000085700000| Untracked 
|  88|0x0000000085800000, 0x0000000085900000, 0x0000000085900000|100%| O|  |TAMS 0x0000000085900000, 0x0000000085800000| Untracked 
|  89|0x0000000085900000, 0x0000000085a00000, 0x0000000085a00000|100%| O|  |TAMS 0x0000000085a00000, 0x0000000085900000| Untracked 
|  90|0x0000000085a00000, 0x0000000085b00000, 0x0000000085b00000|100%| O|  |TAMS 0x0000000085b00000, 0x0000000085a00000| Untracked 
|  91|0x0000000085b00000, 0x0000000085c00000, 0x0000000085c00000|100%| O|  |TAMS 0x0000000085c00000, 0x0000000085b00000| Untracked 
|  92|0x0000000085c00000, 0x0000000085d00000, 0x0000000085d00000|100%|HS|  |TAMS 0x0000000085d00000, 0x0000000085c00000| Complete 
|  93|0x0000000085d00000, 0x0000000085e00000, 0x0000000085e00000|100%|HC|  |TAMS 0x0000000085e00000, 0x0000000085d00000| Complete 
|  94|0x0000000085e00000, 0x0000000085f00000, 0x0000000085f00000|100%| O|  |TAMS 0x0000000085f00000, 0x0000000085e00000| Untracked 
|  95|0x0000000085f00000, 0x0000000086000000, 0x0000000086000000|100%| O|  |TAMS 0x0000000086000000, 0x0000000085f00000| Untracked 
|  96|0x0000000086000000, 0x0000000086100000, 0x0000000086100000|100%| O|  |TAMS 0x0000000086100000, 0x0000000086000000| Untracked 
|  97|0x0000000086100000, 0x0000000086200000, 0x0000000086200000|100%| O|  |TAMS 0x00000000861fa400, 0x0000000086100000| Untracked 
|  98|0x0000000086200000, 0x0000000086300000, 0x0000000086300000|100%| O|  |TAMS 0x0000000086200000, 0x0000000086200000| Untracked 
|  99|0x0000000086300000, 0x0000000086400000, 0x0000000086400000|100%| O|  |TAMS 0x0000000086300000, 0x0000000086300000| Untracked 
| 100|0x0000000086400000, 0x0000000086500000, 0x0000000086500000|100%| O|  |TAMS 0x0000000086400000, 0x0000000086400000| Untracked 
| 101|0x0000000086500000, 0x0000000086600000, 0x0000000086600000|100%| O|  |TAMS 0x0000000086500000, 0x0000000086500000| Untracked 
| 102|0x0000000086600000, 0x0000000086700000, 0x0000000086700000|100%| O|  |TAMS 0x0000000086600000, 0x0000000086600000| Untracked 
| 103|0x0000000086700000, 0x0000000086800000, 0x0000000086800000|100%| O|  |TAMS 0x0000000086700000, 0x0000000086700000| Untracked 
| 104|0x0000000086800000, 0x0000000086900000, 0x0000000086900000|100%| O|  |TAMS 0x0000000086800000, 0x0000000086800000| Untracked 
| 105|0x0000000086900000, 0x0000000086a00000, 0x0000000086a00000|100%| O|  |TAMS 0x0000000086900000, 0x0000000086900000| Untracked 
| 106|0x0000000086a00000, 0x0000000086b00000, 0x0000000086b00000|100%| O|  |TAMS 0x0000000086a00000, 0x0000000086a00000| Untracked 
| 107|0x0000000086b00000, 0x0000000086c00000, 0x0000000086c00000|100%| O|  |TAMS 0x0000000086b00000, 0x0000000086b00000| Untracked 
| 108|0x0000000086c00000, 0x0000000086d00000, 0x0000000086d00000|100%| O|  |TAMS 0x0000000086c00000, 0x0000000086c00000| Untracked 
| 109|0x0000000086d00000, 0x0000000086e00000, 0x0000000086e00000|100%| O|  |TAMS 0x0000000086d00000, 0x0000000086d00000| Untracked 
| 110|0x0000000086e00000, 0x0000000086f00000, 0x0000000086f00000|100%| O|  |TAMS 0x0000000086e00000, 0x0000000086e00000| Untracked 
| 111|0x0000000086f00000, 0x0000000087000000, 0x0000000087000000|100%| O|  |TAMS 0x0000000086f00000, 0x0000000086f00000| Untracked 
| 112|0x0000000087000000, 0x0000000087100000, 0x0000000087100000|100%| O|  |TAMS 0x0000000087000000, 0x0000000087000000| Untracked 
| 113|0x0000000087100000, 0x0000000087200000, 0x0000000087200000|100%| O|  |TAMS 0x0000000087100000, 0x0000000087100000| Untracked 
| 114|0x0000000087200000, 0x0000000087300000, 0x0000000087300000|100%| O|  |TAMS 0x0000000087200000, 0x0000000087200000| Untracked 
| 115|0x0000000087300000, 0x0000000087400000, 0x0000000087400000|100%| O|  |TAMS 0x0000000087300000, 0x0000000087300000| Untracked 
| 116|0x0000000087400000, 0x0000000087500000, 0x0000000087500000|100%| O|  |TAMS 0x0000000087400000, 0x0000000087400000| Untracked 
| 117|0x0000000087500000, 0x0000000087600000, 0x0000000087600000|100%| O|  |TAMS 0x0000000087500000, 0x0000000087500000| Untracked 
| 118|0x0000000087600000, 0x0000000087700000, 0x0000000087700000|100%| O|  |TAMS 0x0000000087600000, 0x0000000087600000| Untracked 
| 119|0x0000000087700000, 0x0000000087800000, 0x0000000087800000|100%| O|  |TAMS 0x0000000087700000, 0x0000000087700000| Untracked 
| 120|0x0000000087800000, 0x0000000087889200, 0x0000000087900000| 53%| O|  |TAMS 0x0000000087800000, 0x0000000087800000| Untracked 
| 121|0x0000000087900000, 0x0000000087900000, 0x0000000087a00000|  0%| F|  |TAMS 0x0000000087900000, 0x0000000087900000| Untracked 
| 122|0x0000000087a00000, 0x0000000087a00000, 0x0000000087b00000|  0%| F|  |TAMS 0x0000000087a00000, 0x0000000087a00000| Untracked 
| 123|0x0000000087b00000, 0x0000000087b00000, 0x0000000087c00000|  0%| F|  |TAMS 0x0000000087b00000, 0x0000000087b00000| Untracked 
| 124|0x0000000087c00000, 0x0000000087c00000, 0x0000000087d00000|  0%| F|  |TAMS 0x0000000087c00000, 0x0000000087c00000| Untracked 
| 125|0x0000000087d00000, 0x0000000087d00000, 0x0000000087e00000|  0%| F|  |TAMS 0x0000000087d00000, 0x0000000087d00000| Untracked 
| 126|0x0000000087e00000, 0x0000000087e00000, 0x0000000087f00000|  0%| F|  |TAMS 0x0000000087e00000, 0x0000000087e00000| Untracked 
| 127|0x0000000087f00000, 0x0000000087f00000, 0x0000000088000000|  0%| F|  |TAMS 0x0000000087f00000, 0x0000000087f00000| Untracked 
| 128|0x0000000088000000, 0x0000000088000000, 0x0000000088100000|  0%| F|  |TAMS 0x0000000088000000, 0x0000000088000000| Untracked 
| 129|0x0000000088100000, 0x0000000088100000, 0x0000000088200000|  0%| F|  |TAMS 0x0000000088100000, 0x0000000088100000| Untracked 
| 130|0x0000000088200000, 0x0000000088200000, 0x0000000088300000|  0%| F|  |TAMS 0x0000000088200000, 0x0000000088200000| Untracked 
| 131|0x0000000088300000, 0x0000000088300000, 0x0000000088400000|  0%| F|  |TAMS 0x0000000088300000, 0x0000000088300000| Untracked 
| 132|0x0000000088400000, 0x0000000088400000, 0x0000000088500000|  0%| F|  |TAMS 0x0000000088400000, 0x0000000088400000| Untracked 
| 133|0x0000000088500000, 0x0000000088500000, 0x0000000088600000|  0%| F|  |TAMS 0x0000000088500000, 0x0000000088500000| Untracked 
| 134|0x0000000088600000, 0x0000000088600000, 0x0000000088700000|  0%| F|  |TAMS 0x0000000088600000, 0x0000000088600000| Untracked 
| 135|0x0000000088700000, 0x0000000088800000, 0x0000000088800000|100%| S|CS|TAMS 0x0000000088700000, 0x0000000088700000| Complete 
| 136|0x0000000088800000, 0x0000000088900000, 0x0000000088900000|100%| S|CS|TAMS 0x0000000088800000, 0x0000000088800000| Complete 
| 137|0x0000000088900000, 0x0000000088a00000, 0x0000000088a00000|100%| S|CS|TAMS 0x0000000088900000, 0x0000000088900000| Complete 
| 138|0x0000000088a00000, 0x0000000088b00000, 0x0000000088b00000|100%| S|CS|TAMS 0x0000000088a00000, 0x0000000088a00000| Complete 
| 139|0x0000000088b00000, 0x0000000088c00000, 0x0000000088c00000|100%| S|CS|TAMS 0x0000000088b00000, 0x0000000088b00000| Complete 
| 140|0x0000000088c00000, 0x0000000088d00000, 0x0000000088d00000|100%| S|CS|TAMS 0x0000000088c00000, 0x0000000088c00000| Complete 
| 141|0x0000000088d00000, 0x0000000088d00000, 0x0000000088e00000|  0%| F|  |TAMS 0x0000000088d00000, 0x0000000088d00000| Untracked 
| 142|0x0000000088e00000, 0x0000000088e00000, 0x0000000088f00000|  0%| F|  |TAMS 0x0000000088e00000, 0x0000000088e00000| Untracked 
| 143|0x0000000088f00000, 0x0000000088f00000, 0x0000000089000000|  0%| F|  |TAMS 0x0000000088f00000, 0x0000000088f00000| Untracked 
| 144|0x0000000089000000, 0x0000000089000000, 0x0000000089100000|  0%| F|  |TAMS 0x0000000089000000, 0x0000000089000000| Untracked 
| 145|0x0000000089100000, 0x0000000089100000, 0x0000000089200000|  0%| F|  |TAMS 0x0000000089100000, 0x0000000089100000| Untracked 
| 146|0x0000000089200000, 0x0000000089200000, 0x0000000089300000|  0%| F|  |TAMS 0x0000000089200000, 0x0000000089200000| Untracked 
| 147|0x0000000089300000, 0x0000000089300000, 0x0000000089400000|  0%| F|  |TAMS 0x0000000089300000, 0x0000000089300000| Untracked 
| 148|0x0000000089400000, 0x0000000089400000, 0x0000000089500000|  0%| F|  |TAMS 0x0000000089400000, 0x0000000089400000| Untracked 
| 149|0x0000000089500000, 0x0000000089500000, 0x0000000089600000|  0%| F|  |TAMS 0x0000000089500000, 0x0000000089500000| Untracked 
| 150|0x0000000089600000, 0x0000000089700000, 0x0000000089700000|100%| S|CS|TAMS 0x0000000089600000, 0x0000000089600000| Complete 
| 151|0x0000000089700000, 0x0000000089800000, 0x0000000089800000|100%| S|CS|TAMS 0x0000000089700000, 0x0000000089700000| Complete 
| 152|0x0000000089800000, 0x0000000089900000, 0x0000000089900000|100%| S|CS|TAMS 0x0000000089800000, 0x0000000089800000| Complete 
| 153|0x0000000089900000, 0x0000000089a00000, 0x0000000089a00000|100%| S|CS|TAMS 0x0000000089900000, 0x0000000089900000| Complete 
| 154|0x0000000089a00000, 0x0000000089b00000, 0x0000000089b00000|100%| S|CS|TAMS 0x0000000089a00000, 0x0000000089a00000| Complete 
| 155|0x0000000089b00000, 0x0000000089c00000, 0x0000000089c00000|100%| S|CS|TAMS 0x0000000089b00000, 0x0000000089b00000| Complete 
| 156|0x0000000089c00000, 0x0000000089c00000, 0x0000000089d00000|  0%| F|  |TAMS 0x0000000089c00000, 0x0000000089c00000| Untracked 
| 157|0x0000000089d00000, 0x0000000089d00000, 0x0000000089e00000|  0%| F|  |TAMS 0x0000000089d00000, 0x0000000089d00000| Untracked 
| 158|0x0000000089e00000, 0x0000000089e00000, 0x0000000089f00000|  0%| F|  |TAMS 0x0000000089e00000, 0x0000000089e00000| Untracked 
| 159|0x0000000089f00000, 0x000000008a000000, 0x000000008a000000|100%| S|CS|TAMS 0x0000000089f00000, 0x0000000089f00000| Complete 
| 160|0x000000008a000000, 0x000000008a100000, 0x000000008a100000|100%| S|CS|TAMS 0x000000008a000000, 0x000000008a000000| Complete 
| 161|0x000000008a100000, 0x000000008a200000, 0x000000008a200000|100%| S|CS|TAMS 0x000000008a100000, 0x000000008a100000| Complete 
| 162|0x000000008a200000, 0x000000008a300000, 0x000000008a300000|100%| S|CS|TAMS 0x000000008a200000, 0x000000008a200000| Complete 
| 163|0x000000008a300000, 0x000000008a400000, 0x000000008a400000|100%| S|CS|TAMS 0x000000008a300000, 0x000000008a300000| Complete 
| 164|0x000000008a400000, 0x000000008a500000, 0x000000008a500000|100%| S|CS|TAMS 0x000000008a400000, 0x000000008a400000| Complete 
| 165|0x000000008a500000, 0x000000008a600000, 0x000000008a600000|100%| S|CS|TAMS 0x000000008a500000, 0x000000008a500000| Complete 
| 166|0x000000008a600000, 0x000000008a700000, 0x000000008a700000|100%| S|CS|TAMS 0x000000008a600000, 0x000000008a600000| Complete 
| 167|0x000000008a700000, 0x000000008a800000, 0x000000008a800000|100%| S|CS|TAMS 0x000000008a700000, 0x000000008a700000| Complete 
| 168|0x000000008a800000, 0x000000008a800000, 0x000000008a900000|  0%| F|  |TAMS 0x000000008a800000, 0x000000008a800000| Untracked 
| 169|0x000000008a900000, 0x000000008a900000, 0x000000008aa00000|  0%| F|  |TAMS 0x000000008a900000, 0x000000008a900000| Untracked 
| 170|0x000000008aa00000, 0x000000008aa00000, 0x000000008ab00000|  0%| F|  |TAMS 0x000000008aa00000, 0x000000008aa00000| Untracked 
| 171|0x000000008ab00000, 0x000000008ab00000, 0x000000008ac00000|  0%| F|  |TAMS 0x000000008ab00000, 0x000000008ab00000| Untracked 
| 172|0x000000008ac00000, 0x000000008ac00000, 0x000000008ad00000|  0%| F|  |TAMS 0x000000008ac00000, 0x000000008ac00000| Untracked 
| 173|0x000000008ad00000, 0x000000008ad00000, 0x000000008ae00000|  0%| F|  |TAMS 0x000000008ad00000, 0x000000008ad00000| Untracked 
| 174|0x000000008ae00000, 0x000000008ae00000, 0x000000008af00000|  0%| F|  |TAMS 0x000000008ae00000, 0x000000008ae00000| Untracked 
| 175|0x000000008af00000, 0x000000008af00000, 0x000000008b000000|  0%| F|  |TAMS 0x000000008af00000, 0x000000008af00000| Untracked 
| 176|0x000000008b000000, 0x000000008b000000, 0x000000008b100000|  0%| F|  |TAMS 0x000000008b000000, 0x000000008b000000| Untracked 
| 177|0x000000008b100000, 0x000000008b100000, 0x000000008b200000|  0%| F|  |TAMS 0x000000008b100000, 0x000000008b100000| Untracked 
| 178|0x000000008b200000, 0x000000008b200000, 0x000000008b300000|  0%| F|  |TAMS 0x000000008b200000, 0x000000008b200000| Untracked 
| 179|0x000000008b300000, 0x000000008b300000, 0x000000008b400000|  0%| F|  |TAMS 0x000000008b300000, 0x000000008b300000| Untracked 
| 180|0x000000008b400000, 0x000000008b400000, 0x000000008b500000|  0%| F|  |TAMS 0x000000008b400000, 0x000000008b400000| Untracked 
| 181|0x000000008b500000, 0x000000008b500000, 0x000000008b600000|  0%| F|  |TAMS 0x000000008b500000, 0x000000008b500000| Untracked 
| 182|0x000000008b600000, 0x000000008b600000, 0x000000008b700000|  0%| F|  |TAMS 0x000000008b600000, 0x000000008b600000| Untracked 
| 183|0x000000008b700000, 0x000000008b700000, 0x000000008b800000|  0%| F|  |TAMS 0x000000008b700000, 0x000000008b700000| Untracked 
| 184|0x000000008b800000, 0x000000008b800000, 0x000000008b900000|  0%| F|  |TAMS 0x000000008b800000, 0x000000008b800000| Untracked 
| 185|0x000000008b900000, 0x000000008b900000, 0x000000008ba00000|  0%| F|  |TAMS 0x000000008b900000, 0x000000008b900000| Untracked 
| 186|0x000000008ba00000, 0x000000008ba00000, 0x000000008bb00000|  0%| F|  |TAMS 0x000000008ba00000, 0x000000008ba00000| Untracked 
| 187|0x000000008bb00000, 0x000000008bb00000, 0x000000008bc00000|  0%| F|  |TAMS 0x000000008bb00000, 0x000000008bb00000| Untracked 
| 188|0x000000008bc00000, 0x000000008bc00000, 0x000000008bd00000|  0%| F|  |TAMS 0x000000008bc00000, 0x000000008bc00000| Untracked 
| 189|0x000000008bd00000, 0x000000008bd00000, 0x000000008be00000|  0%| F|  |TAMS 0x000000008bd00000, 0x000000008bd00000| Untracked 
| 190|0x000000008be00000, 0x000000008be00000, 0x000000008bf00000|  0%| F|  |TAMS 0x000000008be00000, 0x000000008be00000| Untracked 
| 191|0x000000008bf00000, 0x000000008bf00000, 0x000000008c000000|  0%| F|  |TAMS 0x000000008bf00000, 0x000000008bf00000| Untracked 
| 192|0x000000008c000000, 0x000000008c000000, 0x000000008c100000|  0%| F|  |TAMS 0x000000008c000000, 0x000000008c000000| Untracked 
| 193|0x000000008c100000, 0x000000008c100000, 0x000000008c200000|  0%| F|  |TAMS 0x000000008c100000, 0x000000008c100000| Untracked 
| 194|0x000000008c200000, 0x000000008c200000, 0x000000008c300000|  0%| F|  |TAMS 0x000000008c200000, 0x000000008c200000| Untracked 
| 195|0x000000008c300000, 0x000000008c300000, 0x000000008c400000|  0%| F|  |TAMS 0x000000008c300000, 0x000000008c300000| Untracked 
| 196|0x000000008c400000, 0x000000008c400000, 0x000000008c500000|  0%| F|  |TAMS 0x000000008c400000, 0x000000008c400000| Untracked 
| 197|0x000000008c500000, 0x000000008c500000, 0x000000008c600000|  0%| F|  |TAMS 0x000000008c500000, 0x000000008c500000| Untracked 
| 198|0x000000008c600000, 0x000000008c600000, 0x000000008c700000|  0%| F|  |TAMS 0x000000008c600000, 0x000000008c600000| Untracked 
| 199|0x000000008c700000, 0x000000008c700000, 0x000000008c800000|  0%| F|  |TAMS 0x000000008c700000, 0x000000008c700000| Untracked 
| 200|0x000000008c800000, 0x000000008c800000, 0x000000008c900000|  0%| F|  |TAMS 0x000000008c800000, 0x000000008c800000| Untracked 
| 201|0x000000008c900000, 0x000000008c900000, 0x000000008ca00000|  0%| F|  |TAMS 0x000000008c900000, 0x000000008c900000| Untracked 
| 202|0x000000008ca00000, 0x000000008ca00000, 0x000000008cb00000|  0%| F|  |TAMS 0x000000008ca00000, 0x000000008ca00000| Untracked 
| 203|0x000000008cb00000, 0x000000008cb00000, 0x000000008cc00000|  0%| F|  |TAMS 0x000000008cb00000, 0x000000008cb00000| Untracked 
| 204|0x000000008cc00000, 0x000000008cc00000, 0x000000008cd00000|  0%| F|  |TAMS 0x000000008cc00000, 0x000000008cc00000| Untracked 
| 205|0x000000008cd00000, 0x000000008cd00000, 0x000000008ce00000|  0%| F|  |TAMS 0x000000008cd00000, 0x000000008cd00000| Untracked 
| 206|0x000000008ce00000, 0x000000008ce00000, 0x000000008cf00000|  0%| F|  |TAMS 0x000000008ce00000, 0x000000008ce00000| Untracked 
| 207|0x000000008cf00000, 0x000000008cf00000, 0x000000008d000000|  0%| F|  |TAMS 0x000000008cf00000, 0x000000008cf00000| Untracked 
| 208|0x000000008d000000, 0x000000008d000000, 0x000000008d100000|  0%| F|  |TAMS 0x000000008d000000, 0x000000008d000000| Untracked 
| 209|0x000000008d100000, 0x000000008d100000, 0x000000008d200000|  0%| F|  |TAMS 0x000000008d100000, 0x000000008d100000| Untracked 
| 210|0x000000008d200000, 0x000000008d200000, 0x000000008d300000|  0%| F|  |TAMS 0x000000008d200000, 0x000000008d200000| Untracked 
| 211|0x000000008d300000, 0x000000008d300000, 0x000000008d400000|  0%| F|  |TAMS 0x000000008d300000, 0x000000008d300000| Untracked 
| 212|0x000000008d400000, 0x000000008d400000, 0x000000008d500000|  0%| F|  |TAMS 0x000000008d400000, 0x000000008d400000| Untracked 
| 213|0x000000008d500000, 0x000000008d500000, 0x000000008d600000|  0%| F|  |TAMS 0x000000008d500000, 0x000000008d500000| Untracked 
| 214|0x000000008d600000, 0x000000008d600000, 0x000000008d700000|  0%| F|  |TAMS 0x000000008d600000, 0x000000008d600000| Untracked 
| 215|0x000000008d700000, 0x000000008d700000, 0x000000008d800000|  0%| F|  |TAMS 0x000000008d700000, 0x000000008d700000| Untracked 
| 216|0x000000008d800000, 0x000000008d800000, 0x000000008d900000|  0%| F|  |TAMS 0x000000008d800000, 0x000000008d800000| Untracked 
| 217|0x000000008d900000, 0x000000008d900000, 0x000000008da00000|  0%| F|  |TAMS 0x000000008d900000, 0x000000008d900000| Untracked 
| 218|0x000000008da00000, 0x000000008da00000, 0x000000008db00000|  0%| F|  |TAMS 0x000000008da00000, 0x000000008da00000| Untracked 
| 219|0x000000008db00000, 0x000000008db00000, 0x000000008dc00000|  0%| F|  |TAMS 0x000000008db00000, 0x000000008db00000| Untracked 
| 220|0x000000008dc00000, 0x000000008dc00000, 0x000000008dd00000|  0%| F|  |TAMS 0x000000008dc00000, 0x000000008dc00000| Untracked 
| 221|0x000000008dd00000, 0x000000008dd00000, 0x000000008de00000|  0%| F|  |TAMS 0x000000008dd00000, 0x000000008dd00000| Untracked 
| 222|0x000000008de00000, 0x000000008de00000, 0x000000008df00000|  0%| F|  |TAMS 0x000000008de00000, 0x000000008de00000| Untracked 
| 223|0x000000008df00000, 0x000000008df00000, 0x000000008e000000|  0%| F|  |TAMS 0x000000008df00000, 0x000000008df00000| Untracked 
| 224|0x000000008e000000, 0x000000008e000000, 0x000000008e100000|  0%| F|  |TAMS 0x000000008e000000, 0x000000008e000000| Untracked 
| 225|0x000000008e100000, 0x000000008e100000, 0x000000008e200000|  0%| F|  |TAMS 0x000000008e100000, 0x000000008e100000| Untracked 
| 226|0x000000008e200000, 0x000000008e200000, 0x000000008e300000|  0%| F|  |TAMS 0x000000008e200000, 0x000000008e200000| Untracked 
| 227|0x000000008e300000, 0x000000008e300000, 0x000000008e400000|  0%| F|  |TAMS 0x000000008e300000, 0x000000008e300000| Untracked 
| 228|0x000000008e400000, 0x000000008e400000, 0x000000008e500000|  0%| F|  |TAMS 0x000000008e400000, 0x000000008e400000| Untracked 
| 229|0x000000008e500000, 0x000000008e500000, 0x000000008e600000|  0%| F|  |TAMS 0x000000008e500000, 0x000000008e500000| Untracked 
| 230|0x000000008e600000, 0x000000008e600000, 0x000000008e700000|  0%| F|  |TAMS 0x000000008e600000, 0x000000008e600000| Untracked 
| 231|0x000000008e700000, 0x000000008e700000, 0x000000008e800000|  0%| F|  |TAMS 0x000000008e700000, 0x000000008e700000| Untracked 
| 232|0x000000008e800000, 0x000000008e800000, 0x000000008e900000|  0%| F|  |TAMS 0x000000008e800000, 0x000000008e800000| Untracked 
| 233|0x000000008e900000, 0x000000008e900000, 0x000000008ea00000|  0%| F|  |TAMS 0x000000008e900000, 0x000000008e900000| Untracked 
| 234|0x000000008ea00000, 0x000000008ea00000, 0x000000008eb00000|  0%| F|  |TAMS 0x000000008ea00000, 0x000000008ea00000| Untracked 
| 235|0x000000008eb00000, 0x000000008eb00000, 0x000000008ec00000|  0%| F|  |TAMS 0x000000008eb00000, 0x000000008eb00000| Untracked 
| 236|0x000000008ec00000, 0x000000008ec00000, 0x000000008ed00000|  0%| F|  |TAMS 0x000000008ec00000, 0x000000008ec00000| Untracked 
| 237|0x000000008ed00000, 0x000000008ed00000, 0x000000008ee00000|  0%| F|  |TAMS 0x000000008ed00000, 0x000000008ed00000| Untracked 
| 238|0x000000008ee00000, 0x000000008ee00000, 0x000000008ef00000|  0%| F|  |TAMS 0x000000008ee00000, 0x000000008ee00000| Untracked 
| 239|0x000000008ef00000, 0x000000008ef00000, 0x000000008f000000|  0%| F|  |TAMS 0x000000008ef00000, 0x000000008ef00000| Untracked 
| 240|0x000000008f000000, 0x000000008f000000, 0x000000008f100000|  0%| F|  |TAMS 0x000000008f000000, 0x000000008f000000| Untracked 
| 241|0x000000008f100000, 0x000000008f100000, 0x000000008f200000|  0%| F|  |TAMS 0x000000008f100000, 0x000000008f100000| Untracked 
| 242|0x000000008f200000, 0x000000008f200000, 0x000000008f300000|  0%| F|  |TAMS 0x000000008f200000, 0x000000008f200000| Untracked 
| 243|0x000000008f300000, 0x000000008f300000, 0x000000008f400000|  0%| F|  |TAMS 0x000000008f300000, 0x000000008f300000| Untracked 
| 244|0x000000008f400000, 0x000000008f400000, 0x000000008f500000|  0%| F|  |TAMS 0x000000008f400000, 0x000000008f400000| Untracked 
| 245|0x000000008f500000, 0x000000008f500000, 0x000000008f600000|  0%| F|  |TAMS 0x000000008f500000, 0x000000008f500000| Untracked 
| 246|0x000000008f600000, 0x000000008f600000, 0x000000008f700000|  0%| F|  |TAMS 0x000000008f600000, 0x000000008f600000| Untracked 
| 247|0x000000008f700000, 0x000000008f700000, 0x000000008f800000|  0%| F|  |TAMS 0x000000008f700000, 0x000000008f700000| Untracked 
| 248|0x000000008f800000, 0x000000008f800000, 0x000000008f900000|  0%| F|  |TAMS 0x000000008f800000, 0x000000008f800000| Untracked 
| 249|0x000000008f900000, 0x000000008f900000, 0x000000008fa00000|  0%| F|  |TAMS 0x000000008f900000, 0x000000008f900000| Untracked 
| 250|0x000000008fa00000, 0x000000008fa00000, 0x000000008fb00000|  0%| F|  |TAMS 0x000000008fa00000, 0x000000008fa00000| Untracked 
| 251|0x000000008fb00000, 0x000000008fb00000, 0x000000008fc00000|  0%| F|  |TAMS 0x000000008fb00000, 0x000000008fb00000| Untracked 
| 252|0x000000008fc00000, 0x000000008fc00000, 0x000000008fd00000|  0%| F|  |TAMS 0x000000008fc00000, 0x000000008fc00000| Untracked 
| 253|0x000000008fd00000, 0x000000008fd00000, 0x000000008fe00000|  0%| F|  |TAMS 0x000000008fd00000, 0x000000008fd00000| Untracked 
| 254|0x000000008fe00000, 0x000000008fe00000, 0x000000008ff00000|  0%| F|  |TAMS 0x000000008fe00000, 0x000000008fe00000| Untracked 
| 255|0x000000008ff00000, 0x000000008ff00000, 0x0000000090000000|  0%| F|  |TAMS 0x000000008ff00000, 0x000000008ff00000| Untracked 
| 256|0x0000000090000000, 0x0000000090000000, 0x0000000090100000|  0%| F|  |TAMS 0x0000000090000000, 0x0000000090000000| Untracked 
| 257|0x0000000090100000, 0x0000000090100000, 0x0000000090200000|  0%| F|  |TAMS 0x0000000090100000, 0x0000000090100000| Untracked 
| 258|0x0000000090200000, 0x0000000090200000, 0x0000000090300000|  0%| F|  |TAMS 0x0000000090200000, 0x0000000090200000| Untracked 
| 259|0x0000000090300000, 0x0000000090300000, 0x0000000090400000|  0%| F|  |TAMS 0x0000000090300000, 0x0000000090300000| Untracked 
| 260|0x0000000090400000, 0x0000000090400000, 0x0000000090500000|  0%| F|  |TAMS 0x0000000090400000, 0x0000000090400000| Untracked 
| 261|0x0000000090500000, 0x0000000090500000, 0x0000000090600000|  0%| F|  |TAMS 0x0000000090500000, 0x0000000090500000| Untracked 
| 262|0x0000000090600000, 0x0000000090600000, 0x0000000090700000|  0%| F|  |TAMS 0x0000000090600000, 0x0000000090600000| Untracked 
| 263|0x0000000090700000, 0x0000000090700000, 0x0000000090800000|  0%| F|  |TAMS 0x0000000090700000, 0x0000000090700000| Untracked 
| 264|0x0000000090800000, 0x0000000090800000, 0x0000000090900000|  0%| F|  |TAMS 0x0000000090800000, 0x0000000090800000| Untracked 
| 265|0x0000000090900000, 0x0000000090900000, 0x0000000090a00000|  0%| F|  |TAMS 0x0000000090900000, 0x0000000090900000| Untracked 
| 266|0x0000000090a00000, 0x0000000090a00000, 0x0000000090b00000|  0%| F|  |TAMS 0x0000000090a00000, 0x0000000090a00000| Untracked 
| 267|0x0000000090b00000, 0x0000000090b00000, 0x0000000090c00000|  0%| F|  |TAMS 0x0000000090b00000, 0x0000000090b00000| Untracked 
| 268|0x0000000090c00000, 0x0000000090c00000, 0x0000000090d00000|  0%| F|  |TAMS 0x0000000090c00000, 0x0000000090c00000| Untracked 
| 269|0x0000000090d00000, 0x0000000090d00000, 0x0000000090e00000|  0%| F|  |TAMS 0x0000000090d00000, 0x0000000090d00000| Untracked 
| 270|0x0000000090e00000, 0x0000000090e00000, 0x0000000090f00000|  0%| F|  |TAMS 0x0000000090e00000, 0x0000000090e00000| Untracked 
| 271|0x0000000090f00000, 0x0000000090f00000, 0x0000000091000000|  0%| F|  |TAMS 0x0000000090f00000, 0x0000000090f00000| Untracked 
| 272|0x0000000091000000, 0x0000000091000000, 0x0000000091100000|  0%| F|  |TAMS 0x0000000091000000, 0x0000000091000000| Untracked 
| 273|0x0000000091100000, 0x0000000091100000, 0x0000000091200000|  0%| F|  |TAMS 0x0000000091100000, 0x0000000091100000| Untracked 
| 274|0x0000000091200000, 0x0000000091200000, 0x0000000091300000|  0%| F|  |TAMS 0x0000000091200000, 0x0000000091200000| Untracked 
| 275|0x0000000091300000, 0x0000000091300000, 0x0000000091400000|  0%| F|  |TAMS 0x0000000091300000, 0x0000000091300000| Untracked 
| 276|0x0000000091400000, 0x0000000091400000, 0x0000000091500000|  0%| F|  |TAMS 0x0000000091400000, 0x0000000091400000| Untracked 
| 277|0x0000000091500000, 0x0000000091500000, 0x0000000091600000|  0%| F|  |TAMS 0x0000000091500000, 0x0000000091500000| Untracked 
| 278|0x0000000091600000, 0x0000000091600000, 0x0000000091700000|  0%| F|  |TAMS 0x0000000091600000, 0x0000000091600000| Untracked 
| 279|0x0000000091700000, 0x0000000091700000, 0x0000000091800000|  0%| F|  |TAMS 0x0000000091700000, 0x0000000091700000| Untracked 
| 280|0x0000000091800000, 0x0000000091800000, 0x0000000091900000|  0%| F|  |TAMS 0x0000000091800000, 0x0000000091800000| Untracked 
| 281|0x0000000091900000, 0x0000000091900000, 0x0000000091a00000|  0%| F|  |TAMS 0x0000000091900000, 0x0000000091900000| Untracked 
| 282|0x0000000091a00000, 0x0000000091a00000, 0x0000000091b00000|  0%| F|  |TAMS 0x0000000091a00000, 0x0000000091a00000| Untracked 
| 283|0x0000000091b00000, 0x0000000091b00000, 0x0000000091c00000|  0%| F|  |TAMS 0x0000000091b00000, 0x0000000091b00000| Untracked 
| 284|0x0000000091c00000, 0x0000000091c00000, 0x0000000091d00000|  0%| F|  |TAMS 0x0000000091c00000, 0x0000000091c00000| Untracked 
| 285|0x0000000091d00000, 0x0000000091d00000, 0x0000000091e00000|  0%| F|  |TAMS 0x0000000091d00000, 0x0000000091d00000| Untracked 
| 286|0x0000000091e00000, 0x0000000091e00000, 0x0000000091f00000|  0%| F|  |TAMS 0x0000000091e00000, 0x0000000091e00000| Untracked 
| 287|0x0000000091f00000, 0x0000000091f00000, 0x0000000092000000|  0%| F|  |TAMS 0x0000000091f00000, 0x0000000091f00000| Untracked 
| 288|0x0000000092000000, 0x0000000092000000, 0x0000000092100000|  0%| F|  |TAMS 0x0000000092000000, 0x0000000092000000| Untracked 
| 289|0x0000000092100000, 0x0000000092100000, 0x0000000092200000|  0%| F|  |TAMS 0x0000000092100000, 0x0000000092100000| Untracked 
| 290|0x0000000092200000, 0x0000000092200000, 0x0000000092300000|  0%| F|  |TAMS 0x0000000092200000, 0x0000000092200000| Untracked 
| 291|0x0000000092300000, 0x0000000092300000, 0x0000000092400000|  0%| F|  |TAMS 0x0000000092300000, 0x0000000092300000| Untracked 
| 292|0x0000000092400000, 0x0000000092400000, 0x0000000092500000|  0%| F|  |TAMS 0x0000000092400000, 0x0000000092400000| Untracked 
| 293|0x0000000092500000, 0x0000000092500000, 0x0000000092600000|  0%| F|  |TAMS 0x0000000092500000, 0x0000000092500000| Untracked 
| 294|0x0000000092600000, 0x0000000092600000, 0x0000000092700000|  0%| F|  |TAMS 0x0000000092600000, 0x0000000092600000| Untracked 
| 295|0x0000000092700000, 0x0000000092700000, 0x0000000092800000|  0%| F|  |TAMS 0x0000000092700000, 0x0000000092700000| Untracked 
| 296|0x0000000092800000, 0x0000000092800000, 0x0000000092900000|  0%| F|  |TAMS 0x0000000092800000, 0x0000000092800000| Untracked 
| 297|0x0000000092900000, 0x0000000092900000, 0x0000000092a00000|  0%| F|  |TAMS 0x0000000092900000, 0x0000000092900000| Untracked 
| 298|0x0000000092a00000, 0x0000000092a00000, 0x0000000092b00000|  0%| F|  |TAMS 0x0000000092a00000, 0x0000000092a00000| Untracked 
| 299|0x0000000092b00000, 0x0000000092b00000, 0x0000000092c00000|  0%| F|  |TAMS 0x0000000092b00000, 0x0000000092b00000| Untracked 
| 300|0x0000000092c00000, 0x0000000092c00000, 0x0000000092d00000|  0%| F|  |TAMS 0x0000000092c00000, 0x0000000092c00000| Untracked 
| 301|0x0000000092d00000, 0x0000000092d00000, 0x0000000092e00000|  0%| F|  |TAMS 0x0000000092d00000, 0x0000000092d00000| Untracked 
| 302|0x0000000092e00000, 0x0000000092e00000, 0x0000000092f00000|  0%| F|  |TAMS 0x0000000092e00000, 0x0000000092e00000| Untracked 
| 303|0x0000000092f00000, 0x0000000092f00000, 0x0000000093000000|  0%| F|  |TAMS 0x0000000092f00000, 0x0000000092f00000| Untracked 
| 304|0x0000000093000000, 0x0000000093000000, 0x0000000093100000|  0%| F|  |TAMS 0x0000000093000000, 0x0000000093000000| Untracked 
| 305|0x0000000093100000, 0x0000000093100000, 0x0000000093200000|  0%| F|  |TAMS 0x0000000093100000, 0x0000000093100000| Untracked 
| 306|0x0000000093200000, 0x0000000093200000, 0x0000000093300000|  0%| F|  |TAMS 0x0000000093200000, 0x0000000093200000| Untracked 
| 307|0x0000000093300000, 0x0000000093300000, 0x0000000093400000|  0%| F|  |TAMS 0x0000000093300000, 0x0000000093300000| Untracked 
| 308|0x0000000093400000, 0x0000000093400000, 0x0000000093500000|  0%| F|  |TAMS 0x0000000093400000, 0x0000000093400000| Untracked 
| 309|0x0000000093500000, 0x0000000093600000, 0x0000000093600000|100%| E|  |TAMS 0x0000000093500000, 0x0000000093500000| Complete 
| 310|0x0000000093600000, 0x0000000093700000, 0x0000000093700000|100%| E|CS|TAMS 0x0000000093600000, 0x0000000093600000| Complete 
| 311|0x0000000093700000, 0x0000000093800000, 0x0000000093800000|100%| E|CS|TAMS 0x0000000093700000, 0x0000000093700000| Complete 
| 312|0x0000000093800000, 0x0000000093900000, 0x0000000093900000|100%| E|CS|TAMS 0x0000000093800000, 0x0000000093800000| Complete 
| 313|0x0000000093900000, 0x0000000093a00000, 0x0000000093a00000|100%| E|CS|TAMS 0x0000000093900000, 0x0000000093900000| Complete 
| 314|0x0000000093a00000, 0x0000000093b00000, 0x0000000093b00000|100%| E|CS|TAMS 0x0000000093a00000, 0x0000000093a00000| Complete 
| 315|0x0000000093b00000, 0x0000000093c00000, 0x0000000093c00000|100%| E|CS|TAMS 0x0000000093b00000, 0x0000000093b00000| Complete 
| 316|0x0000000093c00000, 0x0000000093d00000, 0x0000000093d00000|100%| E|CS|TAMS 0x0000000093c00000, 0x0000000093c00000| Complete 
| 317|0x0000000093d00000, 0x0000000093e00000, 0x0000000093e00000|100%| E|CS|TAMS 0x0000000093d00000, 0x0000000093d00000| Complete 
| 318|0x0000000093e00000, 0x0000000093f00000, 0x0000000093f00000|100%| E|CS|TAMS 0x0000000093e00000, 0x0000000093e00000| Complete 
| 319|0x0000000093f00000, 0x0000000094000000, 0x0000000094000000|100%| E|CS|TAMS 0x0000000093f00000, 0x0000000093f00000| Complete 
| 320|0x0000000094000000, 0x0000000094100000, 0x0000000094100000|100%| E|CS|TAMS 0x0000000094000000, 0x0000000094000000| Complete 

Card table byte_map: [0x000002ba77850000,0x000002ba77c50000] _byte_map_base: 0x000002ba77450000

Marking Bits (Prev, Next): (CMBitMap*) 0x000002ba62b724e0, (CMBitMap*) 0x000002ba62b724a8
 Prev Bits: [0x000002ba7a050000, 0x000002ba7c050000)
 Next Bits: [0x000002ba78050000, 0x000002ba7a050000)

Polling page: 0x000002ba67e00000

Metaspace:

Usage:
  Non-class:    105.09 MB capacity,   102.97 MB ( 98%) used,     1.71 MB (  2%) free+waste,   424.25 KB ( <1%) overhead. 
      Class:     15.72 MB capacity,    14.45 MB ( 92%) used,     1.09 MB (  7%) free+waste,   182.69 KB (  1%) overhead. 
       Both:    120.81 MB capacity,   117.42 MB ( 97%) used,     2.80 MB (  2%) free+waste,   606.94 KB ( <1%) overhead. 

Virtual space:
  Non-class space:      106.00 MB reserved,     105.30 MB (>99%) committed 
      Class space:        1.00 GB reserved,      15.78 MB (  2%) committed 
             Both:        1.10 GB reserved,     121.08 MB ( 11%) committed 

Chunk freelists:
   Non-Class:  21.00 KB
       Class:  0 bytes
        Both:  21.00 KB

MaxMetaspaceSize: 17179869184.00 GB
CompressedClassSpaceSize: 1.00 GB
Initial GC threshold: 20.80 MB
Current GC threshold: 178.89 MB
CDS: off

CodeHeap 'non-profiled nmethods': size=120064Kb used=12412Kb max_used=12412Kb free=107651Kb
 bounds [0x000002ba6f8e0000, 0x000002ba70500000, 0x000002ba76e20000]
CodeHeap 'profiled nmethods': size=120000Kb used=50128Kb max_used=50128Kb free=69871Kb
 bounds [0x000002ba683b0000, 0x000002ba6b4b0000, 0x000002ba6f8e0000]
CodeHeap 'non-nmethods': size=5696Kb used=2446Kb max_used=2511Kb free=3249Kb
 bounds [0x000002ba67e20000, 0x000002ba680b0000, 0x000002ba683b0000]
 total_blobs=22546 nmethods=21573 adapters=882
 compilation: enabled
              stopped_count=0, restarted_count=0
 full_count=0

Compilation events (20 events):
Event: 2096.840 Thread 0x000002ba7f9a7800 nmethod 23056 0x000002ba704f8490 code [0x000002ba704f8780, 0x000002ba704fa9e8]
Event: 2096.841 Thread 0x000002ba7f9a7800 23043       4       com.android.tools.r8.graph.G0::a (106 bytes)
Event: 2096.844 Thread 0x000002ba7e6ca800 23101       2       org.gradle.internal.resources.DefaultResourceLockCoordinationService$ReleaseLocks::transform (42 bytes)
Event: 2096.844 Thread 0x000002ba7e6ca800 nmethod 23101 0x000002ba6b4a2e90 code [0x000002ba6b4a3080, 0x000002ba6b4a32d8]
Event: 2096.846 Thread 0x000002ba7e6ca800 23103       2       com.android.tools.r8.internal.Xv::a (16 bytes)
Event: 2096.846 Thread 0x000002ba7e6ca800 nmethod 23103 0x000002ba6b4a3410 code [0x000002ba6b4a35c0, 0x000002ba6b4a3718]
Event: 2096.864 Thread 0x000002ba7e6ca800 23109       2       org.gradle.cache.internal.btree.BTreePersistentIndexedCache$IndexBlock::read (94 bytes)
Event: 2096.865 Thread 0x000002ba7e6ca800 nmethod 23109 0x000002ba6b4a3810 code [0x000002ba6b4a3a40, 0x000002ba6b4a3e78]
Event: 2096.901 Thread 0x000002ba7f9a7800 nmethod 23043 0x000002ba704fbc10 code [0x000002ba704fbf00, 0x000002ba704fdab0]
Event: 2096.901 Thread 0x000002ba7f9a7800 23137       4       com.android.tools.r8.internal.X4::a (1165 bytes)
Event: 2096.909 Thread 0x000002ba7e6ca800 23149       2       com.android.tools.r8.internal.f7$$Lambda$1191/0x0000000100c9e040::get$Lambda (9 bytes)
Event: 2096.909 Thread 0x000002ba7e6ca800 nmethod 23149 0x000002ba6b4a4110 code [0x000002ba6b4a42c0, 0x000002ba6b4a4438]
Event: 2096.909 Thread 0x000002ba7e6ca800 23150       2       com.android.tools.r8.internal.f7$$Lambda$1191/0x0000000100c9e040::<init> (10 bytes)
Event: 2096.909 Thread 0x000002ba7e6ca800 nmethod 23150 0x000002ba6b4a4510 code [0x000002ba6b4a46c0, 0x000002ba6b4a47f8]
Event: 2097.152 Thread 0x000002ba7e6ca800 23177       2       com.android.tools.r8.internal.d4::a (29 bytes)
Event: 2097.153 Thread 0x000002ba7e6ca800 nmethod 23177 0x000002ba6b4a4890 code [0x000002ba6b4a4ac0, 0x000002ba6b4a4f28]
Event: 2097.213 Thread 0x000002ba7e6ca800 23188       1       org.gradle.cache.internal.btree.BTreePersistentIndexedCache$IndexBlock::getType (3 bytes)
Event: 2097.214 Thread 0x000002ba7e6ca800 nmethod 23188 0x000002ba704feb90 code [0x000002ba704fed40, 0x000002ba704fedf8]
Event: 2097.216 Thread 0x000002ba7e6ca800 23189       1       org.gradle.api.tasks.compile.JavaCompile_Decorated::getModelIdentityDisplayName (5 bytes)
Event: 2097.217 Thread 0x000002ba7e6ca800 nmethod 23189 0x000002ba704fee90 code [0x000002ba704ff040, 0x000002ba704ff0f8]

GC Heap History (20 events):
Event: 32.288 GC heap after
{Heap after GC invocations=40 (full 0):
 garbage-first heap   total 328704K, used 120475K [0x0000000080000000, 0x0000000100000000)
  region size 1024K, 8 young (8192K), 8 survivors (8192K)
 Metaspace       used 112261K, capacity 115257K, committed 115412K, reserved 1148928K
  class space    used 14107K, capacity 15255K, committed 15264K, reserved 1048576K
}
Event: 33.413 GC heap before
{Heap before GC invocations=40 (full 0):
 garbage-first heap   total 328704K, used 280219K [0x0000000080000000, 0x0000000100000000)
  region size 1024K, 165 young (168960K), 8 survivors (8192K)
 Metaspace       used 112451K, capacity 115433K, committed 115668K, reserved 1150976K
  class space    used 14113K, capacity 15262K, committed 15264K, reserved 1048576K
}
Event: 33.426 GC heap after
{Heap after GC invocations=41 (full 0):
 garbage-first heap   total 328704K, used 121365K [0x0000000080000000, 0x0000000100000000)
  region size 1024K, 9 young (9216K), 9 survivors (9216K)
 Metaspace       used 112451K, capacity 115433K, committed 115668K, reserved 1150976K
  class space    used 14113K, capacity 15262K, committed 15264K, reserved 1048576K
}
Event: 33.837 GC heap before
{Heap before GC invocations=41 (full 0):
 garbage-first heap   total 328704K, used 282133K [0x0000000080000000, 0x0000000100000000)
  region size 1024K, 166 young (169984K), 9 survivors (9216K)
 Metaspace       used 112460K, capacity 115498K, committed 115668K, reserved 1150976K
  class space    used 14113K, capacity 15262K, committed 15264K, reserved 1048576K
}
Event: 33.849 GC heap after
{Heap after GC invocations=42 (full 0):
 garbage-first heap   total 328704K, used 120720K [0x0000000080000000, 0x0000000100000000)
  region size 1024K, 8 young (8192K), 8 survivors (8192K)
 Metaspace       used 112460K, capacity 115498K, committed 115668K, reserved 1150976K
  class space    used 14113K, capacity 15262K, committed 15264K, reserved 1048576K
}
Event: 34.313 GC heap before
{Heap before GC invocations=42 (full 0):
 garbage-first heap   total 328704K, used 284560K [0x0000000080000000, 0x0000000100000000)
  region size 1024K, 168 young (172032K), 8 survivors (8192K)
 Metaspace       used 112481K, capacity 115511K, committed 115796K, reserved 1150976K
  class space    used 14116K, capacity 15267K, committed 15392K, reserved 1048576K
}
Event: 34.330 GC heap after
{Heap after GC invocations=43 (full 0):
 garbage-first heap   total 328704K, used 120672K [0x0000000080000000, 0x0000000100000000)
  region size 1024K, 8 young (8192K), 8 survivors (8192K)
 Metaspace       used 112481K, capacity 115511K, committed 115796K, reserved 1150976K
  class space    used 14116K, capacity 15267K, committed 15392K, reserved 1048576K
}
Event: 34.790 GC heap before
{Heap before GC invocations=43 (full 0):
 garbage-first heap   total 328704K, used 285536K [0x0000000080000000, 0x0000000100000000)
  region size 1024K, 169 young (173056K), 8 survivors (8192K)
 Metaspace       used 112494K, capacity 115516K, committed 115796K, reserved 1150976K
  class space    used 14117K, capacity 15268K, committed 15392K, reserved 1048576K
}
Event: 34.806 GC heap after
{Heap after GC invocations=44 (full 0):
 garbage-first heap   total 328704K, used 120987K [0x0000000080000000, 0x0000000100000000)
  region size 1024K, 8 young (8192K), 8 survivors (8192K)
 Metaspace       used 112494K, capacity 115516K, committed 115796K, reserved 1150976K
  class space    used 14117K, capacity 15268K, committed 15392K, reserved 1048576K
}
Event: 35.300 GC heap before
{Heap before GC invocations=44 (full 0):
 garbage-first heap   total 328704K, used 285851K [0x0000000080000000, 0x0000000100000000)
  region size 1024K, 169 young (173056K), 8 survivors (8192K)
 Metaspace       used 112499K, capacity 115516K, committed 115796K, reserved 1150976K
  class space    used 14117K, capacity 15268K, committed 15392K, reserved 1048576K
}
Event: 35.318 GC heap after
{Heap after GC invocations=45 (full 0):
 garbage-first heap   total 328704K, used 121376K [0x0000000080000000, 0x0000000100000000)
  region size 1024K, 9 young (9216K), 9 survivors (9216K)
 Metaspace       used 112499K, capacity 115516K, committed 115796K, reserved 1150976K
  class space    used 14117K, capacity 15268K, committed 15392K, reserved 1048576K
}
Event: 35.860 GC heap before
{Heap before GC invocations=45 (full 0):
 garbage-first heap   total 328704K, used 284192K [0x0000000080000000, 0x0000000100000000)
  region size 1024K, 168 young (172032K), 9 survivors (9216K)
 Metaspace       used 112501K, capacity 115516K, committed 115796K, reserved 1150976K
  class space    used 14117K, capacity 15268K, committed 15392K, reserved 1048576K
}
Event: 35.875 GC heap after
{Heap after GC invocations=46 (full 0):
 garbage-first heap   total 328704K, used 121381K [0x0000000080000000, 0x0000000100000000)
  region size 1024K, 9 young (9216K), 9 survivors (9216K)
 Metaspace       used 112501K, capacity 115516K, committed 115796K, reserved 1150976K
  class space    used 14117K, capacity 15268K, committed 15392K, reserved 1048576K
}
Event: 36.441 GC heap before
{Heap before GC invocations=46 (full 0):
 garbage-first heap   total 328704K, used 284197K [0x0000000080000000, 0x0000000100000000)
  region size 1024K, 168 young (172032K), 9 survivors (9216K)
 Metaspace       used 112508K, capacity 115520K, committed 115796K, reserved 1150976K
  class space    used 14117K, capacity 15269K, committed 15392K, reserved 1048576K
}
Event: 36.457 GC heap after
{Heap after GC invocations=47 (full 0):
 garbage-first heap   total 328704K, used 122011K [0x0000000080000000, 0x0000000100000000)
  region size 1024K, 9 young (9216K), 9 survivors (9216K)
 Metaspace       used 112508K, capacity 115520K, committed 115796K, reserved 1150976K
  class space    used 14117K, capacity 15269K, committed 15392K, reserved 1048576K
}
Event: 2042.549 GC heap before
{Heap before GC invocations=47 (full 0):
 garbage-first heap   total 328704K, used 308379K [0x0000000080000000, 0x0000000100000000)
  region size 1024K, 168 young (172032K), 9 survivors (9216K)
 Metaspace       used 115561K, capacity 118736K, committed 118996K, reserved 1153024K
  class space    used 14445K, capacity 15671K, committed 15776K, reserved 1048576K
}
Event: 2042.566 GC heap after
{Heap after GC invocations=48 (full 0):
 garbage-first heap   total 328704K, used 121413K [0x0000000080000000, 0x0000000100000000)
  region size 1024K, 9 young (9216K), 9 survivors (9216K)
 Metaspace       used 115561K, capacity 118736K, committed 118996K, reserved 1153024K
  class space    used 14445K, capacity 15671K, committed 15776K, reserved 1048576K
}
Event: 2095.683 GC heap before
{Heap before GC invocations=48 (full 0):
 garbage-first heap   total 328704K, used 292421K [0x0000000080000000, 0x0000000100000000)
  region size 1024K, 168 young (172032K), 9 survivors (9216K)
 Metaspace       used 120103K, capacity 123536K, committed 123732K, reserved 1157120K
  class space    used 14790K, capacity 16086K, committed 16160K, reserved 1048576K
}
Event: 2095.706 GC heap after
{Heap after GC invocations=49 (full 0):
 garbage-first heap   total 328704K, used 124949K [0x0000000080000000, 0x0000000100000000)
  region size 1024K, 12 young (12288K), 12 survivors (12288K)
 Metaspace       used 120103K, capacity 123536K, committed 123732K, reserved 1157120K
  class space    used 14790K, capacity 16086K, committed 16160K, reserved 1048576K
}
Event: 2097.217 GC heap before
{Heap before GC invocations=49 (full 0):
 garbage-first heap   total 328704K, used 281621K [0x0000000080000000, 0x0000000100000000)
  region size 1024K, 165 young (168960K), 12 survivors (12288K)
 Metaspace       used 120236K, capacity 123711K, committed 123988K, reserved 1157120K
  class space    used 14796K, capacity 16096K, committed 16160K, reserved 1048576K
}

Deoptimization events (20 events):
Event: 2096.828 Thread 0x000002ba01cf5000 DEOPT PACKING pc=0x000002ba698d5806 sp=0x000000bafa2fbbd0
Event: 2096.828 Thread 0x000002ba01cf5000 DEOPT UNPACKING pc=0x000002ba67e6a95e sp=0x000000bafa2fb360 mode 0
Event: 2096.842 Thread 0x000002ba01cf5000 Uncommon trap: trap_request=0xffffff76 fr.pc=0x000002ba7025833c relative=0x00000000000061bc
Event: 2096.842 Thread 0x000002ba01cf5000 Uncommon trap: reason=loop_limit_check action=maybe_recompile pc=0x000002ba7025833c method=com.android.tools.r8.graph.H.a(IILcom/android/tools/r8/internal/Gg;)V @ 299 c2
Event: 2096.842 Thread 0x000002ba01cf5000 DEOPT PACKING pc=0x000002ba7025833c sp=0x000000bafa2fbcc0
Event: 2096.842 Thread 0x000002ba01cf5000 DEOPT UNPACKING pc=0x000002ba67e6a1af sp=0x000000bafa2fbd10 mode 2
Event: 2096.869 Thread 0x000002ba01cf5000 DEOPT PACKING pc=0x000002ba69c81a8b sp=0x000000bafa2fbe90
Event: 2096.869 Thread 0x000002ba01cf5000 DEOPT UNPACKING pc=0x000002ba67e6a95e sp=0x000000bafa2fb730 mode 0
Event: 2096.890 Thread 0x000002ba01cf5000 DEOPT PACKING pc=0x000002ba69c0ffb8 sp=0x000000bafa2fbea0
Event: 2096.891 Thread 0x000002ba01cf5000 DEOPT UNPACKING pc=0x000002ba67e6a95e sp=0x000000bafa2fb458 mode 0
Event: 2097.030 Thread 0x000002ba01cf5000 DEOPT PACKING pc=0x000002ba69d01f5c sp=0x000000bafa2fb400
Event: 2097.030 Thread 0x000002ba01cf5000 DEOPT UNPACKING pc=0x000002ba67e6a95e sp=0x000000bafa2faa38 mode 0
Event: 2097.203 Thread 0x000002ba01cf5000 DEOPT PACKING pc=0x000002ba69ccdca4 sp=0x000000bafa2fbb60
Event: 2097.203 Thread 0x000002ba01cf5000 DEOPT UNPACKING pc=0x000002ba67e6a95e sp=0x000000bafa2fb1d8 mode 0
Event: 2097.212 Thread 0x000002ba05377000 Uncommon trap: trap_request=0xfffffff4 fr.pc=0x000002ba6fc4daec relative=0x000000000000088c
Event: 2097.212 Thread 0x000002ba05377000 Uncommon trap: reason=null_check action=make_not_entrant pc=0x000002ba6fc4daec method=java.lang.ThreadLocal$ThreadLocalMap.set(Ljava/lang/ThreadLocal;Ljava/lang/Object;)V @ 36 c2
Event: 2097.212 Thread 0x000002ba05377000 DEOPT PACKING pc=0x000002ba6fc4daec sp=0x000000baf7ffaf90
Event: 2097.212 Thread 0x000002ba05377000 DEOPT UNPACKING pc=0x000002ba67e6a1af sp=0x000000baf7ffaf50 mode 2
Event: 2097.216 Thread 0x000002ba01cf5000 DEOPT PACKING pc=0x000002ba69c0ffb8 sp=0x000000bafa2fbea0
Event: 2097.216 Thread 0x000002ba01cf5000 DEOPT UNPACKING pc=0x000002ba67e6a95e sp=0x000000bafa2fb458 mode 0

Classes redefined (0 events):
No events

Internal exceptions (20 events):
Event: 2087.681 Thread 0x000002ba05371800 Exception <a 'java/io/IOException'{0x000000008c4891a8}> (0x000000008c4891a8) thrown at [./src/hotspot/share/prims/jni.cpp, line 616]
Event: 2095.353 Thread 0x000002ba05377000 Exception <a 'sun/nio/fs/WindowsException'{0x000000008ace85a0}> (0x000000008ace85a0) thrown at [./src/hotspot/share/prims/jni.cpp, line 616]
Event: 2095.436 Thread 0x000002ba05377000 Exception <a 'java/lang/NoClassDefFoundError'{0x000000008a99c870}: org/jetbrains/kotlin/gradle/plugin/KotlinBasePluginWrapper> (0x000000008a99c870) thrown at [./src/hotspot/share/oops/constantPool.cpp, line 775]
Event: 2095.438 Thread 0x000002ba05377000 Implicit null exception at 0x000002ba704921d5 to 0x000002ba7049262c
Event: 2095.461 Thread 0x000002ba05377000 Exception <a 'sun/nio/fs/WindowsException'{0x000000008a86c4b0}> (0x000000008a86c4b0) thrown at [./src/hotspot/share/prims/jni.cpp, line 616]
Event: 2095.473 Thread 0x000002ba05377000 Exception <a 'sun/nio/fs/WindowsException'{0x000000008a708a18}> (0x000000008a708a18) thrown at [./src/hotspot/share/prims/jni.cpp, line 616]
Event: 2095.473 Thread 0x000002ba05377000 Exception <a 'sun/nio/fs/WindowsException'{0x000000008a709ae8}> (0x000000008a709ae8) thrown at [./src/hotspot/share/prims/jni.cpp, line 616]
Event: 2095.473 Thread 0x000002ba05377000 Exception <a 'sun/nio/fs/WindowsException'{0x000000008a70ac08}> (0x000000008a70ac08) thrown at [./src/hotspot/share/prims/jni.cpp, line 616]
Event: 2095.473 Thread 0x000002ba05377000 Exception <a 'sun/nio/fs/WindowsException'{0x000000008a70bd28}> (0x000000008a70bd28) thrown at [./src/hotspot/share/prims/jni.cpp, line 616]
Event: 2095.844 Thread 0x000002ba05377000 Implicit null exception at 0x000002ba702e760a to 0x000002ba702e7a48
Event: 2095.998 Thread 0x000002ba05377000 Exception <a 'sun/nio/fs/WindowsException'{0x00000000937239f8}> (0x00000000937239f8) thrown at [./src/hotspot/share/prims/jni.cpp, line 616]
Event: 2095.998 Thread 0x000002ba05377000 Exception <a 'sun/nio/fs/WindowsException'{0x0000000093725070}> (0x0000000093725070) thrown at [./src/hotspot/share/prims/jni.cpp, line 616]
Event: 2095.998 Thread 0x000002ba05377000 Exception <a 'sun/nio/fs/WindowsException'{0x00000000937253f8}> (0x00000000937253f8) thrown at [./src/hotspot/share/prims/jni.cpp, line 616]
Event: 2095.999 Thread 0x000002ba05377000 Exception <a 'sun/nio/fs/WindowsException'{0x0000000093726a58}> (0x0000000093726a58) thrown at [./src/hotspot/share/prims/jni.cpp, line 616]
Event: 2095.999 Thread 0x000002ba05377000 Exception <a 'sun/nio/fs/WindowsException'{0x0000000093726d20}> (0x0000000093726d20) thrown at [./src/hotspot/share/prims/jni.cpp, line 616]
Event: 2095.999 Thread 0x000002ba05377000 Exception <a 'sun/nio/fs/WindowsException'{0x0000000093728390}> (0x0000000093728390) thrown at [./src/hotspot/share/prims/jni.cpp, line 616]
Event: 2095.999 Thread 0x000002ba05377000 Exception <a 'sun/nio/fs/WindowsException'{0x00000000937285f8}> (0x00000000937285f8) thrown at [./src/hotspot/share/prims/jni.cpp, line 616]
Event: 2096.000 Thread 0x000002ba05377000 Exception <a 'sun/nio/fs/WindowsException'{0x0000000093729c38}> (0x0000000093729c38) thrown at [./src/hotspot/share/prims/jni.cpp, line 616]
Event: 2097.209 Thread 0x000002ba01cf9000 Exception <a 'java/io/IOException'{0x000000008ff4ea98}> (0x000000008ff4ea98) thrown at [./src/hotspot/share/prims/jni.cpp, line 616]
Event: 2097.212 Thread 0x000002ba05377000 Implicit null exception at 0x000002ba6fc4d302 to 0x000002ba6fc4dad3

Events (20 events):
Event: 2096.379 Thread 0x000002ba01cff800 Thread added: 0x000002ba01cff800
Event: 2096.483 Thread 0x000002ba01cfd800 Thread added: 0x000002ba01cfd800
Event: 2097.208 Executing VM operation: RevokeBias
Event: 2097.208 Executing VM operation: RevokeBias done
Event: 2097.208 Executing VM operation: RevokeBias
Event: 2097.208 Executing VM operation: RevokeBias done
Event: 2097.208 Executing VM operation: RevokeBias
Event: 2097.208 Executing VM operation: RevokeBias done
Event: 2097.208 Thread 0x000002ba01cfb800 Thread exited: 0x000002ba01cfb800
Event: 2097.209 Executing VM operation: RevokeBias
Event: 2097.209 Executing VM operation: RevokeBias done
Event: 2097.209 Thread 0x000002ba01cfc800 Thread exited: 0x000002ba01cfc800
Event: 2097.209 Executing VM operation: RevokeBias
Event: 2097.210 Executing VM operation: RevokeBias done
Event: 2097.210 Thread 0x000002ba01cf7800 Thread exited: 0x000002ba01cf7800
Event: 2097.214 Executing VM operation: RevokeBias
Event: 2097.214 Executing VM operation: RevokeBias done
Event: 2097.214 Executing VM operation: RevokeBias
Event: 2097.214 Executing VM operation: RevokeBias done
Event: 2097.217 Executing VM operation: G1CollectForAllocation


Dynamic libraries:
0x00007ff69d520000 - 0x00007ff69d52a000 	E:\Programs\Android Studio\jre\bin\java.exe
0x00007ffcbb670000 - 0x00007ffcbb868000 	C:\Windows\SYSTEM32\ntdll.dll
0x00007ffc8c960000 - 0x00007ffc8c977000 	C:\Program Files\Avast Software\Avast\aswhook.dll
0x00007ffcba470000 - 0x00007ffcba52f000 	C:\Windows\System32\KERNEL32.DLL
0x00007ffcb8f80000 - 0x00007ffcb9252000 	C:\Windows\System32\KERNELBASE.dll
0x00007ffcb8e80000 - 0x00007ffcb8f80000 	C:\Windows\System32\ucrtbase.dll
0x00007ffcb14a0000 - 0x00007ffcb14b7000 	E:\Programs\Android Studio\jre\bin\VCRUNTIME140.dll
0x00007ffcb27d0000 - 0x00007ffcb27e9000 	E:\Programs\Android Studio\jre\bin\jli.dll
0x00007ffcbadf0000 - 0x00007ffcbaf8d000 	C:\Windows\System32\USER32.dll
0x00007ffcb9550000 - 0x00007ffcb9572000 	C:\Windows\System32\win32u.dll
0x00007ffca52d0000 - 0x00007ffca556a000 	C:\Windows\WinSxS\amd64_microsoft.windows.common-controls_6595b64144ccf1df_6.0.19041.1110_none_60b5254171f9507e\COMCTL32.dll
0x00007ffcbb2b0000 - 0x00007ffcbb2db000 	C:\Windows\System32\GDI32.dll
0x00007ffcbb210000 - 0x00007ffcbb2ae000 	C:\Windows\System32\msvcrt.dll
0x00007ffcb8d70000 - 0x00007ffcb8e7f000 	C:\Windows\System32\gdi32full.dll
0x00007ffcb9480000 - 0x00007ffcb951d000 	C:\Windows\System32\msvcp_win.dll
0x00007ffcbaad0000 - 0x00007ffcbab02000 	C:\Windows\System32\IMM32.DLL
0x00007ffc7aa90000 - 0x00007ffc7ab2d000 	E:\Programs\Android Studio\jre\bin\msvcp140.dll
0x00007ffc78e10000 - 0x00007ffc79912000 	E:\Programs\Android Studio\jre\bin\server\jvm.dll
0x00007ffcbb420000 - 0x00007ffcbb4ce000 	C:\Windows\System32\ADVAPI32.dll
0x00007ffcbad50000 - 0x00007ffcbadec000 	C:\Windows\System32\sechost.dll
0x00007ffcba9a0000 - 0x00007ffcbaac5000 	C:\Windows\System32\RPCRT4.dll
0x00007ffcbb2e0000 - 0x00007ffcbb2e8000 	C:\Windows\System32\PSAPI.DLL
0x00007ffca5580000 - 0x00007ffca55a7000 	C:\Windows\SYSTEM32\WINMM.dll
0x00007ffca3a70000 - 0x00007ffca3a79000 	C:\Windows\SYSTEM32\WSOCK32.dll
0x00007ffcb6d10000 - 0x00007ffcb6d1a000 	C:\Windows\SYSTEM32\VERSION.dll
0x00007ffcbb1a0000 - 0x00007ffcbb20b000 	C:\Windows\System32\WS2_32.dll
0x00007ffcb75c0000 - 0x00007ffcb75d2000 	C:\Windows\SYSTEM32\kernel.appcore.dll
0x00007ffcb5900000 - 0x00007ffcb5911000 	E:\Programs\Android Studio\jre\bin\verify.dll
0x00007ffca9360000 - 0x00007ffca9544000 	C:\Windows\SYSTEM32\DBGHELP.DLL
0x00007ffca91e0000 - 0x00007ffca920c000 	C:\Windows\SYSTEM32\dbgcore.DLL
0x00007ffcb9580000 - 0x00007ffcb9602000 	C:\Windows\System32\bcryptPrimitives.dll
0x00007ffcb58d0000 - 0x00007ffcb58f9000 	E:\Programs\Android Studio\jre\bin\java.dll
0x00007ffcb60b0000 - 0x00007ffcb60bb000 	E:\Programs\Android Studio\jre\bin\jimage.dll
0x00007ffcb48d0000 - 0x00007ffcb48e8000 	E:\Programs\Android Studio\jre\bin\zip.dll
0x00007ffcb9870000 - 0x00007ffcb9fb3000 	C:\Windows\System32\SHELL32.dll
0x00007ffcb6e10000 - 0x00007ffcb75a2000 	C:\Windows\SYSTEM32\windows.storage.dll
0x00007ffcba110000 - 0x00007ffcba464000 	C:\Windows\System32\combase.dll
0x00007ffcb87d0000 - 0x00007ffcb8800000 	C:\Windows\SYSTEM32\Wldp.dll
0x00007ffcbab10000 - 0x00007ffcbabbd000 	C:\Windows\System32\SHCORE.dll
0x00007ffcbacf0000 - 0x00007ffcbad45000 	C:\Windows\System32\shlwapi.dll
0x00007ffcb8cb0000 - 0x00007ffcb8ccf000 	C:\Windows\SYSTEM32\profapi.dll
0x00007ffcb4840000 - 0x00007ffcb485a000 	E:\Programs\Android Studio\jre\bin\net.dll
0x00007ffca7980000 - 0x00007ffca7a8c000 	C:\Windows\SYSTEM32\WINHTTP.dll
0x00007ffcb8530000 - 0x00007ffcb859a000 	C:\Windows\system32\mswsock.dll
0x00007ffcb4820000 - 0x00007ffcb4834000 	E:\Programs\Android Studio\jre\bin\nio.dll
0x00007ffca2fa0000 - 0x00007ffca2fc7000 	C:\Users\a0587\.gradle\native\8bec1ad78214c89d9ad589b4d07fe93259594b29d510b10fafb7a158f7737e5d\windows-amd64\native-platform.dll
0x00007ffc80a50000 - 0x00007ffc80b8d000 	C:\Users\a0587\.gradle\native\53dbd7edfb1c66fb8903c78663c9afc45aea4f116125fa6feffd364cf09443e8\windows-amd64\native-platform-file-events.dll
0x00007ffcb48c0000 - 0x00007ffcb48ca000 	E:\Programs\Android Studio\jre\bin\management.dll
0x00007ffcb48a0000 - 0x00007ffcb48ad000 	E:\Programs\Android Studio\jre\bin\management_ext.dll
0x00007ffcb8720000 - 0x00007ffcb8738000 	C:\Windows\SYSTEM32\CRYPTSP.dll
0x00007ffcb7de0000 - 0x00007ffcb7e14000 	C:\Windows\system32\rsaenh.dll
0x00007ffcb9520000 - 0x00007ffcb9547000 	C:\Windows\System32\bcrypt.dll
0x00007ffcb8c70000 - 0x00007ffcb8c9e000 	C:\Windows\SYSTEM32\USERENV.dll
0x00007ffcb8740000 - 0x00007ffcb874c000 	C:\Windows\SYSTEM32\CRYPTBASE.dll
0x00007ffcb81d0000 - 0x00007ffcb820b000 	C:\Windows\SYSTEM32\IPHLPAPI.DLL
0x00007ffcbb190000 - 0x00007ffcbb198000 	C:\Windows\System32\NSI.dll
0x00007ffcae0e0000 - 0x00007ffcae0f7000 	C:\Windows\SYSTEM32\dhcpcsvc6.DLL
0x00007ffcae980000 - 0x00007ffcae99d000 	C:\Windows\SYSTEM32\dhcpcsvc.DLL
0x00007ffcb8220000 - 0x00007ffcb82ea000 	C:\Windows\SYSTEM32\DNSAPI.dll
0x00007ffcb2ea0000 - 0x00007ffcb2ec7000 	E:\Programs\Android Studio\jre\bin\sunec.dll

dbghelp: loaded successfully - version: 4.0.5 - missing functions: none
symbol engine: initialized successfully - sym options: 0x614 - pdb path: .;E:\Programs\Android Studio\jre\bin;C:\Windows\SYSTEM32;C:\Program Files\Avast Software\Avast;C:\Windows\WinSxS\amd64_microsoft.windows.common-controls_6595b64144ccf1df_6.0.19041.1110_none_60b5254171f9507e;E:\Programs\Android Studio\jre\bin\server;C:\Users\a0587\.gradle\native\8bec1ad78214c89d9ad589b4d07fe93259594b29d510b10fafb7a158f7737e5d\windows-amd64;C:\Users\a0587\.gradle\native\53dbd7edfb1c66fb8903c78663c9afc45aea4f116125fa6feffd364cf09443e8\windows-amd64

VM Arguments:
jvm_args: --add-opens=java.base/java.util=ALL-UNNAMED --add-opens=java.base/java.lang=ALL-UNNAMED --add-opens=java.base/java.lang.invoke=ALL-UNNAMED --add-opens=java.base/java.util=ALL-UNNAMED --add-opens=java.prefs/java.util.prefs=ALL-UNNAMED --add-opens=java.prefs/java.util.prefs=ALL-UNNAMED --add-opens=java.base/java.nio.charset=ALL-UNNAMED --add-opens=java.base/java.net=ALL-UNNAMED --add-opens=java.base/java.util.concurrent.atomic=ALL-UNNAMED -Xmx2048m -Dfile.encoding=UTF-8 -Duser.country=TW -Duser.language=zh -Duser.variant 
java_command: org.gradle.launcher.daemon.bootstrap.GradleDaemon 7.0.2
java_class_path (initial): C:\Users\a0587\.gradle\wrapper\dists\gradle-7.0.2-bin\857tjihv64xamwrf0h14cai3r\gradle-7.0.2\lib\gradle-launcher-7.0.2.jar
Launcher Type: SUN_STANDARD

[Global flags]
     intx CICompilerCount                          = 3                                         {product} {ergonomic}
     uint ConcGCThreads                            = 1                                         {product} {ergonomic}
     uint G1ConcRefinementThreads                  = 4                                         {product} {ergonomic}
   size_t G1HeapRegionSize                         = 1048576                                   {product} {ergonomic}
    uintx GCDrainStackTargetSize                   = 64                                        {product} {ergonomic}
   size_t InitialHeapSize                          = 134217728                                 {product} {ergonomic}
   size_t MarkStackSize                            = 4194304                                   {product} {ergonomic}
   size_t MaxHeapSize                              = 2147483648                                {product} {command line}
   size_t MaxNewSize                               = 1287651328                                {product} {ergonomic}
   size_t MinHeapDeltaBytes                        = 1048576                                   {product} {ergonomic}
    uintx NonNMethodCodeHeapSize                   = 5830732                                {pd product} {ergonomic}
    uintx NonProfiledCodeHeapSize                  = 122913754                              {pd product} {ergonomic}
    uintx ProfiledCodeHeapSize                     = 122913754                              {pd product} {ergonomic}
    uintx ReservedCodeCacheSize                    = 251658240                              {pd product} {ergonomic}
     bool SegmentedCodeCache                       = true                                      {product} {ergonomic}
     bool UseCompressedClassPointers               = true                                 {lp64_product} {ergonomic}
     bool UseCompressedOops                        = true                                 {lp64_product} {ergonomic}
     bool UseG1GC                                  = true                                      {product} {ergonomic}
     bool UseLargePagesIndividualAllocation        = false                                  {pd product} {ergonomic}

Logging:
Log output configuration:
 #0: stdout all=warning uptime,level,tags
 #1: stderr all=off uptime,level,tags

Environment Variables:
PATH=C:\Windows\system32;C:\Windows;C:\Windows\System32\Wbem;C:\Windows\System32\WindowsPowerShell\v1.0\;C:\Windows\System32\OpenSSH\;C:\Program Files\PuTTY\;E:\Programs\Anaconda;E:\Programs\Anaconda\Library\mingw-w64\bin;E:\Programs\Anaconda\Library\usr\bin;E:\Programs\Anaconda\Library\bin;E:\Programs\Anaconda\Scripts;C:\Users\a0587\AppData\Local\Microsoft\WindowsApps;E:\Programs\Microsoft VS Code\bin
USERNAME=Billy
OS=Windows_NT
PROCESSOR_IDENTIFIER=Intel64 Family 6 Model 142 Stepping 9, GenuineIntel



---------------  S Y S T E M  ---------------

OS: Windows 10 , 64 bit Build 19041 (10.0.19041.2251)
OS uptime: 6 days 18:25 hours

CPU:total 4 (initial active 4) (2 cores per cpu, 2 threads per core) family 6 model 142 stepping 9 microcode 0xb4, cmov, cx8, fxsr, mmx, sse, sse2, sse3, ssse3, sse4.1, sse4.2, popcnt, avx, avx2, aes, clmul, erms, 3dnowpref, lzcnt, ht, tsc, tscinvbit, bmi1, bmi2, adx, fma

Memory: 4k page, system-wide physical 8073M (498M free)
TotalPageFile size 8073M (AvailPageFile size 15M)
current process WorkingSet (physical memory assigned to process): 616M, peak: 715M
current process commit charge ("private bytes"): 719M, peak: 745M

vm_info: OpenJDK 64-Bit Server VM (11.0.13+0-b1751.21-8125866) for windows-amd64 JRE (11.0.13+0-b1751.21-8125866), built on Feb  2 2022 03:00:22 by "builder" with MS VC++ 14.0 (VS2015)

END.
