#
# There is insufficient memory for the Java Runtime Environment to continue.
# Native memory allocation (malloc) failed to allocate 1631856 bytes for Chunk::new
# Possible reasons:
#   The system is out of physical RAM or swap space
#   The process is running with CompressedOops enabled, and the Java Heap may be blocking the growth of the native heap
# Possible solutions:
#   Reduce memory load on the system
#   Increase physical memory or swap space
#   Check if swap backing store is full
#   Decrease Java heap size (-Xmx/-Xms)
#   Decrease number of Java threads
#   Decrease Java thread stack sizes (-Xss)
#   Set larger code cache with -XX:ReservedCodeCacheSize=
#   JVM is running with Unscaled Compressed Oops mode in which the Java heap is
#     placed in the first 4GB address space. The Java Heap base address is the
#     maximum limit for the native heap growth. Please use -XX:HeapBaseMinAddress
#     to set the Java Heap base and to place the Java Heap above 4GB virtual address.
# This output file may be truncated or incomplete.
#
#  Out of Memory Error (./src/hotspot/share/memory/arena.cpp:197), pid=1288, tid=13912
#
# JRE version: OpenJDK Runtime Environment (11.0.13) (build 11.0.13+0-b1751.21-8125866)
# Java VM: OpenJDK 64-Bit Server VM (11.0.13+0-b1751.21-8125866, mixed mode, tiered, compressed oops, g1 gc, windows-amd64)
# No core dump will be written. Minidumps are not enabled by default on client versions of Windows
#

---------------  S U M M A R Y ------------

Command Line: --add-opens=java.base/java.util=ALL-UNNAMED --add-opens=java.base/java.lang=ALL-UNNAMED --add-opens=java.base/java.lang.invoke=ALL-UNNAMED --add-opens=java.base/java.util=ALL-UNNAMED --add-opens=java.prefs/java.util.prefs=ALL-UNNAMED --add-opens=java.prefs/java.util.prefs=ALL-UNNAMED --add-opens=java.base/java.nio.charset=ALL-UNNAMED --add-opens=java.base/java.net=ALL-UNNAMED --add-opens=java.base/java.util.concurrent.atomic=ALL-UNNAMED -Xmx2048m -Dfile.encoding=UTF-8 -Duser.country=TW -Duser.language=zh -Duser.variant org.gradle.launcher.daemon.bootstrap.GradleDaemon 7.0.2

Host: Intel(R) Core(TM) i5-7200U CPU @ 2.50GHz, 4 cores, 7G,  Windows 10 , 64 bit Build 19041 (10.0.19041.2251)
Time: Fri Dec  9 11:11:52 2022 台北標準時間 elapsed time: 36.797964 seconds (0d 0h 0m 36s)

---------------  T H R E A D  ---------------

Current thread (0x000001683e37c800):  JavaThread "C2 CompilerThread0" daemon [_thread_in_native, id=13912, stack(0x00000057b6200000,0x00000057b6300000)]


Current CompileTask:
C2:  36798 3403       4       org.codehaus.groovy.reflection.CachedMethod::compareTo (25 bytes)

Stack: [0x00000057b6200000,0x00000057b6300000]
Native frames: (J=compiled Java code, j=interpreted, Vv=VM code, C=native code)
V  [jvm.dll+0x6100fa]
V  [jvm.dll+0x747090]
V  [jvm.dll+0x7486ad]
V  [jvm.dll+0x748d83]
V  [jvm.dll+0x24ab48]
V  [jvm.dll+0xc04dc]
V  [jvm.dll+0xc0a0c]
V  [jvm.dll+0x35eb5b]
V  [jvm.dll+0x32b833]
V  [jvm.dll+0x32ad2a]
V  [jvm.dll+0x2032b2]
V  [jvm.dll+0x202437]
V  [jvm.dll+0x188e01]
V  [jvm.dll+0x21106b]
V  [jvm.dll+0x20f8c1]
V  [jvm.dll+0x70de0f]
V  [jvm.dll+0x706a75]
V  [jvm.dll+0x60ed66]
C  [ucrtbase.dll+0x21bb2]
C  [KERNEL32.DLL+0x174b4]
C  [ntdll.dll+0x526a1]


---------------  P R O C E S S  ---------------

Threads class SMR info:
_java_thread_list=0x0000016840e45ba0, length=34, elements={
0x0000016824750000, 0x000001683e357000, 0x000001683e358800, 0x000001683e373000,
0x000001683e374800, 0x000001683e375800, 0x000001683e37c800, 0x000001683e389000,
0x000001683e394800, 0x000001683edb5800, 0x000001683fce9800, 0x000001684033e800,
0x0000016841d3f000, 0x000001683fbf9000, 0x000001683fbfa000, 0x0000016840ee0800,
0x000001684177d800, 0x000001684177e800, 0x00000168405a5000, 0x0000016841109800,
0x000001683fb8e800, 0x000001683fb89800, 0x000001683fb8b800, 0x000001683fb8d000,
0x000001683fb8e000, 0x000001683fb90000, 0x000001683fb8f800, 0x000001683fb8c000,
0x000001683fb8a800, 0x000001683fcd0000, 0x0000016841897800, 0x000001683fcd2800,
0x000001683fcd1000, 0x000001683fcd2000
}

Java Threads: ( => current thread )
  0x0000016824750000 JavaThread "main" [_thread_blocked, id=9440, stack(0x00000057b5600000,0x00000057b5700000)]
  0x000001683e357000 JavaThread "Reference Handler" daemon [_thread_blocked, id=9404, stack(0x00000057b5d00000,0x00000057b5e00000)]
  0x000001683e358800 JavaThread "Finalizer" daemon [_thread_blocked, id=13172, stack(0x00000057b5e00000,0x00000057b5f00000)]
  0x000001683e373000 JavaThread "Signal Dispatcher" daemon [_thread_blocked, id=8724, stack(0x00000057b5f00000,0x00000057b6000000)]
  0x000001683e374800 JavaThread "Attach Listener" daemon [_thread_blocked, id=3948, stack(0x00000057b6000000,0x00000057b6100000)]
  0x000001683e375800 JavaThread "Service Thread" daemon [_thread_blocked, id=11876, stack(0x00000057b6100000,0x00000057b6200000)]
=>0x000001683e37c800 JavaThread "C2 CompilerThread0" daemon [_thread_in_native, id=13912, stack(0x00000057b6200000,0x00000057b6300000)]
  0x000001683e389000 JavaThread "C1 CompilerThread0" daemon [_thread_blocked, id=11620, stack(0x00000057b6300000,0x00000057b6400000)]
  0x000001683e394800 JavaThread "Sweeper thread" daemon [_thread_blocked, id=9464, stack(0x00000057b6400000,0x00000057b6500000)]
  0x000001683edb5800 JavaThread "Common-Cleaner" daemon [_thread_blocked, id=5324, stack(0x00000057b6500000,0x00000057b6600000)]
  0x000001683fce9800 JavaThread "Daemon health stats" [_thread_blocked, id=11604, stack(0x00000057b6a00000,0x00000057b6b00000)]
  0x000001684033e800 JavaThread "Incoming local TCP Connector on port 57815" [_thread_in_native, id=4348, stack(0x00000057b6900000,0x00000057b6a00000)]
  0x0000016841d3f000 JavaThread "Daemon periodic checks" [_thread_blocked, id=10108, stack(0x00000057b6b00000,0x00000057b6c00000)]
  0x000001683fbf9000 JavaThread "Daemon" [_thread_blocked, id=11708, stack(0x00000057b6c00000,0x00000057b6d00000)]
  0x000001683fbfa000 JavaThread "Handler for socket connection from /127.0.0.1:57815 to /127.0.0.1:57816" [_thread_in_native, id=1040, stack(0x00000057b6d00000,0x00000057b6e00000)]
  0x0000016840ee0800 JavaThread "Cancel handler" [_thread_blocked, id=10628, stack(0x00000057b6f00000,0x00000057b7000000)]
  0x000001684177d800 JavaThread "Daemon worker" [_thread_in_vm, id=2520, stack(0x00000057b7000000,0x00000057b7100000)]
  0x000001684177e800 JavaThread "Asynchronous log dispatcher for DefaultDaemonConnection: socket connection from /127.0.0.1:57815 to /127.0.0.1:57816" [_thread_blocked, id=11316, stack(0x00000057b7100000,0x00000057b7200000)]
  0x00000168405a5000 JavaThread "Stdin handler" [_thread_blocked, id=14124, stack(0x00000057b7200000,0x00000057b7300000)]
  0x0000016841109800 JavaThread "Daemon client event forwarder" [_thread_blocked, id=12388, stack(0x00000057b7300000,0x00000057b7400000)]
  0x000001683fb8e800 JavaThread "Cache worker for file hash cache (C:\Users\a0587\.gradle\caches\7.0.2\fileHashes)" [_thread_blocked, id=3836, stack(0x00000057b6e00000,0x00000057b6f00000)]
  0x000001683fb89800 JavaThread "File lock request listener" [_thread_in_native, id=10644, stack(0x00000057b7500000,0x00000057b7600000)]
  0x000001683fb8b800 JavaThread "Cache worker for journal cache (C:\Users\a0587\.gradle\caches\journal-1)" [_thread_blocked, id=11420, stack(0x00000057b7600000,0x00000057b7700000)]
  0x000001683fb8d000 JavaThread "Cache worker for file hash cache (E:\Programs\Test\.gradle\7.0.2\fileHashes)" [_thread_blocked, id=8820, stack(0x00000057b7700000,0x00000057b7800000)]
  0x000001683fb8e000 JavaThread "File watcher server" daemon [_thread_in_native, id=4140, stack(0x00000057b7800000,0x00000057b7900000)]
  0x000001683fb90000 JavaThread "File watcher consumer" daemon [_thread_blocked, id=4964, stack(0x00000057b7900000,0x00000057b7a00000)]
  0x000001683fb8f800 JavaThread "Cache worker for checksums cache (E:\Programs\Test\.gradle\checksums)" [_thread_blocked, id=14116, stack(0x00000057b7a00000,0x00000057b7b00000)]
  0x000001683fb8c000 JavaThread "Cache worker for cache directory md-supplier (C:\Users\a0587\.gradle\caches\7.0.2\md-supplier)" [_thread_blocked, id=9728, stack(0x00000057b7b00000,0x00000057b7c00000)]
  0x000001683fb8a800 JavaThread "Cache worker for cache directory md-rule (C:\Users\a0587\.gradle\caches\7.0.2\md-rule)" [_thread_blocked, id=12328, stack(0x00000057b7d00000,0x00000057b7e00000)]
  0x000001683fcd0000 JavaThread "Cache worker for execution history cache (C:\Users\a0587\.gradle\caches\7.0.2\executionHistory)" [_thread_blocked, id=1396, stack(0x00000057b7e00000,0x00000057b7f00000)]
  0x0000016841897800 JavaThread "C2 CompilerThread1" daemon [_thread_in_native, id=11336, stack(0x00000057b7c00000,0x00000057b7d00000)]
  0x000001683fcd2800 JavaThread "jar transforms" [_thread_blocked, id=5968, stack(0x00000057b7f00000,0x00000057b8000000)]
  0x000001683fcd1000 JavaThread "jar transforms Thread 2" [_thread_blocked, id=14056, stack(0x00000057b8000000,0x00000057b8100000)]
  0x000001683fcd2000 JavaThread "Cache worker for file content cache (C:\Users\a0587\.gradle\caches\7.0.2\fileContent)" [_thread_blocked, id=11308, stack(0x00000057b8100000,0x00000057b8200000)]

Other Threads:
  0x000001683e353000 VMThread "VM Thread" [stack: 0x00000057b5c00000,0x00000057b5d00000] [id=7944]
  0x000001683edbe800 WatcherThread [stack: 0x00000057b6600000,0x00000057b6700000] [id=13852]
  0x000001682476a000 GCTaskThread "GC Thread#0" [stack: 0x00000057b5700000,0x00000057b5800000] [id=9848]
  0x000001683f31c800 GCTaskThread "GC Thread#1" [stack: 0x00000057b6700000,0x00000057b6800000] [id=5560]
  0x000001683f174800 GCTaskThread "GC Thread#2" [stack: 0x00000057b6800000,0x00000057b6900000] [id=10076]
  0x000001684154c800 GCTaskThread "GC Thread#3" [stack: 0x00000057b7400000,0x00000057b7500000] [id=13744]
  0x000001682479b800 ConcurrentGCThread "G1 Main Marker" [stack: 0x00000057b5800000,0x00000057b5900000] [id=14200]
  0x000001682479d000 ConcurrentGCThread "G1 Conc#0" [stack: 0x00000057b5900000,0x00000057b5a00000] [id=13108]
  0x000001683e1a2800 ConcurrentGCThread "G1 Refine#0" [stack: 0x00000057b5a00000,0x00000057b5b00000] [id=5180]
  0x000001683e1a3000 ConcurrentGCThread "G1 Young RemSet Sampling" [stack: 0x00000057b5b00000,0x00000057b5c00000] [id=11076]

Threads with active compile tasks:
C2 CompilerThread0  36882 3403       4       org.codehaus.groovy.reflection.CachedMethod::compareTo (25 bytes)
C2 CompilerThread1  36882 3455   !   4       java.util.concurrent.ConcurrentHashMap::computeIfAbsent (576 bytes)

VM state:not at safepoint (normal execution)

VM Mutex/Monitor currently owned by a thread: None

Heap address: 0x0000000080000000, size: 2048 MB, Compressed Oops mode: 32-bit
Narrow klass base: 0x0000000000000000, Narrow klass shift: 3
Compressed class space size: 1073741824 Address: 0x0000000100000000

Heap:
 garbage-first heap   total 131072K, used 69630K [0x0000000080000000, 0x0000000100000000)
  region size 1024K, 49 young (50176K), 4 survivors (4096K)
 Metaspace       used 38720K, capacity 39624K, committed 39888K, reserved 1083392K
  class space    used 4852K, capacity 5187K, committed 5248K, reserved 1048576K
Heap Regions: E=young(eden), S=young(survivor), O=old, HS=humongous(starts), HC=humongous(continues), CS=collection set, F=free, A=archive, TAMS=top-at-mark-start (previous, next)
|   0|0x0000000080000000, 0x0000000080100000, 0x0000000080100000|100%| O|  |TAMS 0x0000000080100000, 0x0000000080000000| Untracked 
|   1|0x0000000080100000, 0x0000000080200000, 0x0000000080200000|100%| O|  |TAMS 0x0000000080200000, 0x0000000080100000| Untracked 
|   2|0x0000000080200000, 0x0000000080300000, 0x0000000080300000|100%| O|  |TAMS 0x0000000080300000, 0x0000000080200000| Untracked 
|   3|0x0000000080300000, 0x0000000080400000, 0x0000000080400000|100%|HS|  |TAMS 0x0000000080400000, 0x0000000080300000| Complete 
|   4|0x0000000080400000, 0x0000000080500000, 0x0000000080500000|100%|HC|  |TAMS 0x0000000080500000, 0x0000000080400000| Complete 
|   5|0x0000000080500000, 0x0000000080600000, 0x0000000080600000|100%|HC|  |TAMS 0x0000000080600000, 0x0000000080500000| Complete 
|   6|0x0000000080600000, 0x0000000080700000, 0x0000000080700000|100%| O|  |TAMS 0x0000000080700000, 0x0000000080600000| Untracked 
|   7|0x0000000080700000, 0x0000000080800000, 0x0000000080800000|100%| O|  |TAMS 0x0000000080800000, 0x0000000080700000| Untracked 
|   8|0x0000000080800000, 0x0000000080900000, 0x0000000080900000|100%| O|  |TAMS 0x0000000080900000, 0x0000000080800000| Untracked 
|   9|0x0000000080900000, 0x0000000080a00000, 0x0000000080a00000|100%| O|  |TAMS 0x0000000080a00000, 0x0000000080900000| Untracked 
|  10|0x0000000080a00000, 0x0000000080b00000, 0x0000000080b00000|100%| O|  |TAMS 0x0000000080b00000, 0x0000000080a00000| Untracked 
|  11|0x0000000080b00000, 0x0000000080c00000, 0x0000000080c00000|100%| O|  |TAMS 0x0000000080c00000, 0x0000000080b00000| Untracked 
|  12|0x0000000080c00000, 0x0000000080d00000, 0x0000000080d00000|100%| O|  |TAMS 0x0000000080d00000, 0x0000000080c00000| Untracked 
|  13|0x0000000080d00000, 0x0000000080e00000, 0x0000000080e00000|100%| O|  |TAMS 0x0000000080e00000, 0x0000000080d00000| Untracked 
|  14|0x0000000080e00000, 0x0000000080f00000, 0x0000000080f00000|100%| O|  |TAMS 0x0000000080f00000, 0x0000000080e00000| Untracked 
|  15|0x0000000080f00000, 0x0000000081000000, 0x0000000081000000|100%| O|  |TAMS 0x0000000081000000, 0x0000000080f00000| Untracked 
|  16|0x0000000081000000, 0x0000000081100000, 0x0000000081100000|100%| O|  |TAMS 0x0000000081100000, 0x0000000081000000| Untracked 
|  17|0x0000000081100000, 0x0000000081200000, 0x0000000081200000|100%| O|  |TAMS 0x0000000081200000, 0x0000000081100000| Untracked 
|  18|0x0000000081200000, 0x000000008120be00, 0x0000000081300000|  4%| O|  |TAMS 0x000000008120be00, 0x0000000081200000| Untracked 
|  19|0x0000000081300000, 0x0000000081400000, 0x0000000081400000|100%|HS|  |TAMS 0x0000000081300000, 0x0000000081300000| Complete 
|  20|0x0000000081400000, 0x0000000081500000, 0x0000000081500000|100%|HS|  |TAMS 0x0000000081400000, 0x0000000081400000| Complete 
|  21|0x0000000081500000, 0x0000000081600000, 0x0000000081600000|100%|HC|  |TAMS 0x0000000081500000, 0x0000000081500000| Complete 
|  22|0x0000000081600000, 0x0000000081600000, 0x0000000081700000|  0%| F|  |TAMS 0x0000000081600000, 0x0000000081600000| Untracked 
|  23|0x0000000081700000, 0x0000000081700000, 0x0000000081800000|  0%| F|  |TAMS 0x0000000081700000, 0x0000000081700000| Untracked 
|  24|0x0000000081800000, 0x0000000081800000, 0x0000000081900000|  0%| F|  |TAMS 0x0000000081800000, 0x0000000081800000| Untracked 
|  25|0x0000000081900000, 0x0000000081900000, 0x0000000081a00000|  0%| F|  |TAMS 0x0000000081900000, 0x0000000081900000| Untracked 
|  26|0x0000000081a00000, 0x0000000081a00000, 0x0000000081b00000|  0%| F|  |TAMS 0x0000000081a00000, 0x0000000081a00000| Untracked 
|  27|0x0000000081b00000, 0x0000000081b00000, 0x0000000081c00000|  0%| F|  |TAMS 0x0000000081b00000, 0x0000000081b00000| Untracked 
|  28|0x0000000081c00000, 0x0000000081c00000, 0x0000000081d00000|  0%| F|  |TAMS 0x0000000081c00000, 0x0000000081c00000| Untracked 
|  29|0x0000000081d00000, 0x0000000081d00000, 0x0000000081e00000|  0%| F|  |TAMS 0x0000000081d00000, 0x0000000081d00000| Untracked 
|  30|0x0000000081e00000, 0x0000000081e00000, 0x0000000081f00000|  0%| F|  |TAMS 0x0000000081e00000, 0x0000000081e00000| Untracked 
|  31|0x0000000081f00000, 0x0000000081f00000, 0x0000000082000000|  0%| F|  |TAMS 0x0000000081f00000, 0x0000000081f00000| Untracked 
|  32|0x0000000082000000, 0x0000000082000000, 0x0000000082100000|  0%| F|  |TAMS 0x0000000082000000, 0x0000000082000000| Untracked 
|  33|0x0000000082100000, 0x0000000082100000, 0x0000000082200000|  0%| F|  |TAMS 0x0000000082100000, 0x0000000082100000| Untracked 
|  34|0x0000000082200000, 0x0000000082200000, 0x0000000082300000|  0%| F|  |TAMS 0x0000000082200000, 0x0000000082200000| Untracked 
|  35|0x0000000082300000, 0x0000000082300000, 0x0000000082400000|  0%| F|  |TAMS 0x0000000082300000, 0x0000000082300000| Untracked 
|  36|0x0000000082400000, 0x0000000082400000, 0x0000000082500000|  0%| F|  |TAMS 0x0000000082400000, 0x0000000082400000| Untracked 
|  37|0x0000000082500000, 0x0000000082500000, 0x0000000082600000|  0%| F|  |TAMS 0x0000000082500000, 0x0000000082500000| Untracked 
|  38|0x0000000082600000, 0x0000000082600000, 0x0000000082700000|  0%| F|  |TAMS 0x0000000082600000, 0x0000000082600000| Untracked 
|  39|0x0000000082700000, 0x0000000082700000, 0x0000000082800000|  0%| F|  |TAMS 0x0000000082700000, 0x0000000082700000| Untracked 
|  40|0x0000000082800000, 0x0000000082800000, 0x0000000082900000|  0%| F|  |TAMS 0x0000000082800000, 0x0000000082800000| Untracked 
|  41|0x0000000082900000, 0x0000000082900000, 0x0000000082a00000|  0%| F|  |TAMS 0x0000000082900000, 0x0000000082900000| Untracked 
|  42|0x0000000082a00000, 0x0000000082a00000, 0x0000000082b00000|  0%| F|  |TAMS 0x0000000082a00000, 0x0000000082a00000| Untracked 
|  43|0x0000000082b00000, 0x0000000082b00000, 0x0000000082c00000|  0%| F|  |TAMS 0x0000000082b00000, 0x0000000082b00000| Untracked 
|  44|0x0000000082c00000, 0x0000000082c00000, 0x0000000082d00000|  0%| F|  |TAMS 0x0000000082c00000, 0x0000000082c00000| Untracked 
|  45|0x0000000082d00000, 0x0000000082d00000, 0x0000000082e00000|  0%| F|  |TAMS 0x0000000082d00000, 0x0000000082d00000| Untracked 
|  46|0x0000000082e00000, 0x0000000082e00000, 0x0000000082f00000|  0%| F|  |TAMS 0x0000000082e00000, 0x0000000082e00000| Untracked 
|  47|0x0000000082f00000, 0x0000000082f00000, 0x0000000083000000|  0%| F|  |TAMS 0x0000000082f00000, 0x0000000082f00000| Untracked 
|  48|0x0000000083000000, 0x0000000083000000, 0x0000000083100000|  0%| F|  |TAMS 0x0000000083000000, 0x0000000083000000| Untracked 
|  49|0x0000000083100000, 0x0000000083100000, 0x0000000083200000|  0%| F|  |TAMS 0x0000000083100000, 0x0000000083100000| Untracked 
|  50|0x0000000083200000, 0x0000000083200000, 0x0000000083300000|  0%| F|  |TAMS 0x0000000083200000, 0x0000000083200000| Untracked 
|  51|0x0000000083300000, 0x0000000083300000, 0x0000000083400000|  0%| F|  |TAMS 0x0000000083300000, 0x0000000083300000| Untracked 
|  52|0x0000000083400000, 0x0000000083400000, 0x0000000083500000|  0%| F|  |TAMS 0x0000000083400000, 0x0000000083400000| Untracked 
|  53|0x0000000083500000, 0x0000000083500000, 0x0000000083600000|  0%| F|  |TAMS 0x0000000083500000, 0x0000000083500000| Untracked 
|  54|0x0000000083600000, 0x0000000083600000, 0x0000000083700000|  0%| F|  |TAMS 0x0000000083600000, 0x0000000083600000| Untracked 
|  55|0x0000000083700000, 0x0000000083700000, 0x0000000083800000|  0%| F|  |TAMS 0x0000000083700000, 0x0000000083700000| Untracked 
|  56|0x0000000083800000, 0x0000000083800000, 0x0000000083900000|  0%| F|  |TAMS 0x0000000083800000, 0x0000000083800000| Untracked 
|  57|0x0000000083900000, 0x0000000083900000, 0x0000000083a00000|  0%| F|  |TAMS 0x0000000083900000, 0x0000000083900000| Untracked 
|  58|0x0000000083a00000, 0x0000000083a00000, 0x0000000083b00000|  0%| F|  |TAMS 0x0000000083a00000, 0x0000000083a00000| Untracked 
|  59|0x0000000083b00000, 0x0000000083b00000, 0x0000000083c00000|  0%| F|  |TAMS 0x0000000083b00000, 0x0000000083b00000| Untracked 
|  60|0x0000000083c00000, 0x0000000083c00000, 0x0000000083d00000|  0%| F|  |TAMS 0x0000000083c00000, 0x0000000083c00000| Untracked 
|  61|0x0000000083d00000, 0x0000000083d00000, 0x0000000083e00000|  0%| F|  |TAMS 0x0000000083d00000, 0x0000000083d00000| Untracked 
|  62|0x0000000083e00000, 0x0000000083e00000, 0x0000000083f00000|  0%| F|  |TAMS 0x0000000083e00000, 0x0000000083e00000| Untracked 
|  63|0x0000000083f00000, 0x0000000083f00000, 0x0000000084000000|  0%| F|  |TAMS 0x0000000083f00000, 0x0000000083f00000| Untracked 
|  64|0x0000000084000000, 0x0000000084000000, 0x0000000084100000|  0%| F|  |TAMS 0x0000000084000000, 0x0000000084000000| Untracked 
|  65|0x0000000084100000, 0x0000000084100000, 0x0000000084200000|  0%| F|  |TAMS 0x0000000084100000, 0x0000000084100000| Untracked 
|  66|0x0000000084200000, 0x0000000084200000, 0x0000000084300000|  0%| F|  |TAMS 0x0000000084200000, 0x0000000084200000| Untracked 
|  67|0x0000000084300000, 0x0000000084300000, 0x0000000084400000|  0%| F|  |TAMS 0x0000000084300000, 0x0000000084300000| Untracked 
|  68|0x0000000084400000, 0x0000000084400000, 0x0000000084500000|  0%| F|  |TAMS 0x0000000084400000, 0x0000000084400000| Untracked 
|  69|0x0000000084500000, 0x0000000084500000, 0x0000000084600000|  0%| F|  |TAMS 0x0000000084500000, 0x0000000084500000| Untracked 
|  70|0x0000000084600000, 0x0000000084600000, 0x0000000084700000|  0%| F|  |TAMS 0x0000000084600000, 0x0000000084600000| Untracked 
|  71|0x0000000084700000, 0x0000000084700000, 0x0000000084800000|  0%| F|  |TAMS 0x0000000084700000, 0x0000000084700000| Untracked 
|  72|0x0000000084800000, 0x0000000084800000, 0x0000000084900000|  0%| F|  |TAMS 0x0000000084800000, 0x0000000084800000| Untracked 
|  73|0x0000000084900000, 0x0000000084900000, 0x0000000084a00000|  0%| F|  |TAMS 0x0000000084900000, 0x0000000084900000| Untracked 
|  74|0x0000000084a00000, 0x0000000084a00000, 0x0000000084b00000|  0%| F|  |TAMS 0x0000000084a00000, 0x0000000084a00000| Untracked 
|  75|0x0000000084b00000, 0x0000000084b00000, 0x0000000084c00000|  0%| F|  |TAMS 0x0000000084b00000, 0x0000000084b00000| Untracked 
|  76|0x0000000084c00000, 0x0000000084c00000, 0x0000000084d00000|  0%| F|  |TAMS 0x0000000084c00000, 0x0000000084c00000| Untracked 
|  77|0x0000000084d00000, 0x0000000084d00000, 0x0000000084e00000|  0%| F|  |TAMS 0x0000000084d00000, 0x0000000084d00000| Untracked 
|  78|0x0000000084e00000, 0x0000000084e00000, 0x0000000084f00000|  0%| F|  |TAMS 0x0000000084e00000, 0x0000000084e00000| Untracked 
|  79|0x0000000084f00000, 0x0000000085000000, 0x0000000085000000|100%| E|  |TAMS 0x0000000084f00000, 0x0000000084f00000| Complete 
|  80|0x0000000085000000, 0x0000000085100000, 0x0000000085100000|100%| E|CS|TAMS 0x0000000085000000, 0x0000000085000000| Complete 
|  81|0x0000000085100000, 0x0000000085200000, 0x0000000085200000|100%| E|CS|TAMS 0x0000000085100000, 0x0000000085100000| Complete 
|  82|0x0000000085200000, 0x0000000085300000, 0x0000000085300000|100%| E|CS|TAMS 0x0000000085200000, 0x0000000085200000| Complete 
|  83|0x0000000085300000, 0x0000000085400000, 0x0000000085400000|100%| E|CS|TAMS 0x0000000085300000, 0x0000000085300000| Complete 
|  84|0x0000000085400000, 0x0000000085500000, 0x0000000085500000|100%| E|CS|TAMS 0x0000000085400000, 0x0000000085400000| Complete 
|  85|0x0000000085500000, 0x0000000085600000, 0x0000000085600000|100%| E|CS|TAMS 0x0000000085500000, 0x0000000085500000| Complete 
|  86|0x0000000085600000, 0x0000000085700000, 0x0000000085700000|100%| E|CS|TAMS 0x0000000085600000, 0x0000000085600000| Complete 
|  87|0x0000000085700000, 0x0000000085800000, 0x0000000085800000|100%| E|CS|TAMS 0x0000000085700000, 0x0000000085700000| Complete 
|  88|0x0000000085800000, 0x0000000085900000, 0x0000000085900000|100%| E|CS|TAMS 0x0000000085800000, 0x0000000085800000| Complete 
|  89|0x0000000085900000, 0x0000000085a00000, 0x0000000085a00000|100%| E|CS|TAMS 0x0000000085900000, 0x0000000085900000| Complete 
|  90|0x0000000085a00000, 0x0000000085b00000, 0x0000000085b00000|100%| E|  |TAMS 0x0000000085a00000, 0x0000000085a00000| Complete 
|  91|0x0000000085b00000, 0x0000000085c00000, 0x0000000085c00000|100%| E|CS|TAMS 0x0000000085b00000, 0x0000000085b00000| Complete 
|  92|0x0000000085c00000, 0x0000000085d00000, 0x0000000085d00000|100%| E|CS|TAMS 0x0000000085c00000, 0x0000000085c00000| Complete 
|  93|0x0000000085d00000, 0x0000000085e00000, 0x0000000085e00000|100%| E|CS|TAMS 0x0000000085d00000, 0x0000000085d00000| Complete 
|  94|0x0000000085e00000, 0x0000000085f00000, 0x0000000085f00000|100%| E|CS|TAMS 0x0000000085e00000, 0x0000000085e00000| Complete 
|  95|0x0000000085f00000, 0x0000000086000000, 0x0000000086000000|100%| E|CS|TAMS 0x0000000085f00000, 0x0000000085f00000| Complete 
|  96|0x0000000086000000, 0x0000000086100000, 0x0000000086100000|100%| E|CS|TAMS 0x0000000086000000, 0x0000000086000000| Complete 
|  97|0x0000000086100000, 0x0000000086200000, 0x0000000086200000|100%| E|CS|TAMS 0x0000000086100000, 0x0000000086100000| Complete 
|  98|0x0000000086200000, 0x0000000086300000, 0x0000000086300000|100%| E|CS|TAMS 0x0000000086200000, 0x0000000086200000| Complete 
|  99|0x0000000086300000, 0x0000000086400000, 0x0000000086400000|100%| E|CS|TAMS 0x0000000086300000, 0x0000000086300000| Complete 
| 100|0x0000000086400000, 0x0000000086500000, 0x0000000086500000|100%| E|CS|TAMS 0x0000000086400000, 0x0000000086400000| Complete 
| 101|0x0000000086500000, 0x0000000086600000, 0x0000000086600000|100%| E|CS|TAMS 0x0000000086500000, 0x0000000086500000| Complete 
| 102|0x0000000086600000, 0x0000000086700000, 0x0000000086700000|100%| E|CS|TAMS 0x0000000086600000, 0x0000000086600000| Complete 
| 103|0x0000000086700000, 0x0000000086800000, 0x0000000086800000|100%| E|CS|TAMS 0x0000000086700000, 0x0000000086700000| Complete 
| 104|0x0000000086800000, 0x0000000086900000, 0x0000000086900000|100%| E|CS|TAMS 0x0000000086800000, 0x0000000086800000| Complete 
| 105|0x0000000086900000, 0x0000000086a00000, 0x0000000086a00000|100%| E|CS|TAMS 0x0000000086900000, 0x0000000086900000| Complete 
| 106|0x0000000086a00000, 0x0000000086b00000, 0x0000000086b00000|100%| E|CS|TAMS 0x0000000086a00000, 0x0000000086a00000| Complete 
| 107|0x0000000086b00000, 0x0000000086c00000, 0x0000000086c00000|100%| E|CS|TAMS 0x0000000086b00000, 0x0000000086b00000| Complete 
| 108|0x0000000086c00000, 0x0000000086d00000, 0x0000000086d00000|100%| E|CS|TAMS 0x0000000086c00000, 0x0000000086c00000| Complete 
| 109|0x0000000086d00000, 0x0000000086e00000, 0x0000000086e00000|100%| E|CS|TAMS 0x0000000086d00000, 0x0000000086d00000| Complete 
| 110|0x0000000086e00000, 0x0000000086f00000, 0x0000000086f00000|100%| E|CS|TAMS 0x0000000086e00000, 0x0000000086e00000| Complete 
| 111|0x0000000086f00000, 0x0000000087000000, 0x0000000087000000|100%| E|CS|TAMS 0x0000000086f00000, 0x0000000086f00000| Complete 
| 112|0x0000000087000000, 0x0000000087100000, 0x0000000087100000|100%| E|CS|TAMS 0x0000000087000000, 0x0000000087000000| Complete 
| 113|0x0000000087100000, 0x0000000087200000, 0x0000000087200000|100%| E|CS|TAMS 0x0000000087100000, 0x0000000087100000| Complete 
| 114|0x0000000087200000, 0x0000000087300000, 0x0000000087300000|100%| E|CS|TAMS 0x0000000087200000, 0x0000000087200000| Complete 
| 115|0x0000000087300000, 0x0000000087400000, 0x0000000087400000|100%| E|CS|TAMS 0x0000000087300000, 0x0000000087300000| Complete 
| 116|0x0000000087400000, 0x0000000087500000, 0x0000000087500000|100%| E|CS|TAMS 0x0000000087400000, 0x0000000087400000| Complete 
| 117|0x0000000087500000, 0x0000000087600000, 0x0000000087600000|100%| E|CS|TAMS 0x0000000087500000, 0x0000000087500000| Complete 
| 118|0x0000000087600000, 0x0000000087700000, 0x0000000087700000|100%| E|CS|TAMS 0x0000000087600000, 0x0000000087600000| Complete 
| 119|0x0000000087700000, 0x00000000877f3de0, 0x0000000087800000| 95%| S|CS|TAMS 0x0000000087700000, 0x0000000087700000| Complete 
| 120|0x0000000087800000, 0x0000000087900000, 0x0000000087900000|100%| S|CS|TAMS 0x0000000087800000, 0x0000000087800000| Complete 
| 121|0x0000000087900000, 0x0000000087a00000, 0x0000000087a00000|100%| S|CS|TAMS 0x0000000087900000, 0x0000000087900000| Complete 
| 122|0x0000000087a00000, 0x0000000087b00000, 0x0000000087b00000|100%| S|CS|TAMS 0x0000000087a00000, 0x0000000087a00000| Complete 
| 123|0x0000000087b00000, 0x0000000087c00000, 0x0000000087c00000|100%| E|CS|TAMS 0x0000000087b00000, 0x0000000087b00000| Complete 
| 124|0x0000000087c00000, 0x0000000087d00000, 0x0000000087d00000|100%| E|CS|TAMS 0x0000000087c00000, 0x0000000087c00000| Complete 
| 125|0x0000000087d00000, 0x0000000087e00000, 0x0000000087e00000|100%| E|CS|TAMS 0x0000000087d00000, 0x0000000087d00000| Complete 
| 126|0x0000000087e00000, 0x0000000087f00000, 0x0000000087f00000|100%| E|CS|TAMS 0x0000000087e00000, 0x0000000087e00000| Complete 
| 127|0x0000000087f00000, 0x0000000088000000, 0x0000000088000000|100%| E|CS|TAMS 0x0000000087f00000, 0x0000000087f00000| Complete 

Card table byte_map: [0x0000016837670000,0x0000016837a70000] _byte_map_base: 0x0000016837270000

Marking Bits (Prev, Next): (CMBitMap*) 0x0000016824792ea8, (CMBitMap*) 0x0000016824792ee0
 Prev Bits: [0x0000016837e70000, 0x0000016839e70000)
 Next Bits: [0x0000016839e70000, 0x000001683be70000)

Polling page: 0x0000016823f30000

Metaspace:

Usage:
  Non-class:     33.63 MB capacity,    33.07 MB ( 98%) used,   479.71 KB (  1%) free+waste,    89.25 KB ( <1%) overhead. 
      Class:      5.07 MB capacity,     4.74 MB ( 94%) used,   291.59 KB (  6%) free+waste,    42.75 KB ( <1%) overhead. 
       Both:     38.70 MB capacity,    37.81 MB ( 98%) used,   771.30 KB (  2%) free+waste,   132.00 KB ( <1%) overhead. 

Virtual space:
  Non-class space:       34.00 MB reserved,      33.83 MB (>99%) committed 
      Class space:        1.00 GB reserved,       5.13 MB ( <1%) committed 
             Both:        1.03 GB reserved,      38.95 MB (  4%) committed 

Chunk freelists:
   Non-Class:  11.00 KB
       Class:  1.00 KB
        Both:  12.00 KB

MaxMetaspaceSize: 17179869184.00 GB
CompressedClassSpaceSize: 1.00 GB
Initial GC threshold: 20.80 MB
Current GC threshold: 59.30 MB
CDS: off

CodeHeap 'non-profiled nmethods': size=120064Kb used=1946Kb max_used=1946Kb free=118117Kb
 bounds [0x000001682fd30000, 0x000001682ffa0000, 0x0000016837270000]
CodeHeap 'profiled nmethods': size=120000Kb used=7345Kb max_used=7345Kb free=112655Kb
 bounds [0x0000016828800000, 0x0000016828f30000, 0x000001682fd30000]
CodeHeap 'non-nmethods': size=5696Kb used=2269Kb max_used=2291Kb free=3426Kb
 bounds [0x0000016828270000, 0x00000168284e0000, 0x0000016828800000]
 total_blobs=4226 nmethods=3463 adapters=675
 compilation: enabled
              stopped_count=0, restarted_count=0
 full_count=0

Compilation events (20 events):
Event: 36.752 Thread 0x000001683e389000 3460       3       org.codehaus.groovy.reflection.CachedField::getModifiers (8 bytes)
Event: 36.752 Thread 0x000001683e389000 nmethod 3460 0x0000016828f23e10 code [0x0000016828f23fc0, 0x0000016828f240d8]
Event: 36.752 Thread 0x000001683e389000 3461       3       java.lang.ClassValue$ClassValueMap::probeBackupLocations (151 bytes)
Event: 36.753 Thread 0x000001683e389000 nmethod 3461 0x0000016828f24190 code [0x0000016828f24440, 0x0000016828f25978]
Event: 36.753 Thread 0x000001683e389000 3462   !   3       java.lang.ClassValue::getFromHashMap (70 bytes)
Event: 36.754 Thread 0x000001683e389000 nmethod 3462 0x0000016828f25e90 code [0x0000016828f26120, 0x0000016828f26d78]
Event: 36.768 Thread 0x000001683e389000 3463       1       java.util.stream.Node::getChildCount (2 bytes)
Event: 36.768 Thread 0x000001683e389000 nmethod 3463 0x000001682ff11590 code [0x000001682ff11740, 0x000001682ff117f8]
Event: 36.771 Thread 0x000001683e389000 3465       1       java.lang.Thread::getThreadGroup (5 bytes)
Event: 36.771 Thread 0x000001683e389000 nmethod 3465 0x000001682ff11890 code [0x000001682ff11a40, 0x000001682ff11af8]
Event: 36.775 Thread 0x000001683e389000 3467       3       java.util.concurrent.atomic.AtomicReferenceArray::get (12 bytes)
Event: 36.776 Thread 0x000001683e389000 nmethod 3467 0x0000016828f27210 code [0x0000016828f27480, 0x0000016828f28088]
Event: 36.780 Thread 0x000001683e389000 3468       3       com.sun.beans.TypeResolver::erase (32 bytes)
Event: 36.780 Thread 0x000001683e389000 nmethod 3468 0x0000016828f28410 code [0x0000016828f285e0, 0x0000016828f289e8]
Event: 36.780 Thread 0x000001683e389000 3469       3       sun.reflect.generics.scope.ClassScope::make (9 bytes)
Event: 36.781 Thread 0x000001683e389000 nmethod 3469 0x0000016828f28b90 code [0x0000016828f28d60, 0x0000016828f29018]
Event: 36.781 Thread 0x000001683e389000 3470       3       sun.reflect.generics.scope.ClassScope::<init> (6 bytes)
Event: 36.781 Thread 0x000001683e389000 nmethod 3470 0x0000016828f29110 code [0x0000016828f292c0, 0x0000016828f294d8]
Event: 36.781 Thread 0x000001683e389000 3471       3       com.sun.beans.introspect.PropertyInfo::isPrefix (25 bytes)
Event: 36.781 Thread 0x000001683e389000 nmethod 3471 0x0000016828f29590 code [0x0000016828f29780, 0x0000016828f29b88]

GC Heap History (16 events):
Event: 11.434 GC heap before
{Heap before GC invocations=0 (full 0):
 garbage-first heap   total 131072K, used 19456K [0x0000000080000000, 0x0000000100000000)
  region size 1024K, 14 young (14336K), 0 survivors (0K)
 Metaspace       used 6778K, capacity 6985K, committed 7168K, reserved 1056768K
  class space    used 576K, capacity 650K, committed 768K, reserved 1048576K
}
Event: 11.440 GC heap after
{Heap after GC invocations=1 (full 0):
 garbage-first heap   total 131072K, used 7624K [0x0000000080000000, 0x0000000100000000)
  region size 1024K, 2 young (2048K), 2 survivors (2048K)
 Metaspace       used 6778K, capacity 6985K, committed 7168K, reserved 1056768K
  class space    used 576K, capacity 650K, committed 768K, reserved 1048576K
}
Event: 12.200 GC heap before
{Heap before GC invocations=1 (full 0):
 garbage-first heap   total 131072K, used 18888K [0x0000000080000000, 0x0000000100000000)
  region size 1024K, 13 young (13312K), 2 survivors (2048K)
 Metaspace       used 10237K, capacity 10453K, committed 10624K, reserved 1058816K
  class space    used 1048K, capacity 1107K, committed 1152K, reserved 1048576K
}
Event: 12.204 GC heap after
{Heap after GC invocations=2 (full 0):
 garbage-first heap   total 131072K, used 9477K [0x0000000080000000, 0x0000000100000000)
  region size 1024K, 2 young (2048K), 2 survivors (2048K)
 Metaspace       used 10237K, capacity 10453K, committed 10624K, reserved 1058816K
  class space    used 1048K, capacity 1107K, committed 1152K, reserved 1048576K
}
Event: 20.947 GC heap before
{Heap before GC invocations=2 (full 0):
 garbage-first heap   total 131072K, used 38149K [0x0000000080000000, 0x0000000100000000)
  region size 1024K, 29 young (29696K), 2 survivors (2048K)
 Metaspace       used 11174K, capacity 11502K, committed 11776K, reserved 1060864K
  class space    used 1148K, capacity 1243K, committed 1280K, reserved 1048576K
}
Event: 20.952 GC heap after
{Heap after GC invocations=3 (full 0):
 garbage-first heap   total 131072K, used 13230K [0x0000000080000000, 0x0000000100000000)
  region size 1024K, 4 young (4096K), 4 survivors (4096K)
 Metaspace       used 11174K, capacity 11502K, committed 11776K, reserved 1060864K
  class space    used 1148K, capacity 1243K, committed 1280K, reserved 1048576K
}
Event: 30.706 GC heap before
{Heap before GC invocations=3 (full 0):
 garbage-first heap   total 131072K, used 53166K [0x0000000080000000, 0x0000000100000000)
  region size 1024K, 44 young (45056K), 4 survivors (4096K)
 Metaspace       used 17634K, capacity 18056K, committed 18304K, reserved 1064960K
  class space    used 2032K, capacity 2142K, committed 2176K, reserved 1048576K
}
Event: 30.716 GC heap after
{Heap after GC invocations=4 (full 0):
 garbage-first heap   total 131072K, used 16156K [0x0000000080000000, 0x0000000100000000)
  region size 1024K, 6 young (6144K), 6 survivors (6144K)
 Metaspace       used 17634K, capacity 18056K, committed 18304K, reserved 1064960K
  class space    used 2032K, capacity 2142K, committed 2176K, reserved 1048576K
}
Event: 31.244 GC heap before
{Heap before GC invocations=4 (full 0):
 garbage-first heap   total 131072K, used 40732K [0x0000000080000000, 0x0000000100000000)
  region size 1024K, 32 young (32768K), 6 survivors (6144K)
 Metaspace       used 20633K, capacity 21184K, committed 21296K, reserved 1069056K
  class space    used 2474K, capacity 2658K, committed 2688K, reserved 1048576K
}
Event: 31.254 GC heap after
{Heap after GC invocations=5 (full 0):
 garbage-first heap   total 131072K, used 16921K [0x0000000080000000, 0x0000000100000000)
  region size 1024K, 5 young (5120K), 5 survivors (5120K)
 Metaspace       used 20633K, capacity 21184K, committed 21296K, reserved 1069056K
  class space    used 2474K, capacity 2658K, committed 2688K, reserved 1048576K
}
Event: 32.509 GC heap before
{Heap before GC invocations=6 (full 0):
 garbage-first heap   total 131072K, used 66073K [0x0000000080000000, 0x0000000100000000)
  region size 1024K, 53 young (54272K), 5 survivors (5120K)
 Metaspace       used 25685K, capacity 26324K, committed 26544K, reserved 1073152K
  class space    used 3308K, capacity 3504K, committed 3584K, reserved 1048576K
}
Event: 32.517 GC heap after
{Heap after GC invocations=7 (full 0):
 garbage-first heap   total 131072K, used 18616K [0x0000000080000000, 0x0000000100000000)
  region size 1024K, 3 young (3072K), 3 survivors (3072K)
 Metaspace       used 25685K, capacity 26324K, committed 26544K, reserved 1073152K
  class space    used 3308K, capacity 3504K, committed 3584K, reserved 1048576K
}
Event: 34.775 GC heap before
{Heap before GC invocations=7 (full 0):
 garbage-first heap   total 131072K, used 75960K [0x0000000080000000, 0x0000000100000000)
  region size 1024K, 59 young (60416K), 3 survivors (3072K)
 Metaspace       used 34143K, capacity 34906K, committed 35120K, reserved 1079296K
  class space    used 4371K, capacity 4666K, committed 4736K, reserved 1048576K
}
Event: 34.786 GC heap after
{Heap after GC invocations=8 (full 0):
 garbage-first heap   total 131072K, used 22048K [0x0000000080000000, 0x0000000100000000)
  region size 1024K, 6 young (6144K), 6 survivors (6144K)
 Metaspace       used 34143K, capacity 34906K, committed 35120K, reserved 1079296K
  class space    used 4371K, capacity 4666K, committed 4736K, reserved 1048576K
}
Event: 35.002 GC heap before
{Heap before GC invocations=8 (full 0):
 garbage-first heap   total 131072K, used 26144K [0x0000000080000000, 0x0000000100000000)
  region size 1024K, 11 young (11264K), 6 survivors (6144K)
 Metaspace       used 35070K, capacity 35790K, committed 35920K, reserved 1081344K
  class space    used 4473K, capacity 4768K, committed 4864K, reserved 1048576K
}
Event: 35.019 GC heap after
{Heap after GC invocations=9 (full 0):
 garbage-first heap   total 131072K, used 22526K [0x0000000080000000, 0x0000000100000000)
  region size 1024K, 4 young (4096K), 4 survivors (4096K)
 Metaspace       used 35070K, capacity 35790K, committed 35920K, reserved 1081344K
  class space    used 4473K, capacity 4768K, committed 4864K, reserved 1048576K
}

Deoptimization events (20 events):
Event: 36.416 Thread 0x000001684177d800 Uncommon trap: trap_request=0xffffffde fr.pc=0x000001682feb5b40 relative=0x0000000000000440
Event: 36.416 Thread 0x000001684177d800 Uncommon trap: reason=class_check action=maybe_recompile pc=0x000001682feb5b40 method=java.util.regex.Pattern$Start.match(Ljava/util/regex/Matcher;ILjava/lang/CharSequence;)Z @ 44 c2
Event: 36.416 Thread 0x000001684177d800 DEOPT PACKING pc=0x000001682feb5b40 sp=0x00000057b70f7910
Event: 36.416 Thread 0x000001684177d800 DEOPT UNPACKING pc=0x00000168282ba1af sp=0x00000057b70f7850 mode 2
Event: 36.575 Thread 0x000001684177d800 Uncommon trap: trap_request=0xffffffbe fr.pc=0x000001682ff07404 relative=0x0000000000003ce4
Event: 36.575 Thread 0x000001684177d800 Uncommon trap: reason=profile_predicate action=maybe_recompile pc=0x000001682ff07404 method=java.util.AbstractCollection.addAll(Ljava/util/Collection;)Z @ 15 c2
Event: 36.575 Thread 0x000001684177d800 DEOPT PACKING pc=0x000001682ff07404 sp=0x00000057b70f9f70
Event: 36.575 Thread 0x000001684177d800 DEOPT UNPACKING pc=0x00000168282ba1af sp=0x00000057b70f9f88 mode 2
Event: 36.575 Thread 0x000001684177d800 Uncommon trap: trap_request=0xffffffbe fr.pc=0x000001682ff07404 relative=0x0000000000003ce4
Event: 36.575 Thread 0x000001684177d800 Uncommon trap: reason=profile_predicate action=maybe_recompile pc=0x000001682ff07404 method=java.util.AbstractCollection.addAll(Ljava/util/Collection;)Z @ 15 c2
Event: 36.575 Thread 0x000001684177d800 DEOPT PACKING pc=0x000001682ff07404 sp=0x00000057b70f9370
Event: 36.575 Thread 0x000001684177d800 DEOPT UNPACKING pc=0x00000168282ba1af sp=0x00000057b70f9388 mode 2
Event: 36.575 Thread 0x000001684177d800 Uncommon trap: trap_request=0xffffffbe fr.pc=0x000001682ff07404 relative=0x0000000000003ce4
Event: 36.575 Thread 0x000001684177d800 Uncommon trap: reason=profile_predicate action=maybe_recompile pc=0x000001682ff07404 method=java.util.AbstractCollection.addAll(Ljava/util/Collection;)Z @ 15 c2
Event: 36.575 Thread 0x000001684177d800 DEOPT PACKING pc=0x000001682ff07404 sp=0x00000057b70f9370
Event: 36.575 Thread 0x000001684177d800 DEOPT UNPACKING pc=0x00000168282ba1af sp=0x00000057b70f9388 mode 2
Event: 36.575 Thread 0x000001684177d800 Uncommon trap: trap_request=0xffffffbe fr.pc=0x000001682ff07404 relative=0x0000000000003ce4
Event: 36.575 Thread 0x000001684177d800 Uncommon trap: reason=profile_predicate action=maybe_recompile pc=0x000001682ff07404 method=java.util.AbstractCollection.addAll(Ljava/util/Collection;)Z @ 15 c2
Event: 36.575 Thread 0x000001684177d800 DEOPT PACKING pc=0x000001682ff07404 sp=0x00000057b70f9370
Event: 36.575 Thread 0x000001684177d800 DEOPT UNPACKING pc=0x00000168282ba1af sp=0x00000057b70f9388 mode 2

Classes redefined (0 events):
No events

Internal exceptions (20 events):
Event: 36.592 Thread 0x000001684177d800 Exception <a 'java/lang/ClassNotFoundException'{0x000000008583a400}: org/gradle/api/internal/project/AbstractPluginAwareBeanInfo> (0x000000008583a400) thrown at [./src/hotspot/share/classfile/systemDictionary.cpp, line 231]
Event: 36.594 Thread 0x000001684177d800 Exception <a 'java/lang/ClassNotFoundException'{0x0000000085863308}: org/gradle/api/internal/project/AbstractPluginAwareCustomizer> (0x0000000085863308) thrown at [./src/hotspot/share/classfile/systemDictionary.cpp, line 231]
Event: 36.597 Thread 0x000001684177d800 Exception <a 'java/lang/ClassNotFoundException'{0x0000000085890350}: org/gradle/initialization/DefaultSettingsCustomizer> (0x0000000085890350) thrown at [./src/hotspot/share/classfile/systemDictionary.cpp, line 231]
Event: 36.610 Thread 0x000001684177d800 Exception <a 'java/lang/ClassNotFoundException'{0x00000000858e6218}: org/gradle/initialization/DefaultSettings_DecoratedCustomizer> (0x00000000858e6218) thrown at [./src/hotspot/share/classfile/systemDictionary.cpp, line 231]
Event: 36.657 Thread 0x000001684177d800 Exception <a 'java/lang/NoSuchMethodError'{0x00000000857efb38}: 'int java.lang.invoke.DirectMethodHandle$Holder.invokeVirtual(java.lang.Object, java.lang.Object)'> (0x00000000857efb38) thrown at [./src/hotspot/share/interpreter/linkResolver.cpp, line 773]
Event: 36.670 Thread 0x000001684177d800 Exception <a 'java/lang/ClassNotFoundException'{0x0000000085660b00}: org/gradle/internal/metaobject/ConfigureDelegateBeanInfo> (0x0000000085660b00) thrown at [./src/hotspot/share/classfile/systemDictionary.cpp, line 231]
Event: 36.671 Thread 0x000001684177d800 Exception <a 'java/lang/ClassNotFoundException'{0x0000000085688dc0}: org/gradle/internal/metaobject/ConfigureDelegateCustomizer> (0x0000000085688dc0) thrown at [./src/hotspot/share/classfile/systemDictionary.cpp, line 231]
Event: 36.726 Thread 0x000001684177d800 Exception <a 'java/lang/ClassNotFoundException'{0x00000000855a7a20}: org/gradle/internal/management/DefaultDependencyResolutionManagement_DecoratedBeanInfo> (0x00000000855a7a20) thrown at [./src/hotspot/share/classfile/systemDictionary.cpp, line 231]
Event: 36.727 Thread 0x000001684177d800 Exception <a 'java/lang/ClassNotFoundException'{0x00000000855e5de0}: org/gradle/internal/management/DefaultDependencyResolutionManagementBeanInfo> (0x00000000855e5de0) thrown at [./src/hotspot/share/classfile/systemDictionary.cpp, line 231]
Event: 36.730 Thread 0x000001684177d800 Exception <a 'java/lang/ClassNotFoundException'{0x0000000085424ce0}: org/gradle/internal/management/DefaultDependencyResolutionManagementCustomizer> (0x0000000085424ce0) thrown at [./src/hotspot/share/classfile/systemDictionary.cpp, line 231]
Event: 36.733 Thread 0x000001684177d800 Exception <a 'java/lang/ClassNotFoundException'{0x0000000085479488}: org/gradle/internal/management/DefaultDependencyResolutionManagement_DecoratedCustomizer> (0x0000000085479488) thrown at [./src/hotspot/share/classfile/systemDictionary.cpp, line 231]
Event: 36.746 Thread 0x000001684177d800 Exception <a 'java/lang/ClassNotFoundException'{0x00000000854f3e68}: org/gradle/api/initialization/resolve/RepositoriesModeBeanInfo> (0x00000000854f3e68) thrown at [./src/hotspot/share/classfile/systemDictionary.cpp, line 231]
Event: 36.747 Thread 0x000001684177d800 Exception <a 'java/lang/ClassNotFoundException'{0x00000000854f8d98}: java/lang/EnumBeanInfo> (0x00000000854f8d98) thrown at [./src/hotspot/share/classfile/systemDictionary.cpp, line 231]
Event: 36.747 Thread 0x000001684177d800 Exception <a 'java/lang/ClassNotFoundException'{0x00000000854fdc80}: java/lang/EnumCustomizer> (0x00000000854fdc80) thrown at [./src/hotspot/share/classfile/systemDictionary.cpp, line 231]
Event: 36.750 Thread 0x000001684177d800 Exception <a 'java/lang/ClassNotFoundException'{0x000000008532fa80}: org/gradle/api/initialization/resolve/RepositoriesModeCustomizer> (0x000000008532fa80) thrown at [./src/hotspot/share/classfile/systemDictionary.cpp, line 231]
Event: 36.771 Thread 0x000001684177d800 Exception <a 'java/lang/ClassNotFoundException'{0x00000000853f3d78}: org/gradle/api/internal/provider/DefaultPropertyBeanInfo> (0x00000000853f3d78) thrown at [./src/hotspot/share/classfile/systemDictionary.cpp, line 231]
Event: 36.772 Thread 0x000001684177d800 Exception <a 'java/lang/ClassNotFoundException'{0x000000008521d4f0}: org/gradle/api/internal/provider/AbstractPropertyBeanInfo> (0x000000008521d4f0) thrown at [./src/hotspot/share/classfile/systemDictionary.cpp, line 231]
Event: 36.774 Thread 0x000001684177d800 Exception <a 'java/lang/ClassNotFoundException'{0x0000000085248748}: org/gradle/api/internal/provider/AbstractMinimalProviderBeanInfo> (0x0000000085248748) thrown at [./src/hotspot/share/classfile/systemDictionary.cpp, line 231]
Event: 36.776 Thread 0x000001684177d800 Exception <a 'java/lang/ClassNotFoundException'{0x0000000085274758}: org/gradle/api/internal/provider/AbstractMinimalProviderCustomizer> (0x0000000085274758) thrown at [./src/hotspot/share/classfile/systemDictionary.cpp, line 231]
Event: 36.782 Thread 0x000001684177d800 Exception <a 'java/lang/ClassNotFoundException'{0x00000000852d74d0}: org/gradle/api/internal/provider/AbstractPropertyCustomizer> (0x00000000852d74d0) thrown at [./src/hotspot/share/classfile/systemDictionary.cpp, line 231]

Events (20 events):
Event: 36.776 loading class org/gradle/api/internal/provider/AbstractMinimalProviderCustomizer
Event: 36.776 loading class org/gradle/api/internal/provider/AbstractMinimalProviderCustomizer done
Event: 36.778 loading class org/gradle/api/internal/provider/ValueSupplier$ChangingExecutionTimeValue
Event: 36.778 loading class org/gradle/api/internal/provider/ValueSupplier$ChangingExecutionTimeValue done
Event: 36.779 loading class org/gradle/api/internal/provider/ValueSupplier$FixedExecutionTimeValue
Event: 36.779 loading class org/gradle/api/internal/provider/ValueSupplier$FixedExecutionTimeValue done
Event: 36.779 loading class org/gradle/api/internal/provider/ValueSupplier$MissingExecutionTimeValue
Event: 36.779 loading class org/gradle/api/internal/provider/ValueSupplier$MissingExecutionTimeValue done
Event: 36.781 loading class org/gradle/api/internal/provider/AbstractPropertyCustomizer
Event: 36.781 loading class org/gradle/api/internal/provider/AbstractPropertyCustomizer done
Event: 36.781 loading class org/gradle/api/internal/provider/AbstractPropertyCustomizer
Event: 36.781 loading class org/gradle/api/internal/provider/AbstractPropertyCustomizer done
Event: 36.781 loading class org/gradle/api/internal/provider/AbstractPropertyCustomizer
Event: 36.781 loading class org/gradle/api/internal/provider/AbstractPropertyCustomizer done
Event: 36.782 loading class org/gradle/api/internal/provider/AbstractPropertyCustomizer
Event: 36.782 loading class org/gradle/api/internal/provider/AbstractPropertyCustomizer done
Event: 36.783 loading class org/gradle/api/internal/provider/DefaultPropertyCustomizer
Event: 36.783 loading class org/gradle/api/internal/provider/DefaultPropertyCustomizer done
Event: 36.783 loading class org/gradle/api/internal/provider/DefaultPropertyCustomizer
Event: 36.783 loading class org/gradle/api/internal/provider/DefaultPropertyCustomizer done


Dynamic libraries:
0x00007ff793750000 - 0x00007ff79375a000 	E:\Programs\Android Studio\jre\bin\java.exe
0x00007ffcbb670000 - 0x00007ffcbb868000 	C:\Windows\SYSTEM32\ntdll.dll
0x00007ffc8c960000 - 0x00007ffc8c977000 	C:\Program Files\Avast Software\Avast\aswhook.dll
0x00007ffcba470000 - 0x00007ffcba52f000 	C:\Windows\System32\KERNEL32.DLL
0x00007ffcb8f80000 - 0x00007ffcb9252000 	C:\Windows\System32\KERNELBASE.dll
0x00007ffcb8e80000 - 0x00007ffcb8f80000 	C:\Windows\System32\ucrtbase.dll
0x00007ffc9d280000 - 0x00007ffc9d299000 	E:\Programs\Android Studio\jre\bin\jli.dll
0x00007ffcbadf0000 - 0x00007ffcbaf8d000 	C:\Windows\System32\USER32.dll
0x00007ffcb9550000 - 0x00007ffcb9572000 	C:\Windows\System32\win32u.dll
0x00007ffcbb2b0000 - 0x00007ffcbb2db000 	C:\Windows\System32\GDI32.dll
0x00007ffcb8d70000 - 0x00007ffcb8e7f000 	C:\Windows\System32\gdi32full.dll
0x00007ffcb9480000 - 0x00007ffcb951d000 	C:\Windows\System32\msvcp_win.dll
0x00007ffca52d0000 - 0x00007ffca556a000 	C:\Windows\WinSxS\amd64_microsoft.windows.common-controls_6595b64144ccf1df_6.0.19041.1110_none_60b5254171f9507e\COMCTL32.dll
0x00007ffcbb210000 - 0x00007ffcbb2ae000 	C:\Windows\System32\msvcrt.dll
0x00007ffc9d120000 - 0x00007ffc9d137000 	E:\Programs\Android Studio\jre\bin\VCRUNTIME140.dll
0x00007ffcbaad0000 - 0x00007ffcbab02000 	C:\Windows\System32\IMM32.DLL
0x00007ffc70f60000 - 0x00007ffc70ffd000 	E:\Programs\Android Studio\jre\bin\msvcp140.dll
0x00007ffc539e0000 - 0x00007ffc544e2000 	E:\Programs\Android Studio\jre\bin\server\jvm.dll
0x00007ffcbb420000 - 0x00007ffcbb4ce000 	C:\Windows\System32\ADVAPI32.dll
0x00007ffcbad50000 - 0x00007ffcbadec000 	C:\Windows\System32\sechost.dll
0x00007ffcba9a0000 - 0x00007ffcbaac5000 	C:\Windows\System32\RPCRT4.dll
0x00007ffcbb2e0000 - 0x00007ffcbb2e8000 	C:\Windows\System32\PSAPI.DLL
0x00007ffca5580000 - 0x00007ffca55a7000 	C:\Windows\SYSTEM32\WINMM.dll
0x00007ffca3a70000 - 0x00007ffca3a79000 	C:\Windows\SYSTEM32\WSOCK32.dll
0x00007ffcbb1a0000 - 0x00007ffcbb20b000 	C:\Windows\System32\WS2_32.dll
0x00007ffcb6d10000 - 0x00007ffcb6d1a000 	C:\Windows\SYSTEM32\VERSION.dll
0x00007ffcb75c0000 - 0x00007ffcb75d2000 	C:\Windows\SYSTEM32\kernel.appcore.dll
0x00007ffcb28a0000 - 0x00007ffcb28b1000 	E:\Programs\Android Studio\jre\bin\verify.dll
0x00007ffca9360000 - 0x00007ffca9544000 	C:\Windows\SYSTEM32\DBGHELP.DLL
0x00007ffca91e0000 - 0x00007ffca920c000 	C:\Windows\SYSTEM32\dbgcore.DLL
0x00007ffcb9580000 - 0x00007ffcb9602000 	C:\Windows\System32\bcryptPrimitives.dll
0x00007ffcb27c0000 - 0x00007ffcb27e9000 	E:\Programs\Android Studio\jre\bin\java.dll
0x00007ffcb6960000 - 0x00007ffcb696b000 	E:\Programs\Android Studio\jre\bin\jimage.dll
0x00007ffcb2780000 - 0x00007ffcb2798000 	E:\Programs\Android Studio\jre\bin\zip.dll
0x00007ffcb9870000 - 0x00007ffcb9fb3000 	C:\Windows\System32\SHELL32.dll
0x00007ffcb6e10000 - 0x00007ffcb75a2000 	C:\Windows\SYSTEM32\windows.storage.dll
0x00007ffcba110000 - 0x00007ffcba464000 	C:\Windows\System32\combase.dll
0x00007ffcb87d0000 - 0x00007ffcb8800000 	C:\Windows\SYSTEM32\Wldp.dll
0x00007ffcbab10000 - 0x00007ffcbabbd000 	C:\Windows\System32\SHCORE.dll
0x00007ffcbacf0000 - 0x00007ffcbad45000 	C:\Windows\System32\shlwapi.dll
0x00007ffcb8cb0000 - 0x00007ffcb8ccf000 	C:\Windows\SYSTEM32\profapi.dll
0x00007ffcafdd0000 - 0x00007ffcafdea000 	E:\Programs\Android Studio\jre\bin\net.dll
0x00007ffca7980000 - 0x00007ffca7a8c000 	C:\Windows\SYSTEM32\WINHTTP.dll
0x00007ffcb8530000 - 0x00007ffcb859a000 	C:\Windows\system32\mswsock.dll
0x00007ffca2ff0000 - 0x00007ffca3004000 	E:\Programs\Android Studio\jre\bin\nio.dll
0x00007ffc99660000 - 0x00007ffc99687000 	C:\Users\a0587\.gradle\native\8bec1ad78214c89d9ad589b4d07fe93259594b29d510b10fafb7a158f7737e5d\windows-amd64\native-platform.dll
0x00007ffc6e800000 - 0x00007ffc6e93d000 	C:\Users\a0587\.gradle\native\53dbd7edfb1c66fb8903c78663c9afc45aea4f116125fa6feffd364cf09443e8\windows-amd64\native-platform-file-events.dll
0x00007ffcb47d0000 - 0x00007ffcb47da000 	E:\Programs\Android Studio\jre\bin\management.dll
0x00007ffcb4020000 - 0x00007ffcb402d000 	E:\Programs\Android Studio\jre\bin\management_ext.dll
0x00007ffcb8720000 - 0x00007ffcb8738000 	C:\Windows\SYSTEM32\CRYPTSP.dll
0x00007ffcb7de0000 - 0x00007ffcb7e14000 	C:\Windows\system32\rsaenh.dll
0x00007ffcb9520000 - 0x00007ffcb9547000 	C:\Windows\System32\bcrypt.dll
0x00007ffcb8c70000 - 0x00007ffcb8c9e000 	C:\Windows\SYSTEM32\USERENV.dll
0x00007ffcb8740000 - 0x00007ffcb874c000 	C:\Windows\SYSTEM32\CRYPTBASE.dll
0x00007ffcb81d0000 - 0x00007ffcb820b000 	C:\Windows\SYSTEM32\IPHLPAPI.DLL
0x00007ffcbb190000 - 0x00007ffcbb198000 	C:\Windows\System32\NSI.dll
0x00007ffcae0e0000 - 0x00007ffcae0f7000 	C:\Windows\SYSTEM32\dhcpcsvc6.DLL
0x00007ffcae980000 - 0x00007ffcae99d000 	C:\Windows\SYSTEM32\dhcpcsvc.DLL
0x00007ffcb8220000 - 0x00007ffcb82ea000 	C:\Windows\SYSTEM32\DNSAPI.dll

dbghelp: loaded successfully - version: 4.0.5 - missing functions: none
symbol engine: initialized successfully - sym options: 0x614 - pdb path: .;E:\Programs\Android Studio\jre\bin;C:\Windows\SYSTEM32;C:\Program Files\Avast Software\Avast;C:\Windows\WinSxS\amd64_microsoft.windows.common-controls_6595b64144ccf1df_6.0.19041.1110_none_60b5254171f9507e;E:\Programs\Android Studio\jre\bin\server;C:\Users\a0587\.gradle\native\8bec1ad78214c89d9ad589b4d07fe93259594b29d510b10fafb7a158f7737e5d\windows-amd64;C:\Users\a0587\.gradle\native\53dbd7edfb1c66fb8903c78663c9afc45aea4f116125fa6feffd364cf09443e8\windows-amd64

VM Arguments:
jvm_args: --add-opens=java.base/java.util=ALL-UNNAMED --add-opens=java.base/java.lang=ALL-UNNAMED --add-opens=java.base/java.lang.invoke=ALL-UNNAMED --add-opens=java.base/java.util=ALL-UNNAMED --add-opens=java.prefs/java.util.prefs=ALL-UNNAMED --add-opens=java.prefs/java.util.prefs=ALL-UNNAMED --add-opens=java.base/java.nio.charset=ALL-UNNAMED --add-opens=java.base/java.net=ALL-UNNAMED --add-opens=java.base/java.util.concurrent.atomic=ALL-UNNAMED -Xmx2048m -Dfile.encoding=UTF-8 -Duser.country=TW -Duser.language=zh -Duser.variant 
java_command: org.gradle.launcher.daemon.bootstrap.GradleDaemon 7.0.2
java_class_path (initial): C:\Users\a0587\.gradle\wrapper\dists\gradle-7.0.2-bin\857tjihv64xamwrf0h14cai3r\gradle-7.0.2\lib\gradle-launcher-7.0.2.jar
Launcher Type: SUN_STANDARD

[Global flags]
     intx CICompilerCount                          = 3                                         {product} {ergonomic}
     uint ConcGCThreads                            = 1                                         {product} {ergonomic}
     uint G1ConcRefinementThreads                  = 4                                         {product} {ergonomic}
   size_t G1HeapRegionSize                         = 1048576                                   {product} {ergonomic}
    uintx GCDrainStackTargetSize                   = 64                                        {product} {ergonomic}
   size_t InitialHeapSize                          = 134217728                                 {product} {ergonomic}
   size_t MarkStackSize                            = 4194304                                   {product} {ergonomic}
   size_t MaxHeapSize                              = 2147483648                                {product} {command line}
   size_t MaxNewSize                               = 1287651328                                {product} {ergonomic}
   size_t MinHeapDeltaBytes                        = 1048576                                   {product} {ergonomic}
    uintx NonNMethodCodeHeapSize                   = 5830732                                {pd product} {ergonomic}
    uintx NonProfiledCodeHeapSize                  = 122913754                              {pd product} {ergonomic}
    uintx ProfiledCodeHeapSize                     = 122913754                              {pd product} {ergonomic}
    uintx ReservedCodeCacheSize                    = 251658240                              {pd product} {ergonomic}
     bool SegmentedCodeCache                       = true                                      {product} {ergonomic}
     bool UseCompressedClassPointers               = true                                 {lp64_product} {ergonomic}
     bool UseCompressedOops                        = true                                 {lp64_product} {ergonomic}
     bool UseG1GC                                  = true                                      {product} {ergonomic}
     bool UseLargePagesIndividualAllocation        = false                                  {pd product} {ergonomic}

Logging:
Log output configuration:
 #0: stdout all=warning uptime,level,tags
 #1: stderr all=off uptime,level,tags

Environment Variables:
PATH=C:\Windows\system32;C:\Windows;C:\Windows\System32\Wbem;C:\Windows\System32\WindowsPowerShell\v1.0\;C:\Windows\System32\OpenSSH\;C:\Program Files\PuTTY\;E:\Programs\Anaconda;E:\Programs\Anaconda\Library\mingw-w64\bin;E:\Programs\Anaconda\Library\usr\bin;E:\Programs\Anaconda\Library\bin;E:\Programs\Anaconda\Scripts;C:\Users\a0587\AppData\Local\Microsoft\WindowsApps;E:\Programs\Microsoft VS Code\bin
USERNAME=Billy
OS=Windows_NT
PROCESSOR_IDENTIFIER=Intel64 Family 6 Model 142 Stepping 9, GenuineIntel



---------------  S Y S T E M  ---------------

OS: Windows 10 , 64 bit Build 19041 (10.0.19041.2251)
OS uptime: 5 days 13:02 hours

CPU:total 4 (initial active 4) (2 cores per cpu, 2 threads per core) family 6 model 142 stepping 9 microcode 0xb4, cmov, cx8, fxsr, mmx, sse, sse2, sse3, ssse3, sse4.1, sse4.2, popcnt, avx, avx2, aes, clmul, erms, 3dnowpref, lzcnt, ht, tsc, tscinvbit, bmi1, bmi2, adx, fma

Memory: 4k page, system-wide physical 8073M (690M free)
TotalPageFile size 8073M (AvailPageFile size 1M)
current process WorkingSet (physical memory assigned to process): 225M, peak: 228M
current process commit charge ("private bytes"): 298M, peak: 302M

vm_info: OpenJDK 64-Bit Server VM (11.0.13+0-b1751.21-8125866) for windows-amd64 JRE (11.0.13+0-b1751.21-8125866), built on Feb  2 2022 03:00:22 by "builder" with MS VC++ 14.0 (VS2015)

END.
