#
# There is insufficient memory for the Java Runtime Environment to continue.
# Native memory allocation (malloc) failed to allocate 1081216 bytes for Chunk::new
# Possible reasons:
#   The system is out of physical RAM or swap space
#   The process is running with CompressedOops enabled, and the Java Heap may be blocking the growth of the native heap
# Possible solutions:
#   Reduce memory load on the system
#   Increase physical memory or swap space
#   Check if swap backing store is full
#   Decrease Java heap size (-Xmx/-Xms)
#   Decrease number of Java threads
#   Decrease Java thread stack sizes (-Xss)
#   Set larger code cache with -XX:ReservedCodeCacheSize=
#   JVM is running with Unscaled Compressed Oops mode in which the Java heap is
#     placed in the first 4GB address space. The Java Heap base address is the
#     maximum limit for the native heap growth. Please use -XX:HeapBaseMinAddress
#     to set the Java Heap base and to place the Java Heap above 4GB virtual address.
# This output file may be truncated or incomplete.
#
#  Out of Memory Error (./src/hotspot/share/memory/arena.cpp:197), pid=10360, tid=12088
#
# JRE version: OpenJDK Runtime Environment (11.0.13) (build 11.0.13+0-b1751.21-8125866)
# Java VM: OpenJDK 64-Bit Server VM (11.0.13+0-b1751.21-8125866, mixed mode, tiered, compressed oops, g1 gc, windows-amd64)
# No core dump will be written. Minidumps are not enabled by default on client versions of Windows
#

---------------  S U M M A R Y ------------

Command Line: --add-opens=java.base/java.util=ALL-UNNAMED --add-opens=java.base/java.lang=ALL-UNNAMED --add-opens=java.base/java.lang.invoke=ALL-UNNAMED --add-opens=java.base/java.util=ALL-UNNAMED --add-opens=java.prefs/java.util.prefs=ALL-UNNAMED --add-opens=java.prefs/java.util.prefs=ALL-UNNAMED --add-opens=java.base/java.nio.charset=ALL-UNNAMED --add-opens=java.base/java.net=ALL-UNNAMED --add-opens=java.base/java.util.concurrent.atomic=ALL-UNNAMED -Xmx2048m -Dfile.encoding=UTF-8 -Duser.country=TW -Duser.language=zh -Duser.variant org.gradle.launcher.daemon.bootstrap.GradleDaemon 7.0.2

Host: Intel(R) Core(TM) i5-7200U CPU @ 2.50GHz, 4 cores, 7G,  Windows 10 , 64 bit Build 19041 (10.0.19041.1889)
Time: Wed Oct 26 12:18:53 2022 台北標準時間 elapsed time: 3963.469384 seconds (0d 1h 6m 3s)

---------------  T H R E A D  ---------------

Current thread (0x000001d510653000):  JavaThread "C2 CompilerThread1" daemon [_thread_in_native, id=12088, stack(0x0000004506900000,0x0000004506a00000)]


Current CompileTask:
C2:3963469 21056 %     4       com.android.tools.r8.ir.regalloc.a::a @ 1405 (3985 bytes)

Stack: [0x0000004506900000,0x0000004506a00000]
Native frames: (J=compiled Java code, j=interpreted, Vv=VM code, C=native code)
V  [jvm.dll+0x6100fa]
V  [jvm.dll+0x747090]
V  [jvm.dll+0x7486ad]
V  [jvm.dll+0x748d83]
V  [jvm.dll+0x24ab48]
V  [jvm.dll+0xc04dc]
V  [jvm.dll+0xc0a0c]
V  [jvm.dll+0x2bfab4]
V  [jvm.dll+0x524238]
V  [jvm.dll+0x2045ac]
V  [jvm.dll+0x2023c2]
V  [jvm.dll+0x188e01]
V  [jvm.dll+0x21106b]
V  [jvm.dll+0x20f8c1]
V  [jvm.dll+0x70de0f]
V  [jvm.dll+0x706a75]
V  [jvm.dll+0x60ed66]
C  [ucrtbase.dll+0x21bb2]
C  [KERNEL32.DLL+0x17034]
C  [ntdll.dll+0x526a1]


---------------  P R O C E S S  ---------------

Threads class SMR info:
_java_thread_list=0x000001d510a8d4b0, length=54, elements={
0x000001d572401000, 0x000001d57ef49800, 0x000001d57ef4a800, 0x000001d57ef66000,
0x000001d57ef67000, 0x000001d57ef6a800, 0x000001d57ef6d800, 0x000001d57ef73000,
0x000001d57ef87000, 0x000001d57f98c000, 0x000001d510586000, 0x000001d5106a2800,
0x000001d50fe12000, 0x000001d511633000, 0x000001d511633800, 0x000001d511632000,
0x000001d511634800, 0x000001d51162f000, 0x000001d51261f800, 0x000001d51261d800,
0x000001d51261d000, 0x000001d51261e800, 0x000001d512626800, 0x000001d512622800,
0x000001d512629000, 0x000001d515341000, 0x000001d515343800, 0x000001d511631800,
0x000001d511630800, 0x000001d51162e000, 0x000001d51162f800, 0x000001d515339000,
0x000001d51533a800, 0x000001d515339800, 0x000001d51533b800, 0x000001d51533d000,
0x000001d51533c000, 0x000001d515337000, 0x000001d51533d800, 0x000001d515338000,
0x000001d510653000, 0x000001d515342000, 0x000001d515342800, 0x000001d515344800,
0x000001d51533e800, 0x000001d515345000, 0x000001d51533f800, 0x000001d515346000,
0x000001d515340000, 0x000001d512620000, 0x000001d512621000, 0x000001d512627800,
0x000001d512622000, 0x000001d512628800
}

Java Threads: ( => current thread )
  0x000001d572401000 JavaThread "main" [_thread_blocked, id=14724, stack(0x0000004504300000,0x0000004504400000)]
  0x000001d57ef49800 JavaThread "Reference Handler" daemon [_thread_blocked, id=6928, stack(0x0000004504a00000,0x0000004504b00000)]
  0x000001d57ef4a800 JavaThread "Finalizer" daemon [_thread_blocked, id=4076, stack(0x0000004504b00000,0x0000004504c00000)]
  0x000001d57ef66000 JavaThread "Signal Dispatcher" daemon [_thread_blocked, id=10892, stack(0x0000004504c00000,0x0000004504d00000)]
  0x000001d57ef67000 JavaThread "Attach Listener" daemon [_thread_blocked, id=12944, stack(0x0000004504d00000,0x0000004504e00000)]
  0x000001d57ef6a800 JavaThread "Service Thread" daemon [_thread_blocked, id=1680, stack(0x0000004504e00000,0x0000004504f00000)]
  0x000001d57ef6d800 JavaThread "C2 CompilerThread0" daemon [_thread_in_native, id=9168, stack(0x0000004504f00000,0x0000004505000000)]
  0x000001d57ef73000 JavaThread "C1 CompilerThread0" daemon [_thread_blocked, id=12572, stack(0x0000004505000000,0x0000004505100000)]
  0x000001d57ef87000 JavaThread "Sweeper thread" daemon [_thread_blocked, id=15260, stack(0x0000004505100000,0x0000004505200000)]
  0x000001d57f98c000 JavaThread "Common-Cleaner" daemon [_thread_blocked, id=10756, stack(0x0000004505200000,0x0000004505300000)]
  0x000001d510586000 JavaThread "Daemon health stats" [_thread_blocked, id=13968, stack(0x0000004505700000,0x0000004505800000)]
  0x000001d5106a2800 JavaThread "Incoming local TCP Connector on port 52602" [_thread_in_native, id=10996, stack(0x0000004505600000,0x0000004505700000)]
  0x000001d50fe12000 JavaThread "Daemon periodic checks" [_thread_blocked, id=5084, stack(0x0000004505800000,0x0000004505900000)]
  0x000001d511633000 JavaThread "Cache worker for file hash cache (C:\Users\a0587\.gradle\caches\7.0.2\fileHashes)" [_thread_blocked, id=8744, stack(0x0000004506100000,0x0000004506200000)]
  0x000001d511633800 JavaThread "File lock request listener" [_thread_in_native, id=13504, stack(0x0000004506200000,0x0000004506300000)]
  0x000001d511632000 JavaThread "Cache worker for journal cache (C:\Users\a0587\.gradle\caches\journal-1)" [_thread_blocked, id=15068, stack(0x0000004506300000,0x0000004506400000)]
  0x000001d511634800 JavaThread "File watcher server" daemon [_thread_in_native, id=15180, stack(0x0000004506600000,0x0000004506700000)]
  0x000001d51162f000 JavaThread "File watcher consumer" daemon [_thread_blocked, id=3444, stack(0x0000004506700000,0x0000004506800000)]
  0x000001d51261f800 JavaThread "Cache worker for execution history cache (C:\Users\a0587\.gradle\caches\7.0.2\executionHistory)" [_thread_blocked, id=8332, stack(0x0000004506b00000,0x0000004506c00000)]
  0x000001d51261d800 JavaThread "jar transforms" [_thread_blocked, id=15040, stack(0x0000004506c00000,0x0000004506d00000)]
  0x000001d51261d000 JavaThread "jar transforms Thread 2" [_thread_blocked, id=5692, stack(0x0000004506d00000,0x0000004506e00000)]
  0x000001d51261e800 JavaThread "Cache worker for file content cache (C:\Users\a0587\.gradle\caches\7.0.2\fileContent)" [_thread_blocked, id=14732, stack(0x0000004506e00000,0x0000004506f00000)]
  0x000001d512626800 JavaThread "jar transforms Thread 3" [_thread_blocked, id=12560, stack(0x0000004507000000,0x0000004507100000)]
  0x000001d512622800 JavaThread "jar transforms Thread 4" [_thread_blocked, id=8728, stack(0x0000004507600000,0x0000004507700000)]
  0x000001d512629000 JavaThread "Memory manager" [_thread_blocked, id=1944, stack(0x0000004507700000,0x0000004507800000)]
  0x000001d515341000 JavaThread "Cache worker for Java compile cache (C:\Users\a0587\.gradle\caches\7.0.2\javaCompile)" [_thread_blocked, id=9916, stack(0x0000004507a00000,0x0000004507b00000)]
  0x000001d515343800 JavaThread "ForkJoinPool.commonPool-worker-3" daemon [_thread_blocked, id=10068, stack(0x0000004508100000,0x0000004508200000)]
  0x000001d511631800 JavaThread "Daemon Thread 5" [_thread_blocked, id=9640, stack(0x0000004504000000,0x0000004504100000)]
  0x000001d511630800 JavaThread "Handler for socket connection from /127.0.0.1:52602 to /127.0.0.1:59334" [_thread_in_native, id=4160, stack(0x0000004504100000,0x0000004504200000)]
  0x000001d51162e000 JavaThread "Cancel handler" [_thread_blocked, id=12996, stack(0x0000004504200000,0x0000004504300000)]
  0x000001d51162f800 JavaThread "Daemon worker Thread 5" [_thread_blocked, id=268, stack(0x0000004505900000,0x0000004505a00000)]
  0x000001d515339000 JavaThread "Asynchronous log dispatcher for DefaultDaemonConnection: socket connection from /127.0.0.1:52602 to /127.0.0.1:59334" [_thread_blocked, id=10084, stack(0x0000004505a00000,0x0000004505b00000)]
  0x000001d51533a800 JavaThread "Stdin handler" [_thread_blocked, id=9788, stack(0x0000004505b00000,0x0000004505c00000)]
  0x000001d515339800 JavaThread "Daemon client event forwarder" [_thread_blocked, id=3596, stack(0x0000004505c00000,0x0000004505d00000)]
  0x000001d51533b800 JavaThread "Cache worker for file hash cache (E:\Programs\Test\.gradle\7.0.2\fileHashes)" [_thread_blocked, id=8140, stack(0x0000004505d00000,0x0000004505e00000)]
  0x000001d51533d000 JavaThread "Cache worker for checksums cache (E:\Programs\Test\.gradle\checksums)" [_thread_blocked, id=14792, stack(0x0000004505e00000,0x0000004505f00000)]
  0x000001d51533c000 JavaThread "Cache worker for cache directory md-supplier (C:\Users\a0587\.gradle\caches\7.0.2\md-supplier)" [_thread_blocked, id=6832, stack(0x0000004505f00000,0x0000004506000000)]
  0x000001d515337000 JavaThread "Cache worker for cache directory md-rule (C:\Users\a0587\.gradle\caches\7.0.2\md-rule)" [_thread_blocked, id=13796, stack(0x0000004506400000,0x0000004506500000)]
  0x000001d51533d800 JavaThread "Cache worker for dependencies-accessors (E:\Programs\Test\.gradle\7.0.2\dependencies-accessors)" [_thread_blocked, id=12656, stack(0x0000004506500000,0x0000004506600000)]
  0x000001d515338000 JavaThread "Cache worker for Build Output Cleanup Cache (E:\Programs\Test\.gradle\buildOutputCleanup)" [_thread_blocked, id=7368, stack(0x0000004506800000,0x0000004506900000)]
=>0x000001d510653000 JavaThread "C2 CompilerThread1" daemon [_thread_in_native, id=12088, stack(0x0000004506900000,0x0000004506a00000)]
  0x000001d515342000 JavaThread "Build operations" [_thread_blocked, id=13720, stack(0x0000004506a00000,0x0000004506b00000)]
  0x000001d515342800 JavaThread "Build operations Thread 2" [_thread_blocked, id=408, stack(0x0000004506f00000,0x0000004507000000)]
  0x000001d515344800 JavaThread "Build operations Thread 3" [_thread_blocked, id=13600, stack(0x0000004507100000,0x0000004507200000)]
  0x000001d51533e800 JavaThread "Build operations Thread 4" [_thread_blocked, id=7324, stack(0x0000004507200000,0x0000004507300000)]
  0x000001d515345000 JavaThread "build event listener" [_thread_blocked, id=14260, stack(0x0000004507300000,0x0000004507400000)]
  0x000001d51533f800 JavaThread "Execution worker for ':'" [_thread_blocked, id=14580, stack(0x0000004507400000,0x0000004507500000)]
  0x000001d515346000 JavaThread "Execution worker for ':' Thread 2" [_thread_blocked, id=14576, stack(0x0000004507500000,0x0000004507600000)]
  0x000001d515340000 JavaThread "Execution worker for ':' Thread 3" [_thread_blocked, id=9876, stack(0x0000004507800000,0x0000004507900000)]
  0x000001d512620000 JavaThread "Cache worker for execution history cache (E:\Programs\Test\.gradle\7.0.2\executionHistory)" [_thread_blocked, id=13544, stack(0x0000004507900000,0x0000004507a00000)]
  0x000001d512621000 JavaThread "WorkerExecutor Queue" [_thread_blocked, id=7580, stack(0x0000004507b00000,0x0000004507c00000)]
  0x000001d512627800 JavaThread "WorkerExecutor Queue Thread 2" [_thread_in_Java, id=4912, stack(0x0000004507c00000,0x0000004507d00000)]
  0x000001d512622000 JavaThread "WorkerExecutor Queue Thread 3" [_thread_blocked, id=14476, stack(0x0000004507e00000,0x0000004507f00000)]
  0x000001d512628800 JavaThread "WorkerExecutor Queue Thread 4" [_thread_blocked, id=13372, stack(0x0000004508200000,0x0000004508300000)]

Other Threads:
  0x000001d57ef44800 VMThread "VM Thread" [stack: 0x0000004504900000,0x0000004504a00000] [id=14520]
  0x000001d57f9fa000 WatcherThread [stack: 0x0000004505300000,0x0000004505400000] [id=208]
  0x000001d57241a800 GCTaskThread "GC Thread#0" [stack: 0x0000004504400000,0x0000004504500000] [id=14760]
  0x000001d57fbf3800 GCTaskThread "GC Thread#1" [stack: 0x0000004505400000,0x0000004505500000] [id=15052]
  0x000001d50f10b000 GCTaskThread "GC Thread#2" [stack: 0x0000004505500000,0x0000004505600000] [id=14648]
  0x000001d5116b4000 GCTaskThread "GC Thread#3" [stack: 0x0000004506000000,0x0000004506100000] [id=2576]
  0x000001d57244a800 ConcurrentGCThread "G1 Main Marker" [stack: 0x0000004504500000,0x0000004504600000] [id=7040]
  0x000001d57244c800 ConcurrentGCThread "G1 Conc#0" [stack: 0x0000004504600000,0x0000004504700000] [id=13528]
  0x000001d5724d9000 ConcurrentGCThread "G1 Refine#0" [stack: 0x0000004504700000,0x0000004504800000] [id=7492]
  0x000001d5724db000 ConcurrentGCThread "G1 Young RemSet Sampling" [stack: 0x0000004504800000,0x0000004504900000] [id=9884]

Threads with active compile tasks:
C2 CompilerThread03963581 21024       4       com.android.tools.r8.internal.X4::a (366 bytes)
C2 CompilerThread13963581 21056 %     4       com.android.tools.r8.ir.regalloc.a::a @ 1405 (3985 bytes)

VM state:not at safepoint (normal execution)

VM Mutex/Monitor currently owned by a thread: None

Heap address: 0x0000000080000000, size: 2048 MB, Compressed Oops mode: 32-bit
Narrow klass base: 0x0000000000000000, Narrow klass shift: 3
Compressed class space size: 1073741824 Address: 0x0000000100000000

Heap:
 garbage-first heap   total 189440K, used 97124K [0x0000000080000000, 0x0000000100000000)
  region size 1024K, 4 young (4096K), 2 survivors (2048K)
 Metaspace       used 115324K, capacity 118620K, committed 118832K, reserved 1153024K
  class space    used 14340K, capacity 15550K, committed 15616K, reserved 1048576K
Heap Regions: E=young(eden), S=young(survivor), O=old, HS=humongous(starts), HC=humongous(continues), CS=collection set, F=free, A=archive, TAMS=top-at-mark-start (previous, next)
|   0|0x0000000080000000, 0x0000000080100000, 0x0000000080100000|100%| O|  |TAMS 0x0000000080100000, 0x0000000080000000| Untracked 
|   1|0x0000000080100000, 0x0000000080200000, 0x0000000080200000|100%| O|  |TAMS 0x0000000080200000, 0x0000000080100000| Untracked 
|   2|0x0000000080200000, 0x0000000080300000, 0x0000000080300000|100%| O|  |TAMS 0x0000000080300000, 0x0000000080200000| Untracked 
|   3|0x0000000080300000, 0x0000000080400000, 0x0000000080400000|100%|HS|  |TAMS 0x0000000080400000, 0x0000000080300000| Complete 
|   4|0x0000000080400000, 0x0000000080500000, 0x0000000080500000|100%|HC|  |TAMS 0x0000000080500000, 0x0000000080400000| Complete 
|   5|0x0000000080500000, 0x0000000080600000, 0x0000000080600000|100%|HC|  |TAMS 0x0000000080600000, 0x0000000080500000| Complete 
|   6|0x0000000080600000, 0x0000000080700000, 0x0000000080700000|100%| O|  |TAMS 0x0000000080700000, 0x0000000080600000| Untracked 
|   7|0x0000000080700000, 0x0000000080800000, 0x0000000080800000|100%| O|  |TAMS 0x0000000080800000, 0x0000000080700000| Untracked 
|   8|0x0000000080800000, 0x0000000080900000, 0x0000000080900000|100%| O|  |TAMS 0x0000000080900000, 0x0000000080800000| Untracked 
|   9|0x0000000080900000, 0x0000000080a00000, 0x0000000080a00000|100%| O|  |TAMS 0x0000000080a00000, 0x0000000080900000| Untracked 
|  10|0x0000000080a00000, 0x0000000080b00000, 0x0000000080b00000|100%| O|  |TAMS 0x0000000080b00000, 0x0000000080a00000| Untracked 
|  11|0x0000000080b00000, 0x0000000080c00000, 0x0000000080c00000|100%| O|  |TAMS 0x0000000080c00000, 0x0000000080b00000| Untracked 
|  12|0x0000000080c00000, 0x0000000080d00000, 0x0000000080d00000|100%| O|  |TAMS 0x0000000080d00000, 0x0000000080c00000| Untracked 
|  13|0x0000000080d00000, 0x0000000080e00000, 0x0000000080e00000|100%| O|  |TAMS 0x0000000080e00000, 0x0000000080d00000| Untracked 
|  14|0x0000000080e00000, 0x0000000080f00000, 0x0000000080f00000|100%| O|  |TAMS 0x0000000080f00000, 0x0000000080e00000| Untracked 
|  15|0x0000000080f00000, 0x0000000081000000, 0x0000000081000000|100%| O|  |TAMS 0x0000000081000000, 0x0000000080f00000| Untracked 
|  16|0x0000000081000000, 0x0000000081100000, 0x0000000081100000|100%| O|  |TAMS 0x0000000081100000, 0x0000000081000000| Untracked 
|  17|0x0000000081100000, 0x0000000081200000, 0x0000000081200000|100%| O|  |TAMS 0x0000000081200000, 0x0000000081100000| Untracked 
|  18|0x0000000081200000, 0x0000000081300000, 0x0000000081300000|100%| O|  |TAMS 0x0000000081300000, 0x0000000081200000| Untracked 
|  19|0x0000000081300000, 0x0000000081400000, 0x0000000081400000|100%| O|  |TAMS 0x0000000081400000, 0x0000000081300000| Untracked 
|  20|0x0000000081400000, 0x0000000081500000, 0x0000000081500000|100%| O|  |TAMS 0x0000000081500000, 0x0000000081400000| Untracked 
|  21|0x0000000081500000, 0x0000000081600000, 0x0000000081600000|100%| O|  |TAMS 0x0000000081600000, 0x0000000081500000| Untracked 
|  22|0x0000000081600000, 0x0000000081700000, 0x0000000081700000|100%| O|  |TAMS 0x0000000081700000, 0x0000000081600000| Untracked 
|  23|0x0000000081700000, 0x0000000081800000, 0x0000000081800000|100%| O|  |TAMS 0x0000000081800000, 0x0000000081700000| Untracked 
|  24|0x0000000081800000, 0x0000000081900000, 0x0000000081900000|100%| O|  |TAMS 0x0000000081900000, 0x0000000081800000| Untracked 
|  25|0x0000000081900000, 0x0000000081a00000, 0x0000000081a00000|100%| O|  |TAMS 0x0000000081a00000, 0x0000000081900000| Untracked 
|  26|0x0000000081a00000, 0x0000000081b00000, 0x0000000081b00000|100%| O|  |TAMS 0x0000000081b00000, 0x0000000081a00000| Untracked 
|  27|0x0000000081b00000, 0x0000000081c00000, 0x0000000081c00000|100%|HS|  |TAMS 0x0000000081c00000, 0x0000000081b00000| Complete 
|  28|0x0000000081c00000, 0x0000000081d00000, 0x0000000081d00000|100%|HS|  |TAMS 0x0000000081d00000, 0x0000000081c00000| Complete 
|  29|0x0000000081d00000, 0x0000000081e00000, 0x0000000081e00000|100%|HS|  |TAMS 0x0000000081e00000, 0x0000000081d00000| Complete 
|  30|0x0000000081e00000, 0x0000000081f00000, 0x0000000081f00000|100%|HC|  |TAMS 0x0000000081f00000, 0x0000000081e00000| Complete 
|  31|0x0000000081f00000, 0x0000000082000000, 0x0000000082000000|100%| O|  |TAMS 0x0000000082000000, 0x0000000081f00000| Untracked 
|  32|0x0000000082000000, 0x0000000082100000, 0x0000000082100000|100%| O|  |TAMS 0x0000000082100000, 0x0000000082000000| Untracked 
|  33|0x0000000082100000, 0x0000000082200000, 0x0000000082200000|100%| O|  |TAMS 0x0000000082200000, 0x0000000082100000| Untracked 
|  34|0x0000000082200000, 0x0000000082300000, 0x0000000082300000|100%| O|  |TAMS 0x0000000082300000, 0x0000000082200000| Untracked 
|  35|0x0000000082300000, 0x0000000082400000, 0x0000000082400000|100%| O|  |TAMS 0x0000000082400000, 0x0000000082300000| Untracked 
|  36|0x0000000082400000, 0x0000000082500000, 0x0000000082500000|100%| O|  |TAMS 0x0000000082500000, 0x0000000082400000| Untracked 
|  37|0x0000000082500000, 0x0000000082600000, 0x0000000082600000|100%| O|  |TAMS 0x0000000082600000, 0x0000000082500000| Untracked 
|  38|0x0000000082600000, 0x0000000082700000, 0x0000000082700000|100%| O|  |TAMS 0x0000000082700000, 0x0000000082600000| Untracked 
|  39|0x0000000082700000, 0x0000000082800000, 0x0000000082800000|100%| O|  |TAMS 0x0000000082800000, 0x0000000082700000| Untracked 
|  40|0x0000000082800000, 0x0000000082900000, 0x0000000082900000|100%| O|  |TAMS 0x0000000082900000, 0x0000000082800000| Untracked 
|  41|0x0000000082900000, 0x0000000082a00000, 0x0000000082a00000|100%| O|  |TAMS 0x0000000082a00000, 0x0000000082900000| Untracked 
|  42|0x0000000082a00000, 0x0000000082b00000, 0x0000000082b00000|100%| O|  |TAMS 0x0000000082b00000, 0x0000000082a00000| Untracked 
|  43|0x0000000082b00000, 0x0000000082c00000, 0x0000000082c00000|100%| O|  |TAMS 0x0000000082c00000, 0x0000000082b00000| Untracked 
|  44|0x0000000082c00000, 0x0000000082d00000, 0x0000000082d00000|100%| O|  |TAMS 0x0000000082d00000, 0x0000000082c00000| Untracked 
|  45|0x0000000082d00000, 0x0000000082e00000, 0x0000000082e00000|100%| O|  |TAMS 0x0000000082e00000, 0x0000000082d00000| Untracked 
|  46|0x0000000082e00000, 0x0000000082f00000, 0x0000000082f00000|100%| O|  |TAMS 0x0000000082f00000, 0x0000000082e00000| Untracked 
|  47|0x0000000082f00000, 0x0000000083000000, 0x0000000083000000|100%| O|  |TAMS 0x0000000083000000, 0x0000000082f00000| Untracked 
|  48|0x0000000083000000, 0x0000000083100000, 0x0000000083100000|100%| O|  |TAMS 0x0000000083100000, 0x0000000083000000| Untracked 
|  49|0x0000000083100000, 0x0000000083200000, 0x0000000083200000|100%| O|  |TAMS 0x0000000083100000, 0x0000000083100000| Untracked 
|  50|0x0000000083200000, 0x0000000083300000, 0x0000000083300000|100%| O|  |TAMS 0x0000000083300000, 0x0000000083200000| Untracked 
|  51|0x0000000083300000, 0x0000000083400000, 0x0000000083400000|100%| O|  |TAMS 0x0000000083400000, 0x0000000083300000| Untracked 
|  52|0x0000000083400000, 0x0000000083500000, 0x0000000083500000|100%| O|  |TAMS 0x0000000083500000, 0x0000000083400000| Untracked 
|  53|0x0000000083500000, 0x0000000083600000, 0x0000000083600000|100%| O|  |TAMS 0x000000008354d400, 0x0000000083500000| Untracked 
|  54|0x0000000083600000, 0x0000000083700000, 0x0000000083700000|100%| O|  |TAMS 0x0000000083600000, 0x0000000083600000| Untracked 
|  55|0x0000000083700000, 0x0000000083800000, 0x0000000083800000|100%| O|  |TAMS 0x0000000083800000, 0x0000000083700000| Untracked 
|  56|0x0000000083800000, 0x0000000083900000, 0x0000000083900000|100%| O|  |TAMS 0x0000000083800000, 0x0000000083800000| Untracked 
|  57|0x0000000083900000, 0x000000008393d400, 0x0000000083a00000| 23%| O|  |TAMS 0x0000000083900000, 0x0000000083900000| Untracked 
|  58|0x0000000083a00000, 0x0000000083b00000, 0x0000000083b00000|100%| O|  |TAMS 0x0000000083b00000, 0x0000000083a00000| Untracked 
|  59|0x0000000083b00000, 0x0000000083c00000, 0x0000000083c00000|100%| O|  |TAMS 0x0000000083c00000, 0x0000000083b00000| Untracked 
|  60|0x0000000083c00000, 0x0000000083d00000, 0x0000000083d00000|100%| O|  |TAMS 0x0000000083d00000, 0x0000000083c00000| Untracked 
|  61|0x0000000083d00000, 0x0000000083d00000, 0x0000000083e00000|  0%| F|  |TAMS 0x0000000083d00000, 0x0000000083d00000| Untracked 
|  62|0x0000000083e00000, 0x0000000083f00000, 0x0000000083f00000|100%| O|  |TAMS 0x0000000083f00000, 0x0000000083e00000| Untracked 
|  63|0x0000000083f00000, 0x0000000084000000, 0x0000000084000000|100%| O|  |TAMS 0x0000000084000000, 0x0000000083f00000| Untracked 
|  64|0x0000000084000000, 0x0000000084100000, 0x0000000084100000|100%| O|  |TAMS 0x0000000084100000, 0x0000000084000000| Untracked 
|  65|0x0000000084100000, 0x0000000084200000, 0x0000000084200000|100%| O|  |TAMS 0x0000000084200000, 0x0000000084100000| Untracked 
|  66|0x0000000084200000, 0x0000000084200000, 0x0000000084300000|  0%| F|  |TAMS 0x0000000084200000, 0x0000000084200000| Untracked 
|  67|0x0000000084300000, 0x0000000084300000, 0x0000000084400000|  0%| F|  |TAMS 0x0000000084300000, 0x0000000084300000| Untracked 
|  68|0x0000000084400000, 0x0000000084500000, 0x0000000084500000|100%| O|  |TAMS 0x0000000084500000, 0x0000000084400000| Untracked 
|  69|0x0000000084500000, 0x0000000084600000, 0x0000000084600000|100%| O|  |TAMS 0x0000000084600000, 0x0000000084500000| Untracked 
|  70|0x0000000084600000, 0x0000000084600000, 0x0000000084700000|  0%| F|  |TAMS 0x0000000084600000, 0x0000000084600000| Untracked 
|  71|0x0000000084700000, 0x0000000084800000, 0x0000000084800000|100%| O|  |TAMS 0x0000000084800000, 0x0000000084700000| Untracked 
|  72|0x0000000084800000, 0x0000000084900000, 0x0000000084900000|100%| O|  |TAMS 0x0000000084900000, 0x0000000084800000| Untracked 
|  73|0x0000000084900000, 0x0000000084900000, 0x0000000084a00000|  0%| F|  |TAMS 0x0000000084900000, 0x0000000084900000| Untracked 
|  74|0x0000000084a00000, 0x0000000084b00000, 0x0000000084b00000|100%| O|  |TAMS 0x0000000084b00000, 0x0000000084a00000| Untracked 
|  75|0x0000000084b00000, 0x0000000084c00000, 0x0000000084c00000|100%| O|  |TAMS 0x0000000084c00000, 0x0000000084b00000| Untracked 
|  76|0x0000000084c00000, 0x0000000084d00000, 0x0000000084d00000|100%| O|  |TAMS 0x0000000084d00000, 0x0000000084c00000| Untracked 
|  77|0x0000000084d00000, 0x0000000084e00000, 0x0000000084e00000|100%| O|  |TAMS 0x0000000084e00000, 0x0000000084d00000| Untracked 
|  78|0x0000000084e00000, 0x0000000084f00000, 0x0000000084f00000|100%| O|  |TAMS 0x0000000084f00000, 0x0000000084e00000| Untracked 
|  79|0x0000000084f00000, 0x0000000084f00000, 0x0000000085000000|  0%| F|  |TAMS 0x0000000084f00000, 0x0000000084f00000| Untracked 
|  80|0x0000000085000000, 0x0000000085000000, 0x0000000085100000|  0%| F|  |TAMS 0x0000000085000000, 0x0000000085000000| Untracked 
|  81|0x0000000085100000, 0x0000000085100000, 0x0000000085200000|  0%| F|  |TAMS 0x0000000085100000, 0x0000000085100000| Untracked 
|  82|0x0000000085200000, 0x0000000085200000, 0x0000000085300000|  0%| F|  |TAMS 0x0000000085200000, 0x0000000085200000| Untracked 
|  83|0x0000000085300000, 0x0000000085400000, 0x0000000085400000|100%| O|  |TAMS 0x0000000085400000, 0x0000000085300000| Untracked 
|  84|0x0000000085400000, 0x0000000085500000, 0x0000000085500000|100%| O|  |TAMS 0x0000000085500000, 0x0000000085400000| Untracked 
|  85|0x0000000085500000, 0x0000000085500000, 0x0000000085600000|  0%| F|  |TAMS 0x0000000085500000, 0x0000000085500000| Untracked 
|  86|0x0000000085600000, 0x0000000085700000, 0x0000000085700000|100%| O|  |TAMS 0x0000000085700000, 0x0000000085600000| Untracked 
|  87|0x0000000085700000, 0x0000000085800000, 0x0000000085800000|100%| O|  |TAMS 0x0000000085800000, 0x0000000085700000| Untracked 
|  88|0x0000000085800000, 0x0000000085900000, 0x0000000085900000|100%| O|  |TAMS 0x0000000085900000, 0x0000000085800000| Untracked 
|  89|0x0000000085900000, 0x0000000085900000, 0x0000000085a00000|  0%| F|  |TAMS 0x0000000085900000, 0x0000000085900000| Untracked 
|  90|0x0000000085a00000, 0x0000000085a00000, 0x0000000085b00000|  0%| F|  |TAMS 0x0000000085a00000, 0x0000000085a00000| Untracked 
|  91|0x0000000085b00000, 0x0000000085c00000, 0x0000000085c00000|100%| O|  |TAMS 0x0000000085c00000, 0x0000000085b00000| Untracked 
|  92|0x0000000085c00000, 0x0000000085d00000, 0x0000000085d00000|100%| O|  |TAMS 0x0000000085d00000, 0x0000000085c00000| Untracked 
|  93|0x0000000085d00000, 0x0000000085e00000, 0x0000000085e00000|100%| O|  |TAMS 0x0000000085e00000, 0x0000000085d00000| Untracked 
|  94|0x0000000085e00000, 0x0000000085f00000, 0x0000000085f00000|100%| O|  |TAMS 0x0000000085f00000, 0x0000000085e00000| Untracked 
|  95|0x0000000085f00000, 0x0000000086000000, 0x0000000086000000|100%| O|  |TAMS 0x0000000086000000, 0x0000000085f00000| Untracked 
|  96|0x0000000086000000, 0x0000000086100000, 0x0000000086100000|100%| O|  |TAMS 0x0000000086100000, 0x0000000086000000| Untracked 
|  97|0x0000000086100000, 0x0000000086200000, 0x0000000086200000|100%| O|  |TAMS 0x0000000086200000, 0x0000000086100000| Untracked 
|  98|0x0000000086200000, 0x0000000086300000, 0x0000000086300000|100%| O|  |TAMS 0x0000000086300000, 0x0000000086200000| Untracked 
|  99|0x0000000086300000, 0x0000000086300000, 0x0000000086400000|  0%| F|  |TAMS 0x0000000086300000, 0x0000000086300000| Untracked 
| 100|0x0000000086400000, 0x0000000086500000, 0x0000000086500000|100%| O|  |TAMS 0x0000000086500000, 0x0000000086400000| Untracked 
| 101|0x0000000086500000, 0x0000000086600000, 0x0000000086600000|100%| O|  |TAMS 0x0000000086600000, 0x0000000086500000| Untracked 
| 102|0x0000000086600000, 0x0000000086600000, 0x0000000086700000|  0%| F|  |TAMS 0x0000000086600000, 0x0000000086600000| Untracked 
| 103|0x0000000086700000, 0x0000000086800000, 0x0000000086800000|100%| O|  |TAMS 0x0000000086800000, 0x0000000086700000| Untracked 
| 104|0x0000000086800000, 0x0000000086900000, 0x0000000086900000|100%| O|  |TAMS 0x0000000086900000, 0x0000000086800000| Untracked 
| 105|0x0000000086900000, 0x0000000086900000, 0x0000000086a00000|  0%| F|  |TAMS 0x0000000086900000, 0x0000000086900000| Untracked 
| 106|0x0000000086a00000, 0x0000000086b00000, 0x0000000086b00000|100%| O|  |TAMS 0x0000000086b00000, 0x0000000086a00000| Untracked 
| 107|0x0000000086b00000, 0x0000000086c00000, 0x0000000086c00000|100%| O|  |TAMS 0x0000000086c00000, 0x0000000086b00000| Untracked 
| 108|0x0000000086c00000, 0x0000000086c00000, 0x0000000086d00000|  0%| F|  |TAMS 0x0000000086c00000, 0x0000000086c00000| Untracked 
| 109|0x0000000086d00000, 0x0000000086d00000, 0x0000000086e00000|  0%| F|  |TAMS 0x0000000086d00000, 0x0000000086d00000| Untracked 
| 110|0x0000000086e00000, 0x0000000086e00000, 0x0000000086f00000|  0%| F|  |TAMS 0x0000000086e00000, 0x0000000086e00000| Untracked 
| 111|0x0000000086f00000, 0x0000000086f00000, 0x0000000087000000|  0%| F|  |TAMS 0x0000000086f00000, 0x0000000086f00000| Untracked 
| 112|0x0000000087000000, 0x0000000087000000, 0x0000000087100000|  0%| F|  |TAMS 0x0000000087000000, 0x0000000087000000| Untracked 
| 113|0x0000000087100000, 0x0000000087100000, 0x0000000087200000|  0%| F|  |TAMS 0x0000000087100000, 0x0000000087100000| Untracked 
| 114|0x0000000087200000, 0x0000000087200000, 0x0000000087300000|  0%| F|  |TAMS 0x0000000087200000, 0x0000000087200000| Untracked 
| 115|0x0000000087300000, 0x0000000087300000, 0x0000000087400000|  0%| F|  |TAMS 0x0000000087300000, 0x0000000087300000| Untracked 
| 116|0x0000000087400000, 0x0000000087400000, 0x0000000087500000|  0%| F|  |TAMS 0x0000000087400000, 0x0000000087400000| Untracked 
| 117|0x0000000087500000, 0x0000000087500000, 0x0000000087600000|  0%| F|  |TAMS 0x0000000087500000, 0x0000000087500000| Untracked 
| 118|0x0000000087600000, 0x0000000087600000, 0x0000000087700000|  0%| F|  |TAMS 0x0000000087600000, 0x0000000087600000| Untracked 
| 119|0x0000000087700000, 0x000000008779bf30, 0x0000000087800000| 60%| S|CS|TAMS 0x0000000087700000, 0x0000000087700000| Complete 
| 120|0x0000000087800000, 0x0000000087900000, 0x0000000087900000|100%| S|CS|TAMS 0x0000000087800000, 0x0000000087800000| Complete 
| 121|0x0000000087900000, 0x0000000087900000, 0x0000000087a00000|  0%| F|  |TAMS 0x0000000087900000, 0x0000000087900000| Untracked 
| 122|0x0000000087a00000, 0x0000000087a00000, 0x0000000087b00000|  0%| F|  |TAMS 0x0000000087a00000, 0x0000000087a00000| Untracked 
| 123|0x0000000087b00000, 0x0000000087b00000, 0x0000000087c00000|  0%| F|  |TAMS 0x0000000087b00000, 0x0000000087b00000| Untracked 
| 124|0x0000000087c00000, 0x0000000087c00000, 0x0000000087d00000|  0%| F|  |TAMS 0x0000000087c00000, 0x0000000087c00000| Untracked 
| 125|0x0000000087d00000, 0x0000000087d00000, 0x0000000087e00000|  0%| F|  |TAMS 0x0000000087d00000, 0x0000000087d00000| Untracked 
| 126|0x0000000087e00000, 0x0000000087e00000, 0x0000000087f00000|  0%| F|  |TAMS 0x0000000087e00000, 0x0000000087e00000| Untracked 
| 127|0x0000000087f00000, 0x0000000087f00000, 0x0000000088000000|  0%| F|  |TAMS 0x0000000087f00000, 0x0000000087f00000| Untracked 
| 128|0x0000000088000000, 0x0000000088000000, 0x0000000088100000|  0%| F|  |TAMS 0x0000000088000000, 0x0000000088000000| Untracked 
| 129|0x0000000088100000, 0x0000000088100000, 0x0000000088200000|  0%| F|  |TAMS 0x0000000088100000, 0x0000000088100000| Untracked 
| 130|0x0000000088200000, 0x0000000088200000, 0x0000000088300000|  0%| F|  |TAMS 0x0000000088200000, 0x0000000088200000| Untracked 
| 131|0x0000000088300000, 0x0000000088300000, 0x0000000088400000|  0%| F|  |TAMS 0x0000000088300000, 0x0000000088300000| Untracked 
| 132|0x0000000088400000, 0x0000000088400000, 0x0000000088500000|  0%| F|  |TAMS 0x0000000088400000, 0x0000000088400000| Untracked 
| 133|0x0000000088500000, 0x0000000088500000, 0x0000000088600000|  0%| F|  |TAMS 0x0000000088500000, 0x0000000088500000| Untracked 
| 134|0x0000000088600000, 0x0000000088600000, 0x0000000088700000|  0%| F|  |TAMS 0x0000000088600000, 0x0000000088600000| Untracked 
| 135|0x0000000088700000, 0x0000000088700000, 0x0000000088800000|  0%| F|  |TAMS 0x0000000088700000, 0x0000000088700000| Untracked 
| 136|0x0000000088800000, 0x0000000088800000, 0x0000000088900000|  0%| F|  |TAMS 0x0000000088800000, 0x0000000088800000| Untracked 
| 137|0x0000000088900000, 0x0000000088900000, 0x0000000088a00000|  0%| F|  |TAMS 0x0000000088900000, 0x0000000088900000| Untracked 
| 138|0x0000000088a00000, 0x0000000088a00000, 0x0000000088b00000|  0%| F|  |TAMS 0x0000000088a00000, 0x0000000088a00000| Untracked 
| 139|0x0000000088b00000, 0x0000000088b00000, 0x0000000088c00000|  0%| F|  |TAMS 0x0000000088b00000, 0x0000000088b00000| Untracked 
| 140|0x0000000088c00000, 0x0000000088c00000, 0x0000000088d00000|  0%| F|  |TAMS 0x0000000088c00000, 0x0000000088c00000| Untracked 
| 141|0x0000000088d00000, 0x0000000088d00000, 0x0000000088e00000|  0%| F|  |TAMS 0x0000000088d00000, 0x0000000088d00000| Untracked 
| 142|0x0000000088e00000, 0x0000000088e00000, 0x0000000088f00000|  0%| F|  |TAMS 0x0000000088e00000, 0x0000000088e00000| Untracked 
| 143|0x0000000088f00000, 0x0000000088f00000, 0x0000000089000000|  0%| F|  |TAMS 0x0000000088f00000, 0x0000000088f00000| Untracked 
| 144|0x0000000089000000, 0x0000000089000000, 0x0000000089100000|  0%| F|  |TAMS 0x0000000089000000, 0x0000000089000000| Untracked 
| 145|0x0000000089100000, 0x0000000089100000, 0x0000000089200000|  0%| F|  |TAMS 0x0000000089100000, 0x0000000089100000| Untracked 
| 146|0x0000000089200000, 0x0000000089200000, 0x0000000089300000|  0%| F|  |TAMS 0x0000000089200000, 0x0000000089200000| Untracked 
| 147|0x0000000089300000, 0x0000000089300000, 0x0000000089400000|  0%| F|  |TAMS 0x0000000089300000, 0x0000000089300000| Untracked 
| 148|0x0000000089400000, 0x0000000089400000, 0x0000000089500000|  0%| F|  |TAMS 0x0000000089400000, 0x0000000089400000| Untracked 
| 149|0x0000000089500000, 0x0000000089500000, 0x0000000089600000|  0%| F|  |TAMS 0x0000000089500000, 0x0000000089500000| Untracked 
| 150|0x0000000089600000, 0x0000000089600000, 0x0000000089700000|  0%| F|  |TAMS 0x0000000089600000, 0x0000000089600000| Untracked 
| 151|0x0000000089700000, 0x0000000089700000, 0x0000000089800000|  0%| F|  |TAMS 0x0000000089700000, 0x0000000089700000| Untracked 
| 152|0x0000000089800000, 0x0000000089800000, 0x0000000089900000|  0%| F|  |TAMS 0x0000000089800000, 0x0000000089800000| Untracked 
| 153|0x0000000089900000, 0x0000000089900000, 0x0000000089a00000|  0%| F|  |TAMS 0x0000000089900000, 0x0000000089900000| Untracked 
| 154|0x0000000089a00000, 0x0000000089a00000, 0x0000000089b00000|  0%| F|  |TAMS 0x0000000089a00000, 0x0000000089a00000| Untracked 
| 155|0x0000000089b00000, 0x0000000089b00000, 0x0000000089c00000|  0%| F|  |TAMS 0x0000000089b00000, 0x0000000089b00000| Untracked 
| 156|0x0000000089c00000, 0x0000000089c00000, 0x0000000089d00000|  0%| F|  |TAMS 0x0000000089c00000, 0x0000000089c00000| Untracked 
| 157|0x0000000089d00000, 0x0000000089d00000, 0x0000000089e00000|  0%| F|  |TAMS 0x0000000089d00000, 0x0000000089d00000| Untracked 
| 158|0x0000000089e00000, 0x0000000089e00000, 0x0000000089f00000|  0%| F|  |TAMS 0x0000000089e00000, 0x0000000089e00000| Untracked 
| 159|0x0000000089f00000, 0x0000000089f00000, 0x000000008a000000|  0%| F|  |TAMS 0x0000000089f00000, 0x0000000089f00000| Untracked 
| 160|0x000000008a000000, 0x000000008a000000, 0x000000008a100000|  0%| F|  |TAMS 0x000000008a000000, 0x000000008a000000| Untracked 
| 161|0x000000008a100000, 0x000000008a100000, 0x000000008a200000|  0%| F|  |TAMS 0x000000008a100000, 0x000000008a100000| Untracked 
| 162|0x000000008a200000, 0x000000008a200000, 0x000000008a300000|  0%| F|  |TAMS 0x000000008a200000, 0x000000008a200000| Untracked 
| 163|0x000000008a300000, 0x000000008a300000, 0x000000008a400000|  0%| F|  |TAMS 0x000000008a300000, 0x000000008a300000| Untracked 
| 164|0x000000008a400000, 0x000000008a400000, 0x000000008a500000|  0%| F|  |TAMS 0x000000008a400000, 0x000000008a400000| Untracked 
| 165|0x000000008a500000, 0x000000008a500000, 0x000000008a600000|  0%| F|  |TAMS 0x000000008a500000, 0x000000008a500000| Untracked 
| 166|0x000000008a600000, 0x000000008a600000, 0x000000008a700000|  0%| F|  |TAMS 0x000000008a600000, 0x000000008a600000| Untracked 
| 167|0x000000008a700000, 0x000000008a700000, 0x000000008a800000|  0%| F|  |TAMS 0x000000008a700000, 0x000000008a700000| Untracked 
| 168|0x000000008a800000, 0x000000008a800000, 0x000000008a900000|  0%| F|  |TAMS 0x000000008a800000, 0x000000008a800000| Untracked 
| 169|0x000000008a900000, 0x000000008a900000, 0x000000008aa00000|  0%| F|  |TAMS 0x000000008a900000, 0x000000008a900000| Untracked 
| 170|0x000000008aa00000, 0x000000008aa00000, 0x000000008ab00000|  0%| F|  |TAMS 0x000000008aa00000, 0x000000008aa00000| Untracked 
| 171|0x000000008ab00000, 0x000000008ab00000, 0x000000008ac00000|  0%| F|  |TAMS 0x000000008ab00000, 0x000000008ab00000| Untracked 
| 172|0x000000008ac00000, 0x000000008ac00000, 0x000000008ad00000|  0%| F|  |TAMS 0x000000008ac00000, 0x000000008ac00000| Untracked 
| 173|0x000000008ad00000, 0x000000008ad00000, 0x000000008ae00000|  0%| F|  |TAMS 0x000000008ad00000, 0x000000008ad00000| Untracked 
| 174|0x000000008ae00000, 0x000000008ae00000, 0x000000008af00000|  0%| F|  |TAMS 0x000000008ae00000, 0x000000008ae00000| Untracked 
| 175|0x000000008af00000, 0x000000008af00000, 0x000000008b000000|  0%| F|  |TAMS 0x000000008af00000, 0x000000008af00000| Untracked 
| 176|0x000000008b000000, 0x000000008b000000, 0x000000008b100000|  0%| F|  |TAMS 0x000000008b000000, 0x000000008b000000| Untracked 
| 177|0x000000008b100000, 0x000000008b100000, 0x000000008b200000|  0%| F|  |TAMS 0x000000008b100000, 0x000000008b100000| Untracked 
| 178|0x000000008b200000, 0x000000008b200000, 0x000000008b300000|  0%| F|  |TAMS 0x000000008b200000, 0x000000008b200000| Untracked 
| 179|0x000000008b300000, 0x000000008b300000, 0x000000008b400000|  0%| F|  |TAMS 0x000000008b300000, 0x000000008b300000| Untracked 
| 180|0x000000008b400000, 0x000000008b400000, 0x000000008b500000|  0%| F|  |TAMS 0x000000008b400000, 0x000000008b400000| Untracked 
| 181|0x000000008b500000, 0x000000008b500000, 0x000000008b600000|  0%| F|  |TAMS 0x000000008b500000, 0x000000008b500000| Untracked 
| 182|0x000000008b600000, 0x000000008b700000, 0x000000008b700000|100%| E|  |TAMS 0x000000008b600000, 0x000000008b600000| Complete 
| 183|0x000000008b700000, 0x000000008b800000, 0x000000008b800000|100%| E|CS|TAMS 0x000000008b700000, 0x000000008b700000| Complete 
| 184|0x000000008b800000, 0x000000008b900000, 0x000000008b900000|100%| E|CS|TAMS 0x000000008b800000, 0x000000008b800000| Complete 

Card table byte_map: [0x000001d578100000,0x000001d578500000] _byte_map_base: 0x000001d577d00000

Marking Bits (Prev, Next): (CMBitMap*) 0x000001d572441738, (CMBitMap*) 0x000001d572441770
 Prev Bits: [0x000001d578900000, 0x000001d57a900000)
 Next Bits: [0x000001d57a900000, 0x000001d57c900000)

Polling page: 0x000001d5722b0000

Metaspace:

Usage:
  Non-class:    100.65 MB capacity,    98.62 MB ( 98%) used,     1.64 MB (  2%) free+waste,   401.00 KB ( <1%) overhead. 
      Class:     15.19 MB capacity,    14.00 MB ( 92%) used,     1.01 MB (  7%) free+waste,   175.69 KB (  1%) overhead. 
       Both:    115.84 MB capacity,   112.62 MB ( 97%) used,     2.65 MB (  2%) free+waste,   576.69 KB ( <1%) overhead. 

Virtual space:
  Non-class space:      102.00 MB reserved,     100.80 MB ( 99%) committed 
      Class space:        1.00 GB reserved,      15.25 MB (  1%) committed 
             Both:        1.10 GB reserved,     116.05 MB ( 10%) committed 

Chunk freelists:
   Non-Class:  18.00 KB
       Class:  0 bytes
        Both:  18.00 KB

MaxMetaspaceSize: 17179869184.00 GB
CompressedClassSpaceSize: 1.00 GB
Initial GC threshold: 20.80 MB
Current GC threshold: 193.41 MB
CDS: off

CodeHeap 'non-profiled nmethods': size=120064Kb used=13138Kb max_used=13138Kb free=106925Kb
 bounds [0x000001d507ac0000, 0x000001d5087a0000, 0x000001d50f000000]
CodeHeap 'profiled nmethods': size=120000Kb used=47524Kb max_used=47524Kb free=72475Kb
 bounds [0x000001d500590000, 0x000001d503400000, 0x000001d507ac0000]
CodeHeap 'non-nmethods': size=5696Kb used=2428Kb max_used=2519Kb free=3267Kb
 bounds [0x000001d500000000, 0x000001d500290000, 0x000001d500590000]
 total_blobs=20805 nmethods=19851 adapters=864
 compilation: enabled
              stopped_count=0, restarted_count=0
 full_count=0

Compilation events (20 events):
Event: 3963.091 Thread 0x000001d57ef73000 21076       2       com.android.tools.r8.internal.Dt::a (649 bytes)
Event: 3963.094 Thread 0x000001d57ef73000 nmethod 21076 0x000001d5033f2c10 code [0x000001d5033f31e0, 0x000001d5033f5268]
Event: 3963.101 Thread 0x000001d57ef73000 21077       2       com.android.tools.r8.internal.ND::a (149 bytes)
Event: 3963.102 Thread 0x000001d57ef73000 nmethod 21077 0x000001d5033f6590 code [0x000001d5033f6800, 0x000001d5033f6d38]
Event: 3963.109 Thread 0x000001d57ef73000 21078       2       com.android.tools.r8.internal.Qr::d0 (2 bytes)
Event: 3963.109 Thread 0x000001d57ef73000 nmethod 21078 0x000001d5033f7210 code [0x000001d5033f73c0, 0x000001d5033f74b8]
Event: 3963.113 Thread 0x000001d57ef73000 21079       2       com.android.tools.r8.internal.X4$$Lambda$1861/0x00000001000e9440::apply (8 bytes)
Event: 3963.113 Thread 0x000001d57ef73000 nmethod 21079 0x000001d5033f7590 code [0x000001d5033f7740, 0x000001d5033f78b8]
Event: 3963.267 Thread 0x000001d510653000 nmethod 20898 0x000001d508790310 code [0x000001d508790960, 0x000001d508797880]
Event: 3963.268 Thread 0x000001d510653000 21056 %     4       com.android.tools.r8.ir.regalloc.a::a @ 1405 (3985 bytes)
Event: 3963.381 Thread 0x000001d57ef73000 21081       2       com.android.tools.r8.internal.gr::b (18 bytes)
Event: 3963.382 Thread 0x000001d57ef73000 nmethod 21081 0x000001d5033f7a10 code [0x000001d5033f7be0, 0x000001d5033f7d38]
Event: 3963.396 Thread 0x000001d57ef73000 21082       3       com.android.tools.r8.internal.Rz::a (176 bytes)
Event: 3963.398 Thread 0x000001d57ef73000 nmethod 21082 0x000001d5033f7e10 code [0x000001d5033f8060, 0x000001d5033f8828]
Event: 3963.409 Thread 0x000001d57ef73000 21083       2       com.android.tools.r8.internal.hr$$Lambda$1383/0x0000000100d25840::<init> (15 bytes)
Event: 3963.409 Thread 0x000001d57ef73000 nmethod 21083 0x000001d5033f8b10 code [0x000001d5033f8cc0, 0x000001d5033f8e58]
Event: 3963.422 Thread 0x000001d57ef73000 21084       2       com.android.tools.r8.internal.gj::a (53 bytes)
Event: 3963.423 Thread 0x000001d57ef73000 nmethod 21084 0x000001d5033f8f10 code [0x000001d5033f90c0, 0x000001d5033f9268]
Event: 3963.423 Thread 0x000001d57ef73000 21085       2       com.android.tools.r8.internal.gj::b (199 bytes)
Event: 3963.424 Thread 0x000001d57ef73000 nmethod 21085 0x000001d5033f9390 code [0x000001d5033f95e0, 0x000001d5033f9a98]

GC Heap History (20 events):
Event: 3958.521 GC heap before
{Heap before GC invocations=52 (full 0):
 garbage-first heap   total 189440K, used 153529K [0x0000000080000000, 0x0000000100000000)
  region size 1024K, 56 young (57344K), 2 survivors (2048K)
 Metaspace       used 114994K, capacity 118300K, committed 118576K, reserved 1153024K
  class space    used 14325K, capacity 15536K, committed 15616K, reserved 1048576K
}
Event: 3958.523 GC heap after
{Heap after GC invocations=53 (full 0):
 garbage-first heap   total 189440K, used 96982K [0x0000000080000000, 0x0000000100000000)
  region size 1024K, 1 young (1024K), 1 survivors (1024K)
 Metaspace       used 114994K, capacity 118300K, committed 118576K, reserved 1153024K
  class space    used 14325K, capacity 15536K, committed 15616K, reserved 1048576K
}
Event: 3959.194 GC heap before
{Heap before GC invocations=54 (full 0):
 garbage-first heap   total 189440K, used 155350K [0x0000000080000000, 0x0000000100000000)
  region size 1024K, 58 young (59392K), 1 survivors (1024K)
 Metaspace       used 115093K, capacity 118369K, committed 118576K, reserved 1153024K
  class space    used 14325K, capacity 15536K, committed 15616K, reserved 1048576K
}
Event: 3959.199 GC heap after
{Heap after GC invocations=55 (full 0):
 garbage-first heap   total 189440K, used 97838K [0x0000000080000000, 0x0000000100000000)
  region size 1024K, 2 young (2048K), 2 survivors (2048K)
 Metaspace       used 115093K, capacity 118369K, committed 118576K, reserved 1153024K
  class space    used 14325K, capacity 15536K, committed 15616K, reserved 1048576K
}
Event: 3959.334 GC heap before
{Heap before GC invocations=55 (full 0):
 garbage-first heap   total 189440K, used 105006K [0x0000000080000000, 0x0000000100000000)
  region size 1024K, 9 young (9216K), 2 survivors (2048K)
 Metaspace       used 115106K, capacity 118373K, committed 118576K, reserved 1153024K
  class space    used 14326K, capacity 15537K, committed 15616K, reserved 1048576K
}
Event: 3959.342 GC heap after
{Heap after GC invocations=56 (full 0):
 garbage-first heap   total 189440K, used 95878K [0x0000000080000000, 0x0000000100000000)
  region size 1024K, 1 young (1024K), 1 survivors (1024K)
 Metaspace       used 115106K, capacity 118373K, committed 118576K, reserved 1153024K
  class space    used 14326K, capacity 15537K, committed 15616K, reserved 1048576K
}
Event: 3960.146 GC heap before
{Heap before GC invocations=56 (full 0):
 garbage-first heap   total 189440K, used 155270K [0x0000000080000000, 0x0000000100000000)
  region size 1024K, 59 young (60416K), 1 survivors (1024K)
 Metaspace       used 115138K, capacity 118444K, committed 118576K, reserved 1153024K
  class space    used 14327K, capacity 15539K, committed 15616K, reserved 1048576K
}
Event: 3960.151 GC heap after
{Heap after GC invocations=57 (full 0):
 garbage-first heap   total 189440K, used 96117K [0x0000000080000000, 0x0000000100000000)
  region size 1024K, 1 young (1024K), 1 survivors (1024K)
 Metaspace       used 115138K, capacity 118444K, committed 118576K, reserved 1153024K
  class space    used 14327K, capacity 15539K, committed 15616K, reserved 1048576K
}
Event: 3960.830 GC heap before
{Heap before GC invocations=57 (full 0):
 garbage-first heap   total 189440K, used 156533K [0x0000000080000000, 0x0000000100000000)
  region size 1024K, 60 young (61440K), 1 survivors (1024K)
 Metaspace       used 115202K, capacity 118474K, committed 118576K, reserved 1153024K
  class space    used 14336K, capacity 15545K, committed 15616K, reserved 1048576K
}
Event: 3960.832 GC heap after
{Heap after GC invocations=58 (full 0):
 garbage-first heap   total 189440K, used 96387K [0x0000000080000000, 0x0000000100000000)
  region size 1024K, 1 young (1024K), 1 survivors (1024K)
 Metaspace       used 115202K, capacity 118474K, committed 118576K, reserved 1153024K
  class space    used 14336K, capacity 15545K, committed 15616K, reserved 1048576K
}
Event: 3961.306 GC heap before
{Heap before GC invocations=58 (full 0):
 garbage-first heap   total 189440K, used 157827K [0x0000000080000000, 0x0000000100000000)
  region size 1024K, 61 young (62464K), 1 survivors (1024K)
 Metaspace       used 115235K, capacity 118474K, committed 118576K, reserved 1153024K
  class space    used 14337K, capacity 15545K, committed 15616K, reserved 1048576K
}
Event: 3961.309 GC heap after
{Heap after GC invocations=59 (full 0):
 garbage-first heap   total 189440K, used 96551K [0x0000000080000000, 0x0000000100000000)
  region size 1024K, 1 young (1024K), 1 survivors (1024K)
 Metaspace       used 115235K, capacity 118474K, committed 118576K, reserved 1153024K
  class space    used 14337K, capacity 15545K, committed 15616K, reserved 1048576K
}
Event: 3961.767 GC heap before
{Heap before GC invocations=59 (full 0):
 garbage-first heap   total 189440K, used 159015K [0x0000000080000000, 0x0000000100000000)
  region size 1024K, 62 young (63488K), 1 survivors (1024K)
 Metaspace       used 115259K, capacity 118539K, committed 118832K, reserved 1153024K
  class space    used 14337K, capacity 15545K, committed 15616K, reserved 1048576K
}
Event: 3961.772 GC heap after
{Heap after GC invocations=60 (full 0):
 garbage-first heap   total 189440K, used 96835K [0x0000000080000000, 0x0000000100000000)
  region size 1024K, 2 young (2048K), 2 survivors (2048K)
 Metaspace       used 115259K, capacity 118539K, committed 118832K, reserved 1153024K
  class space    used 14337K, capacity 15545K, committed 15616K, reserved 1048576K
}
Event: 3962.325 GC heap before
{Heap before GC invocations=61 (full 0):
 garbage-first heap   total 189440K, used 159299K [0x0000000080000000, 0x0000000100000000)
  region size 1024K, 63 young (64512K), 2 survivors (2048K)
 Metaspace       used 115270K, capacity 118543K, committed 118832K, reserved 1153024K
  class space    used 14337K, capacity 15546K, committed 15616K, reserved 1048576K
}
Event: 3962.333 GC heap after
{Heap after GC invocations=62 (full 0):
 garbage-first heap   total 189440K, used 97007K [0x0000000080000000, 0x0000000100000000)
  region size 1024K, 2 young (2048K), 2 survivors (2048K)
 Metaspace       used 115270K, capacity 118543K, committed 118832K, reserved 1153024K
  class space    used 14337K, capacity 15546K, committed 15616K, reserved 1048576K
}
Event: 3962.376 GC heap before
{Heap before GC invocations=62 (full 0):
 garbage-first heap   total 189440K, used 104175K [0x0000000080000000, 0x0000000100000000)
  region size 1024K, 9 young (9216K), 2 survivors (2048K)
 Metaspace       used 115276K, capacity 118543K, committed 118832K, reserved 1153024K
  class space    used 14337K, capacity 15546K, committed 15616K, reserved 1048576K
}
Event: 3962.384 GC heap after
{Heap after GC invocations=63 (full 0):
 garbage-first heap   total 189440K, used 95337K [0x0000000080000000, 0x0000000100000000)
  region size 1024K, 1 young (1024K), 1 survivors (1024K)
 Metaspace       used 115276K, capacity 118543K, committed 118832K, reserved 1153024K
  class space    used 14337K, capacity 15546K, committed 15616K, reserved 1048576K
}
Event: 3962.870 GC heap before
{Heap before GC invocations=63 (full 0):
 garbage-first heap   total 189440K, used 158825K [0x0000000080000000, 0x0000000100000000)
  region size 1024K, 63 young (64512K), 1 survivors (1024K)
 Metaspace       used 115283K, capacity 118544K, committed 118832K, reserved 1153024K
  class space    used 14337K, capacity 15546K, committed 15616K, reserved 1048576K
}
Event: 3962.877 GC heap after
{Heap after GC invocations=64 (full 0):
 garbage-first heap   total 189440K, used 95477K [0x0000000080000000, 0x0000000100000000)
  region size 1024K, 1 young (1024K), 1 survivors (1024K)
 Metaspace       used 115283K, capacity 118544K, committed 118832K, reserved 1153024K
  class space    used 14337K, capacity 15546K, committed 15616K, reserved 1048576K
}

Deoptimization events (20 events):
Event: 3962.886 Thread 0x000001d512627800 DEOPT PACKING pc=0x000001d508775888 sp=0x0000004507cfbe50
Event: 3962.886 Thread 0x000001d512627800 DEOPT UNPACKING pc=0x000001d50004a1af sp=0x0000004507cfbe48 mode 2
Event: 3962.887 Thread 0x000001d512627800 Uncommon trap: trap_request=0xffffffbe fr.pc=0x000001d5087138e4 relative=0x0000000000007e04
Event: 3962.887 Thread 0x000001d512627800 Uncommon trap: reason=profile_predicate action=maybe_recompile pc=0x000001d5087138e4 method=com.android.tools.r8.ir.regalloc.a.a(Lcom/android/tools/r8/ir/regalloc/a$a;Z)Lcom/android/tools/r8/ir/regalloc/a$a; @ 987 c2
Event: 3962.887 Thread 0x000001d512627800 DEOPT PACKING pc=0x000001d5087138e4 sp=0x0000004507cfbe60
Event: 3962.887 Thread 0x000001d512627800 DEOPT UNPACKING pc=0x000001d50004a1af sp=0x0000004507cfbe48 mode 2
Event: 3962.904 Thread 0x000001d512627800 Uncommon trap: trap_request=0xffffff4d fr.pc=0x000001d50845fb90 relative=0x0000000000000070
Event: 3962.904 Thread 0x000001d512627800 Uncommon trap: reason=unstable_if action=reinterpret pc=0x000001d50845fb90 method=com.android.tools.r8.internal.XG.b()Z @ 11 c2
Event: 3962.904 Thread 0x000001d512627800 DEOPT PACKING pc=0x000001d50845fb90 sp=0x0000004507cfbe30
Event: 3962.904 Thread 0x000001d512627800 DEOPT UNPACKING pc=0x000001d50004a1af sp=0x0000004507cfbdb0 mode 2
Event: 3962.918 Thread 0x000001d512627800 Uncommon trap: trap_request=0xffffffbe fr.pc=0x000001d508775888 relative=0x0000000000006d68
Event: 3962.918 Thread 0x000001d512627800 Uncommon trap: reason=profile_predicate action=maybe_recompile pc=0x000001d508775888 method=com.android.tools.r8.ir.regalloc.a.a(Lcom/android/tools/r8/ir/regalloc/a$a;Z)Lcom/android/tools/r8/ir/regalloc/a$a; @ 987 c2
Event: 3962.918 Thread 0x000001d512627800 DEOPT PACKING pc=0x000001d508775888 sp=0x0000004507cfbe50
Event: 3962.918 Thread 0x000001d512627800 DEOPT UNPACKING pc=0x000001d50004a1af sp=0x0000004507cfbe48 mode 2
Event: 3962.919 Thread 0x000001d512627800 DEOPT PACKING pc=0x000001d5031b42b6 sp=0x0000004507cfbb60
Event: 3962.919 Thread 0x000001d512627800 DEOPT UNPACKING pc=0x000001d50004a95e sp=0x0000004507cfb318 mode 0
Event: 3963.042 Thread 0x000001d512627800 DEOPT PACKING pc=0x000001d5031b4218 sp=0x0000004507cfbb60
Event: 3963.043 Thread 0x000001d512627800 DEOPT UNPACKING pc=0x000001d50004a95e sp=0x0000004507cfb310 mode 0
Event: 3963.142 Thread 0x000001d512627800 DEOPT PACKING pc=0x000001d503296497 sp=0x0000004507cfb490
Event: 3963.143 Thread 0x000001d512627800 DEOPT UNPACKING pc=0x000001d50004a95e sp=0x0000004507cfa9e8 mode 0

Classes redefined (0 events):
No events

Internal exceptions (20 events):
Event: 2320.508 Thread 0x000001d51262a800 Exception <a 'sun/nio/fs/WindowsException'{0x0000000089480e00}> (0x0000000089480e00) thrown at [./src/hotspot/share/prims/jni.cpp, line 616]
Event: 3950.930 Thread 0x000001d51162f800 Exception <a 'sun/nio/fs/WindowsException'{0x000000008b41e760}> (0x000000008b41e760) thrown at [./src/hotspot/share/prims/jni.cpp, line 616]
Event: 3951.004 Thread 0x000001d51162f800 Implicit null exception at 0x000001d507ea4149 to 0x000001d507ea46bc
Event: 3951.009 Thread 0x000001d51162f800 Exception <a 'java/lang/NoClassDefFoundError'{0x000000008b2f5b78}: org/jetbrains/kotlin/gradle/plugin/KotlinBasePluginWrapper> (0x000000008b2f5b78) thrown at [./src/hotspot/share/oops/constantPool.cpp, line 775]
Event: 3951.043 Thread 0x000001d51162f800 Exception <a 'sun/nio/fs/WindowsException'{0x000000008b1c40d0}> (0x000000008b1c40d0) thrown at [./src/hotspot/share/prims/jni.cpp, line 616]
Event: 3951.052 Thread 0x000001d51162f800 Exception <a 'sun/nio/fs/WindowsException'{0x000000008b067070}> (0x000000008b067070) thrown at [./src/hotspot/share/prims/jni.cpp, line 616]
Event: 3951.053 Thread 0x000001d51162f800 Exception <a 'sun/nio/fs/WindowsException'{0x000000008b068140}> (0x000000008b068140) thrown at [./src/hotspot/share/prims/jni.cpp, line 616]
Event: 3951.053 Thread 0x000001d51162f800 Exception <a 'sun/nio/fs/WindowsException'{0x000000008b069260}> (0x000000008b069260) thrown at [./src/hotspot/share/prims/jni.cpp, line 616]
Event: 3951.053 Thread 0x000001d51162f800 Exception <a 'sun/nio/fs/WindowsException'{0x000000008b06a380}> (0x000000008b06a380) thrown at [./src/hotspot/share/prims/jni.cpp, line 616]
Event: 3951.497 Thread 0x000001d51533f800 Implicit null exception at 0x000001d507e366af to 0x000001d507e373e4
Event: 3951.530 Thread 0x000001d51533f800 Exception <a 'java/lang/NoSuchMethodError'{0x000000008a2646f8}: <clinit>> (0x000000008a2646f8) thrown at [./src/hotspot/share/prims/jni.cpp, line 1366]
Event: 3951.642 Thread 0x000001d512621000 Exception <a 'java/lang/NoSuchMethodError'{0x0000000089cf8be8}: 'void java.lang.invoke.DirectMethodHandle$Holder.invokeStatic(java.lang.Object, long)'> (0x0000000089cf8be8) thrown at [./src/hotspot/share/interpreter/linkResolver.cpp, line 773]
Event: 3951.647 Thread 0x000001d512621000 Exception <a 'java/lang/NoSuchMethodError'{0x0000000089a9ee80}: 'java.lang.Object java.lang.invoke.DirectMethodHandle$Holder.invokeStaticInit(java.lang.Object, java.lang.Object, long, java.lang.Object)'> (0x0000000089a9ee80) thrown at [./src/hotspot/share/interpreter/linkResolver.cpp, line 773]
Event: 3951.650 Thread 0x000001d512621000 Exception <a 'java/lang/NoSuchMethodError'{0x0000000089aa50c0}: 'java.lang.Object java.lang.invoke.DirectMethodHandle$Holder.invokeStatic(java.lang.Object, java.lang.Object, long)'> (0x0000000089aa50c0) thrown at [./src/hotspot/share/interpreter/linkResolver.cpp, line 773]
Event: 3951.651 Thread 0x000001d512621000 Exception <a 'java/lang/NoSuchMethodError'{0x000000008994b920}: 'java.lang.Object java.lang.invoke.Invokers$Holder.linkToTargetMethod(java.lang.Object, long, java.lang.Object)'> (0x000000008994b920) thrown at [./src/hotspot/share/interpreter/linkResolver.cpp, line 773]
Event: 3952.297 Thread 0x000001d512621000 Exception <a 'java/lang/NoSuchMethodError'{0x000000008956a208}: 'int java.lang.invoke.DirectMethodHandle$Holder.invokeSpecialIFC(java.lang.Object, java.lang.Object, java.lang.Object)'> (0x000000008956a208) thrown at [./src/hotspot/share/interpreter/linkResolver.cpp, line 773]
Event: 3953.771 Thread 0x000001d512627800 Exception <a 'java/lang/NoSuchMethodError'{0x000000008b0cf0e0}: 'java.lang.Object java.lang.invoke.DirectMethodHandle$Holder.invokeInterface(java.lang.Object, java.lang.Object, int)'> (0x000000008b0cf0e0) thrown at [./src/hotspot/share/interpreter/linkResolver.cpp, line 773]
Event: 3955.974 Thread 0x000001d512627800 Implicit null exception at 0x000001d5086ff4c0 to 0x000001d508705154
Event: 3960.627 Thread 0x000001d515339800 Exception <a 'java/lang/NoSuchMethodError'{0x00000000893a58a0}: <clinit>> (0x00000000893a58a0) thrown at [./src/hotspot/share/prims/jni.cpp, line 1366]
Event: 3960.631 Thread 0x000001d515339800 Exception <a 'java/lang/NoSuchMethodError'{0x00000000893c4108}: <clinit>> (0x00000000893c4108) thrown at [./src/hotspot/share/prims/jni.cpp, line 1366]

Events (20 events):
Event: 3961.104 loading class com/android/tools/r8/internal/Es
Event: 3961.104 loading class com/android/tools/r8/internal/Es done
Event: 3961.306 Executing VM operation: G1CollectForAllocation
Event: 3961.309 Executing VM operation: G1CollectForAllocation done
Event: 3961.767 Executing VM operation: G1CollectForAllocation
Event: 3961.772 Executing VM operation: G1CollectForAllocation done
Event: 3962.021 loading class com/android/tools/r8/code/G0
Event: 3962.021 loading class com/android/tools/r8/code/G0 done
Event: 3962.021 loading class com/android/tools/r8/code/G0
Event: 3962.021 loading class com/android/tools/r8/code/G0 done
Event: 3962.056 Executing VM operation: CGC_Operation
Event: 3962.083 Executing VM operation: CGC_Operation done
Event: 3962.219 Executing VM operation: CGC_Operation
Event: 3962.220 Executing VM operation: CGC_Operation done
Event: 3962.325 Executing VM operation: G1CollectForAllocation
Event: 3962.333 Executing VM operation: G1CollectForAllocation done
Event: 3962.376 Executing VM operation: G1CollectForAllocation
Event: 3962.384 Executing VM operation: G1CollectForAllocation done
Event: 3962.870 Executing VM operation: G1CollectForAllocation
Event: 3962.877 Executing VM operation: G1CollectForAllocation done


Dynamic libraries:
0x00007ff7614c0000 - 0x00007ff7614ca000 	E:\Programs\Android Studio\jre\bin\java.exe
0x00007ffa66010000 - 0x00007ffa66208000 	C:\Windows\SYSTEM32\ntdll.dll
0x00007ffa39e20000 - 0x00007ffa39e37000 	C:\Program Files\Avast Software\Avast\aswhook.dll
0x00007ffa65640000 - 0x00007ffa656fd000 	C:\Windows\System32\KERNEL32.DLL
0x00007ffa63b30000 - 0x00007ffa63e02000 	C:\Windows\System32\KERNELBASE.dll
0x00007ffa63e40000 - 0x00007ffa63f40000 	C:\Windows\System32\ucrtbase.dll
0x00007ffa4af60000 - 0x00007ffa4af79000 	E:\Programs\Android Studio\jre\bin\jli.dll
0x00007ffa64b90000 - 0x00007ffa64d2d000 	C:\Windows\System32\USER32.dll
0x00007ffa63e10000 - 0x00007ffa63e32000 	C:\Windows\System32\win32u.dll
0x00007ffa64e70000 - 0x00007ffa64e9b000 	C:\Windows\System32\GDI32.dll
0x00007ffa63720000 - 0x00007ffa6382f000 	C:\Windows\System32\gdi32full.dll
0x00007ffa63a90000 - 0x00007ffa63b2d000 	C:\Windows\System32\msvcp_win.dll
0x00007ffa4fd70000 - 0x00007ffa5000a000 	C:\Windows\WinSxS\amd64_microsoft.windows.common-controls_6595b64144ccf1df_6.0.19041.1110_none_60b5254171f9507e\COMCTL32.dll
0x00007ffa64ea0000 - 0x00007ffa64f3e000 	C:\Windows\System32\msvcrt.dll
0x00007ffa4a1e0000 - 0x00007ffa4a1f7000 	E:\Programs\Android Studio\jre\bin\VCRUNTIME140.dll
0x00007ffa65b70000 - 0x00007ffa65ba0000 	C:\Windows\System32\IMM32.DLL
0x00007ffa3a450000 - 0x00007ffa3a4ed000 	E:\Programs\Android Studio\jre\bin\msvcp140.dll
0x00007ff9e5410000 - 0x00007ff9e5f12000 	E:\Programs\Android Studio\jre\bin\server\jvm.dll
0x00007ffa651b0000 - 0x00007ffa6525e000 	C:\Windows\System32\ADVAPI32.dll
0x00007ffa65bb0000 - 0x00007ffa65c4c000 	C:\Windows\System32\sechost.dll
0x00007ffa65270000 - 0x00007ffa65395000 	C:\Windows\System32\RPCRT4.dll
0x00007ffa651a0000 - 0x00007ffa651a8000 	C:\Windows\System32\PSAPI.DLL
0x00007ffa5d830000 - 0x00007ffa5d83a000 	C:\Windows\SYSTEM32\VERSION.dll
0x00007ffa4ec00000 - 0x00007ffa4ec09000 	C:\Windows\SYSTEM32\WSOCK32.dll
0x00007ffa501c0000 - 0x00007ffa501e7000 	C:\Windows\SYSTEM32\WINMM.dll
0x00007ffa65130000 - 0x00007ffa6519b000 	C:\Windows\System32\WS2_32.dll
0x00007ffa615e0000 - 0x00007ffa615f2000 	C:\Windows\SYSTEM32\kernel.appcore.dll
0x00007ffa5f5d0000 - 0x00007ffa5f5e1000 	E:\Programs\Android Studio\jre\bin\verify.dll
0x00007ffa54670000 - 0x00007ffa54854000 	C:\Windows\SYSTEM32\DBGHELP.DLL
0x00007ffa544e0000 - 0x00007ffa5450c000 	C:\Windows\SYSTEM32\dbgcore.DLL
0x00007ffa63f70000 - 0x00007ffa63ff2000 	C:\Windows\System32\bcryptPrimitives.dll
0x00007ffa5f530000 - 0x00007ffa5f559000 	E:\Programs\Android Studio\jre\bin\java.dll
0x00007ffa5f5c0000 - 0x00007ffa5f5cb000 	E:\Programs\Android Studio\jre\bin\jimage.dll
0x00007ffa5f580000 - 0x00007ffa5f598000 	E:\Programs\Android Studio\jre\bin\zip.dll
0x00007ffa641a0000 - 0x00007ffa648e3000 	C:\Windows\System32\SHELL32.dll
0x00007ffa617e0000 - 0x00007ffa61f71000 	C:\Windows\SYSTEM32\windows.storage.dll
0x00007ffa65c70000 - 0x00007ffa65fc4000 	C:\Windows\System32\combase.dll
0x00007ffa63180000 - 0x00007ffa631b0000 	C:\Windows\SYSTEM32\Wldp.dll
0x00007ffa64070000 - 0x00007ffa6411d000 	C:\Windows\System32\SHCORE.dll
0x00007ffa64980000 - 0x00007ffa649d5000 	C:\Windows\System32\shlwapi.dll
0x00007ffa63660000 - 0x00007ffa6367f000 	C:\Windows\SYSTEM32\profapi.dll
0x00007ffa5f4e0000 - 0x00007ffa5f4fa000 	E:\Programs\Android Studio\jre\bin\net.dll
0x00007ffa52030000 - 0x00007ffa5213d000 	C:\Windows\SYSTEM32\WINHTTP.dll
0x00007ffa62ee0000 - 0x00007ffa62f4a000 	C:\Windows\system32\mswsock.dll
0x00007ffa5b980000 - 0x00007ffa5b994000 	E:\Programs\Android Studio\jre\bin\nio.dll
0x00007ffa48a90000 - 0x00007ffa48ab7000 	C:\Users\a0587\.gradle\native\8bec1ad78214c89d9ad589b4d07fe93259594b29d510b10fafb7a158f7737e5d\windows-amd64\native-platform.dll
0x00007ffa1b420000 - 0x00007ffa1b55d000 	C:\Users\a0587\.gradle\native\53dbd7edfb1c66fb8903c78663c9afc45aea4f116125fa6feffd364cf09443e8\windows-amd64\native-platform-file-events.dll
0x00007ffa5f5b0000 - 0x00007ffa5f5ba000 	E:\Programs\Android Studio\jre\bin\management.dll
0x00007ffa5f520000 - 0x00007ffa5f52d000 	E:\Programs\Android Studio\jre\bin\management_ext.dll
0x00007ffa630d0000 - 0x00007ffa630e8000 	C:\Windows\SYSTEM32\CRYPTSP.dll
0x00007ffa62790000 - 0x00007ffa627c4000 	C:\Windows\system32\rsaenh.dll
0x00007ffa63f40000 - 0x00007ffa63f67000 	C:\Windows\System32\bcrypt.dll
0x00007ffa63620000 - 0x00007ffa6364e000 	C:\Windows\SYSTEM32\USERENV.dll
0x00007ffa630f0000 - 0x00007ffa630fc000 	C:\Windows\SYSTEM32\CRYPTBASE.dll
0x00007ffa62b80000 - 0x00007ffa62bbb000 	C:\Windows\SYSTEM32\IPHLPAPI.DLL
0x00007ffa65ba0000 - 0x00007ffa65ba8000 	C:\Windows\System32\NSI.dll
0x00007ffa58740000 - 0x00007ffa58757000 	C:\Windows\SYSTEM32\dhcpcsvc6.DLL
0x00007ffa59880000 - 0x00007ffa5989d000 	C:\Windows\SYSTEM32\dhcpcsvc.DLL
0x00007ffa62bd0000 - 0x00007ffa62c9a000 	C:\Windows\SYSTEM32\DNSAPI.dll
0x00007ffa4aeb0000 - 0x00007ffa4aed7000 	E:\Programs\Android Studio\jre\bin\sunec.dll

dbghelp: loaded successfully - version: 4.0.5 - missing functions: none
symbol engine: initialized successfully - sym options: 0x614 - pdb path: .;E:\Programs\Android Studio\jre\bin;C:\Windows\SYSTEM32;C:\Program Files\Avast Software\Avast;C:\Windows\WinSxS\amd64_microsoft.windows.common-controls_6595b64144ccf1df_6.0.19041.1110_none_60b5254171f9507e;E:\Programs\Android Studio\jre\bin\server;C:\Users\a0587\.gradle\native\8bec1ad78214c89d9ad589b4d07fe93259594b29d510b10fafb7a158f7737e5d\windows-amd64;C:\Users\a0587\.gradle\native\53dbd7edfb1c66fb8903c78663c9afc45aea4f116125fa6feffd364cf09443e8\windows-amd64

VM Arguments:
jvm_args: --add-opens=java.base/java.util=ALL-UNNAMED --add-opens=java.base/java.lang=ALL-UNNAMED --add-opens=java.base/java.lang.invoke=ALL-UNNAMED --add-opens=java.base/java.util=ALL-UNNAMED --add-opens=java.prefs/java.util.prefs=ALL-UNNAMED --add-opens=java.prefs/java.util.prefs=ALL-UNNAMED --add-opens=java.base/java.nio.charset=ALL-UNNAMED --add-opens=java.base/java.net=ALL-UNNAMED --add-opens=java.base/java.util.concurrent.atomic=ALL-UNNAMED -Xmx2048m -Dfile.encoding=UTF-8 -Duser.country=TW -Duser.language=zh -Duser.variant 
java_command: org.gradle.launcher.daemon.bootstrap.GradleDaemon 7.0.2
java_class_path (initial): C:\Users\a0587\.gradle\wrapper\dists\gradle-7.0.2-bin\857tjihv64xamwrf0h14cai3r\gradle-7.0.2\lib\gradle-launcher-7.0.2.jar
Launcher Type: SUN_STANDARD

[Global flags]
     intx CICompilerCount                          = 3                                         {product} {ergonomic}
     uint ConcGCThreads                            = 1                                         {product} {ergonomic}
     uint G1ConcRefinementThreads                  = 4                                         {product} {ergonomic}
   size_t G1HeapRegionSize                         = 1048576                                   {product} {ergonomic}
    uintx GCDrainStackTargetSize                   = 64                                        {product} {ergonomic}
   size_t InitialHeapSize                          = 134217728                                 {product} {ergonomic}
   size_t MarkStackSize                            = 4194304                                   {product} {ergonomic}
   size_t MaxHeapSize                              = 2147483648                                {product} {command line}
   size_t MaxNewSize                               = 1287651328                                {product} {ergonomic}
   size_t MinHeapDeltaBytes                        = 1048576                                   {product} {ergonomic}
    uintx NonNMethodCodeHeapSize                   = 5830732                                {pd product} {ergonomic}
    uintx NonProfiledCodeHeapSize                  = 122913754                              {pd product} {ergonomic}
    uintx ProfiledCodeHeapSize                     = 122913754                              {pd product} {ergonomic}
    uintx ReservedCodeCacheSize                    = 251658240                              {pd product} {ergonomic}
     bool SegmentedCodeCache                       = true                                      {product} {ergonomic}
     bool UseCompressedClassPointers               = true                                 {lp64_product} {ergonomic}
     bool UseCompressedOops                        = true                                 {lp64_product} {ergonomic}
     bool UseG1GC                                  = true                                      {product} {ergonomic}
     bool UseLargePagesIndividualAllocation        = false                                  {pd product} {ergonomic}

Logging:
Log output configuration:
 #0: stdout all=warning uptime,level,tags
 #1: stderr all=off uptime,level,tags

Environment Variables:
PATH=C:\Windows\system32;C:\Windows;C:\Windows\System32\Wbem;C:\Windows\System32\WindowsPowerShell\v1.0\;C:\Windows\System32\OpenSSH\;C:\Program Files\PuTTY\;E:\Programs\Anaconda;E:\Programs\Anaconda\Library\mingw-w64\bin;E:\Programs\Anaconda\Library\usr\bin;E:\Programs\Anaconda\Library\bin;E:\Programs\Anaconda\Scripts;C:\Users\a0587\AppData\Local\Microsoft\WindowsApps;E:\Programs\Microsoft VS Code\bin
USERNAME=Billy
OS=Windows_NT
PROCESSOR_IDENTIFIER=Intel64 Family 6 Model 142 Stepping 9, GenuineIntel



---------------  S Y S T E M  ---------------

OS: Windows 10 , 64 bit Build 19041 (10.0.19041.1889)
OS uptime: 0 days 23:14 hours

CPU:total 4 (initial active 4) (2 cores per cpu, 2 threads per core) family 6 model 142 stepping 9 microcode 0xb4, cmov, cx8, fxsr, mmx, sse, sse2, sse3, ssse3, sse4.1, sse4.2, popcnt, avx, avx2, aes, clmul, erms, 3dnowpref, lzcnt, ht, tsc, tscinvbit, bmi1, bmi2, adx, fma

Memory: 4k page, system-wide physical 8073M (713M free)
TotalPageFile size 8073M (AvailPageFile size 2M)
current process WorkingSet (physical memory assigned to process): 532M, peak: 547M
current process commit charge ("private bytes"): 591M, peak: 608M

vm_info: OpenJDK 64-Bit Server VM (11.0.13+0-b1751.21-8125866) for windows-amd64 JRE (11.0.13+0-b1751.21-8125866), built on Feb  2 2022 03:00:22 by "builder" with MS VC++ 14.0 (VS2015)

END.
