#
# There is insufficient memory for the Java Runtime Environment to continue.
# Native memory allocation (malloc) failed to allocate 967616 bytes for Chunk::new
# Possible reasons:
#   The system is out of physical RAM or swap space
#   The process is running with CompressedOops enabled, and the Java Heap may be blocking the growth of the native heap
# Possible solutions:
#   Reduce memory load on the system
#   Increase physical memory or swap space
#   Check if swap backing store is full
#   Decrease Java heap size (-Xmx/-Xms)
#   Decrease number of Java threads
#   Decrease Java thread stack sizes (-Xss)
#   Set larger code cache with -XX:ReservedCodeCacheSize=
#   JVM is running with Unscaled Compressed Oops mode in which the Java heap is
#     placed in the first 4GB address space. The Java Heap base address is the
#     maximum limit for the native heap growth. Please use -XX:HeapBaseMinAddress
#     to set the Java Heap base and to place the Java Heap above 4GB virtual address.
# This output file may be truncated or incomplete.
#
#  Out of Memory Error (./src/hotspot/share/memory/arena.cpp:197), pid=2196, tid=14048
#
# JRE version: OpenJDK Runtime Environment (11.0.13) (build 11.0.13+0-b1751.21-8125866)
# Java VM: OpenJDK 64-Bit Server VM (11.0.13+0-b1751.21-8125866, mixed mode, tiered, compressed oops, g1 gc, windows-amd64)
# No core dump will be written. Minidumps are not enabled by default on client versions of Windows
#

---------------  S U M M A R Y ------------

Command Line: --add-opens=java.base/java.util=ALL-UNNAMED --add-opens=java.base/java.lang=ALL-UNNAMED --add-opens=java.base/java.lang.invoke=ALL-UNNAMED --add-opens=java.base/java.util=ALL-UNNAMED --add-opens=java.prefs/java.util.prefs=ALL-UNNAMED --add-opens=java.prefs/java.util.prefs=ALL-UNNAMED --add-opens=java.base/java.nio.charset=ALL-UNNAMED --add-opens=java.base/java.net=ALL-UNNAMED --add-opens=java.base/java.util.concurrent.atomic=ALL-UNNAMED -Xmx2048m -Dfile.encoding=UTF-8 -Duser.country=TW -Duser.language=zh -Duser.variant org.gradle.launcher.daemon.bootstrap.GradleDaemon 7.0.2

Host: Intel(R) Core(TM) i5-7200U CPU @ 2.50GHz, 4 cores, 7G,  Windows 10 , 64 bit Build 19041 (10.0.19041.2251)
Time: Sat Dec  3 13:58:53 2022 台北標準時間 elapsed time: 23.637063 seconds (0d 0h 0m 23s)

---------------  T H R E A D  ---------------

Current thread (0x0000016865e84000):  JavaThread "C2 CompilerThread0" daemon [_thread_in_native, id=14048, stack(0x0000000724b00000,0x0000000724c00000)]


Current CompileTask:
C2:  23637 11236   !   4       java.net.URLClassLoader$1::run (81 bytes)

Stack: [0x0000000724b00000,0x0000000724c00000]
Native frames: (J=compiled Java code, j=interpreted, Vv=VM code, C=native code)
V  [jvm.dll+0x6100fa]
V  [jvm.dll+0x747090]
V  [jvm.dll+0x7486ad]
V  [jvm.dll+0x748d83]
V  [jvm.dll+0x24ab48]
V  [jvm.dll+0xc04dc]
V  [jvm.dll+0xc0a0c]
V  [jvm.dll+0x2bfab4]
V  [jvm.dll+0x524238]
V  [jvm.dll+0x20b193]
V  [jvm.dll+0x204ca0]
V  [jvm.dll+0x2023c2]
V  [jvm.dll+0x188e01]
V  [jvm.dll+0x21106b]
V  [jvm.dll+0x20f8c1]
V  [jvm.dll+0x70de0f]
V  [jvm.dll+0x706a75]
V  [jvm.dll+0x60ed66]
C  [ucrtbase.dll+0x21bb2]
C  [KERNEL32.DLL+0x174b4]
C  [ntdll.dll+0x526a1]


---------------  P R O C E S S  ---------------

Threads class SMR info:
_java_thread_list=0x0000016868d54bb0, length=55, elements={
0x000001684c250000, 0x0000016865e57000, 0x0000016865e58800, 0x0000016865e73800,
0x0000016865e76800, 0x0000016865e7f800, 0x0000016865e84000, 0x0000016865e88800,
0x0000016865e92800, 0x0000016865e7e000, 0x0000016865e7e800, 0x0000016865e7d000,
0x0000016865e79800, 0x0000016865e80800, 0x0000016865e7c000, 0x0000016865e7a800,
0x0000016865e7b800, 0x0000016868b2d000, 0x0000016868b30800, 0x0000016868b2e800,
0x0000016868b31000, 0x0000016868b2e000, 0x0000016868b2b800, 0x0000016868b32000,
0x0000016868b2c000, 0x0000016868b33000, 0x0000016868b33800, 0x0000016868b34800,
0x0000016868b35000, 0x0000016868b2f800, 0x0000016868b36000, 0x0000016868b38800,
0x0000016868b37000, 0x000001686bf09000, 0x000001686bf03000, 0x000001686bf05000,
0x000001686bf08000, 0x000001686bf07800, 0x000001686bf05800, 0x000001686bf09800,
0x000001686bf04000, 0x000001686bf06800, 0x000001686bf0d000, 0x000001686bf0a800,
0x000001686bf11000, 0x000001686bf10000, 0x000001686bf0f800, 0x0000016869c90000,
0x000001686bf0e000, 0x000001686bf12000, 0x000001686d2f3000, 0x000001686d2f4000,
0x000001686d2f0800, 0x000001686d2f2800, 0x000001686d2ef000
}

Java Threads: ( => current thread )
  0x000001684c250000 JavaThread "main" [_thread_blocked, id=2444, stack(0x0000000723f00000,0x0000000724000000)]
  0x0000016865e57000 JavaThread "Reference Handler" daemon [_thread_blocked, id=3220, stack(0x0000000724600000,0x0000000724700000)]
  0x0000016865e58800 JavaThread "Finalizer" daemon [_thread_blocked, id=1552, stack(0x0000000724700000,0x0000000724800000)]
  0x0000016865e73800 JavaThread "Signal Dispatcher" daemon [_thread_blocked, id=384, stack(0x0000000724800000,0x0000000724900000)]
  0x0000016865e76800 JavaThread "Attach Listener" daemon [_thread_blocked, id=8276, stack(0x0000000724900000,0x0000000724a00000)]
  0x0000016865e7f800 JavaThread "Service Thread" daemon [_thread_blocked, id=14360, stack(0x0000000724a00000,0x0000000724b00000)]
=>0x0000016865e84000 JavaThread "C2 CompilerThread0" daemon [_thread_in_native, id=14048, stack(0x0000000724b00000,0x0000000724c00000)]
  0x0000016865e88800 JavaThread "C1 CompilerThread0" daemon [_thread_blocked, id=7912, stack(0x0000000724c00000,0x0000000724d00000)]
  0x0000016865e92800 JavaThread "Sweeper thread" daemon [_thread_blocked, id=7120, stack(0x0000000724d00000,0x0000000724e00000)]
  0x0000016865e7e000 JavaThread "Common-Cleaner" daemon [_thread_blocked, id=8416, stack(0x0000000724e00000,0x0000000724f00000)]
  0x0000016865e7e800 JavaThread "Daemon health stats" [_thread_blocked, id=5764, stack(0x0000000725300000,0x0000000725400000)]
  0x0000016865e7d000 JavaThread "Incoming local TCP Connector on port 52337" [_thread_in_native, id=10556, stack(0x0000000725000000,0x0000000725100000)]
  0x0000016865e79800 JavaThread "Daemon periodic checks" [_thread_blocked, id=7680, stack(0x0000000725400000,0x0000000725500000)]
  0x0000016865e80800 JavaThread "Daemon" [_thread_blocked, id=10200, stack(0x0000000725500000,0x0000000725600000)]
  0x0000016865e7c000 JavaThread "Handler for socket connection from /127.0.0.1:52337 to /127.0.0.1:52338" [_thread_in_native, id=14512, stack(0x0000000725600000,0x0000000725700000)]
  0x0000016865e7a800 JavaThread "Cancel handler" [_thread_blocked, id=14388, stack(0x0000000725800000,0x0000000725900000)]
  0x0000016865e7b800 JavaThread "Daemon worker" [_thread_blocked, id=8804, stack(0x0000000725900000,0x0000000725a00000)]
  0x0000016868b2d000 JavaThread "Asynchronous log dispatcher for DefaultDaemonConnection: socket connection from /127.0.0.1:52337 to /127.0.0.1:52338" [_thread_blocked, id=5064, stack(0x0000000725a00000,0x0000000725b00000)]
  0x0000016868b30800 JavaThread "Stdin handler" [_thread_blocked, id=2856, stack(0x0000000725b00000,0x0000000725c00000)]
  0x0000016868b2e800 JavaThread "Daemon client event forwarder" [_thread_blocked, id=13732, stack(0x0000000725c00000,0x0000000725d00000)]
  0x0000016868b31000 JavaThread "Cache worker for file hash cache (C:\Users\a0587\.gradle\caches\7.0.2\fileHashes)" [_thread_blocked, id=5024, stack(0x0000000725d00000,0x0000000725e00000)]
  0x0000016868b2e000 JavaThread "File lock request listener" [_thread_in_native, id=3284, stack(0x0000000725e00000,0x0000000725f00000)]
  0x0000016868b2b800 JavaThread "Cache worker for journal cache (C:\Users\a0587\.gradle\caches\journal-1)" [_thread_blocked, id=11504, stack(0x0000000725f00000,0x0000000726000000)]
  0x0000016868b32000 JavaThread "Cache worker for file hash cache (E:\Programs\Test\.gradle\7.0.2\fileHashes)" [_thread_blocked, id=10920, stack(0x0000000726100000,0x0000000726200000)]
  0x0000016868b2c000 JavaThread "File watcher server" daemon [_thread_in_native, id=9868, stack(0x0000000726200000,0x0000000726300000)]
  0x0000016868b33000 JavaThread "File watcher consumer" daemon [_thread_blocked, id=7616, stack(0x0000000726300000,0x0000000726400000)]
  0x0000016868b33800 JavaThread "Cache worker for checksums cache (E:\Programs\Test\.gradle\checksums)" [_thread_blocked, id=8184, stack(0x0000000726400000,0x0000000726500000)]
  0x0000016868b34800 JavaThread "Cache worker for cache directory md-supplier (C:\Users\a0587\.gradle\caches\7.0.2\md-supplier)" [_thread_blocked, id=9720, stack(0x0000000726500000,0x0000000726600000)]
  0x0000016868b35000 JavaThread "Cache worker for cache directory md-rule (C:\Users\a0587\.gradle\caches\7.0.2\md-rule)" [_thread_blocked, id=10064, stack(0x0000000726600000,0x0000000726700000)]
  0x0000016868b2f800 JavaThread "Cache worker for execution history cache (C:\Users\a0587\.gradle\caches\7.0.2\executionHistory)" [_thread_blocked, id=2804, stack(0x0000000726700000,0x0000000726800000)]
  0x0000016868b36000 JavaThread "jar transforms" [_thread_blocked, id=1368, stack(0x0000000726800000,0x0000000726900000)]
  0x0000016868b38800 JavaThread "jar transforms Thread 2" [_thread_blocked, id=14156, stack(0x0000000726900000,0x0000000726a00000)]
  0x0000016868b37000 JavaThread "Cache worker for file content cache (C:\Users\a0587\.gradle\caches\7.0.2\fileContent)" [_thread_blocked, id=4304, stack(0x0000000726a00000,0x0000000726b00000)]
  0x000001686bf09000 JavaThread "Cache worker for dependencies-accessors (E:\Programs\Test\.gradle\7.0.2\dependencies-accessors)" [_thread_blocked, id=9112, stack(0x0000000726b00000,0x0000000726c00000)]
  0x000001686bf03000 JavaThread "jar transforms Thread 3" [_thread_blocked, id=15112, stack(0x0000000726c00000,0x0000000726d00000)]
  0x000001686bf05000 JavaThread "Cache worker for Build Output Cleanup Cache (E:\Programs\Test\.gradle\buildOutputCleanup)" [_thread_blocked, id=13544, stack(0x0000000726d00000,0x0000000726e00000)]
  0x000001686bf08000 JavaThread "Build operations" [_thread_blocked, id=4316, stack(0x0000000726e00000,0x0000000726f00000)]
  0x000001686bf07800 JavaThread "Build operations Thread 2" [_thread_blocked, id=6132, stack(0x0000000726f00000,0x0000000727000000)]
  0x000001686bf05800 JavaThread "Build operations Thread 3" [_thread_blocked, id=11336, stack(0x0000000727000000,0x0000000727100000)]
  0x000001686bf09800 JavaThread "Build operations Thread 4" [_thread_blocked, id=3848, stack(0x0000000727100000,0x0000000727200000)]
  0x000001686bf04000 JavaThread "jar transforms Thread 4" [_thread_blocked, id=13372, stack(0x0000000727200000,0x0000000727300000)]
  0x000001686bf06800 JavaThread "Memory manager" [_thread_blocked, id=4860, stack(0x0000000727300000,0x0000000727400000)]
  0x000001686bf0d000 JavaThread "build event listener" [_thread_blocked, id=8792, stack(0x0000000727400000,0x0000000727500000)]
  0x000001686bf0a800 JavaThread "Execution worker for ':'" [_thread_blocked, id=2312, stack(0x0000000727500000,0x0000000727600000)]
  0x000001686bf11000 JavaThread "Execution worker for ':' Thread 2" [_thread_blocked, id=14152, stack(0x0000000727600000,0x0000000727700000)]
  0x000001686bf10000 JavaThread "Execution worker for ':' Thread 3" [_thread_blocked, id=14080, stack(0x0000000727700000,0x0000000727800000)]
  0x000001686bf0f800 JavaThread "Cache worker for execution history cache (E:\Programs\Test\.gradle\7.0.2\executionHistory)" [_thread_blocked, id=13956, stack(0x0000000727800000,0x0000000727900000)]
  0x0000016869c90000 JavaThread "C2 CompilerThread1" daemon [_thread_in_native, id=1416, stack(0x0000000726000000,0x0000000726100000)]
  0x000001686bf0e000 JavaThread "WorkerExecutor Queue" [_thread_blocked, id=3716, stack(0x0000000727900000,0x0000000727a00000)]
  0x000001686bf12000 JavaThread "WorkerExecutor Queue Thread 2" [_thread_blocked, id=10176, stack(0x0000000727a00000,0x0000000727b00000)]
  0x000001686d2f3000 JavaThread "WorkerExecutor Queue Thread 3" [_thread_blocked, id=4824, stack(0x0000000727b00000,0x0000000727c00000)]
  0x000001686d2f4000 JavaThread "WorkerExecutor Queue Thread 4" [_thread_blocked, id=9076, stack(0x0000000727c00000,0x0000000727d00000)]
  0x000001686d2f0800 JavaThread "pool-3-thread-1" [_thread_blocked, id=580, stack(0x0000000727d00000,0x0000000727e00000)]
  0x000001686d2f2800 JavaThread "stderr" [_thread_in_native, id=12928, stack(0x0000000727e00000,0x0000000727f00000)]
  0x000001686d2ef000 JavaThread "stdout" [_thread_in_native, id=10012, stack(0x0000000727f00000,0x0000000728000000)]

Other Threads:
  0x0000016865e52800 VMThread "VM Thread" [stack: 0x0000000724500000,0x0000000724600000] [id=14684]
  0x000001686687d000 WatcherThread [stack: 0x0000000724f00000,0x0000000725000000] [id=1104]
  0x000001684c269800 GCTaskThread "GC Thread#0" [stack: 0x0000000724000000,0x0000000724100000] [id=8200]
  0x0000016866ee6800 GCTaskThread "GC Thread#1" [stack: 0x0000000725100000,0x0000000725200000] [id=2768]
  0x000001686725d800 GCTaskThread "GC Thread#2" [stack: 0x0000000725200000,0x0000000725300000] [id=13740]
  0x000001686944a800 GCTaskThread "GC Thread#3" [stack: 0x0000000725700000,0x0000000725800000] [id=10600]
  0x000001684c299000 ConcurrentGCThread "G1 Main Marker" [stack: 0x0000000724100000,0x0000000724200000] [id=10448]
  0x000001684c29b800 ConcurrentGCThread "G1 Conc#0" [stack: 0x0000000724200000,0x0000000724300000] [id=6992]
  0x000001684c329800 ConcurrentGCThread "G1 Refine#0" [stack: 0x0000000724300000,0x0000000724400000] [id=4388]
  0x000001684c32b000 ConcurrentGCThread "G1 Young RemSet Sampling" [stack: 0x0000000724400000,0x0000000724500000] [id=15248]

Threads with active compile tasks:
C2 CompilerThread0  23713 11236   !   4       java.net.URLClassLoader$1::run (81 bytes)
C2 CompilerThread1  23713 11348       4       java.lang.Class::annotationData (44 bytes)

VM state:not at safepoint (normal execution)

VM Mutex/Monitor currently owned by a thread: None

Heap address: 0x0000000080000000, size: 2048 MB, Compressed Oops mode: 32-bit
Narrow klass base: 0x0000000000000000, Narrow klass shift: 3
Compressed class space size: 1073741824 Address: 0x0000000100000000

Heap:
 garbage-first heap   total 227328K, used 124119K [0x0000000080000000, 0x0000000100000000)
  region size 1024K, 52 young (53248K), 6 survivors (6144K)
 Metaspace       used 90914K, capacity 93205K, committed 93396K, reserved 1130496K
  class space    used 11359K, capacity 12189K, committed 12288K, reserved 1048576K
Heap Regions: E=young(eden), S=young(survivor), O=old, HS=humongous(starts), HC=humongous(continues), CS=collection set, F=free, A=archive, TAMS=top-at-mark-start (previous, next)
|   0|0x0000000080000000, 0x0000000080100000, 0x0000000080100000|100%| O|  |TAMS 0x0000000080100000, 0x0000000080000000| Untracked 
|   1|0x0000000080100000, 0x0000000080200000, 0x0000000080200000|100%| O|  |TAMS 0x0000000080200000, 0x0000000080100000| Untracked 
|   2|0x0000000080200000, 0x0000000080300000, 0x0000000080300000|100%| O|  |TAMS 0x0000000080300000, 0x0000000080200000| Untracked 
|   3|0x0000000080300000, 0x0000000080400000, 0x0000000080400000|100%|HS|  |TAMS 0x0000000080400000, 0x0000000080300000| Complete 
|   4|0x0000000080400000, 0x0000000080500000, 0x0000000080500000|100%|HC|  |TAMS 0x0000000080500000, 0x0000000080400000| Complete 
|   5|0x0000000080500000, 0x0000000080600000, 0x0000000080600000|100%|HC|  |TAMS 0x0000000080600000, 0x0000000080500000| Complete 
|   6|0x0000000080600000, 0x0000000080700000, 0x0000000080700000|100%| O|  |TAMS 0x0000000080700000, 0x0000000080600000| Untracked 
|   7|0x0000000080700000, 0x0000000080800000, 0x0000000080800000|100%| O|  |TAMS 0x0000000080800000, 0x0000000080700000| Untracked 
|   8|0x0000000080800000, 0x0000000080900000, 0x0000000080900000|100%| O|  |TAMS 0x0000000080900000, 0x0000000080800000| Untracked 
|   9|0x0000000080900000, 0x0000000080a00000, 0x0000000080a00000|100%| O|  |TAMS 0x0000000080a00000, 0x0000000080900000| Untracked 
|  10|0x0000000080a00000, 0x0000000080b00000, 0x0000000080b00000|100%| O|  |TAMS 0x0000000080b00000, 0x0000000080a00000| Untracked 
|  11|0x0000000080b00000, 0x0000000080c00000, 0x0000000080c00000|100%| O|  |TAMS 0x0000000080c00000, 0x0000000080b00000| Untracked 
|  12|0x0000000080c00000, 0x0000000080d00000, 0x0000000080d00000|100%| O|  |TAMS 0x0000000080d00000, 0x0000000080c00000| Untracked 
|  13|0x0000000080d00000, 0x0000000080e00000, 0x0000000080e00000|100%| O|  |TAMS 0x0000000080e00000, 0x0000000080d00000| Untracked 
|  14|0x0000000080e00000, 0x0000000080f00000, 0x0000000080f00000|100%| O|  |TAMS 0x0000000080f00000, 0x0000000080e00000| Untracked 
|  15|0x0000000080f00000, 0x0000000081000000, 0x0000000081000000|100%| O|  |TAMS 0x0000000081000000, 0x0000000080f00000| Untracked 
|  16|0x0000000081000000, 0x0000000081100000, 0x0000000081100000|100%|HS|  |TAMS 0x0000000081100000, 0x0000000081000000| Complete 
|  17|0x0000000081100000, 0x0000000081200000, 0x0000000081200000|100%| O|  |TAMS 0x0000000081200000, 0x0000000081100000| Untracked 
|  18|0x0000000081200000, 0x0000000081300000, 0x0000000081300000|100%| O|  |TAMS 0x0000000081300000, 0x0000000081200000| Untracked 
|  19|0x0000000081300000, 0x0000000081400000, 0x0000000081400000|100%| O|  |TAMS 0x0000000081400000, 0x0000000081300000| Untracked 
|  20|0x0000000081400000, 0x0000000081500000, 0x0000000081500000|100%| O|  |TAMS 0x0000000081500000, 0x0000000081400000| Untracked 
|  21|0x0000000081500000, 0x0000000081600000, 0x0000000081600000|100%| O|  |TAMS 0x0000000081600000, 0x0000000081500000| Untracked 
|  22|0x0000000081600000, 0x0000000081700000, 0x0000000081700000|100%| O|  |TAMS 0x0000000081700000, 0x0000000081600000| Untracked 
|  23|0x0000000081700000, 0x0000000081800000, 0x0000000081800000|100%|HS|  |TAMS 0x0000000081800000, 0x0000000081700000| Complete 
|  24|0x0000000081800000, 0x0000000081900000, 0x0000000081900000|100%|HS|  |TAMS 0x0000000081900000, 0x0000000081800000| Complete 
|  25|0x0000000081900000, 0x0000000081a00000, 0x0000000081a00000|100%|HC|  |TAMS 0x0000000081a00000, 0x0000000081900000| Complete 
|  26|0x0000000081a00000, 0x0000000081b00000, 0x0000000081b00000|100%| O|  |TAMS 0x0000000081b00000, 0x0000000081a00000| Untracked 
|  27|0x0000000081b00000, 0x0000000081c00000, 0x0000000081c00000|100%| O|  |TAMS 0x0000000081c00000, 0x0000000081b00000| Untracked 
|  28|0x0000000081c00000, 0x0000000081d00000, 0x0000000081d00000|100%| O|  |TAMS 0x0000000081d00000, 0x0000000081c00000| Untracked 
|  29|0x0000000081d00000, 0x0000000081e00000, 0x0000000081e00000|100%| O|  |TAMS 0x0000000081e00000, 0x0000000081d00000| Untracked 
|  30|0x0000000081e00000, 0x0000000081f00000, 0x0000000081f00000|100%| O|  |TAMS 0x0000000081f00000, 0x0000000081e00000| Untracked 
|  31|0x0000000081f00000, 0x0000000082000000, 0x0000000082000000|100%| O|  |TAMS 0x0000000082000000, 0x0000000081f00000| Untracked 
|  32|0x0000000082000000, 0x0000000082100000, 0x0000000082100000|100%| O|  |TAMS 0x0000000082100000, 0x0000000082000000| Untracked 
|  33|0x0000000082100000, 0x0000000082200000, 0x0000000082200000|100%| O|  |TAMS 0x0000000082200000, 0x0000000082100000| Untracked 
|  34|0x0000000082200000, 0x0000000082300000, 0x0000000082300000|100%| O|  |TAMS 0x0000000082300000, 0x0000000082200000| Untracked 
|  35|0x0000000082300000, 0x0000000082400000, 0x0000000082400000|100%| O|  |TAMS 0x0000000082400000, 0x0000000082300000| Untracked 
|  36|0x0000000082400000, 0x0000000082500000, 0x0000000082500000|100%| O|  |TAMS 0x0000000082500000, 0x0000000082400000| Untracked 
|  37|0x0000000082500000, 0x0000000082600000, 0x0000000082600000|100%| O|  |TAMS 0x0000000082600000, 0x0000000082500000| Untracked 
|  38|0x0000000082600000, 0x0000000082700000, 0x0000000082700000|100%| O|  |TAMS 0x0000000082700000, 0x0000000082600000| Untracked 
|  39|0x0000000082700000, 0x0000000082800000, 0x0000000082800000|100%| O|  |TAMS 0x0000000082800000, 0x0000000082700000| Untracked 
|  40|0x0000000082800000, 0x0000000082900000, 0x0000000082900000|100%| O|  |TAMS 0x00000000828d8800, 0x0000000082800000| Untracked 
|  41|0x0000000082900000, 0x0000000082a00000, 0x0000000082a00000|100%| O|  |TAMS 0x0000000082900000, 0x0000000082900000| Untracked 
|  42|0x0000000082a00000, 0x0000000082b00000, 0x0000000082b00000|100%| O|  |TAMS 0x0000000082a00000, 0x0000000082a00000| Untracked 
|  43|0x0000000082b00000, 0x0000000082c00000, 0x0000000082c00000|100%| O|  |TAMS 0x0000000082b00000, 0x0000000082b00000| Untracked 
|  44|0x0000000082c00000, 0x0000000082d00000, 0x0000000082d00000|100%| O|  |TAMS 0x0000000082c00000, 0x0000000082c00000| Untracked 
|  45|0x0000000082d00000, 0x0000000082e00000, 0x0000000082e00000|100%| O|  |TAMS 0x0000000082d00000, 0x0000000082d00000| Untracked 
|  46|0x0000000082e00000, 0x0000000082f00000, 0x0000000082f00000|100%| O|  |TAMS 0x0000000082e00000, 0x0000000082e00000| Untracked 
|  47|0x0000000082f00000, 0x0000000083000000, 0x0000000083000000|100%| O|  |TAMS 0x0000000082f00000, 0x0000000082f00000| Untracked 
|  48|0x0000000083000000, 0x0000000083100000, 0x0000000083100000|100%| O|  |TAMS 0x0000000083000000, 0x0000000083000000| Untracked 
|  49|0x0000000083100000, 0x0000000083200000, 0x0000000083200000|100%| O|  |TAMS 0x0000000083100000, 0x0000000083100000| Untracked 
|  50|0x0000000083200000, 0x0000000083200000, 0x0000000083300000|  0%| F|  |TAMS 0x0000000083200000, 0x0000000083200000| Untracked 
|  51|0x0000000083300000, 0x0000000083300000, 0x0000000083400000|  0%| F|  |TAMS 0x0000000083300000, 0x0000000083300000| Untracked 
|  52|0x0000000083400000, 0x0000000083500000, 0x0000000083500000|100%|HS|  |TAMS 0x0000000083400000, 0x0000000083400000| Complete 
|  53|0x0000000083500000, 0x0000000083600000, 0x0000000083600000|100%| O|  |TAMS 0x0000000083500000, 0x0000000083500000| Untracked 
|  54|0x0000000083600000, 0x0000000083700000, 0x0000000083700000|100%| O|  |TAMS 0x0000000083600000, 0x0000000083600000| Untracked 
|  55|0x0000000083700000, 0x0000000083800000, 0x0000000083800000|100%| O|  |TAMS 0x0000000083700000, 0x0000000083700000| Untracked 
|  56|0x0000000083800000, 0x0000000083900000, 0x0000000083900000|100%| O|  |TAMS 0x0000000083800000, 0x0000000083800000| Untracked 
|  57|0x0000000083900000, 0x0000000083a00000, 0x0000000083a00000|100%| O|  |TAMS 0x0000000083900000, 0x0000000083900000| Untracked 
|  58|0x0000000083a00000, 0x0000000083b00000, 0x0000000083b00000|100%| O|  |TAMS 0x0000000083a00000, 0x0000000083a00000| Untracked 
|  59|0x0000000083b00000, 0x0000000083c00000, 0x0000000083c00000|100%| O|  |TAMS 0x0000000083b00000, 0x0000000083b00000| Untracked 
|  60|0x0000000083c00000, 0x0000000083d00000, 0x0000000083d00000|100%| O|  |TAMS 0x0000000083c00000, 0x0000000083c00000| Untracked 
|  61|0x0000000083d00000, 0x0000000083e00000, 0x0000000083e00000|100%| O|  |TAMS 0x0000000083d00000, 0x0000000083d00000| Untracked 
|  62|0x0000000083e00000, 0x0000000083f00000, 0x0000000083f00000|100%| O|  |TAMS 0x0000000083e00000, 0x0000000083e00000| Untracked 
|  63|0x0000000083f00000, 0x0000000083f00000, 0x0000000084000000|  0%| F|  |TAMS 0x0000000083f00000, 0x0000000083f00000| Untracked 
|  64|0x0000000084000000, 0x0000000084000000, 0x0000000084100000|  0%| F|  |TAMS 0x0000000084000000, 0x0000000084000000| Untracked 
|  65|0x0000000084100000, 0x0000000084100000, 0x0000000084200000|  0%| F|  |TAMS 0x0000000084100000, 0x0000000084100000| Untracked 
|  66|0x0000000084200000, 0x0000000084200000, 0x0000000084300000|  0%| F|  |TAMS 0x0000000084200000, 0x0000000084200000| Untracked 
|  67|0x0000000084300000, 0x0000000084300000, 0x0000000084400000|  0%| F|  |TAMS 0x0000000084300000, 0x0000000084300000| Untracked 
|  68|0x0000000084400000, 0x0000000084400000, 0x0000000084500000|  0%| F|  |TAMS 0x0000000084400000, 0x0000000084400000| Untracked 
|  69|0x0000000084500000, 0x0000000084600000, 0x0000000084600000|100%| O|  |TAMS 0x0000000084500000, 0x0000000084500000| Untracked 
|  70|0x0000000084600000, 0x0000000084700000, 0x0000000084700000|100%| O|  |TAMS 0x0000000084600000, 0x0000000084600000| Untracked 
|  71|0x0000000084700000, 0x0000000084800000, 0x0000000084800000|100%| O|  |TAMS 0x0000000084700000, 0x0000000084700000| Untracked 
|  72|0x0000000084800000, 0x0000000084900000, 0x0000000084900000|100%| O|  |TAMS 0x0000000084800000, 0x0000000084800000| Untracked 
|  73|0x0000000084900000, 0x0000000084a00000, 0x0000000084a00000|100%| O|  |TAMS 0x0000000084900000, 0x0000000084900000| Untracked 
|  74|0x0000000084a00000, 0x0000000084b00000, 0x0000000084b00000|100%| O|  |TAMS 0x0000000084a00000, 0x0000000084a00000| Untracked 
|  75|0x0000000084b00000, 0x0000000084c00000, 0x0000000084c00000|100%| O|  |TAMS 0x0000000084b00000, 0x0000000084b00000| Untracked 
|  76|0x0000000084c00000, 0x0000000084d00000, 0x0000000084d00000|100%| O|  |TAMS 0x0000000084c00000, 0x0000000084c00000| Untracked 
|  77|0x0000000084d00000, 0x0000000084e00000, 0x0000000084e00000|100%| O|  |TAMS 0x0000000084d00000, 0x0000000084d00000| Untracked 
|  78|0x0000000084e00000, 0x0000000084f00000, 0x0000000084f00000|100%| O|  |TAMS 0x0000000084e00000, 0x0000000084e00000| Untracked 
|  79|0x0000000084f00000, 0x0000000084f5ae00, 0x0000000085000000| 35%| O|  |TAMS 0x0000000084f00000, 0x0000000084f00000| Untracked 
|  80|0x0000000085000000, 0x0000000085000000, 0x0000000085100000|  0%| F|  |TAMS 0x0000000085000000, 0x0000000085000000| Untracked 
|  81|0x0000000085100000, 0x0000000085100000, 0x0000000085200000|  0%| F|  |TAMS 0x0000000085100000, 0x0000000085100000| Untracked 
|  82|0x0000000085200000, 0x0000000085200000, 0x0000000085300000|  0%| F|  |TAMS 0x0000000085200000, 0x0000000085200000| Untracked 
|  83|0x0000000085300000, 0x0000000085300000, 0x0000000085400000|  0%| F|  |TAMS 0x0000000085300000, 0x0000000085300000| Untracked 
|  84|0x0000000085400000, 0x0000000085400000, 0x0000000085500000|  0%| F|  |TAMS 0x0000000085400000, 0x0000000085400000| Untracked 
|  85|0x0000000085500000, 0x0000000085500000, 0x0000000085600000|  0%| F|  |TAMS 0x0000000085500000, 0x0000000085500000| Untracked 
|  86|0x0000000085600000, 0x0000000085600000, 0x0000000085700000|  0%| F|  |TAMS 0x0000000085600000, 0x0000000085600000| Untracked 
|  87|0x0000000085700000, 0x0000000085700000, 0x0000000085800000|  0%| F|  |TAMS 0x0000000085700000, 0x0000000085700000| Untracked 
|  88|0x0000000085800000, 0x0000000085800000, 0x0000000085900000|  0%| F|  |TAMS 0x0000000085800000, 0x0000000085800000| Untracked 
|  89|0x0000000085900000, 0x0000000085900000, 0x0000000085a00000|  0%| F|  |TAMS 0x0000000085900000, 0x0000000085900000| Untracked 
|  90|0x0000000085a00000, 0x0000000085a00000, 0x0000000085b00000|  0%| F|  |TAMS 0x0000000085a00000, 0x0000000085a00000| Untracked 
|  91|0x0000000085b00000, 0x0000000085b00000, 0x0000000085c00000|  0%| F|  |TAMS 0x0000000085b00000, 0x0000000085b00000| Untracked 
|  92|0x0000000085c00000, 0x0000000085c00000, 0x0000000085d00000|  0%| F|  |TAMS 0x0000000085c00000, 0x0000000085c00000| Untracked 
|  93|0x0000000085d00000, 0x0000000085d00000, 0x0000000085e00000|  0%| F|  |TAMS 0x0000000085d00000, 0x0000000085d00000| Untracked 
|  94|0x0000000085e00000, 0x0000000085e00000, 0x0000000085f00000|  0%| F|  |TAMS 0x0000000085e00000, 0x0000000085e00000| Untracked 
|  95|0x0000000085f00000, 0x0000000085f00000, 0x0000000086000000|  0%| F|  |TAMS 0x0000000085f00000, 0x0000000085f00000| Untracked 
|  96|0x0000000086000000, 0x0000000086000000, 0x0000000086100000|  0%| F|  |TAMS 0x0000000086000000, 0x0000000086000000| Untracked 
|  97|0x0000000086100000, 0x0000000086100000, 0x0000000086200000|  0%| F|  |TAMS 0x0000000086100000, 0x0000000086100000| Untracked 
|  98|0x0000000086200000, 0x0000000086200000, 0x0000000086300000|  0%| F|  |TAMS 0x0000000086200000, 0x0000000086200000| Untracked 
|  99|0x0000000086300000, 0x0000000086300000, 0x0000000086400000|  0%| F|  |TAMS 0x0000000086300000, 0x0000000086300000| Untracked 
| 100|0x0000000086400000, 0x0000000086400000, 0x0000000086500000|  0%| F|  |TAMS 0x0000000086400000, 0x0000000086400000| Untracked 
| 101|0x0000000086500000, 0x0000000086500000, 0x0000000086600000|  0%| F|  |TAMS 0x0000000086500000, 0x0000000086500000| Untracked 
| 102|0x0000000086600000, 0x0000000086600000, 0x0000000086700000|  0%| F|  |TAMS 0x0000000086600000, 0x0000000086600000| Untracked 
| 103|0x0000000086700000, 0x0000000086700000, 0x0000000086800000|  0%| F|  |TAMS 0x0000000086700000, 0x0000000086700000| Untracked 
| 104|0x0000000086800000, 0x0000000086800000, 0x0000000086900000|  0%| F|  |TAMS 0x0000000086800000, 0x0000000086800000| Untracked 
| 105|0x0000000086900000, 0x0000000086900000, 0x0000000086a00000|  0%| F|  |TAMS 0x0000000086900000, 0x0000000086900000| Untracked 
| 106|0x0000000086a00000, 0x0000000086a00000, 0x0000000086b00000|  0%| F|  |TAMS 0x0000000086a00000, 0x0000000086a00000| Untracked 
| 107|0x0000000086b00000, 0x0000000086b00000, 0x0000000086c00000|  0%| F|  |TAMS 0x0000000086b00000, 0x0000000086b00000| Untracked 
| 108|0x0000000086c00000, 0x0000000086c00000, 0x0000000086d00000|  0%| F|  |TAMS 0x0000000086c00000, 0x0000000086c00000| Untracked 
| 109|0x0000000086d00000, 0x0000000086d00000, 0x0000000086e00000|  0%| F|  |TAMS 0x0000000086d00000, 0x0000000086d00000| Untracked 
| 110|0x0000000086e00000, 0x0000000086e00000, 0x0000000086f00000|  0%| F|  |TAMS 0x0000000086e00000, 0x0000000086e00000| Untracked 
| 111|0x0000000086f00000, 0x0000000086f00000, 0x0000000087000000|  0%| F|  |TAMS 0x0000000086f00000, 0x0000000086f00000| Untracked 
| 112|0x0000000087000000, 0x0000000087000000, 0x0000000087100000|  0%| F|  |TAMS 0x0000000087000000, 0x0000000087000000| Untracked 
| 113|0x0000000087100000, 0x0000000087100000, 0x0000000087200000|  0%| F|  |TAMS 0x0000000087100000, 0x0000000087100000| Untracked 
| 114|0x0000000087200000, 0x0000000087200000, 0x0000000087300000|  0%| F|  |TAMS 0x0000000087200000, 0x0000000087200000| Untracked 
| 115|0x0000000087300000, 0x0000000087300000, 0x0000000087400000|  0%| F|  |TAMS 0x0000000087300000, 0x0000000087300000| Untracked 
| 116|0x0000000087400000, 0x0000000087400000, 0x0000000087500000|  0%| F|  |TAMS 0x0000000087400000, 0x0000000087400000| Untracked 
| 117|0x0000000087500000, 0x0000000087500000, 0x0000000087600000|  0%| F|  |TAMS 0x0000000087500000, 0x0000000087500000| Untracked 
| 118|0x0000000087600000, 0x0000000087600000, 0x0000000087700000|  0%| F|  |TAMS 0x0000000087600000, 0x0000000087600000| Untracked 
| 119|0x0000000087700000, 0x0000000087700000, 0x0000000087800000|  0%| F|  |TAMS 0x0000000087700000, 0x0000000087700000| Untracked 
| 120|0x0000000087800000, 0x0000000087800000, 0x0000000087900000|  0%| F|  |TAMS 0x0000000087800000, 0x0000000087800000| Untracked 
| 121|0x0000000087900000, 0x0000000087900000, 0x0000000087a00000|  0%| F|  |TAMS 0x0000000087900000, 0x0000000087900000| Untracked 
| 122|0x0000000087a00000, 0x0000000087a00000, 0x0000000087b00000|  0%| F|  |TAMS 0x0000000087a00000, 0x0000000087a00000| Untracked 
| 123|0x0000000087b00000, 0x0000000087b00000, 0x0000000087c00000|  0%| F|  |TAMS 0x0000000087b00000, 0x0000000087b00000| Untracked 
| 124|0x0000000087c00000, 0x0000000087c00000, 0x0000000087d00000|  0%| F|  |TAMS 0x0000000087c00000, 0x0000000087c00000| Untracked 
| 125|0x0000000087d00000, 0x0000000087d00000, 0x0000000087e00000|  0%| F|  |TAMS 0x0000000087d00000, 0x0000000087d00000| Untracked 
| 126|0x0000000087e00000, 0x0000000087e00000, 0x0000000087f00000|  0%| F|  |TAMS 0x0000000087e00000, 0x0000000087e00000| Untracked 
| 127|0x0000000087f00000, 0x0000000087f00000, 0x0000000088000000|  0%| F|  |TAMS 0x0000000087f00000, 0x0000000087f00000| Untracked 
| 128|0x0000000088000000, 0x0000000088000000, 0x0000000088100000|  0%| F|  |TAMS 0x0000000088000000, 0x0000000088000000| Untracked 
| 129|0x0000000088100000, 0x0000000088100000, 0x0000000088200000|  0%| F|  |TAMS 0x0000000088100000, 0x0000000088100000| Untracked 
| 130|0x0000000088200000, 0x0000000088200000, 0x0000000088300000|  0%| F|  |TAMS 0x0000000088200000, 0x0000000088200000| Untracked 
| 131|0x0000000088300000, 0x0000000088300000, 0x0000000088400000|  0%| F|  |TAMS 0x0000000088300000, 0x0000000088300000| Untracked 
| 132|0x0000000088400000, 0x0000000088400000, 0x0000000088500000|  0%| F|  |TAMS 0x0000000088400000, 0x0000000088400000| Untracked 
| 133|0x0000000088500000, 0x0000000088500000, 0x0000000088600000|  0%| F|  |TAMS 0x0000000088500000, 0x0000000088500000| Untracked 
| 134|0x0000000088600000, 0x0000000088600000, 0x0000000088700000|  0%| F|  |TAMS 0x0000000088600000, 0x0000000088600000| Untracked 
| 135|0x0000000088700000, 0x0000000088700000, 0x0000000088800000|  0%| F|  |TAMS 0x0000000088700000, 0x0000000088700000| Untracked 
| 136|0x0000000088800000, 0x0000000088800000, 0x0000000088900000|  0%| F|  |TAMS 0x0000000088800000, 0x0000000088800000| Untracked 
| 137|0x0000000088900000, 0x0000000088900000, 0x0000000088a00000|  0%| F|  |TAMS 0x0000000088900000, 0x0000000088900000| Untracked 
| 138|0x0000000088a00000, 0x0000000088a00000, 0x0000000088b00000|  0%| F|  |TAMS 0x0000000088a00000, 0x0000000088a00000| Untracked 
| 139|0x0000000088b00000, 0x0000000088bdb150, 0x0000000088c00000| 85%| S|CS|TAMS 0x0000000088b00000, 0x0000000088b00000| Complete 
| 140|0x0000000088c00000, 0x0000000088d00000, 0x0000000088d00000|100%| S|CS|TAMS 0x0000000088c00000, 0x0000000088c00000| Complete 
| 141|0x0000000088d00000, 0x0000000088e00000, 0x0000000088e00000|100%| S|CS|TAMS 0x0000000088d00000, 0x0000000088d00000| Complete 
| 142|0x0000000088e00000, 0x0000000088f00000, 0x0000000088f00000|100%| S|CS|TAMS 0x0000000088e00000, 0x0000000088e00000| Complete 
| 143|0x0000000088f00000, 0x0000000089000000, 0x0000000089000000|100%| S|CS|TAMS 0x0000000088f00000, 0x0000000088f00000| Complete 
| 144|0x0000000089000000, 0x0000000089100000, 0x0000000089100000|100%| S|CS|TAMS 0x0000000089000000, 0x0000000089000000| Complete 
| 145|0x0000000089100000, 0x0000000089100000, 0x0000000089200000|  0%| F|  |TAMS 0x0000000089100000, 0x0000000089100000| Untracked 
| 146|0x0000000089200000, 0x0000000089200000, 0x0000000089300000|  0%| F|  |TAMS 0x0000000089200000, 0x0000000089200000| Untracked 
| 147|0x0000000089300000, 0x0000000089300000, 0x0000000089400000|  0%| F|  |TAMS 0x0000000089300000, 0x0000000089300000| Untracked 
| 148|0x0000000089400000, 0x0000000089400000, 0x0000000089500000|  0%| F|  |TAMS 0x0000000089400000, 0x0000000089400000| Untracked 
| 149|0x0000000089500000, 0x0000000089500000, 0x0000000089600000|  0%| F|  |TAMS 0x0000000089500000, 0x0000000089500000| Untracked 
| 150|0x0000000089600000, 0x0000000089600000, 0x0000000089700000|  0%| F|  |TAMS 0x0000000089600000, 0x0000000089600000| Untracked 
| 151|0x0000000089700000, 0x0000000089700000, 0x0000000089800000|  0%| F|  |TAMS 0x0000000089700000, 0x0000000089700000| Untracked 
| 152|0x0000000089800000, 0x0000000089800000, 0x0000000089900000|  0%| F|  |TAMS 0x0000000089800000, 0x0000000089800000| Untracked 
| 153|0x0000000089900000, 0x0000000089900000, 0x0000000089a00000|  0%| F|  |TAMS 0x0000000089900000, 0x0000000089900000| Untracked 
| 154|0x0000000089a00000, 0x0000000089a00000, 0x0000000089b00000|  0%| F|  |TAMS 0x0000000089a00000, 0x0000000089a00000| Untracked 
| 155|0x0000000089b00000, 0x0000000089b00000, 0x0000000089c00000|  0%| F|  |TAMS 0x0000000089b00000, 0x0000000089b00000| Untracked 
| 156|0x0000000089c00000, 0x0000000089c00000, 0x0000000089d00000|  0%| F|  |TAMS 0x0000000089c00000, 0x0000000089c00000| Untracked 
| 157|0x0000000089d00000, 0x0000000089d00000, 0x0000000089e00000|  0%| F|  |TAMS 0x0000000089d00000, 0x0000000089d00000| Untracked 
| 158|0x0000000089e00000, 0x0000000089e00000, 0x0000000089f00000|  0%| F|  |TAMS 0x0000000089e00000, 0x0000000089e00000| Untracked 
| 159|0x0000000089f00000, 0x0000000089f00000, 0x000000008a000000|  0%| F|  |TAMS 0x0000000089f00000, 0x0000000089f00000| Untracked 
| 160|0x000000008a000000, 0x000000008a000000, 0x000000008a100000|  0%| F|  |TAMS 0x000000008a000000, 0x000000008a000000| Untracked 
| 161|0x000000008a100000, 0x000000008a100000, 0x000000008a200000|  0%| F|  |TAMS 0x000000008a100000, 0x000000008a100000| Untracked 
| 162|0x000000008a200000, 0x000000008a200000, 0x000000008a300000|  0%| F|  |TAMS 0x000000008a200000, 0x000000008a200000| Untracked 
| 163|0x000000008a300000, 0x000000008a300000, 0x000000008a400000|  0%| F|  |TAMS 0x000000008a300000, 0x000000008a300000| Untracked 
| 164|0x000000008a400000, 0x000000008a400000, 0x000000008a500000|  0%| F|  |TAMS 0x000000008a400000, 0x000000008a400000| Untracked 
| 165|0x000000008a500000, 0x000000008a500000, 0x000000008a600000|  0%| F|  |TAMS 0x000000008a500000, 0x000000008a500000| Untracked 
| 166|0x000000008a600000, 0x000000008a600000, 0x000000008a700000|  0%| F|  |TAMS 0x000000008a600000, 0x000000008a600000| Untracked 
| 167|0x000000008a700000, 0x000000008a700000, 0x000000008a800000|  0%| F|  |TAMS 0x000000008a700000, 0x000000008a700000| Untracked 
| 168|0x000000008a800000, 0x000000008a800000, 0x000000008a900000|  0%| F|  |TAMS 0x000000008a800000, 0x000000008a800000| Untracked 
| 169|0x000000008a900000, 0x000000008a900000, 0x000000008aa00000|  0%| F|  |TAMS 0x000000008a900000, 0x000000008a900000| Untracked 
| 170|0x000000008aa00000, 0x000000008aa00000, 0x000000008ab00000|  0%| F|  |TAMS 0x000000008aa00000, 0x000000008aa00000| Untracked 
| 171|0x000000008ab00000, 0x000000008ab00000, 0x000000008ac00000|  0%| F|  |TAMS 0x000000008ab00000, 0x000000008ab00000| Untracked 
| 172|0x000000008ac00000, 0x000000008ac00000, 0x000000008ad00000|  0%| F|  |TAMS 0x000000008ac00000, 0x000000008ac00000| Untracked 
| 173|0x000000008ad00000, 0x000000008ad00000, 0x000000008ae00000|  0%| F|  |TAMS 0x000000008ad00000, 0x000000008ad00000| Untracked 
| 174|0x000000008ae00000, 0x000000008ae00000, 0x000000008af00000|  0%| F|  |TAMS 0x000000008ae00000, 0x000000008ae00000| Untracked 
| 175|0x000000008af00000, 0x000000008af00000, 0x000000008b000000|  0%| F|  |TAMS 0x000000008af00000, 0x000000008af00000| Untracked 
| 176|0x000000008b000000, 0x000000008b02e648, 0x000000008b100000| 18%| E|  |TAMS 0x000000008b000000, 0x000000008b000000| Complete 
| 177|0x000000008b100000, 0x000000008b200000, 0x000000008b200000|100%| E|CS|TAMS 0x000000008b100000, 0x000000008b100000| Complete 
| 178|0x000000008b200000, 0x000000008b300000, 0x000000008b300000|100%| E|CS|TAMS 0x000000008b200000, 0x000000008b200000| Complete 
| 179|0x000000008b300000, 0x000000008b400000, 0x000000008b400000|100%| E|CS|TAMS 0x000000008b300000, 0x000000008b300000| Complete 
| 180|0x000000008b400000, 0x000000008b500000, 0x000000008b500000|100%| E|CS|TAMS 0x000000008b400000, 0x000000008b400000| Complete 
| 181|0x000000008b500000, 0x000000008b600000, 0x000000008b600000|100%| E|CS|TAMS 0x000000008b500000, 0x000000008b500000| Complete 
| 182|0x000000008b600000, 0x000000008b700000, 0x000000008b700000|100%| E|CS|TAMS 0x000000008b600000, 0x000000008b600000| Complete 
| 183|0x000000008b700000, 0x000000008b800000, 0x000000008b800000|100%| E|CS|TAMS 0x000000008b700000, 0x000000008b700000| Complete 
| 184|0x000000008b800000, 0x000000008b900000, 0x000000008b900000|100%| E|CS|TAMS 0x000000008b800000, 0x000000008b800000| Complete 
| 185|0x000000008b900000, 0x000000008ba00000, 0x000000008ba00000|100%| E|CS|TAMS 0x000000008b900000, 0x000000008b900000| Complete 
| 186|0x000000008ba00000, 0x000000008bb00000, 0x000000008bb00000|100%| E|CS|TAMS 0x000000008ba00000, 0x000000008ba00000| Complete 
| 187|0x000000008bb00000, 0x000000008bc00000, 0x000000008bc00000|100%| E|CS|TAMS 0x000000008bb00000, 0x000000008bb00000| Complete 
| 188|0x000000008bc00000, 0x000000008bd00000, 0x000000008bd00000|100%| E|CS|TAMS 0x000000008bc00000, 0x000000008bc00000| Complete 
| 189|0x000000008bd00000, 0x000000008be00000, 0x000000008be00000|100%| E|CS|TAMS 0x000000008bd00000, 0x000000008bd00000| Complete 
| 190|0x000000008be00000, 0x000000008bf00000, 0x000000008bf00000|100%| E|CS|TAMS 0x000000008be00000, 0x000000008be00000| Complete 
| 191|0x000000008bf00000, 0x000000008c000000, 0x000000008c000000|100%| E|CS|TAMS 0x000000008bf00000, 0x000000008bf00000| Complete 
| 192|0x000000008c000000, 0x000000008c100000, 0x000000008c100000|100%| E|CS|TAMS 0x000000008c000000, 0x000000008c000000| Complete 
| 193|0x000000008c100000, 0x000000008c200000, 0x000000008c200000|100%| E|CS|TAMS 0x000000008c100000, 0x000000008c100000| Complete 
| 194|0x000000008c200000, 0x000000008c300000, 0x000000008c300000|100%| E|CS|TAMS 0x000000008c200000, 0x000000008c200000| Complete 
| 195|0x000000008c300000, 0x000000008c400000, 0x000000008c400000|100%| E|CS|TAMS 0x000000008c300000, 0x000000008c300000| Complete 
| 196|0x000000008c400000, 0x000000008c500000, 0x000000008c500000|100%| E|CS|TAMS 0x000000008c400000, 0x000000008c400000| Complete 
| 197|0x000000008c500000, 0x000000008c600000, 0x000000008c600000|100%| E|  |TAMS 0x000000008c500000, 0x000000008c500000| Complete 
| 198|0x000000008c600000, 0x000000008c700000, 0x000000008c700000|100%| E|CS|TAMS 0x000000008c600000, 0x000000008c600000| Complete 
| 199|0x000000008c700000, 0x000000008c800000, 0x000000008c800000|100%| E|CS|TAMS 0x000000008c700000, 0x000000008c700000| Complete 
| 200|0x000000008c800000, 0x000000008c900000, 0x000000008c900000|100%| E|CS|TAMS 0x000000008c800000, 0x000000008c800000| Complete 
| 201|0x000000008c900000, 0x000000008ca00000, 0x000000008ca00000|100%| E|CS|TAMS 0x000000008c900000, 0x000000008c900000| Complete 
| 202|0x000000008ca00000, 0x000000008cb00000, 0x000000008cb00000|100%| E|CS|TAMS 0x000000008ca00000, 0x000000008ca00000| Complete 
| 203|0x000000008cb00000, 0x000000008cc00000, 0x000000008cc00000|100%| E|CS|TAMS 0x000000008cb00000, 0x000000008cb00000| Complete 
| 204|0x000000008cc00000, 0x000000008cd00000, 0x000000008cd00000|100%| E|CS|TAMS 0x000000008cc00000, 0x000000008cc00000| Complete 
| 205|0x000000008cd00000, 0x000000008ce00000, 0x000000008ce00000|100%| E|CS|TAMS 0x000000008cd00000, 0x000000008cd00000| Complete 
| 206|0x000000008ce00000, 0x000000008cf00000, 0x000000008cf00000|100%| E|CS|TAMS 0x000000008ce00000, 0x000000008ce00000| Complete 
| 207|0x000000008cf00000, 0x000000008d000000, 0x000000008d000000|100%| E|CS|TAMS 0x000000008cf00000, 0x000000008cf00000| Complete 
| 208|0x000000008d000000, 0x000000008d100000, 0x000000008d100000|100%| E|CS|TAMS 0x000000008d000000, 0x000000008d000000| Complete 
| 209|0x000000008d100000, 0x000000008d200000, 0x000000008d200000|100%| E|CS|TAMS 0x000000008d100000, 0x000000008d100000| Complete 
| 210|0x000000008d200000, 0x000000008d300000, 0x000000008d300000|100%| E|CS|TAMS 0x000000008d200000, 0x000000008d200000| Complete 
| 211|0x000000008d300000, 0x000000008d400000, 0x000000008d400000|100%| E|CS|TAMS 0x000000008d300000, 0x000000008d300000| Complete 
| 212|0x000000008d400000, 0x000000008d500000, 0x000000008d500000|100%| E|CS|TAMS 0x000000008d400000, 0x000000008d400000| Complete 
| 213|0x000000008d500000, 0x000000008d600000, 0x000000008d600000|100%| E|CS|TAMS 0x000000008d500000, 0x000000008d500000| Complete 
| 214|0x000000008d600000, 0x000000008d700000, 0x000000008d700000|100%| E|CS|TAMS 0x000000008d600000, 0x000000008d600000| Complete 
| 215|0x000000008d700000, 0x000000008d800000, 0x000000008d800000|100%| E|CS|TAMS 0x000000008d700000, 0x000000008d700000| Complete 
| 216|0x000000008d800000, 0x000000008d900000, 0x000000008d900000|100%| E|CS|TAMS 0x000000008d800000, 0x000000008d800000| Complete 
| 217|0x000000008d900000, 0x000000008da00000, 0x000000008da00000|100%| E|CS|TAMS 0x000000008d900000, 0x000000008d900000| Complete 
| 218|0x000000008da00000, 0x000000008daffff8, 0x000000008db00000| 99%| E|CS|TAMS 0x000000008da00000, 0x000000008da00000| Complete 
| 219|0x000000008db00000, 0x000000008dc00000, 0x000000008dc00000|100%| E|CS|TAMS 0x000000008db00000, 0x000000008db00000| Complete 
| 220|0x000000008dc00000, 0x000000008dd00000, 0x000000008dd00000|100%| E|CS|TAMS 0x000000008dc00000, 0x000000008dc00000| Complete 
| 221|0x000000008dd00000, 0x000000008de00000, 0x000000008de00000|100%| E|CS|TAMS 0x000000008dd00000, 0x000000008dd00000| Complete 

Card table byte_map: [0x000001685f170000,0x000001685f570000] _byte_map_base: 0x000001685ed70000

Marking Bits (Prev, Next): (CMBitMap*) 0x000001684c290308, (CMBitMap*) 0x000001684c290340
 Prev Bits: [0x000001685f970000, 0x0000016861970000)
 Next Bits: [0x0000016861970000, 0x0000016863970000)

Polling page: 0x000001684a040000

Metaspace:

Usage:
  Non-class:     79.12 MB capacity,    77.69 MB ( 98%) used,     1.18 MB (  1%) free+waste,   249.31 KB ( <1%) overhead. 
      Class:     11.90 MB capacity,    11.09 MB ( 93%) used,   718.71 KB (  6%) free+waste,   111.00 KB ( <1%) overhead. 
       Both:     91.02 MB capacity,    88.78 MB ( 98%) used,     1.88 MB (  2%) free+waste,   360.31 KB ( <1%) overhead. 

Virtual space:
  Non-class space:       80.00 MB reserved,      79.21 MB (>99%) committed 
      Class space:        1.00 GB reserved,      12.00 MB (  1%) committed 
             Both:        1.08 GB reserved,      91.21 MB (  8%) committed 

Chunk freelists:
   Non-Class:  28.00 KB
       Class:  3.00 KB
        Both:  31.00 KB

MaxMetaspaceSize: 17179869184.00 GB
CompressedClassSpaceSize: 1.00 GB
Initial GC threshold: 20.80 MB
Current GC threshold: 105.97 MB
CDS: off

CodeHeap 'non-profiled nmethods': size=120064Kb used=6606Kb max_used=6606Kb free=113457Kb
 bounds [0x0000016857830000, 0x0000016857eb0000, 0x000001685ed70000]
CodeHeap 'profiled nmethods': size=120000Kb used=25299Kb max_used=25299Kb free=94700Kb
 bounds [0x0000016850300000, 0x0000016851bc0000, 0x0000016857830000]
CodeHeap 'non-nmethods': size=5696Kb used=2380Kb max_used=2420Kb free=3315Kb
 bounds [0x000001684fd70000, 0x000001684ffe0000, 0x0000016850300000]
 total_blobs=12274 nmethods=11374 adapters=812
 compilation: enabled
              stopped_count=0, restarted_count=0
 full_count=0

Compilation events (20 events):
Event: 23.569 Thread 0x0000016865e88800 11475       1       kotlin.reflect.jvm.internal.impl.serialization.deserialization.descriptors.DeserializedClassDescriptor::access$getClassId$p (5 bytes)
Event: 23.569 Thread 0x0000016865e88800 nmethod 11475 0x0000016857e91c10 code [0x0000016857e91dc0, 0x0000016857e91e58]
Event: 23.569 Thread 0x0000016865e88800 11480       2       kotlin.reflect.jvm.internal.ReflectProperties$Val::escape (12 bytes)
Event: 23.569 Thread 0x0000016865e88800 nmethod 11480 0x0000016851ba3490 code [0x0000016851ba3640, 0x0000016851ba3758]
Event: 23.569 Thread 0x0000016865e88800 11481       2       java.lang.reflect.Field::getFieldAccessor (16 bytes)
Event: 23.569 Thread 0x0000016865e88800 nmethod 11481 0x0000016851ba3810 code [0x0000016851ba39c0, 0x0000016851ba3ad8]
Event: 23.569 Thread 0x0000016865e88800 11482       2       jdk.internal.reflect.ReflectionFactory::newFieldAccessor (43 bytes)
Event: 23.570 Thread 0x0000016865e88800 nmethod 11482 0x0000016851ba3b90 code [0x0000016851ba3d60, 0x0000016851ba3f38]
Event: 23.570 Thread 0x0000016865e88800 11483       2       java.lang.reflect.Field::getRoot (5 bytes)
Event: 23.570 Thread 0x0000016865e88800 nmethod 11483 0x0000016851ba4090 code [0x0000016851ba4240, 0x0000016851ba4338]
Event: 23.570 Thread 0x0000016865e88800 11484       2       jdk.internal.reflect.UnsafeFieldAccessorFactory::newFieldAccessor (676 bytes)
Event: 23.573 Thread 0x0000016865e88800 nmethod 11484 0x0000016851ba4410 code [0x0000016851ba4980, 0x0000016851ba6618]
Event: 23.573 Thread 0x0000016865e88800 11485       2       jdk.internal.reflect.UnsafeFieldAccessorImpl::<init> (56 bytes)
Event: 23.573 Thread 0x0000016865e88800 nmethod 11485 0x0000016851ba7290 code [0x0000016851ba7480, 0x0000016851ba77f8]
Event: 23.573 Thread 0x0000016865e88800 11486       2       jdk.internal.reflect.FieldAccessorImpl::<init> (5 bytes)
Event: 23.574 Thread 0x0000016865e88800 nmethod 11486 0x0000016851ba7990 code [0x0000016851ba7b40, 0x0000016851ba7c38]
Event: 23.574 Thread 0x0000016865e88800 11487       2       kotlin.reflect.jvm.internal.ReflectProperties$Val::getValue (5 bytes)
Event: 23.574 Thread 0x0000016865e88800 nmethod 11487 0x0000016851ba7d10 code [0x0000016851ba7ec0, 0x0000016851ba7fe8]
Event: 23.574 Thread 0x0000016865e88800 11488       2       kotlin.reflect.jvm.internal.ReflectProperties$LazyVal::invoke (36 bytes)
Event: 23.574 Thread 0x0000016865e88800 nmethod 11488 0x0000016851ba8090 code [0x0000016851ba8260, 0x0000016851ba8428]

GC Heap History (20 events):
Event: 7.851 GC heap before
{Heap before GC invocations=10 (full 0):
 garbage-first heap   total 157696K, used 89521K [0x0000000080000000, 0x0000000100000000)
  region size 1024K, 69 young (70656K), 6 survivors (6144K)
 Metaspace       used 39337K, capacity 40278K, committed 40528K, reserved 1085440K
  class space    used 4949K, capacity 5295K, committed 5376K, reserved 1048576K
}
Event: 7.865 GC heap after
{Heap after GC invocations=11 (full 0):
 garbage-first heap   total 157696K, used 26974K [0x0000000080000000, 0x0000000100000000)
  region size 1024K, 9 young (9216K), 9 survivors (9216K)
 Metaspace       used 39337K, capacity 40278K, committed 40528K, reserved 1085440K
  class space    used 4949K, capacity 5295K, committed 5376K, reserved 1048576K
}
Event: 9.375 GC heap before
{Heap before GC invocations=11 (full 0):
 garbage-first heap   total 157696K, used 93534K [0x0000000080000000, 0x0000000100000000)
  region size 1024K, 73 young (74752K), 9 survivors (9216K)
 Metaspace       used 45275K, capacity 46390K, committed 46416K, reserved 1089536K
  class space    used 5732K, capacity 6134K, committed 6144K, reserved 1048576K
}
Event: 9.393 GC heap after
{Heap after GC invocations=12 (full 0):
 garbage-first heap   total 157696K, used 29280K [0x0000000080000000, 0x0000000100000000)
  region size 1024K, 8 young (8192K), 8 survivors (8192K)
 Metaspace       used 45275K, capacity 46390K, committed 46416K, reserved 1089536K
  class space    used 5732K, capacity 6134K, committed 6144K, reserved 1048576K
}
Event: 11.363 GC heap before
{Heap before GC invocations=12 (full 0):
 garbage-first heap   total 157696K, used 107104K [0x0000000080000000, 0x0000000100000000)
  region size 1024K, 80 young (81920K), 8 survivors (8192K)
 Metaspace       used 50610K, capacity 52006K, committed 52304K, reserved 1095680K
  class space    used 6361K, capacity 6836K, committed 6912K, reserved 1048576K
}
Event: 11.380 GC heap after
{Heap after GC invocations=13 (full 0):
 garbage-first heap   total 189440K, used 41250K [0x0000000080000000, 0x0000000100000000)
  region size 1024K, 10 young (10240K), 10 survivors (10240K)
 Metaspace       used 50610K, capacity 52006K, committed 52304K, reserved 1095680K
  class space    used 6361K, capacity 6836K, committed 6912K, reserved 1048576K
}
Event: 12.517 GC heap before
{Heap before GC invocations=13 (full 0):
 garbage-first heap   total 189440K, used 90402K [0x0000000080000000, 0x0000000100000000)
  region size 1024K, 59 young (60416K), 10 survivors (10240K)
 Metaspace       used 58557K, capacity 60095K, committed 60240K, reserved 1101824K
  class space    used 7321K, capacity 7844K, committed 7936K, reserved 1048576K
}
Event: 12.545 GC heap after
{Heap after GC invocations=14 (full 0):
 garbage-first heap   total 189440K, used 45299K [0x0000000080000000, 0x0000000100000000)
  region size 1024K, 4 young (4096K), 4 survivors (4096K)
 Metaspace       used 58557K, capacity 60095K, committed 60240K, reserved 1101824K
  class space    used 7321K, capacity 7844K, committed 7936K, reserved 1048576K
}
Event: 13.684 GC heap before
{Heap before GC invocations=15 (full 0):
 garbage-first heap   total 189440K, used 118003K [0x0000000080000000, 0x0000000100000000)
  region size 1024K, 75 young (76800K), 4 survivors (4096K)
 Metaspace       used 63295K, capacity 64899K, committed 65108K, reserved 1105920K
  class space    used 7945K, capacity 8515K, committed 8576K, reserved 1048576K
}
Event: 13.700 GC heap after
{Heap after GC invocations=16 (full 0):
 garbage-first heap   total 189440K, used 50791K [0x0000000080000000, 0x0000000100000000)
  region size 1024K, 9 young (9216K), 9 survivors (9216K)
 Metaspace       used 63295K, capacity 64899K, committed 65108K, reserved 1105920K
  class space    used 7945K, capacity 8515K, committed 8576K, reserved 1048576K
}
Event: 15.166 GC heap before
{Heap before GC invocations=17 (full 0):
 garbage-first heap   total 189440K, used 125543K [0x0000000080000000, 0x0000000100000000)
  region size 1024K, 82 young (83968K), 9 survivors (9216K)
 Metaspace       used 70979K, capacity 72748K, committed 73044K, reserved 1112064K
  class space    used 9116K, capacity 9733K, committed 9856K, reserved 1048576K
}
Event: 15.189 GC heap after
{Heap after GC invocations=18 (full 0):
 garbage-first heap   total 189440K, used 54616K [0x0000000080000000, 0x0000000100000000)
  region size 1024K, 4 young (4096K), 4 survivors (4096K)
 Metaspace       used 70979K, capacity 72748K, committed 73044K, reserved 1112064K
  class space    used 9116K, capacity 9733K, committed 9856K, reserved 1048576K
}
Event: 17.489 GC heap before
{Heap before GC invocations=18 (full 0):
 garbage-first heap   total 189440K, used 129368K [0x0000000080000000, 0x0000000100000000)
  region size 1024K, 78 young (79872K), 4 survivors (4096K)
 Metaspace       used 78272K, capacity 80301K, committed 80596K, reserved 1120256K
  class space    used 10149K, capacity 10885K, committed 11008K, reserved 1048576K
}
Event: 17.507 GC heap after
{Heap after GC invocations=19 (full 0):
 garbage-first heap   total 189440K, used 59736K [0x0000000080000000, 0x0000000100000000)
  region size 1024K, 9 young (9216K), 9 survivors (9216K)
 Metaspace       used 78272K, capacity 80301K, committed 80596K, reserved 1120256K
  class space    used 10149K, capacity 10885K, committed 11008K, reserved 1048576K
}
Event: 19.733 GC heap before
{Heap before GC invocations=19 (full 0):
 garbage-first heap   total 189440K, used 138584K [0x0000000080000000, 0x0000000100000000)
  region size 1024K, 83 young (84992K), 9 survivors (9216K)
 Metaspace       used 80992K, capacity 83109K, committed 83412K, reserved 1122304K
  class space    used 10400K, capacity 11149K, committed 11264K, reserved 1048576K
}
Event: 19.764 GC heap after
{Heap after GC invocations=20 (full 0):
 garbage-first heap   total 189440K, used 72189K [0x0000000080000000, 0x0000000100000000)
  region size 1024K, 11 young (11264K), 11 survivors (11264K)
 Metaspace       used 80992K, capacity 83109K, committed 83412K, reserved 1122304K
  class space    used 10400K, capacity 11149K, committed 11264K, reserved 1048576K
}
Event: 21.326 GC heap before
{Heap before GC invocations=20 (full 0):
 garbage-first heap   total 189440K, used 146941K [0x0000000080000000, 0x0000000100000000)
  region size 1024K, 77 young (78848K), 11 survivors (11264K)
 Metaspace       used 84210K, capacity 86391K, committed 86484K, reserved 1124352K
  class space    used 10649K, capacity 11464K, committed 11520K, reserved 1048576K
}
Event: 21.356 GC heap after
{Heap after GC invocations=21 (full 0):
 garbage-first heap   total 227328K, used 78187K [0x0000000080000000, 0x0000000100000000)
  region size 1024K, 5 young (5120K), 5 survivors (5120K)
 Metaspace       used 84210K, capacity 86391K, committed 86484K, reserved 1124352K
  class space    used 10649K, capacity 11464K, committed 11520K, reserved 1048576K
}
Event: 22.880 GC heap before
{Heap before GC invocations=21 (full 0):
 garbage-first heap   total 227328K, used 156011K [0x0000000080000000, 0x0000000100000000)
  region size 1024K, 82 young (83968K), 5 survivors (5120K)
 Metaspace       used 87582K, capacity 89880K, committed 90068K, reserved 1128448K
  class space    used 10942K, capacity 11761K, committed 11776K, reserved 1048576K
}
Event: 22.898 GC heap after
{Heap after GC invocations=22 (full 0):
 garbage-first heap   total 227328K, used 79063K [0x0000000080000000, 0x0000000100000000)
  region size 1024K, 6 young (6144K), 6 survivors (6144K)
 Metaspace       used 87582K, capacity 89880K, committed 90068K, reserved 1128448K
  class space    used 10942K, capacity 11761K, committed 11776K, reserved 1048576K
}

Deoptimization events (20 events):
Event: 22.748 Thread 0x000001686bf0a800 DEOPT PACKING pc=0x0000016857e20a98 sp=0x00000007275fc460
Event: 22.748 Thread 0x000001686bf0a800 DEOPT UNPACKING pc=0x000001684fdba1af sp=0x00000007275fc3e0 mode 2
Event: 22.748 Thread 0x000001686bf0a800 Uncommon trap: trap_request=0xffffffde fr.pc=0x0000016857e20a98 relative=0x0000000000000078
Event: 22.748 Thread 0x000001686bf0a800 Uncommon trap: reason=class_check action=maybe_recompile pc=0x0000016857e20a98 method=java.util.AbstractList$RandomAccessSpliterator.getFence()I @ 34 c2
Event: 22.748 Thread 0x000001686bf0a800 DEOPT PACKING pc=0x0000016857e20a98 sp=0x00000007275fc460
Event: 22.748 Thread 0x000001686bf0a800 DEOPT UNPACKING pc=0x000001684fdba1af sp=0x00000007275fc3e0 mode 2
Event: 22.749 Thread 0x000001686bf0a800 Uncommon trap: trap_request=0xffffff4d fr.pc=0x0000016857e0394c relative=0x0000000000000f2c
Event: 22.749 Thread 0x000001686bf0a800 Uncommon trap: reason=unstable_if action=reinterpret pc=0x0000016857e0394c method=org.gradle.internal.snapshot.VfsRelativePath.compareToFirstSegment(Ljava/lang/String;Lorg/gradle/internal/snapshot/CaseSensitivity;)I @ 134 c2
Event: 22.749 Thread 0x000001686bf0a800 DEOPT PACKING pc=0x0000016857e0394c sp=0x00000007275fa1e0
Event: 22.749 Thread 0x000001686bf0a800 DEOPT UNPACKING pc=0x000001684fdba1af sp=0x00000007275fa160 mode 2
Event: 22.751 Thread 0x000001686bf0a800 Uncommon trap: trap_request=0xffffffde fr.pc=0x0000016857e20a98 relative=0x0000000000000078
Event: 22.751 Thread 0x000001686bf0a800 Uncommon trap: reason=class_check action=maybe_recompile pc=0x0000016857e20a98 method=java.util.AbstractList$RandomAccessSpliterator.getFence()I @ 34 c2
Event: 22.751 Thread 0x000001686bf0a800 DEOPT PACKING pc=0x0000016857e20a98 sp=0x00000007275facd0
Event: 22.752 Thread 0x000001686bf0a800 DEOPT UNPACKING pc=0x000001684fdba1af sp=0x00000007275fac50 mode 2
Event: 23.212 Thread 0x000001686d2f3000 DEOPT PACKING pc=0x00000168515c8776 sp=0x0000000727bfbad0
Event: 23.212 Thread 0x000001686d2f3000 DEOPT UNPACKING pc=0x000001684fdba95e sp=0x0000000727bfaff0 mode 0
Event: 23.428 Thread 0x000001686d2f3000 Uncommon trap: trap_request=0xffffffcc fr.pc=0x0000016857e83ec0 relative=0x0000000000002980
Event: 23.429 Thread 0x000001686d2f3000 Uncommon trap: reason=intrinsic_or_type_checked_inlining action=make_not_entrant pc=0x0000016857e83ec0 method=java.util.ArrayList$SubList.toArray([Ljava/lang/Object;)[Ljava/lang/Object; @ 58 c2
Event: 23.429 Thread 0x000001686d2f3000 DEOPT PACKING pc=0x0000016857e83ec0 sp=0x0000000727bfcb50
Event: 23.429 Thread 0x000001686d2f3000 DEOPT UNPACKING pc=0x000001684fdba1af sp=0x0000000727bfcad8 mode 2

Classes redefined (0 events):
No events

Internal exceptions (20 events):
Event: 17.466 Thread 0x000001686bf10000 Exception <a 'java/lang/NoSuchMethodError'{0x00000000870f4f48}: 'java.lang.Object java.lang.invoke.DirectMethodHandle$Holder.invokeSpecialIFC(java.lang.Object, java.lang.Object, java.lang.Object)'> (0x00000000870f4f48) thrown at [./src/hotspot/share/interpreter/linkResolver.cpp, line 773]
Event: 17.467 Thread 0x000001686bf09800 Exception <a 'java/lang/NoSuchMethodError'{0x0000000086d081b0}: 'java.lang.Object java.lang.invoke.DirectMethodHandle$Holder.invokeSpecialIFC(java.lang.Object, java.lang.Object, java.lang.Object)'> (0x0000000086d081b0) thrown at [./src/hotspot/share/interpreter/linkResolver.cpp, line 773]
Event: 17.959 Thread 0x000001686bf09800 Exception <a 'java/lang/NoSuchMethodError'{0x000000008b8662a0}: 'void java.lang.invoke.DirectMethodHandle$Holder.invokeVirtual(java.lang.Object, java.lang.Object)'> (0x000000008b8662a0) thrown at [./src/hotspot/share/interpreter/linkResolver.cpp, line 773]
Event: 18.913 Thread 0x000001686bf10000 Implicit null exception at 0x0000016857b37884 to 0x0000016857b37a7c
Event: 20.154 Thread 0x000001686bf10000 Exception <a 'java/lang/NoSuchMethodError'{0x0000000089e90c60}: <clinit>> (0x0000000089e90c60) thrown at [./src/hotspot/share/prims/jni.cpp, line 1366]
Event: 20.217 Thread 0x000001686bf10000 Exception <a 'java/lang/NoSuchMethodError'{0x0000000089d6fa20}: <clinit>> (0x0000000089d6fa20) thrown at [./src/hotspot/share/prims/jni.cpp, line 1366]
Event: 20.566 Thread 0x000001686bf0e000 Implicit null exception at 0x0000016857dac9e0 to 0x0000016857dad320
Event: 20.570 Thread 0x000001686bf0e000 Implicit null exception at 0x0000016857dac9e0 to 0x0000016857dad320
Event: 20.572 Thread 0x000001686bf0e000 Implicit null exception at 0x0000016857dac9e0 to 0x0000016857dad320
Event: 20.573 Thread 0x000001686bf0e000 Implicit null exception at 0x0000016857dac9e0 to 0x0000016857dad320
Event: 21.464 Thread 0x000001686bf0a800 Exception <a 'java/lang/NoSuchMethodError'{0x000000008d8e06a8}: 'int java.lang.invoke.DirectMethodHandle$Holder.invokeSpecial(java.lang.Object, java.lang.Object, java.lang.Object, java.lang.Object, java.lang.Object)'> (0x000000008d8e06a8) thrown at [./src/hotspot/share/interpreter/linkResolver.cpp, line 773]
Event: 22.295 Thread 0x000001686bf10000 Exception <a 'java/lang/NoSuchMethodError'{0x000000008b02c4c0}: 'void java.lang.invoke.DirectMethodHandle$Holder.invokeStatic(java.lang.Object, java.lang.Object, java.lang.Object, java.lang.Object, java.lang.Object, java.lang.Object, java.lang.Object)'> (0x000000008b02c4c0) thrown at [./src/hotspot/share/interpreter/linkResolver.cpp, line 773]
Event: 22.729 Thread 0x000001686bf0a800 Exception <a 'java/lang/NoSuchMethodError'{0x0000000089703598}: <clinit>> (0x0000000089703598) thrown at [./src/hotspot/share/prims/jni.cpp, line 1366]
Event: 22.729 Thread 0x000001686bf0a800 Exception <a 'java/lang/NoSuchMethodError'{0x00000000897048b8}: <clinit>> (0x00000000897048b8) thrown at [./src/hotspot/share/prims/jni.cpp, line 1366]
Event: 22.729 Thread 0x000001686bf0a800 Exception <a 'java/lang/NoSuchMethodError'{0x0000000089707018}: <clinit>> (0x0000000089707018) thrown at [./src/hotspot/share/prims/jni.cpp, line 1366]
Event: 22.731 Thread 0x000001686bf0a800 Exception <a 'java/lang/NoSuchMethodError'{0x0000000089720698}: <clinit>> (0x0000000089720698) thrown at [./src/hotspot/share/prims/jni.cpp, line 1366]
Event: 22.731 Thread 0x000001686bf0a800 Exception <a 'java/lang/NoSuchMethodError'{0x0000000089721b78}: <clinit>> (0x0000000089721b78) thrown at [./src/hotspot/share/prims/jni.cpp, line 1366]
Event: 22.768 Thread 0x000001686bf0a800 Exception <a 'java/lang/NoSuchMethodError'{0x00000000895177e0}: <clinit>> (0x00000000895177e0) thrown at [./src/hotspot/share/prims/jni.cpp, line 1366]
Event: 22.771 Thread 0x000001686bf0a800 Exception <a 'java/lang/NoSuchMethodError'{0x0000000089534940}: <clinit>> (0x0000000089534940) thrown at [./src/hotspot/share/prims/jni.cpp, line 1366]
Event: 22.773 Thread 0x000001686bf0a800 Exception <a 'java/lang/NoSuchMethodError'{0x0000000089547988}: <clinit>> (0x0000000089547988) thrown at [./src/hotspot/share/prims/jni.cpp, line 1366]

Events (20 events):
Event: 23.415 loading class kotlin/reflect/jvm/internal/impl/serialization/deserialization/descriptors/DeserializedClassDescriptor$annotations$1
Event: 23.415 loading class kotlin/reflect/jvm/internal/impl/serialization/deserialization/descriptors/DeserializedClassDescriptor$annotations$1 done
Event: 23.547 loading class com/android/build/gradle/internal/scope/InternalArtifactType$MICRO_APK_MANIFEST_FILE
Event: 23.547 loading class com/android/build/gradle/internal/scope/InternalArtifactType$MICRO_APK_MANIFEST_FILE done
Event: 23.571 loading class com/android/build/gradle/internal/scope/AnchorOutputType
Event: 23.571 loading class com/android/build/gradle/internal/scope/AnchorOutputType done
Event: 23.572 loading class com/android/build/gradle/internal/scope/AnchorOutputType$ALL_CLASSES
Event: 23.572 loading class com/android/build/gradle/internal/scope/AnchorOutputType$ALL_CLASSES done
Event: 23.573 loading class kotlin/jvm/internal/Ref$ObjectRef
Event: 23.573 loading class kotlin/jvm/internal/Ref$ObjectRef done
Event: 23.573 loading class kotlin/jvm/internal/Ref$ObjectRef
Event: 23.573 loading class kotlin/jvm/internal/Ref$ObjectRef done
Event: 23.574 loading class com/android/build/api/variant/impl/BuiltArtifactTypeAdapter$read$1
Event: 23.574 loading class com/android/build/api/variant/impl/BuiltArtifactTypeAdapter$read$1 done
Event: 23.575 loading class com/android/build/api/variant/impl/BuiltArtifactTypeAdapter$read$2
Event: 23.575 loading class com/android/build/api/variant/impl/BuiltArtifactTypeAdapter$read$2 done
Event: 23.575 loading class com/android/build/api/variant/impl/BuiltArtifactImpl$Companion
Event: 23.575 loading class com/android/build/api/variant/impl/BuiltArtifactImpl$Companion done
Event: 23.576 loading class com/android/build/api/variant/impl/BuiltArtifactsLoaderImpl$Companion$loadFromFile$1
Event: 23.576 loading class com/android/build/api/variant/impl/BuiltArtifactsLoaderImpl$Companion$loadFromFile$1 done


Dynamic libraries:
0x00007ff7f1cc0000 - 0x00007ff7f1cca000 	E:\Programs\Android Studio\jre\bin\java.exe
0x00007ffb1a910000 - 0x00007ffb1ab08000 	C:\Windows\SYSTEM32\ntdll.dll
0x00007ffaeb280000 - 0x00007ffaeb297000 	C:\Program Files\Avast Software\Avast\aswhook.dll
0x00007ffb19560000 - 0x00007ffb1961f000 	C:\Windows\System32\KERNEL32.DLL
0x00007ffb18010000 - 0x00007ffb182e2000 	C:\Windows\System32\KERNELBASE.dll
0x00007ffb18830000 - 0x00007ffb18930000 	C:\Windows\System32\ucrtbase.dll
0x00007ffb007e0000 - 0x00007ffb007f7000 	E:\Programs\Android Studio\jre\bin\VCRUNTIME140.dll
0x00007ffb12560000 - 0x00007ffb12579000 	E:\Programs\Android Studio\jre\bin\jli.dll
0x00007ffb19280000 - 0x00007ffb1941d000 	C:\Windows\System32\USER32.dll
0x00007ffb18930000 - 0x00007ffb18952000 	C:\Windows\System32\win32u.dll
0x00007ffb05db0000 - 0x00007ffb0604a000 	C:\Windows\WinSxS\amd64_microsoft.windows.common-controls_6595b64144ccf1df_6.0.19041.1110_none_60b5254171f9507e\COMCTL32.dll
0x00007ffb189e0000 - 0x00007ffb18a0b000 	C:\Windows\System32\GDI32.dll
0x00007ffb19f90000 - 0x00007ffb1a02e000 	C:\Windows\System32\msvcrt.dll
0x00007ffb18690000 - 0x00007ffb1879f000 	C:\Windows\System32\gdi32full.dll
0x00007ffb185f0000 - 0x00007ffb1868d000 	C:\Windows\System32\msvcp_win.dll
0x00007ffb1a4b0000 - 0x00007ffb1a4e2000 	C:\Windows\System32\IMM32.DLL
0x00007ffafc9a0000 - 0x00007ffafca3d000 	E:\Programs\Android Studio\jre\bin\msvcp140.dll
0x00007ffad0a70000 - 0x00007ffad1572000 	E:\Programs\Android Studio\jre\bin\server\jvm.dll
0x00007ffb19bd0000 - 0x00007ffb19c7e000 	C:\Windows\System32\ADVAPI32.dll
0x00007ffb1a570000 - 0x00007ffb1a60c000 	C:\Windows\System32\sechost.dll
0x00007ffb19420000 - 0x00007ffb19545000 	C:\Windows\System32\RPCRT4.dll
0x00007ffb19550000 - 0x00007ffb19558000 	C:\Windows\System32\PSAPI.DLL
0x00007ffb06060000 - 0x00007ffb06087000 	C:\Windows\SYSTEM32\WINMM.dll
0x00007ffb04f00000 - 0x00007ffb04f09000 	C:\Windows\SYSTEM32\WSOCK32.dll
0x00007ffb0f3e0000 - 0x00007ffb0f3ea000 	C:\Windows\SYSTEM32\VERSION.dll
0x00007ffb19b50000 - 0x00007ffb19bbb000 	C:\Windows\System32\WS2_32.dll
0x00007ffb15ed0000 - 0x00007ffb15ee2000 	C:\Windows\SYSTEM32\kernel.appcore.dll
0x00007ffb119a0000 - 0x00007ffb119b1000 	E:\Programs\Android Studio\jre\bin\verify.dll
0x00007ffb091b0000 - 0x00007ffb09394000 	C:\Windows\SYSTEM32\DBGHELP.DLL
0x00007ffb0d110000 - 0x00007ffb0d13c000 	C:\Windows\SYSTEM32\dbgcore.DLL
0x00007ffb187a0000 - 0x00007ffb18822000 	C:\Windows\System32\bcryptPrimitives.dll
0x00007ffb10a30000 - 0x00007ffb10a59000 	E:\Programs\Android Studio\jre\bin\java.dll
0x00007ffb13cd0000 - 0x00007ffb13cdb000 	E:\Programs\Android Studio\jre\bin\jimage.dll
0x00007ffb109c0000 - 0x00007ffb109d8000 	E:\Programs\Android Studio\jre\bin\zip.dll
0x00007ffb18a10000 - 0x00007ffb19153000 	C:\Windows\System32\SHELL32.dll
0x00007ffb160d0000 - 0x00007ffb16862000 	C:\Windows\SYSTEM32\windows.storage.dll
0x00007ffb197f0000 - 0x00007ffb19b44000 	C:\Windows\System32\combase.dll
0x00007ffb17a70000 - 0x00007ffb17aa0000 	C:\Windows\SYSTEM32\Wldp.dll
0x00007ffb19ee0000 - 0x00007ffb19f8d000 	C:\Windows\System32\SHCORE.dll
0x00007ffb1a610000 - 0x00007ffb1a665000 	C:\Windows\System32\shlwapi.dll
0x00007ffb17f50000 - 0x00007ffb17f6f000 	C:\Windows\SYSTEM32\profapi.dll
0x00007ffb08940000 - 0x00007ffb0895a000 	E:\Programs\Android Studio\jre\bin\net.dll
0x00007ffb082b0000 - 0x00007ffb083bc000 	C:\Windows\SYSTEM32\WINHTTP.dll
0x00007ffb177d0000 - 0x00007ffb1783a000 	C:\Windows\system32\mswsock.dll
0x00007ffb07020000 - 0x00007ffb07034000 	E:\Programs\Android Studio\jre\bin\nio.dll
0x00007ffb10870000 - 0x00007ffb10897000 	C:\Users\a0587\.gradle\native\8bec1ad78214c89d9ad589b4d07fe93259594b29d510b10fafb7a158f7737e5d\windows-amd64\native-platform.dll
0x00007ffae78b0000 - 0x00007ffae79ed000 	C:\Users\a0587\.gradle\native\53dbd7edfb1c66fb8903c78663c9afc45aea4f116125fa6feffd364cf09443e8\windows-amd64\native-platform-file-events.dll
0x00007ffb13c90000 - 0x00007ffb13c9a000 	E:\Programs\Android Studio\jre\bin\management.dll
0x00007ffb13c60000 - 0x00007ffb13c6d000 	E:\Programs\Android Studio\jre\bin\management_ext.dll
0x00007ffb179c0000 - 0x00007ffb179d8000 	C:\Windows\SYSTEM32\CRYPTSP.dll
0x00007ffb17080000 - 0x00007ffb170b4000 	C:\Windows\system32\rsaenh.dll
0x00007ffb18510000 - 0x00007ffb18537000 	C:\Windows\System32\bcrypt.dll
0x00007ffb17ed0000 - 0x00007ffb17efe000 	C:\Windows\SYSTEM32\USERENV.dll
0x00007ffb179e0000 - 0x00007ffb179ec000 	C:\Windows\SYSTEM32\CRYPTBASE.dll
0x00007ffb17470000 - 0x00007ffb174ab000 	C:\Windows\SYSTEM32\IPHLPAPI.DLL
0x00007ffb1a4a0000 - 0x00007ffb1a4a8000 	C:\Windows\System32\NSI.dll
0x00007ffb0e080000 - 0x00007ffb0e097000 	C:\Windows\SYSTEM32\dhcpcsvc6.DLL
0x00007ffb0e220000 - 0x00007ffb0e23d000 	C:\Windows\SYSTEM32\dhcpcsvc.DLL
0x00007ffb174b0000 - 0x00007ffb1757a000 	C:\Windows\SYSTEM32\DNSAPI.dll

dbghelp: loaded successfully - version: 4.0.5 - missing functions: none
symbol engine: initialized successfully - sym options: 0x614 - pdb path: .;E:\Programs\Android Studio\jre\bin;C:\Windows\SYSTEM32;C:\Program Files\Avast Software\Avast;C:\Windows\WinSxS\amd64_microsoft.windows.common-controls_6595b64144ccf1df_6.0.19041.1110_none_60b5254171f9507e;E:\Programs\Android Studio\jre\bin\server;C:\Users\a0587\.gradle\native\8bec1ad78214c89d9ad589b4d07fe93259594b29d510b10fafb7a158f7737e5d\windows-amd64;C:\Users\a0587\.gradle\native\53dbd7edfb1c66fb8903c78663c9afc45aea4f116125fa6feffd364cf09443e8\windows-amd64

VM Arguments:
jvm_args: --add-opens=java.base/java.util=ALL-UNNAMED --add-opens=java.base/java.lang=ALL-UNNAMED --add-opens=java.base/java.lang.invoke=ALL-UNNAMED --add-opens=java.base/java.util=ALL-UNNAMED --add-opens=java.prefs/java.util.prefs=ALL-UNNAMED --add-opens=java.prefs/java.util.prefs=ALL-UNNAMED --add-opens=java.base/java.nio.charset=ALL-UNNAMED --add-opens=java.base/java.net=ALL-UNNAMED --add-opens=java.base/java.util.concurrent.atomic=ALL-UNNAMED -Xmx2048m -Dfile.encoding=UTF-8 -Duser.country=TW -Duser.language=zh -Duser.variant 
java_command: org.gradle.launcher.daemon.bootstrap.GradleDaemon 7.0.2
java_class_path (initial): C:\Users\a0587\.gradle\wrapper\dists\gradle-7.0.2-bin\857tjihv64xamwrf0h14cai3r\gradle-7.0.2\lib\gradle-launcher-7.0.2.jar
Launcher Type: SUN_STANDARD

[Global flags]
     intx CICompilerCount                          = 3                                         {product} {ergonomic}
     uint ConcGCThreads                            = 1                                         {product} {ergonomic}
     uint G1ConcRefinementThreads                  = 4                                         {product} {ergonomic}
   size_t G1HeapRegionSize                         = 1048576                                   {product} {ergonomic}
    uintx GCDrainStackTargetSize                   = 64                                        {product} {ergonomic}
   size_t InitialHeapSize                          = 134217728                                 {product} {ergonomic}
   size_t MarkStackSize                            = 4194304                                   {product} {ergonomic}
   size_t MaxHeapSize                              = 2147483648                                {product} {command line}
   size_t MaxNewSize                               = 1287651328                                {product} {ergonomic}
   size_t MinHeapDeltaBytes                        = 1048576                                   {product} {ergonomic}
    uintx NonNMethodCodeHeapSize                   = 5830732                                {pd product} {ergonomic}
    uintx NonProfiledCodeHeapSize                  = 122913754                              {pd product} {ergonomic}
    uintx ProfiledCodeHeapSize                     = 122913754                              {pd product} {ergonomic}
    uintx ReservedCodeCacheSize                    = 251658240                              {pd product} {ergonomic}
     bool SegmentedCodeCache                       = true                                      {product} {ergonomic}
     bool UseCompressedClassPointers               = true                                 {lp64_product} {ergonomic}
     bool UseCompressedOops                        = true                                 {lp64_product} {ergonomic}
     bool UseG1GC                                  = true                                      {product} {ergonomic}
     bool UseLargePagesIndividualAllocation        = false                                  {pd product} {ergonomic}

Logging:
Log output configuration:
 #0: stdout all=warning uptime,level,tags
 #1: stderr all=off uptime,level,tags

Environment Variables:
PATH=C:\Windows\system32;C:\Windows;C:\Windows\System32\Wbem;C:\Windows\System32\WindowsPowerShell\v1.0\;C:\Windows\System32\OpenSSH\;C:\Program Files\PuTTY\;E:\Programs\Anaconda;E:\Programs\Anaconda\Library\mingw-w64\bin;E:\Programs\Anaconda\Library\usr\bin;E:\Programs\Anaconda\Library\bin;E:\Programs\Anaconda\Scripts;C:\Users\a0587\AppData\Local\Microsoft\WindowsApps;E:\Programs\Microsoft VS Code\bin
USERNAME=Billy
OS=Windows_NT
PROCESSOR_IDENTIFIER=Intel64 Family 6 Model 142 Stepping 9, GenuineIntel



---------------  S Y S T E M  ---------------

OS: Windows 10 , 64 bit Build 19041 (10.0.19041.2251)
OS uptime: 4 days 0:07 hours

CPU:total 4 (initial active 4) (2 cores per cpu, 2 threads per core) family 6 model 142 stepping 9 microcode 0xb4, cmov, cx8, fxsr, mmx, sse, sse2, sse3, ssse3, sse4.1, sse4.2, popcnt, avx, avx2, aes, clmul, erms, 3dnowpref, lzcnt, ht, tsc, tscinvbit, bmi1, bmi2, adx, fma

Memory: 4k page, system-wide physical 8073M (469M free)
TotalPageFile size 8073M (AvailPageFile size 0M)
current process WorkingSet (physical memory assigned to process): 478M, peak: 480M
current process commit charge ("private bytes"): 506M, peak: 509M

vm_info: OpenJDK 64-Bit Server VM (11.0.13+0-b1751.21-8125866) for windows-amd64 JRE (11.0.13+0-b1751.21-8125866), built on Feb  2 2022 03:00:22 by "builder" with MS VC++ 14.0 (VS2015)

END.
