#
# There is insufficient memory for the Java Runtime Environment to continue.
# Native memory allocation (malloc) failed to allocate 32744 bytes for ChunkPool::allocate
# Possible reasons:
#   The system is out of physical RAM or swap space
#   The process is running with CompressedOops enabled, and the Java Heap may be blocking the growth of the native heap
# Possible solutions:
#   Reduce memory load on the system
#   Increase physical memory or swap space
#   Check if swap backing store is full
#   Decrease Java heap size (-Xmx/-Xms)
#   Decrease number of Java threads
#   Decrease Java thread stack sizes (-Xss)
#   Set larger code cache with -XX:ReservedCodeCacheSize=
#   JVM is running with Unscaled Compressed Oops mode in which the Java heap is
#     placed in the first 4GB address space. The Java Heap base address is the
#     maximum limit for the native heap growth. Please use -XX:HeapBaseMinAddress
#     to set the Java Heap base and to place the Java Heap above 4GB virtual address.
# This output file may be truncated or incomplete.
#
#  Out of Memory Error (./src/hotspot/share/memory/arena.cpp:81), pid=8956, tid=11020
#
# JRE version: OpenJDK Runtime Environment (11.0.13) (build 11.0.13+0-b1751.21-8125866)
# Java VM: OpenJDK 64-Bit Server VM (11.0.13+0-b1751.21-8125866, mixed mode, tiered, compressed oops, g1 gc, windows-amd64)
# No core dump will be written. Minidumps are not enabled by default on client versions of Windows
#

---------------  S U M M A R Y ------------

Command Line: --add-opens=java.base/java.util=ALL-UNNAMED --add-opens=java.base/java.lang=ALL-UNNAMED --add-opens=java.base/java.lang.invoke=ALL-UNNAMED --add-opens=java.base/java.util=ALL-UNNAMED --add-opens=java.prefs/java.util.prefs=ALL-UNNAMED --add-opens=java.prefs/java.util.prefs=ALL-UNNAMED --add-opens=java.base/java.nio.charset=ALL-UNNAMED --add-opens=java.base/java.net=ALL-UNNAMED --add-opens=java.base/java.util.concurrent.atomic=ALL-UNNAMED -Xmx2048m -Dfile.encoding=UTF-8 -Duser.country=TW -Duser.language=zh -Duser.variant org.gradle.launcher.daemon.bootstrap.GradleDaemon 7.0.2

Host: Intel(R) Core(TM) i5-7200U CPU @ 2.50GHz, 4 cores, 7G,  Windows 10 , 64 bit Build 19041 (10.0.19041.2251)
Time: Mon Nov 14 21:39:13 2022 台北標準時間 elapsed time: 611.507208 seconds (0d 0h 10m 11s)

---------------  T H R E A D  ---------------

Current thread (0x0000025c6594e000):  JavaThread "C2 CompilerThread1" daemon [_thread_in_native, id=11020, stack(0x000000aa4a800000,0x000000aa4a900000)]


Current CompileTask:
C2: 611507 22122       4       com.android.tools.r8.ir.regalloc.a::a (3985 bytes)

Stack: [0x000000aa4a800000,0x000000aa4a900000]
Native frames: (J=compiled Java code, j=interpreted, Vv=VM code, C=native code)
V  [jvm.dll+0x6100fa]
V  [jvm.dll+0x747090]
V  [jvm.dll+0x7486ad]
V  [jvm.dll+0x748d83]
V  [jvm.dll+0x24ab48]
V  [jvm.dll+0xc075b]
V  [jvm.dll+0xc0a0c]
V  [jvm.dll+0xc060c]
V  [jvm.dll+0x5eed90]
V  [jvm.dll+0x6407ce]
V  [jvm.dll+0x19da88]
V  [jvm.dll+0x2033be]
V  [jvm.dll+0x202437]
V  [jvm.dll+0x188e01]
V  [jvm.dll+0x21106b]
V  [jvm.dll+0x20f8c1]
V  [jvm.dll+0x70de0f]
V  [jvm.dll+0x706a75]
V  [jvm.dll+0x60ed66]
C  [ucrtbase.dll+0x21bb2]
C  [KERNEL32.DLL+0x174b4]
C  [ntdll.dll+0x526a1]


---------------  P R O C E S S  ---------------

Threads class SMR info:
_java_thread_list=0x0000025c6d519bf0, length=57, elements={
0x0000025c43df1000, 0x0000025c5d9f6000, 0x0000025c5d9f7000, 0x0000025c5da11000,
0x0000025c5da12000, 0x0000025c5da13000, 0x0000025c5da27000, 0x0000025c5da28000,
0x0000025c5da29800, 0x0000025c5e3e4000, 0x0000025c5f450000, 0x0000025c5f132800,
0x0000025c5fc8d000, 0x0000025c606cd800, 0x0000025c606cf000, 0x0000025c606ca000,
0x0000025c606c9800, 0x0000025c606cb000, 0x0000025c606cc000, 0x0000025c606d0000,
0x0000025c606cc800, 0x0000025c60efa800, 0x0000025c60ef9000, 0x0000025c60eff800,
0x0000025c61bd6800, 0x0000025c60efe800, 0x0000025c60f01000, 0x0000025c60f00000,
0x0000025c60efb800, 0x0000025c60f02000, 0x0000025c60efc000, 0x0000025c60f02800,
0x0000025c60efd000, 0x0000025c60f03800, 0x0000025c60f05000, 0x0000025c60f07800,
0x0000025c60f07000, 0x0000025c60f04800, 0x0000025c60f06000, 0x0000025c61bd5000,
0x0000025c61bd5800, 0x0000025c61bd8000, 0x0000025c61bd2800, 0x0000025c61bdc000,
0x0000025c61bd9000, 0x0000025c61bdd000, 0x0000025c61bd9800, 0x0000025c61bdf800,
0x0000025c61bdb800, 0x0000025c61be0000, 0x0000025c6594e000, 0x0000025c61bda800,
0x0000025c61bdd800, 0x0000025c606ce000, 0x0000025c6d429000, 0x0000025c6d42e000,
0x0000025c6d42a000
}

Java Threads: ( => current thread )
  0x0000025c43df1000 JavaThread "main" [_thread_blocked, id=14068, stack(0x000000aa48c00000,0x000000aa48d00000)]
  0x0000025c5d9f6000 JavaThread "Reference Handler" daemon [_thread_blocked, id=9448, stack(0x000000aa49300000,0x000000aa49400000)]
  0x0000025c5d9f7000 JavaThread "Finalizer" daemon [_thread_blocked, id=11628, stack(0x000000aa49400000,0x000000aa49500000)]
  0x0000025c5da11000 JavaThread "Signal Dispatcher" daemon [_thread_blocked, id=8160, stack(0x000000aa49500000,0x000000aa49600000)]
  0x0000025c5da12000 JavaThread "Attach Listener" daemon [_thread_blocked, id=2556, stack(0x000000aa49600000,0x000000aa49700000)]
  0x0000025c5da13000 JavaThread "Service Thread" daemon [_thread_blocked, id=14124, stack(0x000000aa49700000,0x000000aa49800000)]
  0x0000025c5da27000 JavaThread "C2 CompilerThread0" daemon [_thread_in_native, id=14104, stack(0x000000aa49800000,0x000000aa49900000)]
  0x0000025c5da28000 JavaThread "C1 CompilerThread0" daemon [_thread_blocked, id=14088, stack(0x000000aa49900000,0x000000aa49a00000)]
  0x0000025c5da29800 JavaThread "Sweeper thread" daemon [_thread_blocked, id=6284, stack(0x000000aa49a00000,0x000000aa49b00000)]
  0x0000025c5e3e4000 JavaThread "Common-Cleaner" daemon [_thread_blocked, id=6280, stack(0x000000aa49b00000,0x000000aa49c00000)]
  0x0000025c5f450000 JavaThread "Daemon health stats" [_thread_blocked, id=10096, stack(0x000000aa4a000000,0x000000aa4a100000)]
  0x0000025c5f132800 JavaThread "Incoming local TCP Connector on port 61501" [_thread_in_native, id=13668, stack(0x000000aa49f00000,0x000000aa4a000000)]
  0x0000025c5fc8d000 JavaThread "Daemon periodic checks" [_thread_blocked, id=2784, stack(0x000000aa4a100000,0x000000aa4a200000)]
  0x0000025c606cd800 JavaThread "Cache worker for file hash cache (C:\Users\a0587\.gradle\caches\7.0.2\fileHashes)" [_thread_blocked, id=9944, stack(0x000000aa4aa00000,0x000000aa4ab00000)]
  0x0000025c606cf000 JavaThread "File lock request listener" [_thread_in_native, id=11072, stack(0x000000aa4ab00000,0x000000aa4ac00000)]
  0x0000025c606ca000 JavaThread "Cache worker for journal cache (C:\Users\a0587\.gradle\caches\journal-1)" [_thread_blocked, id=7128, stack(0x000000aa4ac00000,0x000000aa4ad00000)]
  0x0000025c606c9800 JavaThread "File watcher server" daemon [_thread_in_native, id=3600, stack(0x000000aa4af00000,0x000000aa4b000000)]
  0x0000025c606cb000 JavaThread "File watcher consumer" daemon [_thread_blocked, id=4084, stack(0x000000aa4b000000,0x000000aa4b100000)]
  0x0000025c606cc000 JavaThread "jar transforms" [_thread_blocked, id=4636, stack(0x000000aa4b100000,0x000000aa4b200000)]
  0x0000025c606d0000 JavaThread "jar transforms Thread 2" [_thread_blocked, id=13080, stack(0x000000aa4b200000,0x000000aa4b300000)]
  0x0000025c606cc800 JavaThread "jar transforms Thread 3" [_thread_blocked, id=3100, stack(0x000000aa4b300000,0x000000aa4b400000)]
  0x0000025c60efa800 JavaThread "jar transforms Thread 4" [_thread_blocked, id=7628, stack(0x000000aa4b400000,0x000000aa4b500000)]
  0x0000025c60ef9000 JavaThread "Cache worker for execution history cache (C:\Users\a0587\.gradle\caches\7.0.2\executionHistory)" [_thread_blocked, id=9720, stack(0x000000aa4b800000,0x000000aa4b900000)]
  0x0000025c60eff800 JavaThread "Cache worker for file content cache (C:\Users\a0587\.gradle\caches\7.0.2\fileContent)" [_thread_blocked, id=1984, stack(0x000000aa4b900000,0x000000aa4ba00000)]
  0x0000025c61bd6800 JavaThread "Memory manager" [_thread_blocked, id=1472, stack(0x000000aa4bf00000,0x000000aa4c000000)]
  0x0000025c60efe800 JavaThread "Daemon Thread 3" [_thread_blocked, id=12420, stack(0x000000aa48900000,0x000000aa48a00000)]
  0x0000025c60f01000 JavaThread "Handler for socket connection from /127.0.0.1:61501 to /127.0.0.1:59570" [_thread_in_native, id=8904, stack(0x000000aa48a00000,0x000000aa48b00000)]
  0x0000025c60f00000 JavaThread "Cancel handler" [_thread_blocked, id=5128, stack(0x000000aa48b00000,0x000000aa48c00000)]
  0x0000025c60efb800 JavaThread "Daemon worker Thread 3" [_thread_in_native, id=4068, stack(0x000000aa4a200000,0x000000aa4a300000)]
  0x0000025c60f02000 JavaThread "Asynchronous log dispatcher for DefaultDaemonConnection: socket connection from /127.0.0.1:61501 to /127.0.0.1:59570" [_thread_blocked, id=252, stack(0x000000aa4a300000,0x000000aa4a400000)]
  0x0000025c60efc000 JavaThread "Stdin handler" [_thread_blocked, id=12052, stack(0x000000aa4a500000,0x000000aa4a600000)]
  0x0000025c60f02800 JavaThread "Daemon client event forwarder" [_thread_blocked, id=9976, stack(0x000000aa4a600000,0x000000aa4a700000)]
  0x0000025c60efd000 JavaThread "Cache worker for file hash cache (E:\Programs\Test\.gradle\7.0.2\fileHashes)" [_thread_blocked, id=12816, stack(0x000000aa4a700000,0x000000aa4a800000)]
  0x0000025c60f03800 JavaThread "Cache worker for checksums cache (E:\Programs\Test\.gradle\checksums)" [_thread_blocked, id=1692, stack(0x000000aa4a900000,0x000000aa4aa00000)]
  0x0000025c60f05000 JavaThread "Cache worker for cache directory md-supplier (C:\Users\a0587\.gradle\caches\7.0.2\md-supplier)" [_thread_blocked, id=11332, stack(0x000000aa4ad00000,0x000000aa4ae00000)]
  0x0000025c60f07800 JavaThread "Cache worker for cache directory md-rule (C:\Users\a0587\.gradle\caches\7.0.2\md-rule)" [_thread_blocked, id=9980, stack(0x000000aa4ae00000,0x000000aa4af00000)]
  0x0000025c60f07000 JavaThread "Cache worker for dependencies-accessors (E:\Programs\Test\.gradle\7.0.2\dependencies-accessors)" [_thread_blocked, id=928, stack(0x000000aa4b500000,0x000000aa4b600000)]
  0x0000025c60f04800 JavaThread "Cache worker for Build Output Cleanup Cache (E:\Programs\Test\.gradle\buildOutputCleanup)" [_thread_blocked, id=2904, stack(0x000000aa4b600000,0x000000aa4b700000)]
  0x0000025c60f06000 JavaThread "Build operations" [_thread_blocked, id=9356, stack(0x000000aa4b700000,0x000000aa4b800000)]
  0x0000025c61bd5000 JavaThread "Build operations Thread 2" [_thread_blocked, id=14324, stack(0x000000aa4ba00000,0x000000aa4bb00000)]
  0x0000025c61bd5800 JavaThread "Build operations Thread 3" [_thread_blocked, id=8084, stack(0x000000aa4bb00000,0x000000aa4bc00000)]
  0x0000025c61bd8000 JavaThread "Build operations Thread 4" [_thread_blocked, id=10196, stack(0x000000aa4bc00000,0x000000aa4bd00000)]
  0x0000025c61bd2800 JavaThread "build event listener" [_thread_blocked, id=1636, stack(0x000000aa4bd00000,0x000000aa4be00000)]
  0x0000025c61bdc000 JavaThread "Execution worker for ':'" [_thread_blocked, id=4276, stack(0x000000aa4be00000,0x000000aa4bf00000)]
  0x0000025c61bd9000 JavaThread "Execution worker for ':' Thread 2" [_thread_blocked, id=10440, stack(0x000000aa4c000000,0x000000aa4c100000)]
  0x0000025c61bdd000 JavaThread "Execution worker for ':' Thread 3" [_thread_blocked, id=1532, stack(0x000000aa4c100000,0x000000aa4c200000)]
  0x0000025c61bd9800 JavaThread "Cache worker for execution history cache (E:\Programs\Test\.gradle\7.0.2\executionHistory)" [_thread_blocked, id=9972, stack(0x000000aa4c200000,0x000000aa4c300000)]
  0x0000025c61bdf800 JavaThread "WorkerExecutor Queue Thread 2" [_thread_blocked, id=10472, stack(0x000000aa4c400000,0x000000aa4c500000)]
  0x0000025c61bdb800 JavaThread "WorkerExecutor Queue Thread 3" [_thread_in_Java, id=10468, stack(0x000000aa4c500000,0x000000aa4c600000)]
  0x0000025c61be0000 JavaThread "WorkerExecutor Queue Thread 4" [_thread_blocked, id=9284, stack(0x000000aa4c600000,0x000000aa4c700000)]
=>0x0000025c6594e000 JavaThread "C2 CompilerThread1" daemon [_thread_in_native, id=11020, stack(0x000000aa4a800000,0x000000aa4a900000)]
  0x0000025c61bda800 JavaThread "WorkerExecutor Queue Thread 5" [_thread_blocked, id=12300, stack(0x000000aa4c700000,0x000000aa4c800000)]
  0x0000025c61bdd800 JavaThread "pool-5-thread-1" [_thread_blocked, id=9956, stack(0x000000aa4c300000,0x000000aa4c400000)]
  0x0000025c606ce000 JavaThread "stderr" [_thread_in_native, id=11796, stack(0x000000aa4c800000,0x000000aa4c900000)]
  0x0000025c6d429000 JavaThread "stdout" [_thread_in_native, id=7416, stack(0x000000aa4c900000,0x000000aa4ca00000)]
  0x0000025c6d42e000 JavaThread "Cache worker for Java compile cache (C:\Users\a0587\.gradle\caches\7.0.2\javaCompile)" [_thread_blocked, id=5632, stack(0x000000aa4cc00000,0x000000aa4cd00000)]
  0x0000025c6d42a000 JavaThread "Cache worker for Java compile cache (E:\Programs\Test\.gradle\7.0.2\javaCompile)" [_thread_blocked, id=12996, stack(0x000000aa4cd00000,0x000000aa4ce00000)]

Other Threads:
  0x0000025c5d9f1800 VMThread "VM Thread" [stack: 0x000000aa49200000,0x000000aa49300000] [id=10340]
  0x0000025c5e3e5000 WatcherThread [stack: 0x000000aa49c00000,0x000000aa49d00000] [id=6320]
  0x0000025c43e09800 GCTaskThread "GC Thread#0" [stack: 0x000000aa48d00000,0x000000aa48e00000] [id=13900]
  0x0000025c5e4a5000 GCTaskThread "GC Thread#1" [stack: 0x000000aa49d00000,0x000000aa49e00000] [id=13940]
  0x0000025c5e544000 GCTaskThread "GC Thread#2" [stack: 0x000000aa49e00000,0x000000aa49f00000] [id=13796]
  0x0000025c608c0000 GCTaskThread "GC Thread#3" [stack: 0x000000aa4a400000,0x000000aa4a500000] [id=12716]
  0x0000025c43e3b000 ConcurrentGCThread "G1 Main Marker" [stack: 0x000000aa48e00000,0x000000aa48f00000] [id=12136]
  0x0000025c43e3d800 ConcurrentGCThread "G1 Conc#0" [stack: 0x000000aa48f00000,0x000000aa49000000] [id=4032]
  0x0000025c5d840800 ConcurrentGCThread "G1 Refine#0" [stack: 0x000000aa49000000,0x000000aa49100000] [id=10656]
  0x0000025c5d841000 ConcurrentGCThread "G1 Young RemSet Sampling" [stack: 0x000000aa49100000,0x000000aa49200000] [id=1568]

Threads with active compile tasks:
C2 CompilerThread0 611603 22172       4       com.android.tools.r8.ir.regalloc.a::a (1824 bytes)
C2 CompilerThread1 611603 22122       4       com.android.tools.r8.ir.regalloc.a::a (3985 bytes)

VM state:not at safepoint (normal execution)

VM Mutex/Monitor currently owned by a thread: None

Heap address: 0x0000000080000000, size: 2048 MB, Compressed Oops mode: 32-bit
Narrow klass base: 0x0000000000000000, Narrow klass shift: 3
Compressed class space size: 1073741824 Address: 0x0000000100000000

Heap:
 garbage-first heap   total 279552K, used 201722K [0x0000000080000000, 0x0000000100000000)
  region size 1024K, 16 young (16384K), 8 survivors (8192K)
 Metaspace       used 134813K, capacity 138843K, committed 139184K, reserved 1171456K
  class space    used 16657K, capacity 18050K, committed 18176K, reserved 1048576K
Heap Regions: E=young(eden), S=young(survivor), O=old, HS=humongous(starts), HC=humongous(continues), CS=collection set, F=free, A=archive, TAMS=top-at-mark-start (previous, next)
|   0|0x0000000080000000, 0x0000000080100000, 0x0000000080100000|100%| O|  |TAMS 0x0000000080100000, 0x0000000080000000| Untracked 
|   1|0x0000000080100000, 0x0000000080200000, 0x0000000080200000|100%| O|  |TAMS 0x0000000080200000, 0x0000000080100000| Untracked 
|   2|0x0000000080200000, 0x0000000080300000, 0x0000000080300000|100%| O|  |TAMS 0x0000000080300000, 0x0000000080200000| Untracked 
|   3|0x0000000080300000, 0x0000000080400000, 0x0000000080400000|100%|HS|  |TAMS 0x0000000080400000, 0x0000000080300000| Complete 
|   4|0x0000000080400000, 0x0000000080500000, 0x0000000080500000|100%|HC|  |TAMS 0x0000000080500000, 0x0000000080400000| Complete 
|   5|0x0000000080500000, 0x0000000080600000, 0x0000000080600000|100%|HC|  |TAMS 0x0000000080600000, 0x0000000080500000| Complete 
|   6|0x0000000080600000, 0x0000000080700000, 0x0000000080700000|100%| O|  |TAMS 0x0000000080700000, 0x0000000080600000| Untracked 
|   7|0x0000000080700000, 0x0000000080800000, 0x0000000080800000|100%| O|  |TAMS 0x0000000080800000, 0x0000000080700000| Untracked 
|   8|0x0000000080800000, 0x0000000080900000, 0x0000000080900000|100%| O|  |TAMS 0x0000000080900000, 0x0000000080800000| Untracked 
|   9|0x0000000080900000, 0x0000000080a00000, 0x0000000080a00000|100%| O|  |TAMS 0x0000000080a00000, 0x0000000080900000| Untracked 
|  10|0x0000000080a00000, 0x0000000080b00000, 0x0000000080b00000|100%| O|  |TAMS 0x0000000080b00000, 0x0000000080a00000| Untracked 
|  11|0x0000000080b00000, 0x0000000080c00000, 0x0000000080c00000|100%| O|  |TAMS 0x0000000080c00000, 0x0000000080b00000| Untracked 
|  12|0x0000000080c00000, 0x0000000080d00000, 0x0000000080d00000|100%| O|  |TAMS 0x0000000080d00000, 0x0000000080c00000| Untracked 
|  13|0x0000000080d00000, 0x0000000080e00000, 0x0000000080e00000|100%| O|  |TAMS 0x0000000080e00000, 0x0000000080d00000| Untracked 
|  14|0x0000000080e00000, 0x0000000080f00000, 0x0000000080f00000|100%| O|  |TAMS 0x0000000080f00000, 0x0000000080e00000| Untracked 
|  15|0x0000000080f00000, 0x0000000081000000, 0x0000000081000000|100%| O|  |TAMS 0x0000000081000000, 0x0000000080f00000| Untracked 
|  16|0x0000000081000000, 0x0000000081100000, 0x0000000081100000|100%|HS|  |TAMS 0x0000000081100000, 0x0000000081000000| Complete 
|  17|0x0000000081100000, 0x0000000081200000, 0x0000000081200000|100%|HC|  |TAMS 0x0000000081200000, 0x0000000081100000| Complete 
|  18|0x0000000081200000, 0x0000000081300000, 0x0000000081300000|100%|HS|  |TAMS 0x0000000081300000, 0x0000000081200000| Complete 
|  19|0x0000000081300000, 0x0000000081400000, 0x0000000081400000|100%|HC|  |TAMS 0x0000000081400000, 0x0000000081300000| Complete 
|  20|0x0000000081400000, 0x0000000081500000, 0x0000000081500000|100%|HC|  |TAMS 0x0000000081500000, 0x0000000081400000| Complete 
|  21|0x0000000081500000, 0x0000000081600000, 0x0000000081600000|100%|HS|  |TAMS 0x0000000081600000, 0x0000000081500000| Complete 
|  22|0x0000000081600000, 0x0000000081700000, 0x0000000081700000|100%|HC|  |TAMS 0x0000000081700000, 0x0000000081600000| Complete 
|  23|0x0000000081700000, 0x0000000081800000, 0x0000000081800000|100%|HC|  |TAMS 0x0000000081800000, 0x0000000081700000| Complete 
|  24|0x0000000081800000, 0x0000000081900000, 0x0000000081900000|100%|HC|  |TAMS 0x0000000081900000, 0x0000000081800000| Complete 
|  25|0x0000000081900000, 0x0000000081a00000, 0x0000000081a00000|100%|HC|  |TAMS 0x0000000081a00000, 0x0000000081900000| Complete 
|  26|0x0000000081a00000, 0x0000000081b00000, 0x0000000081b00000|100%|HS|  |TAMS 0x0000000081b00000, 0x0000000081a00000| Complete 
|  27|0x0000000081b00000, 0x0000000081c00000, 0x0000000081c00000|100%|HC|  |TAMS 0x0000000081c00000, 0x0000000081b00000| Complete 
|  28|0x0000000081c00000, 0x0000000081d00000, 0x0000000081d00000|100%|HC|  |TAMS 0x0000000081d00000, 0x0000000081c00000| Complete 
|  29|0x0000000081d00000, 0x0000000081e00000, 0x0000000081e00000|100%|HS|  |TAMS 0x0000000081e00000, 0x0000000081d00000| Complete 
|  30|0x0000000081e00000, 0x0000000081f00000, 0x0000000081f00000|100%|HS|  |TAMS 0x0000000081f00000, 0x0000000081e00000| Complete 
|  31|0x0000000081f00000, 0x0000000082000000, 0x0000000082000000|100%|HC|  |TAMS 0x0000000082000000, 0x0000000081f00000| Complete 
|  32|0x0000000082000000, 0x0000000082100000, 0x0000000082100000|100%|HC|  |TAMS 0x0000000082100000, 0x0000000082000000| Complete 
|  33|0x0000000082100000, 0x0000000082200000, 0x0000000082200000|100%|HC|  |TAMS 0x0000000082200000, 0x0000000082100000| Complete 
|  34|0x0000000082200000, 0x0000000082300000, 0x0000000082300000|100%|HS|  |TAMS 0x0000000082300000, 0x0000000082200000| Complete 
|  35|0x0000000082300000, 0x0000000082400000, 0x0000000082400000|100%|HC|  |TAMS 0x0000000082400000, 0x0000000082300000| Complete 
|  36|0x0000000082400000, 0x0000000082500000, 0x0000000082500000|100%|HC|  |TAMS 0x0000000082500000, 0x0000000082400000| Complete 
|  37|0x0000000082500000, 0x0000000082600000, 0x0000000082600000|100%| O|  |TAMS 0x0000000082600000, 0x0000000082500000| Untracked 
|  38|0x0000000082600000, 0x0000000082700000, 0x0000000082700000|100%| O|  |TAMS 0x0000000082700000, 0x0000000082600000| Untracked 
|  39|0x0000000082700000, 0x0000000082800000, 0x0000000082800000|100%| O|  |TAMS 0x0000000082800000, 0x0000000082700000| Untracked 
|  40|0x0000000082800000, 0x0000000082900000, 0x0000000082900000|100%| O|  |TAMS 0x0000000082900000, 0x0000000082800000| Untracked 
|  41|0x0000000082900000, 0x0000000082a00000, 0x0000000082a00000|100%| O|  |TAMS 0x0000000082a00000, 0x0000000082900000| Untracked 
|  42|0x0000000082a00000, 0x0000000082b00000, 0x0000000082b00000|100%| O|  |TAMS 0x0000000082b00000, 0x0000000082a00000| Untracked 
|  43|0x0000000082b00000, 0x0000000082c00000, 0x0000000082c00000|100%| O|  |TAMS 0x0000000082c00000, 0x0000000082b00000| Untracked 
|  44|0x0000000082c00000, 0x0000000082d00000, 0x0000000082d00000|100%| O|  |TAMS 0x0000000082d00000, 0x0000000082c00000| Untracked 
|  45|0x0000000082d00000, 0x0000000082e00000, 0x0000000082e00000|100%| O|  |TAMS 0x0000000082e00000, 0x0000000082d00000| Untracked 
|  46|0x0000000082e00000, 0x0000000082f00000, 0x0000000082f00000|100%| O|  |TAMS 0x0000000082f00000, 0x0000000082e00000| Untracked 
|  47|0x0000000082f00000, 0x0000000083000000, 0x0000000083000000|100%|HS|  |TAMS 0x0000000083000000, 0x0000000082f00000| Complete 
|  48|0x0000000083000000, 0x0000000083100000, 0x0000000083100000|100%|HC|  |TAMS 0x0000000083100000, 0x0000000083000000| Complete 
|  49|0x0000000083100000, 0x0000000083200000, 0x0000000083200000|100%|HC|  |TAMS 0x0000000083200000, 0x0000000083100000| Complete 
|  50|0x0000000083200000, 0x0000000083300000, 0x0000000083300000|100%|HS|  |TAMS 0x0000000083300000, 0x0000000083200000| Complete 
|  51|0x0000000083300000, 0x0000000083400000, 0x0000000083400000|100%|HC|  |TAMS 0x0000000083400000, 0x0000000083300000| Complete 
|  52|0x0000000083400000, 0x0000000083500000, 0x0000000083500000|100%|HS|  |TAMS 0x0000000083500000, 0x0000000083400000| Complete 
|  53|0x0000000083500000, 0x0000000083600000, 0x0000000083600000|100%|HC|  |TAMS 0x0000000083600000, 0x0000000083500000| Complete 
|  54|0x0000000083600000, 0x0000000083700000, 0x0000000083700000|100%|HC|  |TAMS 0x0000000083700000, 0x0000000083600000| Complete 
|  55|0x0000000083700000, 0x0000000083800000, 0x0000000083800000|100%|HC|  |TAMS 0x0000000083800000, 0x0000000083700000| Complete 
|  56|0x0000000083800000, 0x0000000083900000, 0x0000000083900000|100%| O|  |TAMS 0x0000000083900000, 0x0000000083800000| Untracked 
|  57|0x0000000083900000, 0x0000000083a00000, 0x0000000083a00000|100%| O|  |TAMS 0x0000000083a00000, 0x0000000083900000| Untracked 
|  58|0x0000000083a00000, 0x0000000083b00000, 0x0000000083b00000|100%| O|  |TAMS 0x0000000083b00000, 0x0000000083a00000| Untracked 
|  59|0x0000000083b00000, 0x0000000083c00000, 0x0000000083c00000|100%| O|  |TAMS 0x0000000083c00000, 0x0000000083b00000| Untracked 
|  60|0x0000000083c00000, 0x0000000083d00000, 0x0000000083d00000|100%| O|  |TAMS 0x0000000083d00000, 0x0000000083c00000| Untracked 
|  61|0x0000000083d00000, 0x0000000083e00000, 0x0000000083e00000|100%| O|  |TAMS 0x0000000083e00000, 0x0000000083d00000| Untracked 
|  62|0x0000000083e00000, 0x0000000083f00000, 0x0000000083f00000|100%| O|  |TAMS 0x0000000083f00000, 0x0000000083e00000| Untracked 
|  63|0x0000000083f00000, 0x0000000084000000, 0x0000000084000000|100%| O|  |TAMS 0x0000000084000000, 0x0000000083f00000| Untracked 
|  64|0x0000000084000000, 0x0000000084100000, 0x0000000084100000|100%| O|  |TAMS 0x0000000084100000, 0x0000000084000000| Untracked 
|  65|0x0000000084100000, 0x0000000084200000, 0x0000000084200000|100%| O|  |TAMS 0x0000000084200000, 0x0000000084100000| Untracked 
|  66|0x0000000084200000, 0x0000000084300000, 0x0000000084300000|100%| O|  |TAMS 0x0000000084300000, 0x0000000084200000| Untracked 
|  67|0x0000000084300000, 0x0000000084400000, 0x0000000084400000|100%| O|  |TAMS 0x0000000084400000, 0x0000000084300000| Untracked 
|  68|0x0000000084400000, 0x0000000084500000, 0x0000000084500000|100%|HS|  |TAMS 0x0000000084500000, 0x0000000084400000| Complete 
|  69|0x0000000084500000, 0x0000000084600000, 0x0000000084600000|100%|HC|  |TAMS 0x0000000084600000, 0x0000000084500000| Complete 
|  70|0x0000000084600000, 0x0000000084700000, 0x0000000084700000|100%|HC|  |TAMS 0x0000000084700000, 0x0000000084600000| Complete 
|  71|0x0000000084700000, 0x0000000084800000, 0x0000000084800000|100%|HC|  |TAMS 0x0000000084800000, 0x0000000084700000| Complete 
|  72|0x0000000084800000, 0x0000000084900000, 0x0000000084900000|100%|HC|  |TAMS 0x0000000084900000, 0x0000000084800000| Complete 
|  73|0x0000000084900000, 0x0000000084a00000, 0x0000000084a00000|100%| O|  |TAMS 0x0000000084a00000, 0x0000000084900000| Untracked 
|  74|0x0000000084a00000, 0x0000000084b00000, 0x0000000084b00000|100%| O|  |TAMS 0x0000000084b00000, 0x0000000084a00000| Untracked 
|  75|0x0000000084b00000, 0x0000000084c00000, 0x0000000084c00000|100%| O|  |TAMS 0x0000000084c00000, 0x0000000084b00000| Untracked 
|  76|0x0000000084c00000, 0x0000000084d00000, 0x0000000084d00000|100%| O|  |TAMS 0x0000000084d00000, 0x0000000084c00000| Untracked 
|  77|0x0000000084d00000, 0x0000000084e00000, 0x0000000084e00000|100%| O|  |TAMS 0x0000000084e00000, 0x0000000084d00000| Untracked 
|  78|0x0000000084e00000, 0x0000000084f00000, 0x0000000084f00000|100%|HS|  |TAMS 0x0000000084f00000, 0x0000000084e00000| Complete 
|  79|0x0000000084f00000, 0x0000000085000000, 0x0000000085000000|100%|HS|  |TAMS 0x0000000085000000, 0x0000000084f00000| Complete 
|  80|0x0000000085000000, 0x0000000085100000, 0x0000000085100000|100%|HS|  |TAMS 0x0000000085100000, 0x0000000085000000| Complete 
|  81|0x0000000085100000, 0x0000000085200000, 0x0000000085200000|100%|HC|  |TAMS 0x0000000085200000, 0x0000000085100000| Complete 
|  82|0x0000000085200000, 0x0000000085300000, 0x0000000085300000|100%| O|  |TAMS 0x0000000085300000, 0x0000000085200000| Untracked 
|  83|0x0000000085300000, 0x0000000085400000, 0x0000000085400000|100%| O|  |TAMS 0x0000000085300000, 0x0000000085300000| Untracked 
|  84|0x0000000085400000, 0x0000000085500000, 0x0000000085500000|100%| O|  |TAMS 0x0000000085500000, 0x0000000085400000| Untracked 
|  85|0x0000000085500000, 0x0000000085600000, 0x0000000085600000|100%| O|  |TAMS 0x0000000085600000, 0x0000000085500000| Untracked 
|  86|0x0000000085600000, 0x0000000085700000, 0x0000000085700000|100%| O|  |TAMS 0x0000000085700000, 0x0000000085600000| Untracked 
|  87|0x0000000085700000, 0x0000000085800000, 0x0000000085800000|100%| O|  |TAMS 0x0000000085800000, 0x0000000085700000| Untracked 
|  88|0x0000000085800000, 0x0000000085900000, 0x0000000085900000|100%| O|  |TAMS 0x0000000085900000, 0x0000000085800000| Untracked 
|  89|0x0000000085900000, 0x0000000085a00000, 0x0000000085a00000|100%| O|  |TAMS 0x0000000085a00000, 0x0000000085900000| Untracked 
|  90|0x0000000085a00000, 0x0000000085b00000, 0x0000000085b00000|100%| O|  |TAMS 0x0000000085b00000, 0x0000000085a00000| Untracked 
|  91|0x0000000085b00000, 0x0000000085c00000, 0x0000000085c00000|100%| O|  |TAMS 0x0000000085c00000, 0x0000000085b00000| Untracked 
|  92|0x0000000085c00000, 0x0000000085d00000, 0x0000000085d00000|100%| O|  |TAMS 0x0000000085c00000, 0x0000000085c00000| Untracked 
|  93|0x0000000085d00000, 0x0000000085e00000, 0x0000000085e00000|100%| O|  |TAMS 0x0000000085e00000, 0x0000000085d00000| Untracked 
|  94|0x0000000085e00000, 0x0000000085f00000, 0x0000000085f00000|100%| O|  |TAMS 0x0000000085f00000, 0x0000000085e00000| Untracked 
|  95|0x0000000085f00000, 0x0000000086000000, 0x0000000086000000|100%| O|  |TAMS 0x0000000086000000, 0x0000000085f00000| Untracked 
|  96|0x0000000086000000, 0x0000000086100000, 0x0000000086100000|100%| O|  |TAMS 0x0000000086100000, 0x0000000086000000| Untracked 
|  97|0x0000000086100000, 0x0000000086200000, 0x0000000086200000|100%| O|  |TAMS 0x0000000086200000, 0x0000000086100000| Untracked 
|  98|0x0000000086200000, 0x0000000086300000, 0x0000000086300000|100%| O|  |TAMS 0x0000000086300000, 0x0000000086200000| Untracked 
|  99|0x0000000086300000, 0x0000000086400000, 0x0000000086400000|100%| O|  |TAMS 0x0000000086400000, 0x0000000086300000| Untracked 
| 100|0x0000000086400000, 0x0000000086500000, 0x0000000086500000|100%| O|  |TAMS 0x0000000086500000, 0x0000000086400000| Untracked 
| 101|0x0000000086500000, 0x0000000086600000, 0x0000000086600000|100%| O|  |TAMS 0x0000000086600000, 0x0000000086500000| Untracked 
| 102|0x0000000086600000, 0x0000000086700000, 0x0000000086700000|100%| O|  |TAMS 0x0000000086700000, 0x0000000086600000| Untracked 
| 103|0x0000000086700000, 0x0000000086800000, 0x0000000086800000|100%| O|  |TAMS 0x0000000086800000, 0x0000000086700000| Untracked 
| 104|0x0000000086800000, 0x0000000086900000, 0x0000000086900000|100%|HS|  |TAMS 0x0000000086900000, 0x0000000086800000| Complete 
| 105|0x0000000086900000, 0x0000000086a00000, 0x0000000086a00000|100%|HC|  |TAMS 0x0000000086a00000, 0x0000000086900000| Complete 
| 106|0x0000000086a00000, 0x0000000086b00000, 0x0000000086b00000|100%|HS|  |TAMS 0x0000000086b00000, 0x0000000086a00000| Complete 
| 107|0x0000000086b00000, 0x0000000086c00000, 0x0000000086c00000|100%|HC|  |TAMS 0x0000000086c00000, 0x0000000086b00000| Complete 
| 108|0x0000000086c00000, 0x0000000086d00000, 0x0000000086d00000|100%|HC|  |TAMS 0x0000000086d00000, 0x0000000086c00000| Complete 
| 109|0x0000000086d00000, 0x0000000086e00000, 0x0000000086e00000|100%|HS|  |TAMS 0x0000000086e00000, 0x0000000086d00000| Complete 
| 110|0x0000000086e00000, 0x0000000086f00000, 0x0000000086f00000|100%|HC|  |TAMS 0x0000000086f00000, 0x0000000086e00000| Complete 
| 111|0x0000000086f00000, 0x0000000087000000, 0x0000000087000000|100%|HC|  |TAMS 0x0000000087000000, 0x0000000086f00000| Complete 
| 112|0x0000000087000000, 0x0000000087100000, 0x0000000087100000|100%|HC|  |TAMS 0x0000000087100000, 0x0000000087000000| Complete 
| 113|0x0000000087100000, 0x0000000087200000, 0x0000000087200000|100%|HC|  |TAMS 0x0000000087200000, 0x0000000087100000| Complete 
| 114|0x0000000087200000, 0x0000000087300000, 0x0000000087300000|100%|HS|  |TAMS 0x0000000087300000, 0x0000000087200000| Complete 
| 115|0x0000000087300000, 0x0000000087400000, 0x0000000087400000|100%|HC|  |TAMS 0x0000000087400000, 0x0000000087300000| Complete 
| 116|0x0000000087400000, 0x0000000087500000, 0x0000000087500000|100%|HC|  |TAMS 0x0000000087500000, 0x0000000087400000| Complete 
| 117|0x0000000087500000, 0x0000000087600000, 0x0000000087600000|100%|HS|  |TAMS 0x0000000087600000, 0x0000000087500000| Complete 
| 118|0x0000000087600000, 0x0000000087700000, 0x0000000087700000|100%|HS|  |TAMS 0x0000000087700000, 0x0000000087600000| Complete 
| 119|0x0000000087700000, 0x0000000087800000, 0x0000000087800000|100%|HC|  |TAMS 0x0000000087800000, 0x0000000087700000| Complete 
| 120|0x0000000087800000, 0x0000000087900000, 0x0000000087900000|100%|HC|  |TAMS 0x0000000087900000, 0x0000000087800000| Complete 
| 121|0x0000000087900000, 0x0000000087a00000, 0x0000000087a00000|100%|HC|  |TAMS 0x0000000087a00000, 0x0000000087900000| Complete 
| 122|0x0000000087a00000, 0x0000000087b00000, 0x0000000087b00000|100%| O|  |TAMS 0x0000000087b00000, 0x0000000087a00000| Untracked 
| 123|0x0000000087b00000, 0x0000000087c00000, 0x0000000087c00000|100%| O|  |TAMS 0x0000000087b00000, 0x0000000087b00000| Untracked 
| 124|0x0000000087c00000, 0x0000000087d00000, 0x0000000087d00000|100%| O|  |TAMS 0x0000000087d00000, 0x0000000087c00000| Untracked 
| 125|0x0000000087d00000, 0x0000000087e00000, 0x0000000087e00000|100%| O|  |TAMS 0x0000000087e00000, 0x0000000087d00000| Untracked 
| 126|0x0000000087e00000, 0x0000000087f00000, 0x0000000087f00000|100%| O|  |TAMS 0x0000000087f00000, 0x0000000087e00000| Untracked 
| 127|0x0000000087f00000, 0x0000000088000000, 0x0000000088000000|100%| O|  |TAMS 0x0000000088000000, 0x0000000087f00000| Untracked 
| 128|0x0000000088000000, 0x0000000088100000, 0x0000000088100000|100%| O|  |TAMS 0x0000000088100000, 0x0000000088000000| Untracked 
| 129|0x0000000088100000, 0x0000000088200000, 0x0000000088200000|100%| O|  |TAMS 0x0000000088200000, 0x0000000088100000| Untracked 
| 130|0x0000000088200000, 0x0000000088300000, 0x0000000088300000|100%| O|  |TAMS 0x0000000088300000, 0x0000000088200000| Untracked 
| 131|0x0000000088300000, 0x0000000088400000, 0x0000000088400000|100%| O|  |TAMS 0x0000000088400000, 0x0000000088300000| Untracked 
| 132|0x0000000088400000, 0x0000000088500000, 0x0000000088500000|100%| O|  |TAMS 0x0000000088500000, 0x0000000088400000| Untracked 
| 133|0x0000000088500000, 0x0000000088600000, 0x0000000088600000|100%| O|  |TAMS 0x0000000088600000, 0x0000000088500000| Untracked 
| 134|0x0000000088600000, 0x0000000088700000, 0x0000000088700000|100%| O|  |TAMS 0x0000000088700000, 0x0000000088600000| Untracked 
| 135|0x0000000088700000, 0x0000000088800000, 0x0000000088800000|100%| O|  |TAMS 0x0000000088800000, 0x0000000088700000| Untracked 
| 136|0x0000000088800000, 0x0000000088900000, 0x0000000088900000|100%| O|  |TAMS 0x0000000088900000, 0x0000000088800000| Untracked 
| 137|0x0000000088900000, 0x0000000088a00000, 0x0000000088a00000|100%| O|  |TAMS 0x0000000088a00000, 0x0000000088900000| Untracked 
| 138|0x0000000088a00000, 0x0000000088b00000, 0x0000000088b00000|100%| O|  |TAMS 0x0000000088a00000, 0x0000000088a00000| Untracked 
| 139|0x0000000088b00000, 0x0000000088c00000, 0x0000000088c00000|100%| O|  |TAMS 0x0000000088c00000, 0x0000000088b00000| Untracked 
| 140|0x0000000088c00000, 0x0000000088d00000, 0x0000000088d00000|100%| O|  |TAMS 0x0000000088d00000, 0x0000000088c00000| Untracked 
| 141|0x0000000088d00000, 0x0000000088e00000, 0x0000000088e00000|100%| O|  |TAMS 0x0000000088e00000, 0x0000000088d00000| Untracked 
| 142|0x0000000088e00000, 0x0000000088f00000, 0x0000000088f00000|100%| O|  |TAMS 0x0000000088f00000, 0x0000000088e00000| Untracked 
| 143|0x0000000088f00000, 0x0000000089000000, 0x0000000089000000|100%| O|  |TAMS 0x0000000089000000, 0x0000000088f00000| Untracked 
| 144|0x0000000089000000, 0x0000000089100000, 0x0000000089100000|100%| O|  |TAMS 0x0000000089100000, 0x0000000089000000| Untracked 
| 145|0x0000000089100000, 0x0000000089200000, 0x0000000089200000|100%| O|  |TAMS 0x0000000089200000, 0x0000000089100000| Untracked 
| 146|0x0000000089200000, 0x0000000089300000, 0x0000000089300000|100%| O|  |TAMS 0x0000000089300000, 0x0000000089200000| Untracked 
| 147|0x0000000089300000, 0x0000000089400000, 0x0000000089400000|100%| O|  |TAMS 0x0000000089400000, 0x0000000089300000| Untracked 
| 148|0x0000000089400000, 0x0000000089500000, 0x0000000089500000|100%| O|  |TAMS 0x0000000089500000, 0x0000000089400000| Untracked 
| 149|0x0000000089500000, 0x0000000089600000, 0x0000000089600000|100%| O|  |TAMS 0x0000000089600000, 0x0000000089500000| Untracked 
| 150|0x0000000089600000, 0x00000000896fea00, 0x0000000089700000| 99%| O|  |TAMS 0x0000000089600000, 0x0000000089600000| Untracked 
| 151|0x0000000089700000, 0x0000000089800000, 0x0000000089800000|100%| O|  |TAMS 0x0000000089800000, 0x0000000089700000| Untracked 
| 152|0x0000000089800000, 0x0000000089800000, 0x0000000089900000|  0%| F|  |TAMS 0x0000000089800000, 0x0000000089800000| Untracked 
| 153|0x0000000089900000, 0x0000000089a00000, 0x0000000089a00000|100%| O|  |TAMS 0x0000000089a00000, 0x0000000089900000| Untracked 
| 154|0x0000000089a00000, 0x0000000089b00000, 0x0000000089b00000|100%| O|  |TAMS 0x0000000089b00000, 0x0000000089a00000| Untracked 
| 155|0x0000000089b00000, 0x0000000089c00000, 0x0000000089c00000|100%| O|  |TAMS 0x0000000089c00000, 0x0000000089b00000| Untracked 
| 156|0x0000000089c00000, 0x0000000089d00000, 0x0000000089d00000|100%| O|  |TAMS 0x0000000089d00000, 0x0000000089c00000| Untracked 
| 157|0x0000000089d00000, 0x0000000089e00000, 0x0000000089e00000|100%| O|  |TAMS 0x0000000089e00000, 0x0000000089d00000| Untracked 
| 158|0x0000000089e00000, 0x0000000089f00000, 0x0000000089f00000|100%| O|  |TAMS 0x0000000089f00000, 0x0000000089e00000| Untracked 
| 159|0x0000000089f00000, 0x000000008a000000, 0x000000008a000000|100%| O|  |TAMS 0x000000008a000000, 0x0000000089f00000| Untracked 
| 160|0x000000008a000000, 0x000000008a100000, 0x000000008a100000|100%| O|  |TAMS 0x000000008a100000, 0x000000008a000000| Untracked 
| 161|0x000000008a100000, 0x000000008a200000, 0x000000008a200000|100%| O|  |TAMS 0x000000008a200000, 0x000000008a100000| Untracked 
| 162|0x000000008a200000, 0x000000008a300000, 0x000000008a300000|100%| O|  |TAMS 0x000000008a300000, 0x000000008a200000| Untracked 
| 163|0x000000008a300000, 0x000000008a400000, 0x000000008a400000|100%| O|  |TAMS 0x000000008a400000, 0x000000008a300000| Untracked 
| 164|0x000000008a400000, 0x000000008a500000, 0x000000008a500000|100%| O|  |TAMS 0x000000008a500000, 0x000000008a400000| Untracked 
| 165|0x000000008a500000, 0x000000008a600000, 0x000000008a600000|100%| O|  |TAMS 0x000000008a600000, 0x000000008a500000| Untracked 
| 166|0x000000008a600000, 0x000000008a700000, 0x000000008a700000|100%| O|  |TAMS 0x000000008a700000, 0x000000008a600000| Untracked 
| 167|0x000000008a700000, 0x000000008a800000, 0x000000008a800000|100%| O|  |TAMS 0x000000008a800000, 0x000000008a700000| Untracked 
| 168|0x000000008a800000, 0x000000008a900000, 0x000000008a900000|100%| O|  |TAMS 0x000000008a900000, 0x000000008a800000| Untracked 
| 169|0x000000008a900000, 0x000000008aa00000, 0x000000008aa00000|100%| O|  |TAMS 0x000000008aa00000, 0x000000008a900000| Untracked 
| 170|0x000000008aa00000, 0x000000008ab00000, 0x000000008ab00000|100%| O|  |TAMS 0x000000008ab00000, 0x000000008aa00000| Untracked 
| 171|0x000000008ab00000, 0x000000008ac00000, 0x000000008ac00000|100%| O|  |TAMS 0x000000008ac00000, 0x000000008ab00000| Untracked 
| 172|0x000000008ac00000, 0x000000008ad00000, 0x000000008ad00000|100%| O|  |TAMS 0x000000008ad00000, 0x000000008ac00000| Untracked 
| 173|0x000000008ad00000, 0x000000008ae00000, 0x000000008ae00000|100%| O|  |TAMS 0x000000008ad60600, 0x000000008ad00000| Untracked 
| 174|0x000000008ae00000, 0x000000008af00000, 0x000000008af00000|100%| O|  |TAMS 0x000000008ae00000, 0x000000008ae00000| Untracked 
| 175|0x000000008af00000, 0x000000008b000000, 0x000000008b000000|100%| O|  |TAMS 0x000000008af00000, 0x000000008af00000| Untracked 
| 176|0x000000008b000000, 0x000000008b100000, 0x000000008b100000|100%| O|  |TAMS 0x000000008b000000, 0x000000008b000000| Untracked 
| 177|0x000000008b100000, 0x000000008b200000, 0x000000008b200000|100%| O|  |TAMS 0x000000008b100000, 0x000000008b100000| Untracked 
| 178|0x000000008b200000, 0x000000008b300000, 0x000000008b300000|100%| O|  |TAMS 0x000000008b200000, 0x000000008b200000| Untracked 
| 179|0x000000008b300000, 0x000000008b400000, 0x000000008b400000|100%|HS|  |TAMS 0x000000008b300000, 0x000000008b300000| Complete 
| 180|0x000000008b400000, 0x000000008b500000, 0x000000008b500000|100%|HC|  |TAMS 0x000000008b400000, 0x000000008b400000| Complete 
| 181|0x000000008b500000, 0x000000008b500000, 0x000000008b600000|  0%| F|  |TAMS 0x000000008b500000, 0x000000008b500000| Untracked 
| 182|0x000000008b600000, 0x000000008b600000, 0x000000008b700000|  0%| F|  |TAMS 0x000000008b600000, 0x000000008b600000| Untracked 
| 183|0x000000008b700000, 0x000000008b700000, 0x000000008b800000|  0%| F|  |TAMS 0x000000008b700000, 0x000000008b700000| Untracked 
| 184|0x000000008b800000, 0x000000008b900000, 0x000000008b900000|100%| O|  |TAMS 0x000000008b900000, 0x000000008b800000| Untracked 
| 185|0x000000008b900000, 0x000000008ba00000, 0x000000008ba00000|100%| O|  |TAMS 0x000000008ba00000, 0x000000008b900000| Untracked 
| 186|0x000000008ba00000, 0x000000008ba00000, 0x000000008bb00000|  0%| F|  |TAMS 0x000000008ba00000, 0x000000008ba00000| Untracked 
| 187|0x000000008bb00000, 0x000000008bb00000, 0x000000008bc00000|  0%| F|  |TAMS 0x000000008bb00000, 0x000000008bb00000| Untracked 
| 188|0x000000008bc00000, 0x000000008bc00000, 0x000000008bd00000|  0%| F|  |TAMS 0x000000008bc00000, 0x000000008bc00000| Untracked 
| 189|0x000000008bd00000, 0x000000008bd00000, 0x000000008be00000|  0%| F|  |TAMS 0x000000008bd00000, 0x000000008bd00000| Untracked 
| 190|0x000000008be00000, 0x000000008be00000, 0x000000008bf00000|  0%| F|  |TAMS 0x000000008be00000, 0x000000008be00000| Untracked 
| 191|0x000000008bf00000, 0x000000008bf00000, 0x000000008c000000|  0%| F|  |TAMS 0x000000008bf00000, 0x000000008bf00000| Untracked 
| 192|0x000000008c000000, 0x000000008c000000, 0x000000008c100000|  0%| F|  |TAMS 0x000000008c000000, 0x000000008c000000| Untracked 
| 193|0x000000008c100000, 0x000000008c100000, 0x000000008c200000|  0%| F|  |TAMS 0x000000008c100000, 0x000000008c100000| Untracked 
| 194|0x000000008c200000, 0x000000008c200000, 0x000000008c300000|  0%| F|  |TAMS 0x000000008c200000, 0x000000008c200000| Untracked 
| 195|0x000000008c300000, 0x000000008c300000, 0x000000008c400000|  0%| F|  |TAMS 0x000000008c300000, 0x000000008c300000| Untracked 
| 196|0x000000008c400000, 0x000000008c400000, 0x000000008c500000|  0%| F|  |TAMS 0x000000008c400000, 0x000000008c400000| Untracked 
| 197|0x000000008c500000, 0x000000008c500000, 0x000000008c600000|  0%| F|  |TAMS 0x000000008c500000, 0x000000008c500000| Untracked 
| 198|0x000000008c600000, 0x000000008c600000, 0x000000008c700000|  0%| F|  |TAMS 0x000000008c600000, 0x000000008c600000| Untracked 
| 199|0x000000008c700000, 0x000000008c700000, 0x000000008c800000|  0%| F|  |TAMS 0x000000008c700000, 0x000000008c700000| Untracked 
| 200|0x000000008c800000, 0x000000008c800000, 0x000000008c900000|  0%| F|  |TAMS 0x000000008c800000, 0x000000008c800000| Untracked 
| 201|0x000000008c900000, 0x000000008c900000, 0x000000008ca00000|  0%| F|  |TAMS 0x000000008c900000, 0x000000008c900000| Untracked 
| 202|0x000000008ca00000, 0x000000008ca00000, 0x000000008cb00000|  0%| F|  |TAMS 0x000000008ca00000, 0x000000008ca00000| Untracked 
| 203|0x000000008cb00000, 0x000000008cb00000, 0x000000008cc00000|  0%| F|  |TAMS 0x000000008cb00000, 0x000000008cb00000| Untracked 
| 204|0x000000008cc00000, 0x000000008cc00000, 0x000000008cd00000|  0%| F|  |TAMS 0x000000008cc00000, 0x000000008cc00000| Untracked 
| 205|0x000000008cd00000, 0x000000008ce00000, 0x000000008ce00000|100%| S|CS|TAMS 0x000000008cd00000, 0x000000008cd00000| Complete 
| 206|0x000000008ce00000, 0x000000008cf00000, 0x000000008cf00000|100%| S|CS|TAMS 0x000000008ce00000, 0x000000008ce00000| Complete 
| 207|0x000000008cf00000, 0x000000008cf00000, 0x000000008d000000|  0%| F|  |TAMS 0x000000008cf00000, 0x000000008cf00000| Untracked 
| 208|0x000000008d000000, 0x000000008d100000, 0x000000008d100000|100%| S|CS|TAMS 0x000000008d000000, 0x000000008d000000| Complete 
| 209|0x000000008d100000, 0x000000008d200000, 0x000000008d200000|100%| S|CS|TAMS 0x000000008d100000, 0x000000008d100000| Complete 
| 210|0x000000008d200000, 0x000000008d200000, 0x000000008d300000|  0%| F|  |TAMS 0x000000008d200000, 0x000000008d200000| Untracked 
| 211|0x000000008d300000, 0x000000008d300000, 0x000000008d400000|  0%| F|  |TAMS 0x000000008d300000, 0x000000008d300000| Untracked 
| 212|0x000000008d400000, 0x000000008d400000, 0x000000008d500000|  0%| F|  |TAMS 0x000000008d400000, 0x000000008d400000| Untracked 
| 213|0x000000008d500000, 0x000000008d600000, 0x000000008d600000|100%| S|CS|TAMS 0x000000008d500000, 0x000000008d500000| Complete 
| 214|0x000000008d600000, 0x000000008d700000, 0x000000008d700000|100%| S|CS|TAMS 0x000000008d600000, 0x000000008d600000| Complete 
| 215|0x000000008d700000, 0x000000008d700000, 0x000000008d800000|  0%| F|  |TAMS 0x000000008d700000, 0x000000008d700000| Untracked 
| 216|0x000000008d800000, 0x000000008d900000, 0x000000008d900000|100%| S|CS|TAMS 0x000000008d800000, 0x000000008d800000| Complete 
| 217|0x000000008d900000, 0x000000008da00000, 0x000000008da00000|100%| S|CS|TAMS 0x000000008d900000, 0x000000008d900000| Complete 
| 218|0x000000008da00000, 0x000000008da00000, 0x000000008db00000|  0%| F|  |TAMS 0x000000008da00000, 0x000000008da00000| Untracked 
| 219|0x000000008db00000, 0x000000008db00000, 0x000000008dc00000|  0%| F|  |TAMS 0x000000008db00000, 0x000000008db00000| Untracked 
| 220|0x000000008dc00000, 0x000000008dc00000, 0x000000008dd00000|  0%| F|  |TAMS 0x000000008dc00000, 0x000000008dc00000| Untracked 
| 221|0x000000008dd00000, 0x000000008dd00000, 0x000000008de00000|  0%| F|  |TAMS 0x000000008dd00000, 0x000000008dd00000| Untracked 
| 222|0x000000008de00000, 0x000000008de00000, 0x000000008df00000|  0%| F|  |TAMS 0x000000008de00000, 0x000000008de00000| Untracked 
| 223|0x000000008df00000, 0x000000008df00000, 0x000000008e000000|  0%| F|  |TAMS 0x000000008df00000, 0x000000008df00000| Untracked 
| 224|0x000000008e000000, 0x000000008e000000, 0x000000008e100000|  0%| F|  |TAMS 0x000000008e000000, 0x000000008e000000| Untracked 
| 225|0x000000008e100000, 0x000000008e100000, 0x000000008e200000|  0%| F|  |TAMS 0x000000008e100000, 0x000000008e100000| Untracked 
| 226|0x000000008e200000, 0x000000008e200000, 0x000000008e300000|  0%| F|  |TAMS 0x000000008e200000, 0x000000008e200000| Untracked 
| 227|0x000000008e300000, 0x000000008e300000, 0x000000008e400000|  0%| F|  |TAMS 0x000000008e300000, 0x000000008e300000| Untracked 
| 228|0x000000008e400000, 0x000000008e400000, 0x000000008e500000|  0%| F|  |TAMS 0x000000008e400000, 0x000000008e400000| Untracked 
| 229|0x000000008e500000, 0x000000008e500000, 0x000000008e600000|  0%| F|  |TAMS 0x000000008e500000, 0x000000008e500000| Untracked 
| 230|0x000000008e600000, 0x000000008e600000, 0x000000008e700000|  0%| F|  |TAMS 0x000000008e600000, 0x000000008e600000| Untracked 
| 231|0x000000008e700000, 0x000000008e700000, 0x000000008e800000|  0%| F|  |TAMS 0x000000008e700000, 0x000000008e700000| Untracked 
| 232|0x000000008e800000, 0x000000008e800000, 0x000000008e900000|  0%| F|  |TAMS 0x000000008e800000, 0x000000008e800000| Untracked 
| 233|0x000000008e900000, 0x000000008e900000, 0x000000008ea00000|  0%| F|  |TAMS 0x000000008e900000, 0x000000008e900000| Untracked 
| 234|0x000000008ea00000, 0x000000008ea00000, 0x000000008eb00000|  0%| F|  |TAMS 0x000000008ea00000, 0x000000008ea00000| Untracked 
| 235|0x000000008eb00000, 0x000000008eb00000, 0x000000008ec00000|  0%| F|  |TAMS 0x000000008eb00000, 0x000000008eb00000| Untracked 
| 236|0x000000008ec00000, 0x000000008ec00000, 0x000000008ed00000|  0%| F|  |TAMS 0x000000008ec00000, 0x000000008ec00000| Untracked 
| 237|0x000000008ed00000, 0x000000008ed00000, 0x000000008ee00000|  0%| F|  |TAMS 0x000000008ed00000, 0x000000008ed00000| Untracked 
| 238|0x000000008ee00000, 0x000000008ee00000, 0x000000008ef00000|  0%| F|  |TAMS 0x000000008ee00000, 0x000000008ee00000| Untracked 
| 239|0x000000008ef00000, 0x000000008ef00000, 0x000000008f000000|  0%| F|  |TAMS 0x000000008ef00000, 0x000000008ef00000| Untracked 
| 240|0x000000008f000000, 0x000000008f000000, 0x000000008f100000|  0%| F|  |TAMS 0x000000008f000000, 0x000000008f000000| Untracked 
| 241|0x000000008f100000, 0x000000008f100000, 0x000000008f200000|  0%| F|  |TAMS 0x000000008f100000, 0x000000008f100000| Untracked 
| 242|0x000000008f200000, 0x000000008f200000, 0x000000008f300000|  0%| F|  |TAMS 0x000000008f200000, 0x000000008f200000| Untracked 
| 243|0x000000008f300000, 0x000000008f300000, 0x000000008f400000|  0%| F|  |TAMS 0x000000008f300000, 0x000000008f300000| Untracked 
| 244|0x000000008f400000, 0x000000008f400000, 0x000000008f500000|  0%| F|  |TAMS 0x000000008f400000, 0x000000008f400000| Untracked 
| 245|0x000000008f500000, 0x000000008f500000, 0x000000008f600000|  0%| F|  |TAMS 0x000000008f500000, 0x000000008f500000| Untracked 
| 246|0x000000008f600000, 0x000000008f600000, 0x000000008f700000|  0%| F|  |TAMS 0x000000008f600000, 0x000000008f600000| Untracked 
| 247|0x000000008f700000, 0x000000008f700000, 0x000000008f800000|  0%| F|  |TAMS 0x000000008f700000, 0x000000008f700000| Untracked 
| 248|0x000000008f800000, 0x000000008f800000, 0x000000008f900000|  0%| F|  |TAMS 0x000000008f800000, 0x000000008f800000| Untracked 
| 249|0x000000008f900000, 0x000000008f900000, 0x000000008fa00000|  0%| F|  |TAMS 0x000000008f900000, 0x000000008f900000| Untracked 
| 250|0x000000008fa00000, 0x000000008fa00000, 0x000000008fb00000|  0%| F|  |TAMS 0x000000008fa00000, 0x000000008fa00000| Untracked 
| 251|0x000000008fb00000, 0x000000008fb00000, 0x000000008fc00000|  0%| F|  |TAMS 0x000000008fb00000, 0x000000008fb00000| Untracked 
| 252|0x000000008fc00000, 0x000000008fc00000, 0x000000008fd00000|  0%| F|  |TAMS 0x000000008fc00000, 0x000000008fc00000| Untracked 
| 253|0x000000008fd00000, 0x000000008fd00000, 0x000000008fe00000|  0%| F|  |TAMS 0x000000008fd00000, 0x000000008fd00000| Untracked 
| 254|0x000000008fe00000, 0x000000008fe00000, 0x000000008ff00000|  0%| F|  |TAMS 0x000000008fe00000, 0x000000008fe00000| Untracked 
| 255|0x000000008ff00000, 0x000000008ff00000, 0x0000000090000000|  0%| F|  |TAMS 0x000000008ff00000, 0x000000008ff00000| Untracked 
| 256|0x0000000090000000, 0x0000000090000000, 0x0000000090100000|  0%| F|  |TAMS 0x0000000090000000, 0x0000000090000000| Untracked 
| 257|0x0000000090100000, 0x0000000090100000, 0x0000000090200000|  0%| F|  |TAMS 0x0000000090100000, 0x0000000090100000| Untracked 
| 258|0x0000000090200000, 0x0000000090200000, 0x0000000090300000|  0%| F|  |TAMS 0x0000000090200000, 0x0000000090200000| Untracked 
| 259|0x0000000090300000, 0x0000000090300000, 0x0000000090400000|  0%| F|  |TAMS 0x0000000090300000, 0x0000000090300000| Untracked 
| 260|0x0000000090400000, 0x0000000090400000, 0x0000000090500000|  0%| F|  |TAMS 0x0000000090400000, 0x0000000090400000| Untracked 
| 261|0x0000000090500000, 0x0000000090500000, 0x0000000090600000|  0%| F|  |TAMS 0x0000000090500000, 0x0000000090500000| Untracked 
| 262|0x0000000090600000, 0x0000000090600000, 0x0000000090700000|  0%| F|  |TAMS 0x0000000090600000, 0x0000000090600000| Untracked 
| 263|0x0000000090700000, 0x0000000090780800, 0x0000000090800000| 50%| E|  |TAMS 0x0000000090700000, 0x0000000090700000| Complete 
| 264|0x0000000090800000, 0x0000000090900000, 0x0000000090900000|100%| E|CS|TAMS 0x0000000090800000, 0x0000000090800000| Complete 
| 265|0x0000000090900000, 0x0000000090a00000, 0x0000000090a00000|100%| E|CS|TAMS 0x0000000090900000, 0x0000000090900000| Complete 
| 266|0x0000000090a00000, 0x0000000090b00000, 0x0000000090b00000|100%| E|CS|TAMS 0x0000000090a00000, 0x0000000090a00000| Complete 
| 267|0x0000000090b00000, 0x0000000090c00000, 0x0000000090c00000|100%| E|CS|TAMS 0x0000000090b00000, 0x0000000090b00000| Complete 
| 268|0x0000000090c00000, 0x0000000090d00000, 0x0000000090d00000|100%| E|CS|TAMS 0x0000000090c00000, 0x0000000090c00000| Complete 
| 269|0x0000000090d00000, 0x0000000090e00000, 0x0000000090e00000|100%| E|CS|TAMS 0x0000000090d00000, 0x0000000090d00000| Complete 
| 270|0x0000000090e00000, 0x0000000090f00000, 0x0000000090f00000|100%| E|CS|TAMS 0x0000000090e00000, 0x0000000090e00000| Complete 
| 271|0x0000000090f00000, 0x0000000091000000, 0x0000000091000000|100%| E|CS|TAMS 0x0000000090f00000, 0x0000000090f00000| Complete 
| 272|0x0000000091000000, 0x0000000091100000, 0x0000000091100000|100%| E|CS|TAMS 0x0000000091000000, 0x0000000091000000| Complete 

Card table byte_map: [0x0000025c56d10000,0x0000025c57110000] _byte_map_base: 0x0000025c56910000

Marking Bits (Prev, Next): (CMBitMap*) 0x0000025c43e32570, (CMBitMap*) 0x0000025c43e32538
 Prev Bits: [0x0000025c59510000, 0x0000025c5b510000)
 Next Bits: [0x0000025c57510000, 0x0000025c59510000)

Polling page: 0x0000025c41db0000

Metaspace:

Usage:
  Non-class:    117.96 MB capacity,   115.39 MB ( 98%) used,     2.16 MB (  2%) free+waste,   429.13 KB ( <1%) overhead. 
      Class:     17.63 MB capacity,    16.27 MB ( 92%) used,     1.17 MB (  7%) free+waste,   192.31 KB (  1%) overhead. 
       Both:    135.59 MB capacity,   131.65 MB ( 97%) used,     3.33 MB (  2%) free+waste,   621.44 KB ( <1%) overhead. 

Virtual space:
  Non-class space:      120.00 MB reserved,     118.17 MB ( 98%) committed 
      Class space:        1.00 GB reserved,      17.75 MB (  2%) committed 
             Both:        1.12 GB reserved,     135.92 MB ( 12%) committed 

Chunk freelists:
   Non-Class:  23.00 KB
       Class:  0 bytes
        Both:  23.00 KB

MaxMetaspaceSize: 17179869184.00 GB
CompressedClassSpaceSize: 1.00 GB
Initial GC threshold: 20.80 MB
Current GC threshold: 210.70 MB
CDS: off

CodeHeap 'non-profiled nmethods': size=120064Kb used=13807Kb max_used=13807Kb free=106256Kb
 bounds [0x0000025c4f3d0000, 0x0000025c50170000, 0x0000025c56910000]
CodeHeap 'profiled nmethods': size=120000Kb used=49825Kb max_used=49825Kb free=70174Kb
 bounds [0x0000025c47ea0000, 0x0000025c4af50000, 0x0000025c4f3d0000]
CodeHeap 'non-nmethods': size=5696Kb used=2462Kb max_used=2519Kb free=3233Kb
 bounds [0x0000025c47910000, 0x0000025c47ba0000, 0x0000025c47ea0000]
 total_blobs=21519 nmethods=20527 adapters=903
 compilation: enabled
              stopped_count=0, restarted_count=0
 full_count=0

Compilation events (20 events):
Event: 611.293 Thread 0x0000025c5da28000 22430       2       jdk.nio.zipfs.ZipUtils::unixToJavaTime (11 bytes)
Event: 611.293 Thread 0x0000025c5da28000 nmethod 22430 0x0000025c4af3f510 code [0x0000025c4af3f6c0, 0x0000025c4af3f7c8]
Event: 611.297 Thread 0x0000025c5da28000 22431       2       sun.nio.ch.FileChannelImpl::position (6 bytes)
Event: 611.298 Thread 0x0000025c5da28000 nmethod 22431 0x0000025c4af3f890 code [0x0000025c4af3fa40, 0x0000025c4af3fb48]
Event: 611.298 Thread 0x0000025c5da28000 22432       2       jdk.nio.zipfs.ZipFileSystem::readFullyAt (33 bytes)
Event: 611.298 Thread 0x0000025c5da28000 nmethod 22432 0x0000025c4af3fc10 code [0x0000025c4af3fe00, 0x0000025c4af40148]
Event: 611.298 Thread 0x0000025c5da28000 22433   !   2       jdk.nio.zipfs.ZipFileSystem::readFullyAt (37 bytes)
Event: 611.298 Thread 0x0000025c5da28000 nmethod 22433 0x0000025c4af40410 code [0x0000025c4af405e0, 0x0000025c4af408d8]
Event: 611.318 Thread 0x0000025c5da28000 22434       2       jdk.nio.zipfs.ZipConstants::LOCEXT (7 bytes)
Event: 611.318 Thread 0x0000025c5da28000 nmethod 22434 0x0000025c4af40a90 code [0x0000025c4af40c40, 0x0000025c4af40d78]
Event: 611.318 Thread 0x0000025c5da28000 22436       2       jdk.nio.zipfs.ZipFileSystem$Entry::readExtra (753 bytes)
Event: 611.324 Thread 0x0000025c5da28000 nmethod 22436 0x0000025c4af40e90 code [0x0000025c4af412a0, 0x0000025c4af43628]
Event: 611.324 Thread 0x0000025c5da28000 22435       2       jdk.nio.zipfs.ZipConstants::LOCNAM (7 bytes)
Event: 611.324 Thread 0x0000025c5da28000 nmethod 22435 0x0000025c4af44d10 code [0x0000025c4af44ec0, 0x0000025c4af44ff8]
Event: 611.376 Thread 0x0000025c5da28000 22437       2       com.sun.tools.javac.file.RelativePath::hashCode (8 bytes)
Event: 611.376 Thread 0x0000025c5da28000 nmethod 22437 0x0000025c4af45110 code [0x0000025c4af452c0, 0x0000025c4af453e8]
Event: 611.423 Thread 0x0000025c5da28000 22438       2       jdk.nio.zipfs.ZipPath::compareTo (95 bytes)
Event: 611.424 Thread 0x0000025c5da28000 nmethod 22438 0x0000025c4af45490 code [0x0000025c4af45680, 0x0000025c4af45a78]
Event: 611.475 Thread 0x0000025c5da28000 22440       2       java.util.RegularEnumSet::<init> (12 bytes)
Event: 611.475 Thread 0x0000025c5da28000 nmethod 22440 0x0000025c4af45d10 code [0x0000025c4af45ec0, 0x0000025c4af46078]

GC Heap History (20 events):
Event: 604.835 GC heap before
{Heap before GC invocations=102 (full 0):
 garbage-first heap   total 279552K, used 243712K [0x0000000080000000, 0x0000000100000000)
  region size 1024K, 61 young (62464K), 4 survivors (4096K)
 Metaspace       used 128398K, capacity 132313K, committed 132400K, reserved 1165312K
  class space    used 15885K, capacity 17218K, committed 17280K, reserved 1048576K
}
Event: 604.842 GC heap after
{Heap after GC invocations=103 (full 0):
 garbage-first heap   total 279552K, used 185584K [0x0000000080000000, 0x0000000100000000)
  region size 1024K, 5 young (5120K), 5 survivors (5120K)
 Metaspace       used 128398K, capacity 132313K, committed 132400K, reserved 1165312K
  class space    used 15885K, capacity 17218K, committed 17280K, reserved 1048576K
}
Event: 605.395 GC heap before
{Heap before GC invocations=103 (full 0):
 garbage-first heap   total 279552K, used 243952K [0x0000000080000000, 0x0000000100000000)
  region size 1024K, 62 young (63488K), 5 survivors (5120K)
 Metaspace       used 128538K, capacity 132382K, committed 132656K, reserved 1165312K
  class space    used 15893K, capacity 17218K, committed 17280K, reserved 1048576K
}
Event: 605.407 GC heap after
{Heap after GC invocations=104 (full 0):
 garbage-first heap   total 279552K, used 186155K [0x0000000080000000, 0x0000000100000000)
  region size 1024K, 5 young (5120K), 5 survivors (5120K)
 Metaspace       used 128538K, capacity 132382K, committed 132656K, reserved 1165312K
  class space    used 15893K, capacity 17218K, committed 17280K, reserved 1048576K
}
Event: 605.784 GC heap before
{Heap before GC invocations=104 (full 0):
 garbage-first heap   total 279552K, used 244523K [0x0000000080000000, 0x0000000100000000)
  region size 1024K, 62 young (63488K), 5 survivors (5120K)
 Metaspace       used 128592K, capacity 132487K, committed 132656K, reserved 1165312K
  class space    used 15902K, capacity 17232K, committed 17280K, reserved 1048576K
}
Event: 605.792 GC heap after
{Heap after GC invocations=105 (full 0):
 garbage-first heap   total 279552K, used 186236K [0x0000000080000000, 0x0000000100000000)
  region size 1024K, 5 young (5120K), 5 survivors (5120K)
 Metaspace       used 128592K, capacity 132487K, committed 132656K, reserved 1165312K
  class space    used 15902K, capacity 17232K, committed 17280K, reserved 1048576K
}
Event: 606.374 GC heap before
{Heap before GC invocations=105 (full 0):
 garbage-first heap   total 279552K, used 244604K [0x0000000080000000, 0x0000000100000000)
  region size 1024K, 62 young (63488K), 5 survivors (5120K)
 Metaspace       used 128604K, capacity 132488K, committed 132656K, reserved 1165312K
  class space    used 15902K, capacity 17232K, committed 17280K, reserved 1048576K
}
Event: 606.382 GC heap after
{Heap after GC invocations=106 (full 0):
 garbage-first heap   total 279552K, used 187250K [0x0000000080000000, 0x0000000100000000)
  region size 1024K, 6 young (6144K), 6 survivors (6144K)
 Metaspace       used 128604K, capacity 132488K, committed 132656K, reserved 1165312K
  class space    used 15902K, capacity 17232K, committed 17280K, reserved 1048576K
}
Event: 607.013 GC heap before
{Heap before GC invocations=106 (full 0):
 garbage-first heap   total 279552K, used 243570K [0x0000000080000000, 0x0000000100000000)
  region size 1024K, 61 young (62464K), 6 survivors (6144K)
 Metaspace       used 128615K, capacity 132553K, committed 132656K, reserved 1165312K
  class space    used 15902K, capacity 17232K, committed 17280K, reserved 1048576K
}
Event: 607.019 GC heap after
{Heap after GC invocations=107 (full 0):
 garbage-first heap   total 279552K, used 186362K [0x0000000080000000, 0x0000000100000000)
  region size 1024K, 2 young (2048K), 2 survivors (2048K)
 Metaspace       used 128615K, capacity 132553K, committed 132656K, reserved 1165312K
  class space    used 15902K, capacity 17232K, committed 17280K, reserved 1048576K
}
Event: 607.869 GC heap before
{Heap before GC invocations=107 (full 0):
 garbage-first heap   total 279552K, used 244730K [0x0000000080000000, 0x0000000100000000)
  region size 1024K, 60 young (61440K), 2 survivors (2048K)
 Metaspace       used 129958K, capacity 133912K, committed 134064K, reserved 1165312K
  class space    used 16077K, capacity 17408K, committed 17408K, reserved 1048576K
}
Event: 607.879 GC heap after
{Heap after GC invocations=108 (full 0):
 garbage-first heap   total 279552K, used 186479K [0x0000000080000000, 0x0000000100000000)
  region size 1024K, 3 young (3072K), 3 survivors (3072K)
 Metaspace       used 129958K, capacity 133912K, committed 134064K, reserved 1165312K
  class space    used 16077K, capacity 17408K, committed 17408K, reserved 1048576K
}
Event: 609.133 GC heap before
{Heap before GC invocations=108 (full 0):
 garbage-first heap   total 279552K, used 245871K [0x0000000080000000, 0x0000000100000000)
  region size 1024K, 61 young (62464K), 3 survivors (3072K)
 Metaspace       used 129973K, capacity 133916K, committed 134192K, reserved 1165312K
  class space    used 16078K, capacity 17409K, committed 17536K, reserved 1048576K
}
Event: 609.137 GC heap after
{Heap after GC invocations=109 (full 0):
 garbage-first heap   total 279552K, used 186984K [0x0000000080000000, 0x0000000100000000)
  region size 1024K, 3 young (3072K), 3 survivors (3072K)
 Metaspace       used 129973K, capacity 133916K, committed 134192K, reserved 1165312K
  class space    used 16078K, capacity 17409K, committed 17536K, reserved 1048576K
}
Event: 609.762 GC heap before
{Heap before GC invocations=109 (full 0):
 garbage-first heap   total 279552K, used 246376K [0x0000000080000000, 0x0000000100000000)
  region size 1024K, 61 young (62464K), 3 survivors (3072K)
 Metaspace       used 130386K, capacity 134435K, committed 134704K, reserved 1167360K
  class space    used 16133K, capacity 17516K, committed 17536K, reserved 1048576K
}
Event: 609.768 GC heap after
{Heap after GC invocations=110 (full 0):
 garbage-first heap   total 279552K, used 187325K [0x0000000080000000, 0x0000000100000000)
  region size 1024K, 3 young (3072K), 3 survivors (3072K)
 Metaspace       used 130386K, capacity 134435K, committed 134704K, reserved 1167360K
  class space    used 16133K, capacity 17516K, committed 17536K, reserved 1048576K
}
Event: 610.248 GC heap before
{Heap before GC invocations=110 (full 0):
 garbage-first heap   total 279552K, used 245693K [0x0000000080000000, 0x0000000100000000)
  region size 1024K, 61 young (62464K), 3 survivors (3072K)
 Metaspace       used 132963K, capacity 136930K, committed 137136K, reserved 1169408K
  class space    used 16457K, capacity 17815K, committed 17920K, reserved 1048576K
}
Event: 610.256 GC heap after
{Heap after GC invocations=111 (full 0):
 garbage-first heap   total 279552K, used 187773K [0x0000000080000000, 0x0000000100000000)
  region size 1024K, 4 young (4096K), 4 survivors (4096K)
 Metaspace       used 132963K, capacity 136930K, committed 137136K, reserved 1169408K
  class space    used 16457K, capacity 17815K, committed 17920K, reserved 1048576K
}
Event: 610.803 GC heap before
{Heap before GC invocations=111 (full 0):
 garbage-first heap   total 279552K, used 245117K [0x0000000080000000, 0x0000000100000000)
  region size 1024K, 61 young (62464K), 4 survivors (4096K)
 Metaspace       used 134662K, capacity 138688K, committed 138800K, reserved 1169408K
  class space    used 16645K, capacity 18041K, committed 18048K, reserved 1048576K
}
Event: 610.810 GC heap after
{Heap after GC invocations=112 (full 0):
 garbage-first heap   total 279552K, used 188834K [0x0000000080000000, 0x0000000100000000)
  region size 1024K, 5 young (5120K), 5 survivors (5120K)
 Metaspace       used 134662K, capacity 138688K, committed 138800K, reserved 1169408K
  class space    used 16645K, capacity 18041K, committed 18048K, reserved 1048576K
}

Deoptimization events (20 events):
Event: 610.661 Thread 0x0000025c60efb800 DEOPT PACKING pc=0x0000025c4ae828c3 sp=0x000000aa4a2f5ab0
Event: 610.661 Thread 0x0000025c60efb800 DEOPT UNPACKING pc=0x0000025c4795a95e sp=0x000000aa4a2f4f28 mode 0
Event: 610.676 Thread 0x0000025c60efb800 DEOPT PACKING pc=0x0000025c4ae845a3 sp=0x000000aa4a2f3a10
Event: 610.676 Thread 0x0000025c60efb800 DEOPT UNPACKING pc=0x0000025c4795a95e sp=0x000000aa4a2f2e80 mode 0
Event: 610.697 Thread 0x0000025c60efb800 DEOPT PACKING pc=0x0000025c4ae84ff2 sp=0x000000aa4a2f5120
Event: 610.697 Thread 0x0000025c60efb800 DEOPT UNPACKING pc=0x0000025c4795a95e sp=0x000000aa4a2f4598 mode 0
Event: 611.009 Thread 0x0000025c61bdb800 DEOPT PACKING pc=0x0000025c4aa70ff9 sp=0x000000aa4c5fbb30
Event: 611.009 Thread 0x0000025c61bdb800 DEOPT UNPACKING pc=0x0000025c4795a95e sp=0x000000aa4c5fb2f0 mode 0
Event: 611.196 Thread 0x0000025c60efb800 Uncommon trap: trap_request=0xffffff4d fr.pc=0x0000025c4fe14d2c relative=0x000000000000054c
Event: 611.196 Thread 0x0000025c60efb800 Uncommon trap: reason=unstable_if action=reinterpret pc=0x0000025c4fe14d2c method=java.lang.StringCoding.encode(Ljava/nio/charset/Charset;B[B)[B @ 4 c2
Event: 611.196 Thread 0x0000025c60efb800 DEOPT PACKING pc=0x0000025c4fe14d2c sp=0x000000aa4a2f5690
Event: 611.196 Thread 0x0000025c60efb800 DEOPT UNPACKING pc=0x0000025c4795a1af sp=0x000000aa4a2f5608 mode 2
Event: 611.197 Thread 0x0000025c60efb800 Uncommon trap: trap_request=0xffffff4d fr.pc=0x0000025c4f840f80 relative=0x00000000000029e0
Event: 611.197 Thread 0x0000025c60efb800 Uncommon trap: reason=unstable_if action=reinterpret pc=0x0000025c4f840f80 method=java.util.jar.Manifest$FastInputStream.readLine([BII)I @ 106 c2
Event: 611.197 Thread 0x0000025c60efb800 DEOPT PACKING pc=0x0000025c4f840f80 sp=0x000000aa4a2f5500
Event: 611.197 Thread 0x0000025c60efb800 DEOPT UNPACKING pc=0x0000025c4795a1af sp=0x000000aa4a2f53e8 mode 2
Event: 611.197 Thread 0x0000025c60efb800 Uncommon trap: trap_request=0xffffff4d fr.pc=0x0000025c4f82a1cc relative=0x000000000000046c
Event: 611.197 Thread 0x0000025c60efb800 Uncommon trap: reason=unstable_if action=reinterpret pc=0x0000025c4f82a1cc method=java.util.jar.Manifest$FastInputStream.readLine([BII)I @ 106 c2
Event: 611.197 Thread 0x0000025c60efb800 DEOPT PACKING pc=0x0000025c4f82a1cc sp=0x000000aa4a2f5460
Event: 611.197 Thread 0x0000025c60efb800 DEOPT UNPACKING pc=0x0000025c4795a1af sp=0x000000aa4a2f53f0 mode 2

Classes redefined (0 events):
No events

Internal exceptions (20 events):
Event: 596.582 Thread 0x0000025c61bdc000 Exception <a 'java/lang/NoSuchMethodError'{0x000000009054edc0}: <clinit>> (0x000000009054edc0) thrown at [./src/hotspot/share/prims/jni.cpp, line 1366]
Event: 596.584 Thread 0x0000025c61bdc000 Exception <a 'java/lang/NoSuchMethodError'{0x0000000090567d28}: <clinit>> (0x0000000090567d28) thrown at [./src/hotspot/share/prims/jni.cpp, line 1366]
Event: 596.585 Thread 0x0000025c61bdc000 Exception <a 'java/lang/NoSuchMethodError'{0x0000000090569208}: <clinit>> (0x0000000090569208) thrown at [./src/hotspot/share/prims/jni.cpp, line 1366]
Event: 596.719 Thread 0x0000025c61bdc000 Exception <a 'java/lang/NoSuchMethodError'{0x000000008fc05aa0}: <clinit>> (0x000000008fc05aa0) thrown at [./src/hotspot/share/prims/jni.cpp, line 1366]
Event: 596.730 Thread 0x0000025c61bdc000 Exception <a 'java/lang/NoSuchMethodError'{0x000000008fcb6430}: <clinit>> (0x000000008fcb6430) thrown at [./src/hotspot/share/prims/jni.cpp, line 1366]
Event: 596.749 Thread 0x0000025c61bdc000 Exception <a 'java/lang/NoSuchMethodError'{0x000000008fa06050}: <clinit>> (0x000000008fa06050) thrown at [./src/hotspot/share/prims/jni.cpp, line 1366]
Event: 597.014 Thread 0x0000025c61bda800 Exception <a 'java/lang/NoSuchMethodError'{0x000000008e900868}: 'void java.lang.invoke.DirectMethodHandle$Holder.invokeStatic(java.lang.Object, long)'> (0x000000008e900868) thrown at [./src/hotspot/share/interpreter/linkResolver.cpp, line 773]
Event: 597.034 Thread 0x0000025c61bda800 Exception <a 'java/lang/NoSuchMethodError'{0x000000008e98b6a8}: 'java.lang.Object java.lang.invoke.DirectMethodHandle$Holder.invokeStaticInit(java.lang.Object, java.lang.Object, long, java.lang.Object)'> (0x000000008e98b6a8) thrown at [./src/hotspot/share/interpreter/linkResolver.cpp, line 773]
Event: 597.035 Thread 0x0000025c61bda800 Exception <a 'java/lang/NoSuchMethodError'{0x000000008e991b38}: 'java.lang.Object java.lang.invoke.DirectMethodHandle$Holder.invokeStatic(java.lang.Object, java.lang.Object, long)'> (0x000000008e991b38) thrown at [./src/hotspot/share/interpreter/linkResolver.cpp, line 773]
Event: 597.035 Thread 0x0000025c61bda800 Exception <a 'java/lang/NoSuchMethodError'{0x000000008e9980b0}: 'java.lang.Object java.lang.invoke.Invokers$Holder.linkToTargetMethod(java.lang.Object, long, java.lang.Object)'> (0x000000008e9980b0) thrown at [./src/hotspot/share/interpreter/linkResolver.cpp, line 773]
Event: 597.950 Thread 0x0000025c61bdb800 Implicit null exception at 0x0000025c4ff72fef to 0x0000025c4ff730f4
Event: 599.230 Thread 0x0000025c61bdb800 Exception <a 'java/lang/NoSuchMethodError'{0x000000008dde2190}: 'int java.lang.invoke.DirectMethodHandle$Holder.invokeInterface(java.lang.Object, java.lang.Object, int)'> (0x000000008dde2190) thrown at [./src/hotspot/share/interpreter/linkResolver.cpp, line 773]
Event: 601.539 Thread 0x0000025c61bda800 Exception <a 'sun/nio/fs/WindowsException'{0x000000008ef95748}> (0x000000008ef95748) thrown at [./src/hotspot/share/prims/jni.cpp, line 616]
Event: 601.543 Thread 0x0000025c61bda800 Exception <a 'sun/nio/fs/WindowsException'{0x000000008ee11d58}> (0x000000008ee11d58) thrown at [./src/hotspot/share/prims/jni.cpp, line 616]
Event: 601.543 Thread 0x0000025c61bda800 Exception <a 'sun/nio/fs/WindowsException'{0x000000008ee11e40}> (0x000000008ee11e40) thrown at [./src/hotspot/share/prims/jni.cpp, line 616]
Event: 605.243 Thread 0x0000025c60efb800 Implicit null exception at 0x0000025c4f78ee77 to 0x0000025c4f78f010
Event: 607.401 Thread 0x0000025c60efb800 Implicit null exception at 0x0000025c4fbdba92 to 0x0000025c4fbdc2a4
Event: 609.658 Thread 0x0000025c60efb800 Exception <a 'java/lang/NoSuchMethodError'{0x000000008de88db0}: 'java.lang.Object java.lang.invoke.Invokers$Holder.linkToTargetMethod(java.lang.Object, java.lang.Object, java.lang.Object, int, int, java.lang.Object)'> (0x000000008de88db0) thrown at [./src/hotspot/share/interpreter/linkResolver.cpp, line 773]
Event: 611.154 Thread 0x0000025c60efb800 Exception <a 'sun/nio/fs/WindowsException'{0x000000008f6aeb60}> (0x000000008f6aeb60) thrown at [./src/hotspot/share/prims/jni.cpp, line 616]
Event: 611.154 Thread 0x0000025c60efb800 Exception <a 'sun/nio/fs/WindowsException'{0x000000008f6aec48}> (0x000000008f6aec48) thrown at [./src/hotspot/share/prims/jni.cpp, line 616]

Events (20 events):
Event: 610.563 Executing VM operation: Deoptimize
Event: 610.566 Executing VM operation: Deoptimize done
Event: 610.596 loading class com/sun/tools/javac/tree/JCTree
Event: 610.596 loading class com/sun/tools/javac/tree/JCTree done
Event: 610.596 loading class com/sun/tools/javac/tree/JCTree
Event: 610.596 loading class com/sun/tools/javac/tree/JCTree done
Event: 610.803 Executing VM operation: G1CollectForAllocation
Event: 610.810 Executing VM operation: G1CollectForAllocation done
Event: 611.116 loading class com/sun/tools/javac/tree/JCTree$JCLiteral
Event: 611.116 loading class com/sun/tools/javac/tree/JCTree$JCLiteral done
Event: 611.116 loading class com/sun/tools/javac/tree/JCTree$JCLiteral
Event: 611.116 loading class com/sun/tools/javac/tree/JCTree$JCLiteral done
Event: 611.144 loading class com/sun/tools/javac/comp/Modules
Event: 611.144 loading class com/sun/tools/javac/comp/Modules done
Event: 611.146 loading class com/sun/tools/javac/code/Symbol$PackageSymbol
Event: 611.146 loading class com/sun/tools/javac/code/Symbol$PackageSymbol done
Event: 611.251 loading class com/sun/tools/javac/code/Symbol$PackageSymbol
Event: 611.251 loading class com/sun/tools/javac/code/Symbol$PackageSymbol done
Event: 611.251 loading class com/sun/tools/javac/code/ClassFinder
Event: 611.251 loading class com/sun/tools/javac/code/ClassFinder done


Dynamic libraries:
0x00007ff6b1730000 - 0x00007ff6b173a000 	E:\Programs\Android Studio\jre\bin\java.exe
0x00007ffb8a050000 - 0x00007ffb8a248000 	C:\Windows\SYSTEM32\ntdll.dll
0x00007ffb5a340000 - 0x00007ffb5a357000 	C:\Program Files\Avast Software\Avast\aswhook.dll
0x00007ffb89aa0000 - 0x00007ffb89b5f000 	C:\Windows\System32\KERNEL32.DLL
0x00007ffb879a0000 - 0x00007ffb87c72000 	C:\Windows\System32\KERNELBASE.dll
0x00007ffb87ed0000 - 0x00007ffb87fd0000 	C:\Windows\System32\ucrtbase.dll
0x00007ffb835d0000 - 0x00007ffb835e7000 	E:\Programs\Android Studio\jre\bin\VCRUNTIME140.dll
0x00007ffb835b0000 - 0x00007ffb835c9000 	E:\Programs\Android Studio\jre\bin\jli.dll
0x00007ffb89090000 - 0x00007ffb8922d000 	C:\Windows\System32\USER32.dll
0x00007ffb87fd0000 - 0x00007ffb87ff2000 	C:\Windows\System32\win32u.dll
0x00007ffb76990000 - 0x00007ffb76c2a000 	C:\Windows\WinSxS\amd64_microsoft.windows.common-controls_6595b64144ccf1df_6.0.19041.1110_none_60b5254171f9507e\COMCTL32.dll
0x00007ffb880a0000 - 0x00007ffb880cb000 	C:\Windows\System32\GDI32.dll
0x00007ffb898e0000 - 0x00007ffb8997e000 	C:\Windows\System32\msvcrt.dll
0x00007ffb87890000 - 0x00007ffb8799f000 	C:\Windows\System32\gdi32full.dll
0x00007ffb88000000 - 0x00007ffb8809d000 	C:\Windows\System32\msvcp_win.dll
0x00007ffb89700000 - 0x00007ffb89732000 	C:\Windows\System32\IMM32.DLL
0x00007ffb81e60000 - 0x00007ffb81efd000 	E:\Programs\Android Studio\jre\bin\msvcp140.dll
0x00007ffb15af0000 - 0x00007ffb165f2000 	E:\Programs\Android Studio\jre\bin\server\jvm.dll
0x00007ffb88fe0000 - 0x00007ffb8908e000 	C:\Windows\System32\ADVAPI32.dll
0x00007ffb89a00000 - 0x00007ffb89a9c000 	C:\Windows\System32\sechost.dll
0x00007ffb897b0000 - 0x00007ffb898d5000 	C:\Windows\System32\RPCRT4.dll
0x00007ffb89df0000 - 0x00007ffb89df8000 	C:\Windows\System32\PSAPI.DLL
0x00007ffb74b80000 - 0x00007ffb74b89000 	C:\Windows\SYSTEM32\WSOCK32.dll
0x00007ffb80320000 - 0x00007ffb8032a000 	C:\Windows\SYSTEM32\VERSION.dll
0x00007ffb76de0000 - 0x00007ffb76e07000 	C:\Windows\SYSTEM32\WINMM.dll
0x00007ffb89740000 - 0x00007ffb897ab000 	C:\Windows\System32\WS2_32.dll
0x00007ffb85610000 - 0x00007ffb85622000 	C:\Windows\SYSTEM32\kernel.appcore.dll
0x00007ffb831e0000 - 0x00007ffb831f1000 	E:\Programs\Android Studio\jre\bin\verify.dll
0x00007ffb789e0000 - 0x00007ffb78bc4000 	C:\Windows\SYSTEM32\DBGHELP.DLL
0x00007ffb789b0000 - 0x00007ffb789dc000 	C:\Windows\SYSTEM32\dbgcore.DLL
0x00007ffb87800000 - 0x00007ffb87882000 	C:\Windows\System32\bcryptPrimitives.dll
0x00007ffb81d00000 - 0x00007ffb81d29000 	E:\Programs\Android Studio\jre\bin\java.dll
0x00007ffb83580000 - 0x00007ffb8358b000 	E:\Programs\Android Studio\jre\bin\jimage.dll
0x00007ffb815f0000 - 0x00007ffb81608000 	E:\Programs\Android Studio\jre\bin\zip.dll
0x00007ffb88430000 - 0x00007ffb88b73000 	C:\Windows\System32\SHELL32.dll
0x00007ffb85810000 - 0x00007ffb85fa2000 	C:\Windows\SYSTEM32\windows.storage.dll
0x00007ffb880d0000 - 0x00007ffb88424000 	C:\Windows\System32\combase.dll
0x00007ffb871b0000 - 0x00007ffb871e0000 	C:\Windows\SYSTEM32\Wldp.dll
0x00007ffb88b80000 - 0x00007ffb88c2d000 	C:\Windows\System32\SHCORE.dll
0x00007ffb89ca0000 - 0x00007ffb89cf5000 	C:\Windows\System32\shlwapi.dll
0x00007ffb87690000 - 0x00007ffb876af000 	C:\Windows\SYSTEM32\profapi.dll
0x00007ffb70c00000 - 0x00007ffb70c1a000 	E:\Programs\Android Studio\jre\bin\net.dll
0x00007ffb780d0000 - 0x00007ffb781dc000 	C:\Windows\SYSTEM32\WINHTTP.dll
0x00007ffb86f10000 - 0x00007ffb86f7a000 	C:\Windows\system32\mswsock.dll
0x00007ffb69c30000 - 0x00007ffb69c44000 	E:\Programs\Android Studio\jre\bin\nio.dll
0x00007ffb83630000 - 0x00007ffb83657000 	C:\Users\a0587\.gradle\native\8bec1ad78214c89d9ad589b4d07fe93259594b29d510b10fafb7a158f7737e5d\windows-amd64\native-platform.dll
0x00007ffb59fe0000 - 0x00007ffb5a11d000 	C:\Users\a0587\.gradle\native\53dbd7edfb1c66fb8903c78663c9afc45aea4f116125fa6feffd364cf09443e8\windows-amd64\native-platform-file-events.dll
0x00007ffb69c20000 - 0x00007ffb69c2a000 	E:\Programs\Android Studio\jre\bin\management.dll
0x00007ffb69bf0000 - 0x00007ffb69bfd000 	E:\Programs\Android Studio\jre\bin\management_ext.dll
0x00007ffb87100000 - 0x00007ffb87118000 	C:\Windows\SYSTEM32\CRYPTSP.dll
0x00007ffb867c0000 - 0x00007ffb867f4000 	C:\Windows\system32\rsaenh.dll
0x00007ffb87e30000 - 0x00007ffb87e57000 	C:\Windows\System32\bcrypt.dll
0x00007ffb87610000 - 0x00007ffb8763e000 	C:\Windows\SYSTEM32\USERENV.dll
0x00007ffb87120000 - 0x00007ffb8712c000 	C:\Windows\SYSTEM32\CRYPTBASE.dll
0x00007ffb86bb0000 - 0x00007ffb86beb000 	C:\Windows\SYSTEM32\IPHLPAPI.DLL
0x00007ffb89e00000 - 0x00007ffb89e08000 	C:\Windows\System32\NSI.dll
0x00007ffb7d650000 - 0x00007ffb7d667000 	C:\Windows\SYSTEM32\dhcpcsvc6.DLL
0x00007ffb7e140000 - 0x00007ffb7e15d000 	C:\Windows\SYSTEM32\dhcpcsvc.DLL
0x00007ffb86c00000 - 0x00007ffb86cca000 	C:\Windows\SYSTEM32\DNSAPI.dll
0x00007ffb84f50000 - 0x00007ffb84fe1000 	C:\Windows\system32\apphelp.dll

dbghelp: loaded successfully - version: 4.0.5 - missing functions: none
symbol engine: initialized successfully - sym options: 0x614 - pdb path: .;E:\Programs\Android Studio\jre\bin;C:\Windows\SYSTEM32;C:\Program Files\Avast Software\Avast;C:\Windows\WinSxS\amd64_microsoft.windows.common-controls_6595b64144ccf1df_6.0.19041.1110_none_60b5254171f9507e;E:\Programs\Android Studio\jre\bin\server;C:\Users\a0587\.gradle\native\8bec1ad78214c89d9ad589b4d07fe93259594b29d510b10fafb7a158f7737e5d\windows-amd64;C:\Users\a0587\.gradle\native\53dbd7edfb1c66fb8903c78663c9afc45aea4f116125fa6feffd364cf09443e8\windows-amd64

VM Arguments:
jvm_args: --add-opens=java.base/java.util=ALL-UNNAMED --add-opens=java.base/java.lang=ALL-UNNAMED --add-opens=java.base/java.lang.invoke=ALL-UNNAMED --add-opens=java.base/java.util=ALL-UNNAMED --add-opens=java.prefs/java.util.prefs=ALL-UNNAMED --add-opens=java.prefs/java.util.prefs=ALL-UNNAMED --add-opens=java.base/java.nio.charset=ALL-UNNAMED --add-opens=java.base/java.net=ALL-UNNAMED --add-opens=java.base/java.util.concurrent.atomic=ALL-UNNAMED -Xmx2048m -Dfile.encoding=UTF-8 -Duser.country=TW -Duser.language=zh -Duser.variant 
java_command: org.gradle.launcher.daemon.bootstrap.GradleDaemon 7.0.2
java_class_path (initial): C:\Users\a0587\.gradle\wrapper\dists\gradle-7.0.2-bin\857tjihv64xamwrf0h14cai3r\gradle-7.0.2\lib\gradle-launcher-7.0.2.jar
Launcher Type: SUN_STANDARD

[Global flags]
     intx CICompilerCount                          = 3                                         {product} {ergonomic}
     uint ConcGCThreads                            = 1                                         {product} {ergonomic}
     uint G1ConcRefinementThreads                  = 4                                         {product} {ergonomic}
   size_t G1HeapRegionSize                         = 1048576                                   {product} {ergonomic}
    uintx GCDrainStackTargetSize                   = 64                                        {product} {ergonomic}
   size_t InitialHeapSize                          = 134217728                                 {product} {ergonomic}
   size_t MarkStackSize                            = 4194304                                   {product} {ergonomic}
   size_t MaxHeapSize                              = 2147483648                                {product} {command line}
   size_t MaxNewSize                               = 1287651328                                {product} {ergonomic}
   size_t MinHeapDeltaBytes                        = 1048576                                   {product} {ergonomic}
    uintx NonNMethodCodeHeapSize                   = 5830732                                {pd product} {ergonomic}
    uintx NonProfiledCodeHeapSize                  = 122913754                              {pd product} {ergonomic}
    uintx ProfiledCodeHeapSize                     = 122913754                              {pd product} {ergonomic}
    uintx ReservedCodeCacheSize                    = 251658240                              {pd product} {ergonomic}
     bool SegmentedCodeCache                       = true                                      {product} {ergonomic}
     bool UseCompressedClassPointers               = true                                 {lp64_product} {ergonomic}
     bool UseCompressedOops                        = true                                 {lp64_product} {ergonomic}
     bool UseG1GC                                  = true                                      {product} {ergonomic}
     bool UseLargePagesIndividualAllocation        = false                                  {pd product} {ergonomic}

Logging:
Log output configuration:
 #0: stdout all=warning uptime,level,tags
 #1: stderr all=off uptime,level,tags

Environment Variables:
PATH=C:\Windows\system32;C:\Windows;C:\Windows\System32\Wbem;C:\Windows\System32\WindowsPowerShell\v1.0\;C:\Windows\System32\OpenSSH\;C:\Program Files\PuTTY\;E:\Programs\Anaconda;E:\Programs\Anaconda\Library\mingw-w64\bin;E:\Programs\Anaconda\Library\usr\bin;E:\Programs\Anaconda\Library\bin;E:\Programs\Anaconda\Scripts;C:\Users\a0587\AppData\Local\Microsoft\WindowsApps;E:\Programs\Microsoft VS Code\bin
USERNAME=Billy
OS=Windows_NT
PROCESSOR_IDENTIFIER=Intel64 Family 6 Model 142 Stepping 9, GenuineIntel



---------------  S Y S T E M  ---------------

OS: Windows 10 , 64 bit Build 19041 (10.0.19041.2251)
OS uptime: 0 days 8:19 hours

CPU:total 4 (initial active 4) (2 cores per cpu, 2 threads per core) family 6 model 142 stepping 9 microcode 0xb4, cmov, cx8, fxsr, mmx, sse, sse2, sse3, ssse3, sse4.1, sse4.2, popcnt, avx, avx2, aes, clmul, erms, 3dnowpref, lzcnt, ht, tsc, tscinvbit, bmi1, bmi2, adx, fma

Memory: 4k page, system-wide physical 8073M (498M free)
TotalPageFile size 8073M (AvailPageFile size 0M)
current process WorkingSet (physical memory assigned to process): 701M, peak: 701M
current process commit charge ("private bytes"): 737M, peak: 737M

vm_info: OpenJDK 64-Bit Server VM (11.0.13+0-b1751.21-8125866) for windows-amd64 JRE (11.0.13+0-b1751.21-8125866), built on Feb  2 2022 03:00:22 by "builder" with MS VC++ 14.0 (VS2015)

END.
