#
# There is insufficient memory for the Java Runtime Environment to continue.
# Native memory allocation (malloc) failed to allocate 1306096 bytes for Chunk::new
# Possible reasons:
#   The system is out of physical RAM or swap space
#   The process is running with CompressedOops enabled, and the Java Heap may be blocking the growth of the native heap
# Possible solutions:
#   Reduce memory load on the system
#   Increase physical memory or swap space
#   Check if swap backing store is full
#   Decrease Java heap size (-Xmx/-Xms)
#   Decrease number of Java threads
#   Decrease Java thread stack sizes (-Xss)
#   Set larger code cache with -XX:ReservedCodeCacheSize=
#   JVM is running with Unscaled Compressed Oops mode in which the Java heap is
#     placed in the first 4GB address space. The Java Heap base address is the
#     maximum limit for the native heap growth. Please use -XX:HeapBaseMinAddress
#     to set the Java Heap base and to place the Java Heap above 4GB virtual address.
# This output file may be truncated or incomplete.
#
#  Out of Memory Error (./src/hotspot/share/memory/arena.cpp:197), pid=11284, tid=11040
#
# JRE version: OpenJDK Runtime Environment (11.0.13) (build 11.0.13+0-b1751.21-8125866)
# Java VM: OpenJDK 64-Bit Server VM (11.0.13+0-b1751.21-8125866, mixed mode, tiered, compressed oops, g1 gc, windows-amd64)
# No core dump will be written. Minidumps are not enabled by default on client versions of Windows
#

---------------  S U M M A R Y ------------

Command Line: --add-opens=java.base/java.util=ALL-UNNAMED --add-opens=java.base/java.lang=ALL-UNNAMED --add-opens=java.base/java.lang.invoke=ALL-UNNAMED --add-opens=java.base/java.util=ALL-UNNAMED --add-opens=java.prefs/java.util.prefs=ALL-UNNAMED --add-opens=java.prefs/java.util.prefs=ALL-UNNAMED --add-opens=java.base/java.nio.charset=ALL-UNNAMED --add-opens=java.base/java.net=ALL-UNNAMED --add-opens=java.base/java.util.concurrent.atomic=ALL-UNNAMED -Xmx2048m -Dfile.encoding=UTF-8 -Duser.country=TW -Duser.language=zh -Duser.variant org.gradle.launcher.daemon.bootstrap.GradleDaemon 7.0.2

Host: Intel(R) Core(TM) i5-7200U CPU @ 2.50GHz, 4 cores, 7G,  Windows 10 , 64 bit Build 19041 (10.0.19041.2251)
Time: Thu Dec  8 21:21:43 2022 台北標準時間 elapsed time: 3.382382 seconds (0d 0h 0m 3s)

---------------  T H R E A D  ---------------

Current thread (0x000001a162e23800):  JavaThread "C2 CompilerThread0" daemon [_thread_in_native, id=11040, stack(0x000000988e900000,0x000000988ea00000)]


Current CompileTask:
C2:   3382 1957   !   4       java.lang.ClassLoader::loadClass (122 bytes)

Stack: [0x000000988e900000,0x000000988ea00000]
Native frames: (J=compiled Java code, j=interpreted, Vv=VM code, C=native code)
V  [jvm.dll+0x6100fa]
V  [jvm.dll+0x747090]
V  [jvm.dll+0x7486ad]
V  [jvm.dll+0x748d83]
V  [jvm.dll+0x24ab48]
V  [jvm.dll+0xc04dc]
V  [jvm.dll+0xc0a0c]
V  [jvm.dll+0x35eb9d]
V  [jvm.dll+0x32b833]
V  [jvm.dll+0x32ad2a]
V  [jvm.dll+0x2032b2]
V  [jvm.dll+0x202437]
V  [jvm.dll+0x188e01]
V  [jvm.dll+0x21106b]
V  [jvm.dll+0x20f8c1]
V  [jvm.dll+0x70de0f]
V  [jvm.dll+0x706a75]
V  [jvm.dll+0x60ed66]
C  [ucrtbase.dll+0x21bb2]
C  [KERNEL32.DLL+0x174b4]
C  [ntdll.dll+0x526a1]


---------------  P R O C E S S  ---------------

Threads class SMR info:
_java_thread_list=0x000001a166516c50, length=24, elements={
0x000001a1491f2800, 0x000001a162df9800, 0x000001a162dfb000, 0x000001a162e17000,
0x000001a162e18000, 0x000001a162e1b800, 0x000001a162e23800, 0x000001a162e28000,
0x000001a162e2c000, 0x000001a1637e2000, 0x000001a1651b0000, 0x000001a165976000,
0x000001a166997800, 0x000001a1665de800, 0x000001a164fd7000, 0x000001a164f77800,
0x000001a164af5800, 0x000001a164ca0000, 0x000001a166023800, 0x000001a164c6c800,
0x000001a166855800, 0x000001a166590000, 0x000001a166592000, 0x000001a166592800
}

Java Threads: ( => current thread )
  0x000001a1491f2800 JavaThread "main" [_thread_blocked, id=2228, stack(0x000000988dd00000,0x000000988de00000)]
  0x000001a162df9800 JavaThread "Reference Handler" daemon [_thread_blocked, id=13628, stack(0x000000988e400000,0x000000988e500000)]
  0x000001a162dfb000 JavaThread "Finalizer" daemon [_thread_blocked, id=13612, stack(0x000000988e500000,0x000000988e600000)]
  0x000001a162e17000 JavaThread "Signal Dispatcher" daemon [_thread_blocked, id=11928, stack(0x000000988e600000,0x000000988e700000)]
  0x000001a162e18000 JavaThread "Attach Listener" daemon [_thread_blocked, id=11364, stack(0x000000988e700000,0x000000988e800000)]
  0x000001a162e1b800 JavaThread "Service Thread" daemon [_thread_blocked, id=13088, stack(0x000000988e800000,0x000000988e900000)]
=>0x000001a162e23800 JavaThread "C2 CompilerThread0" daemon [_thread_in_native, id=11040, stack(0x000000988e900000,0x000000988ea00000)]
  0x000001a162e28000 JavaThread "C1 CompilerThread0" daemon [_thread_blocked, id=9000, stack(0x000000988ea00000,0x000000988eb00000)]
  0x000001a162e2c000 JavaThread "Sweeper thread" daemon [_thread_blocked, id=14272, stack(0x000000988eb00000,0x000000988ec00000)]
  0x000001a1637e2000 JavaThread "Common-Cleaner" daemon [_thread_blocked, id=9352, stack(0x000000988ec00000,0x000000988ed00000)]
  0x000001a1651b0000 JavaThread "Daemon health stats" [_thread_blocked, id=6920, stack(0x000000988f100000,0x000000988f200000)]
  0x000001a165976000 JavaThread "Incoming local TCP Connector on port 53652" [_thread_in_native, id=2440, stack(0x000000988ee00000,0x000000988ef00000)]
  0x000001a166997800 JavaThread "Daemon periodic checks" [_thread_blocked, id=3692, stack(0x000000988f200000,0x000000988f300000)]
  0x000001a1665de800 JavaThread "Daemon" [_thread_blocked, id=12756, stack(0x000000988f300000,0x000000988f400000)]
  0x000001a164fd7000 JavaThread "Handler for socket connection from /127.0.0.1:53652 to /127.0.0.1:53653" [_thread_in_native, id=1080, stack(0x000000988f400000,0x000000988f500000)]
  0x000001a164f77800 JavaThread "C2 CompilerThread1" daemon [_thread_blocked, id=9900, stack(0x000000988f500000,0x000000988f600000)]
  0x000001a164af5800 JavaThread "Cancel handler" [_thread_blocked, id=2396, stack(0x000000988f600000,0x000000988f700000)]
  0x000001a164ca0000 JavaThread "Daemon worker" [_thread_in_vm, id=11824, stack(0x000000988f700000,0x000000988f800000)]
  0x000001a166023800 JavaThread "Asynchronous log dispatcher for DefaultDaemonConnection: socket connection from /127.0.0.1:53652 to /127.0.0.1:53653" [_thread_blocked, id=10940, stack(0x000000988f800000,0x000000988f900000)]
  0x000001a164c6c800 JavaThread "Stdin handler" [_thread_blocked, id=3440, stack(0x000000988f900000,0x000000988fa00000)]
  0x000001a166855800 JavaThread "Daemon client event forwarder" [_thread_blocked, id=4460, stack(0x000000988fa00000,0x000000988fb00000)]
  0x000001a166590000 JavaThread "Cache worker for file hash cache (C:\Users\a0587\.gradle\caches\7.0.2\fileHashes)" [_thread_blocked, id=12892, stack(0x000000988fc00000,0x000000988fd00000)]
  0x000001a166592000 JavaThread "File lock request listener" [_thread_in_native, id=1072, stack(0x000000988fd00000,0x000000988fe00000)]
  0x000001a166592800 JavaThread "Cache worker for journal cache (C:\Users\a0587\.gradle\caches\journal-1)" [_thread_blocked, id=8844, stack(0x000000988fe00000,0x000000988ff00000)]

Other Threads:
  0x000001a162df7800 VMThread "VM Thread" [stack: 0x000000988e300000,0x000000988e400000] [id=12652]
  0x000001a163827800 WatcherThread [stack: 0x000000988ed00000,0x000000988ee00000] [id=6988]
  0x000001a14920b800 GCTaskThread "GC Thread#0" [stack: 0x000000988de00000,0x000000988df00000] [id=6536]
  0x000001a163a7c800 GCTaskThread "GC Thread#1" [stack: 0x000000988ef00000,0x000000988f000000] [id=6580]
  0x000001a163e68800 GCTaskThread "GC Thread#2" [stack: 0x000000988f000000,0x000000988f100000] [id=3264]
  0x000001a165e2d800 GCTaskThread "GC Thread#3" [stack: 0x000000988fb00000,0x000000988fc00000] [id=3036]
  0x000001a14923e000 ConcurrentGCThread "G1 Main Marker" [stack: 0x000000988df00000,0x000000988e000000] [id=11308]
  0x000001a14923f800 ConcurrentGCThread "G1 Conc#0" [stack: 0x000000988e000000,0x000000988e100000] [id=10896]
  0x000001a162c44800 ConcurrentGCThread "G1 Refine#0" [stack: 0x000000988e100000,0x000000988e200000] [id=10820]
  0x000001a162c45000 ConcurrentGCThread "G1 Young RemSet Sampling" [stack: 0x000000988e200000,0x000000988e300000] [id=8932]

Threads with active compile tasks:
C2 CompilerThread0   3414 1957   !   4       java.lang.ClassLoader::loadClass (122 bytes)

VM state:not at safepoint (normal execution)

VM Mutex/Monitor currently owned by a thread: None

Heap address: 0x0000000080000000, size: 2048 MB, Compressed Oops mode: 32-bit
Narrow klass base: 0x0000000000000000, Narrow klass shift: 3
Compressed class space size: 1073741824 Address: 0x0000000100000000

Heap:
 garbage-first heap   total 157696K, used 36267K [0x0000000080000000, 0x0000000100000000)
  region size 1024K, 25 young (25600K), 5 survivors (5120K)
 Metaspace       used 22199K, capacity 22771K, committed 22908K, reserved 1069056K
  class space    used 2784K, capacity 2972K, committed 3020K, reserved 1048576K
Heap Regions: E=young(eden), S=young(survivor), O=old, HS=humongous(starts), HC=humongous(continues), CS=collection set, F=free, A=archive, TAMS=top-at-mark-start (previous, next)
|   0|0x0000000080000000, 0x0000000080100000, 0x0000000080100000|100%| O|  |TAMS 0x0000000080100000, 0x0000000080000000| Untracked 
|   1|0x0000000080100000, 0x0000000080200000, 0x0000000080200000|100%| O|  |TAMS 0x0000000080200000, 0x0000000080100000| Untracked 
|   2|0x0000000080200000, 0x0000000080300000, 0x0000000080300000|100%| O|  |TAMS 0x0000000080300000, 0x0000000080200000| Untracked 
|   3|0x0000000080300000, 0x0000000080400000, 0x0000000080400000|100%|HS|  |TAMS 0x0000000080400000, 0x0000000080300000| Complete 
|   4|0x0000000080400000, 0x0000000080500000, 0x0000000080500000|100%|HC|  |TAMS 0x0000000080500000, 0x0000000080400000| Complete 
|   5|0x0000000080500000, 0x0000000080600000, 0x0000000080600000|100%|HC|  |TAMS 0x0000000080600000, 0x0000000080500000| Complete 
|   6|0x0000000080600000, 0x0000000080700000, 0x0000000080700000|100%| O|  |TAMS 0x0000000080700000, 0x0000000080600000| Untracked 
|   7|0x0000000080700000, 0x00000000807ffff8, 0x0000000080800000| 99%| O|  |TAMS 0x00000000807ffff8, 0x0000000080700000| Untracked 
|   8|0x0000000080800000, 0x0000000080900000, 0x0000000080900000|100%| O|  |TAMS 0x0000000080900000, 0x0000000080800000| Untracked 
|   9|0x0000000080900000, 0x0000000080a00000, 0x0000000080a00000|100%| O|  |TAMS 0x0000000080a00000, 0x0000000080900000| Untracked 
|  10|0x0000000080a00000, 0x0000000080b00000, 0x0000000080b00000|100%| O|  |TAMS 0x0000000080b00000, 0x0000000080a00000| Untracked 
|  11|0x0000000080b00000, 0x0000000080b6b000, 0x0000000080c00000| 41%| O|  |TAMS 0x0000000080b6b000, 0x0000000080b00000| Untracked 
|  12|0x0000000080c00000, 0x0000000080c00000, 0x0000000080d00000|  0%| F|  |TAMS 0x0000000080c00000, 0x0000000080c00000| Untracked 
|  13|0x0000000080d00000, 0x0000000080d00000, 0x0000000080e00000|  0%| F|  |TAMS 0x0000000080d00000, 0x0000000080d00000| Untracked 
|  14|0x0000000080e00000, 0x0000000080e00000, 0x0000000080f00000|  0%| F|  |TAMS 0x0000000080e00000, 0x0000000080e00000| Untracked 
|  15|0x0000000080f00000, 0x0000000080f00000, 0x0000000081000000|  0%| F|  |TAMS 0x0000000080f00000, 0x0000000080f00000| Untracked 
|  16|0x0000000081000000, 0x0000000081000000, 0x0000000081100000|  0%| F|  |TAMS 0x0000000081000000, 0x0000000081000000| Untracked 
|  17|0x0000000081100000, 0x0000000081100000, 0x0000000081200000|  0%| F|  |TAMS 0x0000000081100000, 0x0000000081100000| Untracked 
|  18|0x0000000081200000, 0x0000000081200000, 0x0000000081300000|  0%| F|  |TAMS 0x0000000081200000, 0x0000000081200000| Untracked 
|  19|0x0000000081300000, 0x0000000081300000, 0x0000000081400000|  0%| F|  |TAMS 0x0000000081300000, 0x0000000081300000| Untracked 
|  20|0x0000000081400000, 0x0000000081400000, 0x0000000081500000|  0%| F|  |TAMS 0x0000000081400000, 0x0000000081400000| Untracked 
|  21|0x0000000081500000, 0x0000000081500000, 0x0000000081600000|  0%| F|  |TAMS 0x0000000081500000, 0x0000000081500000| Untracked 
|  22|0x0000000081600000, 0x0000000081600000, 0x0000000081700000|  0%| F|  |TAMS 0x0000000081600000, 0x0000000081600000| Untracked 
|  23|0x0000000081700000, 0x0000000081700000, 0x0000000081800000|  0%| F|  |TAMS 0x0000000081700000, 0x0000000081700000| Untracked 
|  24|0x0000000081800000, 0x0000000081800000, 0x0000000081900000|  0%| F|  |TAMS 0x0000000081800000, 0x0000000081800000| Untracked 
|  25|0x0000000081900000, 0x0000000081900000, 0x0000000081a00000|  0%| F|  |TAMS 0x0000000081900000, 0x0000000081900000| Untracked 
|  26|0x0000000081a00000, 0x0000000081a00000, 0x0000000081b00000|  0%| F|  |TAMS 0x0000000081a00000, 0x0000000081a00000| Untracked 
|  27|0x0000000081b00000, 0x0000000081b00000, 0x0000000081c00000|  0%| F|  |TAMS 0x0000000081b00000, 0x0000000081b00000| Untracked 
|  28|0x0000000081c00000, 0x0000000081c00000, 0x0000000081d00000|  0%| F|  |TAMS 0x0000000081c00000, 0x0000000081c00000| Untracked 
|  29|0x0000000081d00000, 0x0000000081d00000, 0x0000000081e00000|  0%| F|  |TAMS 0x0000000081d00000, 0x0000000081d00000| Untracked 
|  30|0x0000000081e00000, 0x0000000081e00000, 0x0000000081f00000|  0%| F|  |TAMS 0x0000000081e00000, 0x0000000081e00000| Untracked 
|  31|0x0000000081f00000, 0x0000000081f00000, 0x0000000082000000|  0%| F|  |TAMS 0x0000000081f00000, 0x0000000081f00000| Untracked 
|  32|0x0000000082000000, 0x0000000082000000, 0x0000000082100000|  0%| F|  |TAMS 0x0000000082000000, 0x0000000082000000| Untracked 
|  33|0x0000000082100000, 0x0000000082100000, 0x0000000082200000|  0%| F|  |TAMS 0x0000000082100000, 0x0000000082100000| Untracked 
|  34|0x0000000082200000, 0x0000000082200000, 0x0000000082300000|  0%| F|  |TAMS 0x0000000082200000, 0x0000000082200000| Untracked 
|  35|0x0000000082300000, 0x0000000082300000, 0x0000000082400000|  0%| F|  |TAMS 0x0000000082300000, 0x0000000082300000| Untracked 
|  36|0x0000000082400000, 0x0000000082400000, 0x0000000082500000|  0%| F|  |TAMS 0x0000000082400000, 0x0000000082400000| Untracked 
|  37|0x0000000082500000, 0x0000000082500000, 0x0000000082600000|  0%| F|  |TAMS 0x0000000082500000, 0x0000000082500000| Untracked 
|  38|0x0000000082600000, 0x0000000082600000, 0x0000000082700000|  0%| F|  |TAMS 0x0000000082600000, 0x0000000082600000| Untracked 
|  39|0x0000000082700000, 0x0000000082700000, 0x0000000082800000|  0%| F|  |TAMS 0x0000000082700000, 0x0000000082700000| Untracked 
|  40|0x0000000082800000, 0x0000000082800000, 0x0000000082900000|  0%| F|  |TAMS 0x0000000082800000, 0x0000000082800000| Untracked 
|  41|0x0000000082900000, 0x0000000082900000, 0x0000000082a00000|  0%| F|  |TAMS 0x0000000082900000, 0x0000000082900000| Untracked 
|  42|0x0000000082a00000, 0x0000000082a00000, 0x0000000082b00000|  0%| F|  |TAMS 0x0000000082a00000, 0x0000000082a00000| Untracked 
|  43|0x0000000082b00000, 0x0000000082b00000, 0x0000000082c00000|  0%| F|  |TAMS 0x0000000082b00000, 0x0000000082b00000| Untracked 
|  44|0x0000000082c00000, 0x0000000082c00000, 0x0000000082d00000|  0%| F|  |TAMS 0x0000000082c00000, 0x0000000082c00000| Untracked 
|  45|0x0000000082d00000, 0x0000000082d00000, 0x0000000082e00000|  0%| F|  |TAMS 0x0000000082d00000, 0x0000000082d00000| Untracked 
|  46|0x0000000082e00000, 0x0000000082e00000, 0x0000000082f00000|  0%| F|  |TAMS 0x0000000082e00000, 0x0000000082e00000| Untracked 
|  47|0x0000000082f00000, 0x0000000082f00000, 0x0000000083000000|  0%| F|  |TAMS 0x0000000082f00000, 0x0000000082f00000| Untracked 
|  48|0x0000000083000000, 0x0000000083000000, 0x0000000083100000|  0%| F|  |TAMS 0x0000000083000000, 0x0000000083000000| Untracked 
|  49|0x0000000083100000, 0x0000000083100000, 0x0000000083200000|  0%| F|  |TAMS 0x0000000083100000, 0x0000000083100000| Untracked 
|  50|0x0000000083200000, 0x0000000083200000, 0x0000000083300000|  0%| F|  |TAMS 0x0000000083200000, 0x0000000083200000| Untracked 
|  51|0x0000000083300000, 0x0000000083300000, 0x0000000083400000|  0%| F|  |TAMS 0x0000000083300000, 0x0000000083300000| Untracked 
|  52|0x0000000083400000, 0x0000000083400000, 0x0000000083500000|  0%| F|  |TAMS 0x0000000083400000, 0x0000000083400000| Untracked 
|  53|0x0000000083500000, 0x0000000083500000, 0x0000000083600000|  0%| F|  |TAMS 0x0000000083500000, 0x0000000083500000| Untracked 
|  54|0x0000000083600000, 0x0000000083600000, 0x0000000083700000|  0%| F|  |TAMS 0x0000000083600000, 0x0000000083600000| Untracked 
|  55|0x0000000083700000, 0x0000000083700000, 0x0000000083800000|  0%| F|  |TAMS 0x0000000083700000, 0x0000000083700000| Untracked 
|  56|0x0000000083800000, 0x0000000083800000, 0x0000000083900000|  0%| F|  |TAMS 0x0000000083800000, 0x0000000083800000| Untracked 
|  57|0x0000000083900000, 0x0000000083900000, 0x0000000083a00000|  0%| F|  |TAMS 0x0000000083900000, 0x0000000083900000| Untracked 
|  58|0x0000000083a00000, 0x0000000083a00000, 0x0000000083b00000|  0%| F|  |TAMS 0x0000000083a00000, 0x0000000083a00000| Untracked 
|  59|0x0000000083b00000, 0x0000000083b00000, 0x0000000083c00000|  0%| F|  |TAMS 0x0000000083b00000, 0x0000000083b00000| Untracked 
|  60|0x0000000083c00000, 0x0000000083c00000, 0x0000000083d00000|  0%| F|  |TAMS 0x0000000083c00000, 0x0000000083c00000| Untracked 
|  61|0x0000000083d00000, 0x0000000083d00000, 0x0000000083e00000|  0%| F|  |TAMS 0x0000000083d00000, 0x0000000083d00000| Untracked 
|  62|0x0000000083e00000, 0x0000000083e00000, 0x0000000083f00000|  0%| F|  |TAMS 0x0000000083e00000, 0x0000000083e00000| Untracked 
|  63|0x0000000083f00000, 0x0000000083f00000, 0x0000000084000000|  0%| F|  |TAMS 0x0000000083f00000, 0x0000000083f00000| Untracked 
|  64|0x0000000084000000, 0x0000000084000000, 0x0000000084100000|  0%| F|  |TAMS 0x0000000084000000, 0x0000000084000000| Untracked 
|  65|0x0000000084100000, 0x0000000084100000, 0x0000000084200000|  0%| F|  |TAMS 0x0000000084100000, 0x0000000084100000| Untracked 
|  66|0x0000000084200000, 0x0000000084200000, 0x0000000084300000|  0%| F|  |TAMS 0x0000000084200000, 0x0000000084200000| Untracked 
|  67|0x0000000084300000, 0x0000000084300000, 0x0000000084400000|  0%| F|  |TAMS 0x0000000084300000, 0x0000000084300000| Untracked 
|  68|0x0000000084400000, 0x0000000084400000, 0x0000000084500000|  0%| F|  |TAMS 0x0000000084400000, 0x0000000084400000| Untracked 
|  69|0x0000000084500000, 0x0000000084500000, 0x0000000084600000|  0%| F|  |TAMS 0x0000000084500000, 0x0000000084500000| Untracked 
|  70|0x0000000084600000, 0x0000000084600000, 0x0000000084700000|  0%| F|  |TAMS 0x0000000084600000, 0x0000000084600000| Untracked 
|  71|0x0000000084700000, 0x0000000084700000, 0x0000000084800000|  0%| F|  |TAMS 0x0000000084700000, 0x0000000084700000| Untracked 
|  72|0x0000000084800000, 0x0000000084800000, 0x0000000084900000|  0%| F|  |TAMS 0x0000000084800000, 0x0000000084800000| Untracked 
|  73|0x0000000084900000, 0x0000000084900000, 0x0000000084a00000|  0%| F|  |TAMS 0x0000000084900000, 0x0000000084900000| Untracked 
|  74|0x0000000084a00000, 0x0000000084a00000, 0x0000000084b00000|  0%| F|  |TAMS 0x0000000084a00000, 0x0000000084a00000| Untracked 
|  75|0x0000000084b00000, 0x0000000084b00000, 0x0000000084c00000|  0%| F|  |TAMS 0x0000000084b00000, 0x0000000084b00000| Untracked 
|  76|0x0000000084c00000, 0x0000000084c00000, 0x0000000084d00000|  0%| F|  |TAMS 0x0000000084c00000, 0x0000000084c00000| Untracked 
|  77|0x0000000084d00000, 0x0000000084d00000, 0x0000000084e00000|  0%| F|  |TAMS 0x0000000084d00000, 0x0000000084d00000| Untracked 
|  78|0x0000000084e00000, 0x0000000084e00000, 0x0000000084f00000|  0%| F|  |TAMS 0x0000000084e00000, 0x0000000084e00000| Untracked 
|  79|0x0000000084f00000, 0x0000000084f00000, 0x0000000085000000|  0%| F|  |TAMS 0x0000000084f00000, 0x0000000084f00000| Untracked 
|  80|0x0000000085000000, 0x0000000085000000, 0x0000000085100000|  0%| F|  |TAMS 0x0000000085000000, 0x0000000085000000| Untracked 
|  81|0x0000000085100000, 0x0000000085100000, 0x0000000085200000|  0%| F|  |TAMS 0x0000000085100000, 0x0000000085100000| Untracked 
|  82|0x0000000085200000, 0x0000000085200000, 0x0000000085300000|  0%| F|  |TAMS 0x0000000085200000, 0x0000000085200000| Untracked 
|  83|0x0000000085300000, 0x0000000085300000, 0x0000000085400000|  0%| F|  |TAMS 0x0000000085300000, 0x0000000085300000| Untracked 
|  84|0x0000000085400000, 0x0000000085400000, 0x0000000085500000|  0%| F|  |TAMS 0x0000000085400000, 0x0000000085400000| Untracked 
|  85|0x0000000085500000, 0x0000000085500000, 0x0000000085600000|  0%| F|  |TAMS 0x0000000085500000, 0x0000000085500000| Untracked 
|  86|0x0000000085600000, 0x0000000085600000, 0x0000000085700000|  0%| F|  |TAMS 0x0000000085600000, 0x0000000085600000| Untracked 
|  87|0x0000000085700000, 0x0000000085700000, 0x0000000085800000|  0%| F|  |TAMS 0x0000000085700000, 0x0000000085700000| Untracked 
|  88|0x0000000085800000, 0x0000000085800000, 0x0000000085900000|  0%| F|  |TAMS 0x0000000085800000, 0x0000000085800000| Untracked 
|  89|0x0000000085900000, 0x0000000085900000, 0x0000000085a00000|  0%| F|  |TAMS 0x0000000085900000, 0x0000000085900000| Untracked 
|  90|0x0000000085a00000, 0x0000000085a00000, 0x0000000085b00000|  0%| F|  |TAMS 0x0000000085a00000, 0x0000000085a00000| Untracked 
|  91|0x0000000085b00000, 0x0000000085b00000, 0x0000000085c00000|  0%| F|  |TAMS 0x0000000085b00000, 0x0000000085b00000| Untracked 
|  92|0x0000000085c00000, 0x0000000085c00000, 0x0000000085d00000|  0%| F|  |TAMS 0x0000000085c00000, 0x0000000085c00000| Untracked 
|  93|0x0000000085d00000, 0x0000000085d00000, 0x0000000085e00000|  0%| F|  |TAMS 0x0000000085d00000, 0x0000000085d00000| Untracked 
|  94|0x0000000085e00000, 0x0000000085e00000, 0x0000000085f00000|  0%| F|  |TAMS 0x0000000085e00000, 0x0000000085e00000| Untracked 
|  95|0x0000000085f00000, 0x0000000085f00000, 0x0000000086000000|  0%| F|  |TAMS 0x0000000085f00000, 0x0000000085f00000| Untracked 
|  96|0x0000000086000000, 0x0000000086000000, 0x0000000086100000|  0%| F|  |TAMS 0x0000000086000000, 0x0000000086000000| Untracked 
|  97|0x0000000086100000, 0x0000000086100000, 0x0000000086200000|  0%| F|  |TAMS 0x0000000086100000, 0x0000000086100000| Untracked 
|  98|0x0000000086200000, 0x0000000086200000, 0x0000000086300000|  0%| F|  |TAMS 0x0000000086200000, 0x0000000086200000| Untracked 
|  99|0x0000000086300000, 0x0000000086300000, 0x0000000086400000|  0%| F|  |TAMS 0x0000000086300000, 0x0000000086300000| Untracked 
| 100|0x0000000086400000, 0x0000000086500000, 0x0000000086500000|100%| S|CS|TAMS 0x0000000086400000, 0x0000000086400000| Complete 
| 101|0x0000000086500000, 0x0000000086600000, 0x0000000086600000|100%| S|CS|TAMS 0x0000000086500000, 0x0000000086500000| Complete 
| 102|0x0000000086600000, 0x0000000086700000, 0x0000000086700000|100%| S|CS|TAMS 0x0000000086600000, 0x0000000086600000| Complete 
| 103|0x0000000086700000, 0x0000000086800000, 0x0000000086800000|100%| S|CS|TAMS 0x0000000086700000, 0x0000000086700000| Complete 
| 104|0x0000000086800000, 0x0000000086900000, 0x0000000086900000|100%| S|CS|TAMS 0x0000000086800000, 0x0000000086800000| Complete 
| 105|0x0000000086900000, 0x0000000086900000, 0x0000000086a00000|  0%| F|  |TAMS 0x0000000086900000, 0x0000000086900000| Untracked 
| 106|0x0000000086a00000, 0x0000000086a00000, 0x0000000086b00000|  0%| F|  |TAMS 0x0000000086a00000, 0x0000000086a00000| Untracked 
| 107|0x0000000086b00000, 0x0000000086b00000, 0x0000000086c00000|  0%| F|  |TAMS 0x0000000086b00000, 0x0000000086b00000| Untracked 
| 108|0x0000000086c00000, 0x0000000086c00000, 0x0000000086d00000|  0%| F|  |TAMS 0x0000000086c00000, 0x0000000086c00000| Untracked 
| 109|0x0000000086d00000, 0x0000000086d00000, 0x0000000086e00000|  0%| F|  |TAMS 0x0000000086d00000, 0x0000000086d00000| Untracked 
| 110|0x0000000086e00000, 0x0000000086e00000, 0x0000000086f00000|  0%| F|  |TAMS 0x0000000086e00000, 0x0000000086e00000| Untracked 
| 111|0x0000000086f00000, 0x0000000086f00000, 0x0000000087000000|  0%| F|  |TAMS 0x0000000086f00000, 0x0000000086f00000| Untracked 
| 112|0x0000000087000000, 0x0000000087000000, 0x0000000087100000|  0%| F|  |TAMS 0x0000000087000000, 0x0000000087000000| Untracked 
| 113|0x0000000087100000, 0x0000000087100000, 0x0000000087200000|  0%| F|  |TAMS 0x0000000087100000, 0x0000000087100000| Untracked 
| 114|0x0000000087200000, 0x0000000087200000, 0x0000000087300000|  0%| F|  |TAMS 0x0000000087200000, 0x0000000087200000| Untracked 
| 115|0x0000000087300000, 0x0000000087300000, 0x0000000087400000|  0%| F|  |TAMS 0x0000000087300000, 0x0000000087300000| Untracked 
| 116|0x0000000087400000, 0x0000000087400000, 0x0000000087500000|  0%| F|  |TAMS 0x0000000087400000, 0x0000000087400000| Untracked 
| 117|0x0000000087500000, 0x0000000087500000, 0x0000000087600000|  0%| F|  |TAMS 0x0000000087500000, 0x0000000087500000| Untracked 
| 118|0x0000000087600000, 0x0000000087600000, 0x0000000087700000|  0%| F|  |TAMS 0x0000000087600000, 0x0000000087600000| Untracked 
| 119|0x0000000087700000, 0x0000000087700000, 0x0000000087800000|  0%| F|  |TAMS 0x0000000087700000, 0x0000000087700000| Untracked 
| 120|0x0000000087800000, 0x0000000087800000, 0x0000000087900000|  0%| F|  |TAMS 0x0000000087800000, 0x0000000087800000| Untracked 
| 121|0x0000000087900000, 0x0000000087900000, 0x0000000087a00000|  0%| F|  |TAMS 0x0000000087900000, 0x0000000087900000| Untracked 
| 122|0x0000000087a00000, 0x0000000087a00000, 0x0000000087b00000|  0%| F|  |TAMS 0x0000000087a00000, 0x0000000087a00000| Untracked 
| 123|0x0000000087b00000, 0x0000000087b00000, 0x0000000087c00000|  0%| F|  |TAMS 0x0000000087b00000, 0x0000000087b00000| Untracked 
| 124|0x0000000087c00000, 0x0000000087c00000, 0x0000000087d00000|  0%| F|  |TAMS 0x0000000087c00000, 0x0000000087c00000| Untracked 
| 125|0x0000000087d00000, 0x0000000087d00000, 0x0000000087e00000|  0%| F|  |TAMS 0x0000000087d00000, 0x0000000087d00000| Untracked 
| 126|0x0000000087e00000, 0x0000000087e00000, 0x0000000087f00000|  0%| F|  |TAMS 0x0000000087e00000, 0x0000000087e00000| Untracked 
| 127|0x0000000087f00000, 0x0000000087f00000, 0x0000000088000000|  0%| F|  |TAMS 0x0000000087f00000, 0x0000000087f00000| Untracked 
| 128|0x0000000088000000, 0x0000000088000000, 0x0000000088100000|  0%| F|  |TAMS 0x0000000088000000, 0x0000000088000000| Untracked 
| 129|0x0000000088100000, 0x0000000088100000, 0x0000000088200000|  0%| F|  |TAMS 0x0000000088100000, 0x0000000088100000| Untracked 
| 130|0x0000000088200000, 0x0000000088200000, 0x0000000088300000|  0%| F|  |TAMS 0x0000000088200000, 0x0000000088200000| Untracked 
| 131|0x0000000088300000, 0x0000000088300000, 0x0000000088400000|  0%| F|  |TAMS 0x0000000088300000, 0x0000000088300000| Untracked 
| 132|0x0000000088400000, 0x0000000088400000, 0x0000000088500000|  0%| F|  |TAMS 0x0000000088400000, 0x0000000088400000| Untracked 
| 133|0x0000000088500000, 0x00000000885d8298, 0x0000000088600000| 84%| E|  |TAMS 0x0000000088500000, 0x0000000088500000| Complete 
| 134|0x0000000088600000, 0x0000000088700000, 0x0000000088700000|100%| E|CS|TAMS 0x0000000088600000, 0x0000000088600000| Complete 
| 135|0x0000000088700000, 0x0000000088800000, 0x0000000088800000|100%| E|CS|TAMS 0x0000000088700000, 0x0000000088700000| Complete 
| 136|0x0000000088800000, 0x0000000088900000, 0x0000000088900000|100%| E|CS|TAMS 0x0000000088800000, 0x0000000088800000| Complete 
| 137|0x0000000088900000, 0x0000000088a00000, 0x0000000088a00000|100%| E|CS|TAMS 0x0000000088900000, 0x0000000088900000| Complete 
| 138|0x0000000088a00000, 0x0000000088b00000, 0x0000000088b00000|100%| E|CS|TAMS 0x0000000088a00000, 0x0000000088a00000| Complete 
| 139|0x0000000088b00000, 0x0000000088c00000, 0x0000000088c00000|100%| E|CS|TAMS 0x0000000088b00000, 0x0000000088b00000| Complete 
| 140|0x0000000088c00000, 0x0000000088d00000, 0x0000000088d00000|100%| E|CS|TAMS 0x0000000088c00000, 0x0000000088c00000| Complete 
| 141|0x0000000088d00000, 0x0000000088e00000, 0x0000000088e00000|100%| E|CS|TAMS 0x0000000088d00000, 0x0000000088d00000| Complete 
| 142|0x0000000088e00000, 0x0000000088f00000, 0x0000000088f00000|100%| E|CS|TAMS 0x0000000088e00000, 0x0000000088e00000| Complete 
| 143|0x0000000088f00000, 0x0000000089000000, 0x0000000089000000|100%| E|CS|TAMS 0x0000000088f00000, 0x0000000088f00000| Complete 
| 144|0x0000000089000000, 0x0000000089100000, 0x0000000089100000|100%| E|CS|TAMS 0x0000000089000000, 0x0000000089000000| Complete 
| 145|0x0000000089100000, 0x0000000089200000, 0x0000000089200000|100%| E|CS|TAMS 0x0000000089100000, 0x0000000089100000| Complete 
| 146|0x0000000089200000, 0x0000000089300000, 0x0000000089300000|100%| E|CS|TAMS 0x0000000089200000, 0x0000000089200000| Complete 
| 147|0x0000000089300000, 0x0000000089400000, 0x0000000089400000|100%| E|CS|TAMS 0x0000000089300000, 0x0000000089300000| Complete 
| 148|0x0000000089400000, 0x0000000089500000, 0x0000000089500000|100%| E|CS|TAMS 0x0000000089400000, 0x0000000089400000| Complete 
| 149|0x0000000089500000, 0x0000000089600000, 0x0000000089600000|100%| E|CS|TAMS 0x0000000089500000, 0x0000000089500000| Complete 
| 150|0x0000000089600000, 0x0000000089700000, 0x0000000089700000|100%| E|CS|TAMS 0x0000000089600000, 0x0000000089600000| Complete 
| 151|0x0000000089700000, 0x0000000089800000, 0x0000000089800000|100%| E|CS|TAMS 0x0000000089700000, 0x0000000089700000| Complete 
| 152|0x0000000089800000, 0x0000000089900000, 0x0000000089900000|100%| E|CS|TAMS 0x0000000089800000, 0x0000000089800000| Complete 
| 153|0x0000000089900000, 0x0000000089a00000, 0x0000000089a00000|100%| E|CS|TAMS 0x0000000089900000, 0x0000000089900000| Complete 

Card table byte_map: [0x000001a15c110000,0x000001a15c510000] _byte_map_base: 0x000001a15bd10000

Marking Bits (Prev, Next): (CMBitMap*) 0x000001a1492344f0, (CMBitMap*) 0x000001a1492344b8
 Prev Bits: [0x000001a15e910000, 0x000001a160910000)
 Next Bits: [0x000001a15c910000, 0x000001a15e910000)

Polling page: 0x000001a147190000

Metaspace:

Usage:
  Non-class:     19.47 MB capacity,    19.07 MB ( 98%) used,   366.27 KB (  2%) free+waste,    42.25 KB ( <1%) overhead. 
      Class:      2.94 MB capacity,     2.74 MB ( 93%) used,   183.80 KB (  6%) free+waste,    21.38 KB ( <1%) overhead. 
       Both:     22.41 MB capacity,    21.81 MB ( 97%) used,   550.07 KB (  2%) free+waste,    63.63 KB ( <1%) overhead. 

Virtual space:
  Non-class space:       20.00 MB reserved,      19.67 MB ( 98%) committed 
      Class space:        1.00 GB reserved,       3.07 MB ( <1%) committed 
             Both:        1.02 GB reserved,      22.75 MB (  2%) committed 

Chunk freelists:
   Non-Class:  32.00 KB
       Class:  30.00 KB
        Both:  62.00 KB

MaxMetaspaceSize: 17179869184.00 GB
CompressedClassSpaceSize: 1.00 GB
Initial GC threshold: 20.80 MB
Current GC threshold: 35.20 MB
CDS: off

CodeHeap 'non-profiled nmethods': size=120064Kb used=1013Kb max_used=1013Kb free=119050Kb
 bounds [0x000001a1547d0000, 0x000001a154a40000, 0x000001a15bd10000]
CodeHeap 'profiled nmethods': size=120000Kb used=4199Kb max_used=4199Kb free=115800Kb
 bounds [0x000001a14d2a0000, 0x000001a14d6c0000, 0x000001a1547d0000]
CodeHeap 'non-nmethods': size=5696Kb used=1210Kb max_used=1224Kb free=4485Kb
 bounds [0x000001a14cd10000, 0x000001a14cf80000, 0x000001a14d2a0000]
 total_blobs=2472 nmethods=1992 adapters=392
 compilation: enabled
              stopped_count=0, restarted_count=0
 full_count=0

Compilation events (20 events):
Event: 3.361 Thread 0x000001a162e28000 1972       3       java.util.LinkedList::unlink (91 bytes)
Event: 3.362 Thread 0x000001a162e28000 nmethod 1972 0x000001a14d6a4910 code [0x000001a14d6a4ae0, 0x000001a14d6a4eb8]
Event: 3.362 Thread 0x000001a162e28000 1973       3       org.gradle.internal.service.DefaultServiceMethodFactory::toServiceMethod (11 bytes)
Event: 3.362 Thread 0x000001a162e28000 nmethod 1973 0x000001a14d6a5010 code [0x000001a14d6a51c0, 0x000001a14d6a5388]
Event: 3.362 Thread 0x000001a162e28000 1974   !   3       org.gradle.internal.service.MethodHandleBasedServiceMethodFactory::toServiceMethod (51 bytes)
Event: 3.363 Thread 0x000001a162e28000 nmethod 1974 0x000001a14d6a5490 code [0x000001a14d6a5800, 0x000001a14d6a6d68]
Event: 3.363 Thread 0x000001a162e28000 1975       3       java.lang.reflect.Method::getGenericParameterTypes (5 bytes)
Event: 3.364 Thread 0x000001a162e28000 nmethod 1975 0x000001a14d6a7490 code [0x000001a14d6a7760, 0x000001a14d6a87b8]
Event: 3.364 Thread 0x000001a162e28000 1976       3       java.lang.reflect.Method::hasGenericInformation (13 bytes)
Event: 3.365 Thread 0x000001a162e28000 nmethod 1976 0x000001a14d6a8c90 code [0x000001a14d6a8e40, 0x000001a14d6a8fb8]
Event: 3.365 Thread 0x000001a162e28000 1977       3       java.lang.reflect.Method::getGenericReturnType (20 bytes)
Event: 3.366 Thread 0x000001a162e28000 nmethod 1977 0x000001a14d6a9090 code [0x000001a14d6a9340, 0x000001a14d6aa3f8]
Event: 3.366 Thread 0x000001a162e28000 1978       3       org.gradle.internal.service.AbstractServiceMethod::<init> (42 bytes)
Event: 3.367 Thread 0x000001a162e28000 nmethod 1978 0x000001a14d6aa910 code [0x000001a14d6aac80, 0x000001a14d6ac7a8]
Event: 3.370 Thread 0x000001a162e28000 1979       3       java.lang.Package$VersionInfo::<init> (44 bytes)
Event: 3.370 Thread 0x000001a162e28000 nmethod 1979 0x000001a14d6acf90 code [0x000001a14d6ad160, 0x000001a14d6ad558]
Event: 3.376 Thread 0x000001a162e28000 1980       3       sun.reflect.generics.parser.SignatureParser::parseFieldTypeSignature (6 bytes)
Event: 3.376 Thread 0x000001a162e28000 nmethod 1980 0x000001a14d6ad610 code [0x000001a14d6ad7c0, 0x000001a14d6ad8e8]
Event: 3.376 Thread 0x000001a162e28000 1981       3       sun.reflect.generics.parser.SignatureParser::parseFieldTypeSignature (73 bytes)
Event: 3.377 Thread 0x000001a162e28000 nmethod 1981 0x000001a14d6ad990 code [0x000001a14d6adbe0, 0x000001a14d6ae098]

GC Heap History (10 events):
Event: 0.554 GC heap before
{Heap before GC invocations=0 (full 0):
 garbage-first heap   total 131072K, used 19456K [0x0000000080000000, 0x0000000100000000)
  region size 1024K, 14 young (14336K), 0 survivors (0K)
 Metaspace       used 6780K, capacity 7001K, committed 7168K, reserved 1056768K
  class space    used 576K, capacity 650K, committed 768K, reserved 1048576K
}
Event: 0.559 GC heap after
{Heap after GC invocations=1 (full 0):
 garbage-first heap   total 131072K, used 8246K [0x0000000080000000, 0x0000000100000000)
  region size 1024K, 2 young (2048K), 2 survivors (2048K)
 Metaspace       used 6780K, capacity 7001K, committed 7168K, reserved 1056768K
  class space    used 576K, capacity 650K, committed 768K, reserved 1048576K
}
Event: 0.873 GC heap before
{Heap before GC invocations=1 (full 0):
 garbage-first heap   total 131072K, used 19510K [0x0000000080000000, 0x0000000100000000)
  region size 1024K, 13 young (13312K), 2 survivors (2048K)
 Metaspace       used 10213K, capacity 10469K, committed 10624K, reserved 1058816K
  class space    used 1048K, capacity 1107K, committed 1152K, reserved 1048576K
}
Event: 0.877 GC heap after
{Heap after GC invocations=2 (full 0):
 garbage-first heap   total 131072K, used 9610K [0x0000000080000000, 0x0000000100000000)
  region size 1024K, 2 young (2048K), 2 survivors (2048K)
 Metaspace       used 10213K, capacity 10469K, committed 10624K, reserved 1058816K
  class space    used 1048K, capacity 1107K, committed 1152K, reserved 1048576K
}
Event: 1.407 GC heap before
{Heap before GC invocations=2 (full 0):
 garbage-first heap   total 131072K, used 38282K [0x0000000080000000, 0x0000000100000000)
  region size 1024K, 30 young (30720K), 2 survivors (2048K)
 Metaspace       used 11170K, capacity 11518K, committed 11776K, reserved 1060864K
  class space    used 1148K, capacity 1243K, committed 1280K, reserved 1048576K
}
Event: 1.410 GC heap after
{Heap after GC invocations=3 (full 0):
 garbage-first heap   total 131072K, used 12356K [0x0000000080000000, 0x0000000100000000)
  region size 1024K, 4 young (4096K), 4 survivors (4096K)
 Metaspace       used 11170K, capacity 11518K, committed 11776K, reserved 1060864K
  class space    used 1148K, capacity 1243K, committed 1280K, reserved 1048576K
}
Event: 2.909 GC heap before
{Heap before GC invocations=3 (full 0):
 garbage-first heap   total 131072K, used 55364K [0x0000000080000000, 0x0000000100000000)
  region size 1024K, 47 young (48128K), 4 survivors (4096K)
 Metaspace       used 17789K, capacity 18301K, committed 18432K, reserved 1064960K
  class space    used 2075K, capacity 2240K, committed 2304K, reserved 1048576K
}
Event: 2.920 GC heap after
{Heap after GC invocations=4 (full 0):
 garbage-first heap   total 131072K, used 15830K [0x0000000080000000, 0x0000000100000000)
  region size 1024K, 6 young (6144K), 6 survivors (6144K)
 Metaspace       used 17789K, capacity 18301K, committed 18432K, reserved 1064960K
  class space    used 2075K, capacity 2240K, committed 2304K, reserved 1048576K
}
Event: 3.185 GC heap before
{Heap before GC invocations=4 (full 0):
 garbage-first heap   total 131072K, used 37334K [0x0000000080000000, 0x0000000100000000)
  region size 1024K, 29 young (29696K), 6 survivors (6144K)
 Metaspace       used 20652K, capacity 21200K, committed 21296K, reserved 1069056K
  class space    used 2487K, capacity 2658K, committed 2688K, reserved 1048576K
}
Event: 3.192 GC heap after
{Heap after GC invocations=5 (full 0):
 garbage-first heap   total 157696K, used 16811K [0x0000000080000000, 0x0000000100000000)
  region size 1024K, 5 young (5120K), 5 survivors (5120K)
 Metaspace       used 20652K, capacity 21200K, committed 21296K, reserved 1069056K
  class space    used 2487K, capacity 2658K, committed 2688K, reserved 1048576K
}

Deoptimization events (20 events):
Event: 3.248 Thread 0x000001a164ca0000 Uncommon trap: trap_request=0xffffff4d fr.pc=0x000001a1548acbb0 relative=0x00000000000003b0
Event: 3.248 Thread 0x000001a164ca0000 Uncommon trap: reason=unstable_if action=reinterpret pc=0x000001a1548acbb0 method=jdk.internal.org.objectweb.asm.Type.getArgumentsAndReturnSizes(Ljava/lang/String;)I @ 88 c2
Event: 3.248 Thread 0x000001a164ca0000 DEOPT PACKING pc=0x000001a1548acbb0 sp=0x000000988f7fa4a0
Event: 3.248 Thread 0x000001a164ca0000 DEOPT UNPACKING pc=0x000001a14cd5a1af sp=0x000000988f7fa428 mode 2
Event: 3.257 Thread 0x000001a164ca0000 Uncommon trap: trap_request=0xffffff4d fr.pc=0x000001a15482e834 relative=0x0000000000000174
Event: 3.257 Thread 0x000001a164ca0000 Uncommon trap: reason=unstable_if action=reinterpret pc=0x000001a15482e834 method=java.util.HashMap.getNode(ILjava/lang/Object;)Ljava/util/HashMap$Node; @ 129 c2
Event: 3.257 Thread 0x000001a164ca0000 DEOPT PACKING pc=0x000001a15482e834 sp=0x000000988f7fbe80
Event: 3.257 Thread 0x000001a164ca0000 DEOPT UNPACKING pc=0x000001a14cd5a1af sp=0x000000988f7fbd80 mode 2
Event: 3.257 Thread 0x000001a164ca0000 Uncommon trap: trap_request=0xffffffc6 fr.pc=0x000001a1548a5384 relative=0x0000000000000784
Event: 3.257 Thread 0x000001a164ca0000 Uncommon trap: reason=bimorphic_or_optimized_type_check action=maybe_recompile pc=0x000001a1548a5384 method=java.util.HashMap.putVal(ILjava/lang/Object;Ljava/lang/Object;ZZ)Ljava/lang/Object; @ 203 c2
Event: 3.257 Thread 0x000001a164ca0000 DEOPT PACKING pc=0x000001a1548a5384 sp=0x000000988f7fbdf0
Event: 3.257 Thread 0x000001a164ca0000 DEOPT UNPACKING pc=0x000001a14cd5a1af sp=0x000000988f7fbd80 mode 2
Event: 3.257 Thread 0x000001a164ca0000 Uncommon trap: trap_request=0xffffff4d fr.pc=0x000001a15482ef2c relative=0x00000000000001ec
Event: 3.257 Thread 0x000001a164ca0000 Uncommon trap: reason=unstable_if action=reinterpret pc=0x000001a15482ef2c method=java.util.HashMap.getNode(ILjava/lang/Object;)Ljava/util/HashMap$Node; @ 129 c2
Event: 3.257 Thread 0x000001a164ca0000 DEOPT PACKING pc=0x000001a15482ef2c sp=0x000000988f7fbde0
Event: 3.257 Thread 0x000001a164ca0000 DEOPT UNPACKING pc=0x000001a14cd5a1af sp=0x000000988f7fbd68 mode 2
Event: 3.263 Thread 0x000001a164ca0000 Uncommon trap: trap_request=0xffffff4d fr.pc=0x000001a154842544 relative=0x0000000000000ba4
Event: 3.263 Thread 0x000001a164ca0000 Uncommon trap: reason=unstable_if action=reinterpret pc=0x000001a154842544 method=java.util.Properties$LineReader.readLine()I @ 249 c2
Event: 3.263 Thread 0x000001a164ca0000 DEOPT PACKING pc=0x000001a154842544 sp=0x000000988f7fbde0
Event: 3.263 Thread 0x000001a164ca0000 DEOPT UNPACKING pc=0x000001a14cd5a1af sp=0x000000988f7fbd80 mode 2

Classes redefined (0 events):
No events

Internal exceptions (20 events):
Event: 2.731 Thread 0x000001a164fd7000 Exception <a 'java/lang/NoSuchMethodError'{0x0000000085b74880}: <clinit>> (0x0000000085b74880) thrown at [./src/hotspot/share/prims/jni.cpp, line 1366]
Event: 2.739 Thread 0x000001a164fd7000 Exception <a 'java/lang/NoSuchMethodError'{0x0000000085bb05f8}: <clinit>> (0x0000000085bb05f8) thrown at [./src/hotspot/share/prims/jni.cpp, line 1366]
Event: 2.747 Thread 0x000001a164fd7000 Exception <a 'java/lang/NoSuchMethodError'{0x0000000085be3550}: <clinit>> (0x0000000085be3550) thrown at [./src/hotspot/share/prims/jni.cpp, line 1366]
Event: 2.820 Thread 0x000001a164ca0000 Exception <a 'java/lang/NoSuchMethodError'{0x00000000858e13a8}: 'void java.lang.invoke.DirectMethodHandle$Holder.invokeVirtual(java.lang.Object, java.lang.Object, java.lang.Object, java.lang.Object)'> (0x00000000858e13a8) thrown at [./src/hotspot/share/interpreter/linkResolver.cpp, line 773]
Event: 2.822 Thread 0x000001a164ca0000 Exception <a 'java/lang/NoSuchMethodError'{0x00000000858ede10}: 'void java.lang.invoke.DelegatingMethodHandle$Holder.reinvoke_L(java.lang.Object, java.lang.Object, java.lang.Object, java.lang.Object)'> (0x00000000858ede10) thrown at [./src/hotspot/share/interpreter/linkResolver.cpp, line 773]
Event: 2.826 Thread 0x000001a164ca0000 Exception <a 'java/lang/NoSuchMethodError'{0x000000008571ecc0}: 'long java.lang.invoke.DirectMethodHandle$Holder.invokeInterface(java.lang.Object, java.lang.Object)'> (0x000000008571ecc0) thrown at [./src/hotspot/share/interpreter/linkResolver.cpp, line 773]
Event: 2.829 Thread 0x000001a164ca0000 Exception <a 'java/lang/NoSuchMethodError'{0x0000000085741a68}: 'void java.lang.invoke.DelegatingMethodHandle$Holder.reinvoke_L(java.lang.Object, java.lang.Object, java.lang.Object, java.lang.Object, java.lang.Object, java.lang.Object, java.lang.Object)'> (0x0000000085741a68) thrown at [./src/hotspot/share/interpreter/linkResolver.cpp, line 773]
Event: 3.019 Thread 0x000001a164ca0000 Exception <a 'java/lang/NoSuchMethodError'{0x00000000876ba958}: 'java.lang.Object java.lang.invoke.DirectMethodHandle$Holder.invokeVirtual(java.lang.Object, java.lang.Object, java.lang.Object)'> (0x00000000876ba958) thrown at [./src/hotspot/share/interpreter/linkResolver.cpp, line 773]
Event: 3.055 Thread 0x000001a164ca0000 Exception <a 'java/lang/NoSuchMethodError'{0x0000000087260550}: 'void java.lang.invoke.DirectMethodHandle$Holder.invokeInterface(java.lang.Object, java.lang.Object)'> (0x0000000087260550) thrown at [./src/hotspot/share/interpreter/linkResolver.cpp, line 773]
Event: 3.055 Thread 0x000001a164ca0000 Exception <a 'java/lang/IncompatibleClassChangeError'{0x0000000087263700}: Found class java.lang.Object, but interface was expected> (0x0000000087263700) thrown at [./src/hotspot/share/interpreter/linkResolver.cpp, line 839]
Event: 3.069 Thread 0x000001a164ca0000 Exception <a 'java/lang/NoSuchMethodError'{0x00000000871d9f48}: 'void java.lang.invoke.DirectMethodHandle$Holder.invokeStaticInit(java.lang.Object)'> (0x00000000871d9f48) thrown at [./src/hotspot/share/interpreter/linkResolver.cpp, line 773]
Event: 3.116 Thread 0x000001a164ca0000 Exception <a 'java/lang/NoSuchMethodError'{0x0000000086e463e8}: 'java.lang.Object java.lang.invoke.DirectMethodHandle$Holder.invokeStatic(java.lang.Object, java.lang.Object, java.lang.Object, int)'> (0x0000000086e463e8) thrown at [./src/hotspot/share/interpreter/linkResolver.cpp, line 773]
Event: 3.117 Thread 0x000001a164ca0000 Exception <a 'java/lang/NoSuchMethodError'{0x0000000086e4a5b0}: 'java.lang.Object java.lang.invoke.DirectMethodHandle$Holder.invokeSpecial(java.lang.Object, java.lang.Object, java.lang.Object, java.lang.Object, int)'> (0x0000000086e4a5b0) thrown at [./src/hotspot/share/interpreter/linkResolver.cpp, line 773]
Event: 3.117 Thread 0x000001a164ca0000 Exception <a 'java/lang/NoSuchMethodError'{0x0000000086e4df98}: 'java.lang.Object java.lang.invoke.Invokers$Holder.linkToTargetMethod(java.lang.Object, java.lang.Object, int, java.lang.Object)'> (0x0000000086e4df98) thrown at [./src/hotspot/share/interpreter/linkResolver.cpp, line 773]
Event: 3.193 Thread 0x000001a164ca0000 Exception <a 'java/lang/NoSuchMethodError'{0x0000000089910a50}: 'int java.lang.invoke.DirectMethodHandle$Holder.invokeSpecialIFC(java.lang.Object, java.lang.Object, java.lang.Object, java.lang.Object)'> (0x0000000089910a50) thrown at [./src/hotspot/share/interpreter/linkResolver.cpp, line 773]
Event: 3.195 Thread 0x000001a164ca0000 Exception <a 'java/lang/NoSuchMethodError'{0x000000008991e770}: 'java.lang.Object java.lang.invoke.DirectMethodHandle$Holder.invokeInterface(java.lang.Object, java.lang.Object, java.lang.Object)'> (0x000000008991e770) thrown at [./src/hotspot/share/interpreter/linkResolver.cpp, line 773]
Event: 3.195 Thread 0x000001a164ca0000 Exception <a 'java/lang/IncompatibleClassChangeError'{0x0000000089921c48}: Found class java.lang.Object, but interface was expected> (0x0000000089921c48) thrown at [./src/hotspot/share/interpreter/linkResolver.cpp, line 839]
Event: 3.212 Thread 0x000001a164ca0000 Exception <a 'java/lang/NoSuchMethodError'{0x0000000089802778}: 'void java.lang.invoke.DirectMethodHandle$Holder.invokeStatic(java.lang.Object, java.lang.Object, java.lang.Object, java.lang.Object, java.lang.Object)'> (0x0000000089802778) thrown at [./src/hotspot/share/interpreter/linkResolver.cpp, line 773]
Event: 3.289 Thread 0x000001a164ca0000 Exception <a 'java/lang/NoSuchMethodError'{0x00000000894c0530}: 'void java.lang.invoke.DirectMethodHandle$Holder.invokeSpecial(java.lang.Object, java.lang.Object)'> (0x00000000894c0530) thrown at [./src/hotspot/share/interpreter/linkResolver.cpp, line 773]
Event: 3.324 Thread 0x000001a164ca0000 Exception <a 'java/lang/NoSuchMethodError'{0x00000000892f5540}: 'java.lang.Object java.lang.invoke.DirectMethodHandle$Holder.invokeSpecial(java.lang.Object, java.lang.Object, java.lang.Object, java.lang.Object, java.lang.Object, java.lang.Object, java.lang.Object, java.lang.Object, java.lang.Object)'> (0x00000000892f5540) thrown at [./src/hotspot/share/interpreter/linkResolver.cpp, line 773]

Events (20 events):
Event: 3.378 loading class org/gradle/api/publish/ivy/internal/publisher/IvyPublisher
Event: 3.378 loading class org/gradle/api/publish/ivy/internal/publisher/IvyPublisher done
Event: 3.378 loading class org/gradle/api/internal/component/DefaultComponentTypeRegistry
Event: 3.378 loading class org/gradle/api/internal/component/DefaultComponentTypeRegistry done
Event: 3.379 loading class org/gradle/api/internal/component/ComponentTypeRegistration
Event: 3.379 loading class org/gradle/api/internal/component/ComponentTypeRegistration done
Event: 3.379 loading class org/gradle/ivy/IvyModule
Event: 3.379 loading class org/gradle/ivy/IvyModule done
Event: 3.379 loading class org/gradle/api/component/Component
Event: 3.379 loading class org/gradle/api/component/Component done
Event: 3.379 loading class org/gradle/api/internal/component/DefaultComponentTypeRegistry$DefaultComponentTypeRegistration
Event: 3.379 loading class org/gradle/api/internal/component/DefaultComponentTypeRegistry$DefaultComponentTypeRegistration done
Event: 3.380 loading class org/gradle/ivy/IvyDescriptorArtifact
Event: 3.380 loading class org/gradle/ivy/IvyDescriptorArtifact done
Event: 3.380 loading class org/gradle/api/component/Artifact
Event: 3.380 loading class org/gradle/api/component/Artifact done
Event: 3.380 loading class org/gradle/api/internal/component/ArtifactType
Event: 3.380 loading class org/gradle/api/internal/component/ArtifactType done
Event: 3.380 loading class org/gradle/language/jvm/internal/JvmPluginServiceRegistry$ComponentRegistrationAction
Event: 3.380 loading class org/gradle/language/jvm/internal/JvmPluginServiceRegistry$ComponentRegistrationAction done


Dynamic libraries:
0x00007ff718780000 - 0x00007ff71878a000 	E:\Programs\Android Studio\jre\bin\java.exe
0x00007ffcbb670000 - 0x00007ffcbb868000 	C:\Windows\SYSTEM32\ntdll.dll
0x00007ffc8c960000 - 0x00007ffc8c977000 	C:\Program Files\Avast Software\Avast\aswhook.dll
0x00007ffcba470000 - 0x00007ffcba52f000 	C:\Windows\System32\KERNEL32.DLL
0x00007ffcb8f80000 - 0x00007ffcb9252000 	C:\Windows\System32\KERNELBASE.dll
0x00007ffcb8e80000 - 0x00007ffcb8f80000 	C:\Windows\System32\ucrtbase.dll
0x00007ffca3080000 - 0x00007ffca3099000 	E:\Programs\Android Studio\jre\bin\jli.dll
0x00007ffcafdd0000 - 0x00007ffcafde7000 	E:\Programs\Android Studio\jre\bin\VCRUNTIME140.dll
0x00007ffcbadf0000 - 0x00007ffcbaf8d000 	C:\Windows\System32\USER32.dll
0x00007ffcb9550000 - 0x00007ffcb9572000 	C:\Windows\System32\win32u.dll
0x00007ffcbb2b0000 - 0x00007ffcbb2db000 	C:\Windows\System32\GDI32.dll
0x00007ffca52d0000 - 0x00007ffca556a000 	C:\Windows\WinSxS\amd64_microsoft.windows.common-controls_6595b64144ccf1df_6.0.19041.1110_none_60b5254171f9507e\COMCTL32.dll
0x00007ffcbb210000 - 0x00007ffcbb2ae000 	C:\Windows\System32\msvcrt.dll
0x00007ffcb8d70000 - 0x00007ffcb8e7f000 	C:\Windows\System32\gdi32full.dll
0x00007ffcb9480000 - 0x00007ffcb951d000 	C:\Windows\System32\msvcp_win.dll
0x00007ffcbaad0000 - 0x00007ffcbab02000 	C:\Windows\System32\IMM32.DLL
0x00007ffc99740000 - 0x00007ffc997dd000 	E:\Programs\Android Studio\jre\bin\msvcp140.dll
0x00007ffc670c0000 - 0x00007ffc67bc2000 	E:\Programs\Android Studio\jre\bin\server\jvm.dll
0x00007ffcbb420000 - 0x00007ffcbb4ce000 	C:\Windows\System32\ADVAPI32.dll
0x00007ffcbad50000 - 0x00007ffcbadec000 	C:\Windows\System32\sechost.dll
0x00007ffcba9a0000 - 0x00007ffcbaac5000 	C:\Windows\System32\RPCRT4.dll
0x00007ffcbb2e0000 - 0x00007ffcbb2e8000 	C:\Windows\System32\PSAPI.DLL
0x00007ffca3a70000 - 0x00007ffca3a79000 	C:\Windows\SYSTEM32\WSOCK32.dll
0x00007ffcbb1a0000 - 0x00007ffcbb20b000 	C:\Windows\System32\WS2_32.dll
0x00007ffcb6d10000 - 0x00007ffcb6d1a000 	C:\Windows\SYSTEM32\VERSION.dll
0x00007ffca5580000 - 0x00007ffca55a7000 	C:\Windows\SYSTEM32\WINMM.dll
0x00007ffcb75c0000 - 0x00007ffcb75d2000 	C:\Windows\SYSTEM32\kernel.appcore.dll
0x00007ffcb4020000 - 0x00007ffcb4031000 	E:\Programs\Android Studio\jre\bin\verify.dll
0x00007ffca9360000 - 0x00007ffca9544000 	C:\Windows\SYSTEM32\DBGHELP.DLL
0x00007ffca91e0000 - 0x00007ffca920c000 	C:\Windows\SYSTEM32\dbgcore.DLL
0x00007ffcb9580000 - 0x00007ffcb9602000 	C:\Windows\System32\bcryptPrimitives.dll
0x00007ffcb2a40000 - 0x00007ffcb2a69000 	E:\Programs\Android Studio\jre\bin\java.dll
0x00007ffcb4840000 - 0x00007ffcb484b000 	E:\Programs\Android Studio\jre\bin\jimage.dll
0x00007ffca2ff0000 - 0x00007ffca3008000 	E:\Programs\Android Studio\jre\bin\zip.dll
0x00007ffcb9870000 - 0x00007ffcb9fb3000 	C:\Windows\System32\SHELL32.dll
0x00007ffcb6e10000 - 0x00007ffcb75a2000 	C:\Windows\SYSTEM32\windows.storage.dll
0x00007ffcba110000 - 0x00007ffcba464000 	C:\Windows\System32\combase.dll
0x00007ffcb87d0000 - 0x00007ffcb8800000 	C:\Windows\SYSTEM32\Wldp.dll
0x00007ffcbab10000 - 0x00007ffcbabbd000 	C:\Windows\System32\SHCORE.dll
0x00007ffcbacf0000 - 0x00007ffcbad45000 	C:\Windows\System32\shlwapi.dll
0x00007ffcb8cb0000 - 0x00007ffcb8ccf000 	C:\Windows\SYSTEM32\profapi.dll
0x00007ffca1b40000 - 0x00007ffca1b5a000 	E:\Programs\Android Studio\jre\bin\net.dll
0x00007ffca7980000 - 0x00007ffca7a8c000 	C:\Windows\SYSTEM32\WINHTTP.dll
0x00007ffcb8530000 - 0x00007ffcb859a000 	C:\Windows\system32\mswsock.dll
0x00007ffca03f0000 - 0x00007ffca0404000 	E:\Programs\Android Studio\jre\bin\nio.dll
0x00007ffca0370000 - 0x00007ffca0397000 	C:\Users\a0587\.gradle\native\8bec1ad78214c89d9ad589b4d07fe93259594b29d510b10fafb7a158f7737e5d\windows-amd64\native-platform.dll
0x00007ffc6e1b0000 - 0x00007ffc6e2ed000 	C:\Users\a0587\.gradle\native\53dbd7edfb1c66fb8903c78663c9afc45aea4f116125fa6feffd364cf09443e8\windows-amd64\native-platform-file-events.dll
0x00007ffcb4830000 - 0x00007ffcb483a000 	E:\Programs\Android Studio\jre\bin\management.dll
0x00007ffcb3020000 - 0x00007ffcb302d000 	E:\Programs\Android Studio\jre\bin\management_ext.dll
0x00007ffcb8720000 - 0x00007ffcb8738000 	C:\Windows\SYSTEM32\CRYPTSP.dll
0x00007ffcb7de0000 - 0x00007ffcb7e14000 	C:\Windows\system32\rsaenh.dll
0x00007ffcb9520000 - 0x00007ffcb9547000 	C:\Windows\System32\bcrypt.dll
0x00007ffcb8c70000 - 0x00007ffcb8c9e000 	C:\Windows\SYSTEM32\USERENV.dll
0x00007ffcb8740000 - 0x00007ffcb874c000 	C:\Windows\SYSTEM32\CRYPTBASE.dll
0x00007ffcb81d0000 - 0x00007ffcb820b000 	C:\Windows\SYSTEM32\IPHLPAPI.DLL
0x00007ffcbb190000 - 0x00007ffcbb198000 	C:\Windows\System32\NSI.dll
0x00007ffcae0e0000 - 0x00007ffcae0f7000 	C:\Windows\SYSTEM32\dhcpcsvc6.DLL
0x00007ffcae980000 - 0x00007ffcae99d000 	C:\Windows\SYSTEM32\dhcpcsvc.DLL
0x00007ffcb8220000 - 0x00007ffcb82ea000 	C:\Windows\SYSTEM32\DNSAPI.dll

dbghelp: loaded successfully - version: 4.0.5 - missing functions: none
symbol engine: initialized successfully - sym options: 0x614 - pdb path: .;E:\Programs\Android Studio\jre\bin;C:\Windows\SYSTEM32;C:\Program Files\Avast Software\Avast;C:\Windows\WinSxS\amd64_microsoft.windows.common-controls_6595b64144ccf1df_6.0.19041.1110_none_60b5254171f9507e;E:\Programs\Android Studio\jre\bin\server;C:\Users\a0587\.gradle\native\8bec1ad78214c89d9ad589b4d07fe93259594b29d510b10fafb7a158f7737e5d\windows-amd64;C:\Users\a0587\.gradle\native\53dbd7edfb1c66fb8903c78663c9afc45aea4f116125fa6feffd364cf09443e8\windows-amd64

VM Arguments:
jvm_args: --add-opens=java.base/java.util=ALL-UNNAMED --add-opens=java.base/java.lang=ALL-UNNAMED --add-opens=java.base/java.lang.invoke=ALL-UNNAMED --add-opens=java.base/java.util=ALL-UNNAMED --add-opens=java.prefs/java.util.prefs=ALL-UNNAMED --add-opens=java.prefs/java.util.prefs=ALL-UNNAMED --add-opens=java.base/java.nio.charset=ALL-UNNAMED --add-opens=java.base/java.net=ALL-UNNAMED --add-opens=java.base/java.util.concurrent.atomic=ALL-UNNAMED -Xmx2048m -Dfile.encoding=UTF-8 -Duser.country=TW -Duser.language=zh -Duser.variant 
java_command: org.gradle.launcher.daemon.bootstrap.GradleDaemon 7.0.2
java_class_path (initial): C:\Users\a0587\.gradle\wrapper\dists\gradle-7.0.2-bin\857tjihv64xamwrf0h14cai3r\gradle-7.0.2\lib\gradle-launcher-7.0.2.jar
Launcher Type: SUN_STANDARD

[Global flags]
     intx CICompilerCount                          = 3                                         {product} {ergonomic}
     uint ConcGCThreads                            = 1                                         {product} {ergonomic}
     uint G1ConcRefinementThreads                  = 4                                         {product} {ergonomic}
   size_t G1HeapRegionSize                         = 1048576                                   {product} {ergonomic}
    uintx GCDrainStackTargetSize                   = 64                                        {product} {ergonomic}
   size_t InitialHeapSize                          = 134217728                                 {product} {ergonomic}
   size_t MarkStackSize                            = 4194304                                   {product} {ergonomic}
   size_t MaxHeapSize                              = 2147483648                                {product} {command line}
   size_t MaxNewSize                               = 1287651328                                {product} {ergonomic}
   size_t MinHeapDeltaBytes                        = 1048576                                   {product} {ergonomic}
    uintx NonNMethodCodeHeapSize                   = 5830732                                {pd product} {ergonomic}
    uintx NonProfiledCodeHeapSize                  = 122913754                              {pd product} {ergonomic}
    uintx ProfiledCodeHeapSize                     = 122913754                              {pd product} {ergonomic}
    uintx ReservedCodeCacheSize                    = 251658240                              {pd product} {ergonomic}
     bool SegmentedCodeCache                       = true                                      {product} {ergonomic}
     bool UseCompressedClassPointers               = true                                 {lp64_product} {ergonomic}
     bool UseCompressedOops                        = true                                 {lp64_product} {ergonomic}
     bool UseG1GC                                  = true                                      {product} {ergonomic}
     bool UseLargePagesIndividualAllocation        = false                                  {pd product} {ergonomic}

Logging:
Log output configuration:
 #0: stdout all=warning uptime,level,tags
 #1: stderr all=off uptime,level,tags

Environment Variables:
PATH=C:\Windows\system32;C:\Windows;C:\Windows\System32\Wbem;C:\Windows\System32\WindowsPowerShell\v1.0\;C:\Windows\System32\OpenSSH\;C:\Program Files\PuTTY\;E:\Programs\Anaconda;E:\Programs\Anaconda\Library\mingw-w64\bin;E:\Programs\Anaconda\Library\usr\bin;E:\Programs\Anaconda\Library\bin;E:\Programs\Anaconda\Scripts;C:\Users\a0587\AppData\Local\Microsoft\WindowsApps;E:\Programs\Microsoft VS Code\bin
USERNAME=Billy
OS=Windows_NT
PROCESSOR_IDENTIFIER=Intel64 Family 6 Model 142 Stepping 9, GenuineIntel



---------------  S Y S T E M  ---------------

OS: Windows 10 , 64 bit Build 19041 (10.0.19041.2251)
OS uptime: 4 days 23:12 hours

CPU:total 4 (initial active 4) (2 cores per cpu, 2 threads per core) family 6 model 142 stepping 9 microcode 0xb4, cmov, cx8, fxsr, mmx, sse, sse2, sse3, ssse3, sse4.1, sse4.2, popcnt, avx, avx2, aes, clmul, erms, 3dnowpref, lzcnt, ht, tsc, tscinvbit, bmi1, bmi2, adx, fma

Memory: 4k page, system-wide physical 8073M (436M free)
TotalPageFile size 8073M (AvailPageFile size 5M)
current process WorkingSet (physical memory assigned to process): 197M, peak: 197M
current process commit charge ("private bytes"): 297M, peak: 298M

vm_info: OpenJDK 64-Bit Server VM (11.0.13+0-b1751.21-8125866) for windows-amd64 JRE (11.0.13+0-b1751.21-8125866), built on Feb  2 2022 03:00:22 by "builder" with MS VC++ 14.0 (VS2015)

END.
