#
# There is insufficient memory for the Java Runtime Environment to continue.
# Native memory allocation (malloc) failed to allocate 2025296 bytes for Chunk::new
# Possible reasons:
#   The system is out of physical RAM or swap space
#   The process is running with CompressedOops enabled, and the Java Heap may be blocking the growth of the native heap
# Possible solutions:
#   Reduce memory load on the system
#   Increase physical memory or swap space
#   Check if swap backing store is full
#   Decrease Java heap size (-Xmx/-Xms)
#   Decrease number of Java threads
#   Decrease Java thread stack sizes (-Xss)
#   Set larger code cache with -XX:ReservedCodeCacheSize=
#   JVM is running with Unscaled Compressed Oops mode in which the Java heap is
#     placed in the first 4GB address space. The Java Heap base address is the
#     maximum limit for the native heap growth. Please use -XX:HeapBaseMinAddress
#     to set the Java Heap base and to place the Java Heap above 4GB virtual address.
# This output file may be truncated or incomplete.
#
#  Out of Memory Error (./src/hotspot/share/memory/arena.cpp:197), pid=2848, tid=15872
#
# JRE version: OpenJDK Runtime Environment (11.0.10) (build 11.0.10+0-b96-7249189)
# Java VM: OpenJDK 64-Bit Server VM (11.0.10+0-b96-7249189, mixed mode, tiered, compressed oops, g1 gc, windows-amd64)
# No core dump will be written. Minidumps are not enabled by default on client versions of Windows
#

---------------  S U M M A R Y ------------

Command Line: --add-opens=java.base/java.util=ALL-UNNAMED --add-opens=java.base/java.lang=ALL-UNNAMED --add-opens=java.base/java.lang.invoke=ALL-UNNAMED --add-opens=java.base/java.util=ALL-UNNAMED --add-opens=java.prefs/java.util.prefs=ALL-UNNAMED --add-opens=java.prefs/java.util.prefs=ALL-UNNAMED --add-opens=java.base/java.nio.charset=ALL-UNNAMED --add-opens=java.base/java.net=ALL-UNNAMED --add-opens=java.base/java.util.concurrent.atomic=ALL-UNNAMED -Xmx2048m -Dfile.encoding=UTF-8 -Duser.country=TW -Duser.language=zh -Duser.variant org.gradle.launcher.daemon.bootstrap.GradleDaemon 7.0.2

Host: Intel(R) Core(TM) i5-7200U CPU @ 2.50GHz, 4 cores, 7G,  Windows 10 , 64 bit Build 19041 (10.0.19041.1348)
Time: Mon Jan 10 22:45:27 2022 台北標準時間 elapsed time: 2140.162182 seconds (0d 0h 35m 40s)

---------------  T H R E A D  ---------------

Current thread (0x0000022cd34a9800):  JavaThread "C2 CompilerThread1" daemon [_thread_in_native, id=15872, stack(0x0000009f8fb00000,0x0000009f8fc00000)]


Current CompileTask:
C2:2140162 27586       4       org.gradle.api.internal.artifacts.transform.AbstractTransformedArtifactSet::visit (97 bytes)

Stack: [0x0000009f8fb00000,0x0000009f8fc00000]
Native frames: (J=compiled Java code, j=interpreted, Vv=VM code, C=native code)
V  [jvm.dll+0x5ecfaa]
V  [jvm.dll+0x722bd5]
V  [jvm.dll+0x72412d]
V  [jvm.dll+0x7247e3]
V  [jvm.dll+0x242928]
V  [jvm.dll+0xbc4fc]
V  [jvm.dll+0xbca0c]
V  [jvm.dll+0x352d7d]
V  [jvm.dll+0x320ad3]
V  [jvm.dll+0x31ffca]
V  [jvm.dll+0x1fb602]
V  [jvm.dll+0x1fa7f4]
V  [jvm.dll+0x18354c]
V  [jvm.dll+0x208ee7]
V  [jvm.dll+0x207731]
V  [jvm.dll+0x6eb1cf]
V  [jvm.dll+0x6e3d45]
V  [jvm.dll+0x5ebe96]
C  [ucrtbase.dll+0x21bb2]
C  [KERNEL32.DLL+0x17034]
C  [ntdll.dll+0x52651]


---------------  P R O C E S S  ---------------

Threads class SMR info:
_java_thread_list=0x0000022cdd08ef00, length=56, elements={
0x0000022cb6b1d000, 0x0000022cd06ee800, 0x0000022cd06f2000, 0x0000022cd071f800,
0x0000022cd0721000, 0x0000022cd0722800, 0x0000022cd0728800, 0x0000022cd072a000,
0x0000022cd0731800, 0x0000022cd10d9800, 0x0000022cd264f800, 0x0000022cd11f0000,
0x0000022cd36a7000, 0x0000022cd3316000, 0x0000022cd3317800, 0x0000022cd3318800,
0x0000022cd331b000, 0x0000022cd3315000, 0x0000022cd3317000, 0x0000022cd331a000,
0x0000022cd6023800, 0x0000022cd6024800, 0x0000022cd6021000, 0x0000022cd6020800,
0x0000022cd602d800, 0x0000022cd54d6800, 0x0000022cd54d9800, 0x0000022cd349e000,
0x0000022cd34a1000, 0x0000022cd349f800, 0x0000022cd349b800, 0x0000022cd34a2000,
0x0000022cd349d000, 0x0000022cd349c800, 0x0000022cd34a7000, 0x0000022cd34a4800,
0x0000022cd34a6000, 0x0000022cd34a7800, 0x0000022cd34a3000, 0x0000022cd34a8800,
0x0000022cd34a9800, 0x0000022cd34a3800, 0x0000022cd34aa000, 0x0000022cd54d0800,
0x0000022cd54d1800, 0x0000022cd54ce000, 0x0000022cd54cf000, 0x0000022cd54d0000,
0x0000022cd54d2800, 0x0000022cd54cc800, 0x0000022cd54d3000, 0x0000022cd54cd800,
0x0000022cd54d9000, 0x0000022cd54d4000, 0x0000022cd54d7000, 0x0000022cd54d5800
}

Java Threads: ( => current thread )
  0x0000022cb6b1d000 JavaThread "main" [_thread_blocked, id=13016, stack(0x0000009f8d100000,0x0000009f8d200000)]
  0x0000022cd06ee800 JavaThread "Reference Handler" daemon [_thread_blocked, id=2744, stack(0x0000009f8d800000,0x0000009f8d900000)]
  0x0000022cd06f2000 JavaThread "Finalizer" daemon [_thread_blocked, id=10524, stack(0x0000009f8d900000,0x0000009f8da00000)]
  0x0000022cd071f800 JavaThread "Signal Dispatcher" daemon [_thread_blocked, id=14884, stack(0x0000009f8da00000,0x0000009f8db00000)]
  0x0000022cd0721000 JavaThread "Attach Listener" daemon [_thread_blocked, id=9140, stack(0x0000009f8db00000,0x0000009f8dc00000)]
  0x0000022cd0722800 JavaThread "Service Thread" daemon [_thread_blocked, id=15148, stack(0x0000009f8dc00000,0x0000009f8dd00000)]
  0x0000022cd0728800 JavaThread "C2 CompilerThread0" daemon [_thread_in_native, id=16268, stack(0x0000009f8dd00000,0x0000009f8de00000)]
  0x0000022cd072a000 JavaThread "C1 CompilerThread0" daemon [_thread_blocked, id=5564, stack(0x0000009f8de00000,0x0000009f8df00000)]
  0x0000022cd0731800 JavaThread "Sweeper thread" daemon [_thread_blocked, id=14900, stack(0x0000009f8df00000,0x0000009f8e000000)]
  0x0000022cd10d9800 JavaThread "Common-Cleaner" daemon [_thread_blocked, id=2768, stack(0x0000009f8e000000,0x0000009f8e100000)]
  0x0000022cd264f800 JavaThread "Daemon health stats" [_thread_blocked, id=9508, stack(0x0000009f8e500000,0x0000009f8e600000)]
  0x0000022cd11f0000 JavaThread "Incoming local TCP Connector on port 58053" [_thread_in_native, id=8004, stack(0x0000009f8e200000,0x0000009f8e300000)]
  0x0000022cd36a7000 JavaThread "Daemon periodic checks" [_thread_blocked, id=12368, stack(0x0000009f8e600000,0x0000009f8e700000)]
  0x0000022cd3316000 JavaThread "Cache worker for file hash cache (C:\Users\Billy\.gradle\caches\7.0.2\fileHashes)" [_thread_blocked, id=15544, stack(0x0000009f8ef00000,0x0000009f8f000000)]
  0x0000022cd3317800 JavaThread "File lock request listener" [_thread_in_native, id=13652, stack(0x0000009f8f000000,0x0000009f8f100000)]
  0x0000022cd3318800 JavaThread "Cache worker for journal cache (C:\Users\Billy\.gradle\caches\journal-1)" [_thread_blocked, id=7460, stack(0x0000009f8f100000,0x0000009f8f200000)]
  0x0000022cd331b000 JavaThread "File watcher server" daemon [_thread_in_native, id=4352, stack(0x0000009f8f400000,0x0000009f8f500000)]
  0x0000022cd3315000 JavaThread "File watcher consumer" daemon [_thread_blocked, id=6248, stack(0x0000009f8f500000,0x0000009f8f600000)]
  0x0000022cd3317000 JavaThread "jar transforms" [_thread_blocked, id=2368, stack(0x0000009f8f600000,0x0000009f8f700000)]
  0x0000022cd331a000 JavaThread "jar transforms Thread 2" [_thread_blocked, id=10124, stack(0x0000009f8f700000,0x0000009f8f800000)]
  0x0000022cd6023800 JavaThread "jar transforms Thread 3" [_thread_blocked, id=6228, stack(0x0000009f8f800000,0x0000009f8f900000)]
  0x0000022cd6024800 JavaThread "jar transforms Thread 4" [_thread_blocked, id=9804, stack(0x0000009f8f900000,0x0000009f8fa00000)]
  0x0000022cd6021000 JavaThread "Cache worker for execution history cache (C:\Users\Billy\.gradle\caches\7.0.2\executionHistory)" [_thread_blocked, id=14784, stack(0x0000009f8fd00000,0x0000009f8fe00000)]
  0x0000022cd6020800 JavaThread "Cache worker for file content cache (C:\Users\Billy\.gradle\caches\7.0.2\fileContent)" [_thread_blocked, id=16092, stack(0x0000009f8fe00000,0x0000009f8ff00000)]
  0x0000022cd602d800 JavaThread "Memory manager" [_thread_blocked, id=9516, stack(0x0000009f90500000,0x0000009f90600000)]
  0x0000022cd54d6800 JavaThread "Cache worker for Java compile cache (C:\Users\Billy\.gradle\caches\7.0.2\javaCompile)" [_thread_blocked, id=14960, stack(0x0000009f90c00000,0x0000009f90d00000)]
  0x0000022cd54d9800 JavaThread "ForkJoinPool.commonPool-worker-5" daemon [_thread_blocked, id=10120, stack(0x0000009f91300000,0x0000009f91400000)]
  0x0000022cd349e000 JavaThread "Daemon Thread 4" [_thread_blocked, id=12340, stack(0x0000009f8ce00000,0x0000009f8cf00000)]
  0x0000022cd34a1000 JavaThread "Handler for socket connection from /127.0.0.1:58053 to /127.0.0.1:58543" [_thread_in_native, id=9052, stack(0x0000009f8cf00000,0x0000009f8d000000)]
  0x0000022cd349f800 JavaThread "Cancel handler" [_thread_blocked, id=13900, stack(0x0000009f8d000000,0x0000009f8d100000)]
  0x0000022cd349b800 JavaThread "Daemon worker Thread 4" [_thread_blocked, id=9404, stack(0x0000009f8e700000,0x0000009f8e800000)]
  0x0000022cd34a2000 JavaThread "Asynchronous log dispatcher for DefaultDaemonConnection: socket connection from /127.0.0.1:58053 to /127.0.0.1:58543" [_thread_blocked, id=1624, stack(0x0000009f8e800000,0x0000009f8e900000)]
  0x0000022cd349d000 JavaThread "Stdin handler" [_thread_blocked, id=7032, stack(0x0000009f8e900000,0x0000009f8ea00000)]
  0x0000022cd349c800 JavaThread "Daemon client event forwarder" [_thread_blocked, id=2316, stack(0x0000009f8ea00000,0x0000009f8eb00000)]
  0x0000022cd34a7000 JavaThread "Cache worker for file hash cache (C:\Users\Billy\Test1\.gradle\7.0.2\fileHashes)" [_thread_blocked, id=10348, stack(0x0000009f8eb00000,0x0000009f8ec00000)]
  0x0000022cd34a4800 JavaThread "Cache worker for checksums cache (C:\Users\Billy\Test1\.gradle\checksums)" [_thread_blocked, id=10104, stack(0x0000009f8ec00000,0x0000009f8ed00000)]
  0x0000022cd34a6000 JavaThread "Cache worker for cache directory md-supplier (C:\Users\Billy\.gradle\caches\7.0.2\md-supplier)" [_thread_blocked, id=13380, stack(0x0000009f8ed00000,0x0000009f8ee00000)]
  0x0000022cd34a7800 JavaThread "Cache worker for cache directory md-rule (C:\Users\Billy\.gradle\caches\7.0.2\md-rule)" [_thread_blocked, id=2200, stack(0x0000009f8f200000,0x0000009f8f300000)]
  0x0000022cd34a3000 JavaThread "Cache worker for dependencies-accessors (C:\Users\Billy\Test1\.gradle\7.0.2\dependencies-accessors)" [_thread_blocked, id=11468, stack(0x0000009f8f300000,0x0000009f8f400000)]
  0x0000022cd34a8800 JavaThread "Cache worker for Build Output Cleanup Cache (C:\Users\Billy\Test1\.gradle\buildOutputCleanup)" [_thread_blocked, id=5556, stack(0x0000009f8fa00000,0x0000009f8fb00000)]
=>0x0000022cd34a9800 JavaThread "C2 CompilerThread1" daemon [_thread_in_native, id=15872, stack(0x0000009f8fb00000,0x0000009f8fc00000)]
  0x0000022cd34a3800 JavaThread "Build operations" [_thread_blocked, id=14956, stack(0x0000009f8fc00000,0x0000009f8fd00000)]
  0x0000022cd34aa000 JavaThread "Build operations Thread 2" [_thread_blocked, id=2616, stack(0x0000009f8ff00000,0x0000009f90000000)]
  0x0000022cd54d0800 JavaThread "Build operations Thread 3" [_thread_blocked, id=8644, stack(0x0000009f90000000,0x0000009f90100000)]
  0x0000022cd54d1800 JavaThread "Build operations Thread 4" [_thread_blocked, id=6744, stack(0x0000009f90100000,0x0000009f90200000)]
  0x0000022cd54ce000 JavaThread "build event listener" [_thread_blocked, id=9696, stack(0x0000009f90200000,0x0000009f90300000)]
  0x0000022cd54cf000 JavaThread "Execution worker for ':'" [_thread_blocked, id=12324, stack(0x0000009f90300000,0x0000009f90400000)]
  0x0000022cd54d0000 JavaThread "Execution worker for ':' Thread 2" [_thread_blocked, id=14604, stack(0x0000009f90400000,0x0000009f90500000)]
  0x0000022cd54d2800 JavaThread "Execution worker for ':' Thread 3" [_thread_in_Java, id=10972, stack(0x0000009f90600000,0x0000009f90700000)]
  0x0000022cd54cc800 JavaThread "Cache worker for execution history cache (C:\Users\Billy\Test1\.gradle\7.0.2\executionHistory)" [_thread_blocked, id=2872, stack(0x0000009f90700000,0x0000009f90800000)]
  0x0000022cd54d3000 JavaThread "Cache worker for Java compile cache (C:\Users\Billy\Test1\.gradle\7.0.2\javaCompile)" [_thread_blocked, id=11532, stack(0x0000009f90800000,0x0000009f90900000)]
  0x0000022cd54cd800 JavaThread "WorkerExecutor Queue" [_thread_in_native, id=11612, stack(0x0000009f90900000,0x0000009f90a00000)]
  0x0000022cd54d9000 JavaThread "WorkerExecutor Queue Thread 2" [_thread_blocked, id=9012, stack(0x0000009f90a00000,0x0000009f90b00000)]
  0x0000022cd54d4000 JavaThread "WorkerExecutor Queue Thread 3" [_thread_blocked, id=5112, stack(0x0000009f90b00000,0x0000009f90c00000)]
  0x0000022cd54d7000 JavaThread "WorkerExecutor Queue Thread 4" [_thread_blocked, id=8256, stack(0x0000009f90d00000,0x0000009f90e00000)]
  0x0000022cd54d5800 JavaThread "WorkerExecutor Queue Thread 5" [_thread_blocked, id=15636, stack(0x0000009f90e00000,0x0000009f90f00000)]

Other Threads:
  0x0000022cd06e7800 VMThread "VM Thread" [stack: 0x0000009f8d700000,0x0000009f8d800000] [id=3196]
  0x0000022cd10fd000 WatcherThread [stack: 0x0000009f8e100000,0x0000009f8e200000] [id=8308]
  0x0000022cb6b36000 GCTaskThread "GC Thread#0" [stack: 0x0000009f8d200000,0x0000009f8d300000] [id=10264]
  0x0000022cd1737000 GCTaskThread "GC Thread#1" [stack: 0x0000009f8e300000,0x0000009f8e400000] [id=5356]
  0x0000022cd1b3e800 GCTaskThread "GC Thread#2" [stack: 0x0000009f8e400000,0x0000009f8e500000] [id=1640]
  0x0000022cd36e4000 GCTaskThread "GC Thread#3" [stack: 0x0000009f8ee00000,0x0000009f8ef00000] [id=12960]
  0x0000022cb6b67800 ConcurrentGCThread "G1 Main Marker" [stack: 0x0000009f8d300000,0x0000009f8d400000] [id=9924]
  0x0000022cb6b69000 ConcurrentGCThread "G1 Conc#0" [stack: 0x0000009f8d400000,0x0000009f8d500000] [id=16172]
  0x0000022cb6bf5000 ConcurrentGCThread "G1 Refine#0" [stack: 0x0000009f8d500000,0x0000009f8d600000] [id=13416]
  0x0000022cb6bf6800 ConcurrentGCThread "G1 Young RemSet Sampling" [stack: 0x0000009f8d600000,0x0000009f8d700000] [id=11368]

Threads with active compile tasks:
C2 CompilerThread02140216 27588       4       org.gradle.api.internal.artifacts.transform.TransformingAsyncArtifactListener$TransformedArtifact::lambda$visit$1 (61 bytes)
C2 CompilerThread12140216 27586       4       org.gradle.api.internal.artifacts.transform.AbstractTransformedArtifactSet::visit (97 bytes)

VM state:not at safepoint (normal execution)

VM Mutex/Monitor currently owned by a thread: None

Heap address: 0x0000000080000000, size: 2048 MB, Compressed Oops mode: 32-bit
Narrow klass base: 0x0000000000000000, Narrow klass shift: 3
Compressed class space size: 1073741824 Address: 0x0000000100000000

Heap:
 garbage-first heap   total 369664K, used 292483K [0x0000000080000000, 0x0000000100000000)
  region size 1024K, 84 young (86016K), 5 survivors (5120K)
 Metaspace       used 150495K, capacity 154889K, committed 155052K, reserved 1183744K
  class space    used 18580K, capacity 20170K, committed 20224K, reserved 1048576K
Heap Regions: E=young(eden), S=young(survivor), O=old, HS=humongous(starts), HC=humongous(continues), CS=collection set, F=free, A=archive, TAMS=top-at-mark-start (previous, next)
|   0|0x0000000080000000, 0x0000000080100000, 0x0000000080100000|100%| O|  |TAMS 0x0000000080100000, 0x0000000080000000| Untracked 
|   1|0x0000000080100000, 0x0000000080200000, 0x0000000080200000|100%| O|  |TAMS 0x0000000080200000, 0x0000000080100000| Untracked 
|   2|0x0000000080200000, 0x0000000080300000, 0x0000000080300000|100%| O|  |TAMS 0x0000000080300000, 0x0000000080200000| Untracked 
|   3|0x0000000080300000, 0x0000000080400000, 0x0000000080400000|100%|HS|  |TAMS 0x0000000080400000, 0x0000000080300000| Complete 
|   4|0x0000000080400000, 0x0000000080500000, 0x0000000080500000|100%|HC|  |TAMS 0x0000000080500000, 0x0000000080400000| Complete 
|   5|0x0000000080500000, 0x0000000080600000, 0x0000000080600000|100%|HC|  |TAMS 0x0000000080600000, 0x0000000080500000| Complete 
|   6|0x0000000080600000, 0x0000000080700000, 0x0000000080700000|100%| O|  |TAMS 0x0000000080700000, 0x0000000080600000| Untracked 
|   7|0x0000000080700000, 0x0000000080800000, 0x0000000080800000|100%| O|  |TAMS 0x0000000080800000, 0x0000000080700000| Untracked 
|   8|0x0000000080800000, 0x0000000080900000, 0x0000000080900000|100%| O|  |TAMS 0x0000000080900000, 0x0000000080800000| Untracked 
|   9|0x0000000080900000, 0x0000000080a00000, 0x0000000080a00000|100%| O|  |TAMS 0x0000000080a00000, 0x0000000080900000| Untracked 
|  10|0x0000000080a00000, 0x0000000080b00000, 0x0000000080b00000|100%| O|  |TAMS 0x0000000080b00000, 0x0000000080a00000| Untracked 
|  11|0x0000000080b00000, 0x0000000080c00000, 0x0000000080c00000|100%| O|  |TAMS 0x0000000080c00000, 0x0000000080b00000| Untracked 
|  12|0x0000000080c00000, 0x0000000080d00000, 0x0000000080d00000|100%| O|  |TAMS 0x0000000080d00000, 0x0000000080c00000| Untracked 
|  13|0x0000000080d00000, 0x0000000080e00000, 0x0000000080e00000|100%| O|  |TAMS 0x0000000080e00000, 0x0000000080d00000| Untracked 
|  14|0x0000000080e00000, 0x0000000080f00000, 0x0000000080f00000|100%| O|  |TAMS 0x0000000080f00000, 0x0000000080e00000| Untracked 
|  15|0x0000000080f00000, 0x0000000081000000, 0x0000000081000000|100%| O|  |TAMS 0x0000000081000000, 0x0000000080f00000| Untracked 
|  16|0x0000000081000000, 0x0000000081100000, 0x0000000081100000|100%| O|  |TAMS 0x0000000081100000, 0x0000000081000000| Untracked 
|  17|0x0000000081100000, 0x0000000081200000, 0x0000000081200000|100%|HS|  |TAMS 0x0000000081200000, 0x0000000081100000| Complete 
|  18|0x0000000081200000, 0x0000000081300000, 0x0000000081300000|100%|HC|  |TAMS 0x0000000081300000, 0x0000000081200000| Complete 
|  19|0x0000000081300000, 0x0000000081400000, 0x0000000081400000|100%|HS|  |TAMS 0x0000000081400000, 0x0000000081300000| Complete 
|  20|0x0000000081400000, 0x0000000081500000, 0x0000000081500000|100%|HC|  |TAMS 0x0000000081500000, 0x0000000081400000| Complete 
|  21|0x0000000081500000, 0x0000000081600000, 0x0000000081600000|100%|HC|  |TAMS 0x0000000081600000, 0x0000000081500000| Complete 
|  22|0x0000000081600000, 0x0000000081700000, 0x0000000081700000|100%|HS|  |TAMS 0x0000000081700000, 0x0000000081600000| Complete 
|  23|0x0000000081700000, 0x0000000081800000, 0x0000000081800000|100%|HC|  |TAMS 0x0000000081800000, 0x0000000081700000| Complete 
|  24|0x0000000081800000, 0x0000000081900000, 0x0000000081900000|100%|HC|  |TAMS 0x0000000081900000, 0x0000000081800000| Complete 
|  25|0x0000000081900000, 0x0000000081a00000, 0x0000000081a00000|100%|HC|  |TAMS 0x0000000081a00000, 0x0000000081900000| Complete 
|  26|0x0000000081a00000, 0x0000000081b00000, 0x0000000081b00000|100%|HC|  |TAMS 0x0000000081b00000, 0x0000000081a00000| Complete 
|  27|0x0000000081b00000, 0x0000000081c00000, 0x0000000081c00000|100%|HS|  |TAMS 0x0000000081c00000, 0x0000000081b00000| Complete 
|  28|0x0000000081c00000, 0x0000000081d00000, 0x0000000081d00000|100%|HC|  |TAMS 0x0000000081d00000, 0x0000000081c00000| Complete 
|  29|0x0000000081d00000, 0x0000000081e00000, 0x0000000081e00000|100%|HC|  |TAMS 0x0000000081e00000, 0x0000000081d00000| Complete 
|  30|0x0000000081e00000, 0x0000000081f00000, 0x0000000081f00000|100%| O|  |TAMS 0x0000000081f00000, 0x0000000081e00000| Untracked 
|  31|0x0000000081f00000, 0x0000000082000000, 0x0000000082000000|100%| O|  |TAMS 0x0000000082000000, 0x0000000081f00000| Untracked 
|  32|0x0000000082000000, 0x0000000082100000, 0x0000000082100000|100%| O|  |TAMS 0x0000000082100000, 0x0000000082000000| Untracked 
|  33|0x0000000082100000, 0x0000000082200000, 0x0000000082200000|100%| O|  |TAMS 0x0000000082200000, 0x0000000082100000| Untracked 
|  34|0x0000000082200000, 0x0000000082300000, 0x0000000082300000|100%| O|  |TAMS 0x0000000082300000, 0x0000000082200000| Untracked 
|  35|0x0000000082300000, 0x0000000082400000, 0x0000000082400000|100%| O|  |TAMS 0x0000000082400000, 0x0000000082300000| Untracked 
|  36|0x0000000082400000, 0x0000000082500000, 0x0000000082500000|100%| O|  |TAMS 0x0000000082500000, 0x0000000082400000| Untracked 
|  37|0x0000000082500000, 0x0000000082600000, 0x0000000082600000|100%|HS|  |TAMS 0x0000000082600000, 0x0000000082500000| Complete 
|  38|0x0000000082600000, 0x0000000082700000, 0x0000000082700000|100%|HC|  |TAMS 0x0000000082700000, 0x0000000082600000| Complete 
|  39|0x0000000082700000, 0x0000000082800000, 0x0000000082800000|100%|HC|  |TAMS 0x0000000082800000, 0x0000000082700000| Complete 
|  40|0x0000000082800000, 0x0000000082900000, 0x0000000082900000|100%|HC|  |TAMS 0x0000000082900000, 0x0000000082800000| Complete 
|  41|0x0000000082900000, 0x0000000082a00000, 0x0000000082a00000|100%|HC|  |TAMS 0x0000000082a00000, 0x0000000082900000| Complete 
|  42|0x0000000082a00000, 0x0000000082b00000, 0x0000000082b00000|100%| O|  |TAMS 0x0000000082b00000, 0x0000000082a00000| Untracked 
|  43|0x0000000082b00000, 0x0000000082c00000, 0x0000000082c00000|100%| O|  |TAMS 0x0000000082c00000, 0x0000000082b00000| Untracked 
|  44|0x0000000082c00000, 0x0000000082d00000, 0x0000000082d00000|100%| O|  |TAMS 0x0000000082d00000, 0x0000000082c00000| Untracked 
|  45|0x0000000082d00000, 0x0000000082e00000, 0x0000000082e00000|100%| O|  |TAMS 0x0000000082e00000, 0x0000000082d00000| Untracked 
|  46|0x0000000082e00000, 0x0000000082f00000, 0x0000000082f00000|100%|HS|  |TAMS 0x0000000082f00000, 0x0000000082e00000| Complete 
|  47|0x0000000082f00000, 0x0000000083000000, 0x0000000083000000|100%| O|  |TAMS 0x0000000083000000, 0x0000000082f00000| Untracked 
|  48|0x0000000083000000, 0x0000000083100000, 0x0000000083100000|100%| O|  |TAMS 0x0000000083100000, 0x0000000083000000| Untracked 
|  49|0x0000000083100000, 0x0000000083200000, 0x0000000083200000|100%| O|  |TAMS 0x0000000083200000, 0x0000000083100000| Untracked 
|  50|0x0000000083200000, 0x0000000083300000, 0x0000000083300000|100%| O|  |TAMS 0x0000000083300000, 0x0000000083200000| Untracked 
|  51|0x0000000083300000, 0x0000000083400000, 0x0000000083400000|100%|HS|  |TAMS 0x0000000083400000, 0x0000000083300000| Complete 
|  52|0x0000000083400000, 0x0000000083500000, 0x0000000083500000|100%|HS|  |TAMS 0x0000000083500000, 0x0000000083400000| Complete 
|  53|0x0000000083500000, 0x0000000083600000, 0x0000000083600000|100%|HC|  |TAMS 0x0000000083600000, 0x0000000083500000| Complete 
|  54|0x0000000083600000, 0x0000000083700000, 0x0000000083700000|100%| O|  |TAMS 0x0000000083700000, 0x0000000083600000| Untracked 
|  55|0x0000000083700000, 0x0000000083800000, 0x0000000083800000|100%| O|  |TAMS 0x0000000083800000, 0x0000000083700000| Untracked 
|  56|0x0000000083800000, 0x0000000083900000, 0x0000000083900000|100%| O|  |TAMS 0x0000000083900000, 0x0000000083800000| Untracked 
|  57|0x0000000083900000, 0x0000000083a00000, 0x0000000083a00000|100%| O|  |TAMS 0x0000000083a00000, 0x0000000083900000| Untracked 
|  58|0x0000000083a00000, 0x0000000083b00000, 0x0000000083b00000|100%| O|  |TAMS 0x0000000083b00000, 0x0000000083a00000| Untracked 
|  59|0x0000000083b00000, 0x0000000083c00000, 0x0000000083c00000|100%| O|  |TAMS 0x0000000083c00000, 0x0000000083b00000| Untracked 
|  60|0x0000000083c00000, 0x0000000083d00000, 0x0000000083d00000|100%| O|  |TAMS 0x0000000083d00000, 0x0000000083c00000| Untracked 
|  61|0x0000000083d00000, 0x0000000083e00000, 0x0000000083e00000|100%| O|  |TAMS 0x0000000083e00000, 0x0000000083d00000| Untracked 
|  62|0x0000000083e00000, 0x0000000083f00000, 0x0000000083f00000|100%| O|  |TAMS 0x0000000083f00000, 0x0000000083e00000| Untracked 
|  63|0x0000000083f00000, 0x0000000084000000, 0x0000000084000000|100%| O|  |TAMS 0x0000000084000000, 0x0000000083f00000| Untracked 
|  64|0x0000000084000000, 0x0000000084100000, 0x0000000084100000|100%| O|  |TAMS 0x0000000084100000, 0x0000000084000000| Untracked 
|  65|0x0000000084100000, 0x0000000084200000, 0x0000000084200000|100%| O|  |TAMS 0x0000000084200000, 0x0000000084100000| Untracked 
|  66|0x0000000084200000, 0x0000000084300000, 0x0000000084300000|100%| O|  |TAMS 0x0000000084300000, 0x0000000084200000| Untracked 
|  67|0x0000000084300000, 0x0000000084400000, 0x0000000084400000|100%| O|  |TAMS 0x0000000084400000, 0x0000000084300000| Untracked 
|  68|0x0000000084400000, 0x0000000084500000, 0x0000000084500000|100%| O|  |TAMS 0x0000000084500000, 0x0000000084400000| Untracked 
|  69|0x0000000084500000, 0x0000000084600000, 0x0000000084600000|100%| O|  |TAMS 0x0000000084600000, 0x0000000084500000| Untracked 
|  70|0x0000000084600000, 0x0000000084700000, 0x0000000084700000|100%| O|  |TAMS 0x0000000084700000, 0x0000000084600000| Untracked 
|  71|0x0000000084700000, 0x0000000084800000, 0x0000000084800000|100%| O|  |TAMS 0x0000000084800000, 0x0000000084700000| Untracked 
|  72|0x0000000084800000, 0x0000000084900000, 0x0000000084900000|100%| O|  |TAMS 0x0000000084900000, 0x0000000084800000| Untracked 
|  73|0x0000000084900000, 0x0000000084a00000, 0x0000000084a00000|100%| O|  |TAMS 0x0000000084a00000, 0x0000000084900000| Untracked 
|  74|0x0000000084a00000, 0x0000000084b00000, 0x0000000084b00000|100%| O|  |TAMS 0x0000000084b00000, 0x0000000084a00000| Untracked 
|  75|0x0000000084b00000, 0x0000000084c00000, 0x0000000084c00000|100%| O|  |TAMS 0x0000000084c00000, 0x0000000084b00000| Untracked 
|  76|0x0000000084c00000, 0x0000000084d00000, 0x0000000084d00000|100%| O|  |TAMS 0x0000000084d00000, 0x0000000084c00000| Untracked 
|  77|0x0000000084d00000, 0x0000000084e00000, 0x0000000084e00000|100%| O|  |TAMS 0x0000000084e00000, 0x0000000084d00000| Untracked 
|  78|0x0000000084e00000, 0x0000000084f00000, 0x0000000084f00000|100%| O|  |TAMS 0x0000000084f00000, 0x0000000084e00000| Untracked 
|  79|0x0000000084f00000, 0x0000000085000000, 0x0000000085000000|100%| O|  |TAMS 0x0000000085000000, 0x0000000084f00000| Untracked 
|  80|0x0000000085000000, 0x0000000085100000, 0x0000000085100000|100%| O|  |TAMS 0x0000000085100000, 0x0000000085000000| Untracked 
|  81|0x0000000085100000, 0x0000000085200000, 0x0000000085200000|100%| O|  |TAMS 0x0000000085200000, 0x0000000085100000| Untracked 
|  82|0x0000000085200000, 0x0000000085300000, 0x0000000085300000|100%|HS|  |TAMS 0x0000000085200000, 0x0000000085200000| Complete 
|  83|0x0000000085300000, 0x0000000085400000, 0x0000000085400000|100%| O|  |TAMS 0x0000000085400000, 0x0000000085300000| Untracked 
|  84|0x0000000085400000, 0x0000000085500000, 0x0000000085500000|100%| O|  |TAMS 0x0000000085500000, 0x0000000085400000| Untracked 
|  85|0x0000000085500000, 0x0000000085600000, 0x0000000085600000|100%| O|  |TAMS 0x0000000085600000, 0x0000000085500000| Untracked 
|  86|0x0000000085600000, 0x0000000085700000, 0x0000000085700000|100%|HS|  |TAMS 0x0000000085600000, 0x0000000085600000| Complete 
|  87|0x0000000085700000, 0x0000000085800000, 0x0000000085800000|100%| O|  |TAMS 0x0000000085800000, 0x0000000085700000| Untracked 
|  88|0x0000000085800000, 0x0000000085900000, 0x0000000085900000|100%| O|  |TAMS 0x0000000085900000, 0x0000000085800000| Untracked 
|  89|0x0000000085900000, 0x0000000085a00000, 0x0000000085a00000|100%| O|  |TAMS 0x0000000085a00000, 0x0000000085900000| Untracked 
|  90|0x0000000085a00000, 0x0000000085b00000, 0x0000000085b00000|100%| O|  |TAMS 0x0000000085b00000, 0x0000000085a00000| Untracked 
|  91|0x0000000085b00000, 0x0000000085c00000, 0x0000000085c00000|100%| O|  |TAMS 0x0000000085c00000, 0x0000000085b00000| Untracked 
|  92|0x0000000085c00000, 0x0000000085d00000, 0x0000000085d00000|100%| O|  |TAMS 0x0000000085d00000, 0x0000000085c00000| Untracked 
|  93|0x0000000085d00000, 0x0000000085e00000, 0x0000000085e00000|100%| O|  |TAMS 0x0000000085e00000, 0x0000000085d00000| Untracked 
|  94|0x0000000085e00000, 0x0000000085f00000, 0x0000000085f00000|100%| O|  |TAMS 0x0000000085f00000, 0x0000000085e00000| Untracked 
|  95|0x0000000085f00000, 0x0000000086000000, 0x0000000086000000|100%| O|  |TAMS 0x0000000086000000, 0x0000000085f00000| Untracked 
|  96|0x0000000086000000, 0x0000000086100000, 0x0000000086100000|100%| O|  |TAMS 0x0000000086100000, 0x0000000086000000| Untracked 
|  97|0x0000000086100000, 0x0000000086200000, 0x0000000086200000|100%| O|  |TAMS 0x0000000086200000, 0x0000000086100000| Untracked 
|  98|0x0000000086200000, 0x0000000086300000, 0x0000000086300000|100%| O|  |TAMS 0x0000000086300000, 0x0000000086200000| Untracked 
|  99|0x0000000086300000, 0x0000000086400000, 0x0000000086400000|100%| O|  |TAMS 0x0000000086400000, 0x0000000086300000| Untracked 
| 100|0x0000000086400000, 0x0000000086500000, 0x0000000086500000|100%| O|  |TAMS 0x0000000086500000, 0x0000000086400000| Untracked 
| 101|0x0000000086500000, 0x0000000086600000, 0x0000000086600000|100%|HS|  |TAMS 0x0000000086500000, 0x0000000086500000| Complete 
| 102|0x0000000086600000, 0x0000000086700000, 0x0000000086700000|100%|HS|  |TAMS 0x0000000086600000, 0x0000000086600000| Complete 
| 103|0x0000000086700000, 0x0000000086800000, 0x0000000086800000|100%| O|  |TAMS 0x0000000086800000, 0x0000000086700000| Untracked 
| 104|0x0000000086800000, 0x0000000086900000, 0x0000000086900000|100%| O|  |TAMS 0x0000000086900000, 0x0000000086800000| Untracked 
| 105|0x0000000086900000, 0x0000000086a00000, 0x0000000086a00000|100%| O|  |TAMS 0x0000000086a00000, 0x0000000086900000| Untracked 
| 106|0x0000000086a00000, 0x0000000086b00000, 0x0000000086b00000|100%| O|  |TAMS 0x0000000086b00000, 0x0000000086a00000| Untracked 
| 107|0x0000000086b00000, 0x0000000086c00000, 0x0000000086c00000|100%| O|  |TAMS 0x0000000086c00000, 0x0000000086b00000| Untracked 
| 108|0x0000000086c00000, 0x0000000086d00000, 0x0000000086d00000|100%| O|  |TAMS 0x0000000086d00000, 0x0000000086c00000| Untracked 
| 109|0x0000000086d00000, 0x0000000086e00000, 0x0000000086e00000|100%| O|  |TAMS 0x0000000086e00000, 0x0000000086d00000| Untracked 
| 110|0x0000000086e00000, 0x0000000086f00000, 0x0000000086f00000|100%| O|  |TAMS 0x0000000086e00000, 0x0000000086e00000| Untracked 
| 111|0x0000000086f00000, 0x0000000087000000, 0x0000000087000000|100%| O|  |TAMS 0x0000000087000000, 0x0000000086f00000| Untracked 
| 112|0x0000000087000000, 0x0000000087100000, 0x0000000087100000|100%| O|  |TAMS 0x0000000087100000, 0x0000000087000000| Untracked 
| 113|0x0000000087100000, 0x0000000087200000, 0x0000000087200000|100%| O|  |TAMS 0x0000000087200000, 0x0000000087100000| Untracked 
| 114|0x0000000087200000, 0x0000000087300000, 0x0000000087300000|100%| O|  |TAMS 0x0000000087200000, 0x0000000087200000| Untracked 
| 115|0x0000000087300000, 0x0000000087400000, 0x0000000087400000|100%| O|  |TAMS 0x0000000087400000, 0x0000000087300000| Untracked 
| 116|0x0000000087400000, 0x0000000087500000, 0x0000000087500000|100%| O|  |TAMS 0x0000000087500000, 0x0000000087400000| Untracked 
| 117|0x0000000087500000, 0x0000000087600000, 0x0000000087600000|100%| O|  |TAMS 0x0000000087600000, 0x0000000087500000| Untracked 
| 118|0x0000000087600000, 0x0000000087700000, 0x0000000087700000|100%| O|  |TAMS 0x0000000087600000, 0x0000000087600000| Untracked 
| 119|0x0000000087700000, 0x0000000087800000, 0x0000000087800000|100%| O|  |TAMS 0x0000000087800000, 0x0000000087700000| Untracked 
| 120|0x0000000087800000, 0x0000000087900000, 0x0000000087900000|100%| O|  |TAMS 0x0000000087900000, 0x0000000087800000| Untracked 
| 121|0x0000000087900000, 0x0000000087a00000, 0x0000000087a00000|100%| O|  |TAMS 0x0000000087a00000, 0x0000000087900000| Untracked 
| 122|0x0000000087a00000, 0x0000000087b00000, 0x0000000087b00000|100%| O|  |TAMS 0x0000000087a00000, 0x0000000087a00000| Untracked 
| 123|0x0000000087b00000, 0x0000000087c00000, 0x0000000087c00000|100%| O|  |TAMS 0x0000000087b00000, 0x0000000087b00000| Untracked 
| 124|0x0000000087c00000, 0x0000000087d00000, 0x0000000087d00000|100%| O|  |TAMS 0x0000000087c00000, 0x0000000087c00000| Untracked 
| 125|0x0000000087d00000, 0x0000000087e00000, 0x0000000087e00000|100%| O|  |TAMS 0x0000000087d00000, 0x0000000087d00000| Untracked 
| 126|0x0000000087e00000, 0x0000000087f00000, 0x0000000087f00000|100%| O|  |TAMS 0x0000000087e00000, 0x0000000087e00000| Untracked 
| 127|0x0000000087f00000, 0x0000000088000000, 0x0000000088000000|100%| O|  |TAMS 0x0000000087f00000, 0x0000000087f00000| Untracked 
| 128|0x0000000088000000, 0x0000000088100000, 0x0000000088100000|100%| O|  |TAMS 0x0000000088000000, 0x0000000088000000| Untracked 
| 129|0x0000000088100000, 0x0000000088200000, 0x0000000088200000|100%| O|  |TAMS 0x0000000088100000, 0x0000000088100000| Untracked 
| 130|0x0000000088200000, 0x0000000088300000, 0x0000000088300000|100%| O|  |TAMS 0x0000000088200000, 0x0000000088200000| Untracked 
| 131|0x0000000088300000, 0x0000000088400000, 0x0000000088400000|100%| O|  |TAMS 0x0000000088400000, 0x0000000088300000| Untracked 
| 132|0x0000000088400000, 0x0000000088500000, 0x0000000088500000|100%| O|  |TAMS 0x0000000088500000, 0x0000000088400000| Untracked 
| 133|0x0000000088500000, 0x0000000088600000, 0x0000000088600000|100%|HS|  |TAMS 0x0000000088600000, 0x0000000088500000| Complete 
| 134|0x0000000088600000, 0x0000000088700000, 0x0000000088700000|100%|HS|  |TAMS 0x0000000088700000, 0x0000000088600000| Complete 
| 135|0x0000000088700000, 0x0000000088800000, 0x0000000088800000|100%|HS|  |TAMS 0x0000000088800000, 0x0000000088700000| Complete 
| 136|0x0000000088800000, 0x0000000088900000, 0x0000000088900000|100%| O|  |TAMS 0x0000000088900000, 0x0000000088800000| Untracked 
| 137|0x0000000088900000, 0x0000000088a00000, 0x0000000088a00000|100%| O|  |TAMS 0x0000000088900000, 0x0000000088900000| Untracked 
| 138|0x0000000088a00000, 0x0000000088b00000, 0x0000000088b00000|100%| O|  |TAMS 0x0000000088b00000, 0x0000000088a00000| Untracked 
| 139|0x0000000088b00000, 0x0000000088c00000, 0x0000000088c00000|100%| O|  |TAMS 0x0000000088b00000, 0x0000000088b00000| Untracked 
| 140|0x0000000088c00000, 0x0000000088d00000, 0x0000000088d00000|100%| O|  |TAMS 0x0000000088d00000, 0x0000000088c00000| Untracked 
| 141|0x0000000088d00000, 0x0000000088e00000, 0x0000000088e00000|100%|HS|  |TAMS 0x0000000088d00000, 0x0000000088d00000| Complete 
| 142|0x0000000088e00000, 0x0000000088f00000, 0x0000000088f00000|100%| O|  |TAMS 0x0000000088f00000, 0x0000000088e00000| Untracked 
| 143|0x0000000088f00000, 0x0000000089000000, 0x0000000089000000|100%| O|  |TAMS 0x0000000089000000, 0x0000000088f00000| Untracked 
| 144|0x0000000089000000, 0x0000000089100000, 0x0000000089100000|100%| O|  |TAMS 0x0000000089100000, 0x0000000089000000| Untracked 
| 145|0x0000000089100000, 0x0000000089200000, 0x0000000089200000|100%| O|  |TAMS 0x0000000089200000, 0x0000000089100000| Untracked 
| 146|0x0000000089200000, 0x0000000089300000, 0x0000000089300000|100%| O|  |TAMS 0x0000000089300000, 0x0000000089200000| Untracked 
| 147|0x0000000089300000, 0x0000000089400000, 0x0000000089400000|100%| O|  |TAMS 0x0000000089400000, 0x0000000089300000| Untracked 
| 148|0x0000000089400000, 0x0000000089500000, 0x0000000089500000|100%| O|  |TAMS 0x0000000089500000, 0x0000000089400000| Untracked 
| 149|0x0000000089500000, 0x0000000089600000, 0x0000000089600000|100%| O|  |TAMS 0x0000000089600000, 0x0000000089500000| Untracked 
| 150|0x0000000089600000, 0x0000000089700000, 0x0000000089700000|100%| O|  |TAMS 0x0000000089700000, 0x0000000089600000| Untracked 
| 151|0x0000000089700000, 0x0000000089800000, 0x0000000089800000|100%| O|  |TAMS 0x0000000089800000, 0x0000000089700000| Untracked 
| 152|0x0000000089800000, 0x0000000089900000, 0x0000000089900000|100%| O|  |TAMS 0x0000000089900000, 0x0000000089800000| Untracked 
| 153|0x0000000089900000, 0x0000000089a00000, 0x0000000089a00000|100%| O|  |TAMS 0x0000000089a00000, 0x0000000089900000| Untracked 
| 154|0x0000000089a00000, 0x0000000089b00000, 0x0000000089b00000|100%| O|  |TAMS 0x0000000089b00000, 0x0000000089a00000| Untracked 
| 155|0x0000000089b00000, 0x0000000089c00000, 0x0000000089c00000|100%| O|  |TAMS 0x0000000089c00000, 0x0000000089b00000| Untracked 
| 156|0x0000000089c00000, 0x0000000089d00000, 0x0000000089d00000|100%| O|  |TAMS 0x0000000089d00000, 0x0000000089c00000| Untracked 
| 157|0x0000000089d00000, 0x0000000089e00000, 0x0000000089e00000|100%| O|  |TAMS 0x0000000089e00000, 0x0000000089d00000| Untracked 
| 158|0x0000000089e00000, 0x0000000089f00000, 0x0000000089f00000|100%| O|  |TAMS 0x0000000089f00000, 0x0000000089e00000| Untracked 
| 159|0x0000000089f00000, 0x000000008a000000, 0x000000008a000000|100%| O|  |TAMS 0x000000008a000000, 0x0000000089f00000| Untracked 
| 160|0x000000008a000000, 0x000000008a100000, 0x000000008a100000|100%| O|  |TAMS 0x000000008a100000, 0x000000008a000000| Untracked 
| 161|0x000000008a100000, 0x000000008a200000, 0x000000008a200000|100%| O|  |TAMS 0x000000008a200000, 0x000000008a100000| Untracked 
| 162|0x000000008a200000, 0x000000008a300000, 0x000000008a300000|100%| O|  |TAMS 0x000000008a300000, 0x000000008a200000| Untracked 
| 163|0x000000008a300000, 0x000000008a400000, 0x000000008a400000|100%| O|  |TAMS 0x000000008a400000, 0x000000008a300000| Untracked 
| 164|0x000000008a400000, 0x000000008a500000, 0x000000008a500000|100%| O|  |TAMS 0x000000008a400000, 0x000000008a400000| Untracked 
| 165|0x000000008a500000, 0x000000008a600000, 0x000000008a600000|100%| O|  |TAMS 0x000000008a600000, 0x000000008a500000| Untracked 
| 166|0x000000008a600000, 0x000000008a700000, 0x000000008a700000|100%| O|  |TAMS 0x000000008a700000, 0x000000008a600000| Untracked 
| 167|0x000000008a700000, 0x000000008a800000, 0x000000008a800000|100%| O|  |TAMS 0x000000008a800000, 0x000000008a700000| Untracked 
| 168|0x000000008a800000, 0x000000008a900000, 0x000000008a900000|100%| O|  |TAMS 0x000000008a900000, 0x000000008a800000| Untracked 
| 169|0x000000008a900000, 0x000000008aa00000, 0x000000008aa00000|100%| O|  |TAMS 0x000000008aa00000, 0x000000008a900000| Untracked 
| 170|0x000000008aa00000, 0x000000008ab00000, 0x000000008ab00000|100%| O|  |TAMS 0x000000008ab00000, 0x000000008aa00000| Untracked 
| 171|0x000000008ab00000, 0x000000008ac00000, 0x000000008ac00000|100%| O|  |TAMS 0x000000008ab00000, 0x000000008ab00000| Untracked 
| 172|0x000000008ac00000, 0x000000008ad00000, 0x000000008ad00000|100%| O|  |TAMS 0x000000008ac00000, 0x000000008ac00000| Untracked 
| 173|0x000000008ad00000, 0x000000008ae00000, 0x000000008ae00000|100%| O|  |TAMS 0x000000008ad00000, 0x000000008ad00000| Untracked 
| 174|0x000000008ae00000, 0x000000008af00000, 0x000000008af00000|100%| O|  |TAMS 0x000000008ae00000, 0x000000008ae00000| Untracked 
| 175|0x000000008af00000, 0x000000008b000000, 0x000000008b000000|100%| O|  |TAMS 0x000000008af00000, 0x000000008af00000| Untracked 
| 176|0x000000008b000000, 0x000000008b100000, 0x000000008b100000|100%| O|  |TAMS 0x000000008b000000, 0x000000008b000000| Untracked 
| 177|0x000000008b100000, 0x000000008b200000, 0x000000008b200000|100%| O|  |TAMS 0x000000008b100000, 0x000000008b100000| Untracked 
| 178|0x000000008b200000, 0x000000008b300000, 0x000000008b300000|100%| O|  |TAMS 0x000000008b200000, 0x000000008b200000| Untracked 
| 179|0x000000008b300000, 0x000000008b400000, 0x000000008b400000|100%| O|  |TAMS 0x000000008b300000, 0x000000008b300000| Untracked 
| 180|0x000000008b400000, 0x000000008b500000, 0x000000008b500000|100%| O|  |TAMS 0x000000008b400000, 0x000000008b400000| Untracked 
| 181|0x000000008b500000, 0x000000008b600000, 0x000000008b600000|100%|HS|  |TAMS 0x000000008b500000, 0x000000008b500000| Complete 
| 182|0x000000008b600000, 0x000000008b700000, 0x000000008b700000|100%|HC|  |TAMS 0x000000008b600000, 0x000000008b600000| Complete 
| 183|0x000000008b700000, 0x000000008b800000, 0x000000008b800000|100%| O|  |TAMS 0x000000008b700000, 0x000000008b700000| Untracked 
| 184|0x000000008b800000, 0x000000008b900000, 0x000000008b900000|100%|HS|  |TAMS 0x000000008b800000, 0x000000008b800000| Complete 
| 185|0x000000008b900000, 0x000000008ba00000, 0x000000008ba00000|100%|HC|  |TAMS 0x000000008b900000, 0x000000008b900000| Complete 
| 186|0x000000008ba00000, 0x000000008bb00000, 0x000000008bb00000|100%|HS|  |TAMS 0x000000008ba00000, 0x000000008ba00000| Complete 
| 187|0x000000008bb00000, 0x000000008bc00000, 0x000000008bc00000|100%|HC|  |TAMS 0x000000008bb00000, 0x000000008bb00000| Complete 
| 188|0x000000008bc00000, 0x000000008bd00000, 0x000000008bd00000|100%| O|  |TAMS 0x000000008bc00000, 0x000000008bc00000| Untracked 
| 189|0x000000008bd00000, 0x000000008be00000, 0x000000008be00000|100%| O|  |TAMS 0x000000008bd00000, 0x000000008bd00000| Untracked 
| 190|0x000000008be00000, 0x000000008bf00000, 0x000000008bf00000|100%| O|  |TAMS 0x000000008be00000, 0x000000008be00000| Untracked 
| 191|0x000000008bf00000, 0x000000008c000000, 0x000000008c000000|100%| O|  |TAMS 0x000000008bf00000, 0x000000008bf00000| Untracked 
| 192|0x000000008c000000, 0x000000008c100000, 0x000000008c100000|100%| O|  |TAMS 0x000000008c000000, 0x000000008c000000| Untracked 
| 193|0x000000008c100000, 0x000000008c200000, 0x000000008c200000|100%| O|  |TAMS 0x000000008c100000, 0x000000008c100000| Untracked 
| 194|0x000000008c200000, 0x000000008c300000, 0x000000008c300000|100%| O|  |TAMS 0x000000008c200000, 0x000000008c200000| Untracked 
| 195|0x000000008c300000, 0x000000008c400000, 0x000000008c400000|100%| O|  |TAMS 0x000000008c300000, 0x000000008c300000| Untracked 
| 196|0x000000008c400000, 0x000000008c500000, 0x000000008c500000|100%| O|  |TAMS 0x000000008c400000, 0x000000008c400000| Untracked 
| 197|0x000000008c500000, 0x000000008c500000, 0x000000008c600000|  0%| F|  |TAMS 0x000000008c500000, 0x000000008c500000| Untracked 
| 198|0x000000008c600000, 0x000000008c600000, 0x000000008c700000|  0%| F|  |TAMS 0x000000008c600000, 0x000000008c600000| Untracked 
| 199|0x000000008c700000, 0x000000008c700000, 0x000000008c800000|  0%| F|  |TAMS 0x000000008c700000, 0x000000008c700000| Untracked 
| 200|0x000000008c800000, 0x000000008c800000, 0x000000008c900000|  0%| F|  |TAMS 0x000000008c800000, 0x000000008c800000| Untracked 
| 201|0x000000008c900000, 0x000000008c900000, 0x000000008ca00000|  0%| F|  |TAMS 0x000000008c900000, 0x000000008c900000| Untracked 
| 202|0x000000008ca00000, 0x000000008ca00000, 0x000000008cb00000|  0%| F|  |TAMS 0x000000008ca00000, 0x000000008ca00000| Untracked 
| 203|0x000000008cb00000, 0x000000008cb00000, 0x000000008cc00000|  0%| F|  |TAMS 0x000000008cb00000, 0x000000008cb00000| Untracked 
| 204|0x000000008cc00000, 0x000000008cc00000, 0x000000008cd00000|  0%| F|  |TAMS 0x000000008cc00000, 0x000000008cc00000| Untracked 
| 205|0x000000008cd00000, 0x000000008cd00000, 0x000000008ce00000|  0%| F|  |TAMS 0x000000008cd00000, 0x000000008cd00000| Untracked 
| 206|0x000000008ce00000, 0x000000008ce00000, 0x000000008cf00000|  0%| F|  |TAMS 0x000000008ce00000, 0x000000008ce00000| Untracked 
| 207|0x000000008cf00000, 0x000000008cf00000, 0x000000008d000000|  0%| F|  |TAMS 0x000000008cf00000, 0x000000008cf00000| Untracked 
| 208|0x000000008d000000, 0x000000008d000000, 0x000000008d100000|  0%| F|  |TAMS 0x000000008d000000, 0x000000008d000000| Untracked 
| 209|0x000000008d100000, 0x000000008d100000, 0x000000008d200000|  0%| F|  |TAMS 0x000000008d100000, 0x000000008d100000| Untracked 
| 210|0x000000008d200000, 0x000000008d200000, 0x000000008d300000|  0%| F|  |TAMS 0x000000008d200000, 0x000000008d200000| Untracked 
| 211|0x000000008d300000, 0x000000008d300000, 0x000000008d400000|  0%| F|  |TAMS 0x000000008d300000, 0x000000008d300000| Untracked 
| 212|0x000000008d400000, 0x000000008d400000, 0x000000008d500000|  0%| F|  |TAMS 0x000000008d400000, 0x000000008d400000| Untracked 
| 213|0x000000008d500000, 0x000000008d500000, 0x000000008d600000|  0%| F|  |TAMS 0x000000008d500000, 0x000000008d500000| Untracked 
| 214|0x000000008d600000, 0x000000008d600000, 0x000000008d700000|  0%| F|  |TAMS 0x000000008d600000, 0x000000008d600000| Untracked 
| 215|0x000000008d700000, 0x000000008d700000, 0x000000008d800000|  0%| F|  |TAMS 0x000000008d700000, 0x000000008d700000| Untracked 
| 216|0x000000008d800000, 0x000000008d800000, 0x000000008d900000|  0%| F|  |TAMS 0x000000008d800000, 0x000000008d800000| Untracked 
| 217|0x000000008d900000, 0x000000008d900000, 0x000000008da00000|  0%| F|  |TAMS 0x000000008d900000, 0x000000008d900000| Untracked 
| 218|0x000000008da00000, 0x000000008da00000, 0x000000008db00000|  0%| F|  |TAMS 0x000000008da00000, 0x000000008da00000| Untracked 
| 219|0x000000008db00000, 0x000000008db00000, 0x000000008dc00000|  0%| F|  |TAMS 0x000000008db00000, 0x000000008db00000| Untracked 
| 220|0x000000008dc00000, 0x000000008dd00000, 0x000000008dd00000|100%| O|  |TAMS 0x000000008dc00000, 0x000000008dc00000| Untracked 
| 221|0x000000008dd00000, 0x000000008de00000, 0x000000008de00000|100%| O|  |TAMS 0x000000008dd00000, 0x000000008dd00000| Untracked 
| 222|0x000000008de00000, 0x000000008df00000, 0x000000008df00000|100%| O|  |TAMS 0x000000008de00000, 0x000000008de00000| Untracked 
| 223|0x000000008df00000, 0x000000008e000000, 0x000000008e000000|100%| O|  |TAMS 0x000000008df00000, 0x000000008df00000| Untracked 
| 224|0x000000008e000000, 0x000000008e100000, 0x000000008e100000|100%| O|  |TAMS 0x000000008e000000, 0x000000008e000000| Untracked 
| 225|0x000000008e100000, 0x000000008e200000, 0x000000008e200000|100%| O|  |TAMS 0x000000008e100000, 0x000000008e100000| Untracked 
| 226|0x000000008e200000, 0x000000008e300000, 0x000000008e300000|100%| O|  |TAMS 0x000000008e200000, 0x000000008e200000| Untracked 
| 227|0x000000008e300000, 0x000000008e300000, 0x000000008e400000|  0%| F|  |TAMS 0x000000008e300000, 0x000000008e300000| Untracked 
| 228|0x000000008e400000, 0x000000008e400000, 0x000000008e500000|  0%| F|  |TAMS 0x000000008e400000, 0x000000008e400000| Untracked 
| 229|0x000000008e500000, 0x000000008e500000, 0x000000008e600000|  0%| F|  |TAMS 0x000000008e500000, 0x000000008e500000| Untracked 
| 230|0x000000008e600000, 0x000000008e600000, 0x000000008e700000|  0%| F|  |TAMS 0x000000008e600000, 0x000000008e600000| Untracked 
| 231|0x000000008e700000, 0x000000008e700000, 0x000000008e800000|  0%| F|  |TAMS 0x000000008e700000, 0x000000008e700000| Untracked 
| 232|0x000000008e800000, 0x000000008e800000, 0x000000008e900000|  0%| F|  |TAMS 0x000000008e800000, 0x000000008e800000| Untracked 
| 233|0x000000008e900000, 0x000000008e900000, 0x000000008ea00000|  0%| F|  |TAMS 0x000000008e900000, 0x000000008e900000| Untracked 
| 234|0x000000008ea00000, 0x000000008ea00000, 0x000000008eb00000|  0%| F|  |TAMS 0x000000008ea00000, 0x000000008ea00000| Untracked 
| 235|0x000000008eb00000, 0x000000008eb00000, 0x000000008ec00000|  0%| F|  |TAMS 0x000000008eb00000, 0x000000008eb00000| Untracked 
| 236|0x000000008ec00000, 0x000000008ec00000, 0x000000008ed00000|  0%| F|  |TAMS 0x000000008ec00000, 0x000000008ec00000| Untracked 
| 237|0x000000008ed00000, 0x000000008ed00000, 0x000000008ee00000|  0%| F|  |TAMS 0x000000008ed00000, 0x000000008ed00000| Untracked 
| 238|0x000000008ee00000, 0x000000008ee00000, 0x000000008ef00000|  0%| F|  |TAMS 0x000000008ee00000, 0x000000008ee00000| Untracked 
| 239|0x000000008ef00000, 0x000000008ef00000, 0x000000008f000000|  0%| F|  |TAMS 0x000000008ef00000, 0x000000008ef00000| Untracked 
| 240|0x000000008f000000, 0x000000008f000000, 0x000000008f100000|  0%| F|  |TAMS 0x000000008f000000, 0x000000008f000000| Untracked 
| 241|0x000000008f100000, 0x000000008f100000, 0x000000008f200000|  0%| F|  |TAMS 0x000000008f100000, 0x000000008f100000| Untracked 
| 242|0x000000008f200000, 0x000000008f200000, 0x000000008f300000|  0%| F|  |TAMS 0x000000008f200000, 0x000000008f200000| Untracked 
| 243|0x000000008f300000, 0x000000008f300000, 0x000000008f400000|  0%| F|  |TAMS 0x000000008f300000, 0x000000008f300000| Untracked 
| 244|0x000000008f400000, 0x000000008f400000, 0x000000008f500000|  0%| F|  |TAMS 0x000000008f400000, 0x000000008f400000| Untracked 
| 245|0x000000008f500000, 0x000000008f500000, 0x000000008f600000|  0%| F|  |TAMS 0x000000008f500000, 0x000000008f500000| Untracked 
| 246|0x000000008f600000, 0x000000008f600000, 0x000000008f700000|  0%| F|  |TAMS 0x000000008f600000, 0x000000008f600000| Untracked 
| 247|0x000000008f700000, 0x000000008f700000, 0x000000008f800000|  0%| F|  |TAMS 0x000000008f700000, 0x000000008f700000| Untracked 
| 248|0x000000008f800000, 0x000000008f800000, 0x000000008f900000|  0%| F|  |TAMS 0x000000008f800000, 0x000000008f800000| Untracked 
| 249|0x000000008f900000, 0x000000008f900000, 0x000000008fa00000|  0%| F|  |TAMS 0x000000008f900000, 0x000000008f900000| Untracked 
| 250|0x000000008fa00000, 0x000000008fa00000, 0x000000008fb00000|  0%| F|  |TAMS 0x000000008fa00000, 0x000000008fa00000| Untracked 
| 251|0x000000008fb00000, 0x000000008fb00000, 0x000000008fc00000|  0%| F|  |TAMS 0x000000008fb00000, 0x000000008fb00000| Untracked 
| 252|0x000000008fc00000, 0x000000008fc00000, 0x000000008fd00000|  0%| F|  |TAMS 0x000000008fc00000, 0x000000008fc00000| Untracked 
| 253|0x000000008fd00000, 0x000000008fd00000, 0x000000008fe00000|  0%| F|  |TAMS 0x000000008fd00000, 0x000000008fd00000| Untracked 
| 254|0x000000008fe00000, 0x000000008fe00000, 0x000000008ff00000|  0%| F|  |TAMS 0x000000008fe00000, 0x000000008fe00000| Untracked 
| 255|0x000000008ff00000, 0x000000008ff00000, 0x0000000090000000|  0%| F|  |TAMS 0x000000008ff00000, 0x000000008ff00000| Untracked 
| 256|0x0000000090000000, 0x0000000090000000, 0x0000000090100000|  0%| F|  |TAMS 0x0000000090000000, 0x0000000090000000| Untracked 
| 257|0x0000000090100000, 0x0000000090100000, 0x0000000090200000|  0%| F|  |TAMS 0x0000000090100000, 0x0000000090100000| Untracked 
| 258|0x0000000090200000, 0x0000000090200000, 0x0000000090300000|  0%| F|  |TAMS 0x0000000090200000, 0x0000000090200000| Untracked 
| 259|0x0000000090300000, 0x0000000090300000, 0x0000000090400000|  0%| F|  |TAMS 0x0000000090300000, 0x0000000090300000| Untracked 
| 260|0x0000000090400000, 0x0000000090400000, 0x0000000090500000|  0%| F|  |TAMS 0x0000000090400000, 0x0000000090400000| Untracked 
| 261|0x0000000090500000, 0x0000000090500000, 0x0000000090600000|  0%| F|  |TAMS 0x0000000090500000, 0x0000000090500000| Untracked 
| 262|0x0000000090600000, 0x0000000090600000, 0x0000000090700000|  0%| F|  |TAMS 0x0000000090600000, 0x0000000090600000| Untracked 
| 263|0x0000000090700000, 0x0000000090700000, 0x0000000090800000|  0%| F|  |TAMS 0x0000000090700000, 0x0000000090700000| Untracked 
| 264|0x0000000090800000, 0x0000000090800000, 0x0000000090900000|  0%| F|  |TAMS 0x0000000090800000, 0x0000000090800000| Untracked 
| 265|0x0000000090900000, 0x0000000090900000, 0x0000000090a00000|  0%| F|  |TAMS 0x0000000090900000, 0x0000000090900000| Untracked 
| 266|0x0000000090a00000, 0x0000000090a00000, 0x0000000090b00000|  0%| F|  |TAMS 0x0000000090a00000, 0x0000000090a00000| Untracked 
| 267|0x0000000090b00000, 0x0000000090b00000, 0x0000000090c00000|  0%| F|  |TAMS 0x0000000090b00000, 0x0000000090b00000| Untracked 
| 268|0x0000000090c00000, 0x0000000090c00000, 0x0000000090d00000|  0%| F|  |TAMS 0x0000000090c00000, 0x0000000090c00000| Untracked 
| 269|0x0000000090d00000, 0x0000000090d00000, 0x0000000090e00000|  0%| F|  |TAMS 0x0000000090d00000, 0x0000000090d00000| Untracked 
| 270|0x0000000090e00000, 0x0000000090e00000, 0x0000000090f00000|  0%| F|  |TAMS 0x0000000090e00000, 0x0000000090e00000| Untracked 
| 271|0x0000000090f00000, 0x0000000090f00000, 0x0000000091000000|  0%| F|  |TAMS 0x0000000090f00000, 0x0000000090f00000| Untracked 
| 272|0x0000000091000000, 0x0000000091000000, 0x0000000091100000|  0%| F|  |TAMS 0x0000000091000000, 0x0000000091000000| Untracked 
| 273|0x0000000091100000, 0x0000000091100000, 0x0000000091200000|  0%| F|  |TAMS 0x0000000091100000, 0x0000000091100000| Untracked 
| 274|0x0000000091200000, 0x0000000091200000, 0x0000000091300000|  0%| F|  |TAMS 0x0000000091200000, 0x0000000091200000| Untracked 
| 275|0x0000000091300000, 0x00000000913a0cc0, 0x0000000091400000| 62%| S|CS|TAMS 0x0000000091300000, 0x0000000091300000| Complete 
| 276|0x0000000091400000, 0x0000000091500000, 0x0000000091500000|100%| S|CS|TAMS 0x0000000091400000, 0x0000000091400000| Complete 
| 277|0x0000000091500000, 0x0000000091600000, 0x0000000091600000|100%| S|CS|TAMS 0x0000000091500000, 0x0000000091500000| Complete 
| 278|0x0000000091600000, 0x0000000091700000, 0x0000000091700000|100%| S|CS|TAMS 0x0000000091600000, 0x0000000091600000| Complete 
| 279|0x0000000091700000, 0x0000000091800000, 0x0000000091800000|100%| S|CS|TAMS 0x0000000091700000, 0x0000000091700000| Complete 
| 280|0x0000000091800000, 0x0000000091800000, 0x0000000091900000|  0%| F|  |TAMS 0x0000000091800000, 0x0000000091800000| Untracked 
| 281|0x0000000091900000, 0x0000000091900000, 0x0000000091a00000|  0%| F|  |TAMS 0x0000000091900000, 0x0000000091900000| Untracked 
| 282|0x0000000091a00000, 0x0000000091af1c60, 0x0000000091b00000| 94%| E|  |TAMS 0x0000000091a00000, 0x0000000091a00000| Complete 
| 283|0x0000000091b00000, 0x0000000091c00000, 0x0000000091c00000|100%| E|CS|TAMS 0x0000000091b00000, 0x0000000091b00000| Complete 
| 284|0x0000000091c00000, 0x0000000091cffd18, 0x0000000091d00000| 99%| E|  |TAMS 0x0000000091c00000, 0x0000000091c00000| Complete 
| 285|0x0000000091d00000, 0x0000000091e00000, 0x0000000091e00000|100%| E|CS|TAMS 0x0000000091d00000, 0x0000000091d00000| Complete 
| 286|0x0000000091e00000, 0x0000000091f00000, 0x0000000091f00000|100%| E|CS|TAMS 0x0000000091e00000, 0x0000000091e00000| Complete 
| 287|0x0000000091f00000, 0x0000000092000000, 0x0000000092000000|100%| E|CS|TAMS 0x0000000091f00000, 0x0000000091f00000| Complete 
| 288|0x0000000092000000, 0x0000000092100000, 0x0000000092100000|100%| E|CS|TAMS 0x0000000092000000, 0x0000000092000000| Complete 
| 289|0x0000000092100000, 0x0000000092200000, 0x0000000092200000|100%| E|CS|TAMS 0x0000000092100000, 0x0000000092100000| Complete 
| 290|0x0000000092200000, 0x0000000092300000, 0x0000000092300000|100%| E|CS|TAMS 0x0000000092200000, 0x0000000092200000| Complete 
| 291|0x0000000092300000, 0x0000000092400000, 0x0000000092400000|100%| E|CS|TAMS 0x0000000092300000, 0x0000000092300000| Complete 
| 292|0x0000000092400000, 0x0000000092500000, 0x0000000092500000|100%| E|CS|TAMS 0x0000000092400000, 0x0000000092400000| Complete 
| 293|0x0000000092500000, 0x0000000092600000, 0x0000000092600000|100%| E|CS|TAMS 0x0000000092500000, 0x0000000092500000| Complete 
| 294|0x0000000092600000, 0x0000000092700000, 0x0000000092700000|100%| E|CS|TAMS 0x0000000092600000, 0x0000000092600000| Complete 
| 295|0x0000000092700000, 0x0000000092800000, 0x0000000092800000|100%| E|CS|TAMS 0x0000000092700000, 0x0000000092700000| Complete 
| 296|0x0000000092800000, 0x0000000092900000, 0x0000000092900000|100%| E|CS|TAMS 0x0000000092800000, 0x0000000092800000| Complete 
| 297|0x0000000092900000, 0x0000000092a00000, 0x0000000092a00000|100%| E|CS|TAMS 0x0000000092900000, 0x0000000092900000| Complete 
| 298|0x0000000092a00000, 0x0000000092b00000, 0x0000000092b00000|100%| E|CS|TAMS 0x0000000092a00000, 0x0000000092a00000| Complete 
| 299|0x0000000092b00000, 0x0000000092c00000, 0x0000000092c00000|100%| E|CS|TAMS 0x0000000092b00000, 0x0000000092b00000| Complete 
| 300|0x0000000092c00000, 0x0000000092d00000, 0x0000000092d00000|100%| E|CS|TAMS 0x0000000092c00000, 0x0000000092c00000| Complete 
| 301|0x0000000092d00000, 0x0000000092e00000, 0x0000000092e00000|100%| E|CS|TAMS 0x0000000092d00000, 0x0000000092d00000| Complete 
| 302|0x0000000092e00000, 0x0000000092f00000, 0x0000000092f00000|100%| E|CS|TAMS 0x0000000092e00000, 0x0000000092e00000| Complete 
| 303|0x0000000092f00000, 0x0000000093000000, 0x0000000093000000|100%| E|CS|TAMS 0x0000000092f00000, 0x0000000092f00000| Complete 
| 304|0x0000000093000000, 0x0000000093100000, 0x0000000093100000|100%| E|CS|TAMS 0x0000000093000000, 0x0000000093000000| Complete 
| 305|0x0000000093100000, 0x0000000093200000, 0x0000000093200000|100%| E|CS|TAMS 0x0000000093100000, 0x0000000093100000| Complete 
| 306|0x0000000093200000, 0x0000000093300000, 0x0000000093300000|100%| E|CS|TAMS 0x0000000093200000, 0x0000000093200000| Complete 
| 307|0x0000000093300000, 0x0000000093400000, 0x0000000093400000|100%| E|CS|TAMS 0x0000000093300000, 0x0000000093300000| Complete 
| 308|0x0000000093400000, 0x0000000093500000, 0x0000000093500000|100%| E|CS|TAMS 0x0000000093400000, 0x0000000093400000| Complete 
| 309|0x0000000093500000, 0x0000000093600000, 0x0000000093600000|100%| E|CS|TAMS 0x0000000093500000, 0x0000000093500000| Complete 
| 310|0x0000000093600000, 0x0000000093700000, 0x0000000093700000|100%| E|CS|TAMS 0x0000000093600000, 0x0000000093600000| Complete 
| 311|0x0000000093700000, 0x0000000093800000, 0x0000000093800000|100%| E|CS|TAMS 0x0000000093700000, 0x0000000093700000| Complete 
| 312|0x0000000093800000, 0x0000000093900000, 0x0000000093900000|100%| E|CS|TAMS 0x0000000093800000, 0x0000000093800000| Complete 
| 313|0x0000000093900000, 0x0000000093a00000, 0x0000000093a00000|100%| E|CS|TAMS 0x0000000093900000, 0x0000000093900000| Complete 
| 314|0x0000000093a00000, 0x0000000093b00000, 0x0000000093b00000|100%| E|CS|TAMS 0x0000000093a00000, 0x0000000093a00000| Complete 
| 315|0x0000000093b00000, 0x0000000093c00000, 0x0000000093c00000|100%| E|CS|TAMS 0x0000000093b00000, 0x0000000093b00000| Complete 
| 316|0x0000000093c00000, 0x0000000093d00000, 0x0000000093d00000|100%| E|CS|TAMS 0x0000000093c00000, 0x0000000093c00000| Complete 
| 317|0x0000000093d00000, 0x0000000093e00000, 0x0000000093e00000|100%| E|CS|TAMS 0x0000000093d00000, 0x0000000093d00000| Complete 
| 318|0x0000000093e00000, 0x0000000093f00000, 0x0000000093f00000|100%| E|CS|TAMS 0x0000000093e00000, 0x0000000093e00000| Complete 
| 319|0x0000000093f00000, 0x0000000094000000, 0x0000000094000000|100%| E|CS|TAMS 0x0000000093f00000, 0x0000000093f00000| Complete 
| 320|0x0000000094000000, 0x0000000094100000, 0x0000000094100000|100%| E|CS|TAMS 0x0000000094000000, 0x0000000094000000| Complete 
| 321|0x0000000094100000, 0x0000000094200000, 0x0000000094200000|100%| E|CS|TAMS 0x0000000094100000, 0x0000000094100000| Complete 
| 322|0x0000000094200000, 0x0000000094300000, 0x0000000094300000|100%| E|CS|TAMS 0x0000000094200000, 0x0000000094200000| Complete 
| 323|0x0000000094300000, 0x0000000094400000, 0x0000000094400000|100%| E|CS|TAMS 0x0000000094300000, 0x0000000094300000| Complete 
| 324|0x0000000094400000, 0x0000000094500000, 0x0000000094500000|100%| E|CS|TAMS 0x0000000094400000, 0x0000000094400000| Complete 
| 325|0x0000000094500000, 0x0000000094600000, 0x0000000094600000|100%| E|CS|TAMS 0x0000000094500000, 0x0000000094500000| Complete 
| 326|0x0000000094600000, 0x0000000094700000, 0x0000000094700000|100%| E|CS|TAMS 0x0000000094600000, 0x0000000094600000| Complete 
| 327|0x0000000094700000, 0x0000000094800000, 0x0000000094800000|100%| E|CS|TAMS 0x0000000094700000, 0x0000000094700000| Complete 
| 328|0x0000000094800000, 0x0000000094900000, 0x0000000094900000|100%| E|CS|TAMS 0x0000000094800000, 0x0000000094800000| Complete 
| 329|0x0000000094900000, 0x0000000094a00000, 0x0000000094a00000|100%| E|CS|TAMS 0x0000000094900000, 0x0000000094900000| Complete 
| 330|0x0000000094a00000, 0x0000000094b00000, 0x0000000094b00000|100%| E|CS|TAMS 0x0000000094a00000, 0x0000000094a00000| Complete 
| 331|0x0000000094b00000, 0x0000000094c00000, 0x0000000094c00000|100%| E|CS|TAMS 0x0000000094b00000, 0x0000000094b00000| Complete 
| 332|0x0000000094c00000, 0x0000000094d00000, 0x0000000094d00000|100%| E|CS|TAMS 0x0000000094c00000, 0x0000000094c00000| Complete 
| 333|0x0000000094d00000, 0x0000000094e00000, 0x0000000094e00000|100%| E|CS|TAMS 0x0000000094d00000, 0x0000000094d00000| Complete 
| 334|0x0000000094e00000, 0x0000000094f00000, 0x0000000094f00000|100%| E|CS|TAMS 0x0000000094e00000, 0x0000000094e00000| Complete 
| 335|0x0000000094f00000, 0x0000000095000000, 0x0000000095000000|100%| E|CS|TAMS 0x0000000094f00000, 0x0000000094f00000| Complete 
| 336|0x0000000095000000, 0x0000000095100000, 0x0000000095100000|100%| E|CS|TAMS 0x0000000095000000, 0x0000000095000000| Complete 
| 337|0x0000000095100000, 0x0000000095200000, 0x0000000095200000|100%| E|CS|TAMS 0x0000000095100000, 0x0000000095100000| Complete 
| 338|0x0000000095200000, 0x0000000095300000, 0x0000000095300000|100%| E|CS|TAMS 0x0000000095200000, 0x0000000095200000| Complete 
| 339|0x0000000095300000, 0x0000000095400000, 0x0000000095400000|100%| E|CS|TAMS 0x0000000095300000, 0x0000000095300000| Complete 
| 340|0x0000000095400000, 0x0000000095500000, 0x0000000095500000|100%| E|CS|TAMS 0x0000000095400000, 0x0000000095400000| Complete 
| 341|0x0000000095500000, 0x0000000095600000, 0x0000000095600000|100%| E|CS|TAMS 0x0000000095500000, 0x0000000095500000| Complete 
| 342|0x0000000095600000, 0x0000000095700000, 0x0000000095700000|100%| E|CS|TAMS 0x0000000095600000, 0x0000000095600000| Complete 
| 343|0x0000000095700000, 0x0000000095800000, 0x0000000095800000|100%| E|CS|TAMS 0x0000000095700000, 0x0000000095700000| Complete 
| 344|0x0000000095800000, 0x0000000095900000, 0x0000000095900000|100%| E|CS|TAMS 0x0000000095800000, 0x0000000095800000| Complete 
| 345|0x0000000095900000, 0x0000000095a00000, 0x0000000095a00000|100%| E|CS|TAMS 0x0000000095900000, 0x0000000095900000| Complete 
| 346|0x0000000095a00000, 0x0000000095b00000, 0x0000000095b00000|100%| E|CS|TAMS 0x0000000095a00000, 0x0000000095a00000| Complete 
| 347|0x0000000095b00000, 0x0000000095c00000, 0x0000000095c00000|100%| E|CS|TAMS 0x0000000095b00000, 0x0000000095b00000| Complete 
| 348|0x0000000095c00000, 0x0000000095d00000, 0x0000000095d00000|100%| E|CS|TAMS 0x0000000095c00000, 0x0000000095c00000| Complete 
| 349|0x0000000095d00000, 0x0000000095e00000, 0x0000000095e00000|100%| E|CS|TAMS 0x0000000095d00000, 0x0000000095d00000| Complete 
| 350|0x0000000095e00000, 0x0000000095f00000, 0x0000000095f00000|100%| E|CS|TAMS 0x0000000095e00000, 0x0000000095e00000| Complete 
| 351|0x0000000095f00000, 0x0000000096000000, 0x0000000096000000|100%| E|CS|TAMS 0x0000000095f00000, 0x0000000095f00000| Complete 
| 352|0x0000000096000000, 0x0000000096100000, 0x0000000096100000|100%| E|CS|TAMS 0x0000000096000000, 0x0000000096000000| Complete 
| 353|0x0000000096100000, 0x0000000096200000, 0x0000000096200000|100%| E|CS|TAMS 0x0000000096100000, 0x0000000096100000| Complete 
| 354|0x0000000096200000, 0x0000000096300000, 0x0000000096300000|100%| E|CS|TAMS 0x0000000096200000, 0x0000000096200000| Complete 
| 355|0x0000000096300000, 0x0000000096400000, 0x0000000096400000|100%| E|CS|TAMS 0x0000000096300000, 0x0000000096300000| Complete 
| 356|0x0000000096400000, 0x0000000096500000, 0x0000000096500000|100%| E|CS|TAMS 0x0000000096400000, 0x0000000096400000| Complete 
| 357|0x0000000096500000, 0x0000000096600000, 0x0000000096600000|100%| E|CS|TAMS 0x0000000096500000, 0x0000000096500000| Complete 
| 358|0x0000000096600000, 0x0000000096700000, 0x0000000096700000|100%| E|CS|TAMS 0x0000000096600000, 0x0000000096600000| Complete 
| 359|0x0000000096700000, 0x0000000096800000, 0x0000000096800000|100%| E|CS|TAMS 0x0000000096700000, 0x0000000096700000| Complete 
| 360|0x0000000096800000, 0x0000000096900000, 0x0000000096900000|100%| E|CS|TAMS 0x0000000096800000, 0x0000000096800000| Complete 

Card table byte_map: [0x0000022cc9a10000,0x0000022cc9e10000] _byte_map_base: 0x0000022cc9610000

Marking Bits (Prev, Next): (CMBitMap*) 0x0000022cb6b5eec0, (CMBitMap*) 0x0000022cb6b5ee88
 Prev Bits: [0x0000022ccc210000, 0x0000022cce210000)
 Next Bits: [0x0000022cca210000, 0x0000022ccc210000)

Polling page: 0x0000022cb4950000

Metaspace:

Usage:
  Non-class:    131.56 MB capacity,   128.82 MB ( 98%) used,     2.22 MB (  2%) free+waste,   528.50 KB ( <1%) overhead. 
      Class:     19.70 MB capacity,    18.14 MB ( 92%) used,     1.33 MB (  7%) free+waste,   231.19 KB (  1%) overhead. 
       Both:    151.26 MB capacity,   146.97 MB ( 97%) used,     3.55 MB (  2%) free+waste,   759.69 KB ( <1%) overhead. 

Virtual space:
  Non-class space:      132.00 MB reserved,     131.67 MB (>99%) committed 
      Class space:        1.00 GB reserved,      19.75 MB (  2%) committed 
             Both:        1.13 GB reserved,     151.42 MB ( 13%) committed 

Chunk freelists:
   Non-Class:  45.00 KB
       Class:  0 bytes
        Both:  45.00 KB

MaxMetaspaceSize: 17179869184.00 GB
CompressedClassSpaceSize: 1.00 GB

CodeHeap 'non-profiled nmethods': size=120064Kb used=15066Kb max_used=15475Kb free=104997Kb
 bounds [0x0000022cc20d0000, 0x0000022cc3010000, 0x0000022cc9610000]
CodeHeap 'profiled nmethods': size=120000Kb used=57714Kb max_used=58982Kb free=62285Kb
 bounds [0x0000022cbaba0000, 0x0000022cbe560000, 0x0000022cc20d0000]
CodeHeap 'non-nmethods': size=5696Kb used=2404Kb max_used=2466Kb free=3291Kb
 bounds [0x0000022cba610000, 0x0000022cba880000, 0x0000022cbaba0000]
 total_blobs=25337 nmethods=24291 adapters=954
 compilation: enabled
              stopped_count=0, restarted_count=0
 full_count=0

Compilation events (20 events):
Event: 2140.088 Thread 0x0000022cd072a000 27662   !   2       com.android.tools.r8.graph.j0$m::b (49 bytes)
Event: 2140.089 Thread 0x0000022cd072a000 nmethod 27662 0x0000022cbcab5010 code [0x0000022cbcab5280, 0x0000022cbcab59d8]
Event: 2140.092 Thread 0x0000022cd072a000 27663       2       java.util.Collections::nCopies (41 bytes)
Event: 2140.093 Thread 0x0000022cd072a000 nmethod 27663 0x0000022cbcab4710 code [0x0000022cbcab4920, 0x0000022cbcab4db8]
Event: 2140.094 Thread 0x0000022cd072a000 27664       2       com.android.tools.r8.graph.T::a (18 bytes)
Event: 2140.094 Thread 0x0000022cd072a000 nmethod 27664 0x0000022cbcaaab10 code [0x0000022cbcaaace0, 0x0000022cbcaaae78]
Event: 2140.094 Thread 0x0000022cd072a000 27665       2       java.util.Collections$CopiesList::toArray (68 bytes)
Event: 2140.095 Thread 0x0000022cd072a000 nmethod 27665 0x0000022cbcab3c90 code [0x0000022cbcab3ea0, 0x0000022cbcab43f8]
Event: 2140.097 Thread 0x0000022cd072a000 27666       2       com.android.tools.r8.internal.m4::a (18 bytes)
Event: 2140.098 Thread 0x0000022cd072a000 nmethod 27666 0x0000022cbcab3810 code [0x0000022cbcab39e0, 0x0000022cbcab3b58]
Event: 2140.104 Thread 0x0000022cd072a000 27668       2       com.android.tools.r8.internal.Is::a (76 bytes)
Event: 2140.105 Thread 0x0000022cd072a000 nmethod 27668 0x0000022cbcab2e10 code [0x0000022cbcab3040, 0x0000022cbcab3438]
Event: 2140.110 Thread 0x0000022cd072a000 27669       2       com.android.build.gradle.internal.dexing.DexWorkActionKt$processIncrementally$1$filter$1::invoke (48 bytes)
Event: 2140.112 Thread 0x0000022cd072a000 nmethod 27669 0x0000022cbcab1c90 code [0x0000022cbcab1f80, 0x0000022cbcab2818]
Event: 2140.112 Thread 0x0000022cd072a000 27670       2       kotlin.io.FilesKt__UtilsKt::resolve (136 bytes)
Event: 2140.114 Thread 0x0000022cd072a000 nmethod 27670 0x0000022cbcab8390 code [0x0000022cbcab8700, 0x0000022cbcab9388]
Event: 2140.120 Thread 0x0000022cd072a000 27671       2       com.android.tools.r8.internal.fp$$Lambda$1161/0x0000000100e03040::accept (12 bytes)
Event: 2140.121 Thread 0x0000022cd072a000 nmethod 27671 0x0000022cbcab7e90 code [0x0000022cbcab8060, 0x0000022cbcab8218]
Event: 2140.126 Thread 0x0000022cd072a000 27672       2       com.android.tools.r8.internal.x3::a (29 bytes)
Event: 2140.127 Thread 0x0000022cd072a000 nmethod 27672 0x0000022cbcab7610 code [0x0000022cbcab7800, 0x0000022cbcab7cb8]

GC Heap History (20 events):
Event: 1808.594 GC heap before
{Heap before GC invocations=56 (full 0):
 garbage-first heap   total 284672K, used 208367K [0x0000000080000000, 0x0000000100000000)
  region size 1024K, 37 young (37888K), 3 survivors (3072K)
 Metaspace       used 136249K, capacity 140104K, committed 140332K, reserved 1171456K
  class space    used 17027K, capacity 18441K, committed 18560K, reserved 1048576K
}
Event: 1808.618 GC heap after
{Heap after GC invocations=57 (full 0):
 garbage-first heap   total 284672K, used 178432K [0x0000000080000000, 0x0000000100000000)
  region size 1024K, 5 young (5120K), 5 survivors (5120K)
 Metaspace       used 136249K, capacity 140104K, committed 140332K, reserved 1171456K
  class space    used 17027K, capacity 18441K, committed 18560K, reserved 1048576K
}
Event: 1808.774 GC heap before
{Heap before GC invocations=57 (full 0):
 garbage-first heap   total 284672K, used 187648K [0x0000000080000000, 0x0000000100000000)
  region size 1024K, 13 young (13312K), 5 survivors (5120K)
 Metaspace       used 136396K, capacity 140297K, committed 140588K, reserved 1171456K
  class space    used 17037K, capacity 18451K, committed 18560K, reserved 1048576K
}
Event: 1808.810 GC heap after
{Heap after GC invocations=58 (full 0):
 garbage-first heap   total 284672K, used 167342K [0x0000000080000000, 0x0000000100000000)
  region size 1024K, 1 young (1024K), 1 survivors (1024K)
 Metaspace       used 136396K, capacity 140297K, committed 140588K, reserved 1171456K
  class space    used 17037K, capacity 18451K, committed 18560K, reserved 1048576K
}
Event: 1809.551 GC heap before
{Heap before GC invocations=58 (full 0):
 garbage-first heap   total 284672K, used 213422K [0x0000000080000000, 0x0000000100000000)
  region size 1024K, 43 young (44032K), 1 survivors (1024K)
 Metaspace       used 136644K, capacity 140535K, committed 140844K, reserved 1171456K
  class space    used 17062K, capacity 18486K, committed 18560K, reserved 1048576K
}
Event: 1809.568 GC heap after
{Heap after GC invocations=59 (full 0):
 garbage-first heap   total 284672K, used 179200K [0x0000000080000000, 0x0000000100000000)
  region size 1024K, 6 young (6144K), 6 survivors (6144K)
 Metaspace       used 136644K, capacity 140535K, committed 140844K, reserved 1171456K
  class space    used 17062K, capacity 18486K, committed 18560K, reserved 1048576K
}
Event: 1810.009 GC heap before
{Heap before GC invocations=59 (full 0):
 garbage-first heap   total 284672K, used 223232K [0x0000000080000000, 0x0000000100000000)
  region size 1024K, 46 young (47104K), 6 survivors (6144K)
 Metaspace       used 136759K, capacity 140691K, committed 140844K, reserved 1171456K
  class space    used 17062K, capacity 18486K, committed 18560K, reserved 1048576K
}
Event: 1810.020 GC heap after
{Heap after GC invocations=60 (full 0):
 garbage-first heap   total 369664K, used 182134K [0x0000000080000000, 0x0000000100000000)
  region size 1024K, 1 young (1024K), 1 survivors (1024K)
 Metaspace       used 136759K, capacity 140691K, committed 140844K, reserved 1171456K
  class space    used 17062K, capacity 18486K, committed 18560K, reserved 1048576K
}
Event: 1849.660 GC heap before
{Heap before GC invocations=60 (full 0):
 garbage-first heap   total 369664K, used 254838K [0x0000000080000000, 0x0000000100000000)
  region size 1024K, 73 young (74752K), 1 survivors (1024K)
 Metaspace       used 138039K, capacity 142043K, committed 142252K, reserved 1173504K
  class space    used 17197K, capacity 18675K, committed 18688K, reserved 1048576K
}
Event: 1849.675 GC heap after
{Heap after GC invocations=61 (full 0):
 garbage-first heap   total 369664K, used 185986K [0x0000000080000000, 0x0000000100000000)
  region size 1024K, 9 young (9216K), 9 survivors (9216K)
 Metaspace       used 138039K, capacity 142043K, committed 142252K, reserved 1173504K
  class space    used 17197K, capacity 18675K, committed 18688K, reserved 1048576K
}
Event: 1850.595 GC heap before
{Heap before GC invocations=61 (full 0):
 garbage-first heap   total 369664K, used 261762K [0x0000000080000000, 0x0000000100000000)
  region size 1024K, 84 young (86016K), 9 survivors (9216K)
 Metaspace       used 139260K, capacity 143282K, committed 143404K, reserved 1173504K
  class space    used 17324K, capacity 18767K, committed 18816K, reserved 1048576K
}
Event: 1850.611 GC heap after
{Heap after GC invocations=62 (full 0):
 garbage-first heap   total 369664K, used 188372K [0x0000000080000000, 0x0000000100000000)
  region size 1024K, 4 young (4096K), 4 survivors (4096K)
 Metaspace       used 139260K, capacity 143282K, committed 143404K, reserved 1173504K
  class space    used 17324K, capacity 18767K, committed 18816K, reserved 1048576K
}
Event: 1852.550 GC heap before
{Heap before GC invocations=62 (full 0):
 garbage-first heap   total 369664K, used 271316K [0x0000000080000000, 0x0000000100000000)
  region size 1024K, 84 young (86016K), 4 survivors (4096K)
 Metaspace       used 147664K, capacity 151986K, committed 152236K, reserved 1181696K
  class space    used 18333K, capacity 19870K, committed 19968K, reserved 1048576K
}
Event: 1852.568 GC heap after
{Heap after GC invocations=63 (full 0):
 garbage-first heap   total 369664K, used 199628K [0x0000000080000000, 0x0000000100000000)
  region size 1024K, 11 young (11264K), 11 survivors (11264K)
 Metaspace       used 147664K, capacity 151986K, committed 152236K, reserved 1181696K
  class space    used 18333K, capacity 19870K, committed 19968K, reserved 1048576K
}
Event: 1853.486 GC heap before
{Heap before GC invocations=63 (full 0):
 garbage-first heap   total 369664K, used 283596K [0x0000000080000000, 0x0000000100000000)
  region size 1024K, 90 young (92160K), 11 survivors (11264K)
 Metaspace       used 148151K, capacity 152505K, committed 152748K, reserved 1181696K
  class space    used 18381K, capacity 19920K, committed 19968K, reserved 1048576K
}
Event: 1853.514 GC heap after
{Heap after GC invocations=64 (full 0):
 garbage-first heap   total 369664K, used 211837K [0x0000000080000000, 0x0000000100000000)
  region size 1024K, 12 young (12288K), 12 survivors (12288K)
 Metaspace       used 148151K, capacity 152505K, committed 152748K, reserved 1181696K
  class space    used 18381K, capacity 19920K, committed 19968K, reserved 1048576K
}
Event: 1918.076 GC heap before
{Heap before GC invocations=64 (full 0):
 garbage-first heap   total 369664K, used 312189K [0x0000000080000000, 0x0000000100000000)
  region size 1024K, 86 young (88064K), 12 survivors (12288K)
 Metaspace       used 149512K, capacity 153875K, committed 154028K, reserved 1183744K
  class space    used 18544K, capacity 20110K, committed 20224K, reserved 1048576K
}
Event: 1918.089 GC heap after
{Heap after GC invocations=65 (full 0):
 garbage-first heap   total 369664K, used 206848K [0x0000000080000000, 0x0000000100000000)
  region size 1024K, 2 young (2048K), 2 survivors (2048K)
 Metaspace       used 149512K, capacity 153875K, committed 154028K, reserved 1183744K
  class space    used 18544K, capacity 20110K, committed 20224K, reserved 1048576K
}
Event: 2138.471 GC heap before
{Heap before GC invocations=65 (full 0):
 garbage-first heap   total 369664K, used 286720K [0x0000000080000000, 0x0000000100000000)
  region size 1024K, 81 young (82944K), 2 survivors (2048K)
 Metaspace       used 150065K, capacity 154590K, committed 154796K, reserved 1183744K
  class space    used 18570K, capacity 20157K, committed 20224K, reserved 1048576K
}
Event: 2138.489 GC heap after
{Heap after GC invocations=66 (full 0):
 garbage-first heap   total 369664K, used 209539K [0x0000000080000000, 0x0000000100000000)
  region size 1024K, 5 young (5120K), 5 survivors (5120K)
 Metaspace       used 150065K, capacity 154590K, committed 154796K, reserved 1183744K
  class space    used 18570K, capacity 20157K, committed 20224K, reserved 1048576K
}

Deoptimization events (20 events):
Event: 2139.164 Thread 0x0000022cd54cf000 DEOPT PACKING pc=0x0000022cc26dfa54 sp=0x0000009f903f8b40
Event: 2139.164 Thread 0x0000022cd54cf000 DEOPT UNPACKING pc=0x0000022cba6378af sp=0x0000009f903f8a48 mode 2
Event: 2139.639 Thread 0x0000022cd54cf000 DEOPT PACKING pc=0x0000022cbc90a680 sp=0x0000009f903fa520
Event: 2139.639 Thread 0x0000022cd54cf000 DEOPT UNPACKING pc=0x0000022cba6376ce sp=0x0000009f903f9938 mode 0
Event: 2140.009 Thread 0x0000022cd54cd800 DEOPT PACKING pc=0x0000022cbdb48117 sp=0x0000009f909fc040
Event: 2140.009 Thread 0x0000022cd54cd800 DEOPT UNPACKING pc=0x0000022cba6376ce sp=0x0000009f909fb598 mode 0
Event: 2140.015 Thread 0x0000022cd54cd800 DEOPT PACKING pc=0x0000022cbe1cef3f sp=0x0000009f909fc950
Event: 2140.015 Thread 0x0000022cd54cd800 DEOPT UNPACKING pc=0x0000022cba6376ce sp=0x0000009f909fbe10 mode 0
Event: 2140.021 Thread 0x0000022cd54cd800 DEOPT PACKING pc=0x0000022cbe1cef3f sp=0x0000009f909fc970
Event: 2140.021 Thread 0x0000022cd54cd800 DEOPT UNPACKING pc=0x0000022cba6376ce sp=0x0000009f909fbe30 mode 0
Event: 2140.046 Thread 0x0000022cd54d7000 DEOPT PACKING pc=0x0000022cbe1cef3f sp=0x0000009f90dfc280
Event: 2140.046 Thread 0x0000022cd54d7000 DEOPT UNPACKING pc=0x0000022cba6376ce sp=0x0000009f90dfb740 mode 0
Event: 2140.053 Thread 0x0000022cd54d7000 DEOPT PACKING pc=0x0000022cbe1cef3f sp=0x0000009f90dfc300
Event: 2140.053 Thread 0x0000022cd54d7000 DEOPT UNPACKING pc=0x0000022cba6376ce sp=0x0000009f90dfb7c0 mode 0
Event: 2140.097 Thread 0x0000022cd54d7000 Uncommon trap: trap_request=0xffffff76 fr.pc=0x0000022cc2ef909c relative=0x00000000000062fc
Event: 2140.097 Thread 0x0000022cd54d7000 Uncommon trap: reason=loop_limit_check action=maybe_recompile pc=0x0000022cc2ef909c method=com.android.tools.r8.internal.g9.b(Lcom/android/tools/r8/internal/vh;Lcom/android/tools/r8/internal/vh;)Z @ 65 c2
Event: 2140.097 Thread 0x0000022cd54d7000 DEOPT PACKING pc=0x0000022cc2ef909c sp=0x0000009f90dfba20
Event: 2140.097 Thread 0x0000022cd54d7000 DEOPT UNPACKING pc=0x0000022cba6378af sp=0x0000009f90dfb968 mode 2
Event: 2140.102 Thread 0x0000022cd54d7000 DEOPT PACKING pc=0x0000022cbe1cef3f sp=0x0000009f90dfadc0
Event: 2140.102 Thread 0x0000022cd54d7000 DEOPT UNPACKING pc=0x0000022cba6376ce sp=0x0000009f90dfa280 mode 0

Classes redefined (0 events):
No events

Internal exceptions (20 events):
Event: 2139.454 Thread 0x0000022cd54cf000 Exception <a 'sun/nio/fs/WindowsException'{0x000000009482fd50}> (0x000000009482fd50) thrown at [./src/hotspot/share/prims/jni.cpp, line 615]
Event: 2139.456 Thread 0x0000022cd54cf000 Exception <a 'sun/nio/fs/WindowsException'{0x00000000948625c0}> (0x00000000948625c0) thrown at [./src/hotspot/share/prims/jni.cpp, line 615]
Event: 2139.456 Thread 0x0000022cd54cf000 Exception <a 'sun/nio/fs/WindowsException'{0x0000000094862700}> (0x0000000094862700) thrown at [./src/hotspot/share/prims/jni.cpp, line 615]
Event: 2139.461 Thread 0x0000022cd54cf000 Exception <a 'sun/nio/fs/WindowsException'{0x00000000948c4a68}> (0x00000000948c4a68) thrown at [./src/hotspot/share/prims/jni.cpp, line 615]
Event: 2139.462 Thread 0x0000022cd54cf000 Exception <a 'sun/nio/fs/WindowsException'{0x00000000948c4b88}> (0x00000000948c4b88) thrown at [./src/hotspot/share/prims/jni.cpp, line 615]
Event: 2139.464 Thread 0x0000022cd54cf000 Exception <a 'sun/nio/fs/WindowsException'{0x0000000094732e90}> (0x0000000094732e90) thrown at [./src/hotspot/share/prims/jni.cpp, line 615]
Event: 2139.464 Thread 0x0000022cd54cf000 Exception <a 'sun/nio/fs/WindowsException'{0x0000000094732fb8}> (0x0000000094732fb8) thrown at [./src/hotspot/share/prims/jni.cpp, line 615]
Event: 2139.466 Thread 0x0000022cd54cf000 Exception <a 'sun/nio/fs/WindowsException'{0x0000000094780620}> (0x0000000094780620) thrown at [./src/hotspot/share/prims/jni.cpp, line 615]
Event: 2139.466 Thread 0x0000022cd54cf000 Exception <a 'sun/nio/fs/WindowsException'{0x0000000094780758}> (0x0000000094780758) thrown at [./src/hotspot/share/prims/jni.cpp, line 615]
Event: 2139.501 Thread 0x0000022cd54cf000 Exception <a 'sun/nio/fs/WindowsException'{0x00000000944ac850}> (0x00000000944ac850) thrown at [./src/hotspot/share/prims/jni.cpp, line 615]
Event: 2139.501 Thread 0x0000022cd54cf000 Exception <a 'sun/nio/fs/WindowsException'{0x00000000944ac988}> (0x00000000944ac988) thrown at [./src/hotspot/share/prims/jni.cpp, line 615]
Event: 2139.507 Thread 0x0000022cd54cf000 Exception <a 'sun/nio/fs/WindowsException'{0x00000000944de430}> (0x00000000944de430) thrown at [./src/hotspot/share/prims/jni.cpp, line 615]
Event: 2139.521 Thread 0x0000022cd54cf000 Exception <a 'sun/nio/fs/WindowsException'{0x00000000943b0798}> (0x00000000943b0798) thrown at [./src/hotspot/share/prims/jni.cpp, line 615]
Event: 2139.522 Thread 0x0000022cd54cf000 Exception <a 'sun/nio/fs/WindowsException'{0x00000000943b08c8}> (0x00000000943b08c8) thrown at [./src/hotspot/share/prims/jni.cpp, line 615]
Event: 2139.536 Thread 0x0000022cd54cf000 Exception <a 'sun/nio/fs/WindowsException'{0x00000000942f4018}> (0x00000000942f4018) thrown at [./src/hotspot/share/prims/jni.cpp, line 615]
Event: 2139.564 Thread 0x0000022cd54cf000 Exception <a 'sun/nio/fs/WindowsException'{0x00000000940f9f28}> (0x00000000940f9f28) thrown at [./src/hotspot/share/prims/jni.cpp, line 615]
Event: 2139.585 Thread 0x0000022cd54cf000 Exception <a 'sun/nio/fs/WindowsException'{0x0000000093ee0b90}> (0x0000000093ee0b90) thrown at [./src/hotspot/share/prims/jni.cpp, line 615]
Event: 2139.607 Thread 0x0000022cd54cf000 Exception <a 'sun/nio/fs/WindowsException'{0x0000000093cca0f0}> (0x0000000093cca0f0) thrown at [./src/hotspot/share/prims/jni.cpp, line 615]
Event: 2139.992 Thread 0x0000022cd54cd800 Exception <a 'sun/nio/fs/WindowsException'{0x0000000092c2b9e0}> (0x0000000092c2b9e0) thrown at [./src/hotspot/share/prims/jni.cpp, line 615]
Event: 2140.033 Thread 0x0000022cd54d7000 Exception <a 'sun/nio/fs/WindowsException'{0x00000000928efb90}> (0x00000000928efb90) thrown at [./src/hotspot/share/prims/jni.cpp, line 615]

Events (20 events):
Event: 2139.980 Thread 0x0000022cd54cd800 Thread added: 0x0000022cd54cd800
Event: 2139.981 Thread 0x0000022cd54d9000 Thread added: 0x0000022cd54d9000
Event: 2139.985 Thread 0x0000022cd54d4000 Thread added: 0x0000022cd54d4000
Event: 2139.986 Thread 0x0000022cd54d7000 Thread added: 0x0000022cd54d7000
Event: 2139.986 Thread 0x0000022cd54d5800 Thread added: 0x0000022cd54d5800
Event: 2140.003 Executing VM operation: RevokeBias
Event: 2140.004 Executing VM operation: RevokeBias done
Event: 2140.004 Executing VM operation: RevokeBias
Event: 2140.004 Executing VM operation: RevokeBias done
Event: 2140.059 Executing VM operation: RevokeBias
Event: 2140.081 Executing VM operation: RevokeBias done
Event: 2140.105 Executing VM operation: RevokeBias
Event: 2140.107 Executing VM operation: RevokeBias done
Event: 2140.116 Executing VM operation: RevokeBias
Event: 2140.120 Executing VM operation: RevokeBias done
Event: 2140.123 Executing VM operation: RevokeBias
Event: 2140.124 Executing VM operation: RevokeBias done
Event: 2140.125 Executing VM operation: RevokeBias
Event: 2140.126 Executing VM operation: RevokeBias done
Event: 2140.127 Executing VM operation: BulkRevokeBias


Dynamic libraries:
0x00007ff6f7ee0000 - 0x00007ff6f7eea000 	C:\Program Files\Android\Android Studio\jre\bin\java.exe
0x00007ff8f4590000 - 0x00007ff8f4785000 	C:\WINDOWS\SYSTEM32\ntdll.dll
0x00007ff8f3350000 - 0x00007ff8f340e000 	C:\WINDOWS\System32\KERNEL32.DLL
0x00007ff8f1ea0000 - 0x00007ff8f2168000 	C:\WINDOWS\System32\KERNELBASE.dll
0x00007ff8f2470000 - 0x00007ff8f2570000 	C:\WINDOWS\System32\ucrtbase.dll
0x00007ff8dd0c0000 - 0x00007ff8dd0d7000 	C:\Program Files\Android\Android Studio\jre\bin\VCRUNTIME140.dll
0x00007ff8dc050000 - 0x00007ff8dc069000 	C:\Program Files\Android\Android Studio\jre\bin\jli.dll
0x00007ff8f3140000 - 0x00007ff8f32e1000 	C:\WINDOWS\System32\USER32.dll
0x00007ff8f1ca0000 - 0x00007ff8f1cc2000 	C:\WINDOWS\System32\win32u.dll
0x00007ff8ddc90000 - 0x00007ff8ddf2a000 	C:\WINDOWS\WinSxS\amd64_microsoft.windows.common-controls_6595b64144ccf1df_6.0.19041.1110_none_60b5254171f9507e\COMCTL32.dll
0x00007ff8f25d0000 - 0x00007ff8f25fb000 	C:\WINDOWS\System32\GDI32.dll
0x00007ff8f2790000 - 0x00007ff8f282e000 	C:\WINDOWS\System32\msvcrt.dll
0x00007ff8f2200000 - 0x00007ff8f230d000 	C:\WINDOWS\System32\gdi32full.dll
0x00007ff8f1cd0000 - 0x00007ff8f1d6d000 	C:\WINDOWS\System32\msvcp_win.dll
0x00007ff8f3410000 - 0x00007ff8f3440000 	C:\WINDOWS\System32\IMM32.DLL
0x00007ff8ba6e0000 - 0x00007ff8ba77d000 	C:\Program Files\Android\Android Studio\jre\bin\msvcp140.dll
0x00007ff8b37b0000 - 0x00007ff8b427f000 	C:\Program Files\Android\Android Studio\jre\bin\server\jvm.dll
0x00007ff8f2610000 - 0x00007ff8f26bc000 	C:\WINDOWS\System32\ADVAPI32.dll
0x00007ff8f2a30000 - 0x00007ff8f2acb000 	C:\WINDOWS\System32\sechost.dll
0x00007ff8f2900000 - 0x00007ff8f2a2a000 	C:\WINDOWS\System32\RPCRT4.dll
0x00007ff8f3cb0000 - 0x00007ff8f3cb8000 	C:\WINDOWS\System32\PSAPI.DLL
0x00007ff8da960000 - 0x00007ff8da969000 	C:\WINDOWS\SYSTEM32\WSOCK32.dll
0x00007ff8de0e0000 - 0x00007ff8de107000 	C:\WINDOWS\SYSTEM32\WINMM.dll
0x00007ff8f2f10000 - 0x00007ff8f2f7b000 	C:\WINDOWS\System32\WS2_32.dll
0x00007ff8ed6f0000 - 0x00007ff8ed6fa000 	C:\WINDOWS\SYSTEM32\VERSION.dll
0x00007ff8efbd0000 - 0x00007ff8efbe2000 	C:\WINDOWS\SYSTEM32\kernel.appcore.dll
0x00007ff8ed700000 - 0x00007ff8ed711000 	C:\Program Files\Android\Android Studio\jre\bin\verify.dll
0x00007ff8ef450000 - 0x00007ff8ef634000 	C:\WINDOWS\SYSTEM32\DBGHELP.DLL
0x00007ff8e2d20000 - 0x00007ff8e2d4c000 	C:\WINDOWS\SYSTEM32\dbgcore.DLL
0x00007ff8f2170000 - 0x00007ff8f21f2000 	C:\WINDOWS\System32\bcryptPrimitives.dll
0x00007ff8e92c0000 - 0x00007ff8e92e9000 	C:\Program Files\Android\Android Studio\jre\bin\java.dll
0x00007ff8ed740000 - 0x00007ff8ed74b000 	C:\Program Files\Android\Android Studio\jre\bin\jimage.dll
0x00007ff8e9280000 - 0x00007ff8e9298000 	C:\Program Files\Android\Android Studio\jre\bin\zip.dll
0x00007ff8f3cc0000 - 0x00007ff8f4404000 	C:\WINDOWS\System32\SHELL32.dll
0x00007ff8efd90000 - 0x00007ff8f0524000 	C:\WINDOWS\SYSTEM32\windows.storage.dll
0x00007ff8f2bb0000 - 0x00007ff8f2f05000 	C:\WINDOWS\System32\combase.dll
0x00007ff8f16f0000 - 0x00007ff8f171e000 	C:\WINDOWS\SYSTEM32\Wldp.dll
0x00007ff8f44a0000 - 0x00007ff8f454d000 	C:\WINDOWS\System32\SHCORE.dll
0x00007ff8f3c50000 - 0x00007ff8f3ca5000 	C:\WINDOWS\System32\shlwapi.dll
0x00007ff8f1be0000 - 0x00007ff8f1bff000 	C:\WINDOWS\SYSTEM32\profapi.dll
0x00007ff8e82d0000 - 0x00007ff8e82ea000 	C:\Program Files\Android\Android Studio\jre\bin\net.dll
0x00007ff8e05c0000 - 0x00007ff8e06cc000 	C:\WINDOWS\SYSTEM32\WINHTTP.dll
0x00007ff8f1450000 - 0x00007ff8f14ba000 	C:\WINDOWS\system32\mswsock.dll
0x00007ff8e6ab0000 - 0x00007ff8e6ac4000 	C:\Program Files\Android\Android Studio\jre\bin\nio.dll
0x00007ff8e29b0000 - 0x00007ff8e29d7000 	C:\Users\Billy\.gradle\native\8bec1ad78214c89d9ad589b4d07fe93259594b29d510b10fafb7a158f7737e5d\windows-amd64\native-platform.dll
0x00007ff8ba380000 - 0x00007ff8ba4bd000 	C:\Users\Billy\.gradle\native\53dbd7edfb1c66fb8903c78663c9afc45aea4f116125fa6feffd364cf09443e8\windows-amd64\native-platform-file-events.dll
0x00007ff8ed3f0000 - 0x00007ff8ed3fa000 	C:\Program Files\Android\Android Studio\jre\bin\management.dll
0x00007ff8ed2a0000 - 0x00007ff8ed2ac000 	C:\Program Files\Android\Android Studio\jre\bin\management_ext.dll
0x00007ff8f1650000 - 0x00007ff8f1668000 	C:\WINDOWS\SYSTEM32\CRYPTSP.dll
0x00007ff8f0d60000 - 0x00007ff8f0d94000 	C:\WINDOWS\system32\rsaenh.dll
0x00007ff8f1e20000 - 0x00007ff8f1e47000 	C:\WINDOWS\System32\bcrypt.dll
0x00007ff8f1ba0000 - 0x00007ff8f1bce000 	C:\WINDOWS\SYSTEM32\USERENV.dll
0x00007ff8f1640000 - 0x00007ff8f164c000 	C:\WINDOWS\SYSTEM32\CRYPTBASE.dll
0x00007ff8f10f0000 - 0x00007ff8f112b000 	C:\WINDOWS\SYSTEM32\IPHLPAPI.DLL
0x00007ff8f2600000 - 0x00007ff8f2608000 	C:\WINDOWS\System32\NSI.dll
0x00007ff8e2d50000 - 0x00007ff8e2d67000 	C:\WINDOWS\SYSTEM32\dhcpcsvc6.DLL
0x00007ff8e3190000 - 0x00007ff8e31ad000 	C:\WINDOWS\SYSTEM32\dhcpcsvc.DLL
0x00007ff8f1130000 - 0x00007ff8f11fb000 	C:\WINDOWS\SYSTEM32\DNSAPI.dll
0x00007ff8dcf40000 - 0x00007ff8dcf67000 	C:\Program Files\Android\Android Studio\jre\bin\sunec.dll
0x000000006b510000 - 0x000000006b536000 	C:\Program Files\Bonjour\mdnsNSP.dll
0x00007ff8e8300000 - 0x00007ff8e830a000 	C:\Windows\System32\rasadhlp.dll
0x00007ff8dbb50000 - 0x00007ff8dbbcf000 	C:\WINDOWS\System32\fwpuclnt.dll
0x00007ff8f0990000 - 0x00007ff8f09c3000 	C:\WINDOWS\SYSTEM32\ntmarta.dll

dbghelp: loaded successfully - version: 4.0.5 - missing functions: none
symbol engine: initialized successfully - sym options: 0x614 - pdb path: .;C:\Program Files\Android\Android Studio\jre\bin;C:\WINDOWS\SYSTEM32;C:\WINDOWS\WinSxS\amd64_microsoft.windows.common-controls_6595b64144ccf1df_6.0.19041.1110_none_60b5254171f9507e;C:\Program Files\Android\Android Studio\jre\bin\server;C:\Users\Billy\.gradle\native\8bec1ad78214c89d9ad589b4d07fe93259594b29d510b10fafb7a158f7737e5d\windows-amd64;C:\Users\Billy\.gradle\native\53dbd7edfb1c66fb8903c78663c9afc45aea4f116125fa6feffd364cf09443e8\windows-amd64;C:\Program Files\Bonjour

VM Arguments:
jvm_args: --add-opens=java.base/java.util=ALL-UNNAMED --add-opens=java.base/java.lang=ALL-UNNAMED --add-opens=java.base/java.lang.invoke=ALL-UNNAMED --add-opens=java.base/java.util=ALL-UNNAMED --add-opens=java.prefs/java.util.prefs=ALL-UNNAMED --add-opens=java.prefs/java.util.prefs=ALL-UNNAMED --add-opens=java.base/java.nio.charset=ALL-UNNAMED --add-opens=java.base/java.net=ALL-UNNAMED --add-opens=java.base/java.util.concurrent.atomic=ALL-UNNAMED -Xmx2048m -Dfile.encoding=UTF-8 -Duser.country=TW -Duser.language=zh -Duser.variant 
java_command: org.gradle.launcher.daemon.bootstrap.GradleDaemon 7.0.2
java_class_path (initial): C:\Users\Billy\.gradle\wrapper\dists\gradle-7.0.2-bin\857tjihv64xamwrf0h14cai3r\gradle-7.0.2\lib\gradle-launcher-7.0.2.jar
Launcher Type: SUN_STANDARD

[Global flags]
     intx CICompilerCount                          = 3                                         {product} {ergonomic}
     uint ConcGCThreads                            = 1                                         {product} {ergonomic}
     uint G1ConcRefinementThreads                  = 4                                         {product} {ergonomic}
   size_t G1HeapRegionSize                         = 1048576                                   {product} {ergonomic}
    uintx GCDrainStackTargetSize                   = 64                                        {product} {ergonomic}
   size_t InitialHeapSize                          = 134217728                                 {product} {ergonomic}
   size_t MarkStackSize                            = 4194304                                   {product} {ergonomic}
   size_t MaxHeapSize                              = 2147483648                                {product} {command line}
   size_t MaxNewSize                               = 1287651328                                {product} {ergonomic}
   size_t MinHeapDeltaBytes                        = 1048576                                   {product} {ergonomic}
    uintx NonNMethodCodeHeapSize                   = 5830732                                {pd product} {ergonomic}
    uintx NonProfiledCodeHeapSize                  = 122913754                              {pd product} {ergonomic}
    uintx ProfiledCodeHeapSize                     = 122913754                              {pd product} {ergonomic}
    uintx ReservedCodeCacheSize                    = 251658240                              {pd product} {ergonomic}
     bool SegmentedCodeCache                       = true                                      {product} {ergonomic}
     bool UseCompressedClassPointers               = true                                 {lp64_product} {ergonomic}
     bool UseCompressedOops                        = true                                 {lp64_product} {ergonomic}
     bool UseG1GC                                  = true                                      {product} {ergonomic}
     bool UseLargePagesIndividualAllocation        = false                                  {pd product} {ergonomic}

Logging:
Log output configuration:
 #0: stdout all=warning uptime,level,tags
 #1: stderr all=off uptime,level,tags

Environment Variables:
PATH=C:\Program Files\Common Files\Oracle\Java\javapath;C:\WINDOWS\system32;C:\WINDOWS;C:\WINDOWS\System32\Wbem;C:\WINDOWS\System32\WindowsPowerShell\v1.0\;C:\WINDOWS\System32\OpenSSH\;C:\Program Files\Intel\WiFi\bin\;C:\Program Files\Common Files\Intel\WirelessCommon\;C:\Program Files\PuTTY\;C:\Program Files\Tesseract-OCR;c:\users\billy\appdata\local\programs\python\python39\lib\site-packages;C:\Users\Billy\AppData\Local\Programs\Python\Python39\Lib\site-packages\moviepy;C:\Program Files\ffmpeg-4.4-essentials_build\bin;C:\HashiCorp\Vagrant\bin;C:\Users\Billy\AppData\Local\Programs\Python\Python39\Scripts\;C:\Users\Billy\AppData\Local\Programs\Python\Python39\;C:\Users\Billy\AppData\Local\Microsoft\WindowsApps;C:\Users\Billy\AppData\Local\Programs\MiKTeX 2.9\miktex\bin\x64\;C:\AppServ\Apache24\bin;C:\AppServ\php7;C:\AppServ\MySQL\bin;C:\Users\Billy\AppData\Local\Programs\Microsoft VS Code\bin;C:\Program Files\Tesseract-OCR;c:\users\billy\appdata\local\programs\python\python39\lib\site-packages;C:\Users\Billy\AppData\Local\Programs\Python\Python39\Lib\site-packages\moviepy;C:\Program Files\ffmpeg-4.4-essentials_build\bin;
USERNAME=Billy
OS=Windows_NT
PROCESSOR_IDENTIFIER=Intel64 Family 6 Model 142 Stepping 9, GenuineIntel



---------------  S Y S T E M  ---------------

OS: Windows 10 , 64 bit Build 19041 (10.0.19041.1348)
OS uptime: 3 days 2:09 hours

CPU:total 4 (initial active 4) (2 cores per cpu, 2 threads per core) family 6 model 142 stepping 9 microcode 0xb4, cmov, cx8, fxsr, mmx, sse, sse2, sse3, ssse3, sse4.1, sse4.2, popcnt, avx, avx2, aes, clmul, erms, 3dnowpref, lzcnt, ht, tsc, tscinvbit, bmi1, bmi2, adx, fma

Memory: 4k page, system-wide physical 8073M (894M free)
TotalPageFile size 8073M (AvailPageFile size 5M)
current process WorkingSet (physical memory assigned to process): 690M, peak: 718M
current process commit charge ("private bytes"): 800M, peak: 816M

vm_info: OpenJDK 64-Bit Server VM (11.0.10+0-b96-7249189) for windows-amd64 JRE (11.0.10+0-b96-7249189), built on Mar 31 2021 21:44:00 by "builder" with MS VC++ 14.0 (VS2015)

END.
