#
# There is insufficient memory for the Java Runtime Environment to continue.
# Native memory allocation (mmap) failed to map 27262976 bytes for Failed to commit area from 0x0000000088000000 to 0x0000000089a00000 of length 27262976.
# Possible reasons:
#   The system is out of physical RAM or swap space
#   The process is running with CompressedOops enabled, and the Java Heap may be blocking the growth of the native heap
# Possible solutions:
#   Reduce memory load on the system
#   Increase physical memory or swap space
#   Check if swap backing store is full
#   Decrease Java heap size (-Xmx/-Xms)
#   Decrease number of Java threads
#   Decrease Java thread stack sizes (-Xss)
#   Set larger code cache with -XX:ReservedCodeCacheSize=
#   JVM is running with Unscaled Compressed Oops mode in which the Java heap is
#     placed in the first 4GB address space. The Java Heap base address is the
#     maximum limit for the native heap growth. Please use -XX:HeapBaseMinAddress
#     to set the Java Heap base and to place the Java Heap above 4GB virtual address.
# This output file may be truncated or incomplete.
#
#  Out of Memory Error (./src/hotspot/os/windows/os_windows.cpp:3619), pid=11584, tid=1468
#
# JRE version: OpenJDK Runtime Environment (11.0.13) (build 11.0.13+0-b1751.21-8125866)
# Java VM: OpenJDK 64-Bit Server VM (11.0.13+0-b1751.21-8125866, mixed mode, tiered, compressed oops, g1 gc, windows-amd64)
# No core dump will be written. Minidumps are not enabled by default on client versions of Windows
#

---------------  S U M M A R Y ------------

Command Line: --add-opens=java.base/java.util=ALL-UNNAMED --add-opens=java.base/java.lang=ALL-UNNAMED --add-opens=java.base/java.lang.invoke=ALL-UNNAMED --add-opens=java.base/java.util=ALL-UNNAMED --add-opens=java.prefs/java.util.prefs=ALL-UNNAMED --add-opens=java.prefs/java.util.prefs=ALL-UNNAMED --add-opens=java.base/java.nio.charset=ALL-UNNAMED --add-opens=java.base/java.net=ALL-UNNAMED --add-opens=java.base/java.util.concurrent.atomic=ALL-UNNAMED -Xmx2048m -Dfile.encoding=UTF-8 -Duser.country=TW -Duser.language=zh -Duser.variant org.gradle.launcher.daemon.bootstrap.GradleDaemon 7.0.2

Host: Intel(R) Core(TM) i5-7200U CPU @ 2.50GHz, 4 cores, 7G,  Windows 10 , 64 bit Build 19041 (10.0.19041.2251)
Time: Thu Dec  8 21:21:25 2022 台北標準時間 elapsed time: 5.514180 seconds (0d 0h 0m 5s)

---------------  T H R E A D  ---------------

Current thread (0x0000027b1af40800):  VMThread "VM Thread" [stack: 0x000000dac8d00000,0x000000dac8e00000] [id=1468]

Stack: [0x000000dac8d00000,0x000000dac8e00000]
[error occurred during error reporting (printing stack bounds), id 0xc0000005, EXCEPTION_ACCESS_VIOLATION (0xc0000005) at pc=0x0000027b04e5112d]

Native frames: (J=compiled Java code, j=interpreted, Vv=VM code, C=native code)
V  [jvm.dll+0x6100fa]
V  [jvm.dll+0x747090]
V  [jvm.dll+0x7486ad]
V  [jvm.dll+0x748ce5]
V  [jvm.dll+0x748c9b]
V  [jvm.dll+0x60f224]
V  [jvm.dll+0x60f9b8]
C  [ntdll.dll+0xa241f]
C  [ntdll.dll+0x514a4]
C  [ntdll.dll+0xa0f4e]
C  0x0000027b04e5112d

VM_Operation (0x000000daca0f7840): G1CollectForAllocation, mode: safepoint, requested by thread 0x0000027b1db5c000


---------------  P R O C E S S  ---------------

Threads class SMR info:
_java_thread_list=0x0000027b1f6425d0, length=31, elements={
0x0000027b7f322800, 0x0000027b1af47000, 0x0000027b1af48800, 0x0000027b1af62800,
0x0000027b1af63800, 0x0000027b1af65000, 0x0000027b1af6e800, 0x0000027b1af76000,
0x0000027b1af80000, 0x0000027b1b923800, 0x0000027b1e0a3800, 0x0000027b1e356800,
0x0000027b1da61800, 0x0000027b1c4e0000, 0x0000027b1da84800, 0x0000027b1dbe0000,
0x0000027b1db5c000, 0x0000027b1dbdd000, 0x0000027b1d7db000, 0x0000027b1e191000,
0x0000027b1db05800, 0x0000027b1db01800, 0x0000027b1db04800, 0x0000027b1dc76800,
0x0000027b1db06000, 0x0000027b1db03000, 0x0000027b1db00800, 0x0000027b1db03800,
0x0000027b1db07000, 0x0000027b1db02000, 0x0000027b1ed3e800
}

Java Threads: ( => current thread )
  0x0000027b7f322800 JavaThread "main" [_thread_blocked, id=10504, stack(0x000000dac8700000,0x000000dac8800000)]
  0x0000027b1af47000 JavaThread "Reference Handler" daemon [_thread_blocked, id=4348, stack(0x000000dac8e00000,0x000000dac8f00000)]
  0x0000027b1af48800 JavaThread "Finalizer" daemon [_thread_blocked, id=11296, stack(0x000000dac8f00000,0x000000dac9000000)]
  0x0000027b1af62800 JavaThread "Signal Dispatcher" daemon [_thread_blocked, id=1796, stack(0x000000dac9000000,0x000000dac9100000)]
  0x0000027b1af63800 JavaThread "Attach Listener" daemon [_thread_blocked, id=940, stack(0x000000dac9100000,0x000000dac9200000)]
  0x0000027b1af65000 JavaThread "Service Thread" daemon [_thread_blocked, id=108, stack(0x000000dac9200000,0x000000dac9300000)]
  0x0000027b1af6e800 JavaThread "C2 CompilerThread0" daemon [_thread_blocked, id=1836, stack(0x000000dac9300000,0x000000dac9400000)]
  0x0000027b1af76000 JavaThread "C1 CompilerThread0" daemon [_thread_blocked, id=2640, stack(0x000000dac9400000,0x000000dac9500000)]
  0x0000027b1af80000 JavaThread "Sweeper thread" daemon [_thread_blocked, id=9132, stack(0x000000dac9500000,0x000000dac9600000)]
  0x0000027b1b923800 JavaThread "Common-Cleaner" daemon [_thread_blocked, id=2524, stack(0x000000dac9600000,0x000000dac9700000)]
  0x0000027b1e0a3800 JavaThread "Daemon health stats" [_thread_blocked, id=3992, stack(0x000000dac9b00000,0x000000dac9c00000)]
  0x0000027b1e356800 JavaThread "Incoming local TCP Connector on port 53643" [_thread_in_native, id=12628, stack(0x000000dac9800000,0x000000dac9900000)]
  0x0000027b1da61800 JavaThread "Daemon periodic checks" [_thread_blocked, id=4168, stack(0x000000dac9c00000,0x000000dac9d00000)]
  0x0000027b1c4e0000 JavaThread "Daemon" [_thread_blocked, id=12416, stack(0x000000dac9d00000,0x000000dac9e00000)]
  0x0000027b1da84800 JavaThread "Handler for socket connection from /127.0.0.1:53643 to /127.0.0.1:53644" [_thread_in_native, id=13580, stack(0x000000dac9e00000,0x000000dac9f00000)]
  0x0000027b1dbe0000 JavaThread "Cancel handler" [_thread_blocked, id=5844, stack(0x000000dac9f00000,0x000000daca000000)]
  0x0000027b1db5c000 JavaThread "Daemon worker" [_thread_blocked, id=10120, stack(0x000000daca000000,0x000000daca100000)]
  0x0000027b1dbdd000 JavaThread "Asynchronous log dispatcher for DefaultDaemonConnection: socket connection from /127.0.0.1:53643 to /127.0.0.1:53644" [_thread_blocked, id=7952, stack(0x000000daca100000,0x000000daca200000)]
  0x0000027b1d7db000 JavaThread "Stdin handler" [_thread_blocked, id=2988, stack(0x000000daca200000,0x000000daca300000)]
  0x0000027b1e191000 JavaThread "Daemon client event forwarder" [_thread_blocked, id=10544, stack(0x000000daca300000,0x000000daca400000)]
  0x0000027b1db05800 JavaThread "Cache worker for file hash cache (C:\Users\a0587\.gradle\caches\7.0.2\fileHashes)" [_thread_blocked, id=10616, stack(0x000000daca500000,0x000000daca600000)]
  0x0000027b1db01800 JavaThread "File lock request listener" [_thread_in_native, id=10400, stack(0x000000daca600000,0x000000daca700000)]
  0x0000027b1db04800 JavaThread "Cache worker for journal cache (C:\Users\a0587\.gradle\caches\journal-1)" [_thread_blocked, id=10532, stack(0x000000daca700000,0x000000daca800000)]
  0x0000027b1dc76800 JavaThread "C2 CompilerThread1" daemon [_thread_blocked, id=10704, stack(0x000000daca800000,0x000000daca900000)]
  0x0000027b1db06000 JavaThread "Cache worker for file hash cache (E:\Programs\Test\.gradle\7.0.2\fileHashes)" [_thread_blocked, id=9928, stack(0x000000daca900000,0x000000dacaa00000)]
  0x0000027b1db03000 JavaThread "File watcher server" daemon [_thread_in_native, id=3224, stack(0x000000dacaa00000,0x000000dacab00000)]
  0x0000027b1db00800 JavaThread "File watcher consumer" daemon [_thread_blocked, id=4632, stack(0x000000dacab00000,0x000000dacac00000)]
  0x0000027b1db03800 JavaThread "Cache worker for checksums cache (E:\Programs\Test\.gradle\checksums)" [_thread_blocked, id=1440, stack(0x000000dacac00000,0x000000dacad00000)]
  0x0000027b1db07000 JavaThread "Cache worker for cache directory md-supplier (C:\Users\a0587\.gradle\caches\7.0.2\md-supplier)" [_thread_blocked, id=12228, stack(0x000000dacad00000,0x000000dacae00000)]
  0x0000027b1db02000 JavaThread "Cache worker for cache directory md-rule (C:\Users\a0587\.gradle\caches\7.0.2\md-rule)" [_thread_blocked, id=12420, stack(0x000000dacae00000,0x000000dacaf00000)]
  0x0000027b1ed3e800 JavaThread "Cache worker for execution history cache (C:\Users\a0587\.gradle\caches\7.0.2\executionHistory)" [_thread_blocked, id=14044, stack(0x000000dacaf00000,0x000000dacb000000)]

Other Threads:
=>0x0000027b1af40800 VMThread "VM Thread" [stack: 0x000000dac8d00000,0x000000dac8e00000] [id=1468]
  0x0000027b1b93d000 WatcherThread [stack: 0x000000dac9700000,0x000000dac9800000] [id=11288]
  0x0000027b7f33c000 GCTaskThread "GC Thread#0" [stack: 0x000000dac8800000,0x000000dac8900000] [id=10744]
  0x0000027b1c7b1800 GCTaskThread "GC Thread#1" [stack: 0x000000dac9900000,0x000000dac9a00000] [id=3908]
  0x0000027b1c1da000 GCTaskThread "GC Thread#2" [stack: 0x000000dac9a00000,0x000000dac9b00000] [id=11680]
  0x0000027b1df02800 GCTaskThread "GC Thread#3" [stack: 0x000000daca400000,0x000000daca500000] [id=9200]
  0x0000027b7f36d800 ConcurrentGCThread "G1 Main Marker" [stack: 0x000000dac8900000,0x000000dac8a00000] [id=10060]
  0x0000027b7f36e800 ConcurrentGCThread "G1 Conc#0" [stack: 0x000000dac8a00000,0x000000dac8b00000] [id=2364]
  0x0000027b7f3fe000 ConcurrentGCThread "G1 Refine#0" [stack: 0x000000dac8b00000,0x000000dac8c00000] [id=768]
  0x0000027b1ad90800 ConcurrentGCThread "G1 Young RemSet Sampling" [stack: 0x000000dac8c00000,0x000000dac8d00000] [id=4372]

Threads with active compile tasks:
C2 CompilerThread0   5539 2553  s!   4       jdk.internal.loader.URLClassPath::getLoader (194 bytes)
C2 CompilerThread1   5539 2676       4       jdk.internal.loader.URLClassPath::getResource (74 bytes)

VM state:at safepoint (normal execution)

VM Mutex/Monitor currently owned by a thread:  ([mutex/lock_event])
[0x0000027b7f31ef30] Threads_lock - owner thread: 0x0000027b1af40800
[0x0000027b7f31e240] Heap_lock - owner thread: 0x0000027b1db5c000

Heap address: 0x0000000080000000, size: 2048 MB, Compressed Oops mode: 32-bit
Narrow klass base: 0x0000000000000000, Narrow klass shift: 3
Compressed class space size: 1073741824 Address: 0x0000000100000000

Heap:
 garbage-first heap   total 157696K, used 21044K [0x0000000080000000, 0x0000000100000000)
  region size 1024K, 5 young (5120K), 5 survivors (5120K)
 Metaspace       used 31767K, capacity 32570K, committed 32764K, reserved 1077248K
  class space    used 4135K, capacity 4411K, committed 4428K, reserved 1048576K
Heap Regions: E=young(eden), S=young(survivor), O=old, HS=humongous(starts), HC=humongous(continues), CS=collection set, F=free, A=archive, TAMS=top-at-mark-start (previous, next)
|   0|0x0000000080000000, 0x0000000080100000, 0x0000000080100000|100%| O|  |TAMS 0x0000000080100000, 0x0000000080000000| Untracked 
|   1|0x0000000080100000, 0x0000000080200000, 0x0000000080200000|100%| O|  |TAMS 0x0000000080200000, 0x0000000080100000| Untracked 
|   2|0x0000000080200000, 0x0000000080300000, 0x0000000080300000|100%| O|  |TAMS 0x0000000080300000, 0x0000000080200000| Untracked 
|   3|0x0000000080300000, 0x0000000080400000, 0x0000000080400000|100%|HS|  |TAMS 0x0000000080400000, 0x0000000080300000| Complete 
|   4|0x0000000080400000, 0x0000000080500000, 0x0000000080500000|100%|HC|  |TAMS 0x0000000080500000, 0x0000000080400000| Complete 
|   5|0x0000000080500000, 0x0000000080600000, 0x0000000080600000|100%|HC|  |TAMS 0x0000000080600000, 0x0000000080500000| Complete 
|   6|0x0000000080600000, 0x0000000080700000, 0x0000000080700000|100%| O|  |TAMS 0x0000000080700000, 0x0000000080600000| Untracked 
|   7|0x0000000080700000, 0x0000000080800000, 0x0000000080800000|100%| O|  |TAMS 0x0000000080800000, 0x0000000080700000| Untracked 
|   8|0x0000000080800000, 0x0000000080900000, 0x0000000080900000|100%| O|  |TAMS 0x0000000080900000, 0x0000000080800000| Untracked 
|   9|0x0000000080900000, 0x0000000080a00000, 0x0000000080a00000|100%| O|  |TAMS 0x0000000080a00000, 0x0000000080900000| Untracked 
|  10|0x0000000080a00000, 0x0000000080b00000, 0x0000000080b00000|100%| O|  |TAMS 0x0000000080b00000, 0x0000000080a00000| Untracked 
|  11|0x0000000080b00000, 0x0000000080c00000, 0x0000000080c00000|100%| O|  |TAMS 0x0000000080b24000, 0x0000000080b00000| Untracked 
|  12|0x0000000080c00000, 0x0000000080d00000, 0x0000000080d00000|100%| O|  |TAMS 0x0000000080c00000, 0x0000000080c00000| Untracked 
|  13|0x0000000080d00000, 0x0000000080e00000, 0x0000000080e00000|100%| O|  |TAMS 0x0000000080d00000, 0x0000000080d00000| Untracked 
|  14|0x0000000080e00000, 0x0000000080f00000, 0x0000000080f00000|100%| O|  |TAMS 0x0000000080e00000, 0x0000000080e00000| Untracked 
|  15|0x0000000080f00000, 0x0000000080fe9600, 0x0000000081000000| 91%| O|  |TAMS 0x0000000080f00000, 0x0000000080f00000| Untracked 
|  16|0x0000000081000000, 0x0000000081000000, 0x0000000081100000|  0%| F|  |TAMS 0x0000000081000000, 0x0000000081000000| Untracked 
|  17|0x0000000081100000, 0x0000000081100000, 0x0000000081200000|  0%| F|  |TAMS 0x0000000081100000, 0x0000000081100000| Untracked 
|  18|0x0000000081200000, 0x0000000081200000, 0x0000000081300000|  0%| F|  |TAMS 0x0000000081200000, 0x0000000081200000| Untracked 
|  19|0x0000000081300000, 0x0000000081300000, 0x0000000081400000|  0%| F|  |TAMS 0x0000000081300000, 0x0000000081300000| Untracked 
|  20|0x0000000081400000, 0x0000000081400000, 0x0000000081500000|  0%| F|  |TAMS 0x0000000081400000, 0x0000000081400000| Untracked 
|  21|0x0000000081500000, 0x0000000081500000, 0x0000000081600000|  0%| F|  |TAMS 0x0000000081500000, 0x0000000081500000| Untracked 
|  22|0x0000000081600000, 0x0000000081600000, 0x0000000081700000|  0%| F|  |TAMS 0x0000000081600000, 0x0000000081600000| Untracked 
|  23|0x0000000081700000, 0x0000000081700000, 0x0000000081800000|  0%| F|  |TAMS 0x0000000081700000, 0x0000000081700000| Untracked 
|  24|0x0000000081800000, 0x0000000081800000, 0x0000000081900000|  0%| F|  |TAMS 0x0000000081800000, 0x0000000081800000| Untracked 
|  25|0x0000000081900000, 0x0000000081900000, 0x0000000081a00000|  0%| F|  |TAMS 0x0000000081900000, 0x0000000081900000| Untracked 
|  26|0x0000000081a00000, 0x0000000081a00000, 0x0000000081b00000|  0%| F|  |TAMS 0x0000000081a00000, 0x0000000081a00000| Untracked 
|  27|0x0000000081b00000, 0x0000000081b00000, 0x0000000081c00000|  0%| F|  |TAMS 0x0000000081b00000, 0x0000000081b00000| Untracked 
|  28|0x0000000081c00000, 0x0000000081c00000, 0x0000000081d00000|  0%| F|  |TAMS 0x0000000081c00000, 0x0000000081c00000| Untracked 
|  29|0x0000000081d00000, 0x0000000081d00000, 0x0000000081e00000|  0%| F|  |TAMS 0x0000000081d00000, 0x0000000081d00000| Untracked 
|  30|0x0000000081e00000, 0x0000000081e00000, 0x0000000081f00000|  0%| F|  |TAMS 0x0000000081e00000, 0x0000000081e00000| Untracked 
|  31|0x0000000081f00000, 0x0000000081f00000, 0x0000000082000000|  0%| F|  |TAMS 0x0000000081f00000, 0x0000000081f00000| Untracked 
|  32|0x0000000082000000, 0x0000000082000000, 0x0000000082100000|  0%| F|  |TAMS 0x0000000082000000, 0x0000000082000000| Untracked 
|  33|0x0000000082100000, 0x0000000082100000, 0x0000000082200000|  0%| F|  |TAMS 0x0000000082100000, 0x0000000082100000| Untracked 
|  34|0x0000000082200000, 0x0000000082200000, 0x0000000082300000|  0%| F|  |TAMS 0x0000000082200000, 0x0000000082200000| Untracked 
|  35|0x0000000082300000, 0x0000000082300000, 0x0000000082400000|  0%| F|  |TAMS 0x0000000082300000, 0x0000000082300000| Untracked 
|  36|0x0000000082400000, 0x0000000082400000, 0x0000000082500000|  0%| F|  |TAMS 0x0000000082400000, 0x0000000082400000| Untracked 
|  37|0x0000000082500000, 0x0000000082500000, 0x0000000082600000|  0%| F|  |TAMS 0x0000000082500000, 0x0000000082500000| Untracked 
|  38|0x0000000082600000, 0x0000000082600000, 0x0000000082700000|  0%| F|  |TAMS 0x0000000082600000, 0x0000000082600000| Untracked 
|  39|0x0000000082700000, 0x0000000082700000, 0x0000000082800000|  0%| F|  |TAMS 0x0000000082700000, 0x0000000082700000| Untracked 
|  40|0x0000000082800000, 0x0000000082800000, 0x0000000082900000|  0%| F|  |TAMS 0x0000000082800000, 0x0000000082800000| Untracked 
|  41|0x0000000082900000, 0x0000000082900000, 0x0000000082a00000|  0%| F|  |TAMS 0x0000000082900000, 0x0000000082900000| Untracked 
|  42|0x0000000082a00000, 0x0000000082a00000, 0x0000000082b00000|  0%| F|  |TAMS 0x0000000082a00000, 0x0000000082a00000| Untracked 
|  43|0x0000000082b00000, 0x0000000082b00000, 0x0000000082c00000|  0%| F|  |TAMS 0x0000000082b00000, 0x0000000082b00000| Untracked 
|  44|0x0000000082c00000, 0x0000000082c00000, 0x0000000082d00000|  0%| F|  |TAMS 0x0000000082c00000, 0x0000000082c00000| Untracked 
|  45|0x0000000082d00000, 0x0000000082d00000, 0x0000000082e00000|  0%| F|  |TAMS 0x0000000082d00000, 0x0000000082d00000| Untracked 
|  46|0x0000000082e00000, 0x0000000082e00000, 0x0000000082f00000|  0%| F|  |TAMS 0x0000000082e00000, 0x0000000082e00000| Untracked 
|  47|0x0000000082f00000, 0x0000000082f00000, 0x0000000083000000|  0%| F|  |TAMS 0x0000000082f00000, 0x0000000082f00000| Untracked 
|  48|0x0000000083000000, 0x0000000083000000, 0x0000000083100000|  0%| F|  |TAMS 0x0000000083000000, 0x0000000083000000| Untracked 
|  49|0x0000000083100000, 0x0000000083100000, 0x0000000083200000|  0%| F|  |TAMS 0x0000000083100000, 0x0000000083100000| Untracked 
|  50|0x0000000083200000, 0x0000000083200000, 0x0000000083300000|  0%| F|  |TAMS 0x0000000083200000, 0x0000000083200000| Untracked 
|  51|0x0000000083300000, 0x0000000083300000, 0x0000000083400000|  0%| F|  |TAMS 0x0000000083300000, 0x0000000083300000| Untracked 
|  52|0x0000000083400000, 0x0000000083400000, 0x0000000083500000|  0%| F|  |TAMS 0x0000000083400000, 0x0000000083400000| Untracked 
|  53|0x0000000083500000, 0x0000000083500000, 0x0000000083600000|  0%| F|  |TAMS 0x0000000083500000, 0x0000000083500000| Untracked 
|  54|0x0000000083600000, 0x0000000083600000, 0x0000000083700000|  0%| F|  |TAMS 0x0000000083600000, 0x0000000083600000| Untracked 
|  55|0x0000000083700000, 0x0000000083700000, 0x0000000083800000|  0%| F|  |TAMS 0x0000000083700000, 0x0000000083700000| Untracked 
|  56|0x0000000083800000, 0x0000000083800000, 0x0000000083900000|  0%| F|  |TAMS 0x0000000083800000, 0x0000000083800000| Untracked 
|  57|0x0000000083900000, 0x0000000083900000, 0x0000000083a00000|  0%| F|  |TAMS 0x0000000083900000, 0x0000000083900000| Untracked 
|  58|0x0000000083a00000, 0x0000000083a00000, 0x0000000083b00000|  0%| F|  |TAMS 0x0000000083a00000, 0x0000000083a00000| Untracked 
|  59|0x0000000083b00000, 0x0000000083b00000, 0x0000000083c00000|  0%| F|  |TAMS 0x0000000083b00000, 0x0000000083b00000| Untracked 
|  60|0x0000000083c00000, 0x0000000083c00000, 0x0000000083d00000|  0%| F|  |TAMS 0x0000000083c00000, 0x0000000083c00000| Untracked 
|  61|0x0000000083d00000, 0x0000000083d00000, 0x0000000083e00000|  0%| F|  |TAMS 0x0000000083d00000, 0x0000000083d00000| Untracked 
|  62|0x0000000083e00000, 0x0000000083e00000, 0x0000000083f00000|  0%| F|  |TAMS 0x0000000083e00000, 0x0000000083e00000| Untracked 
|  63|0x0000000083f00000, 0x0000000083f00000, 0x0000000084000000|  0%| F|  |TAMS 0x0000000083f00000, 0x0000000083f00000| Untracked 
|  64|0x0000000084000000, 0x0000000084000000, 0x0000000084100000|  0%| F|  |TAMS 0x0000000084000000, 0x0000000084000000| Untracked 
|  65|0x0000000084100000, 0x0000000084100000, 0x0000000084200000|  0%| F|  |TAMS 0x0000000084100000, 0x0000000084100000| Untracked 
|  66|0x0000000084200000, 0x0000000084200000, 0x0000000084300000|  0%| F|  |TAMS 0x0000000084200000, 0x0000000084200000| Untracked 
|  67|0x0000000084300000, 0x0000000084300000, 0x0000000084400000|  0%| F|  |TAMS 0x0000000084300000, 0x0000000084300000| Untracked 
|  68|0x0000000084400000, 0x00000000844a3ae8, 0x0000000084500000| 63%| S|CS|TAMS 0x0000000084400000, 0x0000000084400000| Complete 
|  69|0x0000000084500000, 0x0000000084600000, 0x0000000084600000|100%| S|CS|TAMS 0x0000000084500000, 0x0000000084500000| Complete 
|  70|0x0000000084600000, 0x0000000084700000, 0x0000000084700000|100%| S|CS|TAMS 0x0000000084600000, 0x0000000084600000| Complete 
|  71|0x0000000084700000, 0x0000000084800000, 0x0000000084800000|100%| S|CS|TAMS 0x0000000084700000, 0x0000000084700000| Complete 
|  72|0x0000000084800000, 0x0000000084800000, 0x0000000084900000|  0%| F|  |TAMS 0x0000000084800000, 0x0000000084800000| Untracked 
|  73|0x0000000084900000, 0x0000000084900000, 0x0000000084a00000|  0%| F|  |TAMS 0x0000000084900000, 0x0000000084900000| Untracked 
|  74|0x0000000084a00000, 0x0000000084a00000, 0x0000000084b00000|  0%| F|  |TAMS 0x0000000084a00000, 0x0000000084a00000| Untracked 
|  75|0x0000000084b00000, 0x0000000084c00000, 0x0000000084c00000|100%| S|CS|TAMS 0x0000000084b00000, 0x0000000084b00000| Complete 
|  76|0x0000000084c00000, 0x0000000084c00000, 0x0000000084d00000|  0%| F|  |TAMS 0x0000000084c00000, 0x0000000084c00000| Untracked 
|  77|0x0000000084d00000, 0x0000000084d00000, 0x0000000084e00000|  0%| F|  |TAMS 0x0000000084d00000, 0x0000000084d00000| Untracked 
|  78|0x0000000084e00000, 0x0000000084e00000, 0x0000000084f00000|  0%| F|  |TAMS 0x0000000084e00000, 0x0000000084e00000| Untracked 
|  79|0x0000000084f00000, 0x0000000084f00000, 0x0000000085000000|  0%| F|  |TAMS 0x0000000084f00000, 0x0000000084f00000| Untracked 
|  80|0x0000000085000000, 0x0000000085000000, 0x0000000085100000|  0%| F|  |TAMS 0x0000000085000000, 0x0000000085000000| Untracked 
|  81|0x0000000085100000, 0x0000000085100000, 0x0000000085200000|  0%| F|  |TAMS 0x0000000085100000, 0x0000000085100000| Untracked 
|  82|0x0000000085200000, 0x0000000085200000, 0x0000000085300000|  0%| F|  |TAMS 0x0000000085200000, 0x0000000085200000| Untracked 
|  83|0x0000000085300000, 0x0000000085300000, 0x0000000085400000|  0%| F|  |TAMS 0x0000000085300000, 0x0000000085300000| Untracked 
|  84|0x0000000085400000, 0x0000000085400000, 0x0000000085500000|  0%| F|  |TAMS 0x0000000085400000, 0x0000000085400000| Untracked 
|  85|0x0000000085500000, 0x0000000085500000, 0x0000000085600000|  0%| F|  |TAMS 0x0000000085500000, 0x0000000085500000| Untracked 
|  86|0x0000000085600000, 0x0000000085600000, 0x0000000085700000|  0%| F|  |TAMS 0x0000000085600000, 0x0000000085600000| Untracked 
|  87|0x0000000085700000, 0x0000000085700000, 0x0000000085800000|  0%| F|  |TAMS 0x0000000085700000, 0x0000000085700000| Untracked 
|  88|0x0000000085800000, 0x0000000085800000, 0x0000000085900000|  0%| F|  |TAMS 0x0000000085800000, 0x0000000085800000| Untracked 
|  89|0x0000000085900000, 0x0000000085900000, 0x0000000085a00000|  0%| F|  |TAMS 0x0000000085900000, 0x0000000085900000| Untracked 
|  90|0x0000000085a00000, 0x0000000085a00000, 0x0000000085b00000|  0%| F|  |TAMS 0x0000000085a00000, 0x0000000085a00000| Untracked 
|  91|0x0000000085b00000, 0x0000000085b00000, 0x0000000085c00000|  0%| F|  |TAMS 0x0000000085b00000, 0x0000000085b00000| Untracked 
|  92|0x0000000085c00000, 0x0000000085c00000, 0x0000000085d00000|  0%| F|  |TAMS 0x0000000085c00000, 0x0000000085c00000| Untracked 
|  93|0x0000000085d00000, 0x0000000085d00000, 0x0000000085e00000|  0%| F|  |TAMS 0x0000000085d00000, 0x0000000085d00000| Untracked 
|  94|0x0000000085e00000, 0x0000000085e00000, 0x0000000085f00000|  0%| F|  |TAMS 0x0000000085e00000, 0x0000000085e00000| Untracked 
|  95|0x0000000085f00000, 0x0000000085f00000, 0x0000000086000000|  0%| F|  |TAMS 0x0000000085f00000, 0x0000000085f00000| Untracked 
|  96|0x0000000086000000, 0x0000000086000000, 0x0000000086100000|  0%| F|  |TAMS 0x0000000086000000, 0x0000000086000000| Untracked 
|  97|0x0000000086100000, 0x0000000086100000, 0x0000000086200000|  0%| F|  |TAMS 0x0000000086100000, 0x0000000086100000| Untracked 
|  98|0x0000000086200000, 0x0000000086200000, 0x0000000086300000|  0%| F|  |TAMS 0x0000000086200000, 0x0000000086200000| Untracked 
|  99|0x0000000086300000, 0x0000000086300000, 0x0000000086400000|  0%| F|  |TAMS 0x0000000086300000, 0x0000000086300000| Untracked 
| 100|0x0000000086400000, 0x0000000086400000, 0x0000000086500000|  0%| F|  |TAMS 0x0000000086400000, 0x0000000086400000| Untracked 
| 101|0x0000000086500000, 0x0000000086500000, 0x0000000086600000|  0%| F|  |TAMS 0x0000000086500000, 0x0000000086500000| Untracked 
| 102|0x0000000086600000, 0x0000000086600000, 0x0000000086700000|  0%| F|  |TAMS 0x0000000086600000, 0x0000000086600000| Untracked 
| 103|0x0000000086700000, 0x0000000086700000, 0x0000000086800000|  0%| F|  |TAMS 0x0000000086700000, 0x0000000086700000| Untracked 
| 104|0x0000000086800000, 0x0000000086800000, 0x0000000086900000|  0%| F|  |TAMS 0x0000000086800000, 0x0000000086800000| Untracked 
| 105|0x0000000086900000, 0x0000000086900000, 0x0000000086a00000|  0%| F|  |TAMS 0x0000000086900000, 0x0000000086900000| Untracked 
| 106|0x0000000086a00000, 0x0000000086a00000, 0x0000000086b00000|  0%| F|  |TAMS 0x0000000086a00000, 0x0000000086a00000| Untracked 
| 107|0x0000000086b00000, 0x0000000086b00000, 0x0000000086c00000|  0%| F|  |TAMS 0x0000000086b00000, 0x0000000086b00000| Untracked 
| 108|0x0000000086c00000, 0x0000000086c00000, 0x0000000086d00000|  0%| F|  |TAMS 0x0000000086c00000, 0x0000000086c00000| Untracked 
| 109|0x0000000086d00000, 0x0000000086d00000, 0x0000000086e00000|  0%| F|  |TAMS 0x0000000086d00000, 0x0000000086d00000| Untracked 
| 110|0x0000000086e00000, 0x0000000086e00000, 0x0000000086f00000|  0%| F|  |TAMS 0x0000000086e00000, 0x0000000086e00000| Untracked 
| 111|0x0000000086f00000, 0x0000000086f00000, 0x0000000087000000|  0%| F|  |TAMS 0x0000000086f00000, 0x0000000086f00000| Untracked 
| 112|0x0000000087000000, 0x0000000087000000, 0x0000000087100000|  0%| F|  |TAMS 0x0000000087000000, 0x0000000087000000| Untracked 
| 113|0x0000000087100000, 0x0000000087100000, 0x0000000087200000|  0%| F|  |TAMS 0x0000000087100000, 0x0000000087100000| Untracked 
| 114|0x0000000087200000, 0x0000000087200000, 0x0000000087300000|  0%| F|  |TAMS 0x0000000087200000, 0x0000000087200000| Untracked 
| 115|0x0000000087300000, 0x0000000087300000, 0x0000000087400000|  0%| F|  |TAMS 0x0000000087300000, 0x0000000087300000| Untracked 
| 116|0x0000000087400000, 0x0000000087400000, 0x0000000087500000|  0%| F|  |TAMS 0x0000000087400000, 0x0000000087400000| Untracked 
| 117|0x0000000087500000, 0x0000000087500000, 0x0000000087600000|  0%| F|  |TAMS 0x0000000087500000, 0x0000000087500000| Untracked 
| 118|0x0000000087600000, 0x0000000087600000, 0x0000000087700000|  0%| F|  |TAMS 0x0000000087600000, 0x0000000087600000| Untracked 
| 119|0x0000000087700000, 0x0000000087700000, 0x0000000087800000|  0%| F|  |TAMS 0x0000000087700000, 0x0000000087700000| Untracked 
| 120|0x0000000087800000, 0x0000000087800000, 0x0000000087900000|  0%| F|  |TAMS 0x0000000087800000, 0x0000000087800000| Untracked 
| 121|0x0000000087900000, 0x0000000087900000, 0x0000000087a00000|  0%| F|  |TAMS 0x0000000087900000, 0x0000000087900000| Untracked 
| 122|0x0000000087a00000, 0x0000000087a00000, 0x0000000087b00000|  0%| F|  |TAMS 0x0000000087a00000, 0x0000000087a00000| Untracked 
| 123|0x0000000087b00000, 0x0000000087b00000, 0x0000000087c00000|  0%| F|  |TAMS 0x0000000087b00000, 0x0000000087b00000| Untracked 
| 124|0x0000000087c00000, 0x0000000087c00000, 0x0000000087d00000|  0%| F|  |TAMS 0x0000000087c00000, 0x0000000087c00000| Untracked 
| 125|0x0000000087d00000, 0x0000000087d00000, 0x0000000087e00000|  0%| F|  |TAMS 0x0000000087d00000, 0x0000000087d00000| Untracked 
| 126|0x0000000087e00000, 0x0000000087e00000, 0x0000000087f00000|  0%| F|  |TAMS 0x0000000087e00000, 0x0000000087e00000| Untracked 
| 127|0x0000000087f00000, 0x0000000087f00000, 0x0000000088000000|  0%| F|  |TAMS 0x0000000087f00000, 0x0000000087f00000| Untracked 

Card table byte_map: [0x0000027b14250000,0x0000027b14650000] _byte_map_base: 0x0000027b13e50000

Marking Bits (Prev, Next): (CMBitMap*) 0x0000027b7f3647d0, (CMBitMap*) 0x0000027b7f364798
 Prev Bits: [0x0000027b16a50000, 0x0000027b18a50000)
 Next Bits: [0x0000027b14a50000, 0x0000027b16a50000)

Polling page: 0x0000027b7f7a0000

Metaspace:

Usage:
  Non-class:     27.50 MB capacity,    26.98 MB ( 98%) used,   460.25 KB (  2%) free+waste,    67.38 KB ( <1%) overhead. 
      Class:      4.31 MB capacity,     4.04 MB ( 94%) used,   241.87 KB (  5%) free+waste,    33.38 KB ( <1%) overhead. 
       Both:     31.81 MB capacity,    31.02 MB ( 98%) used,   702.12 KB (  2%) free+waste,   100.75 KB ( <1%) overhead. 

Virtual space:
  Non-class space:       28.00 MB reserved,      27.67 MB ( 99%) committed 
      Class space:        1.00 GB reserved,       4.32 MB ( <1%) committed 
             Both:        1.03 GB reserved,      32.00 MB (  3%) committed 

Chunk freelists:
   Non-Class:  49.00 KB
       Class:  5.00 KB
        Both:  54.00 KB

MaxMetaspaceSize: 17179869184.00 GB
CompressedClassSpaceSize: 1.00 GB
Initial GC threshold: 20.80 MB
Current GC threshold: 35.20 MB
CDS: off

CodeHeap 'non-profiled nmethods': size=120064Kb used=1379Kb max_used=1379Kb free=118684Kb
 bounds [0x0000027b0c910000, 0x0000027b0cb80000, 0x0000027b13e50000]
CodeHeap 'profiled nmethods': size=120000Kb used=5707Kb max_used=5707Kb free=114292Kb
 bounds [0x0000027b053e0000, 0x0000027b05980000, 0x0000027b0c910000]
CodeHeap 'non-nmethods': size=5696Kb used=1236Kb max_used=1286Kb free=4459Kb
 bounds [0x0000027b04e50000, 0x0000027b050c0000, 0x0000027b053e0000]
 total_blobs=3206 nmethods=2692 adapters=426
 compilation: enabled
              stopped_count=0, restarted_count=0
 full_count=0

Compilation events (20 events):
Event: 5.491 Thread 0x0000027b1af76000 2683       3       org.codehaus.groovy.reflection.CachedMethod::compareTo (25 bytes)
Event: 5.491 Thread 0x0000027b1af76000 nmethod 2683 0x0000027b0596f490 code [0x0000027b0596f680, 0x0000027b0596fad8]
Event: 5.491 Thread 0x0000027b1af76000 2687       3       java.util.StringJoiner::getChars (15 bytes)
Event: 5.491 Thread 0x0000027b1af76000 nmethod 2687 0x0000027b0596fc10 code [0x0000027b0596fde0, 0x0000027b05970028]
Event: 5.492 Thread 0x0000027b1af76000 2688       3       jdk.internal.org.objectweb.asm.ClassWriter::visitEnd (1 bytes)
Event: 5.492 Thread 0x0000027b1af76000 nmethod 2688 0x0000027b05970190 code [0x0000027b05970340, 0x0000027b05970438]
Event: 5.493 Thread 0x0000027b1af76000 2689   !   3       org.codehaus.groovy.util.LazyReference::getLocked (85 bytes)
Event: 5.495 Thread 0x0000027b1af76000 nmethod 2689 0x0000027b05970510 code [0x0000027b05970840, 0x0000027b05971978]
Event: 5.495 Thread 0x0000027b1af76000 2690       3       java.lang.ReflectiveOperationException::<init> (6 bytes)
Event: 5.495 Thread 0x0000027b1af76000 nmethod 2690 0x0000027b05972010 code [0x0000027b059721e0, 0x0000027b05972368]
Event: 5.495 Thread 0x0000027b1af76000 2691       1       java.lang.ClassValue$Version::promise (5 bytes)
Event: 5.495 Thread 0x0000027b1af76000 nmethod 2691 0x0000027b0ca68590 code [0x0000027b0ca68740, 0x0000027b0ca687f8]
Event: 5.496 Thread 0x0000027b1af76000 2692       1       org.codehaus.groovy.util.ManagedConcurrentLinkedQueue::access$000 (5 bytes)
Event: 5.497 Thread 0x0000027b1af76000 nmethod 2692 0x0000027b0ca68890 code [0x0000027b0ca68a40, 0x0000027b0ca68ad8]
Event: 5.497 Thread 0x0000027b1af76000 2693       1       org.codehaus.groovy.reflection.ClassInfo::access$200 (5 bytes)
Event: 5.497 Thread 0x0000027b1af76000 nmethod 2693 0x0000027b0ca68b90 code [0x0000027b0ca68d40, 0x0000027b0ca68dd8]
Event: 5.498 Thread 0x0000027b1af76000 2694       3       org.codehaus.groovy.util.LockableObject::tryRelease (45 bytes)
Event: 5.498 Thread 0x0000027b1af76000 nmethod 2694 0x0000027b05972410 code [0x0000027b059725e0, 0x0000027b059728a8]
Event: 5.504 Thread 0x0000027b1af76000 2695       3       java.util.concurrent.ConcurrentHashMap::resizeStamp (8 bytes)
Event: 5.504 Thread 0x0000027b1af76000 nmethod 2695 0x0000027b05972990 code [0x0000027b05972b40, 0x0000027b05972c48]

GC Heap History (13 events):
Event: 0.595 GC heap before
{Heap before GC invocations=0 (full 0):
 garbage-first heap   total 131072K, used 19456K [0x0000000080000000, 0x0000000100000000)
  region size 1024K, 14 young (14336K), 0 survivors (0K)
 Metaspace       used 6772K, capacity 7001K, committed 7168K, reserved 1056768K
  class space    used 576K, capacity 650K, committed 768K, reserved 1048576K
}
Event: 0.601 GC heap after
{Heap after GC invocations=1 (full 0):
 garbage-first heap   total 131072K, used 8626K [0x0000000080000000, 0x0000000100000000)
  region size 1024K, 2 young (2048K), 2 survivors (2048K)
 Metaspace       used 6772K, capacity 7001K, committed 7168K, reserved 1056768K
  class space    used 576K, capacity 650K, committed 768K, reserved 1048576K
}
Event: 1.066 GC heap before
{Heap before GC invocations=1 (full 0):
 garbage-first heap   total 131072K, used 19890K [0x0000000080000000, 0x0000000100000000)
  region size 1024K, 13 young (13312K), 2 survivors (2048K)
 Metaspace       used 10226K, capacity 10469K, committed 10624K, reserved 1058816K
  class space    used 1048K, capacity 1107K, committed 1152K, reserved 1048576K
}
Event: 1.070 GC heap after
{Heap after GC invocations=2 (full 0):
 garbage-first heap   total 131072K, used 9583K [0x0000000080000000, 0x0000000100000000)
  region size 1024K, 2 young (2048K), 2 survivors (2048K)
 Metaspace       used 10226K, capacity 10469K, committed 10624K, reserved 1058816K
  class space    used 1048K, capacity 1107K, committed 1152K, reserved 1048576K
}
Event: 1.709 GC heap before
{Heap before GC invocations=2 (full 0):
 garbage-first heap   total 131072K, used 39279K [0x0000000080000000, 0x0000000100000000)
  region size 1024K, 30 young (30720K), 2 survivors (2048K)
 Metaspace       used 11207K, capacity 11518K, committed 11776K, reserved 1060864K
  class space    used 1148K, capacity 1243K, committed 1280K, reserved 1048576K
}
Event: 1.712 GC heap after
{Heap after GC invocations=3 (full 0):
 garbage-first heap   total 131072K, used 12890K [0x0000000080000000, 0x0000000100000000)
  region size 1024K, 4 young (4096K), 4 survivors (4096K)
 Metaspace       used 11207K, capacity 11518K, committed 11776K, reserved 1060864K
  class space    used 1148K, capacity 1243K, committed 1280K, reserved 1048576K
}
Event: 3.460 GC heap before
{Heap before GC invocations=3 (full 0):
 garbage-first heap   total 131072K, used 70234K [0x0000000080000000, 0x0000000100000000)
  region size 1024K, 61 young (62464K), 4 survivors (4096K)
 Metaspace       used 19309K, capacity 19801K, committed 19968K, reserved 1067008K
  class space    used 2315K, capacity 2506K, committed 2560K, reserved 1048576K
}
Event: 3.468 GC heap after
{Heap after GC invocations=4 (full 0):
 garbage-first heap   total 131072K, used 16452K [0x0000000080000000, 0x0000000100000000)
  region size 1024K, 8 young (8192K), 8 survivors (8192K)
 Metaspace       used 19309K, capacity 19801K, committed 19968K, reserved 1067008K
  class space    used 2315K, capacity 2506K, committed 2560K, reserved 1048576K
}
Event: 3.597 GC heap before
{Heap before GC invocations=4 (full 0):
 garbage-first heap   total 131072K, used 24644K [0x0000000080000000, 0x0000000100000000)
  region size 1024K, 17 young (17408K), 8 survivors (8192K)
 Metaspace       used 20679K, capacity 21200K, committed 21296K, reserved 1069056K
  class space    used 2487K, capacity 2658K, committed 2688K, reserved 1048576K
}
Event: 3.604 GC heap after
{Heap after GC invocations=5 (full 0):
 garbage-first heap   total 131072K, used 17177K [0x0000000080000000, 0x0000000100000000)
  region size 1024K, 6 young (6144K), 6 survivors (6144K)
 Metaspace       used 20679K, capacity 21200K, committed 21296K, reserved 1069056K
  class space    used 2487K, capacity 2658K, committed 2688K, reserved 1048576K
}
Event: 4.362 GC heap before
{Heap before GC invocations=6 (full 0):
 garbage-first heap   total 131072K, used 65305K [0x0000000080000000, 0x0000000100000000)
  region size 1024K, 53 young (54272K), 6 survivors (6144K)
 Metaspace       used 25625K, capacity 26276K, committed 26492K, reserved 1073152K
  class space    used 3302K, capacity 3504K, committed 3532K, reserved 1048576K
}
Event: 4.369 GC heap after
{Heap after GC invocations=7 (full 0):
 garbage-first heap   total 131072K, used 18792K [0x0000000080000000, 0x0000000100000000)
  region size 1024K, 3 young (3072K), 3 survivors (3072K)
 Metaspace       used 25625K, capacity 26276K, committed 26492K, reserved 1073152K
  class space    used 3302K, capacity 3504K, committed 3532K, reserved 1048576K
}
Event: 5.504 GC heap before
{Heap before GC invocations=7 (full 0):
 garbage-first heap   total 131072K, used 72040K [0x0000000080000000, 0x0000000100000000)
  region size 1024K, 55 young (56320K), 3 survivors (3072K)
 Metaspace       used 31767K, capacity 32570K, committed 32764K, reserved 1077248K
  class space    used 4135K, capacity 4411K, committed 4428K, reserved 1048576K
}

Deoptimization events (20 events):
Event: 4.650 Thread 0x0000027b1db5c000 Uncommon trap: trap_request=0xffffff4d fr.pc=0x0000027b0ca1bc4c relative=0x000000000000020c
Event: 4.650 Thread 0x0000027b1db5c000 Uncommon trap: reason=unstable_if action=reinterpret pc=0x0000027b0ca1bc4c method=java.util.HashMap.hash(Ljava/lang/Object;)I @ 1 c2
Event: 4.650 Thread 0x0000027b1db5c000 DEOPT PACKING pc=0x0000027b0ca1bc4c sp=0x000000daca0f9680
Event: 4.650 Thread 0x0000027b1db5c000 DEOPT UNPACKING pc=0x0000027b04e9a1af sp=0x000000daca0f95b8 mode 2
Event: 4.650 Thread 0x0000027b1db5c000 Uncommon trap: trap_request=0xffffff4d fr.pc=0x0000027b0c97222c relative=0x000000000000008c
Event: 4.650 Thread 0x0000027b1db5c000 Uncommon trap: reason=unstable_if action=reinterpret pc=0x0000027b0c97222c method=java.util.HashMap.hash(Ljava/lang/Object;)I @ 1 c2
Event: 4.650 Thread 0x0000027b1db5c000 DEOPT PACKING pc=0x0000027b0c97222c sp=0x000000daca0f9400
Event: 4.650 Thread 0x0000027b1db5c000 DEOPT UNPACKING pc=0x0000027b04e9a1af sp=0x000000daca0f9398 mode 2
Event: 5.140 Thread 0x0000027b1db5c000 Uncommon trap: trap_request=0xffffff4d fr.pc=0x0000027b0ca3f864 relative=0x00000000000001a4
Event: 5.140 Thread 0x0000027b1db5c000 Uncommon trap: reason=unstable_if action=reinterpret pc=0x0000027b0ca3f864 method=java.util.regex.Pattern$BmpCharProperty.match(Ljava/util/regex/Matcher;ILjava/lang/CharSequence;)Z @ 39 c2
Event: 5.140 Thread 0x0000027b1db5c000 DEOPT PACKING pc=0x0000027b0ca3f864 sp=0x000000daca0fa010
Event: 5.140 Thread 0x0000027b1db5c000 DEOPT UNPACKING pc=0x0000027b04e9a1af sp=0x000000daca0f9fc0 mode 2
Event: 5.203 Thread 0x0000027b1db5c000 Uncommon trap: trap_request=0xffffff4d fr.pc=0x0000027b0ca53850 relative=0x00000000000001f0
Event: 5.203 Thread 0x0000027b1db5c000 Uncommon trap: reason=unstable_if action=reinterpret pc=0x0000027b0ca53850 method=java.util.HashMap.putVal(ILjava/lang/Object;Ljava/lang/Object;ZZ)Ljava/lang/Object; @ 162 c2
Event: 5.203 Thread 0x0000027b1db5c000 DEOPT PACKING pc=0x0000027b0ca53850 sp=0x000000daca0fb0b0
Event: 5.203 Thread 0x0000027b1db5c000 DEOPT UNPACKING pc=0x0000027b04e9a1af sp=0x000000daca0fb030 mode 2
Event: 5.427 Thread 0x0000027b1db5c000 Uncommon trap: trap_request=0xffffffcc fr.pc=0x0000027b0ca5d884 relative=0x00000000000002c4
Event: 5.427 Thread 0x0000027b1db5c000 Uncommon trap: reason=intrinsic_or_type_checked_inlining action=make_not_entrant pc=0x0000027b0ca5d884 method=java.util.Arrays.copyOf([Ljava/lang/Object;ILjava/lang/Class;)[Ljava/lang/Object; @ 35 c2
Event: 5.427 Thread 0x0000027b1db5c000 DEOPT PACKING pc=0x0000027b0ca5d884 sp=0x000000daca0f9470
Event: 5.427 Thread 0x0000027b1db5c000 DEOPT UNPACKING pc=0x0000027b04e9a1af sp=0x000000daca0f9400 mode 2

Classes redefined (0 events):
No events

Internal exceptions (20 events):
Event: 3.978 Thread 0x0000027b1db5c000 Exception <a 'java/lang/NoSuchMethodError'{0x0000000086006968}: 'void java.lang.invoke.DirectMethodHandle$Holder.invokeSpecial(java.lang.Object, java.lang.Object, java.lang.Object, java.lang.Object, java.lang.Object, java.lang.Object, java.lang.Object)'> (0x0000000086006968) thrown at [./src/hotspot/share/interpreter/linkResolver.cpp, line 773]
Event: 3.979 Thread 0x0000027b1db5c000 Exception <a 'java/lang/NoSuchMethodError'{0x000000008600ebb0}: 'java.lang.Object java.lang.invoke.Invokers$Holder.linkToTargetMethod(java.lang.Object, java.lang.Object, java.lang.Object, java.lang.Object, java.lang.Object, java.lang.Object)'> (0x000000008600ebb0) thrown at [./src/hotspot/share/interpreter/linkResolver.cpp, line 773]
Event: 4.162 Thread 0x0000027b1db5c000 Exception <a 'java/lang/NoSuchMethodError'{0x0000000085346920}: 'void java.lang.invoke.DirectMethodHandle$Holder.invokeStaticInit(java.lang.Object, java.lang.Object)'> (0x0000000085346920) thrown at [./src/hotspot/share/interpreter/linkResolver.cpp, line 773]
Event: 4.308 Thread 0x0000027b1db5c000 Exception <a 'java/lang/NoSuchMethodError'{0x0000000084d49d38}: 'void java.lang.invoke.DirectMethodHandle$Holder.invokeStatic(java.lang.Object, java.lang.Object, java.lang.Object, java.lang.Object)'> (0x0000000084d49d38) thrown at [./src/hotspot/share/interpreter/linkResolver.cpp, line 773]
Event: 4.315 Thread 0x0000027b1db5c000 Exception <a 'java/lang/NoSuchMethodError'{0x0000000084d5d758}: 'int java.lang.invoke.DirectMethodHandle$Holder.invokeInterface(java.lang.Object, java.lang.Object)'> (0x0000000084d5d758) thrown at [./src/hotspot/share/interpreter/linkResolver.cpp, line 773]
Event: 4.487 Thread 0x0000027b1db5c000 Exception <a 'java/lang/NoSuchMethodError'{0x0000000087659e40}: 'java.lang.Object java.lang.invoke.DirectMethodHandle$Holder.invokeSpecialIFC(java.lang.Object, java.lang.Object, java.lang.Object, java.lang.Object)'> (0x0000000087659e40) thrown at [./src/hotspot/share/interpreter/linkResolver.cpp, line 773]
Event: 4.500 Thread 0x0000027b1db5c000 Exception <a 'java/lang/NoSuchMethodError'{0x0000000087561240}: 'java.lang.Object java.lang.invoke.DirectMethodHandle$Holder.invokeSpecial(java.lang.Object, java.lang.Object, java.lang.Object, java.lang.Object, java.lang.Object, java.lang.Object, java.lang.Object, java.lang.Object, java.lang.Object, java.lang.Object, java.lang.Object, java.lang.Object, java.lang.Object)'> (0x0000000087561240) thrown at [./src/hotspot/share/interpreter/linkResolver.cpp, line 773]
Event: 4.501 Thread 0x0000027b1db5c000 Exception <a 'java/lang/NoSuchMethodError'{0x00000000875724c8}: 'java.lang.Object java.lang.invoke.DirectMethodHandle$Holder.invokeSpecial(java.lang.Object, java.lang.Object, java.lang.Object, java.lang.Object, java.lang.Object, java.lang.Object, java.lang.Object, java.lang.Object, java.lang.Object, java.lang.Object, java.lang.Object, java.lang.Object)'> (0x00000000875724c8) thrown at [./src/hotspot/share/interpreter/linkResolver.cpp, line 773]
Event: 4.501 Thread 0x0000027b1db5c000 Exception <a 'java/lang/NoSuchMethodError'{0x00000000875775f0}: 'java.lang.Object java.lang.invoke.Invokers$Holder.linkToTargetMethod(java.lang.Object, java.lang.Object, java.lang.Object, java.lang.Object, java.lang.Object, java.lang.Object, java.lang.Object, java.lang.Object, java.lang.Object, java.lang.Object, java.lang.Object)'> (0x00000000875775f0) thrown at [./src/hotspot/share/interpreter/linkResolver.cpp, line 773]
Event: 4.520 Thread 0x0000027b1db5c000 Exception <a 'java/lang/NoSuchMethodError'{0x00000000874b72f8}: 'java.lang.Object java.lang.invoke.DirectMethodHandle$Holder.invokeSpecial(java.lang.Object, java.lang.Object, java.lang.Object, java.lang.Object, java.lang.Object, java.lang.Object, java.lang.Object, java.lang.Object, java.lang.Object, java.lang.Object, java.lang.Object, java.lang.Object, java.lang.Object, java.lang.Object)'> (0x00000000874b72f8) thrown at [./src/hotspot/share/interpreter/linkResolver.cpp, line 773]
Event: 4.521 Thread 0x0000027b1db5c000 Exception <a 'java/lang/NoSuchMethodError'{0x00000000874c88f0}: 'java.lang.Object java.lang.invoke.Invokers$Holder.linkToTargetMethod(java.lang.Object, java.lang.Object, java.lang.Object, java.lang.Object, java.lang.Object, java.lang.Object, java.lang.Object, java.lang.Object, java.lang.Object, java.lang.Object, java.lang.Object, java.lang.Object)'> (0x00000000874c88f0) thrown at [./src/hotspot/share/interpreter/linkResolver.cpp, line 773]
Event: 4.531 Thread 0x0000027b1db5c000 Exception <a 'java/lang/NoSuchMethodError'{0x000000008735cf68}: 'java.lang.Object java.lang.invoke.DirectMethodHandle$Holder.invokeStaticInit(java.lang.Object, java.lang.Object, java.lang.Object, java.lang.Object)'> (0x000000008735cf68) thrown at [./src/hotspot/share/interpreter/linkResolver.cpp, line 773]
Event: 4.650 Thread 0x0000027b1db5c000 Implicit null exception at 0x0000027b0ca1ba75 to 0x0000027b0ca1bc3c
Event: 4.650 Thread 0x0000027b1db5c000 Implicit null exception at 0x0000027b0c9721af to 0x0000027b0c97221d
Event: 5.360 Thread 0x0000027b1db5c000 Exception <a 'java/lang/NoSuchMethodError'{0x0000000084f0cfd0}: 'void java.lang.invoke.DirectMethodHandle$Holder.invokeStaticInit(java.lang.Object, java.lang.Object, java.lang.Object)'> (0x0000000084f0cfd0) thrown at [./src/hotspot/share/interpreter/linkResolver.cpp, line 773]
Event: 5.361 Thread 0x0000027b1db5c000 Exception <a 'java/lang/NoSuchMethodError'{0x0000000084f13da8}: 'void java.lang.invoke.DirectMethodHandle$Holder.invokeStaticInit(java.lang.Object, java.lang.Object, java.lang.Object, java.lang.Object)'> (0x0000000084f13da8) thrown at [./src/hotspot/share/interpreter/linkResolver.cpp, line 773]
Event: 5.368 Thread 0x0000027b1db5c000 Exception <a 'java/lang/NoSuchMethodError'{0x0000000084f364e0}: 'void java.lang.invoke.DirectMethodHandle$Holder.invokeStaticInit(java.lang.Object, java.lang.Object, java.lang.Object, java.lang.Object, java.lang.Object)'> (0x0000000084f364e0) thrown at [./src/hotspot/share/interpreter/linkResolver.cpp, line 773]
Event: 5.369 Thread 0x0000027b1db5c000 Exception <a 'java/lang/NoSuchMethodError'{0x0000000084f3dbf0}: 'int java.lang.invoke.DirectMethodHandle$Holder.invokeStaticInit(java.lang.Object, java.lang.Object, java.lang.Object)'> (0x0000000084f3dbf0) thrown at [./src/hotspot/share/interpreter/linkResolver.cpp, line 773]
Event: 5.418 Thread 0x0000027b1db5c000 Exception <a 'java/lang/NoSuchMethodError'{0x0000000084f9cb18}: 'int java.lang.invoke.DirectMethodHandle$Holder.invokeStaticInit(java.lang.Object, java.lang.Object, java.lang.Object, java.lang.Object)'> (0x0000000084f9cb18) thrown at [./src/hotspot/share/interpreter/linkResolver.cpp, line 773]
Event: 5.419 Thread 0x0000027b1db5c000 Exception <a 'java/lang/IncompatibleClassChangeError'{0x0000000084fa6078}: Found class java.lang.Object, but interface was expected> (0x0000000084fa6078) thrown at [./src/hotspot/share/interpreter/linkResolver.cpp, line 839]

Events (20 events):
Event: 5.499 loading class org/codehaus/groovy/runtime/metaclass/MetaClassRegistryImpl$DefaultModuleListener done
Event: 5.500 loading class org/codehaus/groovy/util/URLStreams
Event: 5.500 loading class org/codehaus/groovy/util/URLStreams done
Event: 5.501 Executing VM operation: RevokeBias
Event: 5.501 Executing VM operation: RevokeBias done
Event: 5.501 loading class org/codehaus/groovy/runtime/m12n/StandardPropertiesModuleFactory
Event: 5.501 loading class org/codehaus/groovy/runtime/m12n/StandardPropertiesModuleFactory done
Event: 5.502 loading class org/codehaus/groovy/runtime/m12n/PropertiesModuleFactory
Event: 5.502 loading class org/codehaus/groovy/runtime/m12n/PropertiesModuleFactory done
Event: 5.502 loading class org/codehaus/groovy/runtime/m12n/ExtensionModule
Event: 5.502 loading class org/codehaus/groovy/runtime/m12n/ExtensionModule done
Event: 5.502 loading class org/codehaus/groovy/runtime/m12n/MetaInfExtensionModule
Event: 5.502 loading class org/codehaus/groovy/runtime/m12n/MetaInfExtensionModule done
Event: 5.503 loading class org/codehaus/groovy/runtime/m12n/SimpleExtensionModule
Event: 5.503 loading class org/codehaus/groovy/runtime/m12n/SimpleExtensionModule done
Event: 5.503 loading class java/lang/UnsupportedClassVersionError
Event: 5.503 loading class java/lang/UnsupportedClassVersionError done
Event: 5.504 loading class org/apache/groovy/datetime/extensions/DateTimeExtensions
Event: 5.504 loading class org/apache/groovy/datetime/extensions/DateTimeExtensions done
Event: 5.504 Executing VM operation: G1CollectForAllocation


Dynamic libraries:
0x00007ff718780000 - 0x00007ff71878a000 	E:\Programs\Android Studio\jre\bin\java.exe
0x00007ffcbb670000 - 0x00007ffcbb868000 	C:\Windows\SYSTEM32\ntdll.dll
0x00007ffc8c960000 - 0x00007ffc8c977000 	C:\Program Files\Avast Software\Avast\aswhook.dll
0x00007ffcba470000 - 0x00007ffcba52f000 	C:\Windows\System32\KERNEL32.DLL
0x00007ffcb8f80000 - 0x00007ffcb9252000 	C:\Windows\System32\KERNELBASE.dll
0x00007ffcb8e80000 - 0x00007ffcb8f80000 	C:\Windows\System32\ucrtbase.dll
0x00007ffca0350000 - 0x00007ffca0367000 	E:\Programs\Android Studio\jre\bin\VCRUNTIME140.dll
0x00007ffc9f3e0000 - 0x00007ffc9f3f9000 	E:\Programs\Android Studio\jre\bin\jli.dll
0x00007ffcbadf0000 - 0x00007ffcbaf8d000 	C:\Windows\System32\USER32.dll
0x00007ffcb9550000 - 0x00007ffcb9572000 	C:\Windows\System32\win32u.dll
0x00007ffcbb2b0000 - 0x00007ffcbb2db000 	C:\Windows\System32\GDI32.dll
0x00007ffca52d0000 - 0x00007ffca556a000 	C:\Windows\WinSxS\amd64_microsoft.windows.common-controls_6595b64144ccf1df_6.0.19041.1110_none_60b5254171f9507e\COMCTL32.dll
0x00007ffcb8d70000 - 0x00007ffcb8e7f000 	C:\Windows\System32\gdi32full.dll
0x00007ffcbb210000 - 0x00007ffcbb2ae000 	C:\Windows\System32\msvcrt.dll
0x00007ffcb9480000 - 0x00007ffcb951d000 	C:\Windows\System32\msvcp_win.dll
0x00007ffcbaad0000 - 0x00007ffcbab02000 	C:\Windows\System32\IMM32.DLL
0x00007ffc7b220000 - 0x00007ffc7b2bd000 	E:\Programs\Android Studio\jre\bin\msvcp140.dll
0x00007ffc670c0000 - 0x00007ffc67bc2000 	E:\Programs\Android Studio\jre\bin\server\jvm.dll
0x00007ffcbb420000 - 0x00007ffcbb4ce000 	C:\Windows\System32\ADVAPI32.dll
0x00007ffcbad50000 - 0x00007ffcbadec000 	C:\Windows\System32\sechost.dll
0x00007ffcba9a0000 - 0x00007ffcbaac5000 	C:\Windows\System32\RPCRT4.dll
0x00007ffcbb2e0000 - 0x00007ffcbb2e8000 	C:\Windows\System32\PSAPI.DLL
0x00007ffca5580000 - 0x00007ffca55a7000 	C:\Windows\SYSTEM32\WINMM.dll
0x00007ffca3a70000 - 0x00007ffca3a79000 	C:\Windows\SYSTEM32\WSOCK32.dll
0x00007ffcb6d10000 - 0x00007ffcb6d1a000 	C:\Windows\SYSTEM32\VERSION.dll
0x00007ffcbb1a0000 - 0x00007ffcbb20b000 	C:\Windows\System32\WS2_32.dll
0x00007ffcb75c0000 - 0x00007ffcb75d2000 	C:\Windows\SYSTEM32\kernel.appcore.dll
0x00007ffcb4020000 - 0x00007ffcb4031000 	E:\Programs\Android Studio\jre\bin\verify.dll
0x00007ffca9360000 - 0x00007ffca9544000 	C:\Windows\SYSTEM32\DBGHELP.DLL
0x00007ffca91e0000 - 0x00007ffca920c000 	C:\Windows\SYSTEM32\dbgcore.DLL
0x00007ffcb9580000 - 0x00007ffcb9602000 	C:\Windows\System32\bcryptPrimitives.dll
0x00007ffcb2a40000 - 0x00007ffcb2a69000 	E:\Programs\Android Studio\jre\bin\java.dll
0x00007ffcb4840000 - 0x00007ffcb484b000 	E:\Programs\Android Studio\jre\bin\jimage.dll
0x00007ffca2ff0000 - 0x00007ffca3008000 	E:\Programs\Android Studio\jre\bin\zip.dll
0x00007ffcb9870000 - 0x00007ffcb9fb3000 	C:\Windows\System32\SHELL32.dll
0x00007ffcb6e10000 - 0x00007ffcb75a2000 	C:\Windows\SYSTEM32\windows.storage.dll
0x00007ffcba110000 - 0x00007ffcba464000 	C:\Windows\System32\combase.dll
0x00007ffcb87d0000 - 0x00007ffcb8800000 	C:\Windows\SYSTEM32\Wldp.dll
0x00007ffcbab10000 - 0x00007ffcbabbd000 	C:\Windows\System32\SHCORE.dll
0x00007ffcbacf0000 - 0x00007ffcbad45000 	C:\Windows\System32\shlwapi.dll
0x00007ffcb8cb0000 - 0x00007ffcb8ccf000 	C:\Windows\SYSTEM32\profapi.dll
0x00007ffca1b40000 - 0x00007ffca1b5a000 	E:\Programs\Android Studio\jre\bin\net.dll
0x00007ffca7980000 - 0x00007ffca7a8c000 	C:\Windows\SYSTEM32\WINHTTP.dll
0x00007ffcb8530000 - 0x00007ffcb859a000 	C:\Windows\system32\mswsock.dll
0x00007ffca03f0000 - 0x00007ffca0404000 	E:\Programs\Android Studio\jre\bin\nio.dll
0x00007ffca0370000 - 0x00007ffca0397000 	C:\Users\a0587\.gradle\native\8bec1ad78214c89d9ad589b4d07fe93259594b29d510b10fafb7a158f7737e5d\windows-amd64\native-platform.dll
0x00007ffc6e1b0000 - 0x00007ffc6e2ed000 	C:\Users\a0587\.gradle\native\53dbd7edfb1c66fb8903c78663c9afc45aea4f116125fa6feffd364cf09443e8\windows-amd64\native-platform-file-events.dll
0x00007ffcb4830000 - 0x00007ffcb483a000 	E:\Programs\Android Studio\jre\bin\management.dll
0x00007ffcb3020000 - 0x00007ffcb302d000 	E:\Programs\Android Studio\jre\bin\management_ext.dll
0x00007ffcb8720000 - 0x00007ffcb8738000 	C:\Windows\SYSTEM32\CRYPTSP.dll
0x00007ffcb7de0000 - 0x00007ffcb7e14000 	C:\Windows\system32\rsaenh.dll
0x00007ffcb9520000 - 0x00007ffcb9547000 	C:\Windows\System32\bcrypt.dll
0x00007ffcb8c70000 - 0x00007ffcb8c9e000 	C:\Windows\SYSTEM32\USERENV.dll
0x00007ffcb8740000 - 0x00007ffcb874c000 	C:\Windows\SYSTEM32\CRYPTBASE.dll
0x00007ffcb81d0000 - 0x00007ffcb820b000 	C:\Windows\SYSTEM32\IPHLPAPI.DLL
0x00007ffcbb190000 - 0x00007ffcbb198000 	C:\Windows\System32\NSI.dll
0x00007ffcae0e0000 - 0x00007ffcae0f7000 	C:\Windows\SYSTEM32\dhcpcsvc6.DLL
0x00007ffcae980000 - 0x00007ffcae99d000 	C:\Windows\SYSTEM32\dhcpcsvc.DLL
0x00007ffcb8220000 - 0x00007ffcb82ea000 	C:\Windows\SYSTEM32\DNSAPI.dll

dbghelp: loaded successfully - version: 4.0.5 - missing functions: none
symbol engine: initialized successfully - sym options: 0x614 - pdb path: .;E:\Programs\Android Studio\jre\bin;C:\Windows\SYSTEM32;C:\Program Files\Avast Software\Avast;C:\Windows\WinSxS\amd64_microsoft.windows.common-controls_6595b64144ccf1df_6.0.19041.1110_none_60b5254171f9507e;E:\Programs\Android Studio\jre\bin\server;C:\Users\a0587\.gradle\native\8bec1ad78214c89d9ad589b4d07fe93259594b29d510b10fafb7a158f7737e5d\windows-amd64;C:\Users\a0587\.gradle\native\53dbd7edfb1c66fb8903c78663c9afc45aea4f116125fa6feffd364cf09443e8\windows-amd64

VM Arguments:
jvm_args: --add-opens=java.base/java.util=ALL-UNNAMED --add-opens=java.base/java.lang=ALL-UNNAMED --add-opens=java.base/java.lang.invoke=ALL-UNNAMED --add-opens=java.base/java.util=ALL-UNNAMED --add-opens=java.prefs/java.util.prefs=ALL-UNNAMED --add-opens=java.prefs/java.util.prefs=ALL-UNNAMED --add-opens=java.base/java.nio.charset=ALL-UNNAMED --add-opens=java.base/java.net=ALL-UNNAMED --add-opens=java.base/java.util.concurrent.atomic=ALL-UNNAMED -Xmx2048m -Dfile.encoding=UTF-8 -Duser.country=TW -Duser.language=zh -Duser.variant 
java_command: org.gradle.launcher.daemon.bootstrap.GradleDaemon 7.0.2
java_class_path (initial): C:\Users\a0587\.gradle\wrapper\dists\gradle-7.0.2-bin\857tjihv64xamwrf0h14cai3r\gradle-7.0.2\lib\gradle-launcher-7.0.2.jar
Launcher Type: SUN_STANDARD

[Global flags]
     intx CICompilerCount                          = 3                                         {product} {ergonomic}
     uint ConcGCThreads                            = 1                                         {product} {ergonomic}
     uint G1ConcRefinementThreads                  = 4                                         {product} {ergonomic}
   size_t G1HeapRegionSize                         = 1048576                                   {product} {ergonomic}
    uintx GCDrainStackTargetSize                   = 64                                        {product} {ergonomic}
   size_t InitialHeapSize                          = 134217728                                 {product} {ergonomic}
   size_t MarkStackSize                            = 4194304                                   {product} {ergonomic}
   size_t MaxHeapSize                              = 2147483648                                {product} {command line}
   size_t MaxNewSize                               = 1287651328                                {product} {ergonomic}
   size_t MinHeapDeltaBytes                        = 1048576                                   {product} {ergonomic}
    uintx NonNMethodCodeHeapSize                   = 5830732                                {pd product} {ergonomic}
    uintx NonProfiledCodeHeapSize                  = 122913754                              {pd product} {ergonomic}
    uintx ProfiledCodeHeapSize                     = 122913754                              {pd product} {ergonomic}
    uintx ReservedCodeCacheSize                    = 251658240                              {pd product} {ergonomic}
     bool SegmentedCodeCache                       = true                                      {product} {ergonomic}
     bool UseCompressedClassPointers               = true                                 {lp64_product} {ergonomic}
     bool UseCompressedOops                        = true                                 {lp64_product} {ergonomic}
     bool UseG1GC                                  = true                                      {product} {ergonomic}
     bool UseLargePagesIndividualAllocation        = false                                  {pd product} {ergonomic}

Logging:
Log output configuration:
 #0: stdout all=warning uptime,level,tags
 #1: stderr all=off uptime,level,tags

Environment Variables:
PATH=C:\Windows\system32;C:\Windows;C:\Windows\System32\Wbem;C:\Windows\System32\WindowsPowerShell\v1.0\;C:\Windows\System32\OpenSSH\;C:\Program Files\PuTTY\;E:\Programs\Anaconda;E:\Programs\Anaconda\Library\mingw-w64\bin;E:\Programs\Anaconda\Library\usr\bin;E:\Programs\Anaconda\Library\bin;E:\Programs\Anaconda\Scripts;C:\Users\a0587\AppData\Local\Microsoft\WindowsApps;E:\Programs\Microsoft VS Code\bin
USERNAME=Billy
OS=Windows_NT
PROCESSOR_IDENTIFIER=Intel64 Family 6 Model 142 Stepping 9, GenuineIntel



---------------  S Y S T E M  ---------------

OS: Windows 10 , 64 bit Build 19041 (10.0.19041.2251)
OS uptime: 4 days 23:12 hours

CPU:total 4 (initial active 4) (2 cores per cpu, 2 threads per core) family 6 model 142 stepping 9 microcode 0xb4, cmov, cx8, fxsr, mmx, sse, sse2, sse3, ssse3, sse4.1, sse4.2, popcnt, avx, avx2, aes, clmul, erms, 3dnowpref, lzcnt, ht, tsc, tscinvbit, bmi1, bmi2, adx, fma

Memory: 4k page, system-wide physical 8073M (440M free)
TotalPageFile size 8073M (AvailPageFile size 21M)
current process WorkingSet (physical memory assigned to process): 207M, peak: 217M
current process commit charge ("private bytes"): 281M, peak: 306M

vm_info: OpenJDK 64-Bit Server VM (11.0.13+0-b1751.21-8125866) for windows-amd64 JRE (11.0.13+0-b1751.21-8125866), built on Feb  2 2022 03:00:22 by "builder" with MS VC++ 14.0 (VS2015)

END.
