#
# There is insufficient memory for the Java Runtime Environment to continue.
# Native memory allocation (malloc) failed to allocate 2667056 bytes for Chunk::new
# Possible reasons:
#   The system is out of physical RAM or swap space
#   The process is running with CompressedOops enabled, and the Java Heap may be blocking the growth of the native heap
# Possible solutions:
#   Reduce memory load on the system
#   Increase physical memory or swap space
#   Check if swap backing store is full
#   Decrease Java heap size (-Xmx/-Xms)
#   Decrease number of Java threads
#   Decrease Java thread stack sizes (-Xss)
#   Set larger code cache with -XX:ReservedCodeCacheSize=
#   JVM is running with Unscaled Compressed Oops mode in which the Java heap is
#     placed in the first 4GB address space. The Java Heap base address is the
#     maximum limit for the native heap growth. Please use -XX:HeapBaseMinAddress
#     to set the Java Heap base and to place the Java Heap above 4GB virtual address.
# This output file may be truncated or incomplete.
#
#  Out of Memory Error (./src/hotspot/share/memory/arena.cpp:197), pid=14400, tid=18164
#
# JRE version: OpenJDK Runtime Environment (11.0.10) (build 11.0.10+0-b96-7249189)
# Java VM: OpenJDK 64-Bit Server VM (11.0.10+0-b96-7249189, mixed mode, tiered, compressed oops, g1 gc, windows-amd64)
# No core dump will be written. Minidumps are not enabled by default on client versions of Windows
#

---------------  S U M M A R Y ------------

Command Line: --add-opens=java.base/java.util=ALL-UNNAMED --add-opens=java.base/java.lang=ALL-UNNAMED --add-opens=java.base/java.lang.invoke=ALL-UNNAMED --add-opens=java.base/java.util=ALL-UNNAMED --add-opens=java.prefs/java.util.prefs=ALL-UNNAMED --add-opens=java.prefs/java.util.prefs=ALL-UNNAMED --add-opens=java.base/java.nio.charset=ALL-UNNAMED --add-opens=java.base/java.net=ALL-UNNAMED --add-opens=java.base/java.util.concurrent.atomic=ALL-UNNAMED -Xmx2048m -Dfile.encoding=UTF-8 -Duser.country=TW -Duser.language=zh -Duser.variant org.gradle.launcher.daemon.bootstrap.GradleDaemon 7.0.2

Host: Intel(R) Core(TM) i5-7200U CPU @ 2.50GHz, 4 cores, 7G,  Windows 10 , 64 bit Build 19041 (10.0.19041.1348)
Time: Sun Jan  2 23:14:23 2022 台北標準時間 elapsed time: 57.166929 seconds (0d 0h 0m 57s)

---------------  T H R E A D  ---------------

Current thread (0x0000017fbe507000):  JavaThread "C2 CompilerThread0" daemon [_thread_in_native, id=18164, stack(0x0000007be3000000,0x0000007be3100000)]


Current CompileTask:
C2:  57167 17384       4       com.android.tools.r8.internal.Me::a (3140 bytes)

Stack: [0x0000007be3000000,0x0000007be3100000]
Native frames: (J=compiled Java code, j=interpreted, Vv=VM code, C=native code)
V  [jvm.dll+0x5ecfaa]
V  [jvm.dll+0x722bd5]
V  [jvm.dll+0x72412d]
V  [jvm.dll+0x7247e3]
V  [jvm.dll+0x242928]
V  [jvm.dll+0xbc4fc]
V  [jvm.dll+0xbca0c]
V  [jvm.dll+0x352d3b]
V  [jvm.dll+0x320ad3]
V  [jvm.dll+0x31ffca]
V  [jvm.dll+0x1fb602]
V  [jvm.dll+0x1fa7f4]
V  [jvm.dll+0x18354c]
V  [jvm.dll+0x208ee7]
V  [jvm.dll+0x207731]
V  [jvm.dll+0x6eb1cf]
V  [jvm.dll+0x6e3d45]
V  [jvm.dll+0x5ebe96]
C  [ucrtbase.dll+0x21bb2]
C  [KERNEL32.DLL+0x17034]
C  [ntdll.dll+0x52651]


---------------  P R O C E S S  ---------------

Threads class SMR info:
_java_thread_list=0x0000017fc10de090, length=52, elements={
0x0000017fa48fd800, 0x0000017fbe4cf800, 0x0000017fbe4d3000, 0x0000017fbe501800,
0x0000017fbe502800, 0x0000017fbe504000, 0x0000017fbe507000, 0x0000017fbe51d000,
0x0000017fbe51e000, 0x0000017fbeeb1800, 0x0000017fc2136000, 0x0000017fbf115000,
0x0000017fc0db8800, 0x0000017fc03fe000, 0x0000017fbfe6c000, 0x0000017fc22db800,
0x0000017fc07d8800, 0x0000017fc212a800, 0x0000017fc0be8800, 0x0000017fbfd1d800,
0x0000017fbfd1c000, 0x0000017fbfd1d000, 0x0000017fbfd1f800, 0x0000017fbfd1e800,
0x0000017fbfd19800, 0x0000017fbfd20000, 0x0000017fbfd1a800, 0x0000017fbfd1b800,
0x0000017fc19cc800, 0x0000017fc19cc000, 0x0000017fc19d0800, 0x0000017fc19cd800,
0x0000017fc19cb000, 0x0000017fc19d1800, 0x0000017fc19d0000, 0x0000017fc19d4000,
0x0000017fc19d5800, 0x0000017fc19d6800, 0x0000017fc19d2800, 0x0000017fc19d7800,
0x0000017fc19d8000, 0x0000017fc19d5000, 0x0000017fc4270000, 0x0000017fc426d800,
0x0000017fc4270800, 0x0000017fc426b000, 0x0000017fc4272800, 0x0000017fc426b800,
0x0000017fc426e000, 0x0000017fc426c800, 0x0000017fc4274800, 0x0000017fc4271800
}

Java Threads: ( => current thread )
  0x0000017fa48fd800 JavaThread "main" [_thread_blocked, id=16468, stack(0x0000007be2300000,0x0000007be2400000)]
  0x0000017fbe4cf800 JavaThread "Reference Handler" daemon [_thread_blocked, id=14404, stack(0x0000007be2b00000,0x0000007be2c00000)]
  0x0000017fbe4d3000 JavaThread "Finalizer" daemon [_thread_blocked, id=16680, stack(0x0000007be2c00000,0x0000007be2d00000)]
  0x0000017fbe501800 JavaThread "Signal Dispatcher" daemon [_thread_blocked, id=1080, stack(0x0000007be2d00000,0x0000007be2e00000)]
  0x0000017fbe502800 JavaThread "Attach Listener" daemon [_thread_blocked, id=12824, stack(0x0000007be2e00000,0x0000007be2f00000)]
  0x0000017fbe504000 JavaThread "Service Thread" daemon [_thread_blocked, id=12880, stack(0x0000007be2f00000,0x0000007be3000000)]
=>0x0000017fbe507000 JavaThread "C2 CompilerThread0" daemon [_thread_in_native, id=18164, stack(0x0000007be3000000,0x0000007be3100000)]
  0x0000017fbe51d000 JavaThread "C1 CompilerThread0" daemon [_thread_blocked, id=14784, stack(0x0000007be3100000,0x0000007be3200000)]
  0x0000017fbe51e000 JavaThread "Sweeper thread" daemon [_thread_blocked, id=18404, stack(0x0000007be3200000,0x0000007be3300000)]
  0x0000017fbeeb1800 JavaThread "Common-Cleaner" daemon [_thread_blocked, id=13616, stack(0x0000007be3300000,0x0000007be3400000)]
  0x0000017fc2136000 JavaThread "Daemon health stats" [_thread_blocked, id=15076, stack(0x0000007be3800000,0x0000007be3900000)]
  0x0000017fbf115000 JavaThread "Incoming local TCP Connector on port 62608" [_thread_in_native, id=10296, stack(0x0000007be3500000,0x0000007be3600000)]
  0x0000017fc0db8800 JavaThread "Daemon periodic checks" [_thread_blocked, id=11976, stack(0x0000007be3900000,0x0000007be3a00000)]
  0x0000017fc03fe000 JavaThread "Daemon" [_thread_blocked, id=10324, stack(0x0000007be3a00000,0x0000007be3b00000)]
  0x0000017fbfe6c000 JavaThread "Handler for socket connection from /127.0.0.1:62608 to /127.0.0.1:62610" [_thread_in_native, id=17100, stack(0x0000007be3b00000,0x0000007be3c00000)]
  0x0000017fc22db800 JavaThread "Cancel handler" [_thread_blocked, id=8672, stack(0x0000007be3d00000,0x0000007be3e00000)]
  0x0000017fc07d8800 JavaThread "Daemon worker" [_thread_blocked, id=14516, stack(0x0000007be3e00000,0x0000007be3f00000)]
  0x0000017fc212a800 JavaThread "Asynchronous log dispatcher for DefaultDaemonConnection: socket connection from /127.0.0.1:62608 to /127.0.0.1:62610" [_thread_blocked, id=15080, stack(0x0000007be3f00000,0x0000007be4000000)]
  0x0000017fc0be8800 JavaThread "Stdin handler" [_thread_blocked, id=9796, stack(0x0000007be4000000,0x0000007be4100000)]
  0x0000017fbfd1d800 JavaThread "Daemon client event forwarder" [_thread_blocked, id=13476, stack(0x0000007be4100000,0x0000007be4200000)]
  0x0000017fbfd1c000 JavaThread "Cache worker for file hash cache (C:\Users\Billy\.gradle\caches\7.0.2\fileHashes)" [_thread_blocked, id=12412, stack(0x0000007be4300000,0x0000007be4400000)]
  0x0000017fbfd1d000 JavaThread "File lock request listener" [_thread_in_native, id=11488, stack(0x0000007be4400000,0x0000007be4500000)]
  0x0000017fbfd1f800 JavaThread "Cache worker for journal cache (C:\Users\Billy\.gradle\caches\journal-1)" [_thread_blocked, id=8960, stack(0x0000007be4500000,0x0000007be4600000)]
  0x0000017fbfd1e800 JavaThread "Cache worker for file hash cache (C:\Users\Billy\Test\.gradle\7.0.2\fileHashes)" [_thread_blocked, id=16160, stack(0x0000007be4600000,0x0000007be4700000)]
  0x0000017fbfd19800 JavaThread "File watcher server" daemon [_thread_in_native, id=6696, stack(0x0000007be4700000,0x0000007be4800000)]
  0x0000017fbfd20000 JavaThread "File watcher consumer" daemon [_thread_blocked, id=8352, stack(0x0000007be4800000,0x0000007be4900000)]
  0x0000017fbfd1a800 JavaThread "Cache worker for checksums cache (C:\Users\Billy\Test\.gradle\checksums)" [_thread_blocked, id=13096, stack(0x0000007be4900000,0x0000007be4a00000)]
  0x0000017fbfd1b800 JavaThread "Cache worker for cache directory md-supplier (C:\Users\Billy\.gradle\caches\7.0.2\md-supplier)" [_thread_blocked, id=316, stack(0x0000007be4a00000,0x0000007be4b00000)]
  0x0000017fc19cc800 JavaThread "Cache worker for cache directory md-rule (C:\Users\Billy\.gradle\caches\7.0.2\md-rule)" [_thread_blocked, id=17568, stack(0x0000007be4b00000,0x0000007be4c00000)]
  0x0000017fc19cc000 JavaThread "Cache worker for execution history cache (C:\Users\Billy\.gradle\caches\7.0.2\executionHistory)" [_thread_blocked, id=12708, stack(0x0000007be4c00000,0x0000007be4d00000)]
  0x0000017fc19d0800 JavaThread "jar transforms" [_thread_blocked, id=4532, stack(0x0000007be4d00000,0x0000007be4e00000)]
  0x0000017fc19cd800 JavaThread "jar transforms Thread 2" [_thread_blocked, id=12784, stack(0x0000007be4e00000,0x0000007be4f00000)]
  0x0000017fc19cb000 JavaThread "Cache worker for file content cache (C:\Users\Billy\.gradle\caches\7.0.2\fileContent)" [_thread_blocked, id=9624, stack(0x0000007be4f00000,0x0000007be5000000)]
  0x0000017fc19d1800 JavaThread "Cache worker for dependencies-accessors (C:\Users\Billy\Test\.gradle\7.0.2\dependencies-accessors)" [_thread_blocked, id=2320, stack(0x0000007be5000000,0x0000007be5100000)]
  0x0000017fc19d0000 JavaThread "jar transforms Thread 3" [_thread_blocked, id=17700, stack(0x0000007be5100000,0x0000007be5200000)]
  0x0000017fc19d4000 JavaThread "Cache worker for Build Output Cleanup Cache (C:\Users\Billy\Test\.gradle\buildOutputCleanup)" [_thread_blocked, id=8916, stack(0x0000007be5200000,0x0000007be5300000)]
  0x0000017fc19d5800 JavaThread "Build operations" [_thread_in_Java, id=15092, stack(0x0000007be5300000,0x0000007be5400000)]
  0x0000017fc19d6800 JavaThread "Build operations Thread 2" [_thread_in_Java, id=10916, stack(0x0000007be5400000,0x0000007be5500000)]
  0x0000017fc19d2800 JavaThread "Build operations Thread 3" [_thread_blocked, id=7584, stack(0x0000007be5500000,0x0000007be5600000)]
  0x0000017fc19d7800 JavaThread "Build operations Thread 4" [_thread_in_Java, id=15708, stack(0x0000007be5600000,0x0000007be5700000)]
  0x0000017fc19d8000 JavaThread "jar transforms Thread 4" [_thread_blocked, id=1188, stack(0x0000007be5700000,0x0000007be5800000)]
  0x0000017fc19d5000 JavaThread "Memory manager" [_thread_blocked, id=1984, stack(0x0000007be5800000,0x0000007be5900000)]
  0x0000017fc4270000 JavaThread "build event listener" [_thread_blocked, id=6440, stack(0x0000007be5900000,0x0000007be5a00000)]
  0x0000017fc426d800 JavaThread "Execution worker for ':'" [_thread_blocked, id=17120, stack(0x0000007be5a00000,0x0000007be5b00000)]
  0x0000017fc4270800 JavaThread "Execution worker for ':' Thread 2" [_thread_blocked, id=17432, stack(0x0000007be5b00000,0x0000007be5c00000)]
  0x0000017fc426b000 JavaThread "Execution worker for ':' Thread 3" [_thread_blocked, id=1660, stack(0x0000007be5c00000,0x0000007be5d00000)]
  0x0000017fc4272800 JavaThread "Cache worker for execution history cache (C:\Users\Billy\Test\.gradle\7.0.2\executionHistory)" [_thread_blocked, id=14004, stack(0x0000007be5d00000,0x0000007be5e00000)]
  0x0000017fc426b800 JavaThread "WorkerExecutor Queue" [_thread_blocked, id=4992, stack(0x0000007be5e00000,0x0000007be5f00000)]
  0x0000017fc426e000 JavaThread "WorkerExecutor Queue Thread 2" [_thread_blocked, id=13820, stack(0x0000007be5f00000,0x0000007be6000000)]
  0x0000017fc426c800 JavaThread "WorkerExecutor Queue Thread 3" [_thread_blocked, id=13320, stack(0x0000007be6000000,0x0000007be6100000)]
  0x0000017fc4274800 JavaThread "WorkerExecutor Queue Thread 4" [_thread_blocked, id=12012, stack(0x0000007be6100000,0x0000007be6200000)]
  0x0000017fc4271800 JavaThread "C2 CompilerThread1" daemon [_thread_in_native, id=18336, stack(0x0000007be3c00000,0x0000007be3d00000)]

Other Threads:
  0x0000017fbe4cc000 VMThread "VM Thread" [stack: 0x0000007be2a00000,0x0000007be2b00000] [id=7524]
  0x0000017fbeec0800 WatcherThread [stack: 0x0000007be3400000,0x0000007be3500000] [id=18192]
  0x0000017fa4915800 GCTaskThread "GC Thread#0" [stack: 0x0000007be2500000,0x0000007be2600000] [id=12884]
  0x0000017fbfa0a000 GCTaskThread "GC Thread#1" [stack: 0x0000007be3600000,0x0000007be3700000] [id=14108]
  0x0000017fbf190800 GCTaskThread "GC Thread#2" [stack: 0x0000007be3700000,0x0000007be3800000] [id=12776]
  0x0000017fc216e000 GCTaskThread "GC Thread#3" [stack: 0x0000007be4200000,0x0000007be4300000] [id=13780]
  0x0000017fa4946800 ConcurrentGCThread "G1 Main Marker" [stack: 0x0000007be2600000,0x0000007be2700000] [id=17720]
  0x0000017fa4947800 ConcurrentGCThread "G1 Conc#0" [stack: 0x0000007be2700000,0x0000007be2800000] [id=15832]
  0x0000017fa49d7800 ConcurrentGCThread "G1 Refine#0" [stack: 0x0000007be2800000,0x0000007be2900000] [id=10460]
  0x0000017fa49d8800 ConcurrentGCThread "G1 Young RemSet Sampling" [stack: 0x0000007be2900000,0x0000007be2a00000] [id=10380]

Threads with active compile tasks:
C2 CompilerThread0  57233 17384       4       com.android.tools.r8.internal.Me::a (3140 bytes)
C2 CompilerThread1  57233 17661       4       com.android.tools.r8.graph.c0::a (89 bytes)

VM state:not at safepoint (normal execution)

VM Mutex/Monitor currently owned by a thread: None

Heap address: 0x0000000080000000, size: 2048 MB, Compressed Oops mode: 32-bit
Narrow klass base: 0x0000000000000000, Narrow klass shift: 3
Compressed class space size: 1073741824 Address: 0x0000000100000000

Heap:
 garbage-first heap   total 273408K, used 210605K [0x0000000080000000, 0x0000000100000000)
  region size 1024K, 110 young (112640K), 5 survivors (5120K)
 Metaspace       used 106265K, capacity 108956K, committed 109184K, reserved 1144832K
  class space    used 13410K, capacity 14416K, committed 14464K, reserved 1048576K
Heap Regions: E=young(eden), S=young(survivor), O=old, HS=humongous(starts), HC=humongous(continues), CS=collection set, F=free, A=archive, TAMS=top-at-mark-start (previous, next)
|   0|0x0000000080000000, 0x0000000080100000, 0x0000000080100000|100%| O|  |TAMS 0x0000000080100000, 0x0000000080000000| Untracked 
|   1|0x0000000080100000, 0x0000000080200000, 0x0000000080200000|100%| O|  |TAMS 0x0000000080200000, 0x0000000080100000| Untracked 
|   2|0x0000000080200000, 0x0000000080300000, 0x0000000080300000|100%| O|  |TAMS 0x0000000080300000, 0x0000000080200000| Untracked 
|   3|0x0000000080300000, 0x0000000080400000, 0x0000000080400000|100%|HS|  |TAMS 0x0000000080400000, 0x0000000080300000| Complete 
|   4|0x0000000080400000, 0x0000000080500000, 0x0000000080500000|100%|HC|  |TAMS 0x0000000080500000, 0x0000000080400000| Complete 
|   5|0x0000000080500000, 0x0000000080600000, 0x0000000080600000|100%|HC|  |TAMS 0x0000000080600000, 0x0000000080500000| Complete 
|   6|0x0000000080600000, 0x0000000080700000, 0x0000000080700000|100%| O|  |TAMS 0x0000000080700000, 0x0000000080600000| Untracked 
|   7|0x0000000080700000, 0x0000000080800000, 0x0000000080800000|100%| O|  |TAMS 0x0000000080800000, 0x0000000080700000| Untracked 
|   8|0x0000000080800000, 0x0000000080900000, 0x0000000080900000|100%| O|  |TAMS 0x0000000080900000, 0x0000000080800000| Untracked 
|   9|0x0000000080900000, 0x0000000080a00000, 0x0000000080a00000|100%| O|  |TAMS 0x0000000080a00000, 0x0000000080900000| Untracked 
|  10|0x0000000080a00000, 0x0000000080b00000, 0x0000000080b00000|100%| O|  |TAMS 0x0000000080b00000, 0x0000000080a00000| Untracked 
|  11|0x0000000080b00000, 0x0000000080c00000, 0x0000000080c00000|100%| O|  |TAMS 0x0000000080c00000, 0x0000000080b00000| Untracked 
|  12|0x0000000080c00000, 0x0000000080d00000, 0x0000000080d00000|100%| O|  |TAMS 0x0000000080d00000, 0x0000000080c00000| Untracked 
|  13|0x0000000080d00000, 0x0000000080e00000, 0x0000000080e00000|100%| O|  |TAMS 0x0000000080e00000, 0x0000000080d00000| Untracked 
|  14|0x0000000080e00000, 0x0000000080f00000, 0x0000000080f00000|100%| O|  |TAMS 0x0000000080f00000, 0x0000000080e00000| Untracked 
|  15|0x0000000080f00000, 0x0000000081000000, 0x0000000081000000|100%| O|  |TAMS 0x0000000081000000, 0x0000000080f00000| Untracked 
|  16|0x0000000081000000, 0x0000000081100000, 0x0000000081100000|100%| O|  |TAMS 0x0000000081100000, 0x0000000081000000| Untracked 
|  17|0x0000000081100000, 0x0000000081200000, 0x0000000081200000|100%| O|  |TAMS 0x0000000081200000, 0x0000000081100000| Untracked 
|  18|0x0000000081200000, 0x0000000081300000, 0x0000000081300000|100%| O|  |TAMS 0x0000000081300000, 0x0000000081200000| Untracked 
|  19|0x0000000081300000, 0x0000000081400000, 0x0000000081400000|100%|HS|  |TAMS 0x0000000081400000, 0x0000000081300000| Complete 
|  20|0x0000000081400000, 0x0000000081500000, 0x0000000081500000|100%| O|  |TAMS 0x0000000081500000, 0x0000000081400000| Untracked 
|  21|0x0000000081500000, 0x0000000081600000, 0x0000000081600000|100%| O|  |TAMS 0x0000000081600000, 0x0000000081500000| Untracked 
|  22|0x0000000081600000, 0x0000000081700000, 0x0000000081700000|100%| O|  |TAMS 0x0000000081700000, 0x0000000081600000| Untracked 
|  23|0x0000000081700000, 0x0000000081800000, 0x0000000081800000|100%|HS|  |TAMS 0x0000000081800000, 0x0000000081700000| Complete 
|  24|0x0000000081800000, 0x0000000081900000, 0x0000000081900000|100%|HS|  |TAMS 0x0000000081900000, 0x0000000081800000| Complete 
|  25|0x0000000081900000, 0x0000000081a00000, 0x0000000081a00000|100%|HC|  |TAMS 0x0000000081a00000, 0x0000000081900000| Complete 
|  26|0x0000000081a00000, 0x0000000081b00000, 0x0000000081b00000|100%| O|  |TAMS 0x0000000081b00000, 0x0000000081a00000| Untracked 
|  27|0x0000000081b00000, 0x0000000081c00000, 0x0000000081c00000|100%| O|  |TAMS 0x0000000081c00000, 0x0000000081b00000| Untracked 
|  28|0x0000000081c00000, 0x0000000081d00000, 0x0000000081d00000|100%| O|  |TAMS 0x0000000081d00000, 0x0000000081c00000| Untracked 
|  29|0x0000000081d00000, 0x0000000081e00000, 0x0000000081e00000|100%| O|  |TAMS 0x0000000081e00000, 0x0000000081d00000| Untracked 
|  30|0x0000000081e00000, 0x0000000081f00000, 0x0000000081f00000|100%| O|  |TAMS 0x0000000081f00000, 0x0000000081e00000| Untracked 
|  31|0x0000000081f00000, 0x0000000082000000, 0x0000000082000000|100%| O|  |TAMS 0x0000000082000000, 0x0000000081f00000| Untracked 
|  32|0x0000000082000000, 0x0000000082100000, 0x0000000082100000|100%| O|  |TAMS 0x0000000082100000, 0x0000000082000000| Untracked 
|  33|0x0000000082100000, 0x0000000082200000, 0x0000000082200000|100%| O|  |TAMS 0x0000000082200000, 0x0000000082100000| Untracked 
|  34|0x0000000082200000, 0x0000000082300000, 0x0000000082300000|100%| O|  |TAMS 0x0000000082300000, 0x0000000082200000| Untracked 
|  35|0x0000000082300000, 0x0000000082400000, 0x0000000082400000|100%| O|  |TAMS 0x0000000082400000, 0x0000000082300000| Untracked 
|  36|0x0000000082400000, 0x0000000082500000, 0x0000000082500000|100%| O|  |TAMS 0x0000000082500000, 0x0000000082400000| Untracked 
|  37|0x0000000082500000, 0x0000000082600000, 0x0000000082600000|100%| O|  |TAMS 0x0000000082600000, 0x0000000082500000| Untracked 
|  38|0x0000000082600000, 0x0000000082700000, 0x0000000082700000|100%| O|  |TAMS 0x0000000082700000, 0x0000000082600000| Untracked 
|  39|0x0000000082700000, 0x0000000082800000, 0x0000000082800000|100%| O|  |TAMS 0x0000000082800000, 0x0000000082700000| Untracked 
|  40|0x0000000082800000, 0x0000000082900000, 0x0000000082900000|100%| O|  |TAMS 0x0000000082900000, 0x0000000082800000| Untracked 
|  41|0x0000000082900000, 0x0000000082a00000, 0x0000000082a00000|100%| O|  |TAMS 0x0000000082a00000, 0x0000000082900000| Untracked 
|  42|0x0000000082a00000, 0x0000000082b00000, 0x0000000082b00000|100%| O|  |TAMS 0x0000000082b00000, 0x0000000082a00000| Untracked 
|  43|0x0000000082b00000, 0x0000000082c00000, 0x0000000082c00000|100%| O|  |TAMS 0x0000000082c00000, 0x0000000082b00000| Untracked 
|  44|0x0000000082c00000, 0x0000000082d00000, 0x0000000082d00000|100%| O|  |TAMS 0x0000000082d00000, 0x0000000082c00000| Untracked 
|  45|0x0000000082d00000, 0x0000000082e00000, 0x0000000082e00000|100%| O|  |TAMS 0x0000000082e00000, 0x0000000082d00000| Untracked 
|  46|0x0000000082e00000, 0x0000000082f00000, 0x0000000082f00000|100%| O|  |TAMS 0x0000000082f00000, 0x0000000082e00000| Untracked 
|  47|0x0000000082f00000, 0x0000000083000000, 0x0000000083000000|100%| O|  |TAMS 0x0000000083000000, 0x0000000082f00000| Untracked 
|  48|0x0000000083000000, 0x0000000083100000, 0x0000000083100000|100%| O|  |TAMS 0x0000000083100000, 0x0000000083000000| Untracked 
|  49|0x0000000083100000, 0x0000000083200000, 0x0000000083200000|100%| O|  |TAMS 0x0000000083200000, 0x0000000083100000| Untracked 
|  50|0x0000000083200000, 0x0000000083300000, 0x0000000083300000|100%| O|  |TAMS 0x0000000083300000, 0x0000000083200000| Untracked 
|  51|0x0000000083300000, 0x0000000083400000, 0x0000000083400000|100%| O|  |TAMS 0x0000000083400000, 0x0000000083300000| Untracked 
|  52|0x0000000083400000, 0x0000000083500000, 0x0000000083500000|100%| O|  |TAMS 0x0000000083500000, 0x0000000083400000| Untracked 
|  53|0x0000000083500000, 0x0000000083600000, 0x0000000083600000|100%| O|  |TAMS 0x0000000083600000, 0x0000000083500000| Untracked 
|  54|0x0000000083600000, 0x0000000083700000, 0x0000000083700000|100%| O|  |TAMS 0x0000000083700000, 0x0000000083600000| Untracked 
|  55|0x0000000083700000, 0x0000000083800000, 0x0000000083800000|100%| O|  |TAMS 0x0000000083800000, 0x0000000083700000| Untracked 
|  56|0x0000000083800000, 0x0000000083900000, 0x0000000083900000|100%| O|  |TAMS 0x0000000083900000, 0x0000000083800000| Untracked 
|  57|0x0000000083900000, 0x0000000083a00000, 0x0000000083a00000|100%|HS|  |TAMS 0x0000000083900000, 0x0000000083900000| Complete 
|  58|0x0000000083a00000, 0x0000000083b00000, 0x0000000083b00000|100%| O|  |TAMS 0x0000000083b00000, 0x0000000083a00000| Untracked 
|  59|0x0000000083b00000, 0x0000000083c00000, 0x0000000083c00000|100%| O|  |TAMS 0x0000000083c00000, 0x0000000083b00000| Untracked 
|  60|0x0000000083c00000, 0x0000000083d00000, 0x0000000083d00000|100%| O|  |TAMS 0x0000000083d00000, 0x0000000083c00000| Untracked 
|  61|0x0000000083d00000, 0x0000000083e00000, 0x0000000083e00000|100%| O|  |TAMS 0x0000000083e00000, 0x0000000083d00000| Untracked 
|  62|0x0000000083e00000, 0x0000000083f00000, 0x0000000083f00000|100%| O|  |TAMS 0x0000000083f00000, 0x0000000083e00000| Untracked 
|  63|0x0000000083f00000, 0x0000000084000000, 0x0000000084000000|100%| O|  |TAMS 0x0000000084000000, 0x0000000083f00000| Untracked 
|  64|0x0000000084000000, 0x0000000084100000, 0x0000000084100000|100%| O|  |TAMS 0x0000000084100000, 0x0000000084000000| Untracked 
|  65|0x0000000084100000, 0x0000000084200000, 0x0000000084200000|100%| O|  |TAMS 0x0000000084200000, 0x0000000084100000| Untracked 
|  66|0x0000000084200000, 0x0000000084300000, 0x0000000084300000|100%| O|  |TAMS 0x0000000084300000, 0x0000000084200000| Untracked 
|  67|0x0000000084300000, 0x0000000084400000, 0x0000000084400000|100%| O|  |TAMS 0x0000000084400000, 0x0000000084300000| Untracked 
|  68|0x0000000084400000, 0x0000000084500000, 0x0000000084500000|100%| O|  |TAMS 0x0000000084492e00, 0x0000000084400000| Untracked 
|  69|0x0000000084500000, 0x0000000084600000, 0x0000000084600000|100%| O|  |TAMS 0x0000000084500000, 0x0000000084500000| Untracked 
|  70|0x0000000084600000, 0x00000000846e8000, 0x0000000084700000| 90%| O|  |TAMS 0x0000000084600000, 0x0000000084600000| Untracked 
|  71|0x0000000084700000, 0x0000000084700000, 0x0000000084800000|  0%| F|  |TAMS 0x0000000084700000, 0x0000000084700000| Untracked 
|  72|0x0000000084800000, 0x0000000084800000, 0x0000000084900000|  0%| F|  |TAMS 0x0000000084800000, 0x0000000084800000| Untracked 
|  73|0x0000000084900000, 0x0000000084a00000, 0x0000000084a00000|100%| O|  |TAMS 0x0000000084a00000, 0x0000000084900000| Untracked 
|  74|0x0000000084a00000, 0x0000000084b00000, 0x0000000084b00000|100%| O|  |TAMS 0x0000000084b00000, 0x0000000084a00000| Untracked 
|  75|0x0000000084b00000, 0x0000000084c00000, 0x0000000084c00000|100%| O|  |TAMS 0x0000000084c00000, 0x0000000084b00000| Untracked 
|  76|0x0000000084c00000, 0x0000000084d00000, 0x0000000084d00000|100%| O|  |TAMS 0x0000000084d00000, 0x0000000084c00000| Untracked 
|  77|0x0000000084d00000, 0x0000000084e00000, 0x0000000084e00000|100%| O|  |TAMS 0x0000000084e00000, 0x0000000084d00000| Untracked 
|  78|0x0000000084e00000, 0x0000000084f00000, 0x0000000084f00000|100%| O|  |TAMS 0x0000000084f00000, 0x0000000084e00000| Untracked 
|  79|0x0000000084f00000, 0x0000000085000000, 0x0000000085000000|100%| O|  |TAMS 0x0000000085000000, 0x0000000084f00000| Untracked 
|  80|0x0000000085000000, 0x0000000085100000, 0x0000000085100000|100%| O|  |TAMS 0x0000000085100000, 0x0000000085000000| Untracked 
|  81|0x0000000085100000, 0x0000000085200000, 0x0000000085200000|100%| O|  |TAMS 0x0000000085200000, 0x0000000085100000| Untracked 
|  82|0x0000000085200000, 0x0000000085300000, 0x0000000085300000|100%| O|  |TAMS 0x0000000085300000, 0x0000000085200000| Untracked 
|  83|0x0000000085300000, 0x0000000085400000, 0x0000000085400000|100%| O|  |TAMS 0x0000000085400000, 0x0000000085300000| Untracked 
|  84|0x0000000085400000, 0x0000000085500000, 0x0000000085500000|100%| O|  |TAMS 0x0000000085500000, 0x0000000085400000| Untracked 
|  85|0x0000000085500000, 0x0000000085600000, 0x0000000085600000|100%| O|  |TAMS 0x0000000085600000, 0x0000000085500000| Untracked 
|  86|0x0000000085600000, 0x0000000085700000, 0x0000000085700000|100%| O|  |TAMS 0x0000000085700000, 0x0000000085600000| Untracked 
|  87|0x0000000085700000, 0x0000000085800000, 0x0000000085800000|100%| O|  |TAMS 0x0000000085800000, 0x0000000085700000| Untracked 
|  88|0x0000000085800000, 0x0000000085900000, 0x0000000085900000|100%| O|  |TAMS 0x0000000085900000, 0x0000000085800000| Untracked 
|  89|0x0000000085900000, 0x0000000085a00000, 0x0000000085a00000|100%| O|  |TAMS 0x0000000085a00000, 0x0000000085900000| Untracked 
|  90|0x0000000085a00000, 0x0000000085a00000, 0x0000000085b00000|  0%| F|  |TAMS 0x0000000085a00000, 0x0000000085a00000| Untracked 
|  91|0x0000000085b00000, 0x0000000085c00000, 0x0000000085c00000|100%| O|  |TAMS 0x0000000085c00000, 0x0000000085b00000| Untracked 
|  92|0x0000000085c00000, 0x0000000085d00000, 0x0000000085d00000|100%| O|  |TAMS 0x0000000085d00000, 0x0000000085c00000| Untracked 
|  93|0x0000000085d00000, 0x0000000085e00000, 0x0000000085e00000|100%| O|  |TAMS 0x0000000085e00000, 0x0000000085d00000| Untracked 
|  94|0x0000000085e00000, 0x0000000085f00000, 0x0000000085f00000|100%| O|  |TAMS 0x0000000085f00000, 0x0000000085e00000| Untracked 
|  95|0x0000000085f00000, 0x0000000086000000, 0x0000000086000000|100%| O|  |TAMS 0x0000000086000000, 0x0000000085f00000| Untracked 
|  96|0x0000000086000000, 0x0000000086100000, 0x0000000086100000|100%| O|  |TAMS 0x0000000086100000, 0x0000000086000000| Untracked 
|  97|0x0000000086100000, 0x0000000086200000, 0x0000000086200000|100%| O|  |TAMS 0x0000000086200000, 0x0000000086100000| Untracked 
|  98|0x0000000086200000, 0x0000000086300000, 0x0000000086300000|100%| O|  |TAMS 0x0000000086300000, 0x0000000086200000| Untracked 
|  99|0x0000000086300000, 0x0000000086400000, 0x0000000086400000|100%| O|  |TAMS 0x0000000086400000, 0x0000000086300000| Untracked 
| 100|0x0000000086400000, 0x0000000086400000, 0x0000000086500000|  0%| F|  |TAMS 0x0000000086400000, 0x0000000086400000| Untracked 
| 101|0x0000000086500000, 0x0000000086500000, 0x0000000086600000|  0%| F|  |TAMS 0x0000000086500000, 0x0000000086500000| Untracked 
| 102|0x0000000086600000, 0x0000000086600000, 0x0000000086700000|  0%| F|  |TAMS 0x0000000086600000, 0x0000000086600000| Untracked 
| 103|0x0000000086700000, 0x0000000086700000, 0x0000000086800000|  0%| F|  |TAMS 0x0000000086700000, 0x0000000086700000| Untracked 
| 104|0x0000000086800000, 0x0000000086800000, 0x0000000086900000|  0%| F|  |TAMS 0x0000000086800000, 0x0000000086800000| Untracked 
| 105|0x0000000086900000, 0x0000000086900000, 0x0000000086a00000|  0%| F|  |TAMS 0x0000000086900000, 0x0000000086900000| Untracked 
| 106|0x0000000086a00000, 0x0000000086a00000, 0x0000000086b00000|  0%| F|  |TAMS 0x0000000086a00000, 0x0000000086a00000| Untracked 
| 107|0x0000000086b00000, 0x0000000086b00000, 0x0000000086c00000|  0%| F|  |TAMS 0x0000000086b00000, 0x0000000086b00000| Untracked 
| 108|0x0000000086c00000, 0x0000000086c00000, 0x0000000086d00000|  0%| F|  |TAMS 0x0000000086c00000, 0x0000000086c00000| Untracked 
| 109|0x0000000086d00000, 0x0000000086d00000, 0x0000000086e00000|  0%| F|  |TAMS 0x0000000086d00000, 0x0000000086d00000| Untracked 
| 110|0x0000000086e00000, 0x0000000086e00000, 0x0000000086f00000|  0%| F|  |TAMS 0x0000000086e00000, 0x0000000086e00000| Untracked 
| 111|0x0000000086f00000, 0x0000000086f00000, 0x0000000087000000|  0%| F|  |TAMS 0x0000000086f00000, 0x0000000086f00000| Untracked 
| 112|0x0000000087000000, 0x0000000087000000, 0x0000000087100000|  0%| F|  |TAMS 0x0000000087000000, 0x0000000087000000| Untracked 
| 113|0x0000000087100000, 0x0000000087100000, 0x0000000087200000|  0%| F|  |TAMS 0x0000000087100000, 0x0000000087100000| Untracked 
| 114|0x0000000087200000, 0x0000000087200000, 0x0000000087300000|  0%| F|  |TAMS 0x0000000087200000, 0x0000000087200000| Untracked 
| 115|0x0000000087300000, 0x0000000087300000, 0x0000000087400000|  0%| F|  |TAMS 0x0000000087300000, 0x0000000087300000| Untracked 
| 116|0x0000000087400000, 0x0000000087400000, 0x0000000087500000|  0%| F|  |TAMS 0x0000000087400000, 0x0000000087400000| Untracked 
| 117|0x0000000087500000, 0x0000000087500000, 0x0000000087600000|  0%| F|  |TAMS 0x0000000087500000, 0x0000000087500000| Untracked 
| 118|0x0000000087600000, 0x0000000087600000, 0x0000000087700000|  0%| F|  |TAMS 0x0000000087600000, 0x0000000087600000| Untracked 
| 119|0x0000000087700000, 0x0000000087700000, 0x0000000087800000|  0%| F|  |TAMS 0x0000000087700000, 0x0000000087700000| Untracked 
| 120|0x0000000087800000, 0x0000000087800000, 0x0000000087900000|  0%| F|  |TAMS 0x0000000087800000, 0x0000000087800000| Untracked 
| 121|0x0000000087900000, 0x0000000087900000, 0x0000000087a00000|  0%| F|  |TAMS 0x0000000087900000, 0x0000000087900000| Untracked 
| 122|0x0000000087a00000, 0x0000000087a00000, 0x0000000087b00000|  0%| F|  |TAMS 0x0000000087a00000, 0x0000000087a00000| Untracked 
| 123|0x0000000087b00000, 0x0000000087b00000, 0x0000000087c00000|  0%| F|  |TAMS 0x0000000087b00000, 0x0000000087b00000| Untracked 
| 124|0x0000000087c00000, 0x0000000087c00000, 0x0000000087d00000|  0%| F|  |TAMS 0x0000000087c00000, 0x0000000087c00000| Untracked 
| 125|0x0000000087d00000, 0x0000000087d00000, 0x0000000087e00000|  0%| F|  |TAMS 0x0000000087d00000, 0x0000000087d00000| Untracked 
| 126|0x0000000087e00000, 0x0000000087e00000, 0x0000000087f00000|  0%| F|  |TAMS 0x0000000087e00000, 0x0000000087e00000| Untracked 
| 127|0x0000000087f00000, 0x0000000087f00000, 0x0000000088000000|  0%| F|  |TAMS 0x0000000087f00000, 0x0000000087f00000| Untracked 
| 128|0x0000000088000000, 0x0000000088000000, 0x0000000088100000|  0%| F|  |TAMS 0x0000000088000000, 0x0000000088000000| Untracked 
| 129|0x0000000088100000, 0x0000000088100000, 0x0000000088200000|  0%| F|  |TAMS 0x0000000088100000, 0x0000000088100000| Untracked 
| 130|0x0000000088200000, 0x00000000882c34b0, 0x0000000088300000| 76%| S|CS|TAMS 0x0000000088200000, 0x0000000088200000| Complete 
| 131|0x0000000088300000, 0x0000000088400000, 0x0000000088400000|100%| S|CS|TAMS 0x0000000088300000, 0x0000000088300000| Complete 
| 132|0x0000000088400000, 0x0000000088500000, 0x0000000088500000|100%| S|CS|TAMS 0x0000000088400000, 0x0000000088400000| Complete 
| 133|0x0000000088500000, 0x0000000088500000, 0x0000000088600000|  0%| F|  |TAMS 0x0000000088500000, 0x0000000088500000| Untracked 
| 134|0x0000000088600000, 0x0000000088600000, 0x0000000088700000|  0%| F|  |TAMS 0x0000000088600000, 0x0000000088600000| Untracked 
| 135|0x0000000088700000, 0x0000000088700000, 0x0000000088800000|  0%| F|  |TAMS 0x0000000088700000, 0x0000000088700000| Untracked 
| 136|0x0000000088800000, 0x0000000088800000, 0x0000000088900000|  0%| F|  |TAMS 0x0000000088800000, 0x0000000088800000| Untracked 
| 137|0x0000000088900000, 0x0000000088a00000, 0x0000000088a00000|100%| S|CS|TAMS 0x0000000088900000, 0x0000000088900000| Complete 
| 138|0x0000000088a00000, 0x0000000088b00000, 0x0000000088b00000|100%| S|CS|TAMS 0x0000000088a00000, 0x0000000088a00000| Complete 
| 139|0x0000000088b00000, 0x0000000088b00000, 0x0000000088c00000|  0%| F|  |TAMS 0x0000000088b00000, 0x0000000088b00000| Untracked 
| 140|0x0000000088c00000, 0x0000000088c00000, 0x0000000088d00000|  0%| F|  |TAMS 0x0000000088c00000, 0x0000000088c00000| Untracked 
| 141|0x0000000088d00000, 0x0000000088d00000, 0x0000000088e00000|  0%| F|  |TAMS 0x0000000088d00000, 0x0000000088d00000| Untracked 
| 142|0x0000000088e00000, 0x0000000088e00000, 0x0000000088f00000|  0%| F|  |TAMS 0x0000000088e00000, 0x0000000088e00000| Untracked 
| 143|0x0000000088f00000, 0x0000000088f00000, 0x0000000089000000|  0%| F|  |TAMS 0x0000000088f00000, 0x0000000088f00000| Untracked 
| 144|0x0000000089000000, 0x0000000089000000, 0x0000000089100000|  0%| F|  |TAMS 0x0000000089000000, 0x0000000089000000| Untracked 
| 145|0x0000000089100000, 0x0000000089100000, 0x0000000089200000|  0%| F|  |TAMS 0x0000000089100000, 0x0000000089100000| Untracked 
| 146|0x0000000089200000, 0x0000000089200000, 0x0000000089300000|  0%| F|  |TAMS 0x0000000089200000, 0x0000000089200000| Untracked 
| 147|0x0000000089300000, 0x0000000089300000, 0x0000000089400000|  0%| F|  |TAMS 0x0000000089300000, 0x0000000089300000| Untracked 
| 148|0x0000000089400000, 0x0000000089400000, 0x0000000089500000|  0%| F|  |TAMS 0x0000000089400000, 0x0000000089400000| Untracked 
| 149|0x0000000089500000, 0x0000000089500000, 0x0000000089600000|  0%| F|  |TAMS 0x0000000089500000, 0x0000000089500000| Untracked 
| 150|0x0000000089600000, 0x0000000089600000, 0x0000000089700000|  0%| F|  |TAMS 0x0000000089600000, 0x0000000089600000| Untracked 
| 151|0x0000000089700000, 0x0000000089700000, 0x0000000089800000|  0%| F|  |TAMS 0x0000000089700000, 0x0000000089700000| Untracked 
| 152|0x0000000089800000, 0x0000000089800000, 0x0000000089900000|  0%| F|  |TAMS 0x0000000089800000, 0x0000000089800000| Untracked 
| 153|0x0000000089900000, 0x0000000089900000, 0x0000000089a00000|  0%| F|  |TAMS 0x0000000089900000, 0x0000000089900000| Untracked 
| 154|0x0000000089a00000, 0x0000000089a00000, 0x0000000089b00000|  0%| F|  |TAMS 0x0000000089a00000, 0x0000000089a00000| Untracked 
| 155|0x0000000089b00000, 0x0000000089b00000, 0x0000000089c00000|  0%| F|  |TAMS 0x0000000089b00000, 0x0000000089b00000| Untracked 
| 156|0x0000000089c00000, 0x0000000089c00000, 0x0000000089d00000|  0%| F|  |TAMS 0x0000000089c00000, 0x0000000089c00000| Untracked 
| 157|0x0000000089d00000, 0x0000000089d00000, 0x0000000089e00000|  0%| F|  |TAMS 0x0000000089d00000, 0x0000000089d00000| Untracked 
| 158|0x0000000089e00000, 0x0000000089e00000, 0x0000000089f00000|  0%| F|  |TAMS 0x0000000089e00000, 0x0000000089e00000| Untracked 
| 159|0x0000000089f00000, 0x0000000089f00000, 0x000000008a000000|  0%| F|  |TAMS 0x0000000089f00000, 0x0000000089f00000| Untracked 
| 160|0x000000008a000000, 0x000000008a000000, 0x000000008a100000|  0%| F|  |TAMS 0x000000008a000000, 0x000000008a000000| Untracked 
| 161|0x000000008a100000, 0x000000008a100000, 0x000000008a200000|  0%| F|  |TAMS 0x000000008a100000, 0x000000008a100000| Untracked 
| 162|0x000000008a200000, 0x000000008a280800, 0x000000008a300000| 50%| E|  |TAMS 0x000000008a200000, 0x000000008a200000| Complete 
| 163|0x000000008a300000, 0x000000008a400000, 0x000000008a400000|100%| E|CS|TAMS 0x000000008a300000, 0x000000008a300000| Complete 
| 164|0x000000008a400000, 0x000000008a500000, 0x000000008a500000|100%| E|CS|TAMS 0x000000008a400000, 0x000000008a400000| Complete 
| 165|0x000000008a500000, 0x000000008a600000, 0x000000008a600000|100%| E|CS|TAMS 0x000000008a500000, 0x000000008a500000| Complete 
| 166|0x000000008a600000, 0x000000008a700000, 0x000000008a700000|100%| E|CS|TAMS 0x000000008a600000, 0x000000008a600000| Complete 
| 167|0x000000008a700000, 0x000000008a800000, 0x000000008a800000|100%| E|CS|TAMS 0x000000008a700000, 0x000000008a700000| Complete 
| 168|0x000000008a800000, 0x000000008a900000, 0x000000008a900000|100%| E|CS|TAMS 0x000000008a800000, 0x000000008a800000| Complete 
| 169|0x000000008a900000, 0x000000008aa00000, 0x000000008aa00000|100%| E|CS|TAMS 0x000000008a900000, 0x000000008a900000| Complete 
| 170|0x000000008aa00000, 0x000000008ab00000, 0x000000008ab00000|100%| E|CS|TAMS 0x000000008aa00000, 0x000000008aa00000| Complete 
| 171|0x000000008ab00000, 0x000000008ac00000, 0x000000008ac00000|100%| E|CS|TAMS 0x000000008ab00000, 0x000000008ab00000| Complete 
| 172|0x000000008ac00000, 0x000000008ad00000, 0x000000008ad00000|100%| E|CS|TAMS 0x000000008ac00000, 0x000000008ac00000| Complete 
| 173|0x000000008ad00000, 0x000000008ae00000, 0x000000008ae00000|100%| E|CS|TAMS 0x000000008ad00000, 0x000000008ad00000| Complete 
| 174|0x000000008ae00000, 0x000000008af00000, 0x000000008af00000|100%| E|CS|TAMS 0x000000008ae00000, 0x000000008ae00000| Complete 
| 175|0x000000008af00000, 0x000000008b000000, 0x000000008b000000|100%| E|CS|TAMS 0x000000008af00000, 0x000000008af00000| Complete 
| 176|0x000000008b000000, 0x000000008b100000, 0x000000008b100000|100%| E|CS|TAMS 0x000000008b000000, 0x000000008b000000| Complete 
| 177|0x000000008b100000, 0x000000008b200000, 0x000000008b200000|100%| E|CS|TAMS 0x000000008b100000, 0x000000008b100000| Complete 
| 178|0x000000008b200000, 0x000000008b300000, 0x000000008b300000|100%| E|CS|TAMS 0x000000008b200000, 0x000000008b200000| Complete 
| 179|0x000000008b300000, 0x000000008b400000, 0x000000008b400000|100%| E|CS|TAMS 0x000000008b300000, 0x000000008b300000| Complete 
| 180|0x000000008b400000, 0x000000008b500000, 0x000000008b500000|100%| E|CS|TAMS 0x000000008b400000, 0x000000008b400000| Complete 
| 181|0x000000008b500000, 0x000000008b600000, 0x000000008b600000|100%| E|CS|TAMS 0x000000008b500000, 0x000000008b500000| Complete 
| 182|0x000000008b600000, 0x000000008b700000, 0x000000008b700000|100%| E|CS|TAMS 0x000000008b600000, 0x000000008b600000| Complete 
| 183|0x000000008b700000, 0x000000008b800000, 0x000000008b800000|100%| E|CS|TAMS 0x000000008b700000, 0x000000008b700000| Complete 
| 184|0x000000008b800000, 0x000000008b900000, 0x000000008b900000|100%| E|CS|TAMS 0x000000008b800000, 0x000000008b800000| Complete 
| 185|0x000000008b900000, 0x000000008ba00000, 0x000000008ba00000|100%| E|CS|TAMS 0x000000008b900000, 0x000000008b900000| Complete 
| 186|0x000000008ba00000, 0x000000008bb00000, 0x000000008bb00000|100%| E|CS|TAMS 0x000000008ba00000, 0x000000008ba00000| Complete 
| 187|0x000000008bb00000, 0x000000008bc00000, 0x000000008bc00000|100%| E|CS|TAMS 0x000000008bb00000, 0x000000008bb00000| Complete 
| 188|0x000000008bc00000, 0x000000008bd00000, 0x000000008bd00000|100%| E|CS|TAMS 0x000000008bc00000, 0x000000008bc00000| Complete 
| 189|0x000000008bd00000, 0x000000008be00000, 0x000000008be00000|100%| E|CS|TAMS 0x000000008bd00000, 0x000000008bd00000| Complete 
| 190|0x000000008be00000, 0x000000008bf00000, 0x000000008bf00000|100%| E|CS|TAMS 0x000000008be00000, 0x000000008be00000| Complete 
| 191|0x000000008bf00000, 0x000000008c000000, 0x000000008c000000|100%| E|CS|TAMS 0x000000008bf00000, 0x000000008bf00000| Complete 
| 192|0x000000008c000000, 0x000000008c100000, 0x000000008c100000|100%| E|CS|TAMS 0x000000008c000000, 0x000000008c000000| Complete 
| 193|0x000000008c100000, 0x000000008c200000, 0x000000008c200000|100%| E|CS|TAMS 0x000000008c100000, 0x000000008c100000| Complete 
| 194|0x000000008c200000, 0x000000008c300000, 0x000000008c300000|100%| E|CS|TAMS 0x000000008c200000, 0x000000008c200000| Complete 
| 195|0x000000008c300000, 0x000000008c400000, 0x000000008c400000|100%| E|CS|TAMS 0x000000008c300000, 0x000000008c300000| Complete 
| 196|0x000000008c400000, 0x000000008c500000, 0x000000008c500000|100%| E|CS|TAMS 0x000000008c400000, 0x000000008c400000| Complete 
| 197|0x000000008c500000, 0x000000008c600000, 0x000000008c600000|100%| E|CS|TAMS 0x000000008c500000, 0x000000008c500000| Complete 
| 198|0x000000008c600000, 0x000000008c700000, 0x000000008c700000|100%| E|CS|TAMS 0x000000008c600000, 0x000000008c600000| Complete 
| 199|0x000000008c700000, 0x000000008c800000, 0x000000008c800000|100%| E|CS|TAMS 0x000000008c700000, 0x000000008c700000| Complete 
| 200|0x000000008c800000, 0x000000008c900000, 0x000000008c900000|100%| E|CS|TAMS 0x000000008c800000, 0x000000008c800000| Complete 
| 201|0x000000008c900000, 0x000000008ca00000, 0x000000008ca00000|100%| E|CS|TAMS 0x000000008c900000, 0x000000008c900000| Complete 
| 202|0x000000008ca00000, 0x000000008cb00000, 0x000000008cb00000|100%| E|CS|TAMS 0x000000008ca00000, 0x000000008ca00000| Complete 
| 203|0x000000008cb00000, 0x000000008cc00000, 0x000000008cc00000|100%| E|CS|TAMS 0x000000008cb00000, 0x000000008cb00000| Complete 
| 204|0x000000008cc00000, 0x000000008cd00000, 0x000000008cd00000|100%| E|CS|TAMS 0x000000008cc00000, 0x000000008cc00000| Complete 
| 205|0x000000008cd00000, 0x000000008ce00000, 0x000000008ce00000|100%| E|CS|TAMS 0x000000008cd00000, 0x000000008cd00000| Complete 
| 206|0x000000008ce00000, 0x000000008cf00000, 0x000000008cf00000|100%| E|CS|TAMS 0x000000008ce00000, 0x000000008ce00000| Complete 
| 207|0x000000008cf00000, 0x000000008d000000, 0x000000008d000000|100%| E|CS|TAMS 0x000000008cf00000, 0x000000008cf00000| Complete 
| 208|0x000000008d000000, 0x000000008d100000, 0x000000008d100000|100%| E|CS|TAMS 0x000000008d000000, 0x000000008d000000| Complete 
| 209|0x000000008d100000, 0x000000008d200000, 0x000000008d200000|100%| E|CS|TAMS 0x000000008d100000, 0x000000008d100000| Complete 
| 210|0x000000008d200000, 0x000000008d300000, 0x000000008d300000|100%| E|CS|TAMS 0x000000008d200000, 0x000000008d200000| Complete 
| 211|0x000000008d300000, 0x000000008d400000, 0x000000008d400000|100%| E|CS|TAMS 0x000000008d300000, 0x000000008d300000| Complete 
| 212|0x000000008d400000, 0x000000008d500000, 0x000000008d500000|100%| E|CS|TAMS 0x000000008d400000, 0x000000008d400000| Complete 
| 213|0x000000008d500000, 0x000000008d600000, 0x000000008d600000|100%| E|CS|TAMS 0x000000008d500000, 0x000000008d500000| Complete 
| 214|0x000000008d600000, 0x000000008d700000, 0x000000008d700000|100%| E|CS|TAMS 0x000000008d600000, 0x000000008d600000| Complete 
| 215|0x000000008d700000, 0x000000008d800000, 0x000000008d800000|100%| E|CS|TAMS 0x000000008d700000, 0x000000008d700000| Complete 
| 216|0x000000008d800000, 0x000000008d900000, 0x000000008d900000|100%| E|CS|TAMS 0x000000008d800000, 0x000000008d800000| Complete 
| 217|0x000000008d900000, 0x000000008da00000, 0x000000008da00000|100%| E|CS|TAMS 0x000000008d900000, 0x000000008d900000| Complete 
| 218|0x000000008da00000, 0x000000008db00000, 0x000000008db00000|100%| E|CS|TAMS 0x000000008da00000, 0x000000008da00000| Complete 
| 219|0x000000008db00000, 0x000000008dc00000, 0x000000008dc00000|100%| E|CS|TAMS 0x000000008db00000, 0x000000008db00000| Complete 
| 220|0x000000008dc00000, 0x000000008dd00000, 0x000000008dd00000|100%| E|CS|TAMS 0x000000008dc00000, 0x000000008dc00000| Complete 
| 221|0x000000008dd00000, 0x000000008de00000, 0x000000008de00000|100%| E|CS|TAMS 0x000000008dd00000, 0x000000008dd00000| Complete 
| 222|0x000000008de00000, 0x000000008df00000, 0x000000008df00000|100%| E|CS|TAMS 0x000000008de00000, 0x000000008de00000| Complete 
| 223|0x000000008df00000, 0x000000008e000000, 0x000000008e000000|100%| E|CS|TAMS 0x000000008df00000, 0x000000008df00000| Complete 
| 224|0x000000008e000000, 0x000000008e100000, 0x000000008e100000|100%| E|CS|TAMS 0x000000008e000000, 0x000000008e000000| Complete 
| 225|0x000000008e100000, 0x000000008e200000, 0x000000008e200000|100%| E|CS|TAMS 0x000000008e100000, 0x000000008e100000| Complete 
| 226|0x000000008e200000, 0x000000008e300000, 0x000000008e300000|100%| E|CS|TAMS 0x000000008e200000, 0x000000008e200000| Complete 
| 227|0x000000008e300000, 0x000000008e400000, 0x000000008e400000|100%| E|CS|TAMS 0x000000008e300000, 0x000000008e300000| Complete 
| 228|0x000000008e400000, 0x000000008e500000, 0x000000008e500000|100%| E|CS|TAMS 0x000000008e400000, 0x000000008e400000| Complete 
| 229|0x000000008e500000, 0x000000008e600000, 0x000000008e600000|100%| E|CS|TAMS 0x000000008e500000, 0x000000008e500000| Complete 
| 230|0x000000008e600000, 0x000000008e700000, 0x000000008e700000|100%| E|CS|TAMS 0x000000008e600000, 0x000000008e600000| Complete 
| 231|0x000000008e700000, 0x000000008e800000, 0x000000008e800000|100%| E|CS|TAMS 0x000000008e700000, 0x000000008e700000| Complete 
| 232|0x000000008e800000, 0x000000008e900000, 0x000000008e900000|100%| E|CS|TAMS 0x000000008e800000, 0x000000008e800000| Complete 
| 233|0x000000008e900000, 0x000000008ea00000, 0x000000008ea00000|100%| E|CS|TAMS 0x000000008e900000, 0x000000008e900000| Complete 
| 234|0x000000008ea00000, 0x000000008eb00000, 0x000000008eb00000|100%| E|CS|TAMS 0x000000008ea00000, 0x000000008ea00000| Complete 
| 235|0x000000008eb00000, 0x000000008ec00000, 0x000000008ec00000|100%| E|CS|TAMS 0x000000008eb00000, 0x000000008eb00000| Complete 
| 236|0x000000008ec00000, 0x000000008ed00000, 0x000000008ed00000|100%| E|CS|TAMS 0x000000008ec00000, 0x000000008ec00000| Complete 
| 237|0x000000008ed00000, 0x000000008ee00000, 0x000000008ee00000|100%| E|CS|TAMS 0x000000008ed00000, 0x000000008ed00000| Complete 
| 238|0x000000008ee00000, 0x000000008ef00000, 0x000000008ef00000|100%| E|CS|TAMS 0x000000008ee00000, 0x000000008ee00000| Complete 
| 239|0x000000008ef00000, 0x000000008f000000, 0x000000008f000000|100%| E|CS|TAMS 0x000000008ef00000, 0x000000008ef00000| Complete 
| 240|0x000000008f000000, 0x000000008f100000, 0x000000008f100000|100%| E|CS|TAMS 0x000000008f000000, 0x000000008f000000| Complete 
| 241|0x000000008f100000, 0x000000008f200000, 0x000000008f200000|100%| E|CS|TAMS 0x000000008f100000, 0x000000008f100000| Complete 
| 242|0x000000008f200000, 0x000000008f300000, 0x000000008f300000|100%| E|CS|TAMS 0x000000008f200000, 0x000000008f200000| Complete 
| 243|0x000000008f300000, 0x000000008f400000, 0x000000008f400000|100%| E|CS|TAMS 0x000000008f300000, 0x000000008f300000| Complete 
| 244|0x000000008f400000, 0x000000008f500000, 0x000000008f500000|100%| E|CS|TAMS 0x000000008f400000, 0x000000008f400000| Complete 
| 245|0x000000008f500000, 0x000000008f600000, 0x000000008f600000|100%| E|CS|TAMS 0x000000008f500000, 0x000000008f500000| Complete 
| 246|0x000000008f600000, 0x000000008f700000, 0x000000008f700000|100%| E|CS|TAMS 0x000000008f600000, 0x000000008f600000| Complete 
| 247|0x000000008f700000, 0x000000008f800000, 0x000000008f800000|100%| E|CS|TAMS 0x000000008f700000, 0x000000008f700000| Complete 
| 248|0x000000008f800000, 0x000000008f900000, 0x000000008f900000|100%| E|CS|TAMS 0x000000008f800000, 0x000000008f800000| Complete 
| 249|0x000000008f900000, 0x000000008fa00000, 0x000000008fa00000|100%| E|CS|TAMS 0x000000008f900000, 0x000000008f900000| Complete 
| 250|0x000000008fa00000, 0x000000008fb00000, 0x000000008fb00000|100%| E|CS|TAMS 0x000000008fa00000, 0x000000008fa00000| Complete 
| 251|0x000000008fb00000, 0x000000008fc00000, 0x000000008fc00000|100%| E|CS|TAMS 0x000000008fb00000, 0x000000008fb00000| Complete 
| 252|0x000000008fc00000, 0x000000008fd00000, 0x000000008fd00000|100%| E|CS|TAMS 0x000000008fc00000, 0x000000008fc00000| Complete 
| 253|0x000000008fd00000, 0x000000008fe00000, 0x000000008fe00000|100%| E|CS|TAMS 0x000000008fd00000, 0x000000008fd00000| Complete 
| 254|0x000000008fe00000, 0x000000008ff00000, 0x000000008ff00000|100%| E|CS|TAMS 0x000000008fe00000, 0x000000008fe00000| Complete 
| 255|0x000000008ff00000, 0x0000000090000000, 0x0000000090000000|100%| E|CS|TAMS 0x000000008ff00000, 0x000000008ff00000| Complete 
| 256|0x0000000090000000, 0x0000000090100000, 0x0000000090100000|100%| E|CS|TAMS 0x0000000090000000, 0x0000000090000000| Complete 
| 257|0x0000000090100000, 0x0000000090200000, 0x0000000090200000|100%| E|CS|TAMS 0x0000000090100000, 0x0000000090100000| Complete 
| 258|0x0000000090200000, 0x0000000090300000, 0x0000000090300000|100%| E|CS|TAMS 0x0000000090200000, 0x0000000090200000| Complete 
| 259|0x0000000090300000, 0x0000000090400000, 0x0000000090400000|100%| E|CS|TAMS 0x0000000090300000, 0x0000000090300000| Complete 
| 260|0x0000000090400000, 0x0000000090500000, 0x0000000090500000|100%| E|CS|TAMS 0x0000000090400000, 0x0000000090400000| Complete 
| 261|0x0000000090500000, 0x0000000090600000, 0x0000000090600000|100%| E|CS|TAMS 0x0000000090500000, 0x0000000090500000| Complete 
| 262|0x0000000090600000, 0x0000000090700000, 0x0000000090700000|100%| E|CS|TAMS 0x0000000090600000, 0x0000000090600000| Complete 
| 263|0x0000000090700000, 0x0000000090800000, 0x0000000090800000|100%| E|CS|TAMS 0x0000000090700000, 0x0000000090700000| Complete 
| 264|0x0000000090800000, 0x0000000090900000, 0x0000000090900000|100%| E|CS|TAMS 0x0000000090800000, 0x0000000090800000| Complete 
| 265|0x0000000090900000, 0x0000000090a00000, 0x0000000090a00000|100%| E|CS|TAMS 0x0000000090900000, 0x0000000090900000| Complete 
| 266|0x0000000090a00000, 0x0000000090b00000, 0x0000000090b00000|100%| E|CS|TAMS 0x0000000090a00000, 0x0000000090a00000| Complete 

Card table byte_map: [0x0000017fb77f0000,0x0000017fb7bf0000] _byte_map_base: 0x0000017fb73f0000

Marking Bits (Prev, Next): (CMBitMap*) 0x0000017fa493da28, (CMBitMap*) 0x0000017fa493da60
 Prev Bits: [0x0000017fb7ff0000, 0x0000017fb9ff0000)
 Next Bits: [0x0000017fb9ff0000, 0x0000017fbbff0000)

Polling page: 0x0000017fa27c0000

Metaspace:

Usage:
  Non-class:     92.32 MB capacity,    90.68 MB ( 98%) used,     1.32 MB (  1%) free+waste,   338.19 KB ( <1%) overhead. 
      Class:     14.08 MB capacity,    13.10 MB ( 93%) used,   857.90 KB (  6%) free+waste,   147.56 KB (  1%) overhead. 
       Both:    106.40 MB capacity,   103.78 MB ( 98%) used,     2.15 MB (  2%) free+waste,   485.75 KB ( <1%) overhead. 

Virtual space:
  Non-class space:       94.00 MB reserved,      92.50 MB ( 98%) committed 
      Class space:        1.00 GB reserved,      14.13 MB (  1%) committed 
             Both:        1.09 GB reserved,     106.63 MB ( 10%) committed 

Chunk freelists:
   Non-Class:  0 bytes
       Class:  0 bytes
        Both:  0 bytes

MaxMetaspaceSize: 17179869184.00 GB
CompressedClassSpaceSize: 1.00 GB

CodeHeap 'non-profiled nmethods': size=120064Kb used=11261Kb max_used=11261Kb free=108802Kb
 bounds [0x0000017fafeb0000, 0x0000017fb09f0000, 0x0000017fb73f0000]
CodeHeap 'profiled nmethods': size=120000Kb used=39978Kb max_used=39978Kb free=80021Kb
 bounds [0x0000017fa8980000, 0x0000017fab0e0000, 0x0000017fafeb0000]
CodeHeap 'non-nmethods': size=5696Kb used=2320Kb max_used=2390Kb free=3375Kb
 bounds [0x0000017fa83f0000, 0x0000017fa8660000, 0x0000017fa8980000]
 total_blobs=17309 nmethods=16375 adapters=843
 compilation: enabled
              stopped_count=0, restarted_count=0
 full_count=0

Compilation events (20 events):
Event: 56.835 Thread 0x0000017fbe51d000 17647       2       com.android.tools.r8.graph.j0$e::b (75 bytes)
Event: 56.835 Thread 0x0000017fbe51d000 nmethod 17647 0x0000017fa8f6dc10 code [0x0000017fa8f6ddc0, 0x0000017fa8f6df48]
Event: 56.836 Thread 0x0000017fbe51d000 17648 %     3       com.android.tools.r8.graph.c0::a @ 58 (89 bytes)
Event: 56.838 Thread 0x0000017fbe51d000 nmethod 17648% 0x0000017fa8f6c090 code [0x0000017fa8f6c380, 0x0000017fa8f6d508]
Event: 56.848 Thread 0x0000017fbe51d000 17649       2       com.android.tools.r8.graph.j0$q::<init> (6 bytes)
Event: 56.849 Thread 0x0000017fbe51d000 nmethod 17649 0x0000017fa8f2dd90 code [0x0000017fa8f2df40, 0x0000017fa8f2e068]
Event: 56.915 Thread 0x0000017fbe51d000 17650       2       com.android.tools.r8.internal.le::a (10 bytes)
Event: 56.915 Thread 0x0000017fbe51d000 nmethod 17650 0x0000017fa8f6bc10 code [0x0000017fa8f6bdc0, 0x0000017fa8f6bfd8]
Event: 56.915 Thread 0x0000017fbe51d000 17652       2       com.android.tools.r8.internal.Xo$$Lambda$1116/0x0000000100cc2840::get$Lambda (9 bytes)
Event: 56.916 Thread 0x0000017fbe51d000 nmethod 17652 0x0000017fa8f6b810 code [0x0000017fa8f6b9c0, 0x0000017fa8f6bb38]
Event: 56.916 Thread 0x0000017fbe51d000 17651       2       com.android.tools.r8.internal.le$a::<init> (15 bytes)
Event: 56.916 Thread 0x0000017fbe51d000 nmethod 17651 0x0000017fa8f6b410 code [0x0000017fa8f6b5c0, 0x0000017fa8f6b758]
Event: 56.954 Thread 0x0000017fbe51d000 17655       2       com.android.tools.r8.graph.G0::a (2521 bytes)
Event: 56.959 Thread 0x0000017fbe51d000 nmethod 17655 0x0000017fab0cd910 code [0x0000017fab0ce380, 0x0000017fab0d30c8]
Event: 56.959 Thread 0x0000017fbe51d000 17656       2       com.android.tools.r8.internal.g4::<init> (5 bytes)
Event: 56.960 Thread 0x0000017fbe51d000 nmethod 17656 0x0000017fa8f31390 code [0x0000017fa8f31540, 0x0000017fa8f31638]
Event: 57.034 Thread 0x0000017fbe51d000 17658       2       com.android.tools.r8.internal.d6::a (873 bytes)
Event: 57.041 Thread 0x0000017fbe51d000 nmethod 17658 0x0000017fab0d4990 code [0x0000017fab0d5080, 0x0000017fab0d8988]
Event: 57.047 Thread 0x0000017fbe51d000 17660       2       com.android.tools.r8.internal.l5::<init> (91 bytes)
Event: 57.048 Thread 0x0000017fbe51d000 nmethod 17660 0x0000017fa8f7c810 code [0x0000017fa8f7c9c0, 0x0000017fa8f7cc38]

GC Heap History (20 events):
Event: 46.926 GC heap before
{Heap before GC invocations=44 (full 0):
 garbage-first heap   total 227328K, used 180992K [0x0000000080000000, 0x0000000100000000)
  region size 1024K, 81 young (82944K), 1 survivors (1024K)
 Metaspace       used 105738K, capacity 108401K, committed 108672K, reserved 1142784K
  class space    used 13384K, capacity 14387K, committed 14464K, reserved 1048576K
}
Event: 46.930 GC heap after
{Heap after GC invocations=45 (full 0):
 garbage-first heap   total 227328K, used 99493K [0x0000000080000000, 0x0000000100000000)
  region size 1024K, 2 young (2048K), 2 survivors (2048K)
 Metaspace       used 105738K, capacity 108401K, committed 108672K, reserved 1142784K
  class space    used 13384K, capacity 14387K, committed 14464K, reserved 1048576K
}
Event: 47.403 GC heap before
{Heap before GC invocations=45 (full 0):
 garbage-first heap   total 227328K, used 182437K [0x0000000080000000, 0x0000000100000000)
  region size 1024K, 83 young (84992K), 2 survivors (2048K)
 Metaspace       used 105766K, capacity 108465K, committed 108672K, reserved 1142784K
  class space    used 13384K, capacity 14387K, committed 14464K, reserved 1048576K
}
Event: 47.409 GC heap after
{Heap after GC invocations=46 (full 0):
 garbage-first heap   total 227328K, used 100417K [0x0000000080000000, 0x0000000100000000)
  region size 1024K, 3 young (3072K), 3 survivors (3072K)
 Metaspace       used 105766K, capacity 108465K, committed 108672K, reserved 1142784K
  class space    used 13384K, capacity 14387K, committed 14464K, reserved 1048576K
}
Event: 47.883 GC heap before
{Heap before GC invocations=46 (full 0):
 garbage-first heap   total 227328K, used 186433K [0x0000000080000000, 0x0000000100000000)
  region size 1024K, 88 young (90112K), 3 survivors (3072K)
 Metaspace       used 105811K, capacity 108472K, committed 108672K, reserved 1142784K
  class space    used 13385K, capacity 14388K, committed 14464K, reserved 1048576K
}
Event: 47.892 GC heap after
{Heap after GC invocations=47 (full 0):
 garbage-first heap   total 227328K, used 101055K [0x0000000080000000, 0x0000000100000000)
  region size 1024K, 3 young (3072K), 3 survivors (3072K)
 Metaspace       used 105811K, capacity 108472K, committed 108672K, reserved 1142784K
  class space    used 13385K, capacity 14388K, committed 14464K, reserved 1048576K
}
Event: 48.523 GC heap before
{Heap before GC invocations=47 (full 0):
 garbage-first heap   total 227328K, used 190143K [0x0000000080000000, 0x0000000100000000)
  region size 1024K, 90 young (92160K), 3 survivors (3072K)
 Metaspace       used 105862K, capacity 108544K, committed 108672K, reserved 1142784K
  class space    used 13391K, capacity 14388K, committed 14464K, reserved 1048576K
}
Event: 48.528 GC heap after
{Heap after GC invocations=48 (full 0):
 garbage-first heap   total 227328K, used 100216K [0x0000000080000000, 0x0000000100000000)
  region size 1024K, 2 young (2048K), 2 survivors (2048K)
 Metaspace       used 105862K, capacity 108544K, committed 108672K, reserved 1142784K
  class space    used 13391K, capacity 14388K, committed 14464K, reserved 1048576K
}
Event: 48.968 GC heap before
{Heap before GC invocations=48 (full 0):
 garbage-first heap   total 227328K, used 191352K [0x0000000080000000, 0x0000000100000000)
  region size 1024K, 91 young (93184K), 2 survivors (2048K)
 Metaspace       used 105895K, capacity 108545K, committed 108672K, reserved 1142784K
  class space    used 13391K, capacity 14388K, committed 14464K, reserved 1048576K
}
Event: 48.978 GC heap after
{Heap after GC invocations=49 (full 0):
 garbage-first heap   total 227328K, used 103901K [0x0000000080000000, 0x0000000100000000)
  region size 1024K, 6 young (6144K), 6 survivors (6144K)
 Metaspace       used 105895K, capacity 108545K, committed 108672K, reserved 1142784K
  class space    used 13391K, capacity 14388K, committed 14464K, reserved 1048576K
}
Event: 49.439 GC heap before
{Heap before GC invocations=49 (full 0):
 garbage-first heap   total 227328K, used 191965K [0x0000000080000000, 0x0000000100000000)
  region size 1024K, 92 young (94208K), 6 survivors (6144K)
 Metaspace       used 105923K, capacity 108553K, committed 108672K, reserved 1142784K
  class space    used 13393K, capacity 14391K, committed 14464K, reserved 1048576K
}
Event: 49.451 GC heap after
{Heap after GC invocations=50 (full 0):
 garbage-first heap   total 227328K, used 102755K [0x0000000080000000, 0x0000000100000000)
  region size 1024K, 5 young (5120K), 5 survivors (5120K)
 Metaspace       used 105923K, capacity 108553K, committed 108672K, reserved 1142784K
  class space    used 13393K, capacity 14391K, committed 14464K, reserved 1048576K
}
Event: 50.240 GC heap before
{Heap before GC invocations=50 (full 0):
 garbage-first heap   total 227328K, used 192867K [0x0000000080000000, 0x0000000100000000)
  region size 1024K, 93 young (95232K), 5 survivors (5120K)
 Metaspace       used 105953K, capacity 108642K, committed 108928K, reserved 1144832K
  class space    used 13397K, capacity 14398K, committed 14464K, reserved 1048576K
}
Event: 50.252 GC heap after
{Heap after GC invocations=51 (full 0):
 garbage-first heap   total 273408K, used 102946K [0x0000000080000000, 0x0000000100000000)
  region size 1024K, 5 young (5120K), 5 survivors (5120K)
 Metaspace       used 105953K, capacity 108642K, committed 108928K, reserved 1144832K
  class space    used 13397K, capacity 14398K, committed 14464K, reserved 1048576K
}
Event: 52.410 GC heap before
{Heap before GC invocations=51 (full 0):
 garbage-first heap   total 273408K, used 212514K [0x0000000080000000, 0x0000000100000000)
  region size 1024K, 112 young (114688K), 5 survivors (5120K)
 Metaspace       used 105992K, capacity 108651K, committed 108928K, reserved 1144832K
  class space    used 13401K, capacity 14400K, committed 14464K, reserved 1048576K
}
Event: 52.418 GC heap after
{Heap after GC invocations=52 (full 0):
 garbage-first heap   total 273408K, used 102122K [0x0000000080000000, 0x0000000100000000)
  region size 1024K, 4 young (4096K), 4 survivors (4096K)
 Metaspace       used 105992K, capacity 108651K, committed 108928K, reserved 1144832K
  class space    used 13401K, capacity 14400K, committed 14464K, reserved 1048576K
}
Event: 54.688 GC heap before
{Heap before GC invocations=52 (full 0):
 garbage-first heap   total 273408K, used 231146K [0x0000000080000000, 0x0000000100000000)
  region size 1024K, 130 young (133120K), 4 survivors (4096K)
 Metaspace       used 106042K, capacity 108668K, committed 108928K, reserved 1144832K
  class space    used 13403K, capacity 14404K, committed 14464K, reserved 1048576K
}
Event: 54.698 GC heap after
{Heap after GC invocations=53 (full 0):
 garbage-first heap   total 273408K, used 101455K [0x0000000080000000, 0x0000000100000000)
  region size 1024K, 4 young (4096K), 4 survivors (4096K)
 Metaspace       used 106042K, capacity 108668K, committed 108928K, reserved 1144832K
  class space    used 13403K, capacity 14404K, committed 14464K, reserved 1048576K
}
Event: 55.996 GC heap before
{Heap before GC invocations=53 (full 0):
 garbage-first heap   total 273408K, used 232527K [0x0000000080000000, 0x0000000100000000)
  region size 1024K, 132 young (135168K), 4 survivors (4096K)
 Metaspace       used 106060K, capacity 108733K, committed 108928K, reserved 1144832K
  class space    used 13403K, capacity 14404K, committed 14464K, reserved 1048576K
}
Event: 56.009 GC heap after
{Heap after GC invocations=54 (full 0):
 garbage-first heap   total 273408K, used 103085K [0x0000000080000000, 0x0000000100000000)
  region size 1024K, 5 young (5120K), 5 survivors (5120K)
 Metaspace       used 106060K, capacity 108733K, committed 108928K, reserved 1144832K
  class space    used 13403K, capacity 14404K, committed 14464K, reserved 1048576K
}

Deoptimization events (20 events):
Event: 56.833 Thread 0x0000017fc19d5800 DEOPT PACKING pc=0x0000017fa8f11a31 sp=0x0000007be53f9610
Event: 56.833 Thread 0x0000017fc19d5800 DEOPT UNPACKING pc=0x0000017fa84176ce sp=0x0000007be53f8b38 mode 0
Event: 56.836 Thread 0x0000017fc19d5800 DEOPT PACKING pc=0x0000017fa8f11a31 sp=0x0000007be53f9870
Event: 56.836 Thread 0x0000017fc19d5800 DEOPT UNPACKING pc=0x0000017fa84176ce sp=0x0000007be53f8d98 mode 0
Event: 56.836 Thread 0x0000017fc19d5800 Uncommon trap: trap_request=0xffffff4d fr.pc=0x0000017fb06cadc0 relative=0x0000000000000500
Event: 56.836 Thread 0x0000017fc19d5800 Uncommon trap: reason=unstable_if action=reinterpret pc=0x0000017fb06cadc0 method=com.android.tools.r8.graph.c0.a(C[BI)I @ 7 c2
Event: 56.836 Thread 0x0000017fc19d5800 DEOPT PACKING pc=0x0000017fb06cadc0 sp=0x0000007be53f98e0
Event: 56.836 Thread 0x0000017fc19d5800 DEOPT UNPACKING pc=0x0000017fa84178af sp=0x0000007be53f9828 mode 2
Event: 56.924 Thread 0x0000017fc19d5800 DEOPT PACKING pc=0x0000017faa6cbbbf sp=0x0000007be53f94f0
Event: 56.925 Thread 0x0000017fc19d5800 DEOPT UNPACKING pc=0x0000017fa84176ce sp=0x0000007be53f8c80 mode 0
Event: 56.952 Thread 0x0000017fc19d5800 Uncommon trap: trap_request=0xffffff4d fr.pc=0x0000017fb0725e30 relative=0x0000000000007510
Event: 56.952 Thread 0x0000017fc19d5800 Uncommon trap: reason=unstable_if action=reinterpret pc=0x0000017fb0725e30 method=com.android.tools.r8.graph.G0.a(I)V @ 1713 c2
Event: 56.952 Thread 0x0000017fc19d5800 DEOPT PACKING pc=0x0000017fb0725e30 sp=0x0000007be53f9470
Event: 56.952 Thread 0x0000017fc19d5800 DEOPT UNPACKING pc=0x0000017fa84178af sp=0x0000007be53f9450 mode 2
Event: 56.958 Thread 0x0000017fc19d5800 DEOPT PACKING pc=0x0000017faa6cbc43 sp=0x0000007be53f94f0
Event: 56.958 Thread 0x0000017fc19d5800 DEOPT UNPACKING pc=0x0000017fa84176ce sp=0x0000007be53f8c80 mode 0
Event: 57.041 Thread 0x0000017fc19d5800 DEOPT PACKING pc=0x0000017faa6cbc43 sp=0x0000007be53f94f0
Event: 57.041 Thread 0x0000017fc19d5800 DEOPT UNPACKING pc=0x0000017fa84176ce sp=0x0000007be53f8c80 mode 0
Event: 57.052 Thread 0x0000017fc19d5800 DEOPT PACKING pc=0x0000017faa6cbc01 sp=0x0000007be53f92e0
Event: 57.052 Thread 0x0000017fc19d5800 DEOPT UNPACKING pc=0x0000017fa84176ce sp=0x0000007be53f8a70 mode 0

Classes redefined (0 events):
No events

Internal exceptions (20 events):
Event: 47.678 Thread 0x0000017fc19d5800 Exception <a 'sun/nio/fs/WindowsException'{0x000000008b01f9e8}> (0x000000008b01f9e8) thrown at [./src/hotspot/share/prims/jni.cpp, line 615]
Event: 47.795 Thread 0x0000017fc19d5800 Exception <a 'sun/nio/fs/WindowsException'{0x000000008961a800}> (0x000000008961a800) thrown at [./src/hotspot/share/prims/jni.cpp, line 615]
Event: 48.471 Thread 0x0000017fc19d5800 Exception <a 'sun/nio/fs/WindowsException'{0x0000000088fa0110}> (0x0000000088fa0110) thrown at [./src/hotspot/share/prims/jni.cpp, line 615]
Event: 48.587 Thread 0x0000017fc19d7800 Exception <a 'sun/nio/fs/WindowsException'{0x000000008d022278}> (0x000000008d022278) thrown at [./src/hotspot/share/prims/jni.cpp, line 615]
Event: 48.593 Thread 0x0000017fc19d5800 Exception <a 'sun/nio/fs/WindowsException'{0x000000008d0ae340}> (0x000000008d0ae340) thrown at [./src/hotspot/share/prims/jni.cpp, line 615]
Event: 49.892 Thread 0x0000017fc19d7800 Exception <a 'sun/nio/fs/WindowsException'{0x000000008b069eb0}> (0x000000008b069eb0) thrown at [./src/hotspot/share/prims/jni.cpp, line 615]
Event: 50.053 Thread 0x0000017fc19d7800 Exception <a 'sun/nio/fs/WindowsException'{0x000000008939a0b8}> (0x000000008939a0b8) thrown at [./src/hotspot/share/prims/jni.cpp, line 615]
Event: 50.316 Thread 0x0000017fc19d5800 Implicit null exception at 0x0000017faff66164 to 0x0000017faff6b5a8
Event: 51.414 Thread 0x0000017fc19d5800 Exception <a 'sun/nio/fs/WindowsException'{0x000000008d6bce70}> (0x000000008d6bce70) thrown at [./src/hotspot/share/prims/jni.cpp, line 615]
Event: 51.419 Thread 0x0000017fc19d5800 Implicit null exception at 0x0000017fb04847f1 to 0x0000017fb0484b3c
Event: 52.484 Thread 0x0000017fc19d5800 Exception <a 'sun/nio/fs/WindowsException'{0x000000008fe4c4e0}> (0x000000008fe4c4e0) thrown at [./src/hotspot/share/prims/jni.cpp, line 615]
Event: 52.584 Thread 0x0000017fc19d7800 Exception <a 'sun/nio/fs/WindowsException'{0x000000008f8eed90}> (0x000000008f8eed90) thrown at [./src/hotspot/share/prims/jni.cpp, line 615]
Event: 53.571 Thread 0x0000017fc19d5800 Exception <a 'sun/nio/fs/WindowsException'{0x000000008a8bfbf8}> (0x000000008a8bfbf8) thrown at [./src/hotspot/share/prims/jni.cpp, line 615]
Event: 54.772 Thread 0x0000017fc19d7800 Exception <a 'sun/nio/fs/WindowsException'{0x0000000090078be8}> (0x0000000090078be8) thrown at [./src/hotspot/share/prims/jni.cpp, line 615]
Event: 56.027 Thread 0x0000017fc19d7800 Exception <a 'sun/nio/fs/WindowsException'{0x000000009071dcd0}> (0x000000009071dcd0) thrown at [./src/hotspot/share/prims/jni.cpp, line 615]
Event: 56.075 Thread 0x0000017fc19d5800 Exception <a 'sun/nio/fs/WindowsException'{0x00000000905d90c0}> (0x00000000905d90c0) thrown at [./src/hotspot/share/prims/jni.cpp, line 615]
Event: 56.153 Thread 0x0000017fc19d7800 Exception <a 'sun/nio/fs/WindowsException'{0x000000008ffe3da8}> (0x000000008ffe3da8) thrown at [./src/hotspot/share/prims/jni.cpp, line 615]
Event: 56.223 Thread 0x0000017fc19d5800 Exception <a 'sun/nio/fs/WindowsException'{0x000000008f30ed38}> (0x000000008f30ed38) thrown at [./src/hotspot/share/prims/jni.cpp, line 615]
Event: 56.645 Thread 0x0000017fc19d5800 Exception <a 'sun/nio/fs/WindowsException'{0x000000008d395d50}> (0x000000008d395d50) thrown at [./src/hotspot/share/prims/jni.cpp, line 615]
Event: 56.800 Thread 0x0000017fc19d2800 Exception <a 'sun/nio/fs/WindowsException'{0x000000008c785f10}> (0x000000008c785f10) thrown at [./src/hotspot/share/prims/jni.cpp, line 615]

Events (20 events):
Event: 56.505 loading class com/android/tools/r8/graph/G$j
Event: 56.505 loading class com/android/tools/r8/graph/G$j done
Event: 56.505 loading class com/android/tools/r8/graph/G$j
Event: 56.505 loading class com/android/tools/r8/graph/G$j done
Event: 56.505 loading class com/android/tools/r8/graph/G$j
Event: 56.505 loading class com/android/tools/r8/graph/G$j done
Event: 56.924 loading class com/android/tools/r8/internal/GE
Event: 56.924 loading class com/android/tools/r8/internal/GE done
Event: 56.924 loading class com/android/tools/r8/internal/GE
Event: 56.924 loading class com/android/tools/r8/internal/GE done
Event: 56.924 loading class com/android/tools/r8/internal/FE
Event: 56.924 loading class com/android/tools/r8/internal/FE done
Event: 56.924 loading class com/android/tools/r8/code/K0
Event: 56.924 loading class com/android/tools/r8/code/K0 done
Event: 56.924 loading class com/android/tools/r8/code/K0
Event: 56.924 loading class com/android/tools/r8/code/K0 done
Event: 56.924 loading class com/android/tools/r8/code/K0
Event: 56.924 loading class com/android/tools/r8/code/K0 done
Event: 56.924 loading class com/android/tools/r8/code/K0
Event: 56.924 loading class com/android/tools/r8/code/K0 done


Dynamic libraries:
0x00007ff66b110000 - 0x00007ff66b11a000 	C:\Program Files\Android\Android Studio\jre\bin\java.exe
0x00007ff957230000 - 0x00007ff957425000 	C:\WINDOWS\SYSTEM32\ntdll.dll
0x00007ff955670000 - 0x00007ff95572e000 	C:\WINDOWS\System32\KERNEL32.DLL
0x00007ff954cb0000 - 0x00007ff954f78000 	C:\WINDOWS\System32\KERNELBASE.dll
0x00007ff955170000 - 0x00007ff955270000 	C:\WINDOWS\System32\ucrtbase.dll
0x00007ff9330c0000 - 0x00007ff9330d9000 	C:\Program Files\Android\Android Studio\jre\bin\jli.dll
0x00007ff955740000 - 0x00007ff9558e1000 	C:\WINDOWS\System32\USER32.dll
0x00007ff954ac0000 - 0x00007ff954ae2000 	C:\WINDOWS\System32\win32u.dll
0x00007ff955490000 - 0x00007ff9554bb000 	C:\WINDOWS\System32\GDI32.dll
0x00007ff954fb0000 - 0x00007ff9550bd000 	C:\WINDOWS\System32\gdi32full.dll
0x00007ff954990000 - 0x00007ff954a2d000 	C:\WINDOWS\System32\msvcp_win.dll
0x00007ff929ca0000 - 0x00007ff929cb7000 	C:\Program Files\Android\Android Studio\jre\bin\VCRUNTIME140.dll
0x00007ff940dd0000 - 0x00007ff94106a000 	C:\WINDOWS\WinSxS\amd64_microsoft.windows.common-controls_6595b64144ccf1df_6.0.19041.1110_none_60b5254171f9507e\COMCTL32.dll
0x00007ff955270000 - 0x00007ff95530e000 	C:\WINDOWS\System32\msvcrt.dll
0x00007ff9567b0000 - 0x00007ff9567e0000 	C:\WINDOWS\System32\IMM32.DLL
0x00007ff91ce30000 - 0x00007ff91cecd000 	C:\Program Files\Android\Android Studio\jre\bin\msvcp140.dll
0x00007ff914d10000 - 0x00007ff9157df000 	C:\Program Files\Android\Android Studio\jre\bin\server\jvm.dll
0x00007ff955320000 - 0x00007ff9553cc000 	C:\WINDOWS\System32\ADVAPI32.dll
0x00007ff9559a0000 - 0x00007ff955a3b000 	C:\WINDOWS\System32\sechost.dll
0x00007ff955ec0000 - 0x00007ff955fea000 	C:\WINDOWS\System32\RPCRT4.dll
0x00007ff955ff0000 - 0x00007ff955ff8000 	C:\WINDOWS\System32\PSAPI.DLL
0x00007ff93d8b0000 - 0x00007ff93d8b9000 	C:\WINDOWS\SYSTEM32\WSOCK32.dll
0x00007ff955e50000 - 0x00007ff955ebb000 	C:\WINDOWS\System32\WS2_32.dll
0x00007ff940510000 - 0x00007ff940537000 	C:\WINDOWS\SYSTEM32\WINMM.dll
0x00007ff94a490000 - 0x00007ff94a49a000 	C:\WINDOWS\SYSTEM32\VERSION.dll
0x00007ff953210000 - 0x00007ff953222000 	C:\WINDOWS\SYSTEM32\kernel.appcore.dll
0x00007ff94e1d0000 - 0x00007ff94e1e1000 	C:\Program Files\Android\Android Studio\jre\bin\verify.dll
0x00007ff952e80000 - 0x00007ff953064000 	C:\WINDOWS\SYSTEM32\DBGHELP.DLL
0x00007ff945840000 - 0x00007ff94586c000 	C:\WINDOWS\SYSTEM32\dbgcore.DLL
0x00007ff954a30000 - 0x00007ff954ab2000 	C:\WINDOWS\System32\bcryptPrimitives.dll
0x00007ff941ac0000 - 0x00007ff941ae9000 	C:\Program Files\Android\Android Studio\jre\bin\java.dll
0x00007ff950230000 - 0x00007ff95023b000 	C:\Program Files\Android\Android Studio\jre\bin\jimage.dll
0x00007ff941aa0000 - 0x00007ff941ab8000 	C:\Program Files\Android\Android Studio\jre\bin\zip.dll
0x00007ff956060000 - 0x00007ff9567a4000 	C:\WINDOWS\System32\SHELL32.dll
0x00007ff9526e0000 - 0x00007ff952e74000 	C:\WINDOWS\SYSTEM32\windows.storage.dll
0x00007ff956c60000 - 0x00007ff956fb5000 	C:\WINDOWS\System32\combase.dll
0x00007ff954390000 - 0x00007ff9543be000 	C:\WINDOWS\SYSTEM32\Wldp.dll
0x00007ff955b70000 - 0x00007ff955c1d000 	C:\WINDOWS\System32\SHCORE.dll
0x00007ff956000000 - 0x00007ff956055000 	C:\WINDOWS\System32\shlwapi.dll
0x00007ff954880000 - 0x00007ff95489f000 	C:\WINDOWS\SYSTEM32\profapi.dll
0x00007ff941a80000 - 0x00007ff941a9a000 	C:\Program Files\Android\Android Studio\jre\bin\net.dll
0x00007ff942e60000 - 0x00007ff942f6c000 	C:\WINDOWS\SYSTEM32\WINHTTP.dll
0x00007ff9540f0000 - 0x00007ff95415a000 	C:\WINDOWS\system32\mswsock.dll
0x00007ff941a60000 - 0x00007ff941a74000 	C:\Program Files\Android\Android Studio\jre\bin\nio.dll
0x00007ff94de60000 - 0x00007ff94de87000 	C:\Users\Billy\.gradle\native\8bec1ad78214c89d9ad589b4d07fe93259594b29d510b10fafb7a158f7737e5d\windows-amd64\native-platform.dll
0x00007ff91d2f0000 - 0x00007ff91d42d000 	C:\Users\Billy\.gradle\native\53dbd7edfb1c66fb8903c78663c9afc45aea4f116125fa6feffd364cf09443e8\windows-amd64\native-platform-file-events.dll
0x00007ff9500c0000 - 0x00007ff9500ca000 	C:\Program Files\Android\Android Studio\jre\bin\management.dll
0x00007ff950040000 - 0x00007ff95004c000 	C:\Program Files\Android\Android Studio\jre\bin\management_ext.dll
0x00007ff9542f0000 - 0x00007ff954308000 	C:\WINDOWS\SYSTEM32\CRYPTSP.dll
0x00007ff953a00000 - 0x00007ff953a34000 	C:\WINDOWS\system32\rsaenh.dll
0x00007ff954f80000 - 0x00007ff954fa7000 	C:\WINDOWS\System32\bcrypt.dll
0x00007ff954800000 - 0x00007ff95482e000 	C:\WINDOWS\SYSTEM32\USERENV.dll
0x00007ff9542e0000 - 0x00007ff9542ec000 	C:\WINDOWS\SYSTEM32\CRYPTBASE.dll
0x00007ff953d90000 - 0x00007ff953dcb000 	C:\WINDOWS\SYSTEM32\IPHLPAPI.DLL
0x00007ff955310000 - 0x00007ff955318000 	C:\WINDOWS\System32\NSI.dll
0x00007ff945c40000 - 0x00007ff945c57000 	C:\WINDOWS\SYSTEM32\dhcpcsvc6.DLL
0x00007ff94a550000 - 0x00007ff94a56d000 	C:\WINDOWS\SYSTEM32\dhcpcsvc.DLL
0x00007ff953dd0000 - 0x00007ff953e9b000 	C:\WINDOWS\SYSTEM32\DNSAPI.dll

dbghelp: loaded successfully - version: 4.0.5 - missing functions: none
symbol engine: initialized successfully - sym options: 0x614 - pdb path: .;C:\Program Files\Android\Android Studio\jre\bin;C:\WINDOWS\SYSTEM32;C:\WINDOWS\WinSxS\amd64_microsoft.windows.common-controls_6595b64144ccf1df_6.0.19041.1110_none_60b5254171f9507e;C:\Program Files\Android\Android Studio\jre\bin\server;C:\Users\Billy\.gradle\native\8bec1ad78214c89d9ad589b4d07fe93259594b29d510b10fafb7a158f7737e5d\windows-amd64;C:\Users\Billy\.gradle\native\53dbd7edfb1c66fb8903c78663c9afc45aea4f116125fa6feffd364cf09443e8\windows-amd64

VM Arguments:
jvm_args: --add-opens=java.base/java.util=ALL-UNNAMED --add-opens=java.base/java.lang=ALL-UNNAMED --add-opens=java.base/java.lang.invoke=ALL-UNNAMED --add-opens=java.base/java.util=ALL-UNNAMED --add-opens=java.prefs/java.util.prefs=ALL-UNNAMED --add-opens=java.prefs/java.util.prefs=ALL-UNNAMED --add-opens=java.base/java.nio.charset=ALL-UNNAMED --add-opens=java.base/java.net=ALL-UNNAMED --add-opens=java.base/java.util.concurrent.atomic=ALL-UNNAMED -Xmx2048m -Dfile.encoding=UTF-8 -Duser.country=TW -Duser.language=zh -Duser.variant 
java_command: org.gradle.launcher.daemon.bootstrap.GradleDaemon 7.0.2
java_class_path (initial): C:\Users\Billy\.gradle\wrapper\dists\gradle-7.0.2-bin\857tjihv64xamwrf0h14cai3r\gradle-7.0.2\lib\gradle-launcher-7.0.2.jar
Launcher Type: SUN_STANDARD

[Global flags]
     intx CICompilerCount                          = 3                                         {product} {ergonomic}
     uint ConcGCThreads                            = 1                                         {product} {ergonomic}
     uint G1ConcRefinementThreads                  = 4                                         {product} {ergonomic}
   size_t G1HeapRegionSize                         = 1048576                                   {product} {ergonomic}
    uintx GCDrainStackTargetSize                   = 64                                        {product} {ergonomic}
   size_t InitialHeapSize                          = 134217728                                 {product} {ergonomic}
   size_t MarkStackSize                            = 4194304                                   {product} {ergonomic}
   size_t MaxHeapSize                              = 2147483648                                {product} {command line}
   size_t MaxNewSize                               = 1287651328                                {product} {ergonomic}
   size_t MinHeapDeltaBytes                        = 1048576                                   {product} {ergonomic}
    uintx NonNMethodCodeHeapSize                   = 5830732                                {pd product} {ergonomic}
    uintx NonProfiledCodeHeapSize                  = 122913754                              {pd product} {ergonomic}
    uintx ProfiledCodeHeapSize                     = 122913754                              {pd product} {ergonomic}
    uintx ReservedCodeCacheSize                    = 251658240                              {pd product} {ergonomic}
     bool SegmentedCodeCache                       = true                                      {product} {ergonomic}
     bool UseCompressedClassPointers               = true                                 {lp64_product} {ergonomic}
     bool UseCompressedOops                        = true                                 {lp64_product} {ergonomic}
     bool UseG1GC                                  = true                                      {product} {ergonomic}
     bool UseLargePagesIndividualAllocation        = false                                  {pd product} {ergonomic}

Logging:
Log output configuration:
 #0: stdout all=warning uptime,level,tags
 #1: stderr all=off uptime,level,tags

Environment Variables:
PATH=C:\Program Files\Common Files\Oracle\Java\javapath;C:\WINDOWS\system32;C:\WINDOWS;C:\WINDOWS\System32\Wbem;C:\WINDOWS\System32\WindowsPowerShell\v1.0\;C:\WINDOWS\System32\OpenSSH\;C:\Program Files\Intel\WiFi\bin\;C:\Program Files\Common Files\Intel\WirelessCommon\;C:\Program Files\PuTTY\;C:\Program Files\Tesseract-OCR;c:\users\billy\appdata\local\programs\python\python39\lib\site-packages;C:\Users\Billy\AppData\Local\Programs\Python\Python39\Lib\site-packages\moviepy;C:\Program Files\ffmpeg-4.4-essentials_build\bin;C:\HashiCorp\Vagrant\bin;C:\Users\Billy\AppData\Local\Programs\Python\Python39\Scripts\;C:\Users\Billy\AppData\Local\Programs\Python\Python39\;C:\Users\Billy\AppData\Local\Microsoft\WindowsApps;C:\Users\Billy\AppData\Local\Programs\MiKTeX 2.9\miktex\bin\x64\;C:\AppServ\Apache24\bin;C:\AppServ\php7;C:\AppServ\MySQL\bin;C:\Users\Billy\AppData\Local\Programs\Microsoft VS Code\bin;C:\Program Files\Tesseract-OCR;c:\users\billy\appdata\local\programs\python\python39\lib\site-packages;C:\Users\Billy\AppData\Local\Programs\Python\Python39\Lib\site-packages\moviepy;C:\Program Files\ffmpeg-4.4-essentials_build\bin;
USERNAME=Billy
OS=Windows_NT
PROCESSOR_IDENTIFIER=Intel64 Family 6 Model 142 Stepping 9, GenuineIntel



---------------  S Y S T E M  ---------------

OS: Windows 10 , 64 bit Build 19041 (10.0.19041.1348)
OS uptime: 11 days 11:59 hours

CPU:total 4 (initial active 4) (2 cores per cpu, 2 threads per core) family 6 model 142 stepping 9 microcode 0xb4, cmov, cx8, fxsr, mmx, sse, sse2, sse3, ssse3, sse4.1, sse4.2, popcnt, avx, avx2, aes, clmul, erms, 3dnowpref, lzcnt, ht, tsc, tscinvbit, bmi1, bmi2, adx, fma

Memory: 4k page, system-wide physical 8073M (1235M free)
TotalPageFile size 8073M (AvailPageFile size 8M)
current process WorkingSet (physical memory assigned to process): 613M, peak: 633M
current process commit charge ("private bytes"): 662M, peak: 674M

vm_info: OpenJDK 64-Bit Server VM (11.0.10+0-b96-7249189) for windows-amd64 JRE (11.0.10+0-b96-7249189), built on Mar 31 2021 21:44:00 by "builder" with MS VC++ 14.0 (VS2015)

END.
