#
# There is insufficient memory for the Java Runtime Environment to continue.
# Native memory allocation (malloc) failed to allocate 978736 bytes for Chunk::new
# Possible reasons:
#   The system is out of physical RAM or swap space
#   The process is running with CompressedOops enabled, and the Java Heap may be blocking the growth of the native heap
# Possible solutions:
#   Reduce memory load on the system
#   Increase physical memory or swap space
#   Check if swap backing store is full
#   Decrease Java heap size (-Xmx/-Xms)
#   Decrease number of Java threads
#   Decrease Java thread stack sizes (-Xss)
#   Set larger code cache with -XX:ReservedCodeCacheSize=
#   JVM is running with Unscaled Compressed Oops mode in which the Java heap is
#     placed in the first 4GB address space. The Java Heap base address is the
#     maximum limit for the native heap growth. Please use -XX:HeapBaseMinAddress
#     to set the Java Heap base and to place the Java Heap above 4GB virtual address.
# This output file may be truncated or incomplete.
#
#  Out of Memory Error (./src/hotspot/share/memory/arena.cpp:197), pid=14652, tid=15300
#
# JRE version: OpenJDK Runtime Environment (11.0.10) (build 11.0.10+0-b96-7249189)
# Java VM: OpenJDK 64-Bit Server VM (11.0.10+0-b96-7249189, mixed mode, tiered, compressed oops, g1 gc, windows-amd64)
# No core dump will be written. Minidumps are not enabled by default on client versions of Windows
#

---------------  S U M M A R Y ------------

Command Line: --add-opens=java.base/java.util=ALL-UNNAMED --add-opens=java.base/java.lang=ALL-UNNAMED --add-opens=java.base/java.lang.invoke=ALL-UNNAMED --add-opens=java.base/java.util=ALL-UNNAMED --add-opens=java.prefs/java.util.prefs=ALL-UNNAMED --add-opens=java.prefs/java.util.prefs=ALL-UNNAMED --add-opens=java.base/java.nio.charset=ALL-UNNAMED --add-opens=java.base/java.net=ALL-UNNAMED --add-opens=java.base/java.util.concurrent.atomic=ALL-UNNAMED -Xmx2048m -Dfile.encoding=UTF-8 -Duser.country=TW -Duser.language=zh -Duser.variant org.gradle.launcher.daemon.bootstrap.GradleDaemon 7.0.2

Host: Intel(R) Core(TM) i5-7200U CPU @ 2.50GHz, 4 cores, 7G,  Windows 10 , 64 bit Build 19041 (10.0.19041.1348)
Time: Sun Jan  2 23:12:38 2022 台北標準時間 elapsed time: 72.660295 seconds (0d 0h 1m 12s)

---------------  T H R E A D  ---------------

Current thread (0x000001e4baa7c800):  JavaThread "C2 CompilerThread0" daemon [_thread_in_native, id=15300, stack(0x0000009a86800000,0x0000009a86900000)]


Current CompileTask:
C2:  72660 15457       4       com.android.ide.common.resources.NodeUtils::updateNamespace (161 bytes)

Stack: [0x0000009a86800000,0x0000009a86900000]
Native frames: (J=compiled Java code, j=interpreted, Vv=VM code, C=native code)
V  [jvm.dll+0x5ecfaa]
V  [jvm.dll+0x722bd5]
V  [jvm.dll+0x72412d]
V  [jvm.dll+0x7247e3]
V  [jvm.dll+0x242928]
V  [jvm.dll+0xbc4fc]
V  [jvm.dll+0xbca0c]
V  [jvm.dll+0x352d7d]
V  [jvm.dll+0x320ad3]
V  [jvm.dll+0x31ffca]
V  [jvm.dll+0x1fb602]
V  [jvm.dll+0x1fa7f4]
V  [jvm.dll+0x18354c]
V  [jvm.dll+0x208ee7]
V  [jvm.dll+0x207731]
V  [jvm.dll+0x6eb1cf]
V  [jvm.dll+0x6e3d45]
V  [jvm.dll+0x5ebe96]
C  [ucrtbase.dll+0x21bb2]
C  [KERNEL32.DLL+0x17034]
C  [ntdll.dll+0x52651]


---------------  P R O C E S S  ---------------

Threads class SMR info:
_java_thread_list=0x000001e4c1fb4e80, length=51, elements={
0x000001e49febe000, 0x000001e4baa60800, 0x000001e4baa65800, 0x000001e4baa78000,
0x000001e4baa78800, 0x000001e4baa79800, 0x000001e4baa7c800, 0x000001e4baa8b800,
0x000001e4ba25d000, 0x000001e4babde800, 0x000001e4bbe9d000, 0x000001e4bad4b000,
0x000001e4bc601000, 0x000001e4bde38000, 0x000001e4bd5b1800, 0x000001e4bd641000,
0x000001e4bd640000, 0x000001e4bd641800, 0x000001e4bd63c000, 0x000001e4bd63d000,
0x000001e4bd642800, 0x000001e4bd63d800, 0x000001e4bce2a800, 0x000001e4bce27800,
0x000001e4bce2a000, 0x000001e4bce2b800, 0x000001e4c080d800, 0x000001e4c080e800,
0x000001e4c0809800, 0x000001e4c080a800, 0x000001e4c0808800, 0x000001e4c080c000,
0x000001e4c080f000, 0x000001e4c0811000, 0x000001e4c080b000, 0x000001e4c0811800,
0x000001e4c0812800, 0x000001e4c080d000, 0x000001e4c0813800, 0x000001e4c0814000,
0x000001e4c0815000, 0x000001e4c0816000, 0x000001e4bce2e000, 0x000001e4bce28000,
0x000001e4bce29000, 0x000001e4bd63e800, 0x000001e4bd63f800, 0x000001e4c0b3b800,
0x000001e4c0b3e000, 0x000001e4c619f000, 0x000001e4c0b3d000
}

Java Threads: ( => current thread )
  0x000001e49febe000 JavaThread "main" [_thread_blocked, id=2272, stack(0x0000009a85c00000,0x0000009a85d00000)]
  0x000001e4baa60800 JavaThread "Reference Handler" daemon [_thread_blocked, id=3508, stack(0x0000009a86300000,0x0000009a86400000)]
  0x000001e4baa65800 JavaThread "Finalizer" daemon [_thread_blocked, id=3432, stack(0x0000009a86400000,0x0000009a86500000)]
  0x000001e4baa78000 JavaThread "Signal Dispatcher" daemon [_thread_blocked, id=13748, stack(0x0000009a86500000,0x0000009a86600000)]
  0x000001e4baa78800 JavaThread "Attach Listener" daemon [_thread_blocked, id=12724, stack(0x0000009a86600000,0x0000009a86700000)]
  0x000001e4baa79800 JavaThread "Service Thread" daemon [_thread_blocked, id=3248, stack(0x0000009a86700000,0x0000009a86800000)]
=>0x000001e4baa7c800 JavaThread "C2 CompilerThread0" daemon [_thread_in_native, id=15300, stack(0x0000009a86800000,0x0000009a86900000)]
  0x000001e4baa8b800 JavaThread "C1 CompilerThread0" daemon [_thread_blocked, id=15600, stack(0x0000009a86900000,0x0000009a86a00000)]
  0x000001e4ba25d000 JavaThread "Sweeper thread" daemon [_thread_blocked, id=14236, stack(0x0000009a86a00000,0x0000009a86b00000)]
  0x000001e4babde800 JavaThread "Common-Cleaner" daemon [_thread_blocked, id=7852, stack(0x0000009a86b00000,0x0000009a86c00000)]
  0x000001e4bbe9d000 JavaThread "Daemon health stats" [_thread_blocked, id=10184, stack(0x0000009a87000000,0x0000009a87100000)]
  0x000001e4bad4b000 JavaThread "Incoming local TCP Connector on port 62511" [_thread_in_native, id=17820, stack(0x0000009a86d00000,0x0000009a86e00000)]
  0x000001e4bc601000 JavaThread "Daemon periodic checks" [_thread_blocked, id=6076, stack(0x0000009a87100000,0x0000009a87200000)]
  0x000001e4bde38000 JavaThread "Daemon" [_thread_blocked, id=15904, stack(0x0000009a87200000,0x0000009a87300000)]
  0x000001e4bd5b1800 JavaThread "Daemon worker" [_thread_in_native, id=14484, stack(0x0000009a87500000,0x0000009a87600000)]
  0x000001e4bd641000 JavaThread "Cache worker for file hash cache (C:\Users\Billy\.gradle\caches\7.0.2\fileHashes)" [_thread_blocked, id=11596, stack(0x0000009a87600000,0x0000009a87700000)]
  0x000001e4bd640000 JavaThread "File lock request listener" [_thread_in_native, id=18292, stack(0x0000009a87b00000,0x0000009a87c00000)]
  0x000001e4bd641800 JavaThread "Cache worker for journal cache (C:\Users\Billy\.gradle\caches\journal-1)" [_thread_blocked, id=12132, stack(0x0000009a87c00000,0x0000009a87d00000)]
  0x000001e4bd63c000 JavaThread "File watcher server" daemon [_thread_in_native, id=7672, stack(0x0000009a87e00000,0x0000009a87f00000)]
  0x000001e4bd63d000 JavaThread "File watcher consumer" daemon [_thread_blocked, id=17560, stack(0x0000009a87f00000,0x0000009a88000000)]
  0x000001e4bd642800 JavaThread "jar transforms" [_thread_blocked, id=5216, stack(0x0000009a88000000,0x0000009a88100000)]
  0x000001e4bd63d800 JavaThread "jar transforms Thread 2" [_thread_blocked, id=12528, stack(0x0000009a88100000,0x0000009a88200000)]
  0x000001e4bce2a800 JavaThread "jar transforms Thread 3" [_thread_blocked, id=11204, stack(0x0000009a88200000,0x0000009a88300000)]
  0x000001e4bce27800 JavaThread "jar transforms Thread 4" [_thread_blocked, id=16592, stack(0x0000009a88300000,0x0000009a88400000)]
  0x000001e4bce2a000 JavaThread "Cache worker for execution history cache (C:\Users\Billy\.gradle\caches\7.0.2\executionHistory)" [_thread_blocked, id=10780, stack(0x0000009a88800000,0x0000009a88900000)]
  0x000001e4bce2b800 JavaThread "Cache worker for file content cache (C:\Users\Billy\.gradle\caches\7.0.2\fileContent)" [_thread_blocked, id=952, stack(0x0000009a88900000,0x0000009a88a00000)]
  0x000001e4c080d800 JavaThread "Memory manager" [_thread_blocked, id=6320, stack(0x0000009a89000000,0x0000009a89100000)]
  0x000001e4c080e800 JavaThread "Handler for socket connection from /127.0.0.1:62511 to /127.0.0.1:62558" [_thread_in_native, id=9688, stack(0x0000009a85900000,0x0000009a85a00000)]
  0x000001e4c0809800 JavaThread "Cancel handler" [_thread_blocked, id=2108, stack(0x0000009a85a00000,0x0000009a85b00000)]
  0x000001e4c080a800 JavaThread "Asynchronous log dispatcher for DefaultDaemonConnection: socket connection from /127.0.0.1:62511 to /127.0.0.1:62558" [_thread_blocked, id=368, stack(0x0000009a85b00000,0x0000009a85c00000)]
  0x000001e4c0808800 JavaThread "Stdin handler" [_thread_blocked, id=1512, stack(0x0000009a87300000,0x0000009a87400000)]
  0x000001e4c080c000 JavaThread "Daemon client event forwarder" [_thread_blocked, id=9704, stack(0x0000009a87400000,0x0000009a87500000)]
  0x000001e4c080f000 JavaThread "Cache worker for file hash cache (C:\Users\Billy\Test\.gradle\7.0.2\fileHashes)" [_thread_blocked, id=3760, stack(0x0000009a87700000,0x0000009a87800000)]
  0x000001e4c0811000 JavaThread "Cache worker for checksums cache (C:\Users\Billy\Test\.gradle\checksums)" [_thread_blocked, id=16732, stack(0x0000009a87800000,0x0000009a87900000)]
  0x000001e4c080b000 JavaThread "Cache worker for cache directory md-supplier (C:\Users\Billy\.gradle\caches\7.0.2\md-supplier)" [_thread_blocked, id=17452, stack(0x0000009a87a00000,0x0000009a87b00000)]
  0x000001e4c0811800 JavaThread "Cache worker for cache directory md-rule (C:\Users\Billy\.gradle\caches\7.0.2\md-rule)" [_thread_blocked, id=9056, stack(0x0000009a87d00000,0x0000009a87e00000)]
  0x000001e4c0812800 JavaThread "Cache worker for dependencies-accessors (C:\Users\Billy\Test\.gradle\7.0.2\dependencies-accessors)" [_thread_blocked, id=16484, stack(0x0000009a88400000,0x0000009a88500000)]
  0x000001e4c080d000 JavaThread "Cache worker for Build Output Cleanup Cache (C:\Users\Billy\Test\.gradle\buildOutputCleanup)" [_thread_blocked, id=2908, stack(0x0000009a88500000,0x0000009a88600000)]
  0x000001e4c0813800 JavaThread "Build operations" [_thread_blocked, id=15532, stack(0x0000009a88600000,0x0000009a88700000)]
  0x000001e4c0814000 JavaThread "Build operations Thread 2" [_thread_blocked, id=10784, stack(0x0000009a88700000,0x0000009a88800000)]
  0x000001e4c0815000 JavaThread "Build operations Thread 3" [_thread_blocked, id=18124, stack(0x0000009a88a00000,0x0000009a88b00000)]
  0x000001e4c0816000 JavaThread "Build operations Thread 4" [_thread_blocked, id=580, stack(0x0000009a88b00000,0x0000009a88c00000)]
  0x000001e4bce2e000 JavaThread "build event listener" [_thread_blocked, id=9492, stack(0x0000009a88d00000,0x0000009a88e00000)]
  0x000001e4bce28000 JavaThread "Execution worker for ':'" [_thread_blocked, id=16180, stack(0x0000009a88e00000,0x0000009a88f00000)]
  0x000001e4bce29000 JavaThread "Execution worker for ':' Thread 2" [_thread_blocked, id=5580, stack(0x0000009a88f00000,0x0000009a89000000)]
  0x000001e4bd63e800 JavaThread "Execution worker for ':' Thread 3" [_thread_blocked, id=5076, stack(0x0000009a89400000,0x0000009a89500000)]
  0x000001e4bd63f800 JavaThread "Cache worker for execution history cache (C:\Users\Billy\Test\.gradle\7.0.2\executionHistory)" [_thread_blocked, id=16116, stack(0x0000009a89500000,0x0000009a89600000)]
  0x000001e4c0b3b800 JavaThread "WorkerExecutor Queue" [_thread_blocked, id=14456, stack(0x0000009a88c00000,0x0000009a88d00000)]
  0x000001e4c0b3e000 JavaThread "WorkerExecutor Queue Thread 2" [_thread_blocked, id=7548, stack(0x0000009a89600000,0x0000009a89700000)]
  0x000001e4c619f000 JavaThread "C2 CompilerThread1" daemon [_thread_in_native, id=5096, stack(0x0000009a89700000,0x0000009a89800000)]
  0x000001e4c0b3d000 JavaThread "WorkerExecutor Queue Thread 3" [_thread_blocked, id=9936, stack(0x0000009a89800000,0x0000009a89900000)]

Other Threads:
  0x000001e4ba1f2800 VMThread "VM Thread" [stack: 0x0000009a86200000,0x0000009a86300000] [id=17892]
  0x000001e4babdf000 WatcherThread [stack: 0x0000009a86c00000,0x0000009a86d00000] [id=15888]
  0x000001e49fed6800 GCTaskThread "GC Thread#0" [stack: 0x0000009a85d00000,0x0000009a85e00000] [id=2916]
  0x000001e4bb09b800 GCTaskThread "GC Thread#1" [stack: 0x0000009a86e00000,0x0000009a86f00000] [id=8832]
  0x000001e4bb037000 GCTaskThread "GC Thread#2" [stack: 0x0000009a86f00000,0x0000009a87000000] [id=11608]
  0x000001e4bbf2b800 GCTaskThread "GC Thread#3" [stack: 0x0000009a87900000,0x0000009a87a00000] [id=8092]
  0x000001e49ff08000 ConcurrentGCThread "G1 Main Marker" [stack: 0x0000009a85e00000,0x0000009a85f00000] [id=8328]
  0x000001e49ff0a800 ConcurrentGCThread "G1 Conc#0" [stack: 0x0000009a85f00000,0x0000009a86000000] [id=1608]
  0x000001e49ff98800 ConcurrentGCThread "G1 Refine#0" [stack: 0x0000009a86000000,0x0000009a86100000] [id=16968]
  0x000001e49ff99800 ConcurrentGCThread "G1 Young RemSet Sampling" [stack: 0x0000009a86100000,0x0000009a86200000] [id=7916]

Threads with active compile tasks:
C2 CompilerThread0  72716 15457       4       com.android.ide.common.resources.NodeUtils::updateNamespace (161 bytes)
C2 CompilerThread1  72716 15477       4       com.android.utils.XmlUtils::append (647 bytes)

VM state:not at safepoint (normal execution)

VM Mutex/Monitor currently owned by a thread: None

Heap address: 0x0000000080000000, size: 2048 MB, Compressed Oops mode: 32-bit
Narrow klass base: 0x0000000000000000, Narrow klass shift: 3
Compressed class space size: 1073741824 Address: 0x0000000100000000

Heap:
 garbage-first heap   total 157696K, used 125948K [0x0000000080000000, 0x0000000100000000)
  region size 1024K, 4 young (4096K), 3 survivors (3072K)
 Metaspace       used 112289K, capacity 115344K, committed 115440K, reserved 1148928K
  class space    used 14244K, capacity 15400K, committed 15488K, reserved 1048576K
Heap Regions: E=young(eden), S=young(survivor), O=old, HS=humongous(starts), HC=humongous(continues), CS=collection set, F=free, A=archive, TAMS=top-at-mark-start (previous, next)
|   0|0x0000000080000000, 0x0000000080100000, 0x0000000080100000|100%| O|  |TAMS 0x0000000080100000, 0x0000000080100000| Untracked 
|   1|0x0000000080100000, 0x0000000080200000, 0x0000000080200000|100%| O|  |TAMS 0x0000000080200000, 0x0000000080200000| Untracked 
|   2|0x0000000080200000, 0x0000000080300000, 0x0000000080300000|100%| O|  |TAMS 0x0000000080300000, 0x0000000080300000| Untracked 
|   3|0x0000000080300000, 0x0000000080400000, 0x0000000080400000|100%|HS|  |TAMS 0x0000000080400000, 0x0000000080400000| Complete 
|   4|0x0000000080400000, 0x0000000080500000, 0x0000000080500000|100%|HC|  |TAMS 0x0000000080500000, 0x0000000080500000| Complete 
|   5|0x0000000080500000, 0x0000000080600000, 0x0000000080600000|100%|HC|  |TAMS 0x0000000080600000, 0x0000000080600000| Complete 
|   6|0x0000000080600000, 0x0000000080700000, 0x0000000080700000|100%| O|  |TAMS 0x0000000080700000, 0x0000000080700000| Untracked 
|   7|0x0000000080700000, 0x0000000080800000, 0x0000000080800000|100%| O|  |TAMS 0x0000000080800000, 0x0000000080800000| Untracked 
|   8|0x0000000080800000, 0x0000000080900000, 0x0000000080900000|100%| O|  |TAMS 0x0000000080900000, 0x0000000080900000| Untracked 
|   9|0x0000000080900000, 0x0000000080a00000, 0x0000000080a00000|100%| O|  |TAMS 0x0000000080a00000, 0x0000000080a00000| Untracked 
|  10|0x0000000080a00000, 0x0000000080b00000, 0x0000000080b00000|100%| O|  |TAMS 0x0000000080b00000, 0x0000000080b00000| Untracked 
|  11|0x0000000080b00000, 0x0000000080c00000, 0x0000000080c00000|100%| O|  |TAMS 0x0000000080c00000, 0x0000000080c00000| Untracked 
|  12|0x0000000080c00000, 0x0000000080d00000, 0x0000000080d00000|100%| O|  |TAMS 0x0000000080d00000, 0x0000000080d00000| Untracked 
|  13|0x0000000080d00000, 0x0000000080e00000, 0x0000000080e00000|100%| O|  |TAMS 0x0000000080e00000, 0x0000000080e00000| Untracked 
|  14|0x0000000080e00000, 0x0000000080f00000, 0x0000000080f00000|100%| O|  |TAMS 0x0000000080f00000, 0x0000000080f00000| Untracked 
|  15|0x0000000080f00000, 0x0000000081000000, 0x0000000081000000|100%| O|  |TAMS 0x0000000081000000, 0x0000000081000000| Untracked 
|  16|0x0000000081000000, 0x0000000081100000, 0x0000000081100000|100%|HS|  |TAMS 0x0000000081100000, 0x0000000081100000| Complete 
|  17|0x0000000081100000, 0x0000000081200000, 0x0000000081200000|100%|HC|  |TAMS 0x0000000081200000, 0x0000000081200000| Complete 
|  18|0x0000000081200000, 0x0000000081300000, 0x0000000081300000|100%|HS|  |TAMS 0x0000000081300000, 0x0000000081300000| Complete 
|  19|0x0000000081300000, 0x0000000081400000, 0x0000000081400000|100%|HC|  |TAMS 0x0000000081400000, 0x0000000081400000| Complete 
|  20|0x0000000081400000, 0x0000000081500000, 0x0000000081500000|100%|HC|  |TAMS 0x0000000081500000, 0x0000000081500000| Complete 
|  21|0x0000000081500000, 0x0000000081600000, 0x0000000081600000|100%|HS|  |TAMS 0x0000000081600000, 0x0000000081600000| Complete 
|  22|0x0000000081600000, 0x0000000081700000, 0x0000000081700000|100%|HC|  |TAMS 0x0000000081700000, 0x0000000081700000| Complete 
|  23|0x0000000081700000, 0x0000000081800000, 0x0000000081800000|100%|HC|  |TAMS 0x0000000081800000, 0x0000000081800000| Complete 
|  24|0x0000000081800000, 0x0000000081900000, 0x0000000081900000|100%|HC|  |TAMS 0x0000000081900000, 0x0000000081900000| Complete 
|  25|0x0000000081900000, 0x0000000081a00000, 0x0000000081a00000|100%|HC|  |TAMS 0x0000000081a00000, 0x0000000081a00000| Complete 
|  26|0x0000000081a00000, 0x0000000081b00000, 0x0000000081b00000|100%| O|  |TAMS 0x0000000081b00000, 0x0000000081b00000| Untracked 
|  27|0x0000000081b00000, 0x0000000081c00000, 0x0000000081c00000|100%| O|  |TAMS 0x0000000081c00000, 0x0000000081c00000| Untracked 
|  28|0x0000000081c00000, 0x0000000081d00000, 0x0000000081d00000|100%| O|  |TAMS 0x0000000081d00000, 0x0000000081d00000| Untracked 
|  29|0x0000000081d00000, 0x0000000081e00000, 0x0000000081e00000|100%| O|  |TAMS 0x0000000081e00000, 0x0000000081e00000| Untracked 
|  30|0x0000000081e00000, 0x0000000081f00000, 0x0000000081f00000|100%| O|  |TAMS 0x0000000081f00000, 0x0000000081f00000| Untracked 
|  31|0x0000000081f00000, 0x0000000082000000, 0x0000000082000000|100%| O|  |TAMS 0x0000000082000000, 0x0000000082000000| Untracked 
|  32|0x0000000082000000, 0x0000000082100000, 0x0000000082100000|100%| O|  |TAMS 0x0000000082100000, 0x0000000082100000| Untracked 
|  33|0x0000000082100000, 0x0000000082200000, 0x0000000082200000|100%|HS|  |TAMS 0x0000000082200000, 0x0000000082200000| Complete 
|  34|0x0000000082200000, 0x0000000082300000, 0x0000000082300000|100%|HC|  |TAMS 0x0000000082300000, 0x0000000082300000| Complete 
|  35|0x0000000082300000, 0x0000000082400000, 0x0000000082400000|100%|HC|  |TAMS 0x0000000082400000, 0x0000000082400000| Complete 
|  36|0x0000000082400000, 0x0000000082500000, 0x0000000082500000|100%|HC|  |TAMS 0x0000000082500000, 0x0000000082500000| Complete 
|  37|0x0000000082500000, 0x0000000082600000, 0x0000000082600000|100%|HC|  |TAMS 0x0000000082600000, 0x0000000082600000| Complete 
|  38|0x0000000082600000, 0x0000000082700000, 0x0000000082700000|100%| O|  |TAMS 0x0000000082700000, 0x0000000082700000| Untracked 
|  39|0x0000000082700000, 0x0000000082800000, 0x0000000082800000|100%| O|  |TAMS 0x0000000082800000, 0x0000000082800000| Untracked 
|  40|0x0000000082800000, 0x0000000082900000, 0x0000000082900000|100%| O|  |TAMS 0x0000000082900000, 0x0000000082900000| Untracked 
|  41|0x0000000082900000, 0x0000000082a00000, 0x0000000082a00000|100%| O|  |TAMS 0x0000000082a00000, 0x0000000082a00000| Untracked 
|  42|0x0000000082a00000, 0x0000000082b00000, 0x0000000082b00000|100%| O|  |TAMS 0x0000000082b00000, 0x0000000082b00000| Untracked 
|  43|0x0000000082b00000, 0x0000000082c00000, 0x0000000082c00000|100%|HS|  |TAMS 0x0000000082c00000, 0x0000000082c00000| Complete 
|  44|0x0000000082c00000, 0x0000000082d00000, 0x0000000082d00000|100%|HC|  |TAMS 0x0000000082d00000, 0x0000000082d00000| Complete 
|  45|0x0000000082d00000, 0x0000000082e00000, 0x0000000082e00000|100%|HC|  |TAMS 0x0000000082e00000, 0x0000000082e00000| Complete 
|  46|0x0000000082e00000, 0x0000000082f00000, 0x0000000082f00000|100%| O|  |TAMS 0x0000000082f00000, 0x0000000082f00000| Untracked 
|  47|0x0000000082f00000, 0x0000000083000000, 0x0000000083000000|100%| O|  |TAMS 0x0000000083000000, 0x0000000083000000| Untracked 
|  48|0x0000000083000000, 0x0000000083100000, 0x0000000083100000|100%| O|  |TAMS 0x0000000083100000, 0x0000000083100000| Untracked 
|  49|0x0000000083100000, 0x0000000083200000, 0x0000000083200000|100%| O|  |TAMS 0x0000000083200000, 0x0000000083200000| Untracked 
|  50|0x0000000083200000, 0x0000000083300000, 0x0000000083300000|100%| O|  |TAMS 0x0000000083300000, 0x0000000083300000| Untracked 
|  51|0x0000000083300000, 0x0000000083400000, 0x0000000083400000|100%| O|  |TAMS 0x0000000083400000, 0x0000000083400000| Untracked 
|  52|0x0000000083400000, 0x0000000083500000, 0x0000000083500000|100%| O|  |TAMS 0x0000000083500000, 0x0000000083500000| Untracked 
|  53|0x0000000083500000, 0x0000000083600000, 0x0000000083600000|100%|HS|  |TAMS 0x0000000083600000, 0x0000000083600000| Complete 
|  54|0x0000000083600000, 0x0000000083700000, 0x0000000083700000|100%|HS|  |TAMS 0x0000000083700000, 0x0000000083700000| Complete 
|  55|0x0000000083700000, 0x0000000083800000, 0x0000000083800000|100%|HS|  |TAMS 0x0000000083800000, 0x0000000083800000| Complete 
|  56|0x0000000083800000, 0x0000000083900000, 0x0000000083900000|100%|HC|  |TAMS 0x0000000083900000, 0x0000000083900000| Complete 
|  57|0x0000000083900000, 0x0000000083a00000, 0x0000000083a00000|100%| O|  |TAMS 0x0000000083a00000, 0x0000000083a00000| Untracked 
|  58|0x0000000083a00000, 0x0000000083b00000, 0x0000000083b00000|100%| O|  |TAMS 0x0000000083b00000, 0x0000000083b00000| Untracked 
|  59|0x0000000083b00000, 0x0000000083c00000, 0x0000000083c00000|100%| O|  |TAMS 0x0000000083c00000, 0x0000000083c00000| Untracked 
|  60|0x0000000083c00000, 0x0000000083d00000, 0x0000000083d00000|100%| O|  |TAMS 0x0000000083d00000, 0x0000000083d00000| Untracked 
|  61|0x0000000083d00000, 0x0000000083e00000, 0x0000000083e00000|100%| O|  |TAMS 0x0000000083e00000, 0x0000000083e00000| Untracked 
|  62|0x0000000083e00000, 0x0000000083f00000, 0x0000000083f00000|100%| O|  |TAMS 0x0000000083f00000, 0x0000000083f00000| Untracked 
|  63|0x0000000083f00000, 0x0000000084000000, 0x0000000084000000|100%| O|  |TAMS 0x0000000084000000, 0x0000000084000000| Untracked 
|  64|0x0000000084000000, 0x0000000084100000, 0x0000000084100000|100%| O|  |TAMS 0x0000000084100000, 0x0000000084100000| Untracked 
|  65|0x0000000084100000, 0x0000000084200000, 0x0000000084200000|100%| O|  |TAMS 0x0000000084200000, 0x0000000084200000| Untracked 
|  66|0x0000000084200000, 0x0000000084300000, 0x0000000084300000|100%| O|  |TAMS 0x0000000084300000, 0x0000000084300000| Untracked 
|  67|0x0000000084300000, 0x0000000084400000, 0x0000000084400000|100%| O|  |TAMS 0x0000000084400000, 0x0000000084400000| Untracked 
|  68|0x0000000084400000, 0x0000000084500000, 0x0000000084500000|100%| O|  |TAMS 0x0000000084500000, 0x0000000084500000| Untracked 
|  69|0x0000000084500000, 0x0000000084600000, 0x0000000084600000|100%| O|  |TAMS 0x0000000084600000, 0x0000000084600000| Untracked 
|  70|0x0000000084600000, 0x0000000084700000, 0x0000000084700000|100%| O|  |TAMS 0x0000000084700000, 0x0000000084700000| Untracked 
|  71|0x0000000084700000, 0x0000000084800000, 0x0000000084800000|100%| O|  |TAMS 0x0000000084800000, 0x0000000084800000| Untracked 
|  72|0x0000000084800000, 0x0000000084900000, 0x0000000084900000|100%| O|  |TAMS 0x0000000084900000, 0x0000000084900000| Untracked 
|  73|0x0000000084900000, 0x0000000084a00000, 0x0000000084a00000|100%| O|  |TAMS 0x0000000084a00000, 0x0000000084a00000| Untracked 
|  74|0x0000000084a00000, 0x0000000084b00000, 0x0000000084b00000|100%| O|  |TAMS 0x0000000084b00000, 0x0000000084b00000| Untracked 
|  75|0x0000000084b00000, 0x0000000084c00000, 0x0000000084c00000|100%| O|  |TAMS 0x0000000084c00000, 0x0000000084c00000| Untracked 
|  76|0x0000000084c00000, 0x0000000084d00000, 0x0000000084d00000|100%| O|  |TAMS 0x0000000084d00000, 0x0000000084d00000| Untracked 
|  77|0x0000000084d00000, 0x0000000084e00000, 0x0000000084e00000|100%| O|  |TAMS 0x0000000084e00000, 0x0000000084e00000| Untracked 
|  78|0x0000000084e00000, 0x0000000084f00000, 0x0000000084f00000|100%| O|  |TAMS 0x0000000084f00000, 0x0000000084f00000| Untracked 
|  79|0x0000000084f00000, 0x0000000085000000, 0x0000000085000000|100%| O|  |TAMS 0x0000000085000000, 0x0000000085000000| Untracked 
|  80|0x0000000085000000, 0x0000000085100000, 0x0000000085100000|100%| O|  |TAMS 0x0000000085100000, 0x0000000085100000| Untracked 
|  81|0x0000000085100000, 0x0000000085200000, 0x0000000085200000|100%| O|  |TAMS 0x0000000085200000, 0x0000000085200000| Untracked 
|  82|0x0000000085200000, 0x0000000085300000, 0x0000000085300000|100%| O|  |TAMS 0x0000000085300000, 0x0000000085300000| Untracked 
|  83|0x0000000085300000, 0x0000000085400000, 0x0000000085400000|100%| O|  |TAMS 0x0000000085400000, 0x0000000085400000| Untracked 
|  84|0x0000000085400000, 0x0000000085500000, 0x0000000085500000|100%| O|  |TAMS 0x0000000085500000, 0x0000000085500000| Untracked 
|  85|0x0000000085500000, 0x0000000085600000, 0x0000000085600000|100%| O|  |TAMS 0x0000000085600000, 0x0000000085600000| Untracked 
|  86|0x0000000085600000, 0x0000000085700000, 0x0000000085700000|100%| O|  |TAMS 0x0000000085700000, 0x0000000085700000| Untracked 
|  87|0x0000000085700000, 0x0000000085800000, 0x0000000085800000|100%| O|  |TAMS 0x0000000085800000, 0x0000000085800000| Untracked 
|  88|0x0000000085800000, 0x0000000085900000, 0x0000000085900000|100%| O|  |TAMS 0x0000000085900000, 0x0000000085900000| Untracked 
|  89|0x0000000085900000, 0x0000000085a00000, 0x0000000085a00000|100%| O|  |TAMS 0x0000000085a00000, 0x0000000085a00000| Untracked 
|  90|0x0000000085a00000, 0x0000000085b00000, 0x0000000085b00000|100%| O|  |TAMS 0x0000000085b00000, 0x0000000085b00000| Untracked 
|  91|0x0000000085b00000, 0x0000000085c00000, 0x0000000085c00000|100%| O|  |TAMS 0x0000000085c00000, 0x0000000085c00000| Untracked 
|  92|0x0000000085c00000, 0x0000000085d00000, 0x0000000085d00000|100%| O|  |TAMS 0x0000000085d00000, 0x0000000085d00000| Untracked 
|  93|0x0000000085d00000, 0x0000000085e00000, 0x0000000085e00000|100%| O|  |TAMS 0x0000000085e00000, 0x0000000085e00000| Untracked 
|  94|0x0000000085e00000, 0x0000000085f00000, 0x0000000085f00000|100%| O|  |TAMS 0x0000000085f00000, 0x0000000085f00000| Untracked 
|  95|0x0000000085f00000, 0x0000000086000000, 0x0000000086000000|100%| O|  |TAMS 0x0000000086000000, 0x0000000086000000| Untracked 
|  96|0x0000000086000000, 0x0000000086100000, 0x0000000086100000|100%| O|  |TAMS 0x0000000086100000, 0x0000000086100000| Untracked 
|  97|0x0000000086100000, 0x0000000086200000, 0x0000000086200000|100%|HS|  |TAMS 0x0000000086100000, 0x0000000086100000| Complete 
|  98|0x0000000086200000, 0x0000000086300000, 0x0000000086300000|100%| O|  |TAMS 0x0000000086300000, 0x0000000086300000| Untracked 
|  99|0x0000000086300000, 0x0000000086400000, 0x0000000086400000|100%| O|  |TAMS 0x0000000086400000, 0x0000000086400000| Untracked 
| 100|0x0000000086400000, 0x0000000086500000, 0x0000000086500000|100%| O|  |TAMS 0x0000000086500000, 0x0000000086500000| Untracked 
| 101|0x0000000086500000, 0x0000000086600000, 0x0000000086600000|100%| O|  |TAMS 0x0000000086600000, 0x0000000086600000| Untracked 
| 102|0x0000000086600000, 0x0000000086700000, 0x0000000086700000|100%| O|  |TAMS 0x0000000086700000, 0x0000000086700000| Untracked 
| 103|0x0000000086700000, 0x0000000086800000, 0x0000000086800000|100%| O|  |TAMS 0x0000000086800000, 0x0000000086800000| Untracked 
| 104|0x0000000086800000, 0x0000000086900000, 0x0000000086900000|100%| O|  |TAMS 0x0000000086900000, 0x0000000086900000| Untracked 
| 105|0x0000000086900000, 0x0000000086a00000, 0x0000000086a00000|100%| O|  |TAMS 0x0000000086a00000, 0x0000000086a00000| Untracked 
| 106|0x0000000086a00000, 0x0000000086b00000, 0x0000000086b00000|100%| O|  |TAMS 0x0000000086b00000, 0x0000000086b00000| Untracked 
| 107|0x0000000086b00000, 0x0000000086c00000, 0x0000000086c00000|100%| O|  |TAMS 0x0000000086c00000, 0x0000000086c00000| Untracked 
| 108|0x0000000086c00000, 0x0000000086d00000, 0x0000000086d00000|100%| O|  |TAMS 0x0000000086d00000, 0x0000000086d00000| Untracked 
| 109|0x0000000086d00000, 0x0000000086e00000, 0x0000000086e00000|100%| O|  |TAMS 0x0000000086e00000, 0x0000000086e00000| Untracked 
| 110|0x0000000086e00000, 0x0000000086f00000, 0x0000000086f00000|100%| O|  |TAMS 0x0000000086f00000, 0x0000000086f00000| Untracked 
| 111|0x0000000086f00000, 0x0000000087000000, 0x0000000087000000|100%| O|  |TAMS 0x0000000087000000, 0x0000000087000000| Untracked 
| 112|0x0000000087000000, 0x0000000087100000, 0x0000000087100000|100%| O|  |TAMS 0x0000000087100000, 0x0000000087100000| Untracked 
| 113|0x0000000087100000, 0x0000000087200000, 0x0000000087200000|100%| O|  |TAMS 0x0000000087200000, 0x0000000087200000| Untracked 
| 114|0x0000000087200000, 0x0000000087300000, 0x0000000087300000|100%| O|  |TAMS 0x0000000087300000, 0x0000000087300000| Untracked 
| 115|0x0000000087300000, 0x00000000873e3c00, 0x0000000087400000| 88%| O|  |TAMS 0x00000000873e3c00, 0x00000000873e3c00| Untracked 
| 116|0x0000000087400000, 0x0000000087500000, 0x0000000087500000|100%|HS|  |TAMS 0x0000000087400000, 0x0000000087400000| Complete 
| 117|0x0000000087500000, 0x0000000087600000, 0x0000000087600000|100%|HC|  |TAMS 0x0000000087500000, 0x0000000087500000| Complete 
| 118|0x0000000087600000, 0x0000000087700000, 0x0000000087700000|100%|HS|  |TAMS 0x0000000087600000, 0x0000000087600000| Complete 
| 119|0x0000000087700000, 0x0000000087800000, 0x0000000087800000|100%|HS|  |TAMS 0x0000000087700000, 0x0000000087700000| Complete 
| 120|0x0000000087800000, 0x0000000087900000, 0x0000000087900000|100%|HC|  |TAMS 0x0000000087800000, 0x0000000087800000| Complete 
| 121|0x0000000087900000, 0x0000000087900000, 0x0000000087a00000|  0%| F|  |TAMS 0x0000000087900000, 0x0000000087900000| Untracked 
| 122|0x0000000087a00000, 0x0000000087a00000, 0x0000000087b00000|  0%| F|  |TAMS 0x0000000087a00000, 0x0000000087a00000| Untracked 
| 123|0x0000000087b00000, 0x0000000087b00000, 0x0000000087c00000|  0%| F|  |TAMS 0x0000000087b00000, 0x0000000087b00000| Untracked 
| 124|0x0000000087c00000, 0x0000000087c00000, 0x0000000087d00000|  0%| F|  |TAMS 0x0000000087c00000, 0x0000000087c00000| Untracked 
| 125|0x0000000087d00000, 0x0000000087d00000, 0x0000000087e00000|  0%| F|  |TAMS 0x0000000087d00000, 0x0000000087d00000| Untracked 
| 126|0x0000000087e00000, 0x0000000087e00000, 0x0000000087f00000|  0%| F|  |TAMS 0x0000000087e00000, 0x0000000087e00000| Untracked 
| 127|0x0000000087f00000, 0x0000000087f00000, 0x0000000088000000|  0%| F|  |TAMS 0x0000000087f00000, 0x0000000087f00000| Untracked 
| 128|0x0000000088000000, 0x0000000088000000, 0x0000000088100000|  0%| F|  |TAMS 0x0000000088000000, 0x0000000088000000| Untracked 
| 129|0x0000000088100000, 0x0000000088100000, 0x0000000088200000|  0%| F|  |TAMS 0x0000000088100000, 0x0000000088100000| Untracked 
| 130|0x0000000088200000, 0x0000000088200000, 0x0000000088300000|  0%| F|  |TAMS 0x0000000088200000, 0x0000000088200000| Untracked 
| 131|0x0000000088300000, 0x0000000088300000, 0x0000000088400000|  0%| F|  |TAMS 0x0000000088300000, 0x0000000088300000| Untracked 
| 132|0x0000000088400000, 0x0000000088400000, 0x0000000088500000|  0%| F|  |TAMS 0x0000000088400000, 0x0000000088400000| Untracked 
| 133|0x0000000088500000, 0x0000000088500000, 0x0000000088600000|  0%| F|  |TAMS 0x0000000088500000, 0x0000000088500000| Untracked 
| 134|0x0000000088600000, 0x0000000088600000, 0x0000000088700000|  0%| F|  |TAMS 0x0000000088600000, 0x0000000088600000| Untracked 
| 135|0x0000000088700000, 0x0000000088700000, 0x0000000088800000|  0%| F|  |TAMS 0x0000000088700000, 0x0000000088700000| Untracked 
| 136|0x0000000088800000, 0x0000000088800000, 0x0000000088900000|  0%| F|  |TAMS 0x0000000088800000, 0x0000000088800000| Untracked 
| 137|0x0000000088900000, 0x0000000088900000, 0x0000000088a00000|  0%| F|  |TAMS 0x0000000088900000, 0x0000000088900000| Untracked 
| 138|0x0000000088a00000, 0x0000000088a00000, 0x0000000088b00000|  0%| F|  |TAMS 0x0000000088a00000, 0x0000000088a00000| Untracked 
| 139|0x0000000088b00000, 0x0000000088b00000, 0x0000000088c00000|  0%| F|  |TAMS 0x0000000088b00000, 0x0000000088b00000| Untracked 
| 140|0x0000000088c00000, 0x0000000088c00000, 0x0000000088d00000|  0%| F|  |TAMS 0x0000000088c00000, 0x0000000088c00000| Untracked 
| 141|0x0000000088d00000, 0x0000000088d00000, 0x0000000088e00000|  0%| F|  |TAMS 0x0000000088d00000, 0x0000000088d00000| Untracked 
| 142|0x0000000088e00000, 0x0000000088e00000, 0x0000000088f00000|  0%| F|  |TAMS 0x0000000088e00000, 0x0000000088e00000| Untracked 
| 143|0x0000000088f00000, 0x0000000088f00000, 0x0000000089000000|  0%| F|  |TAMS 0x0000000088f00000, 0x0000000088f00000| Untracked 
| 144|0x0000000089000000, 0x0000000089000000, 0x0000000089100000|  0%| F|  |TAMS 0x0000000089000000, 0x0000000089000000| Untracked 
| 145|0x0000000089100000, 0x0000000089100000, 0x0000000089200000|  0%| F|  |TAMS 0x0000000089100000, 0x0000000089100000| Untracked 
| 146|0x0000000089200000, 0x000000008921b5f0, 0x0000000089300000| 10%| S|CS|TAMS 0x0000000089200000, 0x0000000089200000| Complete 
| 147|0x0000000089300000, 0x0000000089400000, 0x0000000089400000|100%| S|CS|TAMS 0x0000000089300000, 0x0000000089300000| Complete 
| 148|0x0000000089400000, 0x0000000089500000, 0x0000000089500000|100%| S|CS|TAMS 0x0000000089400000, 0x0000000089400000| Complete 
| 149|0x0000000089500000, 0x0000000089500000, 0x0000000089600000|  0%| F|  |TAMS 0x0000000089500000, 0x0000000089500000| Untracked 
| 150|0x0000000089600000, 0x0000000089600000, 0x0000000089700000|  0%| F|  |TAMS 0x0000000089600000, 0x0000000089600000| Untracked 
| 151|0x0000000089700000, 0x0000000089700000, 0x0000000089800000|  0%| F|  |TAMS 0x0000000089700000, 0x0000000089700000| Untracked 
| 152|0x0000000089800000, 0x0000000089800000, 0x0000000089900000|  0%| F|  |TAMS 0x0000000089800000, 0x0000000089800000| Untracked 
| 153|0x0000000089900000, 0x000000008994a7d8, 0x0000000089a00000| 29%| E|  |TAMS 0x0000000089900000, 0x0000000089900000| Complete 

Card table byte_map: [0x000001e4b33d0000,0x000001e4b37d0000] _byte_map_base: 0x000001e4b2fd0000

Marking Bits (Prev, Next): (CMBitMap*) 0x000001e49feff6b0, (CMBitMap*) 0x000001e49feff678
 Prev Bits: [0x000001e4b5bd0000, 0x000001e4b7bd0000)
 Next Bits: [0x000001e4b3bd0000, 0x000001e4b5bd0000)

Polling page: 0x000001e49e690000

Metaspace:

Usage:
  Non-class:     97.60 MB capacity,    95.75 MB ( 98%) used,     1.52 MB (  2%) free+waste,   339.31 KB ( <1%) overhead. 
      Class:     15.04 MB capacity,    13.91 MB ( 92%) used,   999.07 KB (  6%) free+waste,   155.94 KB (  1%) overhead. 
       Both:    112.64 MB capacity,   109.66 MB ( 97%) used,     2.50 MB (  2%) free+waste,   495.25 KB ( <1%) overhead. 

Virtual space:
  Non-class space:       98.00 MB reserved,      97.61 MB (>99%) committed 
      Class space:        1.00 GB reserved,      15.13 MB (  1%) committed 
             Both:        1.10 GB reserved,     112.73 MB ( 10%) committed 

Chunk freelists:
   Non-Class:  8.00 KB
       Class:  24.00 KB
        Both:  32.00 KB

MaxMetaspaceSize: 17179869184.00 GB
CompressedClassSpaceSize: 1.00 GB

CodeHeap 'non-profiled nmethods': size=120064Kb used=10591Kb max_used=10591Kb free=109472Kb
 bounds [0x000001e4ab470000, 0x000001e4abed0000, 0x000001e4b29b0000]
CodeHeap 'profiled nmethods': size=120000Kb used=35036Kb max_used=35036Kb free=84963Kb
 bounds [0x000001e4a3f40000, 0x000001e4a6180000, 0x000001e4ab470000]
CodeHeap 'non-nmethods': size=5696Kb used=2347Kb max_used=2409Kb free=3348Kb
 bounds [0x000001e4a39b0000, 0x000001e4a3c20000, 0x000001e4a3f40000]
 total_blobs=16313 nmethods=15344 adapters=879
 compilation: enabled
              stopped_count=0, restarted_count=0
 full_count=0

Compilation events (20 events):
Event: 72.604 Thread 0x000001e4baa8b800 15473       3       com.android.utils.XmlUtils::append (647 bytes)
Event: 72.608 Thread 0x000001e4baa8b800 nmethod 15473 0x000001e4a6170890 code [0x000001e4a61710a0, 0x000001e4a6174f48]
Event: 72.608 Thread 0x000001e4c619f000 nmethod 15470 0x000001e4abec5210 code [0x000001e4abec53e0, 0x000001e4abec5838]
Event: 72.608 Thread 0x000001e4baa8b800 15474       2       com.android.utils.XmlUtils::toXmlAttributeValue (89 bytes)
Event: 72.608 Thread 0x000001e4c619f000 15471       4       org.apache.xerces.dom.AttrImpl::getName (16 bytes)
Event: 72.609 Thread 0x000001e4c619f000 nmethod 15471 0x000001e4abec5c10 code [0x000001e4abec5da0, 0x000001e4abec5e38]
Event: 72.609 Thread 0x000001e4c619f000 15466       4       org.apache.xerces.dom.NodeImpl::ownerDocument (23 bytes)
Event: 72.609 Thread 0x000001e4baa8b800 nmethod 15474 0x000001e4a6176510 code [0x000001e4a6176720, 0x000001e4a6176cd8]
Event: 72.610 Thread 0x000001e4c619f000 nmethod 15466 0x000001e4abec5f10 code [0x000001e4abec60a0, 0x000001e4abec6158]
Event: 72.610 Thread 0x000001e4c619f000 15464       4       org.apache.xerces.dom.ElementImpl::getNodeName (16 bytes)
Event: 72.612 Thread 0x000001e4c619f000 nmethod 15464 0x000001e4abec6290 code [0x000001e4abec6440, 0x000001e4abec6508]
Event: 72.612 Thread 0x000001e4c619f000 15468       4       org.apache.xerces.dom.NodeImpl::isSpecified (28 bytes)
Event: 72.612 Thread 0x000001e4c619f000 nmethod 15468 0x000001e4abec6610 code [0x000001e4abec67a0, 0x000001e4abec6838]
Event: 72.612 Thread 0x000001e4c619f000 15458       4       org.apache.xerces.dom.NamedNodeMapImpl::isReadOnly (15 bytes)
Event: 72.613 Thread 0x000001e4c619f000 nmethod 15458 0x000001e4abec6910 code [0x000001e4abec6aa0, 0x000001e4abec6b18]
Event: 72.616 Thread 0x000001e4c619f000 15475       4       org.apache.xerces.dom.ElementImpl::getTagName (16 bytes)
Event: 72.619 Thread 0x000001e4c619f000 nmethod 15475 0x000001e4abec6b90 code [0x000001e4abec6d40, 0x000001e4abec6eb8]
Event: 72.619 Thread 0x000001e4c619f000 15476 %     4       com.android.utils.XmlUtils::toXmlAttributeValue @ 7 (89 bytes)
Event: 72.637 Thread 0x000001e4c619f000 nmethod 15476% 0x000001e4abec7090 code [0x000001e4abec7260, 0x000001e4abec79b8]
Event: 72.637 Thread 0x000001e4c619f000 15477       4       com.android.utils.XmlUtils::append (647 bytes)

GC Heap History (20 events):
Event: 41.929 GC heap before
{Heap before GC invocations=39 (full 0):
 garbage-first heap   total 157696K, used 136229K [0x0000000080000000, 0x0000000100000000)
  region size 1024K, 39 young (39936K), 4 survivors (4096K)
 Metaspace       used 106337K, capacity 109114K, committed 109296K, reserved 1144832K
  class space    used 13614K, capacity 14642K, committed 14720K, reserved 1048576K
}
Event: 41.938 GC heap after
{Heap after GC invocations=40 (full 0):
 garbage-first heap   total 157696K, used 102527K [0x0000000080000000, 0x0000000100000000)
  region size 1024K, 5 young (5120K), 5 survivors (5120K)
 Metaspace       used 106337K, capacity 109114K, committed 109296K, reserved 1144832K
  class space    used 13614K, capacity 14642K, committed 14720K, reserved 1048576K
}
Event: 65.724 GC heap before
{Heap before GC invocations=41 (full 0):
 garbage-first heap   total 157696K, used 135295K [0x0000000080000000, 0x0000000100000000)
  region size 1024K, 37 young (37888K), 5 survivors (5120K)
 Metaspace       used 107798K, capacity 110685K, committed 110960K, reserved 1144832K
  class space    used 13750K, capacity 14818K, committed 14848K, reserved 1048576K
}
Event: 65.740 GC heap after
{Heap after GC invocations=42 (full 0):
 garbage-first heap   total 157696K, used 105564K [0x0000000080000000, 0x0000000100000000)
  region size 1024K, 5 young (5120K), 5 survivors (5120K)
 Metaspace       used 107798K, capacity 110685K, committed 110960K, reserved 1144832K
  class space    used 13750K, capacity 14818K, committed 14848K, reserved 1048576K
}
Event: 67.376 GC heap before
{Heap before GC invocations=42 (full 0):
 garbage-first heap   total 157696K, used 133212K [0x0000000080000000, 0x0000000100000000)
  region size 1024K, 33 young (33792K), 5 survivors (5120K)
 Metaspace       used 110238K, capacity 113252K, committed 113392K, reserved 1146880K
  class space    used 14054K, capacity 15158K, committed 15232K, reserved 1048576K
}
Event: 67.394 GC heap after
{Heap after GC invocations=43 (full 0):
 garbage-first heap   total 157696K, used 108461K [0x0000000080000000, 0x0000000100000000)
  region size 1024K, 3 young (3072K), 3 survivors (3072K)
 Metaspace       used 110238K, capacity 113252K, committed 113392K, reserved 1146880K
  class space    used 14054K, capacity 15158K, committed 15232K, reserved 1048576K
}
Event: 68.796 GC heap before
{Heap before GC invocations=44 (full 0):
 garbage-first heap   total 157696K, used 134061K [0x0000000080000000, 0x0000000100000000)
  region size 1024K, 28 young (28672K), 3 survivors (3072K)
 Metaspace       used 111217K, capacity 114276K, committed 114544K, reserved 1148928K
  class space    used 14161K, capacity 15279K, committed 15360K, reserved 1048576K
}
Event: 68.805 GC heap after
{Heap after GC invocations=45 (full 0):
 garbage-first heap   total 157696K, used 109603K [0x0000000080000000, 0x0000000100000000)
  region size 1024K, 2 young (2048K), 2 survivors (2048K)
 Metaspace       used 111217K, capacity 114276K, committed 114544K, reserved 1148928K
  class space    used 14161K, capacity 15279K, committed 15360K, reserved 1048576K
}
Event: 68.936 GC heap before
{Heap before GC invocations=45 (full 0):
 garbage-first heap   total 157696K, used 114723K [0x0000000080000000, 0x0000000100000000)
  region size 1024K, 7 young (7168K), 2 survivors (2048K)
 Metaspace       used 111369K, capacity 114404K, committed 114544K, reserved 1148928K
  class space    used 14179K, capacity 15279K, committed 15360K, reserved 1048576K
}
Event: 68.943 GC heap after
{Heap after GC invocations=46 (full 0):
 garbage-first heap   total 157696K, used 109137K [0x0000000080000000, 0x0000000100000000)
  region size 1024K, 1 young (1024K), 1 survivors (1024K)
 Metaspace       used 111369K, capacity 114404K, committed 114544K, reserved 1148928K
  class space    used 14179K, capacity 15279K, committed 15360K, reserved 1048576K
}
Event: 70.365 GC heap before
{Heap before GC invocations=46 (full 0):
 garbage-first heap   total 157696K, used 133713K [0x0000000080000000, 0x0000000100000000)
  region size 1024K, 26 young (26624K), 1 survivors (1024K)
 Metaspace       used 111784K, capacity 114855K, committed 115056K, reserved 1148928K
  class space    used 14204K, capacity 15344K, committed 15360K, reserved 1048576K
}
Event: 70.380 GC heap after
{Heap after GC invocations=47 (full 0):
 garbage-first heap   total 157696K, used 116084K [0x0000000080000000, 0x0000000100000000)
  region size 1024K, 4 young (4096K), 4 survivors (4096K)
 Metaspace       used 111784K, capacity 114855K, committed 115056K, reserved 1148928K
  class space    used 14204K, capacity 15344K, committed 15360K, reserved 1048576K
}
Event: 71.504 GC heap before
{Heap before GC invocations=48 (full 0):
 garbage-first heap   total 157696K, used 133492K [0x0000000080000000, 0x0000000100000000)
  region size 1024K, 22 young (22528K), 4 survivors (4096K)
 Metaspace       used 112207K, capacity 115269K, committed 115440K, reserved 1148928K
  class space    used 14236K, capacity 15397K, committed 15488K, reserved 1048576K
}
Event: 71.518 GC heap after
{Heap after GC invocations=49 (full 0):
 garbage-first heap   total 157696K, used 117868K [0x0000000080000000, 0x0000000100000000)
  region size 1024K, 2 young (2048K), 2 survivors (2048K)
 Metaspace       used 112207K, capacity 115269K, committed 115440K, reserved 1148928K
  class space    used 14236K, capacity 15397K, committed 15488K, reserved 1048576K
}
Event: 71.690 GC heap before
{Heap before GC invocations=49 (full 0):
 garbage-first heap   total 157696K, used 122988K [0x0000000080000000, 0x0000000100000000)
  region size 1024K, 7 young (7168K), 2 survivors (2048K)
 Metaspace       used 112262K, capacity 115338K, committed 115440K, reserved 1148928K
  class space    used 14242K, capacity 15398K, committed 15488K, reserved 1048576K
}
Event: 71.698 GC heap after
{Heap after GC invocations=50 (full 0):
 garbage-first heap   total 157696K, used 118025K [0x0000000080000000, 0x0000000100000000)
  region size 1024K, 1 young (1024K), 1 survivors (1024K)
 Metaspace       used 112262K, capacity 115338K, committed 115440K, reserved 1148928K
  class space    used 14242K, capacity 15398K, committed 15488K, reserved 1048576K
}
Event: 72.109 GC heap before
{Heap before GC invocations=50 (full 0):
 garbage-first heap   total 157696K, used 134409K [0x0000000080000000, 0x0000000100000000)
  region size 1024K, 17 young (17408K), 1 survivors (1024K)
 Metaspace       used 112272K, capacity 115338K, committed 115440K, reserved 1148928K
  class space    used 14242K, capacity 15398K, committed 15488K, reserved 1048576K
}
Event: 72.112 GC heap after
{Heap after GC invocations=51 (full 0):
 garbage-first heap   total 157696K, used 117751K [0x0000000080000000, 0x0000000100000000)
  region size 1024K, 1 young (1024K), 1 survivors (1024K)
 Metaspace       used 112272K, capacity 115338K, committed 115440K, reserved 1148928K
  class space    used 14242K, capacity 15398K, committed 15488K, reserved 1048576K
}
Event: 72.630 GC heap before
{Heap before GC invocations=52 (full 0):
 garbage-first heap   total 157696K, used 121847K [0x0000000080000000, 0x0000000100000000)
  region size 1024K, 6 young (6144K), 1 survivors (1024K)
 Metaspace       used 112289K, capacity 115344K, committed 115440K, reserved 1148928K
  class space    used 14244K, capacity 15400K, committed 15488K, reserved 1048576K
}
Event: 72.636 GC heap after
{Heap after GC invocations=53 (full 0):
 garbage-first heap   total 157696K, used 119804K [0x0000000080000000, 0x0000000100000000)
  region size 1024K, 3 young (3072K), 3 survivors (3072K)
 Metaspace       used 112289K, capacity 115344K, committed 115440K, reserved 1148928K
  class space    used 14244K, capacity 15400K, committed 15488K, reserved 1048576K
}

Deoptimization events (20 events):
Event: 72.616 Thread 0x000001e4bd5b1800 DEOPT PACKING pc=0x000001e4a6176b78 sp=0x0000009a875f6f10
Event: 72.616 Thread 0x000001e4bd5b1800 DEOPT UNPACKING pc=0x000001e4a39d76ce sp=0x0000009a875f6440 mode 0
Event: 72.624 Thread 0x000001e4bd5b1800 DEOPT PACKING pc=0x000001e4a6176b78 sp=0x0000009a875f6d60
Event: 72.624 Thread 0x000001e4bd5b1800 DEOPT UNPACKING pc=0x000001e4a39d76ce sp=0x0000009a875f6290 mode 0
Event: 72.625 Thread 0x000001e4bd5b1800 DEOPT PACKING pc=0x000001e4a6176b78 sp=0x0000009a875f6f10
Event: 72.625 Thread 0x000001e4bd5b1800 DEOPT UNPACKING pc=0x000001e4a39d76ce sp=0x0000009a875f6440 mode 0
Event: 72.625 Thread 0x000001e4bd5b1800 DEOPT PACKING pc=0x000001e4a6176b78 sp=0x0000009a875f6e30
Event: 72.625 Thread 0x000001e4bd5b1800 DEOPT UNPACKING pc=0x000001e4a39d76ce sp=0x0000009a875f6360 mode 0
Event: 72.629 Thread 0x000001e4bd5b1800 DEOPT PACKING pc=0x000001e4a6176b78 sp=0x0000009a875f6e30
Event: 72.629 Thread 0x000001e4bd5b1800 DEOPT UNPACKING pc=0x000001e4a39d76ce sp=0x0000009a875f6360 mode 0
Event: 72.646 Thread 0x000001e4bd5b1800 DEOPT PACKING pc=0x000001e4a6176b78 sp=0x0000009a875f6e30
Event: 72.646 Thread 0x000001e4bd5b1800 DEOPT UNPACKING pc=0x000001e4a39d76ce sp=0x0000009a875f6360 mode 0
Event: 72.650 Thread 0x000001e4bd5b1800 DEOPT PACKING pc=0x000001e4a6176b78 sp=0x0000009a875f6e30
Event: 72.650 Thread 0x000001e4bd5b1800 DEOPT UNPACKING pc=0x000001e4a39d76ce sp=0x0000009a875f6360 mode 0
Event: 72.651 Thread 0x000001e4bd5b1800 DEOPT PACKING pc=0x000001e4a6176b78 sp=0x0000009a875f6e30
Event: 72.651 Thread 0x000001e4bd5b1800 DEOPT UNPACKING pc=0x000001e4a39d76ce sp=0x0000009a875f6360 mode 0
Event: 72.652 Thread 0x000001e4bd5b1800 DEOPT PACKING pc=0x000001e4a6176b78 sp=0x0000009a875f6e30
Event: 72.652 Thread 0x000001e4bd5b1800 DEOPT UNPACKING pc=0x000001e4a39d76ce sp=0x0000009a875f6360 mode 0
Event: 72.653 Thread 0x000001e4bd5b1800 DEOPT PACKING pc=0x000001e4a6176b78 sp=0x0000009a875f6e30
Event: 72.655 Thread 0x000001e4bd5b1800 DEOPT UNPACKING pc=0x000001e4a39d76ce sp=0x0000009a875f6360 mode 0

Classes redefined (0 events):
No events

Internal exceptions (20 events):
Event: 70.124 Thread 0x000001e4bd5b1800 Implicit null exception at 0x000001e4abe34f75 to 0x000001e4abe351bc
Event: 70.423 Thread 0x000001e4bd5b1800 Exception <a 'java/lang/NoSuchMethodError'{0x00000000899761b8}: <clinit>> (0x00000000899761b8) thrown at [./src/hotspot/share/prims/jni.cpp, line 1362]
Event: 70.425 Thread 0x000001e4bd5b1800 Exception <a 'java/lang/NoSuchMethodError'{0x000000008998b428}: <clinit>> (0x000000008998b428) thrown at [./src/hotspot/share/prims/jni.cpp, line 1362]
Event: 70.439 Thread 0x000001e4bd5b1800 Exception <a 'java/lang/NoSuchMethodError'{0x0000000089817d40}: <clinit>> (0x0000000089817d40) thrown at [./src/hotspot/share/prims/jni.cpp, line 1362]
Event: 70.439 Thread 0x000001e4bd5b1800 Exception <a 'java/lang/NoSuchMethodError'{0x000000008981b100}: <clinit>> (0x000000008981b100) thrown at [./src/hotspot/share/prims/jni.cpp, line 1362]
Event: 70.439 Thread 0x000001e4bd5b1800 Exception <a 'java/lang/NoSuchMethodError'{0x00000000898202d8}: <clinit>> (0x00000000898202d8) thrown at [./src/hotspot/share/prims/jni.cpp, line 1362]
Event: 70.448 Thread 0x000001e4bd5b1800 Exception <a 'java/lang/NoSuchMethodError'{0x000000008982c270}: <clinit>> (0x000000008982c270) thrown at [./src/hotspot/share/prims/jni.cpp, line 1362]
Event: 70.482 Thread 0x000001e4bd5b1800 Exception <a 'java/lang/NoSuchMethodError'{0x0000000089894f88}: <clinit>> (0x0000000089894f88) thrown at [./src/hotspot/share/prims/jni.cpp, line 1362]
Event: 70.486 Thread 0x000001e4bd5b1800 Exception <a 'java/lang/NoSuchMethodError'{0x00000000898d7d60}: <clinit>> (0x00000000898d7d60) thrown at [./src/hotspot/share/prims/jni.cpp, line 1362]
Event: 70.486 Thread 0x000001e4bd5b1800 Exception <a 'java/lang/NoSuchMethodError'{0x00000000898db9c0}: <clinit>> (0x00000000898db9c0) thrown at [./src/hotspot/share/prims/jni.cpp, line 1362]
Event: 70.487 Thread 0x000001e4bd5b1800 Exception <a 'java/lang/NoSuchMethodError'{0x00000000898df0d0}: <clinit>> (0x00000000898df0d0) thrown at [./src/hotspot/share/prims/jni.cpp, line 1362]
Event: 70.490 Thread 0x000001e4bd5b1800 Exception <a 'java/lang/NoSuchMethodError'{0x00000000898fe5d0}: <clinit>> (0x00000000898fe5d0) thrown at [./src/hotspot/share/prims/jni.cpp, line 1362]
Event: 70.492 Thread 0x000001e4bd5b1800 Exception <a 'java/lang/NoSuchMethodError'{0x000000008971cdf0}: <clinit>> (0x000000008971cdf0) thrown at [./src/hotspot/share/prims/jni.cpp, line 1362]
Event: 70.494 Thread 0x000001e4bd5b1800 Exception <a 'java/lang/NoSuchMethodError'{0x0000000089737810}: <clinit>> (0x0000000089737810) thrown at [./src/hotspot/share/prims/jni.cpp, line 1362]
Event: 70.497 Thread 0x000001e4bd5b1800 Exception <a 'java/lang/NoSuchMethodError'{0x0000000089764378}: <clinit>> (0x0000000089764378) thrown at [./src/hotspot/share/prims/jni.cpp, line 1362]
Event: 70.500 Thread 0x000001e4bd5b1800 Exception <a 'java/lang/NoSuchMethodError'{0x0000000089793e60}: <clinit>> (0x0000000089793e60) thrown at [./src/hotspot/share/prims/jni.cpp, line 1362]
Event: 70.503 Thread 0x000001e4bd5b1800 Exception <a 'java/lang/NoSuchMethodError'{0x00000000897ad680}: <clinit>> (0x00000000897ad680) thrown at [./src/hotspot/share/prims/jni.cpp, line 1362]
Event: 70.699 Thread 0x000001e4bd5b1800 Implicit null exception at 0x000001e4abe34875 to 0x000001e4abe34abc
Event: 72.602 Thread 0x000001e4bd5b1800 Implicit null exception at 0x000001e4abe91faa to 0x000001e4abe962e0
Event: 72.602 Thread 0x000001e4bd5b1800 Implicit null exception at 0x000001e4abe91faa to 0x000001e4abe962e0

Events (20 events):
Event: 72.109 Executing VM operation: G1CollectForAllocation
Event: 72.112 Executing VM operation: G1CollectForAllocation done
Event: 72.409 Executing VM operation: CGC_Operation
Event: 72.426 Executing VM operation: CGC_Operation done
Event: 72.519 loading class com/android/ide/common/resources/SingleFileProcessor
Event: 72.519 loading class com/android/ide/common/resources/SingleFileProcessor done
Event: 72.519 loading class com/android/ide/common/resources/SingleFileProcessor
Event: 72.519 loading class com/android/ide/common/resources/SingleFileProcessor done
Event: 72.521 loading class com/android/ide/common/resources/ResourceMerger
Event: 72.521 loading class com/android/ide/common/resources/ResourceMerger done
Event: 72.522 loading class com/android/ide/common/resources/ResourceMerger
Event: 72.522 loading class com/android/ide/common/resources/ResourceMerger done
Event: 72.530 loading class com/android/ide/common/resources/DataSet$1
Event: 72.530 loading class com/android/ide/common/resources/DataSet$1 done
Event: 72.530 loading class com/android/ide/common/resources/FileStatus
Event: 72.530 loading class com/android/ide/common/resources/FileStatus done
Event: 72.591 Executing VM operation: CGC_Operation
Event: 72.592 Executing VM operation: CGC_Operation done
Event: 72.630 Executing VM operation: G1CollectForAllocation
Event: 72.636 Executing VM operation: G1CollectForAllocation done


Dynamic libraries:
0x00007ff66b110000 - 0x00007ff66b11a000 	C:\Program Files\Android\Android Studio\jre\bin\java.exe
0x00007ff957230000 - 0x00007ff957425000 	C:\WINDOWS\SYSTEM32\ntdll.dll
0x00007ff955670000 - 0x00007ff95572e000 	C:\WINDOWS\System32\KERNEL32.DLL
0x00007ff954cb0000 - 0x00007ff954f78000 	C:\WINDOWS\System32\KERNELBASE.dll
0x00007ff955170000 - 0x00007ff955270000 	C:\WINDOWS\System32\ucrtbase.dll
0x00007ff9330c0000 - 0x00007ff9330d9000 	C:\Program Files\Android\Android Studio\jre\bin\jli.dll
0x00007ff929ca0000 - 0x00007ff929cb7000 	C:\Program Files\Android\Android Studio\jre\bin\VCRUNTIME140.dll
0x00007ff955740000 - 0x00007ff9558e1000 	C:\WINDOWS\System32\USER32.dll
0x00007ff954ac0000 - 0x00007ff954ae2000 	C:\WINDOWS\System32\win32u.dll
0x00007ff940dd0000 - 0x00007ff94106a000 	C:\WINDOWS\WinSxS\amd64_microsoft.windows.common-controls_6595b64144ccf1df_6.0.19041.1110_none_60b5254171f9507e\COMCTL32.dll
0x00007ff955490000 - 0x00007ff9554bb000 	C:\WINDOWS\System32\GDI32.dll
0x00007ff955270000 - 0x00007ff95530e000 	C:\WINDOWS\System32\msvcrt.dll
0x00007ff954fb0000 - 0x00007ff9550bd000 	C:\WINDOWS\System32\gdi32full.dll
0x00007ff954990000 - 0x00007ff954a2d000 	C:\WINDOWS\System32\msvcp_win.dll
0x00007ff9567b0000 - 0x00007ff9567e0000 	C:\WINDOWS\System32\IMM32.DLL
0x00007ff91ce30000 - 0x00007ff91cecd000 	C:\Program Files\Android\Android Studio\jre\bin\msvcp140.dll
0x00007ff914d10000 - 0x00007ff9157df000 	C:\Program Files\Android\Android Studio\jre\bin\server\jvm.dll
0x00007ff955320000 - 0x00007ff9553cc000 	C:\WINDOWS\System32\ADVAPI32.dll
0x00007ff9559a0000 - 0x00007ff955a3b000 	C:\WINDOWS\System32\sechost.dll
0x00007ff955ec0000 - 0x00007ff955fea000 	C:\WINDOWS\System32\RPCRT4.dll
0x00007ff955ff0000 - 0x00007ff955ff8000 	C:\WINDOWS\System32\PSAPI.DLL
0x00007ff93d8b0000 - 0x00007ff93d8b9000 	C:\WINDOWS\SYSTEM32\WSOCK32.dll
0x00007ff940510000 - 0x00007ff940537000 	C:\WINDOWS\SYSTEM32\WINMM.dll
0x00007ff94a490000 - 0x00007ff94a49a000 	C:\WINDOWS\SYSTEM32\VERSION.dll
0x00007ff955e50000 - 0x00007ff955ebb000 	C:\WINDOWS\System32\WS2_32.dll
0x00007ff953210000 - 0x00007ff953222000 	C:\WINDOWS\SYSTEM32\kernel.appcore.dll
0x00007ff94e1d0000 - 0x00007ff94e1e1000 	C:\Program Files\Android\Android Studio\jre\bin\verify.dll
0x00007ff952e80000 - 0x00007ff953064000 	C:\WINDOWS\SYSTEM32\DBGHELP.DLL
0x00007ff945840000 - 0x00007ff94586c000 	C:\WINDOWS\SYSTEM32\dbgcore.DLL
0x00007ff954a30000 - 0x00007ff954ab2000 	C:\WINDOWS\System32\bcryptPrimitives.dll
0x00007ff941ac0000 - 0x00007ff941ae9000 	C:\Program Files\Android\Android Studio\jre\bin\java.dll
0x00007ff950230000 - 0x00007ff95023b000 	C:\Program Files\Android\Android Studio\jre\bin\jimage.dll
0x00007ff941aa0000 - 0x00007ff941ab8000 	C:\Program Files\Android\Android Studio\jre\bin\zip.dll
0x00007ff956060000 - 0x00007ff9567a4000 	C:\WINDOWS\System32\SHELL32.dll
0x00007ff9526e0000 - 0x00007ff952e74000 	C:\WINDOWS\SYSTEM32\windows.storage.dll
0x00007ff956c60000 - 0x00007ff956fb5000 	C:\WINDOWS\System32\combase.dll
0x00007ff954390000 - 0x00007ff9543be000 	C:\WINDOWS\SYSTEM32\Wldp.dll
0x00007ff955b70000 - 0x00007ff955c1d000 	C:\WINDOWS\System32\SHCORE.dll
0x00007ff956000000 - 0x00007ff956055000 	C:\WINDOWS\System32\shlwapi.dll
0x00007ff954880000 - 0x00007ff95489f000 	C:\WINDOWS\SYSTEM32\profapi.dll
0x00007ff941a80000 - 0x00007ff941a9a000 	C:\Program Files\Android\Android Studio\jre\bin\net.dll
0x00007ff942e60000 - 0x00007ff942f6c000 	C:\WINDOWS\SYSTEM32\WINHTTP.dll
0x00007ff9540f0000 - 0x00007ff95415a000 	C:\WINDOWS\system32\mswsock.dll
0x00007ff941a60000 - 0x00007ff941a74000 	C:\Program Files\Android\Android Studio\jre\bin\nio.dll
0x00007ff94de60000 - 0x00007ff94de87000 	C:\Users\Billy\.gradle\native\8bec1ad78214c89d9ad589b4d07fe93259594b29d510b10fafb7a158f7737e5d\windows-amd64\native-platform.dll
0x00007ff91d2f0000 - 0x00007ff91d42d000 	C:\Users\Billy\.gradle\native\53dbd7edfb1c66fb8903c78663c9afc45aea4f116125fa6feffd364cf09443e8\windows-amd64\native-platform-file-events.dll
0x00007ff9500c0000 - 0x00007ff9500ca000 	C:\Program Files\Android\Android Studio\jre\bin\management.dll
0x00007ff950040000 - 0x00007ff95004c000 	C:\Program Files\Android\Android Studio\jre\bin\management_ext.dll
0x00007ff9542f0000 - 0x00007ff954308000 	C:\WINDOWS\SYSTEM32\CRYPTSP.dll
0x00007ff953a00000 - 0x00007ff953a34000 	C:\WINDOWS\system32\rsaenh.dll
0x00007ff954f80000 - 0x00007ff954fa7000 	C:\WINDOWS\System32\bcrypt.dll
0x00007ff954800000 - 0x00007ff95482e000 	C:\WINDOWS\SYSTEM32\USERENV.dll
0x00007ff9542e0000 - 0x00007ff9542ec000 	C:\WINDOWS\SYSTEM32\CRYPTBASE.dll
0x00007ff953d90000 - 0x00007ff953dcb000 	C:\WINDOWS\SYSTEM32\IPHLPAPI.DLL
0x00007ff955310000 - 0x00007ff955318000 	C:\WINDOWS\System32\NSI.dll
0x00007ff945c40000 - 0x00007ff945c57000 	C:\WINDOWS\SYSTEM32\dhcpcsvc6.DLL
0x00007ff94a550000 - 0x00007ff94a56d000 	C:\WINDOWS\SYSTEM32\dhcpcsvc.DLL
0x00007ff953dd0000 - 0x00007ff953e9b000 	C:\WINDOWS\SYSTEM32\DNSAPI.dll
0x00007ff944530000 - 0x00007ff944557000 	C:\Program Files\Android\Android Studio\jre\bin\sunec.dll
0x0000000073800000 - 0x0000000073826000 	C:\Program Files\Bonjour\mdnsNSP.dll
0x00007ff94b750000 - 0x00007ff94b75a000 	C:\Windows\System32\rasadhlp.dll
0x00007ff93e8b0000 - 0x00007ff93e92f000 	C:\WINDOWS\System32\fwpuclnt.dll

dbghelp: loaded successfully - version: 4.0.5 - missing functions: none
symbol engine: initialized successfully - sym options: 0x614 - pdb path: .;C:\Program Files\Android\Android Studio\jre\bin;C:\WINDOWS\SYSTEM32;C:\WINDOWS\WinSxS\amd64_microsoft.windows.common-controls_6595b64144ccf1df_6.0.19041.1110_none_60b5254171f9507e;C:\Program Files\Android\Android Studio\jre\bin\server;C:\Users\Billy\.gradle\native\8bec1ad78214c89d9ad589b4d07fe93259594b29d510b10fafb7a158f7737e5d\windows-amd64;C:\Users\Billy\.gradle\native\53dbd7edfb1c66fb8903c78663c9afc45aea4f116125fa6feffd364cf09443e8\windows-amd64;C:\Program Files\Bonjour

VM Arguments:
jvm_args: --add-opens=java.base/java.util=ALL-UNNAMED --add-opens=java.base/java.lang=ALL-UNNAMED --add-opens=java.base/java.lang.invoke=ALL-UNNAMED --add-opens=java.base/java.util=ALL-UNNAMED --add-opens=java.prefs/java.util.prefs=ALL-UNNAMED --add-opens=java.prefs/java.util.prefs=ALL-UNNAMED --add-opens=java.base/java.nio.charset=ALL-UNNAMED --add-opens=java.base/java.net=ALL-UNNAMED --add-opens=java.base/java.util.concurrent.atomic=ALL-UNNAMED -Xmx2048m -Dfile.encoding=UTF-8 -Duser.country=TW -Duser.language=zh -Duser.variant 
java_command: org.gradle.launcher.daemon.bootstrap.GradleDaemon 7.0.2
java_class_path (initial): C:\Users\Billy\.gradle\wrapper\dists\gradle-7.0.2-bin\857tjihv64xamwrf0h14cai3r\gradle-7.0.2\lib\gradle-launcher-7.0.2.jar
Launcher Type: SUN_STANDARD

[Global flags]
     intx CICompilerCount                          = 3                                         {product} {ergonomic}
     uint ConcGCThreads                            = 1                                         {product} {ergonomic}
     uint G1ConcRefinementThreads                  = 4                                         {product} {ergonomic}
   size_t G1HeapRegionSize                         = 1048576                                   {product} {ergonomic}
    uintx GCDrainStackTargetSize                   = 64                                        {product} {ergonomic}
   size_t InitialHeapSize                          = 134217728                                 {product} {ergonomic}
   size_t MarkStackSize                            = 4194304                                   {product} {ergonomic}
   size_t MaxHeapSize                              = 2147483648                                {product} {command line}
   size_t MaxNewSize                               = 1287651328                                {product} {ergonomic}
   size_t MinHeapDeltaBytes                        = 1048576                                   {product} {ergonomic}
    uintx NonNMethodCodeHeapSize                   = 5830732                                {pd product} {ergonomic}
    uintx NonProfiledCodeHeapSize                  = 122913754                              {pd product} {ergonomic}
    uintx ProfiledCodeHeapSize                     = 122913754                              {pd product} {ergonomic}
    uintx ReservedCodeCacheSize                    = 251658240                              {pd product} {ergonomic}
     bool SegmentedCodeCache                       = true                                      {product} {ergonomic}
     bool UseCompressedClassPointers               = true                                 {lp64_product} {ergonomic}
     bool UseCompressedOops                        = true                                 {lp64_product} {ergonomic}
     bool UseG1GC                                  = true                                      {product} {ergonomic}
     bool UseLargePagesIndividualAllocation        = false                                  {pd product} {ergonomic}

Logging:
Log output configuration:
 #0: stdout all=warning uptime,level,tags
 #1: stderr all=off uptime,level,tags

Environment Variables:
PATH=C:\Program Files\Common Files\Oracle\Java\javapath;C:\WINDOWS\system32;C:\WINDOWS;C:\WINDOWS\System32\Wbem;C:\WINDOWS\System32\WindowsPowerShell\v1.0\;C:\WINDOWS\System32\OpenSSH\;C:\Program Files\Intel\WiFi\bin\;C:\Program Files\Common Files\Intel\WirelessCommon\;C:\Program Files\PuTTY\;C:\Program Files\Tesseract-OCR;c:\users\billy\appdata\local\programs\python\python39\lib\site-packages;C:\Users\Billy\AppData\Local\Programs\Python\Python39\Lib\site-packages\moviepy;C:\Program Files\ffmpeg-4.4-essentials_build\bin;C:\HashiCorp\Vagrant\bin;C:\Users\Billy\AppData\Local\Programs\Python\Python39\Scripts\;C:\Users\Billy\AppData\Local\Programs\Python\Python39\;C:\Users\Billy\AppData\Local\Microsoft\WindowsApps;C:\Users\Billy\AppData\Local\Programs\MiKTeX 2.9\miktex\bin\x64\;C:\AppServ\Apache24\bin;C:\AppServ\php7;C:\AppServ\MySQL\bin;C:\Users\Billy\AppData\Local\Programs\Microsoft VS Code\bin;C:\Program Files\Tesseract-OCR;c:\users\billy\appdata\local\programs\python\python39\lib\site-packages;C:\Users\Billy\AppData\Local\Programs\Python\Python39\Lib\site-packages\moviepy;C:\Program Files\ffmpeg-4.4-essentials_build\bin;
USERNAME=Billy
OS=Windows_NT
PROCESSOR_IDENTIFIER=Intel64 Family 6 Model 142 Stepping 9, GenuineIntel



---------------  S Y S T E M  ---------------

OS: Windows 10 , 64 bit Build 19041 (10.0.19041.1348)
OS uptime: 11 days 11:57 hours

CPU:total 4 (initial active 4) (2 cores per cpu, 2 threads per core) family 6 model 142 stepping 9 microcode 0xb4, cmov, cx8, fxsr, mmx, sse, sse2, sse3, ssse3, sse4.1, sse4.2, popcnt, avx, avx2, aes, clmul, erms, 3dnowpref, lzcnt, ht, tsc, tscinvbit, bmi1, bmi2, adx, fma

Memory: 4k page, system-wide physical 8073M (1245M free)
TotalPageFile size 8073M (AvailPageFile size 22M)
current process WorkingSet (physical memory assigned to process): 458M, peak: 462M
current process commit charge ("private bytes"): 485M, peak: 488M

vm_info: OpenJDK 64-Bit Server VM (11.0.10+0-b96-7249189) for windows-amd64 JRE (11.0.10+0-b96-7249189), built on Mar 31 2021 21:44:00 by "builder" with MS VC++ 14.0 (VS2015)

END.
