#
# There is insufficient memory for the Java Runtime Environment to continue.
# Native memory allocation (malloc) failed to allocate 1563056 bytes for Chunk::new
# Possible reasons:
#   The system is out of physical RAM or swap space
#   The process is running with CompressedOops enabled, and the Java Heap may be blocking the growth of the native heap
# Possible solutions:
#   Reduce memory load on the system
#   Increase physical memory or swap space
#   Check if swap backing store is full
#   Decrease Java heap size (-Xmx/-Xms)
#   Decrease number of Java threads
#   Decrease Java thread stack sizes (-Xss)
#   Set larger code cache with -XX:ReservedCodeCacheSize=
#   JVM is running with Unscaled Compressed Oops mode in which the Java heap is
#     placed in the first 4GB address space. The Java Heap base address is the
#     maximum limit for the native heap growth. Please use -XX:HeapBaseMinAddress
#     to set the Java Heap base and to place the Java Heap above 4GB virtual address.
# This output file may be truncated or incomplete.
#
#  Out of Memory Error (./src/hotspot/share/memory/arena.cpp:197), pid=16568, tid=10280
#
# JRE version: OpenJDK Runtime Environment (11.0.13) (build 11.0.13+0-b1751.21-8125866)
# Java VM: OpenJDK 64-Bit Server VM (11.0.13+0-b1751.21-8125866, mixed mode, tiered, compressed oops, g1 gc, windows-amd64)
# No core dump will be written. Minidumps are not enabled by default on client versions of Windows
#

---------------  S U M M A R Y ------------

Command Line: --add-opens=java.base/java.util=ALL-UNNAMED --add-opens=java.base/java.lang=ALL-UNNAMED --add-opens=java.base/java.lang.invoke=ALL-UNNAMED --add-opens=java.base/java.util=ALL-UNNAMED --add-opens=java.prefs/java.util.prefs=ALL-UNNAMED --add-opens=java.prefs/java.util.prefs=ALL-UNNAMED --add-opens=java.base/java.nio.charset=ALL-UNNAMED --add-opens=java.base/java.net=ALL-UNNAMED --add-opens=java.base/java.util.concurrent.atomic=ALL-UNNAMED -Xmx2048m -Dfile.encoding=UTF-8 -Duser.country=TW -Duser.language=zh -Duser.variant org.gradle.launcher.daemon.bootstrap.GradleDaemon 7.0.2

Host: Intel(R) Core(TM) i5-7200U CPU @ 2.50GHz, 4 cores, 7G,  Windows 10 , 64 bit Build 19041 (10.0.19041.1889)
Time: Sat Oct 22 20:45:04 2022 台北標準時間 elapsed time: 8915.956244 seconds (0d 2h 28m 35s)

---------------  T H R E A D  ---------------

Current thread (0x0000018a46f11000):  JavaThread "C2 CompilerThread0" daemon [_thread_in_native, id=10280, stack(0x0000007b0f100000,0x0000007b0f200000)]


Current CompileTask:
C2:8915956 25081   !   4       jdk.nio.zipfs.ZipFileSystem::buildNodeTree (285 bytes)

Stack: [0x0000007b0f100000,0x0000007b0f200000]
Native frames: (J=compiled Java code, j=interpreted, Vv=VM code, C=native code)
V  [jvm.dll+0x6100fa]
V  [jvm.dll+0x747090]
V  [jvm.dll+0x7486ad]
V  [jvm.dll+0x748d83]
V  [jvm.dll+0x24ab48]
V  [jvm.dll+0xc04dc]
V  [jvm.dll+0xc0a0c]
V  [jvm.dll+0x35eb9d]
V  [jvm.dll+0x19d9bc]
V  [jvm.dll+0x2033be]
V  [jvm.dll+0x202437]
V  [jvm.dll+0x188e01]
V  [jvm.dll+0x21106b]
V  [jvm.dll+0x20f8c1]
V  [jvm.dll+0x70de0f]
V  [jvm.dll+0x706a75]
V  [jvm.dll+0x60ed66]
C  [ucrtbase.dll+0x21bb2]
C  [KERNEL32.DLL+0x17034]
C  [ntdll.dll+0x526a1]


---------------  P R O C E S S  ---------------

Threads class SMR info:
_java_thread_list=0x0000018a533864b0, length=58, elements={
0x0000018a2d2d0800, 0x0000018a46ed5800, 0x0000018a46ed7000, 0x0000018a46f05000,
0x0000018a46f06000, 0x0000018a46f08000, 0x0000018a46f11000, 0x0000018a46f16800,
0x0000018a46f1a000, 0x0000018a478bf800, 0x0000018a49eb7800, 0x0000018a4914d800,
0x0000018a4ac50000, 0x0000018a4a2db800, 0x0000018a4a2df800, 0x0000018a4a2de800,
0x0000018a4a2e1000, 0x0000018a4a2de000, 0x0000018a49ebf000, 0x0000018a49ebf800,
0x0000018a49ebd800, 0x0000018a49ec0800, 0x0000018a49ec9800, 0x0000018a49eca800,
0x0000018a49ecb000, 0x0000018a51404000, 0x0000018a4acc7800, 0x0000018a49ebe000,
0x0000018a49ec5800, 0x0000018a49ec4800, 0x0000018a49ec7000, 0x0000018a49ec6800,
0x0000018a51406800, 0x0000018a5140a000, 0x0000018a51405000, 0x0000018a51407800,
0x0000018a51409000, 0x0000018a51408000, 0x0000018a5140a800, 0x0000018a5140b800,
0x0000018a51405800, 0x0000018a5140e000, 0x0000018a5140f800, 0x0000018a51410800,
0x0000018a51412000, 0x0000018a5140d000, 0x0000018a5140c000, 0x0000018a51411000,
0x0000018a5140e800, 0x0000018a4acc1000, 0x0000018a4acc5000, 0x0000018a4acc2000,
0x0000018a4acc3000, 0x0000018a4acc3800, 0x0000018a4acc6000, 0x0000018a4acc4800,
0x0000018a4a2e0000, 0x0000018a50b9e800
}

Java Threads: ( => current thread )
  0x0000018a2d2d0800 JavaThread "main" [_thread_blocked, id=8084, stack(0x0000007b0e500000,0x0000007b0e600000)]
  0x0000018a46ed5800 JavaThread "Reference Handler" daemon [_thread_blocked, id=4584, stack(0x0000007b0ec00000,0x0000007b0ed00000)]
  0x0000018a46ed7000 JavaThread "Finalizer" daemon [_thread_blocked, id=6608, stack(0x0000007b0ed00000,0x0000007b0ee00000)]
  0x0000018a46f05000 JavaThread "Signal Dispatcher" daemon [_thread_blocked, id=11568, stack(0x0000007b0ee00000,0x0000007b0ef00000)]
  0x0000018a46f06000 JavaThread "Attach Listener" daemon [_thread_blocked, id=10472, stack(0x0000007b0ef00000,0x0000007b0f000000)]
  0x0000018a46f08000 JavaThread "Service Thread" daemon [_thread_blocked, id=7248, stack(0x0000007b0f000000,0x0000007b0f100000)]
=>0x0000018a46f11000 JavaThread "C2 CompilerThread0" daemon [_thread_in_native, id=10280, stack(0x0000007b0f100000,0x0000007b0f200000)]
  0x0000018a46f16800 JavaThread "C1 CompilerThread0" daemon [_thread_blocked, id=7008, stack(0x0000007b0f200000,0x0000007b0f300000)]
  0x0000018a46f1a000 JavaThread "Sweeper thread" daemon [_thread_blocked, id=9032, stack(0x0000007b0f300000,0x0000007b0f400000)]
  0x0000018a478bf800 JavaThread "Common-Cleaner" daemon [_thread_blocked, id=10048, stack(0x0000007b0f400000,0x0000007b0f500000)]
  0x0000018a49eb7800 JavaThread "Daemon health stats" [_thread_blocked, id=108, stack(0x0000007b0f900000,0x0000007b0fa00000)]
  0x0000018a4914d800 JavaThread "Incoming local TCP Connector on port 55055" [_thread_in_native, id=17312, stack(0x0000007b0f800000,0x0000007b0f900000)]
  0x0000018a4ac50000 JavaThread "Daemon periodic checks" [_thread_blocked, id=7820, stack(0x0000007b0fa00000,0x0000007b0fb00000)]
  0x0000018a4a2db800 JavaThread "Cache worker for file hash cache (C:\Users\a0587\.gradle\caches\7.0.2\fileHashes)" [_thread_blocked, id=15792, stack(0x0000007b10300000,0x0000007b10400000)]
  0x0000018a4a2df800 JavaThread "File lock request listener" [_thread_in_native, id=1772, stack(0x0000007b10400000,0x0000007b10500000)]
  0x0000018a4a2de800 JavaThread "Cache worker for journal cache (C:\Users\a0587\.gradle\caches\journal-1)" [_thread_blocked, id=3996, stack(0x0000007b10500000,0x0000007b10600000)]
  0x0000018a4a2e1000 JavaThread "File watcher server" daemon [_thread_in_native, id=14916, stack(0x0000007b10800000,0x0000007b10900000)]
  0x0000018a4a2de000 JavaThread "File watcher consumer" daemon [_thread_blocked, id=2588, stack(0x0000007b10900000,0x0000007b10a00000)]
  0x0000018a49ebf000 JavaThread "Cache worker for execution history cache (C:\Users\a0587\.gradle\caches\7.0.2\executionHistory)" [_thread_blocked, id=10488, stack(0x0000007b10d00000,0x0000007b10e00000)]
  0x0000018a49ebf800 JavaThread "jar transforms" [_thread_blocked, id=15220, stack(0x0000007b10e00000,0x0000007b10f00000)]
  0x0000018a49ebd800 JavaThread "jar transforms Thread 2" [_thread_blocked, id=540, stack(0x0000007b10f00000,0x0000007b11000000)]
  0x0000018a49ec0800 JavaThread "Cache worker for file content cache (C:\Users\a0587\.gradle\caches\7.0.2\fileContent)" [_thread_blocked, id=6736, stack(0x0000007b11000000,0x0000007b11100000)]
  0x0000018a49ec9800 JavaThread "jar transforms Thread 3" [_thread_blocked, id=15812, stack(0x0000007b11200000,0x0000007b11300000)]
  0x0000018a49eca800 JavaThread "jar transforms Thread 4" [_thread_blocked, id=3076, stack(0x0000007b11800000,0x0000007b11900000)]
  0x0000018a49ecb000 JavaThread "Memory manager" [_thread_blocked, id=17272, stack(0x0000007b11900000,0x0000007b11a00000)]
  0x0000018a51404000 JavaThread "Cache worker for Java compile cache (C:\Users\a0587\.gradle\caches\7.0.2\javaCompile)" [_thread_blocked, id=13612, stack(0x0000007b0e300000,0x0000007b0e400000)]
  0x0000018a4acc7800 JavaThread "ForkJoinPool.commonPool-worker-3" daemon [_thread_blocked, id=10004, stack(0x0000007b12700000,0x0000007b12800000)]
  0x0000018a49ebe000 JavaThread "Daemon Thread 7" [_thread_blocked, id=5764, stack(0x0000007b0e200000,0x0000007b0e300000)]
  0x0000018a49ec5800 JavaThread "Handler for socket connection from /127.0.0.1:55055 to /127.0.0.1:54917" [_thread_in_native, id=15752, stack(0x0000007b0e400000,0x0000007b0e500000)]
  0x0000018a49ec4800 JavaThread "Cancel handler" [_thread_blocked, id=3600, stack(0x0000007b0fb00000,0x0000007b0fc00000)]
  0x0000018a49ec7000 JavaThread "Daemon worker Thread 7" [_thread_blocked, id=12812, stack(0x0000007b0fc00000,0x0000007b0fd00000)]
  0x0000018a49ec6800 JavaThread "Asynchronous log dispatcher for DefaultDaemonConnection: socket connection from /127.0.0.1:55055 to /127.0.0.1:54917" [_thread_blocked, id=17340, stack(0x0000007b0fd00000,0x0000007b0fe00000)]
  0x0000018a51406800 JavaThread "Stdin handler" [_thread_blocked, id=13056, stack(0x0000007b0fe00000,0x0000007b0ff00000)]
  0x0000018a5140a000 JavaThread "Daemon client event forwarder" [_thread_blocked, id=13000, stack(0x0000007b0ff00000,0x0000007b10000000)]
  0x0000018a51405000 JavaThread "Cache worker for file hash cache (E:\Programs\Test\.gradle\7.0.2\fileHashes)" [_thread_blocked, id=11492, stack(0x0000007b10000000,0x0000007b10100000)]
  0x0000018a51407800 JavaThread "Cache worker for checksums cache (E:\Programs\Test\.gradle\checksums)" [_thread_blocked, id=5908, stack(0x0000007b10100000,0x0000007b10200000)]
  0x0000018a51409000 JavaThread "Cache worker for cache directory md-supplier (C:\Users\a0587\.gradle\caches\7.0.2\md-supplier)" [_thread_blocked, id=17372, stack(0x0000007b10600000,0x0000007b10700000)]
  0x0000018a51408000 JavaThread "Cache worker for cache directory md-rule (C:\Users\a0587\.gradle\caches\7.0.2\md-rule)" [_thread_blocked, id=1924, stack(0x0000007b10700000,0x0000007b10800000)]
  0x0000018a5140a800 JavaThread "Cache worker for dependencies-accessors (E:\Programs\Test\.gradle\7.0.2\dependencies-accessors)" [_thread_blocked, id=7372, stack(0x0000007b10a00000,0x0000007b10b00000)]
  0x0000018a5140b800 JavaThread "Cache worker for Build Output Cleanup Cache (E:\Programs\Test\.gradle\buildOutputCleanup)" [_thread_blocked, id=3748, stack(0x0000007b10c00000,0x0000007b10d00000)]
  0x0000018a51405800 JavaThread "Build operations" [_thread_blocked, id=11588, stack(0x0000007b11100000,0x0000007b11200000)]
  0x0000018a5140e000 JavaThread "Build operations Thread 2" [_thread_blocked, id=8300, stack(0x0000007b11300000,0x0000007b11400000)]
  0x0000018a5140f800 JavaThread "Build operations Thread 3" [_thread_blocked, id=2620, stack(0x0000007b11400000,0x0000007b11500000)]
  0x0000018a51410800 JavaThread "Build operations Thread 4" [_thread_blocked, id=16204, stack(0x0000007b11500000,0x0000007b11600000)]
  0x0000018a51412000 JavaThread "build event listener" [_thread_blocked, id=13944, stack(0x0000007b11600000,0x0000007b11700000)]
  0x0000018a5140d000 JavaThread "Execution worker for ':'" [_thread_blocked, id=6424, stack(0x0000007b11700000,0x0000007b11800000)]
  0x0000018a5140c000 JavaThread "Execution worker for ':' Thread 2" [_thread_blocked, id=6068, stack(0x0000007b11a00000,0x0000007b11b00000)]
  0x0000018a51411000 JavaThread "Execution worker for ':' Thread 3" [_thread_blocked, id=13308, stack(0x0000007b11b00000,0x0000007b11c00000)]
  0x0000018a5140e800 JavaThread "Cache worker for execution history cache (E:\Programs\Test\.gradle\7.0.2\executionHistory)" [_thread_blocked, id=4420, stack(0x0000007b11c00000,0x0000007b11d00000)]
  0x0000018a4acc1000 JavaThread "WorkerExecutor Queue" [_thread_blocked, id=5516, stack(0x0000007b11d00000,0x0000007b11e00000)]
  0x0000018a4acc5000 JavaThread "pool-25-thread-1" [_thread_blocked, id=5444, stack(0x0000007b11e00000,0x0000007b11f00000)]
  0x0000018a4acc2000 JavaThread "stderr" [_thread_in_native, id=13532, stack(0x0000007b11f00000,0x0000007b12000000)]
  0x0000018a4acc3000 JavaThread "stdout" [_thread_in_native, id=12664, stack(0x0000007b12000000,0x0000007b12100000)]
  0x0000018a4acc3800 JavaThread "WorkerExecutor Queue Thread 2" [_thread_blocked, id=14768, stack(0x0000007b12100000,0x0000007b12200000)]
  0x0000018a4acc6000 JavaThread "WorkerExecutor Queue Thread 3" [_thread_blocked, id=4544, stack(0x0000007b12200000,0x0000007b12300000)]
  0x0000018a4acc4800 JavaThread "WorkerExecutor Queue Thread 4" [_thread_blocked, id=12052, stack(0x0000007b12300000,0x0000007b12400000)]
  0x0000018a4a2e0000 JavaThread "Cache worker for Java compile cache (E:\Programs\Test\.gradle\7.0.2\javaCompile)" [_thread_blocked, id=6356, stack(0x0000007b12400000,0x0000007b12500000)]
  0x0000018a50b9e800 JavaThread "C2 CompilerThread1" daemon [_thread_in_native, id=17392, stack(0x0000007b10b00000,0x0000007b10c00000)]

Other Threads:
  0x0000018a46ed2800 VMThread "VM Thread" [stack: 0x0000007b0eb00000,0x0000007b0ec00000] [id=11036]
  0x0000018a478d7800 WatcherThread [stack: 0x0000007b0f500000,0x0000007b0f600000] [id=13264]
  0x0000018a2d2ea000 GCTaskThread "GC Thread#0" [stack: 0x0000007b0e600000,0x0000007b0e700000] [id=16412]
  0x0000018a48316800 GCTaskThread "GC Thread#1" [stack: 0x0000007b0f600000,0x0000007b0f700000] [id=8868]
  0x0000018a47b15800 GCTaskThread "GC Thread#2" [stack: 0x0000007b0f700000,0x0000007b0f800000] [id=10928]
  0x0000018a4803b000 GCTaskThread "GC Thread#3" [stack: 0x0000007b10200000,0x0000007b10300000] [id=14576]
  0x0000018a2d31b800 ConcurrentGCThread "G1 Main Marker" [stack: 0x0000007b0e700000,0x0000007b0e800000] [id=16896]
  0x0000018a2d31d800 ConcurrentGCThread "G1 Conc#0" [stack: 0x0000007b0e800000,0x0000007b0e900000] [id=15832]
  0x0000018a2d3ac000 ConcurrentGCThread "G1 Refine#0" [stack: 0x0000007b0e900000,0x0000007b0ea00000] [id=5320]
  0x0000018a2d3ad000 ConcurrentGCThread "G1 Young RemSet Sampling" [stack: 0x0000007b0ea00000,0x0000007b0eb00000] [id=14216]

Threads with active compile tasks:
C2 CompilerThread08916051 25081   !   4       jdk.nio.zipfs.ZipFileSystem::buildNodeTree (285 bytes)
C1 CompilerThread08916051 25269       2       com.sun.tools.javac.comp.Resolve$9::doLookup (29 bytes)
C2 CompilerThread18916051 25159       4       com.sun.tools.javac.comp.TransTypes::addBridgeIfNeeded (251 bytes)

VM state:at safepoint (normal execution)

VM Mutex/Monitor currently owned by a thread:  ([mutex/lock_event])
[0x0000018a2d2ccfc0] Threads_lock - owner thread: 0x0000018a46ed2800
[0x0000018a2d2cca20] Heap_lock - owner thread: 0x0000018a46f16800
[0x0000018a2d2ccd80] MethodData_lock - owner thread: 0x0000018a46f16800

Heap address: 0x0000000080000000, size: 2048 MB, Compressed Oops mode: 32-bit
Narrow klass base: 0x0000000000000000, Narrow klass shift: 3
Compressed class space size: 1073741824 Address: 0x0000000100000000

Heap:
 garbage-first heap   total 231424K, used 119047K [0x0000000080000000, 0x0000000100000000)
  region size 1024K, 3 young (3072K), 1 survivors (1024K)
 Metaspace       used 121450K, capacity 125124K, committed 125520K, reserved 1165312K
  class space    used 14868K, capacity 16191K, committed 16544K, reserved 1048576K
Heap Regions: E=young(eden), S=young(survivor), O=old, HS=humongous(starts), HC=humongous(continues), CS=collection set, F=free, A=archive, TAMS=top-at-mark-start (previous, next)
|   0|0x0000000080000000, 0x0000000080100000, 0x0000000080100000|100%| O|  |TAMS 0x0000000080100000, 0x0000000080100000| Untracked 
|   1|0x0000000080100000, 0x0000000080200000, 0x0000000080200000|100%| O|  |TAMS 0x0000000080200000, 0x0000000080200000| Untracked 
|   2|0x0000000080200000, 0x0000000080300000, 0x0000000080300000|100%| O|  |TAMS 0x0000000080300000, 0x0000000080300000| Untracked 
|   3|0x0000000080300000, 0x0000000080400000, 0x0000000080400000|100%|HS|  |TAMS 0x0000000080400000, 0x0000000080400000| Complete 
|   4|0x0000000080400000, 0x0000000080500000, 0x0000000080500000|100%|HC|  |TAMS 0x0000000080500000, 0x0000000080500000| Complete 
|   5|0x0000000080500000, 0x0000000080600000, 0x0000000080600000|100%|HC|  |TAMS 0x0000000080600000, 0x0000000080600000| Complete 
|   6|0x0000000080600000, 0x0000000080700000, 0x0000000080700000|100%| O|  |TAMS 0x0000000080700000, 0x0000000080700000| Untracked 
|   7|0x0000000080700000, 0x0000000080800000, 0x0000000080800000|100%| O|  |TAMS 0x0000000080800000, 0x0000000080800000| Untracked 
|   8|0x0000000080800000, 0x0000000080900000, 0x0000000080900000|100%| O|  |TAMS 0x0000000080900000, 0x0000000080900000| Untracked 
|   9|0x0000000080900000, 0x0000000080a00000, 0x0000000080a00000|100%| O|  |TAMS 0x0000000080a00000, 0x0000000080a00000| Untracked 
|  10|0x0000000080a00000, 0x0000000080b00000, 0x0000000080b00000|100%| O|  |TAMS 0x0000000080b00000, 0x0000000080b00000| Untracked 
|  11|0x0000000080b00000, 0x0000000080c00000, 0x0000000080c00000|100%| O|  |TAMS 0x0000000080c00000, 0x0000000080c00000| Untracked 
|  12|0x0000000080c00000, 0x0000000080d00000, 0x0000000080d00000|100%| O|  |TAMS 0x0000000080d00000, 0x0000000080d00000| Untracked 
|  13|0x0000000080d00000, 0x0000000080e00000, 0x0000000080e00000|100%| O|  |TAMS 0x0000000080e00000, 0x0000000080e00000| Untracked 
|  14|0x0000000080e00000, 0x0000000080f00000, 0x0000000080f00000|100%| O|  |TAMS 0x0000000080f00000, 0x0000000080f00000| Untracked 
|  15|0x0000000080f00000, 0x0000000081000000, 0x0000000081000000|100%| O|  |TAMS 0x0000000081000000, 0x0000000081000000| Untracked 
|  16|0x0000000081000000, 0x0000000081100000, 0x0000000081100000|100%| O|  |TAMS 0x0000000081100000, 0x0000000081100000| Untracked 
|  17|0x0000000081100000, 0x0000000081200000, 0x0000000081200000|100%| O|  |TAMS 0x0000000081200000, 0x0000000081200000| Untracked 
|  18|0x0000000081200000, 0x0000000081300000, 0x0000000081300000|100%| O|  |TAMS 0x0000000081200000, 0x0000000081300000| Untracked 
|  19|0x0000000081300000, 0x0000000081400000, 0x0000000081400000|100%|HS|  |TAMS 0x0000000081400000, 0x0000000081400000| Complete 
|  20|0x0000000081400000, 0x0000000081500000, 0x0000000081500000|100%| O|  |TAMS 0x0000000081500000, 0x0000000081500000| Untracked 
|  21|0x0000000081500000, 0x0000000081600000, 0x0000000081600000|100%| O|  |TAMS 0x0000000081600000, 0x0000000081600000| Untracked 
|  22|0x0000000081600000, 0x0000000081700000, 0x0000000081700000|100%| O|  |TAMS 0x0000000081700000, 0x0000000081700000| Untracked 
|  23|0x0000000081700000, 0x0000000081800000, 0x0000000081800000|100%|HS|  |TAMS 0x0000000081800000, 0x0000000081800000| Complete 
|  24|0x0000000081800000, 0x0000000081900000, 0x0000000081900000|100%|HS|  |TAMS 0x0000000081900000, 0x0000000081900000| Complete 
|  25|0x0000000081900000, 0x0000000081a00000, 0x0000000081a00000|100%|HC|  |TAMS 0x0000000081a00000, 0x0000000081a00000| Complete 
|  26|0x0000000081a00000, 0x0000000081b00000, 0x0000000081b00000|100%| O|  |TAMS 0x0000000081b00000, 0x0000000081b00000| Untracked 
|  27|0x0000000081b00000, 0x0000000081c00000, 0x0000000081c00000|100%| O|  |TAMS 0x0000000081b00000, 0x0000000081c00000| Untracked 
|  28|0x0000000081c00000, 0x0000000081d00000, 0x0000000081d00000|100%| O|  |TAMS 0x0000000081d00000, 0x0000000081d00000| Untracked 
|  29|0x0000000081d00000, 0x0000000081e00000, 0x0000000081e00000|100%| O|  |TAMS 0x0000000081e00000, 0x0000000081e00000| Untracked 
|  30|0x0000000081e00000, 0x0000000081f00000, 0x0000000081f00000|100%| O|  |TAMS 0x0000000081f00000, 0x0000000081f00000| Untracked 
|  31|0x0000000081f00000, 0x0000000082000000, 0x0000000082000000|100%| O|  |TAMS 0x0000000082000000, 0x0000000082000000| Untracked 
|  32|0x0000000082000000, 0x0000000082100000, 0x0000000082100000|100%| O|  |TAMS 0x0000000082100000, 0x0000000082100000| Untracked 
|  33|0x0000000082100000, 0x0000000082200000, 0x0000000082200000|100%| O|  |TAMS 0x0000000082200000, 0x0000000082200000| Untracked 
|  34|0x0000000082200000, 0x0000000082300000, 0x0000000082300000|100%| O|  |TAMS 0x0000000082300000, 0x0000000082300000| Untracked 
|  35|0x0000000082300000, 0x0000000082400000, 0x0000000082400000|100%| O|  |TAMS 0x0000000082400000, 0x0000000082400000| Untracked 
|  36|0x0000000082400000, 0x0000000082500000, 0x0000000082500000|100%| O|  |TAMS 0x0000000082500000, 0x0000000082500000| Untracked 
|  37|0x0000000082500000, 0x0000000082600000, 0x0000000082600000|100%| O|  |TAMS 0x0000000082500000, 0x0000000082600000| Untracked 
|  38|0x0000000082600000, 0x0000000082700000, 0x0000000082700000|100%| O|  |TAMS 0x0000000082700000, 0x0000000082700000| Untracked 
|  39|0x0000000082700000, 0x0000000082800000, 0x0000000082800000|100%| O|  |TAMS 0x0000000082700000, 0x0000000082800000| Untracked 
|  40|0x0000000082800000, 0x0000000082800000, 0x0000000082900000|  0%| F|  |TAMS 0x0000000082800000, 0x0000000082800000| Untracked 
|  41|0x0000000082900000, 0x0000000082900000, 0x0000000082a00000|  0%| F|  |TAMS 0x0000000082900000, 0x0000000082900000| Untracked 
|  42|0x0000000082a00000, 0x0000000082b00000, 0x0000000082b00000|100%| O|  |TAMS 0x0000000082b00000, 0x0000000082b00000| Untracked 
|  43|0x0000000082b00000, 0x0000000082c00000, 0x0000000082c00000|100%| O|  |TAMS 0x0000000082c00000, 0x0000000082c00000| Untracked 
|  44|0x0000000082c00000, 0x0000000082d00000, 0x0000000082d00000|100%|HS|  |TAMS 0x0000000082c00000, 0x0000000082d00000| Complete 
|  45|0x0000000082d00000, 0x0000000082e00000, 0x0000000082e00000|100%|HC|  |TAMS 0x0000000082d00000, 0x0000000082e00000| Complete 
|  46|0x0000000082e00000, 0x0000000082f00000, 0x0000000082f00000|100%| O|  |TAMS 0x0000000082f00000, 0x0000000082f00000| Untracked 
|  47|0x0000000082f00000, 0x0000000083000000, 0x0000000083000000|100%| O|  |TAMS 0x0000000082f00000, 0x0000000083000000| Untracked 
|  48|0x0000000083000000, 0x0000000083100000, 0x0000000083100000|100%| O|  |TAMS 0x0000000083100000, 0x0000000083100000| Untracked 
|  49|0x0000000083100000, 0x0000000083200000, 0x0000000083200000|100%| O|  |TAMS 0x0000000083200000, 0x0000000083200000| Untracked 
|  50|0x0000000083200000, 0x0000000083300000, 0x0000000083300000|100%| O|  |TAMS 0x0000000083200000, 0x0000000083300000| Untracked 
|  51|0x0000000083300000, 0x0000000083400000, 0x0000000083400000|100%| O|  |TAMS 0x0000000083400000, 0x0000000083400000| Untracked 
|  52|0x0000000083400000, 0x0000000083500000, 0x0000000083500000|100%| O|  |TAMS 0x0000000083500000, 0x0000000083500000| Untracked 
|  53|0x0000000083500000, 0x0000000083600000, 0x0000000083600000|100%| O|  |TAMS 0x0000000083600000, 0x0000000083600000| Untracked 
|  54|0x0000000083600000, 0x0000000083700000, 0x0000000083700000|100%| O|  |TAMS 0x0000000083700000, 0x0000000083700000| Untracked 
|  55|0x0000000083700000, 0x0000000083800000, 0x0000000083800000|100%| O|  |TAMS 0x0000000083800000, 0x0000000083800000| Untracked 
|  56|0x0000000083800000, 0x0000000083900000, 0x0000000083900000|100%| O|  |TAMS 0x0000000083900000, 0x0000000083900000| Untracked 
|  57|0x0000000083900000, 0x0000000083a00000, 0x0000000083a00000|100%| O|  |TAMS 0x0000000083a00000, 0x0000000083a00000| Untracked 
|  58|0x0000000083a00000, 0x0000000083b00000, 0x0000000083b00000|100%| O|  |TAMS 0x0000000083b00000, 0x0000000083b00000| Untracked 
|  59|0x0000000083b00000, 0x0000000083c00000, 0x0000000083c00000|100%| O|  |TAMS 0x0000000083c00000, 0x0000000083c00000| Untracked 
|  60|0x0000000083c00000, 0x0000000083d00000, 0x0000000083d00000|100%| O|  |TAMS 0x0000000083d00000, 0x0000000083d00000| Untracked 
|  61|0x0000000083d00000, 0x0000000083e00000, 0x0000000083e00000|100%| O|  |TAMS 0x0000000083e00000, 0x0000000083e00000| Untracked 
|  62|0x0000000083e00000, 0x0000000083e00000, 0x0000000083f00000|  0%| F|  |TAMS 0x0000000083e00000, 0x0000000083e00000| Untracked 
|  63|0x0000000083f00000, 0x0000000084000000, 0x0000000084000000|100%| O|  |TAMS 0x0000000084000000, 0x0000000084000000| Untracked 
|  64|0x0000000084000000, 0x0000000084100000, 0x0000000084100000|100%| O|  |TAMS 0x0000000084100000, 0x0000000084100000| Untracked 
|  65|0x0000000084100000, 0x0000000084200000, 0x0000000084200000|100%| O|  |TAMS 0x0000000084200000, 0x0000000084200000| Untracked 
|  66|0x0000000084200000, 0x0000000084300000, 0x0000000084300000|100%| O|  |TAMS 0x0000000084300000, 0x0000000084300000| Untracked 
|  67|0x0000000084300000, 0x0000000084400000, 0x0000000084400000|100%| O|  |TAMS 0x0000000084400000, 0x0000000084400000| Untracked 
|  68|0x0000000084400000, 0x0000000084500000, 0x0000000084500000|100%| O|  |TAMS 0x0000000084500000, 0x0000000084500000| Untracked 
|  69|0x0000000084500000, 0x0000000084600000, 0x0000000084600000|100%| O|  |TAMS 0x0000000084600000, 0x0000000084600000| Untracked 
|  70|0x0000000084600000, 0x0000000084700000, 0x0000000084700000|100%| O|  |TAMS 0x0000000084700000, 0x0000000084700000| Untracked 
|  71|0x0000000084700000, 0x0000000084800000, 0x0000000084800000|100%| O|  |TAMS 0x0000000084800000, 0x0000000084800000| Untracked 
|  72|0x0000000084800000, 0x0000000084900000, 0x0000000084900000|100%| O|  |TAMS 0x0000000084900000, 0x0000000084900000| Untracked 
|  73|0x0000000084900000, 0x0000000084a00000, 0x0000000084a00000|100%| O|  |TAMS 0x0000000084a00000, 0x0000000084a00000| Untracked 
|  74|0x0000000084a00000, 0x0000000084b00000, 0x0000000084b00000|100%| O|  |TAMS 0x0000000084b00000, 0x0000000084b00000| Untracked 
|  75|0x0000000084b00000, 0x0000000084b00000, 0x0000000084c00000|  0%| F|  |TAMS 0x0000000084b00000, 0x0000000084b00000| Untracked 
|  76|0x0000000084c00000, 0x0000000084d00000, 0x0000000084d00000|100%| O|  |TAMS 0x0000000084d00000, 0x0000000084d00000| Untracked 
|  77|0x0000000084d00000, 0x0000000084e00000, 0x0000000084e00000|100%| O|  |TAMS 0x0000000084e00000, 0x0000000084e00000| Untracked 
|  78|0x0000000084e00000, 0x0000000084f00000, 0x0000000084f00000|100%| O|  |TAMS 0x0000000084f00000, 0x0000000084f00000| Untracked 
|  79|0x0000000084f00000, 0x0000000084f00000, 0x0000000085000000|  0%| F|  |TAMS 0x0000000084f00000, 0x0000000084f00000| Untracked 
|  80|0x0000000085000000, 0x0000000085100000, 0x0000000085100000|100%| O|  |TAMS 0x0000000085100000, 0x0000000085100000| Untracked 
|  81|0x0000000085100000, 0x0000000085200000, 0x0000000085200000|100%| O|  |TAMS 0x0000000085200000, 0x0000000085200000| Untracked 
|  82|0x0000000085200000, 0x0000000085300000, 0x0000000085300000|100%| O|  |TAMS 0x0000000085300000, 0x0000000085300000| Untracked 
|  83|0x0000000085300000, 0x0000000085400000, 0x0000000085400000|100%| O|  |TAMS 0x0000000085400000, 0x0000000085400000| Untracked 
|  84|0x0000000085400000, 0x0000000085400000, 0x0000000085500000|  0%| F|  |TAMS 0x0000000085400000, 0x0000000085400000| Untracked 
|  85|0x0000000085500000, 0x0000000085600000, 0x0000000085600000|100%| O|  |TAMS 0x0000000085600000, 0x0000000085600000| Untracked 
|  86|0x0000000085600000, 0x0000000085700000, 0x0000000085700000|100%| O|  |TAMS 0x0000000085700000, 0x0000000085700000| Untracked 
|  87|0x0000000085700000, 0x0000000085800000, 0x0000000085800000|100%| O|  |TAMS 0x0000000085800000, 0x0000000085800000| Untracked 
|  88|0x0000000085800000, 0x0000000085900000, 0x0000000085900000|100%| O|  |TAMS 0x0000000085900000, 0x0000000085900000| Untracked 
|  89|0x0000000085900000, 0x0000000085a00000, 0x0000000085a00000|100%| O|  |TAMS 0x0000000085a00000, 0x0000000085a00000| Untracked 
|  90|0x0000000085a00000, 0x0000000085b00000, 0x0000000085b00000|100%| O|  |TAMS 0x0000000085b00000, 0x0000000085b00000| Untracked 
|  91|0x0000000085b00000, 0x0000000085c00000, 0x0000000085c00000|100%| O|  |TAMS 0x0000000085c00000, 0x0000000085c00000| Untracked 
|  92|0x0000000085c00000, 0x0000000085d00000, 0x0000000085d00000|100%| O|  |TAMS 0x0000000085d00000, 0x0000000085d00000| Untracked 
|  93|0x0000000085d00000, 0x0000000085e00000, 0x0000000085e00000|100%| O|  |TAMS 0x0000000085e00000, 0x0000000085e00000| Untracked 
|  94|0x0000000085e00000, 0x0000000085f00000, 0x0000000085f00000|100%| O|  |TAMS 0x0000000085f00000, 0x0000000085f00000| Untracked 
|  95|0x0000000085f00000, 0x0000000085f00000, 0x0000000086000000|  0%| F|  |TAMS 0x0000000085f00000, 0x0000000085f00000| Untracked 
|  96|0x0000000086000000, 0x0000000086000000, 0x0000000086100000|  0%| F|  |TAMS 0x0000000086000000, 0x0000000086000000| Untracked 
|  97|0x0000000086100000, 0x0000000086100000, 0x0000000086200000|  0%| F|  |TAMS 0x0000000086100000, 0x0000000086100000| Untracked 
|  98|0x0000000086200000, 0x0000000086300000, 0x0000000086300000|100%| O|  |TAMS 0x0000000086300000, 0x0000000086300000| Untracked 
|  99|0x0000000086300000, 0x0000000086400000, 0x0000000086400000|100%| O|  |TAMS 0x0000000086400000, 0x0000000086400000| Untracked 
| 100|0x0000000086400000, 0x0000000086400000, 0x0000000086500000|  0%| F|  |TAMS 0x0000000086400000, 0x0000000086400000| Untracked 
| 101|0x0000000086500000, 0x0000000086600000, 0x0000000086600000|100%| O|  |TAMS 0x0000000086600000, 0x0000000086600000| Untracked 
| 102|0x0000000086600000, 0x0000000086700000, 0x0000000086700000|100%| O|  |TAMS 0x0000000086700000, 0x0000000086700000| Untracked 
| 103|0x0000000086700000, 0x0000000086800000, 0x0000000086800000|100%| O|  |TAMS 0x0000000086800000, 0x0000000086800000| Untracked 
| 104|0x0000000086800000, 0x0000000086800000, 0x0000000086900000|  0%| F|  |TAMS 0x0000000086800000, 0x0000000086800000| Untracked 
| 105|0x0000000086900000, 0x0000000086a00000, 0x0000000086a00000|100%| O|  |TAMS 0x0000000086900000, 0x0000000086a00000| Untracked 
| 106|0x0000000086a00000, 0x0000000086b00000, 0x0000000086b00000|100%| O|  |TAMS 0x0000000086b00000, 0x0000000086b00000| Untracked 
| 107|0x0000000086b00000, 0x0000000086c00000, 0x0000000086c00000|100%| O|  |TAMS 0x0000000086c00000, 0x0000000086c00000| Untracked 
| 108|0x0000000086c00000, 0x0000000086c00000, 0x0000000086d00000|  0%| F|  |TAMS 0x0000000086c00000, 0x0000000086c00000| Untracked 
| 109|0x0000000086d00000, 0x0000000086d00000, 0x0000000086e00000|  0%| F|  |TAMS 0x0000000086d00000, 0x0000000086d00000| Untracked 
| 110|0x0000000086e00000, 0x0000000086f00000, 0x0000000086f00000|100%| O|  |TAMS 0x0000000086f00000, 0x0000000086f00000| Untracked 
| 111|0x0000000086f00000, 0x0000000087000000, 0x0000000087000000|100%| O|  |TAMS 0x0000000086f29200, 0x0000000087000000| Untracked 
| 112|0x0000000087000000, 0x0000000087100000, 0x0000000087100000|100%| O|  |TAMS 0x0000000087100000, 0x0000000087100000| Untracked 
| 113|0x0000000087100000, 0x0000000087200000, 0x0000000087200000|100%| O|  |TAMS 0x0000000087100000, 0x0000000087200000| Untracked 
| 114|0x0000000087200000, 0x0000000087300000, 0x0000000087300000|100%| O|  |TAMS 0x0000000087300000, 0x0000000087300000| Untracked 
| 115|0x0000000087300000, 0x0000000087400000, 0x0000000087400000|100%| O|  |TAMS 0x0000000087400000, 0x0000000087400000| Untracked 
| 116|0x0000000087400000, 0x0000000087500000, 0x0000000087500000|100%| O|  |TAMS 0x0000000087500000, 0x0000000087500000| Untracked 
| 117|0x0000000087500000, 0x0000000087600000, 0x0000000087600000|100%| O|  |TAMS 0x0000000087600000, 0x0000000087600000| Untracked 
| 118|0x0000000087600000, 0x0000000087700000, 0x0000000087700000|100%| O|  |TAMS 0x0000000087700000, 0x0000000087700000| Untracked 
| 119|0x0000000087700000, 0x0000000087800000, 0x0000000087800000|100%| O|  |TAMS 0x0000000087700000, 0x0000000087800000| Untracked 
| 120|0x0000000087800000, 0x0000000087900000, 0x0000000087900000|100%| O|  |TAMS 0x0000000087800000, 0x0000000087900000| Untracked 
| 121|0x0000000087900000, 0x0000000087a00000, 0x0000000087a00000|100%| O|  |TAMS 0x0000000087a00000, 0x0000000087a00000| Untracked 
| 122|0x0000000087a00000, 0x0000000087b00000, 0x0000000087b00000|100%| O|  |TAMS 0x0000000087b00000, 0x0000000087b00000| Untracked 
| 123|0x0000000087b00000, 0x0000000087c00000, 0x0000000087c00000|100%| O|  |TAMS 0x0000000087c00000, 0x0000000087c00000| Untracked 
| 124|0x0000000087c00000, 0x0000000087d00000, 0x0000000087d00000|100%| O|  |TAMS 0x0000000087c00000, 0x0000000087d00000| Untracked 
| 125|0x0000000087d00000, 0x0000000087d00000, 0x0000000087e00000|  0%| F|  |TAMS 0x0000000087d00000, 0x0000000087d00000| Untracked 
| 126|0x0000000087e00000, 0x0000000087f00000, 0x0000000087f00000|100%| O|  |TAMS 0x0000000087e00000, 0x0000000087f00000| Untracked 
| 127|0x0000000087f00000, 0x0000000087fd4e00, 0x0000000088000000| 83%| O|  |TAMS 0x0000000087f00000, 0x0000000087fd4e00| Untracked 
| 128|0x0000000088000000, 0x0000000088000000, 0x0000000088100000|  0%| F|  |TAMS 0x0000000088000000, 0x0000000088000000| Untracked 
| 129|0x0000000088100000, 0x0000000088100000, 0x0000000088200000|  0%| F|  |TAMS 0x0000000088100000, 0x0000000088100000| Untracked 
| 130|0x0000000088200000, 0x0000000088200000, 0x0000000088300000|  0%| F|  |TAMS 0x0000000088200000, 0x0000000088200000| Untracked 
| 131|0x0000000088300000, 0x0000000088300000, 0x0000000088400000|  0%| F|  |TAMS 0x0000000088300000, 0x0000000088300000| Untracked 
| 132|0x0000000088400000, 0x0000000088400000, 0x0000000088500000|  0%| F|  |TAMS 0x0000000088400000, 0x0000000088400000| Untracked 
| 133|0x0000000088500000, 0x0000000088500000, 0x0000000088600000|  0%| F|  |TAMS 0x0000000088500000, 0x0000000088500000| Untracked 
| 134|0x0000000088600000, 0x0000000088600000, 0x0000000088700000|  0%| F|  |TAMS 0x0000000088600000, 0x0000000088600000| Untracked 
| 135|0x0000000088700000, 0x0000000088700000, 0x0000000088800000|  0%| F|  |TAMS 0x0000000088700000, 0x0000000088700000| Untracked 
| 136|0x0000000088800000, 0x0000000088800000, 0x0000000088900000|  0%| F|  |TAMS 0x0000000088800000, 0x0000000088800000| Untracked 
| 137|0x0000000088900000, 0x0000000088900000, 0x0000000088a00000|  0%| F|  |TAMS 0x0000000088900000, 0x0000000088900000| Untracked 
| 138|0x0000000088a00000, 0x0000000088a00000, 0x0000000088b00000|  0%| F|  |TAMS 0x0000000088a00000, 0x0000000088a00000| Untracked 
| 139|0x0000000088b00000, 0x0000000088b00000, 0x0000000088c00000|  0%| F|  |TAMS 0x0000000088b00000, 0x0000000088b00000| Untracked 
| 140|0x0000000088c00000, 0x0000000088c00000, 0x0000000088d00000|  0%| F|  |TAMS 0x0000000088c00000, 0x0000000088c00000| Untracked 
| 141|0x0000000088d00000, 0x0000000088d00000, 0x0000000088e00000|  0%| F|  |TAMS 0x0000000088d00000, 0x0000000088d00000| Untracked 
| 142|0x0000000088e00000, 0x0000000088e00000, 0x0000000088f00000|  0%| F|  |TAMS 0x0000000088e00000, 0x0000000088e00000| Untracked 
| 143|0x0000000088f00000, 0x0000000088f00000, 0x0000000089000000|  0%| F|  |TAMS 0x0000000088f00000, 0x0000000088f00000| Untracked 
| 144|0x0000000089000000, 0x0000000089000000, 0x0000000089100000|  0%| F|  |TAMS 0x0000000089000000, 0x0000000089000000| Untracked 
| 145|0x0000000089100000, 0x0000000089100000, 0x0000000089200000|  0%| F|  |TAMS 0x0000000089100000, 0x0000000089100000| Untracked 
| 146|0x0000000089200000, 0x0000000089200000, 0x0000000089300000|  0%| F|  |TAMS 0x0000000089200000, 0x0000000089200000| Untracked 
| 147|0x0000000089300000, 0x0000000089300000, 0x0000000089400000|  0%| F|  |TAMS 0x0000000089300000, 0x0000000089300000| Untracked 
| 148|0x0000000089400000, 0x0000000089400000, 0x0000000089500000|  0%| F|  |TAMS 0x0000000089400000, 0x0000000089400000| Untracked 
| 149|0x0000000089500000, 0x0000000089500000, 0x0000000089600000|  0%| F|  |TAMS 0x0000000089500000, 0x0000000089500000| Untracked 
| 150|0x0000000089600000, 0x0000000089600000, 0x0000000089700000|  0%| F|  |TAMS 0x0000000089600000, 0x0000000089600000| Untracked 
| 151|0x0000000089700000, 0x0000000089700000, 0x0000000089800000|  0%| F|  |TAMS 0x0000000089700000, 0x0000000089700000| Untracked 
| 152|0x0000000089800000, 0x0000000089800000, 0x0000000089900000|  0%| F|  |TAMS 0x0000000089800000, 0x0000000089800000| Untracked 
| 153|0x0000000089900000, 0x0000000089900000, 0x0000000089a00000|  0%| F|  |TAMS 0x0000000089900000, 0x0000000089900000| Untracked 
| 154|0x0000000089a00000, 0x0000000089a00000, 0x0000000089b00000|  0%| F|  |TAMS 0x0000000089a00000, 0x0000000089a00000| Untracked 
| 155|0x0000000089b00000, 0x0000000089b00000, 0x0000000089c00000|  0%| F|  |TAMS 0x0000000089b00000, 0x0000000089b00000| Untracked 
| 156|0x0000000089c00000, 0x0000000089c00000, 0x0000000089d00000|  0%| F|  |TAMS 0x0000000089c00000, 0x0000000089c00000| Untracked 
| 157|0x0000000089d00000, 0x0000000089d00000, 0x0000000089e00000|  0%| F|  |TAMS 0x0000000089d00000, 0x0000000089d00000| Untracked 
| 158|0x0000000089e00000, 0x0000000089e00000, 0x0000000089f00000|  0%| F|  |TAMS 0x0000000089e00000, 0x0000000089e00000| Untracked 
| 159|0x0000000089f00000, 0x0000000089f00000, 0x000000008a000000|  0%| F|  |TAMS 0x0000000089f00000, 0x0000000089f00000| Untracked 
| 160|0x000000008a000000, 0x000000008a000000, 0x000000008a100000|  0%| F|  |TAMS 0x000000008a000000, 0x000000008a000000| Untracked 
| 161|0x000000008a100000, 0x000000008a100000, 0x000000008a200000|  0%| F|  |TAMS 0x000000008a100000, 0x000000008a100000| Untracked 
| 162|0x000000008a200000, 0x000000008a200000, 0x000000008a300000|  0%| F|  |TAMS 0x000000008a200000, 0x000000008a200000| Untracked 
| 163|0x000000008a300000, 0x000000008a300000, 0x000000008a400000|  0%| F|  |TAMS 0x000000008a300000, 0x000000008a300000| Untracked 
| 164|0x000000008a400000, 0x000000008a400000, 0x000000008a500000|  0%| F|  |TAMS 0x000000008a400000, 0x000000008a400000| Untracked 
| 165|0x000000008a500000, 0x000000008a500000, 0x000000008a600000|  0%| F|  |TAMS 0x000000008a500000, 0x000000008a500000| Untracked 
| 166|0x000000008a600000, 0x000000008a600000, 0x000000008a700000|  0%| F|  |TAMS 0x000000008a600000, 0x000000008a600000| Untracked 
| 167|0x000000008a700000, 0x000000008a700000, 0x000000008a800000|  0%| F|  |TAMS 0x000000008a700000, 0x000000008a700000| Untracked 
| 168|0x000000008a800000, 0x000000008a800000, 0x000000008a900000|  0%| F|  |TAMS 0x000000008a800000, 0x000000008a800000| Untracked 
| 169|0x000000008a900000, 0x000000008a900000, 0x000000008aa00000|  0%| F|  |TAMS 0x000000008a900000, 0x000000008a900000| Untracked 
| 170|0x000000008aa00000, 0x000000008aa00000, 0x000000008ab00000|  0%| F|  |TAMS 0x000000008aa00000, 0x000000008aa00000| Untracked 
| 171|0x000000008ab00000, 0x000000008ab00000, 0x000000008ac00000|  0%| F|  |TAMS 0x000000008ab00000, 0x000000008ab00000| Untracked 
| 172|0x000000008ac00000, 0x000000008ac00000, 0x000000008ad00000|  0%| F|  |TAMS 0x000000008ac00000, 0x000000008ac00000| Untracked 
| 173|0x000000008ad00000, 0x000000008ad00000, 0x000000008ae00000|  0%| F|  |TAMS 0x000000008ad00000, 0x000000008ad00000| Untracked 
| 174|0x000000008ae00000, 0x000000008ae00000, 0x000000008af00000|  0%| F|  |TAMS 0x000000008ae00000, 0x000000008ae00000| Untracked 
| 175|0x000000008af00000, 0x000000008af00000, 0x000000008b000000|  0%| F|  |TAMS 0x000000008af00000, 0x000000008af00000| Untracked 
| 176|0x000000008b000000, 0x000000008b000000, 0x000000008b100000|  0%| F|  |TAMS 0x000000008b000000, 0x000000008b000000| Untracked 
| 177|0x000000008b100000, 0x000000008b100000, 0x000000008b200000|  0%| F|  |TAMS 0x000000008b100000, 0x000000008b100000| Untracked 
| 178|0x000000008b200000, 0x000000008b200000, 0x000000008b300000|  0%| F|  |TAMS 0x000000008b200000, 0x000000008b200000| Untracked 
| 179|0x000000008b300000, 0x000000008b300000, 0x000000008b400000|  0%| F|  |TAMS 0x000000008b300000, 0x000000008b300000| Untracked 
| 180|0x000000008b400000, 0x000000008b400000, 0x000000008b500000|  0%| F|  |TAMS 0x000000008b400000, 0x000000008b400000| Untracked 
| 181|0x000000008b500000, 0x000000008b500000, 0x000000008b600000|  0%| F|  |TAMS 0x000000008b500000, 0x000000008b500000| Untracked 
| 182|0x000000008b600000, 0x000000008b600000, 0x000000008b700000|  0%| F|  |TAMS 0x000000008b600000, 0x000000008b600000| Untracked 
| 183|0x000000008b700000, 0x000000008b700000, 0x000000008b800000|  0%| F|  |TAMS 0x000000008b700000, 0x000000008b700000| Untracked 
| 184|0x000000008b800000, 0x000000008b800000, 0x000000008b900000|  0%| F|  |TAMS 0x000000008b800000, 0x000000008b800000| Untracked 
| 185|0x000000008b900000, 0x000000008b900000, 0x000000008ba00000|  0%| F|  |TAMS 0x000000008b900000, 0x000000008b900000| Untracked 
| 186|0x000000008ba00000, 0x000000008ba00000, 0x000000008bb00000|  0%| F|  |TAMS 0x000000008ba00000, 0x000000008ba00000| Untracked 
| 187|0x000000008bb00000, 0x000000008bb00000, 0x000000008bc00000|  0%| F|  |TAMS 0x000000008bb00000, 0x000000008bb00000| Untracked 
| 188|0x000000008bc00000, 0x000000008bc00000, 0x000000008bd00000|  0%| F|  |TAMS 0x000000008bc00000, 0x000000008bc00000| Untracked 
| 189|0x000000008bd00000, 0x000000008bd00000, 0x000000008be00000|  0%| F|  |TAMS 0x000000008bd00000, 0x000000008bd00000| Untracked 
| 190|0x000000008be00000, 0x000000008be00000, 0x000000008bf00000|  0%| F|  |TAMS 0x000000008be00000, 0x000000008be00000| Untracked 
| 191|0x000000008bf00000, 0x000000008bf00000, 0x000000008c000000|  0%| F|  |TAMS 0x000000008bf00000, 0x000000008bf00000| Untracked 
| 192|0x000000008c000000, 0x000000008c000000, 0x000000008c100000|  0%| F|  |TAMS 0x000000008c000000, 0x000000008c000000| Untracked 
| 193|0x000000008c100000, 0x000000008c100000, 0x000000008c200000|  0%| F|  |TAMS 0x000000008c100000, 0x000000008c100000| Untracked 
| 194|0x000000008c200000, 0x000000008c200000, 0x000000008c300000|  0%| F|  |TAMS 0x000000008c200000, 0x000000008c200000| Untracked 
| 195|0x000000008c300000, 0x000000008c300000, 0x000000008c400000|  0%| F|  |TAMS 0x000000008c300000, 0x000000008c300000| Untracked 
| 196|0x000000008c400000, 0x000000008c400000, 0x000000008c500000|  0%| F|  |TAMS 0x000000008c400000, 0x000000008c400000| Untracked 
| 197|0x000000008c500000, 0x000000008c500000, 0x000000008c600000|  0%| F|  |TAMS 0x000000008c500000, 0x000000008c500000| Untracked 
| 198|0x000000008c600000, 0x000000008c600000, 0x000000008c700000|  0%| F|  |TAMS 0x000000008c600000, 0x000000008c600000| Untracked 
| 199|0x000000008c700000, 0x000000008c700000, 0x000000008c800000|  0%| F|  |TAMS 0x000000008c700000, 0x000000008c700000| Untracked 
| 200|0x000000008c800000, 0x000000008c800000, 0x000000008c900000|  0%| F|  |TAMS 0x000000008c800000, 0x000000008c800000| Untracked 
| 201|0x000000008c900000, 0x000000008c900000, 0x000000008ca00000|  0%| F|  |TAMS 0x000000008c900000, 0x000000008c900000| Untracked 
| 202|0x000000008ca00000, 0x000000008ca00000, 0x000000008cb00000|  0%| F|  |TAMS 0x000000008ca00000, 0x000000008ca00000| Untracked 
| 203|0x000000008cb00000, 0x000000008cb00000, 0x000000008cc00000|  0%| F|  |TAMS 0x000000008cb00000, 0x000000008cb00000| Untracked 
| 204|0x000000008cc00000, 0x000000008cc00000, 0x000000008cd00000|  0%| F|  |TAMS 0x000000008cc00000, 0x000000008cc00000| Untracked 
| 205|0x000000008cd00000, 0x000000008cd00000, 0x000000008ce00000|  0%| F|  |TAMS 0x000000008cd00000, 0x000000008cd00000| Untracked 
| 206|0x000000008ce00000, 0x000000008ce00000, 0x000000008cf00000|  0%| F|  |TAMS 0x000000008ce00000, 0x000000008ce00000| Untracked 
| 207|0x000000008cf00000, 0x000000008cf00000, 0x000000008d000000|  0%| F|  |TAMS 0x000000008cf00000, 0x000000008cf00000| Untracked 
| 208|0x000000008d000000, 0x000000008d000000, 0x000000008d100000|  0%| F|  |TAMS 0x000000008d000000, 0x000000008d000000| Untracked 
| 209|0x000000008d100000, 0x000000008d100000, 0x000000008d200000|  0%| F|  |TAMS 0x000000008d100000, 0x000000008d100000| Untracked 
| 210|0x000000008d200000, 0x000000008d200000, 0x000000008d300000|  0%| F|  |TAMS 0x000000008d200000, 0x000000008d200000| Untracked 
| 211|0x000000008d300000, 0x000000008d300000, 0x000000008d400000|  0%| F|  |TAMS 0x000000008d300000, 0x000000008d300000| Untracked 
| 212|0x000000008d400000, 0x000000008d400000, 0x000000008d500000|  0%| F|  |TAMS 0x000000008d400000, 0x000000008d400000| Untracked 
| 213|0x000000008d500000, 0x000000008d500000, 0x000000008d600000|  0%| F|  |TAMS 0x000000008d500000, 0x000000008d500000| Untracked 
| 214|0x000000008d600000, 0x000000008d600000, 0x000000008d700000|  0%| F|  |TAMS 0x000000008d600000, 0x000000008d600000| Untracked 
| 215|0x000000008d700000, 0x000000008d700000, 0x000000008d800000|  0%| F|  |TAMS 0x000000008d700000, 0x000000008d700000| Untracked 
| 216|0x000000008d800000, 0x000000008d800000, 0x000000008d900000|  0%| F|  |TAMS 0x000000008d800000, 0x000000008d800000| Untracked 
| 217|0x000000008d900000, 0x000000008d900000, 0x000000008da00000|  0%| F|  |TAMS 0x000000008d900000, 0x000000008d900000| Untracked 
| 218|0x000000008da00000, 0x000000008da00000, 0x000000008db00000|  0%| F|  |TAMS 0x000000008da00000, 0x000000008da00000| Untracked 
| 219|0x000000008db00000, 0x000000008db00000, 0x000000008dc00000|  0%| F|  |TAMS 0x000000008db00000, 0x000000008db00000| Untracked 
| 220|0x000000008dc00000, 0x000000008dc00000, 0x000000008dd00000|  0%| F|  |TAMS 0x000000008dc00000, 0x000000008dc00000| Untracked 
| 221|0x000000008dd00000, 0x000000008dd00000, 0x000000008de00000|  0%| F|  |TAMS 0x000000008dd00000, 0x000000008dd00000| Untracked 
| 222|0x000000008de00000, 0x000000008de00000, 0x000000008df00000|  0%| F|  |TAMS 0x000000008de00000, 0x000000008de00000| Untracked 
| 223|0x000000008df00000, 0x000000008df52c10, 0x000000008e000000| 32%| S|CS|TAMS 0x000000008df00000, 0x000000008df00000| Complete 
| 224|0x000000008e000000, 0x000000008e000000, 0x000000008e100000|  0%| F|  |TAMS 0x000000008e000000, 0x000000008e000000| Untracked 
| 225|0x000000008e100000, 0x000000008e100000, 0x000000008e200000|  0%| F|  |TAMS 0x000000008e100000, 0x000000008e100000| Untracked 

Card table byte_map: [0x0000018a401f0000,0x0000018a405f0000] _byte_map_base: 0x0000018a3fdf0000

Marking Bits (Prev, Next): (CMBitMap*) 0x0000018a2d3129f8, (CMBitMap*) 0x0000018a2d312a30
 Prev Bits: [0x0000018a409f0000, 0x0000018a429f0000)
 Next Bits: [0x0000018a429f0000, 0x0000018a449f0000)

Polling page: 0x0000018a2b2c0000

Metaspace:

Usage:
  Non-class:    106.38 MB capacity,   104.08 MB ( 98%) used,     1.85 MB (  2%) free+waste,   453.00 KB ( <1%) overhead. 
      Class:     15.81 MB capacity,    14.52 MB ( 92%) used,     1.10 MB (  7%) free+waste,   194.44 KB (  1%) overhead. 
       Both:    122.19 MB capacity,   118.60 MB ( 97%) used,     2.96 MB (  2%) free+waste,   647.44 KB ( <1%) overhead. 

Virtual space:
  Non-class space:      116.00 MB reserved,     106.42 MB ( 92%) committed 
      Class space:        1.00 GB reserved,      16.16 MB (  2%) committed 
             Both:        1.11 GB reserved,     122.58 MB ( 11%) committed 

Chunk freelists:
   Non-Class:  43.00 KB
       Class:  353.00 KB
        Both:  396.00 KB

MaxMetaspaceSize: 17179869184.00 GB
CompressedClassSpaceSize: 1.00 GB
Initial GC threshold: 20.80 MB
Current GC threshold: 204.62 MB
CDS: off

CodeHeap 'non-profiled nmethods': size=120064Kb used=15652Kb max_used=15652Kb free=104411Kb
 bounds [0x0000018a388b0000, 0x0000018a39800000, 0x0000018a3fdf0000]
CodeHeap 'profiled nmethods': size=120000Kb used=51718Kb max_used=51718Kb free=68281Kb
 bounds [0x0000018a31380000, 0x0000018a34610000, 0x0000018a388b0000]
CodeHeap 'non-nmethods': size=5696Kb used=2445Kb max_used=2517Kb free=3250Kb
 bounds [0x0000018a30df0000, 0x0000018a31080000, 0x0000018a31380000]
 total_blobs=23818 nmethods=22846 adapters=881
 compilation: enabled
              stopped_count=0, restarted_count=0
 full_count=0

Compilation events (20 events):
Event: 8915.944 Thread 0x0000018a46f16800 nmethod 25237 0x0000018a397f8d10 code [0x0000018a397f8ec0, 0x0000018a397f8f78]
Event: 8915.944 Thread 0x0000018a46f16800 25238       2       com.sun.tools.javac.tree.JCTree$JCStatement::setType (8 bytes)
Event: 8915.944 Thread 0x0000018a46f16800 nmethod 25238 0x0000018a345f1d10 code [0x0000018a345f1ec0, 0x0000018a345f2018]
Event: 8915.947 Thread 0x0000018a46f16800 25239       2       com.sun.tools.javac.code.Types::hasSameBounds (102 bytes)
Event: 8915.948 Thread 0x0000018a46f16800 nmethod 25239 0x0000018a345f2090 code [0x0000018a345f22c0, 0x0000018a345f27c8]
Event: 8915.948 Thread 0x0000018a46f16800 25240       2       com.sun.tools.javac.jvm.Pool$Variable::equals (73 bytes)
Event: 8915.949 Thread 0x0000018a46f16800 nmethod 25240 0x0000018a345f2b90 code [0x0000018a345f2d80, 0x0000018a345f3108]
Event: 8915.949 Thread 0x0000018a46f16800 25241       2       com.sun.tools.javac.code.Types$HashCodeVisitor::visitArrayType (10 bytes)
Event: 8915.949 Thread 0x0000018a46f16800 nmethod 25241 0x0000018a345f3390 code [0x0000018a345f3560, 0x0000018a345f3718]
Event: 8915.949 Thread 0x0000018a46f16800 25242       2       com.sun.tools.javac.jvm.Items$MemberItem::load (40 bytes)
Event: 8915.949 Thread 0x0000018a46f16800 nmethod 25242 0x0000018a345f3890 code [0x0000018a345f3a60, 0x0000018a345f3c18]
Event: 8915.949 Thread 0x0000018a46f16800 25243       2       com.sun.tools.javac.jvm.Code::put2 (18 bytes)
Event: 8915.950 Thread 0x0000018a46f16800 nmethod 25243 0x0000018a345f3d90 code [0x0000018a345f3f40, 0x0000018a345f4098]
Event: 8915.950 Thread 0x0000018a46f16800 25244       2       com.sun.tools.javac.code.Types$HashCodeVisitor::visitTypeVar (10 bytes)
Event: 8915.950 Thread 0x0000018a46f16800 nmethod 25244 0x0000018a345f4190 code [0x0000018a345f4340, 0x0000018a345f4488]
Event: 8915.950 Thread 0x0000018a46f16800 25245       2       com.sun.tools.javac.code.Types$HashCodeVisitor::visitTypeVar (8 bytes)
Event: 8915.950 Thread 0x0000018a46f16800 nmethod 25245 0x0000018a345f4590 code [0x0000018a345f4760, 0x0000018a345f4928]
Event: 8915.951 Thread 0x0000018a46f16800 25246       1       com.sun.tools.javac.jvm.Gen::getCode (5 bytes)
Event: 8915.951 Thread 0x0000018a46f16800 nmethod 25246 0x0000018a397f9010 code [0x0000018a397f91c0, 0x0000018a397f9278]
Event: 8915.953 Thread 0x0000018a46f16800 25247       2       com.sun.tools.javac.jvm.ClassWriter::writeStackMapType (500 bytes)

GC Heap History (20 events):
Event: 8910.670 GC heap before
{Heap before GC invocations=97 (full 0):
 garbage-first heap   total 189440K, used 125622K [0x0000000080000000, 0x0000000100000000)
  region size 1024K, 9 young (9216K), 4 survivors (4096K)
 Metaspace       used 121010K, capacity 124633K, committed 125264K, reserved 1159168K
  class space    used 14856K, capacity 16173K, committed 16544K, reserved 1048576K
}
Event: 8910.703 GC heap after
{Heap after GC invocations=98 (full 0):
 garbage-first heap   total 189440K, used 114702K [0x0000000080000000, 0x0000000100000000)
  region size 1024K, 1 young (1024K), 1 survivors (1024K)
 Metaspace       used 121010K, capacity 124633K, committed 125264K, reserved 1159168K
  class space    used 14856K, capacity 16173K, committed 16544K, reserved 1048576K
}
Event: 8910.714 GC heap before
{Heap before GC invocations=98 (full 0):
 garbage-first heap   total 189440K, used 114702K [0x0000000080000000, 0x0000000100000000)
  region size 1024K, 2 young (2048K), 1 survivors (1024K)
 Metaspace       used 121010K, capacity 124633K, committed 125264K, reserved 1159168K
  class space    used 14856K, capacity 16173K, committed 16544K, reserved 1048576K
}
Event: 8910.728 GC heap after
{Heap after GC invocations=99 (full 0):
 garbage-first heap   total 189440K, used 114517K [0x0000000080000000, 0x0000000100000000)
  region size 1024K, 1 young (1024K), 1 survivors (1024K)
 Metaspace       used 121010K, capacity 124633K, committed 125264K, reserved 1159168K
  class space    used 14856K, capacity 16173K, committed 16544K, reserved 1048576K
}
Event: 8911.298 GC heap before
{Heap before GC invocations=100 (full 0):
 garbage-first heap   total 189440K, used 144213K [0x0000000080000000, 0x0000000100000000)
  region size 1024K, 27 young (27648K), 1 survivors (1024K)
 Metaspace       used 121018K, capacity 124629K, committed 125264K, reserved 1159168K
  class space    used 14854K, capacity 16169K, committed 16544K, reserved 1048576K
}
Event: 8911.311 GC heap after
{Heap after GC invocations=101 (full 0):
 garbage-first heap   total 189440K, used 122209K [0x0000000080000000, 0x0000000100000000)
  region size 1024K, 4 young (4096K), 4 survivors (4096K)
 Metaspace       used 121018K, capacity 124629K, committed 125264K, reserved 1159168K
  class space    used 14854K, capacity 16169K, committed 16544K, reserved 1048576K
}
Event: 8911.375 GC heap before
{Heap before GC invocations=101 (full 0):
 garbage-first heap   total 189440K, used 126305K [0x0000000080000000, 0x0000000100000000)
  region size 1024K, 9 young (9216K), 4 survivors (4096K)
 Metaspace       used 121018K, capacity 124629K, committed 125264K, reserved 1159168K
  class space    used 14854K, capacity 16169K, committed 16544K, reserved 1048576K
}
Event: 8911.400 GC heap after
{Heap after GC invocations=102 (full 0):
 garbage-first heap   total 189440K, used 119424K [0x0000000080000000, 0x0000000100000000)
  region size 1024K, 2 young (2048K), 2 survivors (2048K)
 Metaspace       used 121018K, capacity 124629K, committed 125264K, reserved 1159168K
  class space    used 14854K, capacity 16169K, committed 16544K, reserved 1048576K
}
Event: 8911.509 GC heap before
{Heap before GC invocations=102 (full 0):
 garbage-first heap   total 189440K, used 121472K [0x0000000080000000, 0x0000000100000000)
  region size 1024K, 6 young (6144K), 2 survivors (2048K)
 Metaspace       used 121019K, capacity 124629K, committed 125264K, reserved 1159168K
  class space    used 14854K, capacity 16169K, committed 16544K, reserved 1048576K
}
Event: 8911.517 GC heap after
{Heap after GC invocations=103 (full 0):
 garbage-first heap   total 189440K, used 120787K [0x0000000080000000, 0x0000000100000000)
  region size 1024K, 3 young (3072K), 3 survivors (3072K)
 Metaspace       used 121019K, capacity 124629K, committed 125264K, reserved 1159168K
  class space    used 14854K, capacity 16169K, committed 16544K, reserved 1048576K
}
Event: 8911.986 GC heap before
{Heap before GC invocations=103 (full 0):
 garbage-first heap   total 189440K, used 147411K [0x0000000080000000, 0x0000000100000000)
  region size 1024K, 28 young (28672K), 3 survivors (3072K)
 Metaspace       used 121024K, capacity 124629K, committed 125264K, reserved 1159168K
  class space    used 14854K, capacity 16169K, committed 16544K, reserved 1048576K
}
Event: 8911.994 GC heap after
{Heap after GC invocations=104 (full 0):
 garbage-first heap   total 189440K, used 126364K [0x0000000080000000, 0x0000000100000000)
  region size 1024K, 4 young (4096K), 4 survivors (4096K)
 Metaspace       used 121024K, capacity 124629K, committed 125264K, reserved 1159168K
  class space    used 14854K, capacity 16169K, committed 16544K, reserved 1048576K
}
Event: 8912.399 GC heap before
{Heap before GC invocations=105 (full 0):
 garbage-first heap   total 189440K, used 155036K [0x0000000080000000, 0x0000000100000000)
  region size 1024K, 27 young (27648K), 4 survivors (4096K)
 Metaspace       used 121125K, capacity 124719K, committed 125264K, reserved 1159168K
  class space    used 14854K, capacity 16169K, committed 16544K, reserved 1048576K
}
Event: 8912.403 GC heap after
{Heap after GC invocations=106 (full 0):
 garbage-first heap   total 189440K, used 130655K [0x0000000080000000, 0x0000000100000000)
  region size 1024K, 1 young (1024K), 1 survivors (1024K)
 Metaspace       used 121125K, capacity 124719K, committed 125264K, reserved 1159168K
  class space    used 14854K, capacity 16169K, committed 16544K, reserved 1048576K
}
Event: 8912.910 GC heap before
{Heap before GC invocations=106 (full 0):
 garbage-first heap   total 189440K, used 137823K [0x0000000080000000, 0x0000000100000000)
  region size 1024K, 9 young (9216K), 1 survivors (1024K)
 Metaspace       used 121140K, capacity 124725K, committed 125264K, reserved 1159168K
  class space    used 14854K, capacity 16169K, committed 16544K, reserved 1048576K
}
Event: 8912.919 GC heap after
{Heap after GC invocations=107 (full 0):
 garbage-first heap   total 231424K, used 124573K [0x0000000080000000, 0x0000000100000000)
  region size 1024K, 1 young (1024K), 1 survivors (1024K)
 Metaspace       used 121140K, capacity 124725K, committed 125264K, reserved 1159168K
  class space    used 14854K, capacity 16169K, committed 16544K, reserved 1048576K
}
Event: 8914.005 GC heap before
{Heap before GC invocations=107 (full 0):
 garbage-first heap   total 231424K, used 167581K [0x0000000080000000, 0x0000000100000000)
  region size 1024K, 44 young (45056K), 1 survivors (1024K)
 Metaspace       used 121249K, capacity 124969K, committed 125520K, reserved 1159168K
  class space    used 14863K, capacity 16185K, committed 16544K, reserved 1048576K
}
Event: 8914.011 GC heap after
{Heap after GC invocations=108 (full 0):
 garbage-first heap   total 231424K, used 126232K [0x0000000080000000, 0x0000000100000000)
  region size 1024K, 3 young (3072K), 3 survivors (3072K)
 Metaspace       used 121249K, capacity 124969K, committed 125520K, reserved 1159168K
  class space    used 14863K, capacity 16185K, committed 16544K, reserved 1048576K
}
Event: 8915.892 GC heap before
{Heap before GC invocations=109 (full 0):
 garbage-first heap   total 231424K, used 165144K [0x0000000080000000, 0x0000000100000000)
  region size 1024K, 48 young (49152K), 3 survivors (3072K)
 Metaspace       used 121407K, capacity 125123K, committed 125520K, reserved 1159168K
  class space    used 14868K, capacity 16191K, committed 16544K, reserved 1048576K
}
Event: 8915.906 GC heap after
{Heap after GC invocations=110 (full 0):
 garbage-first heap   total 231424K, used 128000K [0x0000000080000000, 0x0000000100000000)
  region size 1024K, 6 young (6144K), 6 survivors (6144K)
 Metaspace       used 121407K, capacity 125123K, committed 125520K, reserved 1159168K
  class space    used 14868K, capacity 16191K, committed 16544K, reserved 1048576K
}

Deoptimization events (20 events):
Event: 8915.435 Thread 0x0000018a5140c000 Uncommon trap: trap_request=0xffffffde fr.pc=0x0000018a39703314 relative=0x00000000000001d4
Event: 8915.435 Thread 0x0000018a5140c000 Uncommon trap: reason=class_check action=maybe_recompile pc=0x0000018a39703314 method=java.util.Spliterators$ArraySpliterator.forEachRemaining(Ljava/util/function/Consumer;)V @ 53 c2
Event: 8915.435 Thread 0x0000018a5140c000 DEOPT PACKING pc=0x0000018a39703314 sp=0x0000007b11af7d80
Event: 8915.435 Thread 0x0000018a5140c000 DEOPT UNPACKING pc=0x0000018a30e3a1af sp=0x0000007b11af7d10 mode 2
Event: 8915.439 Thread 0x0000018a5140c000 Uncommon trap: trap_request=0xffffffde fr.pc=0x0000018a39703314 relative=0x00000000000001d4
Event: 8915.439 Thread 0x0000018a5140c000 Uncommon trap: reason=class_check action=maybe_recompile pc=0x0000018a39703314 method=java.util.Spliterators$ArraySpliterator.forEachRemaining(Ljava/util/function/Consumer;)V @ 53 c2
Event: 8915.439 Thread 0x0000018a5140c000 DEOPT PACKING pc=0x0000018a39703314 sp=0x0000007b11af73d0
Event: 8915.439 Thread 0x0000018a5140c000 DEOPT UNPACKING pc=0x0000018a30e3a1af sp=0x0000007b11af7360 mode 2
Event: 8915.439 Thread 0x0000018a5140c000 Uncommon trap: trap_request=0xffffffde fr.pc=0x0000018a39703314 relative=0x00000000000001d4
Event: 8915.439 Thread 0x0000018a5140c000 Uncommon trap: reason=class_check action=maybe_recompile pc=0x0000018a39703314 method=java.util.Spliterators$ArraySpliterator.forEachRemaining(Ljava/util/function/Consumer;)V @ 53 c2
Event: 8915.439 Thread 0x0000018a5140c000 DEOPT PACKING pc=0x0000018a39703314 sp=0x0000007b11af73d0
Event: 8915.439 Thread 0x0000018a5140c000 DEOPT UNPACKING pc=0x0000018a30e3a1af sp=0x0000007b11af7360 mode 2
Event: 8915.605 Thread 0x0000018a5140c000 Uncommon trap: trap_request=0xffffff4d fr.pc=0x0000018a397ef620 relative=0x0000000000000340
Event: 8915.605 Thread 0x0000018a5140c000 Uncommon trap: reason=unstable_if action=reinterpret pc=0x0000018a397ef620 method=java.util.Spliterators$ArraySpliterator.forEachRemaining(Ljava/util/function/Consumer;)V @ 46 c2
Event: 8915.605 Thread 0x0000018a5140c000 DEOPT PACKING pc=0x0000018a397ef620 sp=0x0000007b11af7850
Event: 8915.605 Thread 0x0000018a5140c000 DEOPT UNPACKING pc=0x0000018a30e3a1af sp=0x0000007b11af77f0 mode 2
Event: 8915.741 Thread 0x0000018a5140c000 DEOPT PACKING pc=0x0000018a32bbd3e4 sp=0x0000007b11af6da0
Event: 8915.741 Thread 0x0000018a5140c000 DEOPT UNPACKING pc=0x0000018a30e3a95e sp=0x0000007b11af6268 mode 0
Event: 8915.797 Thread 0x0000018a5140c000 DEOPT PACKING pc=0x0000018a32be5366 sp=0x0000007b11af7e30
Event: 8915.797 Thread 0x0000018a5140c000 DEOPT UNPACKING pc=0x0000018a30e3a95e sp=0x0000007b11af72c8 mode 0

Classes redefined (0 events):
No events

Internal exceptions (20 events):
Event: 8911.293 Thread 0x0000018a4a2e2000 Implicit null exception at 0x0000018a3972da60 to 0x0000018a3972e154
Event: 8912.532 Thread 0x0000018a4a2e2000 Exception <a 'sun/nio/fs/WindowsException'{0x000000008b20f4d8}> (0x000000008b20f4d8) thrown at [./src/hotspot/share/prims/jni.cpp, line 616]
Event: 8912.993 Thread 0x0000018a4acc1000 Exception <a 'sun/nio/fs/WindowsException'{0x000000008d4ae9e0}> (0x000000008d4ae9e0) thrown at [./src/hotspot/share/prims/jni.cpp, line 616]
Event: 8912.993 Thread 0x0000018a4acc1000 Exception <a 'sun/nio/fs/WindowsException'{0x000000008d4aea80}> (0x000000008d4aea80) thrown at [./src/hotspot/share/prims/jni.cpp, line 616]
Event: 8912.993 Thread 0x0000018a4acc1000 Exception <a 'sun/nio/fs/WindowsException'{0x000000008d4aeb68}> (0x000000008d4aeb68) thrown at [./src/hotspot/share/prims/jni.cpp, line 616]
Event: 8914.948 Thread 0x0000018a5140c000 Exception <a 'sun/nio/fs/WindowsException'{0x000000008d848548}> (0x000000008d848548) thrown at [./src/hotspot/share/prims/jni.cpp, line 616]
Event: 8914.948 Thread 0x0000018a5140c000 Exception <a 'sun/nio/fs/WindowsException'{0x000000008d848630}> (0x000000008d848630) thrown at [./src/hotspot/share/prims/jni.cpp, line 616]
Event: 8915.676 Thread 0x0000018a5140c000 Exception <a 'sun/nio/fs/WindowsException'{0x000000008bb97490}> (0x000000008bb97490) thrown at [./src/hotspot/share/prims/jni.cpp, line 616]
Event: 8915.677 Thread 0x0000018a5140c000 Exception <a 'sun/nio/fs/WindowsException'{0x000000008bb97c28}> (0x000000008bb97c28) thrown at [./src/hotspot/share/prims/jni.cpp, line 616]
Event: 8915.677 Thread 0x0000018a5140c000 Exception <a 'sun/nio/fs/WindowsException'{0x000000008bb98e20}> (0x000000008bb98e20) thrown at [./src/hotspot/share/prims/jni.cpp, line 616]
Event: 8915.678 Thread 0x0000018a5140c000 Exception <a 'sun/nio/fs/WindowsException'{0x000000008bb99fe0}> (0x000000008bb99fe0) thrown at [./src/hotspot/share/prims/jni.cpp, line 616]
Event: 8915.679 Thread 0x0000018a5140c000 Exception <a 'sun/nio/fs/WindowsException'{0x000000008bb9b198}> (0x000000008bb9b198) thrown at [./src/hotspot/share/prims/jni.cpp, line 616]
Event: 8915.679 Thread 0x0000018a5140c000 Exception <a 'sun/nio/fs/WindowsException'{0x000000008bb9b2b8}> (0x000000008bb9b2b8) thrown at [./src/hotspot/share/prims/jni.cpp, line 616]
Event: 8915.679 Thread 0x0000018a5140c000 Exception <a 'sun/nio/fs/WindowsException'{0x000000008bb9d478}> (0x000000008bb9d478) thrown at [./src/hotspot/share/prims/jni.cpp, line 616]
Event: 8915.680 Thread 0x0000018a5140c000 Exception <a 'sun/nio/fs/WindowsException'{0x000000008bb9d588}> (0x000000008bb9d588) thrown at [./src/hotspot/share/prims/jni.cpp, line 616]
Event: 8915.680 Thread 0x0000018a5140c000 Exception <a 'sun/nio/fs/WindowsException'{0x000000008bba0e70}> (0x000000008bba0e70) thrown at [./src/hotspot/share/prims/jni.cpp, line 616]
Event: 8915.692 Thread 0x0000018a5140c000 Exception <a 'sun/nio/fs/WindowsException'{0x000000008bbb3790}> (0x000000008bbb3790) thrown at [./src/hotspot/share/prims/jni.cpp, line 616]
Event: 8915.722 Thread 0x0000018a5140c000 Exception <a 'sun/nio/fs/WindowsException'{0x000000008b97dfa8}> (0x000000008b97dfa8) thrown at [./src/hotspot/share/prims/jni.cpp, line 616]
Event: 8915.841 Thread 0x0000018a5140c000 Exception <a 'sun/nio/fs/WindowsException'{0x000000008b21f0d8}> (0x000000008b21f0d8) thrown at [./src/hotspot/share/prims/jni.cpp, line 616]
Event: 8915.952 Thread 0x0000018a5140c000 Exception <a 'sun/nio/fs/WindowsException'{0x000000008dfbfc98}> (0x000000008dfbfc98) thrown at [./src/hotspot/share/prims/jni.cpp, line 616]

Events (20 events):
Event: 8914.676 Executing VM operation: CGC_Operation
Event: 8914.677 Executing VM operation: CGC_Operation done
Event: 8915.076 Loaded shared library E:\Programs\Android Studio\jre\bin\nio.dll
Event: 8915.442 Thread 0x0000018a50b9e800 Thread added: 0x0000018a50b9e800
Event: 8915.571 loading class com/sun/tools/javac/comp/Attr
Event: 8915.571 loading class com/sun/tools/javac/comp/Attr done
Event: 8915.571 loading class com/sun/tools/javac/code/Symbol$VarSymbol
Event: 8915.571 loading class com/sun/tools/javac/code/Symbol$VarSymbol done
Event: 8915.589 Executing VM operation: ICBufferFull
Event: 8915.589 Executing VM operation: ICBufferFull done
Event: 8915.609 Executing VM operation: ICBufferFull
Event: 8915.610 Executing VM operation: ICBufferFull done
Event: 8915.646 Executing VM operation: ICBufferFull
Event: 8915.647 Executing VM operation: ICBufferFull done
Event: 8915.666 Executing VM operation: ICBufferFull
Event: 8915.667 Executing VM operation: ICBufferFull done
Event: 8915.680 loading class java/nio/file/Path$1
Event: 8915.680 loading class java/nio/file/Path$1 done
Event: 8915.891 Executing VM operation: G1CollectForAllocation
Event: 8915.906 Executing VM operation: G1CollectForAllocation done


Dynamic libraries:
0x00007ff6eebe0000 - 0x00007ff6eebea000 	E:\Programs\Android Studio\jre\bin\java.exe
0x00007ffe57ab0000 - 0x00007ffe57ca8000 	C:\Windows\SYSTEM32\ntdll.dll
0x00007ffe4acd0000 - 0x00007ffe4ace7000 	C:\Program Files\Avast Software\Avast\aswhook.dll
0x00007ffe56b40000 - 0x00007ffe56bfd000 	C:\Windows\System32\KERNEL32.DLL
0x00007ffe55720000 - 0x00007ffe559f2000 	C:\Windows\System32\KERNELBASE.dll
0x00007ffe551c0000 - 0x00007ffe552c0000 	C:\Windows\System32\ucrtbase.dll
0x00007ffe33120000 - 0x00007ffe33137000 	E:\Programs\Android Studio\jre\bin\VCRUNTIME140.dll
0x00007ffe2ed00000 - 0x00007ffe2ed19000 	E:\Programs\Android Studio\jre\bin\jli.dll
0x00007ffe56df0000 - 0x00007ffe56f8d000 	C:\Windows\System32\USER32.dll
0x00007ffe55500000 - 0x00007ffe55522000 	C:\Windows\System32\win32u.dll
0x00007ffe34b70000 - 0x00007ffe34e0a000 	C:\Windows\WinSxS\amd64_microsoft.windows.common-controls_6595b64144ccf1df_6.0.19041.1110_none_60b5254171f9507e\COMCTL32.dll
0x00007ffe574f0000 - 0x00007ffe5751b000 	C:\Windows\System32\GDI32.dll
0x00007ffe55b40000 - 0x00007ffe55bde000 	C:\Windows\System32\msvcrt.dll
0x00007ffe55a00000 - 0x00007ffe55b0f000 	C:\Windows\System32\gdi32full.dll
0x00007ffe553e0000 - 0x00007ffe5547d000 	C:\Windows\System32\msvcp_win.dll
0x00007ffe55b10000 - 0x00007ffe55b40000 	C:\Windows\System32\IMM32.DLL
0x00007ffe266b0000 - 0x00007ffe2674d000 	E:\Programs\Android Studio\jre\bin\msvcp140.dll
0x00007ffe048d0000 - 0x00007ffe053d2000 	E:\Programs\Android Studio\jre\bin\server\jvm.dll
0x00007ffe55c40000 - 0x00007ffe55cee000 	C:\Windows\System32\ADVAPI32.dll
0x00007ffe56aa0000 - 0x00007ffe56b3c000 	C:\Windows\System32\sechost.dll
0x00007ffe55cf0000 - 0x00007ffe55e15000 	C:\Windows\System32\RPCRT4.dll
0x00007ffe57520000 - 0x00007ffe57528000 	C:\Windows\System32\PSAPI.DLL
0x00007ffe49ed0000 - 0x00007ffe49ed9000 	C:\Windows\SYSTEM32\WSOCK32.dll
0x00007ffe32130000 - 0x00007ffe32157000 	C:\Windows\SYSTEM32\WINMM.dll
0x00007ffe4f370000 - 0x00007ffe4f37a000 	C:\Windows\SYSTEM32\VERSION.dll
0x00007ffe57a00000 - 0x00007ffe57a6b000 	C:\Windows\System32\WS2_32.dll
0x00007ffe53080000 - 0x00007ffe53092000 	C:\Windows\SYSTEM32\kernel.appcore.dll
0x00007ffe4e8b0000 - 0x00007ffe4e8c1000 	E:\Programs\Android Studio\jre\bin\verify.dll
0x00007ffe4cf90000 - 0x00007ffe4d174000 	C:\Windows\SYSTEM32\DBGHELP.DLL
0x00007ffe4c9b0000 - 0x00007ffe4c9dc000 	C:\Windows\SYSTEM32\dbgcore.DLL
0x00007ffe55690000 - 0x00007ffe55712000 	C:\Windows\System32\bcryptPrimitives.dll
0x00007ffe45a20000 - 0x00007ffe45a49000 	E:\Programs\Android Studio\jre\bin\java.dll
0x00007ffe50140000 - 0x00007ffe5014b000 	E:\Programs\Android Studio\jre\bin\jimage.dll
0x00007ffe45790000 - 0x00007ffe457a8000 	E:\Programs\Android Studio\jre\bin\zip.dll
0x00007ffe56350000 - 0x00007ffe56a93000 	C:\Windows\System32\SHELL32.dll
0x00007ffe53280000 - 0x00007ffe53a11000 	C:\Windows\SYSTEM32\windows.storage.dll
0x00007ffe56f90000 - 0x00007ffe572e4000 	C:\Windows\System32\combase.dll
0x00007ffe54c20000 - 0x00007ffe54c50000 	C:\Windows\SYSTEM32\Wldp.dll
0x00007ffe56150000 - 0x00007ffe561fd000 	C:\Windows\System32\SHCORE.dll
0x00007ffe579a0000 - 0x00007ffe579f5000 	C:\Windows\System32\shlwapi.dll
0x00007ffe55100000 - 0x00007ffe5511f000 	C:\Windows\SYSTEM32\profapi.dll
0x00007ffe432f0000 - 0x00007ffe4330a000 	E:\Programs\Android Studio\jre\bin\net.dll
0x00007ffe4b440000 - 0x00007ffe4b54d000 	C:\Windows\SYSTEM32\WINHTTP.dll
0x00007ffe54980000 - 0x00007ffe549ea000 	C:\Windows\system32\mswsock.dll
0x00007ffe432d0000 - 0x00007ffe432e4000 	E:\Programs\Android Studio\jre\bin\nio.dll
0x00007ffe2d3c0000 - 0x00007ffe2d3e7000 	C:\Users\a0587\.gradle\native\8bec1ad78214c89d9ad589b4d07fe93259594b29d510b10fafb7a158f7737e5d\windows-amd64\native-platform.dll
0x00007ffe1adf0000 - 0x00007ffe1af2d000 	C:\Users\a0587\.gradle\native\53dbd7edfb1c66fb8903c78663c9afc45aea4f116125fa6feffd364cf09443e8\windows-amd64\native-platform-file-events.dll
0x00007ffe4f090000 - 0x00007ffe4f09a000 	E:\Programs\Android Studio\jre\bin\management.dll
0x00007ffe4ec80000 - 0x00007ffe4ec8d000 	E:\Programs\Android Studio\jre\bin\management_ext.dll
0x00007ffe54b70000 - 0x00007ffe54b88000 	C:\Windows\SYSTEM32\CRYPTSP.dll
0x00007ffe54230000 - 0x00007ffe54264000 	C:\Windows\system32\rsaenh.dll
0x00007ffe55480000 - 0x00007ffe554a7000 	C:\Windows\System32\bcrypt.dll
0x00007ffe550c0000 - 0x00007ffe550ee000 	C:\Windows\SYSTEM32\USERENV.dll
0x00007ffe54b90000 - 0x00007ffe54b9c000 	C:\Windows\SYSTEM32\CRYPTBASE.dll
0x00007ffe54620000 - 0x00007ffe5465b000 	C:\Windows\SYSTEM32\IPHLPAPI.DLL
0x00007ffe57460000 - 0x00007ffe57468000 	C:\Windows\System32\NSI.dll
0x00007ffe4dba0000 - 0x00007ffe4dbb7000 	C:\Windows\SYSTEM32\dhcpcsvc6.DLL
0x00007ffe4e150000 - 0x00007ffe4e16d000 	C:\Windows\SYSTEM32\dhcpcsvc.DLL
0x00007ffe54670000 - 0x00007ffe5473a000 	C:\Windows\SYSTEM32\DNSAPI.dll
0x00007ffe4eb40000 - 0x00007ffe4eb67000 	E:\Programs\Android Studio\jre\bin\sunec.dll

dbghelp: loaded successfully - version: 4.0.5 - missing functions: none
symbol engine: initialized successfully - sym options: 0x614 - pdb path: .;E:\Programs\Android Studio\jre\bin;C:\Windows\SYSTEM32;C:\Program Files\Avast Software\Avast;C:\Windows\WinSxS\amd64_microsoft.windows.common-controls_6595b64144ccf1df_6.0.19041.1110_none_60b5254171f9507e;E:\Programs\Android Studio\jre\bin\server;C:\Users\a0587\.gradle\native\8bec1ad78214c89d9ad589b4d07fe93259594b29d510b10fafb7a158f7737e5d\windows-amd64;C:\Users\a0587\.gradle\native\53dbd7edfb1c66fb8903c78663c9afc45aea4f116125fa6feffd364cf09443e8\windows-amd64

VM Arguments:
jvm_args: --add-opens=java.base/java.util=ALL-UNNAMED --add-opens=java.base/java.lang=ALL-UNNAMED --add-opens=java.base/java.lang.invoke=ALL-UNNAMED --add-opens=java.base/java.util=ALL-UNNAMED --add-opens=java.prefs/java.util.prefs=ALL-UNNAMED --add-opens=java.prefs/java.util.prefs=ALL-UNNAMED --add-opens=java.base/java.nio.charset=ALL-UNNAMED --add-opens=java.base/java.net=ALL-UNNAMED --add-opens=java.base/java.util.concurrent.atomic=ALL-UNNAMED -Xmx2048m -Dfile.encoding=UTF-8 -Duser.country=TW -Duser.language=zh -Duser.variant 
java_command: org.gradle.launcher.daemon.bootstrap.GradleDaemon 7.0.2
java_class_path (initial): C:\Users\a0587\.gradle\wrapper\dists\gradle-7.0.2-bin\857tjihv64xamwrf0h14cai3r\gradle-7.0.2\lib\gradle-launcher-7.0.2.jar
Launcher Type: SUN_STANDARD

[Global flags]
     intx CICompilerCount                          = 3                                         {product} {ergonomic}
     uint ConcGCThreads                            = 1                                         {product} {ergonomic}
     uint G1ConcRefinementThreads                  = 4                                         {product} {ergonomic}
   size_t G1HeapRegionSize                         = 1048576                                   {product} {ergonomic}
    uintx GCDrainStackTargetSize                   = 64                                        {product} {ergonomic}
   size_t InitialHeapSize                          = 134217728                                 {product} {ergonomic}
   size_t MarkStackSize                            = 4194304                                   {product} {ergonomic}
   size_t MaxHeapSize                              = 2147483648                                {product} {command line}
   size_t MaxNewSize                               = 1287651328                                {product} {ergonomic}
   size_t MinHeapDeltaBytes                        = 1048576                                   {product} {ergonomic}
    uintx NonNMethodCodeHeapSize                   = 5830732                                {pd product} {ergonomic}
    uintx NonProfiledCodeHeapSize                  = 122913754                              {pd product} {ergonomic}
    uintx ProfiledCodeHeapSize                     = 122913754                              {pd product} {ergonomic}
    uintx ReservedCodeCacheSize                    = 251658240                              {pd product} {ergonomic}
     bool SegmentedCodeCache                       = true                                      {product} {ergonomic}
     bool UseCompressedClassPointers               = true                                 {lp64_product} {ergonomic}
     bool UseCompressedOops                        = true                                 {lp64_product} {ergonomic}
     bool UseG1GC                                  = true                                      {product} {ergonomic}
     bool UseLargePagesIndividualAllocation        = false                                  {pd product} {ergonomic}

Logging:
Log output configuration:
 #0: stdout all=warning uptime,level,tags
 #1: stderr all=off uptime,level,tags

Environment Variables:
PATH=C:\Windows\system32;C:\Windows;C:\Windows\System32\Wbem;C:\Windows\System32\WindowsPowerShell\v1.0\;C:\Windows\System32\OpenSSH\;C:\Program Files\PuTTY\;E:\Programs\Anaconda;E:\Programs\Anaconda\Library\mingw-w64\bin;E:\Programs\Anaconda\Library\usr\bin;E:\Programs\Anaconda\Library\bin;E:\Programs\Anaconda\Scripts;C:\Users\a0587\AppData\Local\Microsoft\WindowsApps;E:\Programs\Microsoft VS Code\bin
USERNAME=Billy
OS=Windows_NT
PROCESSOR_IDENTIFIER=Intel64 Family 6 Model 142 Stepping 9, GenuineIntel



---------------  S Y S T E M  ---------------

OS: Windows 10 , 64 bit Build 19041 (10.0.19041.1889)
OS uptime: 6 days 6:02 hours

CPU:total 4 (initial active 4) (2 cores per cpu, 2 threads per core) family 6 model 142 stepping 9 microcode 0xb4, cmov, cx8, fxsr, mmx, sse, sse2, sse3, ssse3, sse4.1, sse4.2, popcnt, avx, avx2, aes, clmul, erms, 3dnowpref, lzcnt, ht, tsc, tscinvbit, bmi1, bmi2, adx, fma

Memory: 4k page, system-wide physical 8073M (565M free)
TotalPageFile size 8073M (AvailPageFile size 1M)
current process WorkingSet (physical memory assigned to process): 534M, peak: 536M
current process commit charge ("private bytes"): 605M, peak: 608M

vm_info: OpenJDK 64-Bit Server VM (11.0.13+0-b1751.21-8125866) for windows-amd64 JRE (11.0.13+0-b1751.21-8125866), built on Feb  2 2022 03:00:22 by "builder" with MS VC++ 14.0 (VS2015)

END.
