#
# There is insufficient memory for the Java Runtime Environment to continue.
# Native memory allocation (malloc) failed to allocate 2282416 bytes for Chunk::new
# Possible reasons:
#   The system is out of physical RAM or swap space
#   The process is running with CompressedOops enabled, and the Java Heap may be blocking the growth of the native heap
# Possible solutions:
#   Reduce memory load on the system
#   Increase physical memory or swap space
#   Check if swap backing store is full
#   Decrease Java heap size (-Xmx/-Xms)
#   Decrease number of Java threads
#   Decrease Java thread stack sizes (-Xss)
#   Set larger code cache with -XX:ReservedCodeCacheSize=
#   JVM is running with Unscaled Compressed Oops mode in which the Java heap is
#     placed in the first 4GB address space. The Java Heap base address is the
#     maximum limit for the native heap growth. Please use -XX:HeapBaseMinAddress
#     to set the Java Heap base and to place the Java Heap above 4GB virtual address.
# This output file may be truncated or incomplete.
#
#  Out of Memory Error (./src/hotspot/share/memory/arena.cpp:197), pid=11472, tid=14920
#
# JRE version: OpenJDK Runtime Environment (11.0.13) (build 11.0.13+0-b1751.21-8125866)
# Java VM: OpenJDK 64-Bit Server VM (11.0.13+0-b1751.21-8125866, mixed mode, tiered, compressed oops, g1 gc, windows-amd64)
# No core dump will be written. Minidumps are not enabled by default on client versions of Windows
#

---------------  S U M M A R Y ------------

Command Line: --add-opens=java.base/java.util=ALL-UNNAMED --add-opens=java.base/java.lang=ALL-UNNAMED --add-opens=java.base/java.lang.invoke=ALL-UNNAMED --add-opens=java.base/java.util=ALL-UNNAMED --add-opens=java.prefs/java.util.prefs=ALL-UNNAMED --add-opens=java.prefs/java.util.prefs=ALL-UNNAMED --add-opens=java.base/java.nio.charset=ALL-UNNAMED --add-opens=java.base/java.net=ALL-UNNAMED --add-opens=java.base/java.util.concurrent.atomic=ALL-UNNAMED -Xmx2048m -Dfile.encoding=UTF-8 -Duser.country=TW -Duser.language=zh -Duser.variant org.gradle.launcher.daemon.bootstrap.GradleDaemon 7.0.2

Host: Intel(R) Core(TM) i5-7200U CPU @ 2.50GHz, 4 cores, 7G,  Windows 10 , 64 bit Build 19041 (10.0.19041.2251)
Time: Sat Dec  3 18:04:41 2022 台北標準時間 elapsed time: 2796.610323 seconds (0d 0h 46m 36s)

---------------  T H R E A D  ---------------

Current thread (0x000001965408f800):  JavaThread "C2 CompilerThread0" daemon [_thread_in_native, id=14920, stack(0x0000006bc1000000,0x0000006bc1100000)]


Current CompileTask:
C2:2796610 26085 %     4       com.android.tools.r8.internal.Me::a @ 797 (3140 bytes)

Stack: [0x0000006bc1000000,0x0000006bc1100000]
Native frames: (J=compiled Java code, j=interpreted, Vv=VM code, C=native code)
V  [jvm.dll+0x6100fa]
V  [jvm.dll+0x747090]
V  [jvm.dll+0x7486ad]
V  [jvm.dll+0x748d83]
V  [jvm.dll+0x24ab48]
V  [jvm.dll+0xc04dc]
V  [jvm.dll+0xc0a0c]
V  [jvm.dll+0x35eb5b]
V  [jvm.dll+0x32b833]
V  [jvm.dll+0x32ad2a]
V  [jvm.dll+0x2032b2]
V  [jvm.dll+0x202437]
V  [jvm.dll+0x188e01]
V  [jvm.dll+0x21106b]
V  [jvm.dll+0x20f8c1]
V  [jvm.dll+0x70de0f]
V  [jvm.dll+0x706a75]
V  [jvm.dll+0x60ed66]
C  [ucrtbase.dll+0x21bb2]
C  [KERNEL32.DLL+0x174b4]
C  [ntdll.dll+0x526a1]


---------------  P R O C E S S  ---------------

Threads class SMR info:
_java_thread_list=0x000001965d5a8180, length=57, elements={
0x000001963a452800, 0x0000019654056800, 0x0000019654058800, 0x0000019654086800,
0x0000019654087800, 0x0000019654089000, 0x000001965408f800, 0x0000019654096000,
0x0000019654099000, 0x0000019654aaf000, 0x0000019656d11000, 0x0000019654d48800,
0x0000019657755000, 0x00000196574e7800, 0x00000196574e8800, 0x00000196574ec800,
0x00000196574ea000, 0x00000196574eb000, 0x0000019659922000, 0x0000019659924800,
0x0000019659927000, 0x0000019659923800, 0x0000019659921000, 0x000001965992a000,
0x000001965992b000, 0x000001965c41d800, 0x000001965c420000, 0x000001965c41b000,
0x000001965c415000, 0x000001965c417800, 0x000001965c416000, 0x000001965c419800,
0x000001965c41b800, 0x000001965c418800, 0x000001965c41c800, 0x000001965c417000,
0x000001965c41f000, 0x000001965c424000, 0x000001965c421800, 0x000001965c423000,
0x00000196587b3800, 0x000001965c422800, 0x000001965c41e000, 0x0000019659927800,
0x0000019659926000, 0x000001965992c800, 0x000001965992d800, 0x0000019659929800,
0x0000019659928800, 0x000001965992f000, 0x00000196574ed800, 0x00000196574eb800,
0x00000196574ee000, 0x00000196574e9000, 0x000001965d8ba000, 0x000001965d8b7000,
0x000001965d8bb800
}

Java Threads: ( => current thread )
  0x000001963a452800 JavaThread "main" [_thread_blocked, id=12768, stack(0x0000006bc0400000,0x0000006bc0500000)]
  0x0000019654056800 JavaThread "Reference Handler" daemon [_thread_blocked, id=10548, stack(0x0000006bc0b00000,0x0000006bc0c00000)]
  0x0000019654058800 JavaThread "Finalizer" daemon [_thread_blocked, id=14036, stack(0x0000006bc0c00000,0x0000006bc0d00000)]
  0x0000019654086800 JavaThread "Signal Dispatcher" daemon [_thread_blocked, id=7520, stack(0x0000006bc0d00000,0x0000006bc0e00000)]
  0x0000019654087800 JavaThread "Attach Listener" daemon [_thread_blocked, id=8760, stack(0x0000006bc0e00000,0x0000006bc0f00000)]
  0x0000019654089000 JavaThread "Service Thread" daemon [_thread_blocked, id=11956, stack(0x0000006bc0f00000,0x0000006bc1000000)]
=>0x000001965408f800 JavaThread "C2 CompilerThread0" daemon [_thread_in_native, id=14920, stack(0x0000006bc1000000,0x0000006bc1100000)]
  0x0000019654096000 JavaThread "C1 CompilerThread0" daemon [_thread_blocked, id=6352, stack(0x0000006bc1100000,0x0000006bc1200000)]
  0x0000019654099000 JavaThread "Sweeper thread" daemon [_thread_blocked, id=15312, stack(0x0000006bc1200000,0x0000006bc1300000)]
  0x0000019654aaf000 JavaThread "Common-Cleaner" daemon [_thread_blocked, id=780, stack(0x0000006bc1300000,0x0000006bc1400000)]
  0x0000019656d11000 JavaThread "Daemon health stats" [_thread_blocked, id=9796, stack(0x0000006bc1800000,0x0000006bc1900000)]
  0x0000019654d48800 JavaThread "Incoming local TCP Connector on port 62183" [_thread_in_native, id=11860, stack(0x0000006bc1500000,0x0000006bc1600000)]
  0x0000019657755000 JavaThread "Daemon periodic checks" [_thread_blocked, id=14940, stack(0x0000006bc1900000,0x0000006bc1a00000)]
  0x00000196574e7800 JavaThread "Cache worker for file hash cache (C:\Users\a0587\.gradle\caches\7.0.2\fileHashes)" [_thread_blocked, id=3624, stack(0x0000006bc2300000,0x0000006bc2400000)]
  0x00000196574e8800 JavaThread "File lock request listener" [_thread_in_native, id=12780, stack(0x0000006bc2400000,0x0000006bc2500000)]
  0x00000196574ec800 JavaThread "Cache worker for journal cache (C:\Users\a0587\.gradle\caches\journal-1)" [_thread_blocked, id=6556, stack(0x0000006bc2500000,0x0000006bc2600000)]
  0x00000196574ea000 JavaThread "File watcher server" daemon [_thread_in_native, id=12136, stack(0x0000006bc2700000,0x0000006bc2800000)]
  0x00000196574eb000 JavaThread "File watcher consumer" daemon [_thread_blocked, id=3112, stack(0x0000006bc2800000,0x0000006bc2900000)]
  0x0000019659922000 JavaThread "Cache worker for execution history cache (C:\Users\a0587\.gradle\caches\7.0.2\executionHistory)" [_thread_blocked, id=11176, stack(0x0000006bc2c00000,0x0000006bc2d00000)]
  0x0000019659924800 JavaThread "jar transforms" [_thread_blocked, id=13892, stack(0x0000006bc2d00000,0x0000006bc2e00000)]
  0x0000019659927000 JavaThread "jar transforms Thread 2" [_thread_blocked, id=13476, stack(0x0000006bc2e00000,0x0000006bc2f00000)]
  0x0000019659923800 JavaThread "Cache worker for file content cache (C:\Users\a0587\.gradle\caches\7.0.2\fileContent)" [_thread_blocked, id=9580, stack(0x0000006bc2f00000,0x0000006bc3000000)]
  0x0000019659921000 JavaThread "jar transforms Thread 3" [_thread_blocked, id=8788, stack(0x0000006bc3100000,0x0000006bc3200000)]
  0x000001965992a000 JavaThread "jar transforms Thread 4" [_thread_blocked, id=14240, stack(0x0000006bc3700000,0x0000006bc3800000)]
  0x000001965992b000 JavaThread "Memory manager" [_thread_blocked, id=2684, stack(0x0000006bc3800000,0x0000006bc3900000)]
  0x000001965c41d800 JavaThread "Cache worker for Java compile cache (C:\Users\a0587\.gradle\caches\7.0.2\javaCompile)" [_thread_blocked, id=6528, stack(0x0000006bc4400000,0x0000006bc4500000)]
  0x000001965c420000 JavaThread "ForkJoinPool.commonPool-worker-3" daemon [_thread_blocked, id=11328, stack(0x0000006bc4200000,0x0000006bc4300000)]
  0x000001965c41b000 JavaThread "Daemon Thread 9" [_thread_blocked, id=13164, stack(0x0000006bc0100000,0x0000006bc0200000)]
  0x000001965c415000 JavaThread "Handler for socket connection from /127.0.0.1:62183 to /127.0.0.1:53442" [_thread_in_native, id=2264, stack(0x0000006bc0200000,0x0000006bc0300000)]
  0x000001965c417800 JavaThread "Cancel handler" [_thread_blocked, id=15316, stack(0x0000006bc0300000,0x0000006bc0400000)]
  0x000001965c416000 JavaThread "Daemon worker Thread 9" [_thread_blocked, id=10808, stack(0x0000006bc1a00000,0x0000006bc1b00000)]
  0x000001965c419800 JavaThread "Asynchronous log dispatcher for DefaultDaemonConnection: socket connection from /127.0.0.1:62183 to /127.0.0.1:53442" [_thread_blocked, id=8976, stack(0x0000006bc1b00000,0x0000006bc1c00000)]
  0x000001965c41b800 JavaThread "Stdin handler" [_thread_blocked, id=6068, stack(0x0000006bc1c00000,0x0000006bc1d00000)]
  0x000001965c418800 JavaThread "Daemon client event forwarder" [_thread_blocked, id=10492, stack(0x0000006bc1d00000,0x0000006bc1e00000)]
  0x000001965c41c800 JavaThread "Cache worker for file hash cache (E:\Programs\Test\.gradle\7.0.2\fileHashes)" [_thread_blocked, id=3388, stack(0x0000006bc1e00000,0x0000006bc1f00000)]
  0x000001965c417000 JavaThread "Cache worker for checksums cache (E:\Programs\Test\.gradle\checksums)" [_thread_blocked, id=9504, stack(0x0000006bc1f00000,0x0000006bc2000000)]
  0x000001965c41f000 JavaThread "Cache worker for cache directory md-supplier (C:\Users\a0587\.gradle\caches\7.0.2\md-supplier)" [_thread_blocked, id=14972, stack(0x0000006bc2000000,0x0000006bc2100000)]
  0x000001965c424000 JavaThread "Cache worker for cache directory md-rule (C:\Users\a0587\.gradle\caches\7.0.2\md-rule)" [_thread_blocked, id=2612, stack(0x0000006bc2100000,0x0000006bc2200000)]
  0x000001965c421800 JavaThread "Cache worker for dependencies-accessors (E:\Programs\Test\.gradle\7.0.2\dependencies-accessors)" [_thread_blocked, id=3332, stack(0x0000006bc2600000,0x0000006bc2700000)]
  0x000001965c423000 JavaThread "Cache worker for Build Output Cleanup Cache (E:\Programs\Test\.gradle\buildOutputCleanup)" [_thread_blocked, id=14872, stack(0x0000006bc2900000,0x0000006bc2a00000)]
  0x00000196587b3800 JavaThread "C2 CompilerThread1" daemon [_thread_in_native, id=8648, stack(0x0000006bc2a00000,0x0000006bc2b00000)]
  0x000001965c422800 JavaThread "Build operations" [_thread_blocked, id=1764, stack(0x0000006bc2b00000,0x0000006bc2c00000)]
  0x000001965c41e000 JavaThread "Build operations Thread 2" [_thread_blocked, id=14032, stack(0x0000006bc3000000,0x0000006bc3100000)]
  0x0000019659927800 JavaThread "Build operations Thread 3" [_thread_blocked, id=13472, stack(0x0000006bc3200000,0x0000006bc3300000)]
  0x0000019659926000 JavaThread "Build operations Thread 4" [_thread_blocked, id=6032, stack(0x0000006bc3300000,0x0000006bc3400000)]
  0x000001965992c800 JavaThread "build event listener" [_thread_blocked, id=7484, stack(0x0000006bc3400000,0x0000006bc3500000)]
  0x000001965992d800 JavaThread "Execution worker for ':'" [_thread_blocked, id=9780, stack(0x0000006bc3500000,0x0000006bc3600000)]
  0x0000019659929800 JavaThread "Execution worker for ':' Thread 2" [_thread_blocked, id=7860, stack(0x0000006bc3600000,0x0000006bc3700000)]
  0x0000019659928800 JavaThread "Execution worker for ':' Thread 3" [_thread_blocked, id=668, stack(0x0000006bc3900000,0x0000006bc3a00000)]
  0x000001965992f000 JavaThread "Cache worker for execution history cache (E:\Programs\Test\.gradle\7.0.2\executionHistory)" [_thread_blocked, id=2928, stack(0x0000006bc3a00000,0x0000006bc3b00000)]
  0x00000196574ed800 JavaThread "WorkerExecutor Queue" [_thread_blocked, id=11544, stack(0x0000006bc3b00000,0x0000006bc3c00000)]
  0x00000196574eb800 JavaThread "pool-31-thread-1" [_thread_blocked, id=2380, stack(0x0000006bc3c00000,0x0000006bc3d00000)]
  0x00000196574ee000 JavaThread "stderr" [_thread_in_native, id=13300, stack(0x0000006bc3d00000,0x0000006bc3e00000)]
  0x00000196574e9000 JavaThread "stdout" [_thread_in_native, id=14064, stack(0x0000006bc3e00000,0x0000006bc3f00000)]
  0x000001965d8ba000 JavaThread "WorkerExecutor Queue Thread 2" [_thread_in_Java, id=13932, stack(0x0000006bc3f00000,0x0000006bc4000000)]
  0x000001965d8b7000 JavaThread "WorkerExecutor Queue Thread 3" [_thread_blocked, id=5128, stack(0x0000006bc4000000,0x0000006bc4100000)]
  0x000001965d8bb800 JavaThread "WorkerExecutor Queue Thread 4" [_thread_blocked, id=8056, stack(0x0000006bc4100000,0x0000006bc4200000)]

Other Threads:
  0x0000019654052000 VMThread "VM Thread" [stack: 0x0000006bc0a00000,0x0000006bc0b00000] [id=9924]
  0x0000019654ab4000 WatcherThread [stack: 0x0000006bc1400000,0x0000006bc1500000] [id=6572]
  0x000001963a46c000 GCTaskThread "GC Thread#0" [stack: 0x0000006bc0500000,0x0000006bc0600000] [id=14152]
  0x000001965550e000 GCTaskThread "GC Thread#1" [stack: 0x0000006bc1600000,0x0000006bc1700000] [id=7340]
  0x000001965535b000 GCTaskThread "GC Thread#2" [stack: 0x0000006bc1700000,0x0000006bc1800000] [id=5052]
  0x0000019656f73000 GCTaskThread "GC Thread#3" [stack: 0x0000006bc2200000,0x0000006bc2300000] [id=7192]
  0x000001963a49c800 ConcurrentGCThread "G1 Main Marker" [stack: 0x0000006bc0600000,0x0000006bc0700000] [id=5256]
  0x000001963a49f000 ConcurrentGCThread "G1 Conc#0" [stack: 0x0000006bc0700000,0x0000006bc0800000] [id=14676]
  0x000001963a52d000 ConcurrentGCThread "G1 Refine#0" [stack: 0x0000006bc0800000,0x0000006bc0900000] [id=10384]
  0x000001963a52e000 ConcurrentGCThread "G1 Young RemSet Sampling" [stack: 0x0000006bc0900000,0x0000006bc0a00000] [id=9024]

Threads with active compile tasks:
C2 CompilerThread02796696 26085 %     4       com.android.tools.r8.internal.Me::a @ 797 (3140 bytes)
C2 CompilerThread12796696 26092 %     4       com.android.tools.r8.ir.regalloc.a::i @ 220 (620 bytes)

VM state:not at safepoint (normal execution)

VM Mutex/Monitor currently owned by a thread: None

Heap address: 0x0000000080000000, size: 2048 MB, Compressed Oops mode: 32-bit
Narrow klass base: 0x0000000000000000, Narrow klass shift: 3
Compressed class space size: 1073741824 Address: 0x0000000100000000

Heap:
 garbage-first heap   total 227328K, used 178285K [0x0000000080000000, 0x0000000100000000)
  region size 1024K, 80 young (81920K), 1 survivors (1024K)
 Metaspace       used 120294K, capacity 124011K, committed 124380K, reserved 1157120K
  class space    used 14705K, capacity 16116K, committed 16288K, reserved 1048576K
Heap Regions: E=young(eden), S=young(survivor), O=old, HS=humongous(starts), HC=humongous(continues), CS=collection set, F=free, A=archive, TAMS=top-at-mark-start (previous, next)
|   0|0x0000000080000000, 0x0000000080100000, 0x0000000080100000|100%| O|  |TAMS 0x0000000080100000, 0x0000000080000000| Untracked 
|   1|0x0000000080100000, 0x0000000080200000, 0x0000000080200000|100%| O|  |TAMS 0x0000000080200000, 0x0000000080100000| Untracked 
|   2|0x0000000080200000, 0x0000000080300000, 0x0000000080300000|100%| O|  |TAMS 0x0000000080300000, 0x0000000080200000| Untracked 
|   3|0x0000000080300000, 0x0000000080400000, 0x0000000080400000|100%|HS|  |TAMS 0x0000000080400000, 0x0000000080300000| Complete 
|   4|0x0000000080400000, 0x0000000080500000, 0x0000000080500000|100%|HC|  |TAMS 0x0000000080500000, 0x0000000080400000| Complete 
|   5|0x0000000080500000, 0x0000000080600000, 0x0000000080600000|100%|HC|  |TAMS 0x0000000080600000, 0x0000000080500000| Complete 
|   6|0x0000000080600000, 0x0000000080700000, 0x0000000080700000|100%| O|  |TAMS 0x0000000080700000, 0x0000000080600000| Untracked 
|   7|0x0000000080700000, 0x0000000080800000, 0x0000000080800000|100%| O|  |TAMS 0x0000000080800000, 0x0000000080700000| Untracked 
|   8|0x0000000080800000, 0x0000000080900000, 0x0000000080900000|100%| O|  |TAMS 0x0000000080900000, 0x0000000080800000| Untracked 
|   9|0x0000000080900000, 0x0000000080a00000, 0x0000000080a00000|100%| O|  |TAMS 0x0000000080a00000, 0x0000000080900000| Untracked 
|  10|0x0000000080a00000, 0x0000000080b00000, 0x0000000080b00000|100%| O|  |TAMS 0x0000000080b00000, 0x0000000080a00000| Untracked 
|  11|0x0000000080b00000, 0x0000000080c00000, 0x0000000080c00000|100%| O|  |TAMS 0x0000000080c00000, 0x0000000080b00000| Untracked 
|  12|0x0000000080c00000, 0x0000000080d00000, 0x0000000080d00000|100%| O|  |TAMS 0x0000000080d00000, 0x0000000080c00000| Untracked 
|  13|0x0000000080d00000, 0x0000000080e00000, 0x0000000080e00000|100%| O|  |TAMS 0x0000000080e00000, 0x0000000080d00000| Untracked 
|  14|0x0000000080e00000, 0x0000000080f00000, 0x0000000080f00000|100%| O|  |TAMS 0x0000000080f00000, 0x0000000080e00000| Untracked 
|  15|0x0000000080f00000, 0x0000000081000000, 0x0000000081000000|100%| O|  |TAMS 0x0000000081000000, 0x0000000080f00000| Untracked 
|  16|0x0000000081000000, 0x0000000081100000, 0x0000000081100000|100%| O|  |TAMS 0x0000000081100000, 0x0000000081000000| Untracked 
|  17|0x0000000081100000, 0x0000000081200000, 0x0000000081200000|100%| O|  |TAMS 0x0000000081200000, 0x0000000081100000| Untracked 
|  18|0x0000000081200000, 0x0000000081300000, 0x0000000081300000|100%|HS|  |TAMS 0x0000000081300000, 0x0000000081200000| Complete 
|  19|0x0000000081300000, 0x0000000081400000, 0x0000000081400000|100%| O|  |TAMS 0x0000000081400000, 0x0000000081300000| Untracked 
|  20|0x0000000081400000, 0x0000000081500000, 0x0000000081500000|100%| O|  |TAMS 0x0000000081500000, 0x0000000081400000| Untracked 
|  21|0x0000000081500000, 0x0000000081600000, 0x0000000081600000|100%| O|  |TAMS 0x0000000081600000, 0x0000000081500000| Untracked 
|  22|0x0000000081600000, 0x0000000081700000, 0x0000000081700000|100%| O|  |TAMS 0x0000000081700000, 0x0000000081600000| Untracked 
|  23|0x0000000081700000, 0x0000000081800000, 0x0000000081800000|100%|HS|  |TAMS 0x0000000081800000, 0x0000000081700000| Complete 
|  24|0x0000000081800000, 0x0000000081900000, 0x0000000081900000|100%|HS|  |TAMS 0x0000000081900000, 0x0000000081800000| Complete 
|  25|0x0000000081900000, 0x0000000081a00000, 0x0000000081a00000|100%|HC|  |TAMS 0x0000000081a00000, 0x0000000081900000| Complete 
|  26|0x0000000081a00000, 0x0000000081b00000, 0x0000000081b00000|100%| O|  |TAMS 0x0000000081a00000, 0x0000000081a00000| Untracked 
|  27|0x0000000081b00000, 0x0000000081c00000, 0x0000000081c00000|100%| O|  |TAMS 0x0000000081c00000, 0x0000000081b00000| Untracked 
|  28|0x0000000081c00000, 0x0000000081d00000, 0x0000000081d00000|100%| O|  |TAMS 0x0000000081d00000, 0x0000000081c00000| Untracked 
|  29|0x0000000081d00000, 0x0000000081e00000, 0x0000000081e00000|100%| O|  |TAMS 0x0000000081e00000, 0x0000000081d00000| Untracked 
|  30|0x0000000081e00000, 0x0000000081f00000, 0x0000000081f00000|100%| O|  |TAMS 0x0000000081f00000, 0x0000000081e00000| Untracked 
|  31|0x0000000081f00000, 0x0000000082000000, 0x0000000082000000|100%| O|  |TAMS 0x0000000082000000, 0x0000000081f00000| Untracked 
|  32|0x0000000082000000, 0x0000000082100000, 0x0000000082100000|100%| O|  |TAMS 0x0000000082100000, 0x0000000082000000| Untracked 
|  33|0x0000000082100000, 0x0000000082200000, 0x0000000082200000|100%| O|  |TAMS 0x0000000082200000, 0x0000000082100000| Untracked 
|  34|0x0000000082200000, 0x0000000082300000, 0x0000000082300000|100%| O|  |TAMS 0x0000000082300000, 0x0000000082200000| Untracked 
|  35|0x0000000082300000, 0x0000000082400000, 0x0000000082400000|100%| O|  |TAMS 0x0000000082400000, 0x0000000082300000| Untracked 
|  36|0x0000000082400000, 0x0000000082500000, 0x0000000082500000|100%| O|  |TAMS 0x0000000082500000, 0x0000000082400000| Untracked 
|  37|0x0000000082500000, 0x0000000082600000, 0x0000000082600000|100%| O|  |TAMS 0x0000000082600000, 0x0000000082500000| Untracked 
|  38|0x0000000082600000, 0x0000000082700000, 0x0000000082700000|100%| O|  |TAMS 0x0000000082700000, 0x0000000082600000| Untracked 
|  39|0x0000000082700000, 0x0000000082800000, 0x0000000082800000|100%| O|  |TAMS 0x0000000082800000, 0x0000000082700000| Untracked 
|  40|0x0000000082800000, 0x0000000082900000, 0x0000000082900000|100%| O|  |TAMS 0x0000000082900000, 0x0000000082800000| Untracked 
|  41|0x0000000082900000, 0x0000000082a00000, 0x0000000082a00000|100%| O|  |TAMS 0x0000000082a00000, 0x0000000082900000| Untracked 
|  42|0x0000000082a00000, 0x0000000082b00000, 0x0000000082b00000|100%| O|  |TAMS 0x0000000082b00000, 0x0000000082a00000| Untracked 
|  43|0x0000000082b00000, 0x0000000082c00000, 0x0000000082c00000|100%| O|  |TAMS 0x0000000082c00000, 0x0000000082b00000| Untracked 
|  44|0x0000000082c00000, 0x0000000082d00000, 0x0000000082d00000|100%| O|  |TAMS 0x0000000082d00000, 0x0000000082c00000| Untracked 
|  45|0x0000000082d00000, 0x0000000082e00000, 0x0000000082e00000|100%| O|  |TAMS 0x0000000082e00000, 0x0000000082d00000| Untracked 
|  46|0x0000000082e00000, 0x0000000082f00000, 0x0000000082f00000|100%| O|  |TAMS 0x0000000082f00000, 0x0000000082e00000| Untracked 
|  47|0x0000000082f00000, 0x0000000083000000, 0x0000000083000000|100%| O|  |TAMS 0x0000000083000000, 0x0000000082f00000| Untracked 
|  48|0x0000000083000000, 0x0000000083100000, 0x0000000083100000|100%| O|  |TAMS 0x0000000083100000, 0x0000000083000000| Untracked 
|  49|0x0000000083100000, 0x0000000083200000, 0x0000000083200000|100%| O|  |TAMS 0x0000000083200000, 0x0000000083100000| Untracked 
|  50|0x0000000083200000, 0x0000000083300000, 0x0000000083300000|100%| O|  |TAMS 0x0000000083300000, 0x0000000083200000| Untracked 
|  51|0x0000000083300000, 0x0000000083400000, 0x0000000083400000|100%| O|  |TAMS 0x0000000083400000, 0x0000000083300000| Untracked 
|  52|0x0000000083400000, 0x0000000083500000, 0x0000000083500000|100%| O|  |TAMS 0x0000000083500000, 0x0000000083400000| Untracked 
|  53|0x0000000083500000, 0x0000000083600000, 0x0000000083600000|100%| O|  |TAMS 0x0000000083600000, 0x0000000083500000| Untracked 
|  54|0x0000000083600000, 0x0000000083700000, 0x0000000083700000|100%| O|  |TAMS 0x0000000083700000, 0x0000000083600000| Untracked 
|  55|0x0000000083700000, 0x0000000083800000, 0x0000000083800000|100%| O|  |TAMS 0x0000000083800000, 0x0000000083700000| Untracked 
|  56|0x0000000083800000, 0x0000000083900000, 0x0000000083900000|100%| O|  |TAMS 0x0000000083900000, 0x0000000083800000| Untracked 
|  57|0x0000000083900000, 0x0000000083986200, 0x0000000083a00000| 52%| O|  |TAMS 0x0000000083900000, 0x0000000083900000| Untracked 
|  58|0x0000000083a00000, 0x0000000083b00000, 0x0000000083b00000|100%| O|  |TAMS 0x0000000083b00000, 0x0000000083a00000| Untracked 
|  59|0x0000000083b00000, 0x0000000083c00000, 0x0000000083c00000|100%| O|  |TAMS 0x0000000083c00000, 0x0000000083b00000| Untracked 
|  60|0x0000000083c00000, 0x0000000083d00000, 0x0000000083d00000|100%| O|  |TAMS 0x0000000083d00000, 0x0000000083c00000| Untracked 
|  61|0x0000000083d00000, 0x0000000083e00000, 0x0000000083e00000|100%| O|  |TAMS 0x0000000083e00000, 0x0000000083d00000| Untracked 
|  62|0x0000000083e00000, 0x0000000083f00000, 0x0000000083f00000|100%| O|  |TAMS 0x0000000083f00000, 0x0000000083e00000| Untracked 
|  63|0x0000000083f00000, 0x0000000084000000, 0x0000000084000000|100%| O|  |TAMS 0x0000000084000000, 0x0000000083f00000| Untracked 
|  64|0x0000000084000000, 0x0000000084100000, 0x0000000084100000|100%| O|  |TAMS 0x0000000084100000, 0x0000000084000000| Untracked 
|  65|0x0000000084100000, 0x0000000084200000, 0x0000000084200000|100%| O|  |TAMS 0x0000000084200000, 0x0000000084100000| Untracked 
|  66|0x0000000084200000, 0x0000000084300000, 0x0000000084300000|100%| O|  |TAMS 0x0000000084300000, 0x0000000084200000| Untracked 
|  67|0x0000000084300000, 0x0000000084400000, 0x0000000084400000|100%| O|  |TAMS 0x0000000084400000, 0x0000000084300000| Untracked 
|  68|0x0000000084400000, 0x0000000084500000, 0x0000000084500000|100%| O|  |TAMS 0x0000000084500000, 0x0000000084400000| Untracked 
|  69|0x0000000084500000, 0x0000000084600000, 0x0000000084600000|100%| O|  |TAMS 0x0000000084600000, 0x0000000084500000| Untracked 
|  70|0x0000000084600000, 0x0000000084700000, 0x0000000084700000|100%| O|  |TAMS 0x0000000084700000, 0x0000000084600000| Untracked 
|  71|0x0000000084700000, 0x0000000084800000, 0x0000000084800000|100%| O|  |TAMS 0x0000000084800000, 0x0000000084700000| Untracked 
|  72|0x0000000084800000, 0x0000000084900000, 0x0000000084900000|100%| O|  |TAMS 0x0000000084900000, 0x0000000084800000| Untracked 
|  73|0x0000000084900000, 0x0000000084a00000, 0x0000000084a00000|100%| O|  |TAMS 0x0000000084a00000, 0x0000000084900000| Untracked 
|  74|0x0000000084a00000, 0x0000000084b00000, 0x0000000084b00000|100%| O|  |TAMS 0x0000000084b00000, 0x0000000084a00000| Untracked 
|  75|0x0000000084b00000, 0x0000000084c00000, 0x0000000084c00000|100%| O|  |TAMS 0x0000000084c00000, 0x0000000084b00000| Untracked 
|  76|0x0000000084c00000, 0x0000000084d00000, 0x0000000084d00000|100%| O|  |TAMS 0x0000000084d00000, 0x0000000084c00000| Untracked 
|  77|0x0000000084d00000, 0x0000000084e00000, 0x0000000084e00000|100%| O|  |TAMS 0x0000000084e00000, 0x0000000084d00000| Untracked 
|  78|0x0000000084e00000, 0x0000000084f00000, 0x0000000084f00000|100%| O|  |TAMS 0x0000000084e23000, 0x0000000084e00000| Untracked 
|  79|0x0000000084f00000, 0x0000000085000000, 0x0000000085000000|100%| O|  |TAMS 0x0000000085000000, 0x0000000084f00000| Untracked 
|  80|0x0000000085000000, 0x0000000085000000, 0x0000000085100000|  0%| F|  |TAMS 0x0000000085000000, 0x0000000085000000| Untracked 
|  81|0x0000000085100000, 0x0000000085100000, 0x0000000085200000|  0%| F|  |TAMS 0x0000000085100000, 0x0000000085100000| Untracked 
|  82|0x0000000085200000, 0x0000000085300000, 0x0000000085300000|100%| O|  |TAMS 0x0000000085300000, 0x0000000085200000| Untracked 
|  83|0x0000000085300000, 0x0000000085300000, 0x0000000085400000|  0%| F|  |TAMS 0x0000000085300000, 0x0000000085300000| Untracked 
|  84|0x0000000085400000, 0x0000000085400000, 0x0000000085500000|  0%| F|  |TAMS 0x0000000085400000, 0x0000000085400000| Untracked 
|  85|0x0000000085500000, 0x0000000085600000, 0x0000000085600000|100%| O|  |TAMS 0x0000000085600000, 0x0000000085500000| Untracked 
|  86|0x0000000085600000, 0x0000000085700000, 0x0000000085700000|100%| O|  |TAMS 0x0000000085700000, 0x0000000085600000| Untracked 
|  87|0x0000000085700000, 0x0000000085800000, 0x0000000085800000|100%| O|  |TAMS 0x0000000085800000, 0x0000000085700000| Untracked 
|  88|0x0000000085800000, 0x0000000085900000, 0x0000000085900000|100%| O|  |TAMS 0x0000000085900000, 0x0000000085800000| Untracked 
|  89|0x0000000085900000, 0x0000000085a00000, 0x0000000085a00000|100%| O|  |TAMS 0x0000000085a00000, 0x0000000085900000| Untracked 
|  90|0x0000000085a00000, 0x0000000085b00000, 0x0000000085b00000|100%| O|  |TAMS 0x0000000085b00000, 0x0000000085a00000| Untracked 
|  91|0x0000000085b00000, 0x0000000085c00000, 0x0000000085c00000|100%| O|  |TAMS 0x0000000085c00000, 0x0000000085b00000| Untracked 
|  92|0x0000000085c00000, 0x0000000085d00000, 0x0000000085d00000|100%| O|  |TAMS 0x0000000085d00000, 0x0000000085c00000| Untracked 
|  93|0x0000000085d00000, 0x0000000085d00000, 0x0000000085e00000|  0%| F|  |TAMS 0x0000000085d00000, 0x0000000085d00000| Untracked 
|  94|0x0000000085e00000, 0x0000000085e00000, 0x0000000085f00000|  0%| F|  |TAMS 0x0000000085e00000, 0x0000000085e00000| Untracked 
|  95|0x0000000085f00000, 0x0000000086000000, 0x0000000086000000|100%| O|  |TAMS 0x0000000086000000, 0x0000000085f00000| Untracked 
|  96|0x0000000086000000, 0x0000000086000000, 0x0000000086100000|  0%| F|  |TAMS 0x0000000086000000, 0x0000000086000000| Untracked 
|  97|0x0000000086100000, 0x0000000086100000, 0x0000000086200000|  0%| F|  |TAMS 0x0000000086100000, 0x0000000086100000| Untracked 
|  98|0x0000000086200000, 0x0000000086200000, 0x0000000086300000|  0%| F|  |TAMS 0x0000000086200000, 0x0000000086200000| Untracked 
|  99|0x0000000086300000, 0x0000000086300000, 0x0000000086400000|  0%| F|  |TAMS 0x0000000086300000, 0x0000000086300000| Untracked 
| 100|0x0000000086400000, 0x0000000086400000, 0x0000000086500000|  0%| F|  |TAMS 0x0000000086400000, 0x0000000086400000| Untracked 
| 101|0x0000000086500000, 0x0000000086500000, 0x0000000086600000|  0%| F|  |TAMS 0x0000000086500000, 0x0000000086500000| Untracked 
| 102|0x0000000086600000, 0x0000000086600000, 0x0000000086700000|  0%| F|  |TAMS 0x0000000086600000, 0x0000000086600000| Untracked 
| 103|0x0000000086700000, 0x0000000086700000, 0x0000000086800000|  0%| F|  |TAMS 0x0000000086700000, 0x0000000086700000| Untracked 
| 104|0x0000000086800000, 0x0000000086800000, 0x0000000086900000|  0%| F|  |TAMS 0x0000000086800000, 0x0000000086800000| Untracked 
| 105|0x0000000086900000, 0x0000000086900000, 0x0000000086a00000|  0%| F|  |TAMS 0x0000000086900000, 0x0000000086900000| Untracked 
| 106|0x0000000086a00000, 0x0000000086b00000, 0x0000000086b00000|100%| O|  |TAMS 0x0000000086b00000, 0x0000000086a00000| Untracked 
| 107|0x0000000086b00000, 0x0000000086c00000, 0x0000000086c00000|100%| O|  |TAMS 0x0000000086c00000, 0x0000000086b00000| Untracked 
| 108|0x0000000086c00000, 0x0000000086d00000, 0x0000000086d00000|100%| O|  |TAMS 0x0000000086d00000, 0x0000000086c00000| Untracked 
| 109|0x0000000086d00000, 0x0000000086d00000, 0x0000000086e00000|  0%| F|  |TAMS 0x0000000086d00000, 0x0000000086d00000| Untracked 
| 110|0x0000000086e00000, 0x0000000086e00000, 0x0000000086f00000|  0%| F|  |TAMS 0x0000000086e00000, 0x0000000086e00000| Untracked 
| 111|0x0000000086f00000, 0x0000000086f00000, 0x0000000087000000|  0%| F|  |TAMS 0x0000000086f00000, 0x0000000086f00000| Untracked 
| 112|0x0000000087000000, 0x0000000087000000, 0x0000000087100000|  0%| F|  |TAMS 0x0000000087000000, 0x0000000087000000| Untracked 
| 113|0x0000000087100000, 0x0000000087100000, 0x0000000087200000|  0%| F|  |TAMS 0x0000000087100000, 0x0000000087100000| Untracked 
| 114|0x0000000087200000, 0x0000000087200000, 0x0000000087300000|  0%| F|  |TAMS 0x0000000087200000, 0x0000000087200000| Untracked 
| 115|0x0000000087300000, 0x0000000087300000, 0x0000000087400000|  0%| F|  |TAMS 0x0000000087300000, 0x0000000087300000| Untracked 
| 116|0x0000000087400000, 0x0000000087400000, 0x0000000087500000|  0%| F|  |TAMS 0x0000000087400000, 0x0000000087400000| Untracked 
| 117|0x0000000087500000, 0x0000000087500000, 0x0000000087600000|  0%| F|  |TAMS 0x0000000087500000, 0x0000000087500000| Untracked 
| 118|0x0000000087600000, 0x0000000087600000, 0x0000000087700000|  0%| F|  |TAMS 0x0000000087600000, 0x0000000087600000| Untracked 
| 119|0x0000000087700000, 0x0000000087700000, 0x0000000087800000|  0%| F|  |TAMS 0x0000000087700000, 0x0000000087700000| Untracked 
| 120|0x0000000087800000, 0x0000000087800000, 0x0000000087900000|  0%| F|  |TAMS 0x0000000087800000, 0x0000000087800000| Untracked 
| 121|0x0000000087900000, 0x0000000087900000, 0x0000000087a00000|  0%| F|  |TAMS 0x0000000087900000, 0x0000000087900000| Untracked 
| 122|0x0000000087a00000, 0x0000000087a00000, 0x0000000087b00000|  0%| F|  |TAMS 0x0000000087a00000, 0x0000000087a00000| Untracked 
| 123|0x0000000087b00000, 0x0000000087b00000, 0x0000000087c00000|  0%| F|  |TAMS 0x0000000087b00000, 0x0000000087b00000| Untracked 
| 124|0x0000000087c00000, 0x0000000087c00000, 0x0000000087d00000|  0%| F|  |TAMS 0x0000000087c00000, 0x0000000087c00000| Untracked 
| 125|0x0000000087d00000, 0x0000000087d00000, 0x0000000087e00000|  0%| F|  |TAMS 0x0000000087d00000, 0x0000000087d00000| Untracked 
| 126|0x0000000087e00000, 0x0000000087e00000, 0x0000000087f00000|  0%| F|  |TAMS 0x0000000087e00000, 0x0000000087e00000| Untracked 
| 127|0x0000000087f00000, 0x0000000087f00000, 0x0000000088000000|  0%| F|  |TAMS 0x0000000087f00000, 0x0000000087f00000| Untracked 
| 128|0x0000000088000000, 0x0000000088000000, 0x0000000088100000|  0%| F|  |TAMS 0x0000000088000000, 0x0000000088000000| Untracked 
| 129|0x0000000088100000, 0x0000000088100000, 0x0000000088200000|  0%| F|  |TAMS 0x0000000088100000, 0x0000000088100000| Untracked 
| 130|0x0000000088200000, 0x0000000088200000, 0x0000000088300000|  0%| F|  |TAMS 0x0000000088200000, 0x0000000088200000| Untracked 
| 131|0x0000000088300000, 0x0000000088400000, 0x0000000088400000|100%| O|  |TAMS 0x0000000088400000, 0x0000000088300000| Untracked 
| 132|0x0000000088400000, 0x0000000088500000, 0x0000000088500000|100%| O|  |TAMS 0x0000000088500000, 0x0000000088400000| Untracked 
| 133|0x0000000088500000, 0x0000000088600000, 0x0000000088600000|100%| O|  |TAMS 0x0000000088600000, 0x0000000088500000| Untracked 
| 134|0x0000000088600000, 0x0000000088600000, 0x0000000088700000|  0%| F|  |TAMS 0x0000000088600000, 0x0000000088600000| Untracked 
| 135|0x0000000088700000, 0x0000000088700000, 0x0000000088800000|  0%| F|  |TAMS 0x0000000088700000, 0x0000000088700000| Untracked 
| 136|0x0000000088800000, 0x0000000088800000, 0x0000000088900000|  0%| F|  |TAMS 0x0000000088800000, 0x0000000088800000| Untracked 
| 137|0x0000000088900000, 0x0000000088900000, 0x0000000088a00000|  0%| F|  |TAMS 0x0000000088900000, 0x0000000088900000| Untracked 
| 138|0x0000000088a00000, 0x0000000088a00000, 0x0000000088b00000|  0%| F|  |TAMS 0x0000000088a00000, 0x0000000088a00000| Untracked 
| 139|0x0000000088b00000, 0x0000000088b00000, 0x0000000088c00000|  0%| F|  |TAMS 0x0000000088b00000, 0x0000000088b00000| Untracked 
| 140|0x0000000088c00000, 0x0000000088c00000, 0x0000000088d00000|  0%| F|  |TAMS 0x0000000088c00000, 0x0000000088c00000| Untracked 
| 141|0x0000000088d00000, 0x0000000088d80800, 0x0000000088e00000| 50%| E|  |TAMS 0x0000000088d00000, 0x0000000088d00000| Complete 
| 142|0x0000000088e00000, 0x0000000088f00000, 0x0000000088f00000|100%| E|CS|TAMS 0x0000000088e00000, 0x0000000088e00000| Complete 
| 143|0x0000000088f00000, 0x0000000089000000, 0x0000000089000000|100%| E|CS|TAMS 0x0000000088f00000, 0x0000000088f00000| Complete 
| 144|0x0000000089000000, 0x0000000089100000, 0x0000000089100000|100%| E|CS|TAMS 0x0000000089000000, 0x0000000089000000| Complete 
| 145|0x0000000089100000, 0x0000000089200000, 0x0000000089200000|100%| E|CS|TAMS 0x0000000089100000, 0x0000000089100000| Complete 
| 146|0x0000000089200000, 0x0000000089300000, 0x0000000089300000|100%| E|CS|TAMS 0x0000000089200000, 0x0000000089200000| Complete 
| 147|0x0000000089300000, 0x0000000089400000, 0x0000000089400000|100%| E|CS|TAMS 0x0000000089300000, 0x0000000089300000| Complete 
| 148|0x0000000089400000, 0x0000000089500000, 0x0000000089500000|100%| E|CS|TAMS 0x0000000089400000, 0x0000000089400000| Complete 
| 149|0x0000000089500000, 0x0000000089600000, 0x0000000089600000|100%| E|CS|TAMS 0x0000000089500000, 0x0000000089500000| Complete 
| 150|0x0000000089600000, 0x0000000089700000, 0x0000000089700000|100%| E|CS|TAMS 0x0000000089600000, 0x0000000089600000| Complete 
| 151|0x0000000089700000, 0x0000000089800000, 0x0000000089800000|100%| E|CS|TAMS 0x0000000089700000, 0x0000000089700000| Complete 
| 152|0x0000000089800000, 0x0000000089900000, 0x0000000089900000|100%| E|CS|TAMS 0x0000000089800000, 0x0000000089800000| Complete 
| 153|0x0000000089900000, 0x0000000089a00000, 0x0000000089a00000|100%| E|CS|TAMS 0x0000000089900000, 0x0000000089900000| Complete 
| 154|0x0000000089a00000, 0x0000000089b00000, 0x0000000089b00000|100%| E|CS|TAMS 0x0000000089a00000, 0x0000000089a00000| Complete 
| 155|0x0000000089b00000, 0x0000000089c00000, 0x0000000089c00000|100%| E|CS|TAMS 0x0000000089b00000, 0x0000000089b00000| Complete 
| 156|0x0000000089c00000, 0x0000000089d00000, 0x0000000089d00000|100%| E|CS|TAMS 0x0000000089c00000, 0x0000000089c00000| Complete 
| 157|0x0000000089d00000, 0x0000000089e00000, 0x0000000089e00000|100%| E|CS|TAMS 0x0000000089d00000, 0x0000000089d00000| Complete 
| 158|0x0000000089e00000, 0x0000000089f00000, 0x0000000089f00000|100%| E|CS|TAMS 0x0000000089e00000, 0x0000000089e00000| Complete 
| 159|0x0000000089f00000, 0x000000008a000000, 0x000000008a000000|100%| E|CS|TAMS 0x0000000089f00000, 0x0000000089f00000| Complete 
| 160|0x000000008a000000, 0x000000008a100000, 0x000000008a100000|100%| E|CS|TAMS 0x000000008a000000, 0x000000008a000000| Complete 
| 161|0x000000008a100000, 0x000000008a200000, 0x000000008a200000|100%| E|CS|TAMS 0x000000008a100000, 0x000000008a100000| Complete 
| 162|0x000000008a200000, 0x000000008a300000, 0x000000008a300000|100%| E|CS|TAMS 0x000000008a200000, 0x000000008a200000| Complete 
| 163|0x000000008a300000, 0x000000008a400000, 0x000000008a400000|100%| E|CS|TAMS 0x000000008a300000, 0x000000008a300000| Complete 
| 164|0x000000008a400000, 0x000000008a500000, 0x000000008a500000|100%| E|CS|TAMS 0x000000008a400000, 0x000000008a400000| Complete 
| 165|0x000000008a500000, 0x000000008a600000, 0x000000008a600000|100%| E|CS|TAMS 0x000000008a500000, 0x000000008a500000| Complete 
| 166|0x000000008a600000, 0x000000008a700000, 0x000000008a700000|100%| E|CS|TAMS 0x000000008a600000, 0x000000008a600000| Complete 
| 167|0x000000008a700000, 0x000000008a800000, 0x000000008a800000|100%| E|CS|TAMS 0x000000008a700000, 0x000000008a700000| Complete 
| 168|0x000000008a800000, 0x000000008a900000, 0x000000008a900000|100%| E|CS|TAMS 0x000000008a800000, 0x000000008a800000| Complete 
| 169|0x000000008a900000, 0x000000008aa00000, 0x000000008aa00000|100%| E|CS|TAMS 0x000000008a900000, 0x000000008a900000| Complete 
| 170|0x000000008aa00000, 0x000000008ab00000, 0x000000008ab00000|100%| E|CS|TAMS 0x000000008aa00000, 0x000000008aa00000| Complete 
| 171|0x000000008ab00000, 0x000000008ac00000, 0x000000008ac00000|100%| E|CS|TAMS 0x000000008ab00000, 0x000000008ab00000| Complete 
| 172|0x000000008ac00000, 0x000000008ad00000, 0x000000008ad00000|100%| E|CS|TAMS 0x000000008ac00000, 0x000000008ac00000| Complete 
| 173|0x000000008ad00000, 0x000000008ae00000, 0x000000008ae00000|100%| E|CS|TAMS 0x000000008ad00000, 0x000000008ad00000| Complete 
| 174|0x000000008ae00000, 0x000000008af00000, 0x000000008af00000|100%| E|CS|TAMS 0x000000008ae00000, 0x000000008ae00000| Complete 
| 175|0x000000008af00000, 0x000000008b000000, 0x000000008b000000|100%| E|CS|TAMS 0x000000008af00000, 0x000000008af00000| Complete 
| 176|0x000000008b000000, 0x000000008b100000, 0x000000008b100000|100%| E|CS|TAMS 0x000000008b000000, 0x000000008b000000| Complete 
| 177|0x000000008b100000, 0x000000008b200000, 0x000000008b200000|100%| E|CS|TAMS 0x000000008b100000, 0x000000008b100000| Complete 
| 178|0x000000008b200000, 0x000000008b300000, 0x000000008b300000|100%| E|CS|TAMS 0x000000008b200000, 0x000000008b200000| Complete 
| 179|0x000000008b300000, 0x000000008b400000, 0x000000008b400000|100%| E|CS|TAMS 0x000000008b300000, 0x000000008b300000| Complete 
| 180|0x000000008b400000, 0x000000008b500000, 0x000000008b500000|100%| E|CS|TAMS 0x000000008b400000, 0x000000008b400000| Complete 
| 181|0x000000008b500000, 0x000000008b600000, 0x000000008b600000|100%| E|CS|TAMS 0x000000008b500000, 0x000000008b500000| Complete 
| 182|0x000000008b600000, 0x000000008b700000, 0x000000008b700000|100%| E|CS|TAMS 0x000000008b600000, 0x000000008b600000| Complete 
| 183|0x000000008b700000, 0x000000008b800000, 0x000000008b800000|100%| E|CS|TAMS 0x000000008b700000, 0x000000008b700000| Complete 
| 184|0x000000008b800000, 0x000000008b900000, 0x000000008b900000|100%| E|CS|TAMS 0x000000008b800000, 0x000000008b800000| Complete 
| 185|0x000000008b900000, 0x000000008ba00000, 0x000000008ba00000|100%| E|CS|TAMS 0x000000008b900000, 0x000000008b900000| Complete 
| 186|0x000000008ba00000, 0x000000008bb00000, 0x000000008bb00000|100%| E|CS|TAMS 0x000000008ba00000, 0x000000008ba00000| Complete 
| 187|0x000000008bb00000, 0x000000008bc00000, 0x000000008bc00000|100%| E|CS|TAMS 0x000000008bb00000, 0x000000008bb00000| Complete 
| 188|0x000000008bc00000, 0x000000008bd00000, 0x000000008bd00000|100%| E|CS|TAMS 0x000000008bc00000, 0x000000008bc00000| Complete 
| 189|0x000000008bd00000, 0x000000008be00000, 0x000000008be00000|100%| E|CS|TAMS 0x000000008bd00000, 0x000000008bd00000| Complete 
| 190|0x000000008be00000, 0x000000008bf00000, 0x000000008bf00000|100%| E|CS|TAMS 0x000000008be00000, 0x000000008be00000| Complete 
| 191|0x000000008bf00000, 0x000000008c000000, 0x000000008c000000|100%| E|CS|TAMS 0x000000008bf00000, 0x000000008bf00000| Complete 
| 192|0x000000008c000000, 0x000000008c100000, 0x000000008c100000|100%| E|CS|TAMS 0x000000008c000000, 0x000000008c000000| Complete 
| 193|0x000000008c100000, 0x000000008c200000, 0x000000008c200000|100%| E|CS|TAMS 0x000000008c100000, 0x000000008c100000| Complete 
| 194|0x000000008c200000, 0x000000008c300000, 0x000000008c300000|100%| E|CS|TAMS 0x000000008c200000, 0x000000008c200000| Complete 
| 195|0x000000008c300000, 0x000000008c400000, 0x000000008c400000|100%| E|CS|TAMS 0x000000008c300000, 0x000000008c300000| Complete 
| 196|0x000000008c400000, 0x000000008c500000, 0x000000008c500000|100%| E|CS|TAMS 0x000000008c400000, 0x000000008c400000| Complete 
| 197|0x000000008c500000, 0x000000008c600000, 0x000000008c600000|100%| E|CS|TAMS 0x000000008c500000, 0x000000008c500000| Complete 
| 198|0x000000008c600000, 0x000000008c700000, 0x000000008c700000|100%| E|CS|TAMS 0x000000008c600000, 0x000000008c600000| Complete 
| 199|0x000000008c700000, 0x000000008c800000, 0x000000008c800000|100%| E|CS|TAMS 0x000000008c700000, 0x000000008c700000| Complete 
| 200|0x000000008c800000, 0x000000008c900000, 0x000000008c900000|100%| E|CS|TAMS 0x000000008c800000, 0x000000008c800000| Complete 
| 201|0x000000008c900000, 0x000000008ca00000, 0x000000008ca00000|100%| E|CS|TAMS 0x000000008c900000, 0x000000008c900000| Complete 
| 202|0x000000008ca00000, 0x000000008cb00000, 0x000000008cb00000|100%| E|CS|TAMS 0x000000008ca00000, 0x000000008ca00000| Complete 
| 203|0x000000008cb00000, 0x000000008cc00000, 0x000000008cc00000|100%| E|CS|TAMS 0x000000008cb00000, 0x000000008cb00000| Complete 
| 204|0x000000008cc00000, 0x000000008cd00000, 0x000000008cd00000|100%| E|CS|TAMS 0x000000008cc00000, 0x000000008cc00000| Complete 
| 205|0x000000008cd00000, 0x000000008ce00000, 0x000000008ce00000|100%| E|CS|TAMS 0x000000008cd00000, 0x000000008cd00000| Complete 
| 206|0x000000008ce00000, 0x000000008cf00000, 0x000000008cf00000|100%| E|CS|TAMS 0x000000008ce00000, 0x000000008ce00000| Complete 
| 207|0x000000008cf00000, 0x000000008d000000, 0x000000008d000000|100%| E|CS|TAMS 0x000000008cf00000, 0x000000008cf00000| Complete 
| 208|0x000000008d000000, 0x000000008d100000, 0x000000008d100000|100%| E|CS|TAMS 0x000000008d000000, 0x000000008d000000| Complete 
| 209|0x000000008d100000, 0x000000008d200000, 0x000000008d200000|100%| E|CS|TAMS 0x000000008d100000, 0x000000008d100000| Complete 
| 210|0x000000008d200000, 0x000000008d300000, 0x000000008d300000|100%| E|CS|TAMS 0x000000008d200000, 0x000000008d200000| Complete 
| 211|0x000000008d300000, 0x000000008d400000, 0x000000008d400000|100%| E|CS|TAMS 0x000000008d300000, 0x000000008d300000| Complete 
| 212|0x000000008d400000, 0x000000008d495568, 0x000000008d500000| 58%| S|CS|TAMS 0x000000008d400000, 0x000000008d400000| Complete 
| 213|0x000000008d500000, 0x000000008d600000, 0x000000008d600000|100%| E|CS|TAMS 0x000000008d500000, 0x000000008d500000| Complete 
| 214|0x000000008d600000, 0x000000008d700000, 0x000000008d700000|100%| E|CS|TAMS 0x000000008d600000, 0x000000008d600000| Complete 
| 215|0x000000008d700000, 0x000000008d800000, 0x000000008d800000|100%| E|CS|TAMS 0x000000008d700000, 0x000000008d700000| Complete 
| 216|0x000000008d800000, 0x000000008d900000, 0x000000008d900000|100%| E|CS|TAMS 0x000000008d800000, 0x000000008d800000| Complete 
| 217|0x000000008d900000, 0x000000008da00000, 0x000000008da00000|100%| E|CS|TAMS 0x000000008d900000, 0x000000008d900000| Complete 
| 218|0x000000008da00000, 0x000000008db00000, 0x000000008db00000|100%| E|CS|TAMS 0x000000008da00000, 0x000000008da00000| Complete 
| 219|0x000000008db00000, 0x000000008dc00000, 0x000000008dc00000|100%| E|CS|TAMS 0x000000008db00000, 0x000000008db00000| Complete 
| 220|0x000000008dc00000, 0x000000008dd00000, 0x000000008dd00000|100%| E|CS|TAMS 0x000000008dc00000, 0x000000008dc00000| Complete 
| 221|0x000000008dd00000, 0x000000008de00000, 0x000000008de00000|100%| E|CS|TAMS 0x000000008dd00000, 0x000000008dd00000| Complete 

Card table byte_map: [0x000001964d370000,0x000001964d770000] _byte_map_base: 0x000001964cf70000

Marking Bits (Prev, Next): (CMBitMap*) 0x000001963a493b68, (CMBitMap*) 0x000001963a493ba0
 Prev Bits: [0x000001964db70000, 0x000001964fb70000)
 Next Bits: [0x000001964fb70000, 0x0000019651b70000)

Polling page: 0x0000019639c30000

Metaspace:

Usage:
  Non-class:    105.37 MB capacity,   103.11 MB ( 98%) used,     1.80 MB (  2%) free+waste,   459.00 KB ( <1%) overhead. 
      Class:     15.74 MB capacity,    14.36 MB ( 91%) used,     1.19 MB (  8%) free+waste,   195.56 KB (  1%) overhead. 
       Both:    121.10 MB capacity,   117.47 MB ( 97%) used,     2.99 MB (  2%) free+waste,   654.56 KB ( <1%) overhead. 

Virtual space:
  Non-class space:      106.00 MB reserved,     105.56 MB (>99%) committed 
      Class space:        1.00 GB reserved,      15.91 MB (  2%) committed 
             Both:        1.10 GB reserved,     121.46 MB ( 11%) committed 

Chunk freelists:
   Non-Class:  69.00 KB
       Class:  76.00 KB
        Both:  145.00 KB

MaxMetaspaceSize: 17179869184.00 GB
CompressedClassSpaceSize: 1.00 GB
Initial GC threshold: 20.80 MB
Current GC threshold: 202.44 MB
CDS: off

CodeHeap 'non-profiled nmethods': size=120064Kb used=16307Kb max_used=16307Kb free=103756Kb
 bounds [0x0000019645a30000, 0x0000019646a20000, 0x000001964cf70000]
CodeHeap 'profiled nmethods': size=120000Kb used=55987Kb max_used=55987Kb free=64012Kb
 bounds [0x000001963e500000, 0x0000019641c50000, 0x0000019645a30000]
CodeHeap 'non-nmethods': size=5696Kb used=2437Kb max_used=2537Kb free=3258Kb
 bounds [0x000001963df70000, 0x000001963e200000, 0x000001963e500000]
 total_blobs=24533 nmethods=23568 adapters=874
 compilation: enabled
              stopped_count=0, restarted_count=0
 full_count=0

Compilation events (20 events):
Event: 2796.226 Thread 0x0000019654096000 26132       3       com.android.tools.r8.ir.regalloc.a::j (71 bytes)
Event: 2796.227 Thread 0x0000019654096000 nmethod 26132 0x000001963eaa2190 code [0x000001963eaa24a0, 0x000001963eaa3758]
Event: 2796.295 Thread 0x00000196587b3800 nmethod 26017% 0x0000019646a06890 code [0x0000019646a07360, 0x0000019646a106f0]
Event: 2796.296 Thread 0x00000196587b3800 26092 %     4       com.android.tools.r8.ir.regalloc.a::i @ 220 (620 bytes)
Event: 2796.319 Thread 0x0000019654096000 26133 %     3       com.android.tools.r8.ir.regalloc.a::a @ 33 (562 bytes)
Event: 2796.322 Thread 0x0000019654096000 nmethod 26133% 0x0000019641c39f90 code [0x0000019641c3a4c0, 0x0000019641c3d208]
Event: 2796.323 Thread 0x0000019654096000 26134       3       com.android.tools.r8.ir.regalloc.a::a (562 bytes)
Event: 2796.326 Thread 0x0000019654096000 nmethod 26134 0x0000019641c3e210 code [0x0000019641c3e740, 0x0000019641c41228]
Event: 2796.344 Thread 0x0000019654096000 26136       1       com.android.tools.r8.code.e2::u (3 bytes)
Event: 2796.344 Thread 0x0000019654096000 nmethod 26136 0x0000019645f3fb90 code [0x0000019645f3fd40, 0x0000019645f3fdf8]
Event: 2796.346 Thread 0x0000019654096000 26137       2       com.android.tools.r8.internal.i2::d0 (57 bytes)
Event: 2796.346 Thread 0x0000019654096000 nmethod 26137 0x000001963f474d90 code [0x000001963f474f60, 0x000001963f475108]
Event: 2796.350 Thread 0x000001965408f800 nmethod 26075 0x0000019646a17790 code [0x0000019646a17ba0, 0x0000019646a1b018]
Event: 2796.351 Thread 0x000001965408f800 26085 %     4       com.android.tools.r8.internal.Me::a @ 797 (3140 bytes)
Event: 2796.413 Thread 0x0000019654096000 26139       3       com.android.tools.r8.internal.X4::a (370 bytes)
Event: 2796.416 Thread 0x0000019654096000 nmethod 26139 0x0000019641c42190 code [0x0000019641c42620, 0x0000019641c44d78]
Event: 2796.446 Thread 0x0000019654096000 26140       2       com.android.tools.r8.internal.f7::a (316 bytes)
Event: 2796.449 Thread 0x0000019654096000 nmethod 26140 0x000001963ebaf490 code [0x000001963ebaf740, 0x000001963ebb0008]
Event: 2796.497 Thread 0x0000019654096000 26141       2       com.android.tools.r8.ir.regalloc.a::e (184 bytes)
Event: 2796.499 Thread 0x0000019654096000 nmethod 26141 0x000001963ec21d90 code [0x000001963ec22040, 0x000001963ec22ac8]

GC Heap History (20 events):
Event: 2789.620 GC heap before
{Heap before GC invocations=68 (full 0):
 garbage-first heap   total 227328K, used 109784K [0x0000000080000000, 0x0000000100000000)
  region size 1024K, 11 young (11264K), 1 survivors (1024K)
 Metaspace       used 120133K, capacity 123768K, committed 124124K, reserved 1157120K
  class space    used 14695K, capacity 16099K, committed 16288K, reserved 1048576K
}
Event: 2789.631 GC heap after
{Heap after GC invocations=69 (full 0):
 garbage-first heap   total 227328K, used 98593K [0x0000000080000000, 0x0000000100000000)
  region size 1024K, 1 young (1024K), 1 survivors (1024K)
 Metaspace       used 120133K, capacity 123768K, committed 124124K, reserved 1157120K
  class space    used 14695K, capacity 16099K, committed 16288K, reserved 1048576K
}
Event: 2790.356 GC heap before
{Heap before GC invocations=69 (full 0):
 garbage-first heap   total 227328K, used 183585K [0x0000000080000000, 0x0000000100000000)
  region size 1024K, 84 young (86016K), 1 survivors (1024K)
 Metaspace       used 120159K, capacity 123793K, committed 124124K, reserved 1157120K
  class space    used 14700K, capacity 16108K, committed 16288K, reserved 1048576K
}
Event: 2790.362 GC heap after
{Heap after GC invocations=70 (full 0):
 garbage-first heap   total 227328K, used 98234K [0x0000000080000000, 0x0000000100000000)
  region size 1024K, 1 young (1024K), 1 survivors (1024K)
 Metaspace       used 120159K, capacity 123793K, committed 124124K, reserved 1157120K
  class space    used 14700K, capacity 16108K, committed 16288K, reserved 1048576K
}
Event: 2791.525 GC heap before
{Heap before GC invocations=71 (full 0):
 garbage-first heap   total 227328K, used 185274K [0x0000000080000000, 0x0000000100000000)
  region size 1024K, 86 young (88064K), 1 survivors (1024K)
 Metaspace       used 120182K, capacity 123797K, committed 124124K, reserved 1157120K
  class space    used 14700K, capacity 16109K, committed 16288K, reserved 1048576K
}
Event: 2791.531 GC heap after
{Heap after GC invocations=72 (full 0):
 garbage-first heap   total 227328K, used 98248K [0x0000000080000000, 0x0000000100000000)
  region size 1024K, 1 young (1024K), 1 survivors (1024K)
 Metaspace       used 120182K, capacity 123797K, committed 124124K, reserved 1157120K
  class space    used 14700K, capacity 16109K, committed 16288K, reserved 1048576K
}
Event: 2791.590 GC heap before
{Heap before GC invocations=72 (full 0):
 garbage-first heap   total 227328K, used 108488K [0x0000000080000000, 0x0000000100000000)
  region size 1024K, 11 young (11264K), 1 survivors (1024K)
 Metaspace       used 120188K, capacity 123802K, committed 124124K, reserved 1157120K
  class space    used 14702K, capacity 16111K, committed 16288K, reserved 1048576K
}
Event: 2791.596 GC heap after
{Heap after GC invocations=73 (full 0):
 garbage-first heap   total 227328K, used 97594K [0x0000000080000000, 0x0000000100000000)
  region size 1024K, 1 young (1024K), 1 survivors (1024K)
 Metaspace       used 120188K, capacity 123802K, committed 124124K, reserved 1157120K
  class space    used 14702K, capacity 16111K, committed 16288K, reserved 1048576K
}
Event: 2792.523 GC heap before
{Heap before GC invocations=73 (full 0):
 garbage-first heap   total 227328K, used 186682K [0x0000000080000000, 0x0000000100000000)
  region size 1024K, 88 young (90112K), 1 survivors (1024K)
 Metaspace       used 120196K, capacity 123803K, committed 124124K, reserved 1157120K
  class space    used 14702K, capacity 16111K, committed 16288K, reserved 1048576K
}
Event: 2792.529 GC heap after
{Heap after GC invocations=74 (full 0):
 garbage-first heap   total 227328K, used 98197K [0x0000000080000000, 0x0000000100000000)
  region size 1024K, 2 young (2048K), 2 survivors (2048K)
 Metaspace       used 120196K, capacity 123803K, committed 124124K, reserved 1157120K
  class space    used 14702K, capacity 16111K, committed 16288K, reserved 1048576K
}
Event: 2793.822 GC heap before
{Heap before GC invocations=75 (full 0):
 garbage-first heap   total 227328K, used 188309K [0x0000000080000000, 0x0000000100000000)
  region size 1024K, 90 young (92160K), 2 survivors (2048K)
 Metaspace       used 120216K, capacity 123931K, committed 124380K, reserved 1157120K
  class space    used 14703K, capacity 16111K, committed 16288K, reserved 1048576K
}
Event: 2793.828 GC heap after
{Heap after GC invocations=76 (full 0):
 garbage-first heap   total 227328K, used 99296K [0x0000000080000000, 0x0000000100000000)
  region size 1024K, 3 young (3072K), 3 survivors (3072K)
 Metaspace       used 120216K, capacity 123931K, committed 124380K, reserved 1157120K
  class space    used 14703K, capacity 16111K, committed 16288K, reserved 1048576K
}
Event: 2793.899 GC heap before
{Heap before GC invocations=76 (full 0):
 garbage-first heap   total 227328K, used 107488K [0x0000000080000000, 0x0000000100000000)
  region size 1024K, 11 young (11264K), 3 survivors (3072K)
 Metaspace       used 120229K, capacity 123932K, committed 124380K, reserved 1157120K
  class space    used 14703K, capacity 16111K, committed 16288K, reserved 1048576K
}
Event: 2793.909 GC heap after
{Heap after GC invocations=77 (full 0):
 garbage-first heap   total 227328K, used 98958K [0x0000000080000000, 0x0000000100000000)
  region size 1024K, 2 young (2048K), 2 survivors (2048K)
 Metaspace       used 120229K, capacity 123932K, committed 124380K, reserved 1157120K
  class space    used 14703K, capacity 16111K, committed 16288K, reserved 1048576K
}
Event: 2794.634 GC heap before
{Heap before GC invocations=77 (full 0):
 garbage-first heap   total 227328K, used 189070K [0x0000000080000000, 0x0000000100000000)
  region size 1024K, 90 young (92160K), 2 survivors (2048K)
 Metaspace       used 120238K, capacity 123936K, committed 124380K, reserved 1157120K
  class space    used 14703K, capacity 16112K, committed 16288K, reserved 1048576K
}
Event: 2794.639 GC heap after
{Heap after GC invocations=78 (full 0):
 garbage-first heap   total 227328K, used 99380K [0x0000000080000000, 0x0000000100000000)
  region size 1024K, 2 young (2048K), 2 survivors (2048K)
 Metaspace       used 120238K, capacity 123936K, committed 124380K, reserved 1157120K
  class space    used 14703K, capacity 16112K, committed 16288K, reserved 1048576K
}
Event: 2795.771 GC heap before
{Heap before GC invocations=79 (full 0):
 garbage-first heap   total 227328K, used 190516K [0x0000000080000000, 0x0000000100000000)
  region size 1024K, 91 young (93184K), 2 survivors (2048K)
 Metaspace       used 120250K, capacity 123936K, committed 124380K, reserved 1157120K
  class space    used 14703K, capacity 16112K, committed 16288K, reserved 1048576K
}
Event: 2795.775 GC heap after
{Heap after GC invocations=80 (full 0):
 garbage-first heap   total 227328K, used 99214K [0x0000000080000000, 0x0000000100000000)
  region size 1024K, 2 young (2048K), 2 survivors (2048K)
 Metaspace       used 120250K, capacity 123936K, committed 124380K, reserved 1157120K
  class space    used 14703K, capacity 16112K, committed 16288K, reserved 1048576K
}
Event: 2795.912 GC heap before
{Heap before GC invocations=80 (full 0):
 garbage-first heap   total 227328K, used 108430K [0x0000000080000000, 0x0000000100000000)
  region size 1024K, 11 young (11264K), 2 survivors (2048K)
 Metaspace       used 120275K, capacity 123936K, committed 124380K, reserved 1157120K
  class space    used 14703K, capacity 16112K, committed 16288K, reserved 1048576K
}
Event: 2795.922 GC heap after
{Heap after GC invocations=81 (full 0):
 garbage-first heap   total 227328K, used 98413K [0x0000000080000000, 0x0000000100000000)
  region size 1024K, 1 young (1024K), 1 survivors (1024K)
 Metaspace       used 120275K, capacity 123936K, committed 124380K, reserved 1157120K
  class space    used 14703K, capacity 16112K, committed 16288K, reserved 1048576K
}

Deoptimization events (20 events):
Event: 2796.137 Thread 0x000001965d8ba000 Uncommon trap: trap_request=0xffffffd6 fr.pc=0x0000019645cbef70 relative=0x0000000000001970
Event: 2796.137 Thread 0x000001965d8ba000 Uncommon trap: reason=array_check action=maybe_recompile pc=0x0000019645cbef70 method=java.util.TimSort.reverseRange([Ljava/lang/Object;II)V @ 27 c2
Event: 2796.137 Thread 0x000001965d8ba000 DEOPT PACKING pc=0x0000019645cbef70 sp=0x0000006bc3ffbb50
Event: 2796.137 Thread 0x000001965d8ba000 DEOPT UNPACKING pc=0x000001963dfba1af sp=0x0000006bc3ffba08 mode 2
Event: 2796.137 Thread 0x000001965d8ba000 Uncommon trap: trap_request=0xffffffd6 fr.pc=0x0000019645d880b4 relative=0x00000000000006f4
Event: 2796.137 Thread 0x000001965d8ba000 Uncommon trap: reason=array_check action=maybe_recompile pc=0x0000019645d880b4 method=java.util.TimSort.binarySort([Ljava/lang/Object;IIILjava/util/Comparator;)V @ 215 c2
Event: 2796.137 Thread 0x000001965d8ba000 DEOPT PACKING pc=0x0000019645d880b4 sp=0x0000006bc3ffba80
Event: 2796.137 Thread 0x000001965d8ba000 DEOPT UNPACKING pc=0x000001963dfba1af sp=0x0000006bc3ffba50 mode 2
Event: 2796.219 Thread 0x000001965d8ba000 DEOPT PACKING pc=0x000001964054ad8a sp=0x0000006bc3ffbd20
Event: 2796.219 Thread 0x000001965d8ba000 DEOPT UNPACKING pc=0x000001963dfba95e sp=0x0000006bc3ffb4e8 mode 0
Event: 2796.227 Thread 0x000001965d8ba000 DEOPT PACKING pc=0x000001963e724656 sp=0x0000006bc3ffbef0
Event: 2796.227 Thread 0x000001965d8ba000 DEOPT UNPACKING pc=0x000001963dfba95e sp=0x0000006bc3ffb458 mode 0
Event: 2796.326 Thread 0x000001965d8ba000 DEOPT PACKING pc=0x000001963ece8a8e sp=0x0000006bc3ffbfd0
Event: 2796.326 Thread 0x000001965d8ba000 DEOPT UNPACKING pc=0x000001963dfba95e sp=0x0000006bc3ffb518 mode 0
Event: 2796.389 Thread 0x000001965d8ba000 DEOPT PACKING pc=0x00000196404af3bd sp=0x0000006bc3ffc0e0
Event: 2796.389 Thread 0x000001965d8ba000 DEOPT UNPACKING pc=0x000001963dfba95e sp=0x0000006bc3ffb898 mode 0
Event: 2796.493 Thread 0x000001965d8ba000 DEOPT PACKING pc=0x000001964054adb0 sp=0x0000006bc3ffc0f0
Event: 2796.493 Thread 0x000001965d8ba000 DEOPT UNPACKING pc=0x000001963dfba95e sp=0x0000006bc3ffb8c0 mode 0
Event: 2796.576 Thread 0x000001965d8ba000 DEOPT PACKING pc=0x00000196404af3bd sp=0x0000006bc3ffc0e0
Event: 2796.576 Thread 0x000001965d8ba000 DEOPT UNPACKING pc=0x000001963dfba95e sp=0x0000006bc3ffb898 mode 0

Classes redefined (0 events):
No events

Internal exceptions (20 events):
Event: 2360.402 Thread 0x000001965c417800 Exception <a 'sun/nio/fs/WindowsException'{0x000000008b559450}> (0x000000008b559450) thrown at [./src/hotspot/share/prims/jni.cpp, line 616]
Event: 2360.409 Thread 0x000001965c417800 Exception <a 'sun/nio/fs/WindowsException'{0x000000008b5aadc8}> (0x000000008b5aadc8) thrown at [./src/hotspot/share/prims/jni.cpp, line 616]
Event: 2360.564 Thread 0x000001965741a000 Exception <a 'sun/nio/fs/WindowsException'{0x000000008a866b90}> (0x000000008a866b90) thrown at [./src/hotspot/share/prims/jni.cpp, line 616]
Event: 2360.648 Thread 0x000001965741a000 Exception <a 'sun/nio/fs/WindowsException'{0x0000000089e91130}> (0x0000000089e91130) thrown at [./src/hotspot/share/prims/jni.cpp, line 616]
Event: 2360.706 Thread 0x0000019657417000 Exception <a 'sun/nio/fs/WindowsException'{0x0000000089cfe418}> (0x0000000089cfe418) thrown at [./src/hotspot/share/prims/jni.cpp, line 616]
Event: 2360.757 Thread 0x0000019657417000 Exception <a 'sun/nio/fs/WindowsException'{0x00000000894c4618}> (0x00000000894c4618) thrown at [./src/hotspot/share/prims/jni.cpp, line 616]
Event: 2783.331 Thread 0x000001965c416000 Exception <a 'sun/nio/fs/WindowsException'{0x000000008d154b98}> (0x000000008d154b98) thrown at [./src/hotspot/share/prims/jni.cpp, line 616]
Event: 2783.425 Thread 0x000001965c416000 Exception <a 'java/lang/NoClassDefFoundError'{0x000000008cffdb20}: org/jetbrains/kotlin/gradle/plugin/KotlinBasePluginWrapper> (0x000000008cffdb20) thrown at [./src/hotspot/share/oops/constantPool.cpp, line 775]
Event: 2783.455 Thread 0x000001965c416000 Exception <a 'sun/nio/fs/WindowsException'{0x000000008cd00870}> (0x000000008cd00870) thrown at [./src/hotspot/share/prims/jni.cpp, line 616]
Event: 2783.463 Thread 0x000001965c416000 Exception <a 'sun/nio/fs/WindowsException'{0x000000008cda1550}> (0x000000008cda1550) thrown at [./src/hotspot/share/prims/jni.cpp, line 616]
Event: 2783.463 Thread 0x000001965c416000 Exception <a 'sun/nio/fs/WindowsException'{0x000000008cda24e8}> (0x000000008cda24e8) thrown at [./src/hotspot/share/prims/jni.cpp, line 616]
Event: 2783.463 Thread 0x000001965c416000 Exception <a 'sun/nio/fs/WindowsException'{0x000000008cda34d0}> (0x000000008cda34d0) thrown at [./src/hotspot/share/prims/jni.cpp, line 616]
Event: 2783.463 Thread 0x000001965c416000 Exception <a 'sun/nio/fs/WindowsException'{0x000000008cda44b8}> (0x000000008cda44b8) thrown at [./src/hotspot/share/prims/jni.cpp, line 616]
Event: 2783.711 Thread 0x000001965c416000 Implicit null exception at 0x0000019645d0a1fd to 0x0000019645d0cbd0
Event: 2783.730 Thread 0x000001965c416000 Implicit null exception at 0x0000019645ccadf0 to 0x0000019645ccb42c
Event: 2783.730 Thread 0x000001965c416000 Implicit null exception at 0x0000019645bedfc6 to 0x0000019645bee33c
Event: 2783.745 Thread 0x000001965c416000 Implicit null exception at 0x00000196463bbb79 to 0x00000196463bd860
Event: 2783.749 Thread 0x000001965c416000 Exception <a 'java/lang/NoSuchMethodError'{0x000000008c07be28}: <clinit>> (0x000000008c07be28) thrown at [./src/hotspot/share/prims/jni.cpp, line 1366]
Event: 2783.894 Thread 0x0000019659928800 Implicit null exception at 0x0000019645d2754e to 0x0000019645d27ae8
Event: 2789.241 Thread 0x000001965d8ba000 Exception <a 'java/lang/NoSuchMethodError'{0x000000008aa0b6f0}: 'int java.lang.invoke.DirectMethodHandle$Holder.invokeInterface(java.lang.Object, java.lang.Object, int)'> (0x000000008aa0b6f0) thrown at [./src/hotspot/share/interpreter/linkResolver.cpp, line 773]

Events (20 events):
Event: 2795.770 Executing VM operation: G1CollectForAllocation
Event: 2795.775 Executing VM operation: G1CollectForAllocation done
Event: 2795.911 Executing VM operation: G1CollectForAllocation
Event: 2795.922 Executing VM operation: G1CollectForAllocation done
Event: 2796.235 loading class com/android/tools/r8/internal/GE
Event: 2796.235 loading class com/android/tools/r8/internal/GE done
Event: 2796.235 loading class com/android/tools/r8/internal/GE
Event: 2796.235 loading class com/android/tools/r8/internal/GE done
Event: 2796.235 loading class com/android/tools/r8/internal/FE
Event: 2796.235 loading class com/android/tools/r8/internal/FE done
Event: 2796.236 loading class com/android/tools/r8/code/W0
Event: 2796.236 loading class com/android/tools/r8/code/W0 done
Event: 2796.236 loading class com/android/tools/r8/code/W0
Event: 2796.236 loading class com/android/tools/r8/code/W0 done
Event: 2796.236 loading class com/android/tools/r8/code/W0
Event: 2796.236 loading class com/android/tools/r8/code/W0 done
Event: 2796.236 loading class com/android/tools/r8/code/W0
Event: 2796.236 loading class com/android/tools/r8/code/W0 done
Event: 2796.236 loading class com/android/tools/r8/code/W0
Event: 2796.236 loading class com/android/tools/r8/code/W0 done


Dynamic libraries:
0x00007ff7f1cc0000 - 0x00007ff7f1cca000 	E:\Programs\Android Studio\jre\bin\java.exe
0x00007ffb1a910000 - 0x00007ffb1ab08000 	C:\Windows\SYSTEM32\ntdll.dll
0x00007ffaeb280000 - 0x00007ffaeb297000 	C:\Program Files\Avast Software\Avast\aswhook.dll
0x00007ffb19560000 - 0x00007ffb1961f000 	C:\Windows\System32\KERNEL32.DLL
0x00007ffb18010000 - 0x00007ffb182e2000 	C:\Windows\System32\KERNELBASE.dll
0x00007ffb18830000 - 0x00007ffb18930000 	C:\Windows\System32\ucrtbase.dll
0x00007ffb08940000 - 0x00007ffb08959000 	E:\Programs\Android Studio\jre\bin\jli.dll
0x00007ffb07020000 - 0x00007ffb07037000 	E:\Programs\Android Studio\jre\bin\VCRUNTIME140.dll
0x00007ffb19280000 - 0x00007ffb1941d000 	C:\Windows\System32\USER32.dll
0x00007ffb18930000 - 0x00007ffb18952000 	C:\Windows\System32\win32u.dll
0x00007ffb05db0000 - 0x00007ffb0604a000 	C:\Windows\WinSxS\amd64_microsoft.windows.common-controls_6595b64144ccf1df_6.0.19041.1110_none_60b5254171f9507e\COMCTL32.dll
0x00007ffb189e0000 - 0x00007ffb18a0b000 	C:\Windows\System32\GDI32.dll
0x00007ffb19f90000 - 0x00007ffb1a02e000 	C:\Windows\System32\msvcrt.dll
0x00007ffb18690000 - 0x00007ffb1879f000 	C:\Windows\System32\gdi32full.dll
0x00007ffb185f0000 - 0x00007ffb1868d000 	C:\Windows\System32\msvcp_win.dll
0x00007ffb1a4b0000 - 0x00007ffb1a4e2000 	C:\Windows\System32\IMM32.DLL
0x00007ffaff590000 - 0x00007ffaff62d000 	E:\Programs\Android Studio\jre\bin\msvcp140.dll
0x00007ffad7050000 - 0x00007ffad7b52000 	E:\Programs\Android Studio\jre\bin\server\jvm.dll
0x00007ffb19bd0000 - 0x00007ffb19c7e000 	C:\Windows\System32\ADVAPI32.dll
0x00007ffb1a570000 - 0x00007ffb1a60c000 	C:\Windows\System32\sechost.dll
0x00007ffb19420000 - 0x00007ffb19545000 	C:\Windows\System32\RPCRT4.dll
0x00007ffb19550000 - 0x00007ffb19558000 	C:\Windows\System32\PSAPI.DLL
0x00007ffb06060000 - 0x00007ffb06087000 	C:\Windows\SYSTEM32\WINMM.dll
0x00007ffb04f00000 - 0x00007ffb04f09000 	C:\Windows\SYSTEM32\WSOCK32.dll
0x00007ffb0f3e0000 - 0x00007ffb0f3ea000 	C:\Windows\SYSTEM32\VERSION.dll
0x00007ffb19b50000 - 0x00007ffb19bbb000 	C:\Windows\System32\WS2_32.dll
0x00007ffb15ed0000 - 0x00007ffb15ee2000 	C:\Windows\SYSTEM32\kernel.appcore.dll
0x00007ffb13cd0000 - 0x00007ffb13ce1000 	E:\Programs\Android Studio\jre\bin\verify.dll
0x00007ffb091b0000 - 0x00007ffb09394000 	C:\Windows\SYSTEM32\DBGHELP.DLL
0x00007ffb0d110000 - 0x00007ffb0d13c000 	C:\Windows\SYSTEM32\dbgcore.DLL
0x00007ffb187a0000 - 0x00007ffb18822000 	C:\Windows\System32\bcryptPrimitives.dll
0x00007ffb12550000 - 0x00007ffb12579000 	E:\Programs\Android Studio\jre\bin\java.dll
0x00007ffb13eb0000 - 0x00007ffb13ebb000 	E:\Programs\Android Studio\jre\bin\jimage.dll
0x00007ffb11c90000 - 0x00007ffb11ca8000 	E:\Programs\Android Studio\jre\bin\zip.dll
0x00007ffb18a10000 - 0x00007ffb19153000 	C:\Windows\System32\SHELL32.dll
0x00007ffb160d0000 - 0x00007ffb16862000 	C:\Windows\SYSTEM32\windows.storage.dll
0x00007ffb197f0000 - 0x00007ffb19b44000 	C:\Windows\System32\combase.dll
0x00007ffb17a70000 - 0x00007ffb17aa0000 	C:\Windows\SYSTEM32\Wldp.dll
0x00007ffb19ee0000 - 0x00007ffb19f8d000 	C:\Windows\System32\SHCORE.dll
0x00007ffb1a610000 - 0x00007ffb1a665000 	C:\Windows\System32\shlwapi.dll
0x00007ffb17f50000 - 0x00007ffb17f6f000 	C:\Windows\SYSTEM32\profapi.dll
0x00007ffb11c70000 - 0x00007ffb11c8a000 	E:\Programs\Android Studio\jre\bin\net.dll
0x00007ffb082b0000 - 0x00007ffb083bc000 	C:\Windows\SYSTEM32\WINHTTP.dll
0x00007ffb177d0000 - 0x00007ffb1783a000 	C:\Windows\system32\mswsock.dll
0x00007ffb11c50000 - 0x00007ffb11c64000 	E:\Programs\Android Studio\jre\bin\nio.dll
0x00007ffb00b80000 - 0x00007ffb00ba7000 	C:\Users\a0587\.gradle\native\8bec1ad78214c89d9ad589b4d07fe93259594b29d510b10fafb7a158f7737e5d\windows-amd64\native-platform.dll
0x00007ffaef8a0000 - 0x00007ffaef9dd000 	C:\Users\a0587\.gradle\native\53dbd7edfb1c66fb8903c78663c9afc45aea4f116125fa6feffd364cf09443e8\windows-amd64\native-platform-file-events.dll
0x00007ffb13e90000 - 0x00007ffb13e9a000 	E:\Programs\Android Studio\jre\bin\management.dll
0x00007ffb13e20000 - 0x00007ffb13e2d000 	E:\Programs\Android Studio\jre\bin\management_ext.dll
0x00007ffb179c0000 - 0x00007ffb179d8000 	C:\Windows\SYSTEM32\CRYPTSP.dll
0x00007ffb17080000 - 0x00007ffb170b4000 	C:\Windows\system32\rsaenh.dll
0x00007ffb18510000 - 0x00007ffb18537000 	C:\Windows\System32\bcrypt.dll
0x00007ffb17ed0000 - 0x00007ffb17efe000 	C:\Windows\SYSTEM32\USERENV.dll
0x00007ffb179e0000 - 0x00007ffb179ec000 	C:\Windows\SYSTEM32\CRYPTBASE.dll
0x00007ffb17470000 - 0x00007ffb174ab000 	C:\Windows\SYSTEM32\IPHLPAPI.DLL
0x00007ffb1a4a0000 - 0x00007ffb1a4a8000 	C:\Windows\System32\NSI.dll
0x00007ffb0e080000 - 0x00007ffb0e097000 	C:\Windows\SYSTEM32\dhcpcsvc6.DLL
0x00007ffb0e220000 - 0x00007ffb0e23d000 	C:\Windows\SYSTEM32\dhcpcsvc.DLL
0x00007ffb174b0000 - 0x00007ffb1757a000 	C:\Windows\SYSTEM32\DNSAPI.dll
0x00007ffb11a70000 - 0x00007ffb11a97000 	E:\Programs\Android Studio\jre\bin\sunec.dll

dbghelp: loaded successfully - version: 4.0.5 - missing functions: none
symbol engine: initialized successfully - sym options: 0x614 - pdb path: .;E:\Programs\Android Studio\jre\bin;C:\Windows\SYSTEM32;C:\Program Files\Avast Software\Avast;C:\Windows\WinSxS\amd64_microsoft.windows.common-controls_6595b64144ccf1df_6.0.19041.1110_none_60b5254171f9507e;E:\Programs\Android Studio\jre\bin\server;C:\Users\a0587\.gradle\native\8bec1ad78214c89d9ad589b4d07fe93259594b29d510b10fafb7a158f7737e5d\windows-amd64;C:\Users\a0587\.gradle\native\53dbd7edfb1c66fb8903c78663c9afc45aea4f116125fa6feffd364cf09443e8\windows-amd64

VM Arguments:
jvm_args: --add-opens=java.base/java.util=ALL-UNNAMED --add-opens=java.base/java.lang=ALL-UNNAMED --add-opens=java.base/java.lang.invoke=ALL-UNNAMED --add-opens=java.base/java.util=ALL-UNNAMED --add-opens=java.prefs/java.util.prefs=ALL-UNNAMED --add-opens=java.prefs/java.util.prefs=ALL-UNNAMED --add-opens=java.base/java.nio.charset=ALL-UNNAMED --add-opens=java.base/java.net=ALL-UNNAMED --add-opens=java.base/java.util.concurrent.atomic=ALL-UNNAMED -Xmx2048m -Dfile.encoding=UTF-8 -Duser.country=TW -Duser.language=zh -Duser.variant 
java_command: org.gradle.launcher.daemon.bootstrap.GradleDaemon 7.0.2
java_class_path (initial): C:\Users\a0587\.gradle\wrapper\dists\gradle-7.0.2-bin\857tjihv64xamwrf0h14cai3r\gradle-7.0.2\lib\gradle-launcher-7.0.2.jar
Launcher Type: SUN_STANDARD

[Global flags]
     intx CICompilerCount                          = 3                                         {product} {ergonomic}
     uint ConcGCThreads                            = 1                                         {product} {ergonomic}
     uint G1ConcRefinementThreads                  = 4                                         {product} {ergonomic}
   size_t G1HeapRegionSize                         = 1048576                                   {product} {ergonomic}
    uintx GCDrainStackTargetSize                   = 64                                        {product} {ergonomic}
   size_t InitialHeapSize                          = 134217728                                 {product} {ergonomic}
   size_t MarkStackSize                            = 4194304                                   {product} {ergonomic}
   size_t MaxHeapSize                              = 2147483648                                {product} {command line}
   size_t MaxNewSize                               = 1287651328                                {product} {ergonomic}
   size_t MinHeapDeltaBytes                        = 1048576                                   {product} {ergonomic}
    uintx NonNMethodCodeHeapSize                   = 5830732                                {pd product} {ergonomic}
    uintx NonProfiledCodeHeapSize                  = 122913754                              {pd product} {ergonomic}
    uintx ProfiledCodeHeapSize                     = 122913754                              {pd product} {ergonomic}
    uintx ReservedCodeCacheSize                    = 251658240                              {pd product} {ergonomic}
     bool SegmentedCodeCache                       = true                                      {product} {ergonomic}
     bool UseCompressedClassPointers               = true                                 {lp64_product} {ergonomic}
     bool UseCompressedOops                        = true                                 {lp64_product} {ergonomic}
     bool UseG1GC                                  = true                                      {product} {ergonomic}
     bool UseLargePagesIndividualAllocation        = false                                  {pd product} {ergonomic}

Logging:
Log output configuration:
 #0: stdout all=warning uptime,level,tags
 #1: stderr all=off uptime,level,tags

Environment Variables:
PATH=C:\Windows\system32;C:\Windows;C:\Windows\System32\Wbem;C:\Windows\System32\WindowsPowerShell\v1.0\;C:\Windows\System32\OpenSSH\;C:\Program Files\PuTTY\;E:\Programs\Anaconda;E:\Programs\Anaconda\Library\mingw-w64\bin;E:\Programs\Anaconda\Library\usr\bin;E:\Programs\Anaconda\Library\bin;E:\Programs\Anaconda\Scripts;C:\Users\a0587\AppData\Local\Microsoft\WindowsApps;E:\Programs\Microsoft VS Code\bin
USERNAME=Billy
OS=Windows_NT
PROCESSOR_IDENTIFIER=Intel64 Family 6 Model 142 Stepping 9, GenuineIntel



---------------  S Y S T E M  ---------------

OS: Windows 10 , 64 bit Build 19041 (10.0.19041.2251)
OS uptime: 4 days 4:13 hours

CPU:total 4 (initial active 4) (2 cores per cpu, 2 threads per core) family 6 model 142 stepping 9 microcode 0xb4, cmov, cx8, fxsr, mmx, sse, sse2, sse3, ssse3, sse4.1, sse4.2, popcnt, avx, avx2, aes, clmul, erms, 3dnowpref, lzcnt, ht, tsc, tscinvbit, bmi1, bmi2, adx, fma

Memory: 4k page, system-wide physical 8073M (523M free)
TotalPageFile size 8073M (AvailPageFile size 4M)
current process WorkingSet (physical memory assigned to process): 569M, peak: 578M
current process commit charge ("private bytes"): 646M, peak: 658M

vm_info: OpenJDK 64-Bit Server VM (11.0.13+0-b1751.21-8125866) for windows-amd64 JRE (11.0.13+0-b1751.21-8125866), built on Feb  2 2022 03:00:22 by "builder" with MS VC++ 14.0 (VS2015)

END.
