#
# There is insufficient memory for the Java Runtime Environment to continue.
# Native memory allocation (malloc) failed to allocate 2224656 bytes for Chunk::new
# Possible reasons:
#   The system is out of physical RAM or swap space
#   The process is running with CompressedOops enabled, and the Java Heap may be blocking the growth of the native heap
# Possible solutions:
#   Reduce memory load on the system
#   Increase physical memory or swap space
#   Check if swap backing store is full
#   Decrease Java heap size (-Xmx/-Xms)
#   Decrease number of Java threads
#   Decrease Java thread stack sizes (-Xss)
#   Set larger code cache with -XX:ReservedCodeCacheSize=
#   JVM is running with Unscaled Compressed Oops mode in which the Java heap is
#     placed in the first 4GB address space. The Java Heap base address is the
#     maximum limit for the native heap growth. Please use -XX:HeapBaseMinAddress
#     to set the Java Heap base and to place the Java Heap above 4GB virtual address.
# This output file may be truncated or incomplete.
#
#  Out of Memory Error (./src/hotspot/share/memory/arena.cpp:197), pid=5320, tid=6704
#
# JRE version: OpenJDK Runtime Environment (11.0.13) (build 11.0.13+0-b1751.21-8125866)
# Java VM: OpenJDK 64-Bit Server VM (11.0.13+0-b1751.21-8125866, mixed mode, tiered, compressed oops, g1 gc, windows-amd64)
# No core dump will be written. Minidumps are not enabled by default on client versions of Windows
#

---------------  S U M M A R Y ------------

Command Line: --add-opens=java.base/java.util=ALL-UNNAMED --add-opens=java.base/java.lang=ALL-UNNAMED --add-opens=java.base/java.lang.invoke=ALL-UNNAMED --add-opens=java.base/java.util=ALL-UNNAMED --add-opens=java.prefs/java.util.prefs=ALL-UNNAMED --add-opens=java.prefs/java.util.prefs=ALL-UNNAMED --add-opens=java.base/java.nio.charset=ALL-UNNAMED --add-opens=java.base/java.net=ALL-UNNAMED --add-opens=java.base/java.util.concurrent.atomic=ALL-UNNAMED -Xmx2048m -Dfile.encoding=UTF-8 -Duser.country=TW -Duser.language=zh -Duser.variant org.gradle.launcher.daemon.bootstrap.GradleDaemon 7.0.2

Host: Intel(R) Core(TM) i5-7200U CPU @ 2.50GHz, 4 cores, 7G,  Windows 10 , 64 bit Build 19041 (10.0.19041.2251)
Time: Sat Nov 19 17:30:35 2022 台北標準時間 elapsed time: 72.049801 seconds (0d 0h 1m 12s)

---------------  T H R E A D  ---------------

Current thread (0x0000021b7f8cb000):  JavaThread "C2 CompilerThread0" daemon [_thread_in_native, id=6704, stack(0x0000001bc5800000,0x0000001bc5900000)]


Current CompileTask:
C2:  72049 13195       4       com.android.tools.r8.internal.X4::a (1165 bytes)

Stack: [0x0000001bc5800000,0x0000001bc5900000]
Native frames: (J=compiled Java code, j=interpreted, Vv=VM code, C=native code)
V  [jvm.dll+0x6100fa]
V  [jvm.dll+0x747090]
V  [jvm.dll+0x7486ad]
V  [jvm.dll+0x748d83]
V  [jvm.dll+0x24ab48]
V  [jvm.dll+0xc04dc]
V  [jvm.dll+0xc0a0c]
V  [jvm.dll+0x35eb9d]
V  [jvm.dll+0x32b833]
V  [jvm.dll+0x32ad2a]
V  [jvm.dll+0x2032b2]
V  [jvm.dll+0x202437]
V  [jvm.dll+0x188e01]
V  [jvm.dll+0x21106b]
V  [jvm.dll+0x20f8c1]
V  [jvm.dll+0x70de0f]
V  [jvm.dll+0x706a75]
V  [jvm.dll+0x60ed66]
C  [ucrtbase.dll+0x21bb2]
C  [KERNEL32.DLL+0x174b4]
C  [ntdll.dll+0x526a1]


---------------  P R O C E S S  ---------------

Threads class SMR info:
_java_thread_list=0x0000021b1ab04770, length=55, elements={
0x0000021b7c6d0800, 0x0000021b7f893800, 0x0000021b7f894800, 0x0000021b7f8c3000,
0x0000021b7f8c4800, 0x0000021b7f8c5800, 0x0000021b7f8cb000, 0x0000021b7f9ed800,
0x0000021b7f9f4000, 0x0000021b7faff000, 0x0000021b18615000, 0x0000021b18148000,
0x0000021b17909800, 0x0000021b186c3000, 0x0000021b186c4000, 0x0000021b7fd42000,
0x0000021b7fd43000, 0x0000021b7f9dd000, 0x0000021b7f9dd800, 0x0000021b17a32000,
0x0000021b17822800, 0x0000021b17823800, 0x0000021b17826800, 0x0000021b17824000,
0x0000021b17821800, 0x0000021b17825000, 0x0000021b17821000, 0x0000021b17825800,
0x0000021b17827800, 0x0000021b18f52800, 0x0000021b18f55000, 0x0000021b18f53800,
0x0000021b18f56000, 0x0000021b18f51000, 0x0000021b18f54800, 0x0000021b18f57800,
0x0000021b18f52000, 0x0000021b18f5e000, 0x0000021b18f5b800, 0x0000021b18f5c800,
0x0000021b18f58800, 0x0000021b18f5a000, 0x0000021b18f5f000, 0x0000021b18f59800,
0x0000021b1f2b1000, 0x0000021b1f2b2800, 0x0000021b1f2af800, 0x0000021b1af0a000,
0x0000021b1f2b4800, 0x0000021b1f2b3800, 0x0000021b1f2b0000, 0x0000021b1f2b5000,
0x0000021b1caae000, 0x0000021b1caaa000, 0x0000021b1caa8000
}

Java Threads: ( => current thread )
  0x0000021b7c6d0800 JavaThread "main" [_thread_blocked, id=10188, stack(0x0000001bc4c00000,0x0000001bc4d00000)]
  0x0000021b7f893800 JavaThread "Reference Handler" daemon [_thread_blocked, id=4948, stack(0x0000001bc5300000,0x0000001bc5400000)]
  0x0000021b7f894800 JavaThread "Finalizer" daemon [_thread_blocked, id=9300, stack(0x0000001bc5400000,0x0000001bc5500000)]
  0x0000021b7f8c3000 JavaThread "Signal Dispatcher" daemon [_thread_blocked, id=1820, stack(0x0000001bc5500000,0x0000001bc5600000)]
  0x0000021b7f8c4800 JavaThread "Attach Listener" daemon [_thread_blocked, id=13528, stack(0x0000001bc5600000,0x0000001bc5700000)]
  0x0000021b7f8c5800 JavaThread "Service Thread" daemon [_thread_blocked, id=7316, stack(0x0000001bc5700000,0x0000001bc5800000)]
=>0x0000021b7f8cb000 JavaThread "C2 CompilerThread0" daemon [_thread_in_native, id=6704, stack(0x0000001bc5800000,0x0000001bc5900000)]
  0x0000021b7f9ed800 JavaThread "C1 CompilerThread0" daemon [_thread_blocked, id=13824, stack(0x0000001bc5900000,0x0000001bc5a00000)]
  0x0000021b7f9f4000 JavaThread "Sweeper thread" daemon [_thread_blocked, id=10912, stack(0x0000001bc5a00000,0x0000001bc5b00000)]
  0x0000021b7faff000 JavaThread "Common-Cleaner" daemon [_thread_blocked, id=5436, stack(0x0000001bc5b00000,0x0000001bc5c00000)]
  0x0000021b18615000 JavaThread "Daemon health stats" [_thread_blocked, id=12240, stack(0x0000001bc5f00000,0x0000001bc6000000)]
  0x0000021b18148000 JavaThread "Incoming local TCP Connector on port 50991" [_thread_in_native, id=11648, stack(0x0000001bc6000000,0x0000001bc6100000)]
  0x0000021b17909800 JavaThread "Daemon" [_thread_blocked, id=9592, stack(0x0000001bc6100000,0x0000001bc6200000)]
  0x0000021b186c3000 JavaThread "Daemon periodic checks" [_thread_blocked, id=9356, stack(0x0000001bc6200000,0x0000001bc6300000)]
  0x0000021b186c4000 JavaThread "Handler for socket connection from /127.0.0.1:50991 to /127.0.0.1:50993" [_thread_in_native, id=11012, stack(0x0000001bc6300000,0x0000001bc6400000)]
  0x0000021b7fd42000 JavaThread "Cancel handler" [_thread_blocked, id=11232, stack(0x0000001bc6400000,0x0000001bc6500000)]
  0x0000021b7fd43000 JavaThread "Daemon worker" [_thread_blocked, id=8232, stack(0x0000001bc6500000,0x0000001bc6600000)]
  0x0000021b7f9dd000 JavaThread "Asynchronous log dispatcher for DefaultDaemonConnection: socket connection from /127.0.0.1:50991 to /127.0.0.1:50993" [_thread_blocked, id=1908, stack(0x0000001bc6600000,0x0000001bc6700000)]
  0x0000021b7f9dd800 JavaThread "Stdin handler" [_thread_blocked, id=2912, stack(0x0000001bc6700000,0x0000001bc6800000)]
  0x0000021b17a32000 JavaThread "Daemon client event forwarder" [_thread_blocked, id=10852, stack(0x0000001bc6800000,0x0000001bc6900000)]
  0x0000021b17822800 JavaThread "Cache worker for file hash cache (C:\Users\a0587\.gradle\caches\7.0.2\fileHashes)" [_thread_blocked, id=13332, stack(0x0000001bc6a00000,0x0000001bc6b00000)]
  0x0000021b17823800 JavaThread "File lock request listener" [_thread_in_native, id=640, stack(0x0000001bc6b00000,0x0000001bc6c00000)]
  0x0000021b17826800 JavaThread "Cache worker for journal cache (C:\Users\a0587\.gradle\caches\journal-1)" [_thread_blocked, id=6884, stack(0x0000001bc6c00000,0x0000001bc6d00000)]
  0x0000021b17824000 JavaThread "Cache worker for file hash cache (E:\Programs\Test\.gradle\7.0.2\fileHashes)" [_thread_blocked, id=7976, stack(0x0000001bc6d00000,0x0000001bc6e00000)]
  0x0000021b17821800 JavaThread "File watcher server" daemon [_thread_in_native, id=6544, stack(0x0000001bc6e00000,0x0000001bc6f00000)]
  0x0000021b17825000 JavaThread "File watcher consumer" daemon [_thread_blocked, id=8472, stack(0x0000001bc6f00000,0x0000001bc7000000)]
  0x0000021b17821000 JavaThread "Cache worker for checksums cache (E:\Programs\Test\.gradle\checksums)" [_thread_blocked, id=9240, stack(0x0000001bc7000000,0x0000001bc7100000)]
  0x0000021b17825800 JavaThread "Cache worker for cache directory md-supplier (C:\Users\a0587\.gradle\caches\7.0.2\md-supplier)" [_thread_blocked, id=10432, stack(0x0000001bc7100000,0x0000001bc7200000)]
  0x0000021b17827800 JavaThread "Cache worker for cache directory md-rule (C:\Users\a0587\.gradle\caches\7.0.2\md-rule)" [_thread_blocked, id=13428, stack(0x0000001bc7200000,0x0000001bc7300000)]
  0x0000021b18f52800 JavaThread "Cache worker for execution history cache (C:\Users\a0587\.gradle\caches\7.0.2\executionHistory)" [_thread_blocked, id=2736, stack(0x0000001bc7300000,0x0000001bc7400000)]
  0x0000021b18f55000 JavaThread "jar transforms" [_thread_blocked, id=4664, stack(0x0000001bc7400000,0x0000001bc7500000)]
  0x0000021b18f53800 JavaThread "jar transforms Thread 2" [_thread_blocked, id=7936, stack(0x0000001bc7600000,0x0000001bc7700000)]
  0x0000021b18f56000 JavaThread "Cache worker for file content cache (C:\Users\a0587\.gradle\caches\7.0.2\fileContent)" [_thread_blocked, id=7412, stack(0x0000001bc7700000,0x0000001bc7800000)]
  0x0000021b18f51000 JavaThread "Cache worker for dependencies-accessors (E:\Programs\Test\.gradle\7.0.2\dependencies-accessors)" [_thread_blocked, id=10524, stack(0x0000001bc7800000,0x0000001bc7900000)]
  0x0000021b18f54800 JavaThread "jar transforms Thread 3" [_thread_blocked, id=12564, stack(0x0000001bc7900000,0x0000001bc7a00000)]
  0x0000021b18f57800 JavaThread "Cache worker for Build Output Cleanup Cache (E:\Programs\Test\.gradle\buildOutputCleanup)" [_thread_blocked, id=5496, stack(0x0000001bc7500000,0x0000001bc7600000)]
  0x0000021b18f52000 JavaThread "Build operations" [_thread_blocked, id=6540, stack(0x0000001bc7b00000,0x0000001bc7c00000)]
  0x0000021b18f5e000 JavaThread "Build operations Thread 2" [_thread_blocked, id=4328, stack(0x0000001bc7c00000,0x0000001bc7d00000)]
  0x0000021b18f5b800 JavaThread "Build operations Thread 3" [_thread_blocked, id=12580, stack(0x0000001bc7d00000,0x0000001bc7e00000)]
  0x0000021b18f5c800 JavaThread "Build operations Thread 4" [_thread_blocked, id=6384, stack(0x0000001bc7e00000,0x0000001bc7f00000)]
  0x0000021b18f58800 JavaThread "jar transforms Thread 4" [_thread_blocked, id=13660, stack(0x0000001bc7f00000,0x0000001bc8000000)]
  0x0000021b18f5a000 JavaThread "Memory manager" [_thread_blocked, id=2708, stack(0x0000001bc8000000,0x0000001bc8100000)]
  0x0000021b18f5f000 JavaThread "build event listener" [_thread_blocked, id=10480, stack(0x0000001bc8300000,0x0000001bc8400000)]
  0x0000021b18f59800 JavaThread "Execution worker for ':'" [_thread_blocked, id=13548, stack(0x0000001bc8400000,0x0000001bc8500000)]
  0x0000021b1f2b1000 JavaThread "Execution worker for ':' Thread 2" [_thread_blocked, id=9440, stack(0x0000001bc8500000,0x0000001bc8600000)]
  0x0000021b1f2b2800 JavaThread "Execution worker for ':' Thread 3" [_thread_blocked, id=10808, stack(0x0000001bc8600000,0x0000001bc8700000)]
  0x0000021b1f2af800 JavaThread "Cache worker for execution history cache (E:\Programs\Test\.gradle\7.0.2\executionHistory)" [_thread_blocked, id=12336, stack(0x0000001bc8700000,0x0000001bc8800000)]
  0x0000021b1af0a000 JavaThread "C2 CompilerThread1" daemon [_thread_in_native, id=13764, stack(0x0000001bc7a00000,0x0000001bc7b00000)]
  0x0000021b1f2b4800 JavaThread "WorkerExecutor Queue" [_thread_blocked, id=9832, stack(0x0000001bc8800000,0x0000001bc8900000)]
  0x0000021b1f2b3800 JavaThread "WorkerExecutor Queue Thread 2" [_thread_in_Java, id=11880, stack(0x0000001bc8900000,0x0000001bc8a00000)]
  0x0000021b1f2b0000 JavaThread "WorkerExecutor Queue Thread 3" [_thread_blocked, id=9460, stack(0x0000001bc8a00000,0x0000001bc8b00000)]
  0x0000021b1f2b5000 JavaThread "WorkerExecutor Queue Thread 5" [_thread_blocked, id=12056, stack(0x0000001bc8c00000,0x0000001bc8d00000)]
  0x0000021b1caae000 JavaThread "pool-3-thread-1" [_thread_blocked, id=11388, stack(0x0000001bc8d00000,0x0000001bc8e00000)]
  0x0000021b1caaa000 JavaThread "stderr" [_thread_in_native, id=13060, stack(0x0000001bc8e00000,0x0000001bc8f00000)]
  0x0000021b1caa8000 JavaThread "stdout" [_thread_in_native, id=2392, stack(0x0000001bc8f00000,0x0000001bc9000000)]

Other Threads:
  0x0000021b7f88e800 VMThread "VM Thread" [stack: 0x0000001bc5200000,0x0000001bc5300000] [id=1928]
  0x0000021b7fb4d000 WatcherThread [stack: 0x0000001bc5c00000,0x0000001bc5d00000] [id=13784]
  0x0000021b7c6ea000 GCTaskThread "GC Thread#0" [stack: 0x0000001bc4d00000,0x0000001bc4e00000] [id=6392]
  0x0000021b17869000 GCTaskThread "GC Thread#1" [stack: 0x0000001bc5d00000,0x0000001bc5e00000] [id=8340]
  0x0000021b17869800 GCTaskThread "GC Thread#2" [stack: 0x0000001bc5e00000,0x0000001bc5f00000] [id=6552]
  0x0000021b1818f000 GCTaskThread "GC Thread#3" [stack: 0x0000001bc6900000,0x0000001bc6a00000] [id=2056]
  0x0000021b7c719000 ConcurrentGCThread "G1 Main Marker" [stack: 0x0000001bc4e00000,0x0000001bc4f00000] [id=6496]
  0x0000021b7c71a800 ConcurrentGCThread "G1 Conc#0" [stack: 0x0000001bc4f00000,0x0000001bc5000000] [id=7916]
  0x0000021b7c7a9000 ConcurrentGCThread "G1 Refine#0" [stack: 0x0000001bc5000000,0x0000001bc5100000] [id=13048]
  0x0000021b7c7aa800 ConcurrentGCThread "G1 Young RemSet Sampling" [stack: 0x0000001bc5100000,0x0000001bc5200000] [id=11392]

Threads with active compile tasks:
C2 CompilerThread0  72238 13195       4       com.android.tools.r8.internal.X4::a (1165 bytes)
C2 CompilerThread1  72238 13191       4       com.android.tools.r8.internal.X4::a (268 bytes)

VM state:not at safepoint (normal execution)

VM Mutex/Monitor currently owned by a thread: None

Heap address: 0x0000000080000000, size: 2048 MB, Compressed Oops mode: 32-bit
Narrow klass base: 0x0000000000000000, Narrow klass shift: 3
Compressed class space size: 1073741824 Address: 0x0000000100000000

Heap:
 garbage-first heap   total 157696K, used 125657K [0x0000000080000000, 0x0000000100000000)
  region size 1024K, 34 young (34816K), 2 survivors (2048K)
 Metaspace       used 96528K, capacity 99030K, committed 99152K, reserved 1134592K
  class space    used 12385K, capacity 13296K, committed 13312K, reserved 1048576K
Heap Regions: E=young(eden), S=young(survivor), O=old, HS=humongous(starts), HC=humongous(continues), CS=collection set, F=free, A=archive, TAMS=top-at-mark-start (previous, next)
|   0|0x0000000080000000, 0x0000000080100000, 0x0000000080100000|100%| O|  |TAMS 0x0000000080100000, 0x0000000080000000| Untracked 
|   1|0x0000000080100000, 0x0000000080200000, 0x0000000080200000|100%| O|  |TAMS 0x0000000080200000, 0x0000000080100000| Untracked 
|   2|0x0000000080200000, 0x0000000080300000, 0x0000000080300000|100%| O|  |TAMS 0x0000000080300000, 0x0000000080200000| Untracked 
|   3|0x0000000080300000, 0x0000000080400000, 0x0000000080400000|100%|HS|  |TAMS 0x0000000080400000, 0x0000000080300000| Complete 
|   4|0x0000000080400000, 0x0000000080500000, 0x0000000080500000|100%|HC|  |TAMS 0x0000000080500000, 0x0000000080400000| Complete 
|   5|0x0000000080500000, 0x0000000080600000, 0x0000000080600000|100%|HC|  |TAMS 0x0000000080600000, 0x0000000080500000| Complete 
|   6|0x0000000080600000, 0x0000000080700000, 0x0000000080700000|100%| O|  |TAMS 0x0000000080700000, 0x0000000080600000| Complete 
|   7|0x0000000080700000, 0x0000000080800000, 0x0000000080800000|100%| O|  |TAMS 0x0000000080800000, 0x0000000080700000| Untracked 
|   8|0x0000000080800000, 0x0000000080900000, 0x0000000080900000|100%| O|  |TAMS 0x0000000080900000, 0x0000000080800000| Untracked 
|   9|0x0000000080900000, 0x0000000080a00000, 0x0000000080a00000|100%| O|  |TAMS 0x0000000080a00000, 0x0000000080900000| Untracked 
|  10|0x0000000080a00000, 0x0000000080b00000, 0x0000000080b00000|100%| O|  |TAMS 0x0000000080b00000, 0x0000000080a00000| Complete 
|  11|0x0000000080b00000, 0x0000000080c00000, 0x0000000080c00000|100%| O|  |TAMS 0x0000000080c00000, 0x0000000080b00000| Untracked 
|  12|0x0000000080c00000, 0x0000000080d00000, 0x0000000080d00000|100%| O|  |TAMS 0x0000000080d00000, 0x0000000080c00000| Untracked 
|  13|0x0000000080d00000, 0x0000000080e00000, 0x0000000080e00000|100%| O|  |TAMS 0x0000000080e00000, 0x0000000080d00000| Untracked 
|  14|0x0000000080e00000, 0x0000000080f00000, 0x0000000080f00000|100%| O|  |TAMS 0x0000000080f00000, 0x0000000080e00000| Untracked 
|  15|0x0000000080f00000, 0x0000000081000000, 0x0000000081000000|100%| O|  |TAMS 0x0000000081000000, 0x0000000080f00000| Untracked 
|  16|0x0000000081000000, 0x0000000081100000, 0x0000000081100000|100%| O|  |TAMS 0x0000000081100000, 0x0000000081000000| Untracked 
|  17|0x0000000081100000, 0x0000000081200000, 0x0000000081200000|100%| O|  |TAMS 0x0000000081200000, 0x0000000081100000| Untracked 
|  18|0x0000000081200000, 0x0000000081300000, 0x0000000081300000|100%| O|  |TAMS 0x0000000081300000, 0x0000000081200000| Untracked 
|  19|0x0000000081300000, 0x0000000081400000, 0x0000000081400000|100%|HS|  |TAMS 0x0000000081400000, 0x0000000081300000| Complete 
|  20|0x0000000081400000, 0x0000000081500000, 0x0000000081500000|100%| O|  |TAMS 0x0000000081500000, 0x0000000081400000| Untracked 
|  21|0x0000000081500000, 0x0000000081600000, 0x0000000081600000|100%| O|  |TAMS 0x0000000081600000, 0x0000000081500000| Untracked 
|  22|0x0000000081600000, 0x0000000081700000, 0x0000000081700000|100%| O|  |TAMS 0x0000000081700000, 0x0000000081600000| Untracked 
|  23|0x0000000081700000, 0x0000000081800000, 0x0000000081800000|100%| O|  |TAMS 0x0000000081800000, 0x0000000081700000| Untracked 
|  24|0x0000000081800000, 0x0000000081900000, 0x0000000081900000|100%| O|  |TAMS 0x0000000081900000, 0x0000000081800000| Untracked 
|  25|0x0000000081900000, 0x0000000081a00000, 0x0000000081a00000|100%| O|  |TAMS 0x0000000081a00000, 0x0000000081900000| Untracked 
|  26|0x0000000081a00000, 0x0000000081b00000, 0x0000000081b00000|100%| O|  |TAMS 0x0000000081b00000, 0x0000000081a00000| Untracked 
|  27|0x0000000081b00000, 0x0000000081c00000, 0x0000000081c00000|100%| O|  |TAMS 0x0000000081c00000, 0x0000000081b00000| Untracked 
|  28|0x0000000081c00000, 0x0000000081d00000, 0x0000000081d00000|100%|HS|  |TAMS 0x0000000081d00000, 0x0000000081c00000| Complete 
|  29|0x0000000081d00000, 0x0000000081e00000, 0x0000000081e00000|100%|HS|  |TAMS 0x0000000081e00000, 0x0000000081d00000| Complete 
|  30|0x0000000081e00000, 0x0000000081f00000, 0x0000000081f00000|100%|HC|  |TAMS 0x0000000081f00000, 0x0000000081e00000| Complete 
|  31|0x0000000081f00000, 0x0000000082000000, 0x0000000082000000|100%| O|  |TAMS 0x0000000082000000, 0x0000000081f00000| Complete 
|  32|0x0000000082000000, 0x0000000082100000, 0x0000000082100000|100%| O|  |TAMS 0x0000000082100000, 0x0000000082000000| Untracked 
|  33|0x0000000082100000, 0x0000000082200000, 0x0000000082200000|100%| O|  |TAMS 0x0000000082200000, 0x0000000082100000| Untracked 
|  34|0x0000000082200000, 0x0000000082300000, 0x0000000082300000|100%| O|  |TAMS 0x0000000082300000, 0x0000000082200000| Untracked 
|  35|0x0000000082300000, 0x0000000082400000, 0x0000000082400000|100%| O|  |TAMS 0x0000000082400000, 0x0000000082300000| Complete 
|  36|0x0000000082400000, 0x0000000082500000, 0x0000000082500000|100%| O|  |TAMS 0x0000000082500000, 0x0000000082400000| Complete 
|  37|0x0000000082500000, 0x0000000082600000, 0x0000000082600000|100%| O|  |TAMS 0x0000000082600000, 0x0000000082500000| Untracked 
|  38|0x0000000082600000, 0x0000000082700000, 0x0000000082700000|100%| O|  |TAMS 0x0000000082700000, 0x0000000082600000| Untracked 
|  39|0x0000000082700000, 0x0000000082800000, 0x0000000082800000|100%| O|  |TAMS 0x0000000082800000, 0x0000000082700000| Untracked 
|  40|0x0000000082800000, 0x0000000082900000, 0x0000000082900000|100%| O|  |TAMS 0x0000000082900000, 0x0000000082800000| Untracked 
|  41|0x0000000082900000, 0x0000000082a00000, 0x0000000082a00000|100%| O|  |TAMS 0x0000000082a00000, 0x0000000082900000| Complete 
|  42|0x0000000082a00000, 0x0000000082b00000, 0x0000000082b00000|100%| O|  |TAMS 0x0000000082b00000, 0x0000000082a00000| Untracked 
|  43|0x0000000082b00000, 0x0000000082c00000, 0x0000000082c00000|100%| O|  |TAMS 0x0000000082c00000, 0x0000000082b00000| Untracked 
|  44|0x0000000082c00000, 0x0000000082d00000, 0x0000000082d00000|100%| O|  |TAMS 0x0000000082d00000, 0x0000000082c00000| Untracked 
|  45|0x0000000082d00000, 0x0000000082e00000, 0x0000000082e00000|100%| O|  |TAMS 0x0000000082e00000, 0x0000000082d00000| Untracked 
|  46|0x0000000082e00000, 0x0000000082f00000, 0x0000000082f00000|100%| O|  |TAMS 0x0000000082f00000, 0x0000000082e00000| Untracked 
|  47|0x0000000082f00000, 0x0000000083000000, 0x0000000083000000|100%| O|  |TAMS 0x0000000083000000, 0x0000000082f00000| Untracked 
|  48|0x0000000083000000, 0x0000000083100000, 0x0000000083100000|100%| O|  |TAMS 0x0000000083100000, 0x0000000083000000| Untracked 
|  49|0x0000000083100000, 0x0000000083200000, 0x0000000083200000|100%| O|  |TAMS 0x0000000083200000, 0x0000000083100000| Untracked 
|  50|0x0000000083200000, 0x0000000083300000, 0x0000000083300000|100%| O|  |TAMS 0x0000000083300000, 0x0000000083200000| Untracked 
|  51|0x0000000083300000, 0x0000000083400000, 0x0000000083400000|100%| O|  |TAMS 0x0000000083400000, 0x0000000083300000| Untracked 
|  52|0x0000000083400000, 0x0000000083500000, 0x0000000083500000|100%| O|  |TAMS 0x0000000083500000, 0x0000000083400000| Untracked 
|  53|0x0000000083500000, 0x0000000083600000, 0x0000000083600000|100%| O|  |TAMS 0x0000000083600000, 0x0000000083500000| Untracked 
|  54|0x0000000083600000, 0x0000000083700000, 0x0000000083700000|100%| O|  |TAMS 0x0000000083700000, 0x0000000083600000| Untracked 
|  55|0x0000000083700000, 0x0000000083800000, 0x0000000083800000|100%| O|  |TAMS 0x0000000083800000, 0x0000000083700000| Untracked 
|  56|0x0000000083800000, 0x0000000083900000, 0x0000000083900000|100%| O|  |TAMS 0x0000000083900000, 0x0000000083800000| Untracked 
|  57|0x0000000083900000, 0x0000000083a00000, 0x0000000083a00000|100%| O|  |TAMS 0x0000000083a00000, 0x0000000083900000| Complete 
|  58|0x0000000083a00000, 0x0000000083b00000, 0x0000000083b00000|100%| O|  |TAMS 0x0000000083b00000, 0x0000000083a00000| Untracked 
|  59|0x0000000083b00000, 0x0000000083c00000, 0x0000000083c00000|100%| O|  |TAMS 0x0000000083c00000, 0x0000000083b00000| Untracked 
|  60|0x0000000083c00000, 0x0000000083d00000, 0x0000000083d00000|100%| O|  |TAMS 0x0000000083d00000, 0x0000000083c00000| Complete 
|  61|0x0000000083d00000, 0x0000000083e00000, 0x0000000083e00000|100%| O|  |TAMS 0x0000000083e00000, 0x0000000083d00000| Untracked 
|  62|0x0000000083e00000, 0x0000000083f00000, 0x0000000083f00000|100%| O|  |TAMS 0x0000000083f00000, 0x0000000083e00000| Untracked 
|  63|0x0000000083f00000, 0x0000000084000000, 0x0000000084000000|100%| O|  |TAMS 0x0000000084000000, 0x0000000083f00000| Complete 
|  64|0x0000000084000000, 0x0000000084100000, 0x0000000084100000|100%| O|  |TAMS 0x0000000084100000, 0x0000000084000000| Untracked 
|  65|0x0000000084100000, 0x0000000084200000, 0x0000000084200000|100%| O|  |TAMS 0x0000000084200000, 0x0000000084100000| Untracked 
|  66|0x0000000084200000, 0x0000000084300000, 0x0000000084300000|100%| O|  |TAMS 0x0000000084300000, 0x0000000084200000| Untracked 
|  67|0x0000000084300000, 0x0000000084400000, 0x0000000084400000|100%| O|  |TAMS 0x0000000084400000, 0x0000000084300000| Complete 
|  68|0x0000000084400000, 0x0000000084500000, 0x0000000084500000|100%| O|  |TAMS 0x0000000084500000, 0x0000000084400000| Untracked 
|  69|0x0000000084500000, 0x0000000084600000, 0x0000000084600000|100%| O|  |TAMS 0x0000000084600000, 0x0000000084500000| Untracked 
|  70|0x0000000084600000, 0x0000000084700000, 0x0000000084700000|100%| O|  |TAMS 0x0000000084700000, 0x0000000084600000| Untracked 
|  71|0x0000000084700000, 0x0000000084800000, 0x0000000084800000|100%| O|  |TAMS 0x0000000084800000, 0x0000000084700000| Untracked 
|  72|0x0000000084800000, 0x0000000084900000, 0x0000000084900000|100%| O|  |TAMS 0x0000000084900000, 0x0000000084800000| Complete 
|  73|0x0000000084900000, 0x0000000084a00000, 0x0000000084a00000|100%| O|  |TAMS 0x0000000084a00000, 0x0000000084900000| Complete 
|  74|0x0000000084a00000, 0x0000000084b00000, 0x0000000084b00000|100%| O|  |TAMS 0x0000000084b00000, 0x0000000084a00000| Complete 
|  75|0x0000000084b00000, 0x0000000084c00000, 0x0000000084c00000|100%| O|  |TAMS 0x0000000084c00000, 0x0000000084b00000| Complete 
|  76|0x0000000084c00000, 0x0000000084d00000, 0x0000000084d00000|100%| O|  |TAMS 0x0000000084d00000, 0x0000000084c00000| Complete 
|  77|0x0000000084d00000, 0x0000000084e00000, 0x0000000084e00000|100%| O|  |TAMS 0x0000000084e00000, 0x0000000084d00000| Complete 
|  78|0x0000000084e00000, 0x0000000084f00000, 0x0000000084f00000|100%| O|  |TAMS 0x0000000084f00000, 0x0000000084e00000| Complete 
|  79|0x0000000084f00000, 0x0000000085000000, 0x0000000085000000|100%| O|  |TAMS 0x0000000085000000, 0x0000000084f00000| Untracked 
|  80|0x0000000085000000, 0x0000000085100000, 0x0000000085100000|100%| O|  |TAMS 0x0000000085100000, 0x0000000085000000| Complete 
|  81|0x0000000085100000, 0x0000000085200000, 0x0000000085200000|100%| O|  |TAMS 0x0000000085200000, 0x0000000085100000| Complete 
|  82|0x0000000085200000, 0x0000000085300000, 0x0000000085300000|100%| O|  |TAMS 0x0000000085300000, 0x0000000085200000| Complete 
|  83|0x0000000085300000, 0x0000000085400000, 0x0000000085400000|100%| O|  |TAMS 0x0000000085400000, 0x0000000085300000| Untracked 
|  84|0x0000000085400000, 0x0000000085500000, 0x0000000085500000|100%| O|  |TAMS 0x0000000085500000, 0x0000000085400000| Complete 
|  85|0x0000000085500000, 0x0000000085600000, 0x0000000085600000|100%| O|  |TAMS 0x0000000085600000, 0x0000000085500000| Complete 
|  86|0x0000000085600000, 0x0000000085700000, 0x0000000085700000|100%| O|  |TAMS 0x0000000085700000, 0x0000000085600000| Complete 
|  87|0x0000000085700000, 0x0000000085800000, 0x0000000085800000|100%| O|  |TAMS 0x0000000085800000, 0x0000000085700000| Complete 
|  88|0x0000000085800000, 0x0000000085900000, 0x0000000085900000|100%| O|  |TAMS 0x0000000085900000, 0x0000000085800000| Complete 
|  89|0x0000000085900000, 0x00000000859c3600, 0x0000000085a00000| 76%| O|  |TAMS 0x00000000859b2200, 0x0000000085900000| Untracked 
|  90|0x0000000085a00000, 0x0000000085a00000, 0x0000000085b00000|  0%| F|  |TAMS 0x0000000085a00000, 0x0000000085a00000| Untracked 
|  91|0x0000000085b00000, 0x0000000085b00000, 0x0000000085c00000|  0%| F|  |TAMS 0x0000000085b00000, 0x0000000085b00000| Untracked 
|  92|0x0000000085c00000, 0x0000000085c00000, 0x0000000085d00000|  0%| F|  |TAMS 0x0000000085c00000, 0x0000000085c00000| Untracked 
|  93|0x0000000085d00000, 0x0000000085d00000, 0x0000000085e00000|  0%| F|  |TAMS 0x0000000085d00000, 0x0000000085d00000| Untracked 
|  94|0x0000000085e00000, 0x0000000085e00000, 0x0000000085f00000|  0%| F|  |TAMS 0x0000000085e00000, 0x0000000085e00000| Untracked 
|  95|0x0000000085f00000, 0x0000000085f00000, 0x0000000086000000|  0%| F|  |TAMS 0x0000000085f00000, 0x0000000085f00000| Untracked 
|  96|0x0000000086000000, 0x0000000086000000, 0x0000000086100000|  0%| F|  |TAMS 0x0000000086000000, 0x0000000086000000| Untracked 
|  97|0x0000000086100000, 0x0000000086100000, 0x0000000086200000|  0%| F|  |TAMS 0x0000000086100000, 0x0000000086100000| Untracked 
|  98|0x0000000086200000, 0x0000000086200000, 0x0000000086300000|  0%| F|  |TAMS 0x0000000086200000, 0x0000000086200000| Untracked 
|  99|0x0000000086300000, 0x0000000086300000, 0x0000000086400000|  0%| F|  |TAMS 0x0000000086300000, 0x0000000086300000| Untracked 
| 100|0x0000000086400000, 0x0000000086400000, 0x0000000086500000|  0%| F|  |TAMS 0x0000000086400000, 0x0000000086400000| Untracked 
| 101|0x0000000086500000, 0x0000000086500000, 0x0000000086600000|  0%| F|  |TAMS 0x0000000086500000, 0x0000000086500000| Untracked 
| 102|0x0000000086600000, 0x0000000086600000, 0x0000000086700000|  0%| F|  |TAMS 0x0000000086600000, 0x0000000086600000| Untracked 
| 103|0x0000000086700000, 0x0000000086700000, 0x0000000086800000|  0%| F|  |TAMS 0x0000000086700000, 0x0000000086700000| Untracked 
| 104|0x0000000086800000, 0x0000000086800000, 0x0000000086900000|  0%| F|  |TAMS 0x0000000086800000, 0x0000000086800000| Untracked 
| 105|0x0000000086900000, 0x0000000086900000, 0x0000000086a00000|  0%| F|  |TAMS 0x0000000086900000, 0x0000000086900000| Untracked 
| 106|0x0000000086a00000, 0x0000000086a00000, 0x0000000086b00000|  0%| F|  |TAMS 0x0000000086a00000, 0x0000000086a00000| Untracked 
| 107|0x0000000086b00000, 0x0000000086b00000, 0x0000000086c00000|  0%| F|  |TAMS 0x0000000086b00000, 0x0000000086b00000| Untracked 
| 108|0x0000000086c00000, 0x0000000086c00000, 0x0000000086d00000|  0%| F|  |TAMS 0x0000000086c00000, 0x0000000086c00000| Untracked 
| 109|0x0000000086d00000, 0x0000000086df2e18, 0x0000000086e00000| 94%| S|CS|TAMS 0x0000000086d00000, 0x0000000086d00000| Complete 
| 110|0x0000000086e00000, 0x0000000086e00000, 0x0000000086f00000|  0%| F|  |TAMS 0x0000000086e00000, 0x0000000086e00000| Untracked 
| 111|0x0000000086f00000, 0x0000000087000000, 0x0000000087000000|100%| S|CS|TAMS 0x0000000086f00000, 0x0000000086f00000| Complete 
| 112|0x0000000087000000, 0x0000000087000000, 0x0000000087100000|  0%| F|  |TAMS 0x0000000087000000, 0x0000000087000000| Untracked 
| 113|0x0000000087100000, 0x0000000087100000, 0x0000000087200000|  0%| F|  |TAMS 0x0000000087100000, 0x0000000087100000| Untracked 
| 114|0x0000000087200000, 0x0000000087200000, 0x0000000087300000|  0%| F|  |TAMS 0x0000000087200000, 0x0000000087200000| Untracked 
| 115|0x0000000087300000, 0x0000000087300000, 0x0000000087400000|  0%| F|  |TAMS 0x0000000087300000, 0x0000000087300000| Untracked 
| 116|0x0000000087400000, 0x0000000087400000, 0x0000000087500000|  0%| F|  |TAMS 0x0000000087400000, 0x0000000087400000| Untracked 
| 117|0x0000000087500000, 0x0000000087500000, 0x0000000087600000|  0%| F|  |TAMS 0x0000000087500000, 0x0000000087500000| Untracked 
| 118|0x0000000087600000, 0x0000000087600000, 0x0000000087700000|  0%| F|  |TAMS 0x0000000087600000, 0x0000000087600000| Untracked 
| 119|0x0000000087700000, 0x0000000087700000, 0x0000000087800000|  0%| F|  |TAMS 0x0000000087700000, 0x0000000087700000| Untracked 
| 120|0x0000000087800000, 0x0000000087800000, 0x0000000087900000|  0%| F|  |TAMS 0x0000000087800000, 0x0000000087800000| Untracked 
| 121|0x0000000087900000, 0x0000000087900000, 0x0000000087a00000|  0%| F|  |TAMS 0x0000000087900000, 0x0000000087900000| Untracked 
| 122|0x0000000087a00000, 0x0000000087a81a10, 0x0000000087b00000| 50%| E|  |TAMS 0x0000000087a00000, 0x0000000087a00000| Complete 
| 123|0x0000000087b00000, 0x0000000087c00000, 0x0000000087c00000|100%| E|CS|TAMS 0x0000000087b00000, 0x0000000087b00000| Complete 
| 124|0x0000000087c00000, 0x0000000087d00000, 0x0000000087d00000|100%| E|CS|TAMS 0x0000000087c00000, 0x0000000087c00000| Complete 
| 125|0x0000000087d00000, 0x0000000087e00000, 0x0000000087e00000|100%| E|CS|TAMS 0x0000000087d00000, 0x0000000087d00000| Complete 
| 126|0x0000000087e00000, 0x0000000087f00000, 0x0000000087f00000|100%| E|CS|TAMS 0x0000000087e00000, 0x0000000087e00000| Complete 
| 127|0x0000000087f00000, 0x0000000088000000, 0x0000000088000000|100%| E|CS|TAMS 0x0000000087f00000, 0x0000000087f00000| Complete 
| 128|0x0000000088000000, 0x0000000088100000, 0x0000000088100000|100%| E|CS|TAMS 0x0000000088000000, 0x0000000088000000| Complete 
| 129|0x0000000088100000, 0x0000000088200000, 0x0000000088200000|100%| E|CS|TAMS 0x0000000088100000, 0x0000000088100000| Complete 
| 130|0x0000000088200000, 0x0000000088300000, 0x0000000088300000|100%| E|CS|TAMS 0x0000000088200000, 0x0000000088200000| Complete 
| 131|0x0000000088300000, 0x0000000088400000, 0x0000000088400000|100%| E|CS|TAMS 0x0000000088300000, 0x0000000088300000| Complete 
| 132|0x0000000088400000, 0x0000000088500000, 0x0000000088500000|100%| E|CS|TAMS 0x0000000088400000, 0x0000000088400000| Complete 
| 133|0x0000000088500000, 0x0000000088600000, 0x0000000088600000|100%| E|CS|TAMS 0x0000000088500000, 0x0000000088500000| Complete 
| 134|0x0000000088600000, 0x0000000088700000, 0x0000000088700000|100%| E|CS|TAMS 0x0000000088600000, 0x0000000088600000| Complete 
| 135|0x0000000088700000, 0x0000000088800000, 0x0000000088800000|100%| E|CS|TAMS 0x0000000088700000, 0x0000000088700000| Complete 
| 136|0x0000000088800000, 0x0000000088900000, 0x0000000088900000|100%| E|CS|TAMS 0x0000000088800000, 0x0000000088800000| Complete 
| 137|0x0000000088900000, 0x0000000088a00000, 0x0000000088a00000|100%| E|CS|TAMS 0x0000000088900000, 0x0000000088900000| Complete 
| 138|0x0000000088a00000, 0x0000000088b00000, 0x0000000088b00000|100%| E|CS|TAMS 0x0000000088a00000, 0x0000000088a00000| Complete 
| 139|0x0000000088b00000, 0x0000000088c00000, 0x0000000088c00000|100%| E|CS|TAMS 0x0000000088b00000, 0x0000000088b00000| Complete 
| 140|0x0000000088c00000, 0x0000000088d00000, 0x0000000088d00000|100%| E|CS|TAMS 0x0000000088c00000, 0x0000000088c00000| Complete 
| 141|0x0000000088d00000, 0x0000000088e00000, 0x0000000088e00000|100%| E|CS|TAMS 0x0000000088d00000, 0x0000000088d00000| Complete 
| 142|0x0000000088e00000, 0x0000000088f00000, 0x0000000088f00000|100%| E|CS|TAMS 0x0000000088e00000, 0x0000000088e00000| Complete 
| 143|0x0000000088f00000, 0x0000000089000000, 0x0000000089000000|100%| E|CS|TAMS 0x0000000088f00000, 0x0000000088f00000| Complete 
| 144|0x0000000089000000, 0x0000000089100000, 0x0000000089100000|100%| E|CS|TAMS 0x0000000089000000, 0x0000000089000000| Complete 
| 145|0x0000000089100000, 0x0000000089200000, 0x0000000089200000|100%| E|CS|TAMS 0x0000000089100000, 0x0000000089100000| Complete 
| 146|0x0000000089200000, 0x0000000089300000, 0x0000000089300000|100%| E|CS|TAMS 0x0000000089200000, 0x0000000089200000| Complete 
| 147|0x0000000089300000, 0x0000000089400000, 0x0000000089400000|100%| E|CS|TAMS 0x0000000089300000, 0x0000000089300000| Complete 
| 148|0x0000000089400000, 0x0000000089500000, 0x0000000089500000|100%| E|CS|TAMS 0x0000000089400000, 0x0000000089400000| Complete 
| 149|0x0000000089500000, 0x0000000089600000, 0x0000000089600000|100%| E|CS|TAMS 0x0000000089500000, 0x0000000089500000| Complete 
| 150|0x0000000089600000, 0x0000000089700000, 0x0000000089700000|100%| E|CS|TAMS 0x0000000089600000, 0x0000000089600000| Complete 
| 151|0x0000000089700000, 0x0000000089800000, 0x0000000089800000|100%| E|CS|TAMS 0x0000000089700000, 0x0000000089700000| Complete 
| 152|0x0000000089800000, 0x0000000089900000, 0x0000000089900000|100%| E|CS|TAMS 0x0000000089800000, 0x0000000089800000| Complete 
| 153|0x0000000089900000, 0x0000000089a00000, 0x0000000089a00000|100%| E|CS|TAMS 0x0000000089900000, 0x0000000089900000| Complete 

Card table byte_map: [0x0000021b7cbb0000,0x0000021b7cfb0000] _byte_map_base: 0x0000021b7c7b0000

Marking Bits (Prev, Next): (CMBitMap*) 0x0000021b7c710690, (CMBitMap*) 0x0000021b7c710658
 Prev Bits: [0x0000021b12a40000, 0x0000021b14a40000)
 Next Bits: [0x0000021b7d3b0000, 0x0000021b7f3b0000)

Polling page: 0x0000021b7a6f0000

Metaspace:

Usage:
  Non-class:     83.72 MB capacity,    82.17 MB ( 98%) used,     1.27 MB (  2%) free+waste,   287.44 KB ( <1%) overhead. 
      Class:     12.98 MB capacity,    12.10 MB ( 93%) used,   782.80 KB (  6%) free+waste,   127.88 KB ( <1%) overhead. 
       Both:     96.71 MB capacity,    94.27 MB ( 97%) used,     2.04 MB (  2%) free+waste,   415.31 KB ( <1%) overhead. 

Virtual space:
  Non-class space:       84.00 MB reserved,      83.83 MB (>99%) committed 
      Class space:        1.00 GB reserved,      13.00 MB (  1%) committed 
             Both:        1.08 GB reserved,      96.83 MB (  9%) committed 

Chunk freelists:
   Non-Class:  42.00 KB
       Class:  16.00 KB
        Both:  58.00 KB

MaxMetaspaceSize: 17179869184.00 GB
CompressedClassSpaceSize: 1.00 GB
Initial GC threshold: 20.80 MB
Current GC threshold: 161.38 MB
CDS: off

CodeHeap 'non-profiled nmethods': size=120064Kb used=8475Kb max_used=8475Kb free=111588Kb
 bounds [0x0000021b0b500000, 0x0000021b0bd50000, 0x0000021b12a40000]
CodeHeap 'profiled nmethods': size=120000Kb used=30715Kb max_used=30715Kb free=89284Kb
 bounds [0x0000021b03fd0000, 0x0000021b05dd0000, 0x0000021b0b500000]
CodeHeap 'non-nmethods': size=5696Kb used=2390Kb max_used=2450Kb free=3306Kb
 bounds [0x0000021b03a40000, 0x0000021b03cb0000, 0x0000021b03fd0000]
 total_blobs=14049 nmethods=13136 adapters=824
 compilation: enabled
              stopped_count=0, restarted_count=0
 full_count=0

Compilation events (20 events):
Event: 71.305 Thread 0x0000021b7f9ed800 13297       2       com.android.tools.r8.internal.ND::a (149 bytes)
Event: 71.307 Thread 0x0000021b7f9ed800 nmethod 13297 0x0000021b05da8b90 code [0x0000021b05da8e00, 0x0000021b05da9338]
Event: 71.307 Thread 0x0000021b7f9ed800 13298       1       com.android.tools.r8.internal.Os::Z1 (3 bytes)
Event: 71.308 Thread 0x0000021b7f9ed800 nmethod 13298 0x0000021b0bd33110 code [0x0000021b0bd332c0, 0x0000021b0bd33378]
Event: 71.308 Thread 0x0000021b7f9ed800 13299       1       com.android.tools.r8.internal.Os::Y1 (3 bytes)
Event: 71.308 Thread 0x0000021b7f9ed800 nmethod 13299 0x0000021b0bd33410 code [0x0000021b0bd335c0, 0x0000021b0bd33678]
Event: 71.313 Thread 0x0000021b7f9ed800 13300       2       com.android.tools.r8.internal.Qr::d0 (2 bytes)
Event: 71.314 Thread 0x0000021b7f9ed800 nmethod 13300 0x0000021b05da9810 code [0x0000021b05da99c0, 0x0000021b05da9ab8]
Event: 71.318 Thread 0x0000021b7f9ed800 13301       2       com.android.tools.r8.internal.X4$$Lambda$1149/0x0000000100c8d040::apply (8 bytes)
Event: 71.319 Thread 0x0000021b7f9ed800 nmethod 13301 0x0000021b05da9b90 code [0x0000021b05da9d40, 0x0000021b05da9eb8]
Event: 71.321 Thread 0x0000021b7f9ed800 13303       2       com.android.tools.r8.internal.q1::a (5 bytes)
Event: 71.321 Thread 0x0000021b7f9ed800 nmethod 13303 0x0000021b05daa010 code [0x0000021b05daa1c0, 0x0000021b05daa2b8]
Event: 71.326 Thread 0x0000021b7f9ed800 13304       2       com.android.tools.r8.internal.tz::b (156 bytes)
Event: 71.328 Thread 0x0000021b7f9ed800 nmethod 13304 0x0000021b05daa390 code [0x0000021b05daa620, 0x0000021b05dab278]
Event: 71.341 Thread 0x0000021b7f9ed800 13305       2       com.android.tools.r8.graph.T::a (119 bytes)
Event: 71.343 Thread 0x0000021b7f9ed800 nmethod 13305 0x0000021b05dab790 code [0x0000021b05daba20, 0x0000021b05dac348]
Event: 71.364 Thread 0x0000021b7f9ed800 13306 %     3       com.android.tools.r8.internal.Ne::a @ 16 (122 bytes)
Event: 71.366 Thread 0x0000021b7f9ed800 nmethod 13306% 0x0000021b05dac890 code [0x0000021b05dacbc0, 0x0000021b05dae248]
Event: 71.388 Thread 0x0000021b7f9ed800 13308       2       com.android.tools.r8.internal.Os::i0 (2 bytes)
Event: 71.388 Thread 0x0000021b7f9ed800 nmethod 13308 0x0000021b05daea10 code [0x0000021b05daebc0, 0x0000021b05daecb8]

GC Heap History (20 events):
Event: 67.943 GC heap before
{Heap before GC invocations=48 (full 0):
 garbage-first heap   total 157696K, used 133792K [0x0000000080000000, 0x0000000100000000)
  region size 1024K, 42 young (43008K), 2 survivors (2048K)
 Metaspace       used 96310K, capacity 98805K, committed 98896K, reserved 1134592K
  class space    used 12375K, capacity 13289K, committed 13312K, reserved 1048576K
}
Event: 67.946 GC heap after
{Heap after GC invocations=49 (full 0):
 garbage-first heap   total 157696K, used 92334K [0x0000000080000000, 0x0000000100000000)
  region size 1024K, 1 young (1024K), 1 survivors (1024K)
 Metaspace       used 96310K, capacity 98805K, committed 98896K, reserved 1134592K
  class space    used 12375K, capacity 13289K, committed 13312K, reserved 1048576K
}
Event: 68.349 GC heap before
{Heap before GC invocations=49 (full 0):
 garbage-first heap   total 157696K, used 134318K [0x0000000080000000, 0x0000000100000000)
  region size 1024K, 42 young (43008K), 1 survivors (1024K)
 Metaspace       used 96328K, capacity 98811K, committed 98896K, reserved 1134592K
  class space    used 12377K, capacity 13291K, committed 13312K, reserved 1048576K
}
Event: 68.352 GC heap after
{Heap after GC invocations=50 (full 0):
 garbage-first heap   total 157696K, used 92561K [0x0000000080000000, 0x0000000100000000)
  region size 1024K, 1 young (1024K), 1 survivors (1024K)
 Metaspace       used 96328K, capacity 98811K, committed 98896K, reserved 1134592K
  class space    used 12377K, capacity 13291K, committed 13312K, reserved 1048576K
}
Event: 68.943 GC heap before
{Heap before GC invocations=51 (full 0):
 garbage-first heap   total 157696K, used 134545K [0x0000000080000000, 0x0000000100000000)
  region size 1024K, 42 young (43008K), 1 survivors (1024K)
 Metaspace       used 96345K, capacity 98876K, committed 99152K, reserved 1134592K
  class space    used 12377K, capacity 13291K, committed 13312K, reserved 1048576K
}
Event: 68.947 GC heap after
{Heap after GC invocations=52 (full 0):
 garbage-first heap   total 157696K, used 92912K [0x0000000080000000, 0x0000000100000000)
  region size 1024K, 2 young (2048K), 2 survivors (2048K)
 Metaspace       used 96345K, capacity 98876K, committed 99152K, reserved 1134592K
  class space    used 12377K, capacity 13291K, committed 13312K, reserved 1048576K
}
Event: 69.216 GC heap before
{Heap before GC invocations=52 (full 0):
 garbage-first heap   total 157696K, used 134896K [0x0000000080000000, 0x0000000100000000)
  region size 1024K, 43 young (44032K), 2 survivors (2048K)
 Metaspace       used 96379K, capacity 98878K, committed 99152K, reserved 1134592K
  class space    used 12382K, capacity 13291K, committed 13312K, reserved 1048576K
}
Event: 69.220 GC heap after
{Heap after GC invocations=53 (full 0):
 garbage-first heap   total 157696K, used 92947K [0x0000000080000000, 0x0000000100000000)
  region size 1024K, 2 young (2048K), 2 survivors (2048K)
 Metaspace       used 96379K, capacity 98878K, committed 99152K, reserved 1134592K
  class space    used 12382K, capacity 13291K, committed 13312K, reserved 1048576K
}
Event: 69.646 GC heap before
{Heap before GC invocations=54 (full 0):
 garbage-first heap   total 157696K, used 134931K [0x0000000080000000, 0x0000000100000000)
  region size 1024K, 43 young (44032K), 2 survivors (2048K)
 Metaspace       used 96396K, capacity 98879K, committed 99152K, reserved 1134592K
  class space    used 12382K, capacity 13291K, committed 13312K, reserved 1048576K
}
Event: 69.651 GC heap after
{Heap after GC invocations=55 (full 0):
 garbage-first heap   total 157696K, used 93093K [0x0000000080000000, 0x0000000100000000)
  region size 1024K, 2 young (2048K), 2 survivors (2048K)
 Metaspace       used 96396K, capacity 98879K, committed 99152K, reserved 1134592K
  class space    used 12382K, capacity 13291K, committed 13312K, reserved 1048576K
}
Event: 69.990 GC heap before
{Heap before GC invocations=55 (full 0):
 garbage-first heap   total 157696K, used 135077K [0x0000000080000000, 0x0000000100000000)
  region size 1024K, 43 young (44032K), 2 survivors (2048K)
 Metaspace       used 96429K, capacity 98946K, committed 99152K, reserved 1134592K
  class space    used 12382K, capacity 13291K, committed 13312K, reserved 1048576K
}
Event: 69.993 GC heap after
{Heap after GC invocations=56 (full 0):
 garbage-first heap   total 157696K, used 93337K [0x0000000080000000, 0x0000000100000000)
  region size 1024K, 2 young (2048K), 2 survivors (2048K)
 Metaspace       used 96429K, capacity 98946K, committed 99152K, reserved 1134592K
  class space    used 12382K, capacity 13291K, committed 13312K, reserved 1048576K
}
Event: 70.420 GC heap before
{Heap before GC invocations=57 (full 0):
 garbage-first heap   total 157696K, used 136345K [0x0000000080000000, 0x0000000100000000)
  region size 1024K, 44 young (45056K), 2 survivors (2048K)
 Metaspace       used 96439K, capacity 98951K, committed 99152K, reserved 1134592K
  class space    used 12383K, capacity 13292K, committed 13312K, reserved 1048576K
}
Event: 70.426 GC heap after
{Heap after GC invocations=58 (full 0):
 garbage-first heap   total 157696K, used 93626K [0x0000000080000000, 0x0000000100000000)
  region size 1024K, 2 young (2048K), 2 survivors (2048K)
 Metaspace       used 96439K, capacity 98951K, committed 99152K, reserved 1134592K
  class space    used 12383K, capacity 13292K, committed 13312K, reserved 1048576K
}
Event: 70.653 GC heap before
{Heap before GC invocations=58 (full 0):
 garbage-first heap   total 157696K, used 136634K [0x0000000080000000, 0x0000000100000000)
  region size 1024K, 44 young (45056K), 2 survivors (2048K)
 Metaspace       used 96451K, capacity 98951K, committed 99152K, reserved 1134592K
  class space    used 12383K, capacity 13292K, committed 13312K, reserved 1048576K
}
Event: 70.657 GC heap after
{Heap after GC invocations=59 (full 0):
 garbage-first heap   total 157696K, used 93626K [0x0000000080000000, 0x0000000100000000)
  region size 1024K, 2 young (2048K), 2 survivors (2048K)
 Metaspace       used 96451K, capacity 98951K, committed 99152K, reserved 1134592K
  class space    used 12383K, capacity 13292K, committed 13312K, reserved 1048576K
}
Event: 71.054 GC heap before
{Heap before GC invocations=59 (full 0):
 garbage-first heap   total 157696K, used 136634K [0x0000000080000000, 0x0000000100000000)
  region size 1024K, 44 young (45056K), 2 survivors (2048K)
 Metaspace       used 96456K, capacity 98951K, committed 99152K, reserved 1134592K
  class space    used 12383K, capacity 13292K, committed 13312K, reserved 1048576K
}
Event: 71.059 GC heap after
{Heap after GC invocations=60 (full 0):
 garbage-first heap   total 157696K, used 93530K [0x0000000080000000, 0x0000000100000000)
  region size 1024K, 2 young (2048K), 2 survivors (2048K)
 Metaspace       used 96456K, capacity 98951K, committed 99152K, reserved 1134592K
  class space    used 12383K, capacity 13292K, committed 13312K, reserved 1048576K
}
Event: 71.404 GC heap before
{Heap before GC invocations=61 (full 0):
 garbage-first heap   total 157696K, used 136538K [0x0000000080000000, 0x0000000100000000)
  region size 1024K, 44 young (45056K), 2 survivors (2048K)
 Metaspace       used 96495K, capacity 99018K, committed 99152K, reserved 1134592K
  class space    used 12383K, capacity 13292K, committed 13312K, reserved 1048576K
}
Event: 71.408 GC heap after
{Heap after GC invocations=62 (full 0):
 garbage-first heap   total 157696K, used 93728K [0x0000000080000000, 0x0000000100000000)
  region size 1024K, 2 young (2048K), 2 survivors (2048K)
 Metaspace       used 96495K, capacity 99018K, committed 99152K, reserved 1134592K
  class space    used 12383K, capacity 13292K, committed 13312K, reserved 1048576K
}

Deoptimization events (20 events):
Event: 69.828 Thread 0x0000021b1f2b3800 DEOPT PACKING pc=0x0000021b0bd15778 sp=0x0000001bc89fc120
Event: 69.828 Thread 0x0000021b1f2b3800 DEOPT UNPACKING pc=0x0000021b03a8a1af sp=0x0000001bc89fc0b8 mode 2
Event: 69.829 Thread 0x0000021b1f2b3800 Uncommon trap: trap_request=0xffffffde fr.pc=0x0000021b0bd15778 relative=0x0000000000000398
Event: 69.829 Thread 0x0000021b1f2b3800 Uncommon trap: reason=class_check action=maybe_recompile pc=0x0000021b0bd15778 method=java.util.Spliterators$IteratorSpliterator.tryAdvance(Ljava/util/function/Consumer;)Z @ 68 c2
Event: 69.829 Thread 0x0000021b1f2b3800 DEOPT PACKING pc=0x0000021b0bd15778 sp=0x0000001bc89fc120
Event: 69.829 Thread 0x0000021b1f2b3800 DEOPT UNPACKING pc=0x0000021b03a8a1af sp=0x0000001bc89fc0b8 mode 2
Event: 69.944 Thread 0x0000021b1f2b3800 DEOPT PACKING pc=0x0000021b05ae3ac4 sp=0x0000001bc89fbee0
Event: 69.944 Thread 0x0000021b1f2b3800 DEOPT UNPACKING pc=0x0000021b03a8a95e sp=0x0000001bc89fb480 mode 0
Event: 70.410 Thread 0x0000021b1f2b3800 Uncommon trap: trap_request=0xffffff4d fr.pc=0x0000021b0bcde1f4 relative=0x0000000000000d34
Event: 70.410 Thread 0x0000021b1f2b3800 Uncommon trap: reason=unstable_if action=reinterpret pc=0x0000021b0bcde1f4 method=com.android.tools.r8.ir.regalloc.c.a(ILcom/android/tools/r8/ir/regalloc/c$a;)Z @ 73 c2
Event: 70.410 Thread 0x0000021b1f2b3800 DEOPT PACKING pc=0x0000021b0bcde1f4 sp=0x0000001bc89fb640
Event: 70.410 Thread 0x0000021b1f2b3800 DEOPT UNPACKING pc=0x0000021b03a8a1af sp=0x0000001bc89fb558 mode 2
Event: 70.410 Thread 0x0000021b1f2b3800 Uncommon trap: trap_request=0xffffff4d fr.pc=0x0000021b0bc3635c relative=0x000000000000019c
Event: 70.410 Thread 0x0000021b1f2b3800 Uncommon trap: reason=unstable_if action=reinterpret pc=0x0000021b0bc3635c method=com.android.tools.r8.ir.regalloc.c.a(ILcom/android/tools/r8/ir/regalloc/c$a;)Z @ 73 c2
Event: 70.410 Thread 0x0000021b1f2b3800 DEOPT PACKING pc=0x0000021b0bc3635c sp=0x0000001bc89fb5a0
Event: 70.410 Thread 0x0000021b1f2b3800 DEOPT UNPACKING pc=0x0000021b03a8a1af sp=0x0000001bc89fb550 mode 2
Event: 70.874 Thread 0x0000021b1f2b3800 DEOPT PACKING pc=0x0000021b05bb15f2 sp=0x0000001bc89fbd90
Event: 70.874 Thread 0x0000021b1f2b3800 DEOPT UNPACKING pc=0x0000021b03a8a95e sp=0x0000001bc89fb3c8 mode 0
Event: 71.032 Thread 0x0000021b1f2b3800 DEOPT PACKING pc=0x0000021b05b786c3 sp=0x0000001bc89fbf60
Event: 71.032 Thread 0x0000021b1f2b3800 DEOPT UNPACKING pc=0x0000021b03a8a95e sp=0x0000001bc89fb5d8 mode 0

Classes redefined (0 events):
No events

Internal exceptions (20 events):
Event: 59.321 Thread 0x0000021b1f2b4800 Exception <a 'java/lang/NoSuchMethodError'{0x00000000866c05d8}: 'java.lang.Object java.lang.invoke.DirectMethodHandle$Holder.invokeStaticInit(java.lang.Object, java.lang.Object, long, java.lang.Object)'> (0x00000000866c05d8) thrown at [./src/hotspot/share/interpreter/linkResolver.cpp, line 773]
Event: 59.322 Thread 0x0000021b1f2b4800 Exception <a 'java/lang/NoSuchMethodError'{0x00000000865f7a68}: 'java.lang.Object java.lang.invoke.DirectMethodHandle$Holder.invokeStatic(java.lang.Object, java.lang.Object, long)'> (0x00000000865f7a68) thrown at [./src/hotspot/share/interpreter/linkResolver.cpp, line 773]
Event: 59.322 Thread 0x0000021b1f2b4800 Exception <a 'java/lang/NoSuchMethodError'{0x00000000865fdfe0}: 'java.lang.Object java.lang.invoke.Invokers$Holder.linkToTargetMethod(java.lang.Object, long, java.lang.Object)'> (0x00000000865fdfe0) thrown at [./src/hotspot/share/interpreter/linkResolver.cpp, line 773]
Event: 59.389 Thread 0x0000021b1f2b3800 Exception <a 'java/lang/NoSuchMethodError'{0x000000008635cee0}: 'java.lang.Object java.lang.invoke.DirectMethodHandle$Holder.invokeStatic(java.lang.Object, java.lang.Object, java.lang.Object, java.lang.Object, java.lang.Object, java.lang.Object, java.lang.Object, java.lang.Object, java.lang.Object, java.lang.Object, java.lang.Object, java.lang.Object, java.lang.Object, java.lang.Object, java.lang.Object, java.lang.Object, java.lang.Object, java.lang.Object, int, java.lang.Object)'> (0x000000008635cee0) thr
Event: 59.390 Thread 0x0000021b1f2b3800 Exception <a 'java/lang/NoSuchMethodError'{0x0000000086362770}: 'java.lang.Object java.lang.invoke.DirectMethodHandle$Holder.invokeStaticInit(java.lang.Object, java.lang.Object, java.lang.Object, java.lang.Object, java.lang.Object, java.lang.Object, java.lang.Object, java.lang.Object, java.lang.Object, java.lang.Object, java.lang.Object, java.lang.Object, java.lang.Object, java.lang.Object, java.lang.Object, java.lang.Object, java.lang.Object, java.lang.Object, int, java.lang.Object)'> (0x0000000086362770)
Event: 59.456 Thread 0x0000021b1f2b3800 Exception <a 'java/lang/IncompatibleClassChangeError'{0x000000008623c4c0}: Found class java.lang.Object, but interface was expected> (0x000000008623c4c0) thrown at [./src/hotspot/share/interpreter/linkResolver.cpp, line 839]
Event: 60.143 Thread 0x0000021b1f2b3800 Exception <a 'java/lang/NoSuchMethodError'{0x00000000872e81e0}: 'int java.lang.invoke.DirectMethodHandle$Holder.invokeVirtual(java.lang.Object, java.lang.Object, java.lang.Object, java.lang.Object)'> (0x00000000872e81e0) thrown at [./src/hotspot/share/interpreter/linkResolver.cpp, line 773]
Event: 60.174 Thread 0x0000021b1f2b3800 Exception <a 'java/lang/NoSuchMethodError'{0x00000000871f6830}: 'void java.lang.invoke.DirectMethodHandle$Holder.invokeStatic(java.lang.Object, java.lang.Object, java.lang.Object, int)'> (0x00000000871f6830) thrown at [./src/hotspot/share/interpreter/linkResolver.cpp, line 773]
Event: 60.176 Thread 0x0000021b1f2b3800 Exception <a 'java/lang/IncompatibleClassChangeError'{0x00000000871fe5e8}: Found class java.lang.Object, but interface was expected> (0x00000000871fe5e8) thrown at [./src/hotspot/share/interpreter/linkResolver.cpp, line 839]
Event: 60.217 Thread 0x0000021b1f2b4800 Exception <a 'java/lang/NoSuchMethodError'{0x0000000086f2f600}: 'int java.lang.invoke.DirectMethodHandle$Holder.invokeSpecialIFC(java.lang.Object, java.lang.Object, java.lang.Object)'> (0x0000000086f2f600) thrown at [./src/hotspot/share/interpreter/linkResolver.cpp, line 773]
Event: 60.243 Thread 0x0000021b1f2b3800 Exception <a 'java/lang/NoSuchMethodError'{0x0000000086e4f7b0}: 'int java.lang.invoke.DirectMethodHandle$Holder.invokeVirtual(java.lang.Object, java.lang.Object, java.lang.Object)'> (0x0000000086e4f7b0) thrown at [./src/hotspot/share/interpreter/linkResolver.cpp, line 773]
Event: 61.788 Thread 0x0000021b1f2b3800 Exception <a 'java/lang/NoSuchMethodError'{0x00000000898cf0a8}: 'java.lang.Object java.lang.invoke.Invokers$Holder.linkToTargetMethod(java.lang.Object, java.lang.Object, java.lang.Object, java.lang.Object, java.lang.Object, java.lang.Object, java.lang.Object)'> (0x00000000898cf0a8) thrown at [./src/hotspot/share/interpreter/linkResolver.cpp, line 773]
Event: 61.937 Thread 0x0000021b1f2b3800 Exception <a 'java/lang/NoSuchMethodError'{0x00000000896a9e48}: 'java.lang.Object java.lang.invoke.DirectMethodHandle$Holder.invokeVirtual(java.lang.Object, java.lang.Object, int, java.lang.Object)'> (0x00000000896a9e48) thrown at [./src/hotspot/share/interpreter/linkResolver.cpp, line 773]
Event: 62.051 Thread 0x0000021b1f2b3800 Exception <a 'java/lang/IncompatibleClassChangeError'{0x0000000089529e90}: Found class java.lang.Object, but interface was expected> (0x0000000089529e90) thrown at [./src/hotspot/share/interpreter/linkResolver.cpp, line 839]
Event: 62.053 Thread 0x0000021b1f2b3800 Exception <a 'java/lang/IncompatibleClassChangeError'{0x0000000089532ab8}: Found class java.lang.Object, but interface was expected> (0x0000000089532ab8) thrown at [./src/hotspot/share/interpreter/linkResolver.cpp, line 839]
Event: 62.093 Thread 0x0000021b1f2b3800 Exception <a 'java/lang/NoSuchMethodError'{0x00000000895c7560}: 'void java.lang.invoke.DirectMethodHandle$Holder.invokeVirtual(java.lang.Object, java.lang.Object, int, java.lang.Object)'> (0x00000000895c7560) thrown at [./src/hotspot/share/interpreter/linkResolver.cpp, line 773]
Event: 62.366 Thread 0x0000021b1f2b3800 Exception <a 'java/lang/NoSuchMethodError'{0x00000000892137c0}: 'java.lang.Object java.lang.invoke.DirectMethodHandle$Holder.newInvokeSpecial(java.lang.Object, int)'> (0x00000000892137c0) thrown at [./src/hotspot/share/interpreter/linkResolver.cpp, line 773]
Event: 62.600 Thread 0x0000021b1f2b3800 Exception <a 'java/lang/NoSuchMethodError'{0x0000000088f69cd0}: 'java.lang.Object java.lang.invoke.DirectMethodHandle$Holder.invokeInterface(java.lang.Object, java.lang.Object, int)'> (0x0000000088f69cd0) thrown at [./src/hotspot/share/interpreter/linkResolver.cpp, line 773]
Event: 64.764 Thread 0x0000021b1f2b3800 Implicit null exception at 0x0000021b0bbc0c6f to 0x0000021b0bbc0d74
Event: 65.776 Thread 0x0000021b1f2b3800 Exception <a 'java/lang/NoSuchMethodError'{0x000000008928bef0}: 'int java.lang.invoke.DirectMethodHandle$Holder.invokeInterface(java.lang.Object, java.lang.Object, int)'> (0x000000008928bef0) thrown at [./src/hotspot/share/interpreter/linkResolver.cpp, line 773]

Events (20 events):
Event: 70.249 Executing VM operation: CGC_Operation
Event: 70.266 Executing VM operation: CGC_Operation done
Event: 70.321 loading class com/android/tools/r8/code/G0
Event: 70.321 loading class com/android/tools/r8/code/G0 done
Event: 70.321 loading class com/android/tools/r8/code/G0
Event: 70.321 loading class com/android/tools/r8/code/G0 done
Event: 70.398 Executing VM operation: CGC_Operation
Event: 70.398 Executing VM operation: CGC_Operation done
Event: 70.419 Executing VM operation: G1CollectForAllocation
Event: 70.426 Executing VM operation: G1CollectForAllocation done
Event: 70.653 Executing VM operation: G1CollectForAllocation
Event: 70.657 Executing VM operation: G1CollectForAllocation done
Event: 70.915 Executing VM operation: CGC_Operation
Event: 70.929 Executing VM operation: CGC_Operation done
Event: 71.054 Executing VM operation: G1CollectForAllocation
Event: 71.059 Executing VM operation: G1CollectForAllocation done
Event: 71.063 Executing VM operation: CGC_Operation
Event: 71.063 Executing VM operation: CGC_Operation done
Event: 71.404 Executing VM operation: G1CollectForAllocation
Event: 71.408 Executing VM operation: G1CollectForAllocation done


Dynamic libraries:
0x00007ff659ac0000 - 0x00007ff659aca000 	E:\Programs\Android Studio\jre\bin\java.exe
0x00007ff812e10000 - 0x00007ff813008000 	C:\Windows\SYSTEM32\ntdll.dll
0x00007ffff67c0000 - 0x00007ffff67d7000 	C:\Program Files\Avast Software\Avast\aswhook.dll
0x00007ff812a40000 - 0x00007ff812aff000 	C:\Windows\System32\KERNEL32.DLL
0x00007ff810810000 - 0x00007ff810ae2000 	C:\Windows\System32\KERNELBASE.dll
0x00007ff810660000 - 0x00007ff810760000 	C:\Windows\System32\ucrtbase.dll
0x00007ff808f00000 - 0x00007ff808f19000 	E:\Programs\Android Studio\jre\bin\jli.dll
0x00007ff8119b0000 - 0x00007ff811b4d000 	C:\Windows\System32\USER32.dll
0x00007ff810760000 - 0x00007ff810782000 	C:\Windows\System32\win32u.dll
0x00007ff812610000 - 0x00007ff81263b000 	C:\Windows\System32\GDI32.dll
0x00007ff810c50000 - 0x00007ff810d5f000 	C:\Windows\System32\gdi32full.dll
0x00007ff810510000 - 0x00007ff8105ad000 	C:\Windows\System32\msvcp_win.dll
0x00007ffff7870000 - 0x00007ffff7887000 	E:\Programs\Android Studio\jre\bin\VCRUNTIME140.dll
0x00007ffffca60000 - 0x00007ffffccfa000 	C:\Windows\WinSxS\amd64_microsoft.windows.common-controls_6595b64144ccf1df_6.0.19041.1110_none_60b5254171f9507e\COMCTL32.dll
0x00007ff812800000 - 0x00007ff81289e000 	C:\Windows\System32\msvcrt.dll
0x00007ff810e60000 - 0x00007ff810e92000 	C:\Windows\System32\IMM32.DLL
0x00007ffff0420000 - 0x00007ffff04bd000 	E:\Programs\Android Studio\jre\bin\msvcp140.dll
0x00007fffb2250000 - 0x00007fffb2d52000 	E:\Programs\Android Studio\jre\bin\server\jvm.dll
0x00007ff812500000 - 0x00007ff8125ae000 	C:\Windows\System32\ADVAPI32.dll
0x00007ff811be0000 - 0x00007ff811c7c000 	C:\Windows\System32\sechost.dll
0x00007ff810eb0000 - 0x00007ff810fd5000 	C:\Windows\System32\RPCRT4.dll
0x00007ff8118c0000 - 0x00007ff8118c8000 	C:\Windows\System32\PSAPI.DLL
0x00007ffffb220000 - 0x00007ffffb229000 	C:\Windows\SYSTEM32\WSOCK32.dll
0x00007ff812640000 - 0x00007ff8126ab000 	C:\Windows\System32\WS2_32.dll
0x00007ffffcd00000 - 0x00007ffffcd27000 	C:\Windows\SYSTEM32\WINMM.dll
0x00007ff80e4b0000 - 0x00007ff80e4ba000 	C:\Windows\SYSTEM32\VERSION.dll
0x00007ff80ed60000 - 0x00007ff80ed72000 	C:\Windows\SYSTEM32\kernel.appcore.dll
0x00007ff80e290000 - 0x00007ff80e2a1000 	E:\Programs\Android Studio\jre\bin\verify.dll
0x00007ff805b20000 - 0x00007ff805d04000 	C:\Windows\SYSTEM32\DBGHELP.DLL
0x00007ff805660000 - 0x00007ff80568c000 	C:\Windows\SYSTEM32\dbgcore.DLL
0x00007ff810dd0000 - 0x00007ff810e52000 	C:\Windows\System32\bcryptPrimitives.dll
0x00007ffff6690000 - 0x00007ffff66b9000 	E:\Programs\Android Studio\jre\bin\java.dll
0x00007ff80ec60000 - 0x00007ff80ec6b000 	E:\Programs\Android Studio\jre\bin\jimage.dll
0x00007ff808710000 - 0x00007ff808728000 	E:\Programs\Android Studio\jre\bin\zip.dll
0x00007ff811ce0000 - 0x00007ff812423000 	C:\Windows\System32\SHELL32.dll
0x00007ff80e4c0000 - 0x00007ff80ec52000 	C:\Windows\SYSTEM32\windows.storage.dll
0x00007ff811450000 - 0x00007ff8117a4000 	C:\Windows\System32\combase.dll
0x00007ff80ff70000 - 0x00007ff80ffa0000 	C:\Windows\SYSTEM32\Wldp.dll
0x00007ff812b00000 - 0x00007ff812bad000 	C:\Windows\System32\SHCORE.dll
0x00007ff812bb0000 - 0x00007ff812c05000 	C:\Windows\System32\shlwapi.dll
0x00007ff810450000 - 0x00007ff81046f000 	C:\Windows\SYSTEM32\profapi.dll
0x00007ffff6140000 - 0x00007ffff615a000 	E:\Programs\Android Studio\jre\bin\net.dll
0x00007ffffda50000 - 0x00007ffffdb5c000 	C:\Windows\SYSTEM32\WINHTTP.dll
0x00007ff80fcd0000 - 0x00007ff80fd3a000 	C:\Windows\system32\mswsock.dll
0x00007ffff6120000 - 0x00007ffff6134000 	E:\Programs\Android Studio\jre\bin\nio.dll
0x00007ffff5f70000 - 0x00007ffff5f97000 	C:\Users\a0587\.gradle\native\8bec1ad78214c89d9ad589b4d07fe93259594b29d510b10fafb7a158f7737e5d\windows-amd64\native-platform.dll
0x00007fffdda70000 - 0x00007fffddbad000 	C:\Users\a0587\.gradle\native\53dbd7edfb1c66fb8903c78663c9afc45aea4f116125fa6feffd364cf09443e8\windows-amd64\native-platform-file-events.dll
0x00007ff80c010000 - 0x00007ff80c01a000 	E:\Programs\Android Studio\jre\bin\management.dll
0x00007ff80bf20000 - 0x00007ff80bf2d000 	E:\Programs\Android Studio\jre\bin\management_ext.dll
0x00007ff80fed0000 - 0x00007ff80fee8000 	C:\Windows\SYSTEM32\CRYPTSP.dll
0x00007ff80f580000 - 0x00007ff80f5b4000 	C:\Windows\system32\rsaenh.dll
0x00007ff810790000 - 0x00007ff8107b7000 	C:\Windows\System32\bcrypt.dll
0x00007ff810410000 - 0x00007ff81043e000 	C:\Windows\SYSTEM32\USERENV.dll
0x00007ff80fec0000 - 0x00007ff80fecc000 	C:\Windows\SYSTEM32\CRYPTBASE.dll
0x00007ff80f970000 - 0x00007ff80f9ab000 	C:\Windows\SYSTEM32\IPHLPAPI.DLL
0x00007ff812dc0000 - 0x00007ff812dc8000 	C:\Windows\System32\NSI.dll
0x00007ff800800000 - 0x00007ff800817000 	C:\Windows\SYSTEM32\dhcpcsvc6.DLL
0x00007ff8045d0000 - 0x00007ff8045ed000 	C:\Windows\SYSTEM32\dhcpcsvc.DLL
0x00007ff80f9c0000 - 0x00007ff80fa8a000 	C:\Windows\SYSTEM32\DNSAPI.dll

dbghelp: loaded successfully - version: 4.0.5 - missing functions: none
symbol engine: initialized successfully - sym options: 0x614 - pdb path: .;E:\Programs\Android Studio\jre\bin;C:\Windows\SYSTEM32;C:\Program Files\Avast Software\Avast;C:\Windows\WinSxS\amd64_microsoft.windows.common-controls_6595b64144ccf1df_6.0.19041.1110_none_60b5254171f9507e;E:\Programs\Android Studio\jre\bin\server;C:\Users\a0587\.gradle\native\8bec1ad78214c89d9ad589b4d07fe93259594b29d510b10fafb7a158f7737e5d\windows-amd64;C:\Users\a0587\.gradle\native\53dbd7edfb1c66fb8903c78663c9afc45aea4f116125fa6feffd364cf09443e8\windows-amd64

VM Arguments:
jvm_args: --add-opens=java.base/java.util=ALL-UNNAMED --add-opens=java.base/java.lang=ALL-UNNAMED --add-opens=java.base/java.lang.invoke=ALL-UNNAMED --add-opens=java.base/java.util=ALL-UNNAMED --add-opens=java.prefs/java.util.prefs=ALL-UNNAMED --add-opens=java.prefs/java.util.prefs=ALL-UNNAMED --add-opens=java.base/java.nio.charset=ALL-UNNAMED --add-opens=java.base/java.net=ALL-UNNAMED --add-opens=java.base/java.util.concurrent.atomic=ALL-UNNAMED -Xmx2048m -Dfile.encoding=UTF-8 -Duser.country=TW -Duser.language=zh -Duser.variant 
java_command: org.gradle.launcher.daemon.bootstrap.GradleDaemon 7.0.2
java_class_path (initial): C:\Users\a0587\.gradle\wrapper\dists\gradle-7.0.2-bin\857tjihv64xamwrf0h14cai3r\gradle-7.0.2\lib\gradle-launcher-7.0.2.jar
Launcher Type: SUN_STANDARD

[Global flags]
     intx CICompilerCount                          = 3                                         {product} {ergonomic}
     uint ConcGCThreads                            = 1                                         {product} {ergonomic}
     uint G1ConcRefinementThreads                  = 4                                         {product} {ergonomic}
   size_t G1HeapRegionSize                         = 1048576                                   {product} {ergonomic}
    uintx GCDrainStackTargetSize                   = 64                                        {product} {ergonomic}
   size_t InitialHeapSize                          = 134217728                                 {product} {ergonomic}
   size_t MarkStackSize                            = 4194304                                   {product} {ergonomic}
   size_t MaxHeapSize                              = 2147483648                                {product} {command line}
   size_t MaxNewSize                               = 1287651328                                {product} {ergonomic}
   size_t MinHeapDeltaBytes                        = 1048576                                   {product} {ergonomic}
    uintx NonNMethodCodeHeapSize                   = 5830732                                {pd product} {ergonomic}
    uintx NonProfiledCodeHeapSize                  = 122913754                              {pd product} {ergonomic}
    uintx ProfiledCodeHeapSize                     = 122913754                              {pd product} {ergonomic}
    uintx ReservedCodeCacheSize                    = 251658240                              {pd product} {ergonomic}
     bool SegmentedCodeCache                       = true                                      {product} {ergonomic}
     bool UseCompressedClassPointers               = true                                 {lp64_product} {ergonomic}
     bool UseCompressedOops                        = true                                 {lp64_product} {ergonomic}
     bool UseG1GC                                  = true                                      {product} {ergonomic}
     bool UseLargePagesIndividualAllocation        = false                                  {pd product} {ergonomic}

Logging:
Log output configuration:
 #0: stdout all=warning uptime,level,tags
 #1: stderr all=off uptime,level,tags

Environment Variables:
PATH=C:\Windows\system32;C:\Windows;C:\Windows\System32\Wbem;C:\Windows\System32\WindowsPowerShell\v1.0\;C:\Windows\System32\OpenSSH\;C:\Program Files\PuTTY\;E:\Programs\Anaconda;E:\Programs\Anaconda\Library\mingw-w64\bin;E:\Programs\Anaconda\Library\usr\bin;E:\Programs\Anaconda\Library\bin;E:\Programs\Anaconda\Scripts;C:\Users\a0587\AppData\Local\Microsoft\WindowsApps;E:\Programs\Microsoft VS Code\bin
USERNAME=Billy
OS=Windows_NT
PROCESSOR_IDENTIFIER=Intel64 Family 6 Model 142 Stepping 9, GenuineIntel



---------------  S Y S T E M  ---------------

OS: Windows 10 , 64 bit Build 19041 (10.0.19041.2251)
OS uptime: 3 days 1:17 hours

CPU:total 4 (initial active 4) (2 cores per cpu, 2 threads per core) family 6 model 142 stepping 9 microcode 0xb4, cmov, cx8, fxsr, mmx, sse, sse2, sse3, ssse3, sse4.1, sse4.2, popcnt, avx, avx2, aes, clmul, erms, 3dnowpref, lzcnt, ht, tsc, tscinvbit, bmi1, bmi2, adx, fma

Memory: 4k page, system-wide physical 8073M (533M free)
TotalPageFile size 8073M (AvailPageFile size 12M)
current process WorkingSet (physical memory assigned to process): 468M, peak: 480M
current process commit charge ("private bytes"): 502M, peak: 513M

vm_info: OpenJDK 64-Bit Server VM (11.0.13+0-b1751.21-8125866) for windows-amd64 JRE (11.0.13+0-b1751.21-8125866), built on Feb  2 2022 03:00:22 by "builder" with MS VC++ 14.0 (VS2015)

END.
