#
# There is insufficient memory for the Java Runtime Environment to continue.
# Native memory allocation (malloc) failed to allocate 1079376 bytes for Chunk::new
# Possible reasons:
#   The system is out of physical RAM or swap space
#   The process is running with CompressedOops enabled, and the Java Heap may be blocking the growth of the native heap
# Possible solutions:
#   Reduce memory load on the system
#   Increase physical memory or swap space
#   Check if swap backing store is full
#   Decrease Java heap size (-Xmx/-Xms)
#   Decrease number of Java threads
#   Decrease Java thread stack sizes (-Xss)
#   Set larger code cache with -XX:ReservedCodeCacheSize=
#   JVM is running with Unscaled Compressed Oops mode in which the Java heap is
#     placed in the first 4GB address space. The Java Heap base address is the
#     maximum limit for the native heap growth. Please use -XX:HeapBaseMinAddress
#     to set the Java Heap base and to place the Java Heap above 4GB virtual address.
# This output file may be truncated or incomplete.
#
#  Out of Memory Error (./src/hotspot/share/memory/arena.cpp:197), pid=14952, tid=8220
#
# JRE version: OpenJDK Runtime Environment (11.0.13) (build 11.0.13+0-b1751.21-8125866)
# Java VM: OpenJDK 64-Bit Server VM (11.0.13+0-b1751.21-8125866, mixed mode, tiered, compressed oops, g1 gc, windows-amd64)
# No core dump will be written. Minidumps are not enabled by default on client versions of Windows
#

---------------  S U M M A R Y ------------

Command Line: --add-opens=java.base/java.util=ALL-UNNAMED --add-opens=java.base/java.lang=ALL-UNNAMED --add-opens=java.base/java.lang.invoke=ALL-UNNAMED --add-opens=java.base/java.util=ALL-UNNAMED --add-opens=java.prefs/java.util.prefs=ALL-UNNAMED --add-opens=java.prefs/java.util.prefs=ALL-UNNAMED --add-opens=java.base/java.nio.charset=ALL-UNNAMED --add-opens=java.base/java.net=ALL-UNNAMED --add-opens=java.base/java.util.concurrent.atomic=ALL-UNNAMED -Xmx2048m -Dfile.encoding=UTF-8 -Duser.country=TW -Duser.language=zh -Duser.variant org.gradle.launcher.daemon.bootstrap.GradleDaemon 7.0.2

Host: Intel(R) Core(TM) i5-7200U CPU @ 2.50GHz, 4 cores, 7G,  Windows 10 , 64 bit Build 19041 (10.0.19041.2251)
Time: Sat Dec  3 14:54:51 2022 台北標準時間 elapsed time: 3250.964771 seconds (0d 0h 54m 10s)

---------------  T H R E A D  ---------------

Current thread (0x000001fc3646a000):  JavaThread "C2 CompilerThread1" daemon [_thread_in_native, id=8220, stack(0x0000002d3a400000,0x0000002d3a500000)]


Current CompileTask:
C2:3250964 28452       4       com.android.utils.XmlUtils::append (647 bytes)

Stack: [0x0000002d3a400000,0x0000002d3a500000]
Native frames: (J=compiled Java code, j=interpreted, Vv=VM code, C=native code)
V  [jvm.dll+0x6100fa]
V  [jvm.dll+0x747090]
V  [jvm.dll+0x7486ad]
V  [jvm.dll+0x748d83]
V  [jvm.dll+0x24ab48]
V  [jvm.dll+0xc04dc]
V  [jvm.dll+0xc0a0c]
V  [jvm.dll+0x2bfab4]
V  [jvm.dll+0x524238]
V  [jvm.dll+0x20b193]
V  [jvm.dll+0x204ca0]
V  [jvm.dll+0x2023c2]
V  [jvm.dll+0x188e01]
V  [jvm.dll+0x21106b]
V  [jvm.dll+0x20f8c1]
V  [jvm.dll+0x70de0f]
V  [jvm.dll+0x706a75]
V  [jvm.dll+0x60ed66]
C  [ucrtbase.dll+0x21bb2]
C  [KERNEL32.DLL+0x174b4]
C  [ntdll.dll+0x526a1]


---------------  P R O C E S S  ---------------

Threads class SMR info:
_java_thread_list=0x000001fc3d296220, length=50, elements={
0x000001fc14f5f000, 0x000001fc2eb64000, 0x000001fc2eb65800, 0x000001fc2eb94000,
0x000001fc2eb95800, 0x000001fc2eb96800, 0x000001fc2eb9b800, 0x000001fc2f448800,
0x000001fc2f44d800, 0x000001fc2f547800, 0x000001fc32312000, 0x000001fc2f638000,
0x000001fc301d5000, 0x000001fc30cfd000, 0x000001fc30cfc000, 0x000001fc30d03000,
0x000001fc30cff800, 0x000001fc30cfe000, 0x000001fc3259a000, 0x000001fc32598800,
0x000001fc32597800, 0x000001fc32594800, 0x000001fc32597000, 0x000001fc325a0800,
0x000001fc3259d800, 0x000001fc34f02800, 0x000001fc34f0b800, 0x000001fc34f04000,
0x000001fc34f01000, 0x000001fc34efe800, 0x000001fc34f00000, 0x000001fc34f02000,
0x000001fc34f05000, 0x000001fc34eff800, 0x000001fc34f09000, 0x000001fc34f0a000,
0x000001fc34f06000, 0x000001fc34f0c800, 0x000001fc34f0b000, 0x000001fc34f0d000,
0x000001fc35989000, 0x000001fc35988000, 0x000001fc3598e000, 0x000001fc3598c000,
0x000001fc3646a000, 0x000001fc3598b800, 0x000001fc3598e800, 0x000001fc3598d000,
0x000001fc3598f800, 0x000001fc3598a000
}

Java Threads: ( => current thread )
  0x000001fc14f5f000 JavaThread "main" [_thread_blocked, id=8444, stack(0x0000002d37400000,0x0000002d37500000)]
  0x000001fc2eb64000 JavaThread "Reference Handler" daemon [_thread_blocked, id=11836, stack(0x0000002d37b00000,0x0000002d37c00000)]
  0x000001fc2eb65800 JavaThread "Finalizer" daemon [_thread_blocked, id=4456, stack(0x0000002d37c00000,0x0000002d37d00000)]
  0x000001fc2eb94000 JavaThread "Signal Dispatcher" daemon [_thread_blocked, id=9120, stack(0x0000002d37d00000,0x0000002d37e00000)]
  0x000001fc2eb95800 JavaThread "Attach Listener" daemon [_thread_blocked, id=9504, stack(0x0000002d37e00000,0x0000002d37f00000)]
  0x000001fc2eb96800 JavaThread "Service Thread" daemon [_thread_blocked, id=8552, stack(0x0000002d37f00000,0x0000002d38000000)]
  0x000001fc2eb9b800 JavaThread "C2 CompilerThread0" daemon [_thread_blocked, id=4836, stack(0x0000002d38000000,0x0000002d38100000)]
  0x000001fc2f448800 JavaThread "C1 CompilerThread0" daemon [_thread_blocked, id=4040, stack(0x0000002d38100000,0x0000002d38200000)]
  0x000001fc2f44d800 JavaThread "Sweeper thread" daemon [_thread_blocked, id=72, stack(0x0000002d38200000,0x0000002d38300000)]
  0x000001fc2f547800 JavaThread "Common-Cleaner" daemon [_thread_blocked, id=12048, stack(0x0000002d38300000,0x0000002d38400000)]
  0x000001fc32312000 JavaThread "Daemon health stats" [_thread_blocked, id=11104, stack(0x0000002d38800000,0x0000002d38900000)]
  0x000001fc2f638000 JavaThread "Incoming local TCP Connector on port 52410" [_thread_in_native, id=10124, stack(0x0000002d38500000,0x0000002d38600000)]
  0x000001fc301d5000 JavaThread "Daemon periodic checks" [_thread_blocked, id=3624, stack(0x0000002d38900000,0x0000002d38a00000)]
  0x000001fc30cfd000 JavaThread "Cache worker for file hash cache (C:\Users\a0587\.gradle\caches\7.0.2\fileHashes)" [_thread_blocked, id=15012, stack(0x0000002d39200000,0x0000002d39300000)]
  0x000001fc30cfc000 JavaThread "File lock request listener" [_thread_in_native, id=3732, stack(0x0000002d39300000,0x0000002d39400000)]
  0x000001fc30d03000 JavaThread "Cache worker for journal cache (C:\Users\a0587\.gradle\caches\journal-1)" [_thread_blocked, id=7356, stack(0x0000002d39400000,0x0000002d39500000)]
  0x000001fc30cff800 JavaThread "File watcher server" daemon [_thread_in_native, id=5544, stack(0x0000002d39700000,0x0000002d39800000)]
  0x000001fc30cfe000 JavaThread "File watcher consumer" daemon [_thread_blocked, id=12488, stack(0x0000002d39800000,0x0000002d39900000)]
  0x000001fc3259a000 JavaThread "Cache worker for execution history cache (C:\Users\a0587\.gradle\caches\7.0.2\executionHistory)" [_thread_blocked, id=5988, stack(0x0000002d39c00000,0x0000002d39d00000)]
  0x000001fc32598800 JavaThread "jar transforms" [_thread_blocked, id=8752, stack(0x0000002d39d00000,0x0000002d39e00000)]
  0x000001fc32597800 JavaThread "jar transforms Thread 2" [_thread_blocked, id=15264, stack(0x0000002d39e00000,0x0000002d39f00000)]
  0x000001fc32594800 JavaThread "Cache worker for file content cache (C:\Users\a0587\.gradle\caches\7.0.2\fileContent)" [_thread_blocked, id=8352, stack(0x0000002d39f00000,0x0000002d3a000000)]
  0x000001fc32597000 JavaThread "jar transforms Thread 3" [_thread_blocked, id=10128, stack(0x0000002d3a100000,0x0000002d3a200000)]
  0x000001fc325a0800 JavaThread "jar transforms Thread 4" [_thread_blocked, id=13324, stack(0x0000002d3a700000,0x0000002d3a800000)]
  0x000001fc3259d800 JavaThread "Memory manager" [_thread_blocked, id=9936, stack(0x0000002d3a800000,0x0000002d3a900000)]
  0x000001fc34f02800 JavaThread "Cache worker for Java compile cache (C:\Users\a0587\.gradle\caches\7.0.2\javaCompile)" [_thread_blocked, id=13768, stack(0x0000002d3b400000,0x0000002d3b500000)]
  0x000001fc34f0b800 JavaThread "ForkJoinPool.commonPool-worker-3" daemon [_thread_blocked, id=5844, stack(0x0000002d3b200000,0x0000002d3b300000)]
  0x000001fc34f04000 JavaThread "Daemon Thread 14" [_thread_blocked, id=12852, stack(0x0000002d37200000,0x0000002d37300000)]
  0x000001fc34f01000 JavaThread "Handler for socket connection from /127.0.0.1:52410 to /127.0.0.1:55901" [_thread_in_native, id=5212, stack(0x0000002d37300000,0x0000002d37400000)]
  0x000001fc34efe800 JavaThread "Cancel handler" [_thread_blocked, id=2308, stack(0x0000002d38a00000,0x0000002d38b00000)]
  0x000001fc34f00000 JavaThread "Daemon worker Thread 14" [_thread_in_native, id=1204, stack(0x0000002d38b00000,0x0000002d38c00000)]
  0x000001fc34f02000 JavaThread "Asynchronous log dispatcher for DefaultDaemonConnection: socket connection from /127.0.0.1:52410 to /127.0.0.1:55901" [_thread_blocked, id=5480, stack(0x0000002d38c00000,0x0000002d38d00000)]
  0x000001fc34f05000 JavaThread "Stdin handler" [_thread_blocked, id=7560, stack(0x0000002d38d00000,0x0000002d38e00000)]
  0x000001fc34eff800 JavaThread "Daemon client event forwarder" [_thread_blocked, id=5500, stack(0x0000002d38e00000,0x0000002d38f00000)]
  0x000001fc34f09000 JavaThread "Cache worker for file hash cache (E:\Programs\Test\.gradle\7.0.2\fileHashes)" [_thread_blocked, id=13248, stack(0x0000002d38f00000,0x0000002d39000000)]
  0x000001fc34f0a000 JavaThread "Cache worker for checksums cache (E:\Programs\Test\.gradle\checksums)" [_thread_blocked, id=14544, stack(0x0000002d39000000,0x0000002d39100000)]
  0x000001fc34f06000 JavaThread "Cache worker for cache directory md-supplier (C:\Users\a0587\.gradle\caches\7.0.2\md-supplier)" [_thread_blocked, id=2396, stack(0x0000002d39500000,0x0000002d39600000)]
  0x000001fc34f0c800 JavaThread "Cache worker for cache directory md-rule (C:\Users\a0587\.gradle\caches\7.0.2\md-rule)" [_thread_blocked, id=13828, stack(0x0000002d39600000,0x0000002d39700000)]
  0x000001fc34f0b000 JavaThread "Cache worker for dependencies-accessors (E:\Programs\Test\.gradle\7.0.2\dependencies-accessors)" [_thread_blocked, id=4684, stack(0x0000002d39900000,0x0000002d39a00000)]
  0x000001fc34f0d000 JavaThread "Cache worker for Build Output Cleanup Cache (E:\Programs\Test\.gradle\buildOutputCleanup)" [_thread_blocked, id=15244, stack(0x0000002d39a00000,0x0000002d39b00000)]
  0x000001fc35989000 JavaThread "Build operations" [_thread_blocked, id=14848, stack(0x0000002d39b00000,0x0000002d39c00000)]
  0x000001fc35988000 JavaThread "Build operations Thread 2" [_thread_blocked, id=11968, stack(0x0000002d3a000000,0x0000002d3a100000)]
  0x000001fc3598e000 JavaThread "Build operations Thread 3" [_thread_blocked, id=11680, stack(0x0000002d3a200000,0x0000002d3a300000)]
  0x000001fc3598c000 JavaThread "Build operations Thread 4" [_thread_blocked, id=4200, stack(0x0000002d3a300000,0x0000002d3a400000)]
=>0x000001fc3646a000 JavaThread "C2 CompilerThread1" daemon [_thread_in_native, id=8220, stack(0x0000002d3a400000,0x0000002d3a500000)]
  0x000001fc3598b800 JavaThread "build event listener" [_thread_blocked, id=1492, stack(0x0000002d3a500000,0x0000002d3a600000)]
  0x000001fc3598e800 JavaThread "Execution worker for ':'" [_thread_blocked, id=13124, stack(0x0000002d3a600000,0x0000002d3a700000)]
  0x000001fc3598d000 JavaThread "Execution worker for ':' Thread 2" [_thread_blocked, id=14612, stack(0x0000002d3a900000,0x0000002d3aa00000)]
  0x000001fc3598f800 JavaThread "Execution worker for ':' Thread 3" [_thread_blocked, id=14596, stack(0x0000002d3aa00000,0x0000002d3ab00000)]
  0x000001fc3598a000 JavaThread "Cache worker for execution history cache (E:\Programs\Test\.gradle\7.0.2\executionHistory)" [_thread_blocked, id=13380, stack(0x0000002d3ab00000,0x0000002d3ac00000)]

Other Threads:
  0x000001fc2eb61800 VMThread "VM Thread" [stack: 0x0000002d37a00000,0x0000002d37b00000] [id=14680]
  0x000001fc2f56c000 WatcherThread [stack: 0x0000002d38400000,0x0000002d38500000] [id=15076]
  0x000001fc14f79800 GCTaskThread "GC Thread#0" [stack: 0x0000002d37500000,0x0000002d37600000] [id=7360]
  0x000001fc2ffff000 GCTaskThread "GC Thread#1" [stack: 0x0000002d38600000,0x0000002d38700000] [id=13644]
  0x000001fc2f63c000 GCTaskThread "GC Thread#2" [stack: 0x0000002d38700000,0x0000002d38800000] [id=5940]
  0x000001fc309f3800 GCTaskThread "GC Thread#3" [stack: 0x0000002d39100000,0x0000002d39200000] [id=11864]
  0x000001fc14fa9000 ConcurrentGCThread "G1 Main Marker" [stack: 0x0000002d37600000,0x0000002d37700000] [id=11112]
  0x000001fc14fac800 ConcurrentGCThread "G1 Conc#0" [stack: 0x0000002d37700000,0x0000002d37800000] [id=6248]
  0x000001fc1503a800 ConcurrentGCThread "G1 Refine#0" [stack: 0x0000002d37800000,0x0000002d37900000] [id=11016]
  0x000001fc1503b800 ConcurrentGCThread "G1 Young RemSet Sampling" [stack: 0x0000002d37900000,0x0000002d37a00000] [id=7052]

Threads with active compile tasks:
C2 CompilerThread13251104 28452       4       com.android.utils.XmlUtils::append (647 bytes)

VM state:not at safepoint (normal execution)

VM Mutex/Monitor currently owned by a thread: None

Heap address: 0x0000000080000000, size: 2048 MB, Compressed Oops mode: 32-bit
Narrow klass base: 0x0000000000000000, Narrow klass shift: 3
Compressed class space size: 1073741824 Address: 0x0000000100000000

Heap:
 garbage-first heap   total 189440K, used 98394K [0x0000000080000000, 0x0000000100000000)
  region size 1024K, 7 young (7168K), 3 survivors (3072K)
 Metaspace       used 122556K, capacity 127146K, committed 127312K, reserved 1161216K
  class space    used 14951K, capacity 16555K, committed 16640K, reserved 1048576K
Heap Regions: E=young(eden), S=young(survivor), O=old, HS=humongous(starts), HC=humongous(continues), CS=collection set, F=free, A=archive, TAMS=top-at-mark-start (previous, next)
|   0|0x0000000080000000, 0x0000000080100000, 0x0000000080100000|100%| O|  |TAMS 0x0000000080100000, 0x0000000080000000| Updating 
|   1|0x0000000080100000, 0x0000000080200000, 0x0000000080200000|100%| O|  |TAMS 0x0000000080200000, 0x0000000080100000| Updating 
|   2|0x0000000080200000, 0x0000000080300000, 0x0000000080300000|100%| O|  |TAMS 0x0000000080300000, 0x0000000080200000| Updating 
|   3|0x0000000080300000, 0x0000000080400000, 0x0000000080400000|100%|HS|  |TAMS 0x0000000080400000, 0x0000000080300000| Complete 
|   4|0x0000000080400000, 0x0000000080500000, 0x0000000080500000|100%|HC|  |TAMS 0x0000000080500000, 0x0000000080400000| Complete 
|   5|0x0000000080500000, 0x0000000080600000, 0x0000000080600000|100%|HC|  |TAMS 0x0000000080600000, 0x0000000080500000| Complete 
|   6|0x0000000080600000, 0x0000000080700000, 0x0000000080700000|100%| O|  |TAMS 0x0000000080700000, 0x0000000080600000| Updating 
|   7|0x0000000080700000, 0x0000000080800000, 0x0000000080800000|100%| O|  |TAMS 0x0000000080800000, 0x0000000080700000| Updating 
|   8|0x0000000080800000, 0x0000000080900000, 0x0000000080900000|100%| O|  |TAMS 0x0000000080900000, 0x0000000080800000| Updating 
|   9|0x0000000080900000, 0x0000000080a00000, 0x0000000080a00000|100%| O|  |TAMS 0x0000000080a00000, 0x0000000080900000| Updating 
|  10|0x0000000080a00000, 0x0000000080b00000, 0x0000000080b00000|100%| O|  |TAMS 0x0000000080b00000, 0x0000000080a00000| Updating 
|  11|0x0000000080b00000, 0x0000000080c00000, 0x0000000080c00000|100%| O|  |TAMS 0x0000000080c00000, 0x0000000080b00000| Updating 
|  12|0x0000000080c00000, 0x0000000080d00000, 0x0000000080d00000|100%| O|  |TAMS 0x0000000080d00000, 0x0000000080c00000| Updating 
|  13|0x0000000080d00000, 0x0000000080e00000, 0x0000000080e00000|100%| O|  |TAMS 0x0000000080e00000, 0x0000000080d00000| Updating 
|  14|0x0000000080e00000, 0x0000000080f00000, 0x0000000080f00000|100%| O|  |TAMS 0x0000000080f00000, 0x0000000080e00000| Updating 
|  15|0x0000000080f00000, 0x0000000081000000, 0x0000000081000000|100%| O|  |TAMS 0x0000000081000000, 0x0000000080f00000| Updating 
|  16|0x0000000081000000, 0x0000000081100000, 0x0000000081100000|100%| O|  |TAMS 0x0000000081100000, 0x0000000081000000| Updating 
|  17|0x0000000081100000, 0x0000000081200000, 0x0000000081200000|100%|HS|  |TAMS 0x0000000081200000, 0x0000000081100000| Complete 
|  18|0x0000000081200000, 0x0000000081300000, 0x0000000081300000|100%| O|  |TAMS 0x0000000081300000, 0x0000000081200000| Updating 
|  19|0x0000000081300000, 0x0000000081400000, 0x0000000081400000|100%| O|  |TAMS 0x0000000081400000, 0x0000000081300000| Updating 
|  20|0x0000000081400000, 0x0000000081500000, 0x0000000081500000|100%| O|  |TAMS 0x0000000081500000, 0x0000000081400000| Updating 
|  21|0x0000000081500000, 0x0000000081600000, 0x0000000081600000|100%| O|  |TAMS 0x0000000081600000, 0x0000000081500000| Updating 
|  22|0x0000000081600000, 0x0000000081700000, 0x0000000081700000|100%| O|  |TAMS 0x0000000081700000, 0x0000000081600000| Updating 
|  23|0x0000000081700000, 0x0000000081800000, 0x0000000081800000|100%| O|  |TAMS 0x0000000081800000, 0x0000000081700000| Updating 
|  24|0x0000000081800000, 0x0000000081900000, 0x0000000081900000|100%| O|  |TAMS 0x0000000081900000, 0x0000000081800000| Updating 
|  25|0x0000000081900000, 0x0000000081a00000, 0x0000000081a00000|100%| O|  |TAMS 0x0000000081a00000, 0x0000000081900000| Updating 
|  26|0x0000000081a00000, 0x0000000081b00000, 0x0000000081b00000|100%| O|  |TAMS 0x0000000081b00000, 0x0000000081a00000| Updating 
|  27|0x0000000081b00000, 0x0000000081c00000, 0x0000000081c00000|100%| O|  |TAMS 0x0000000081c00000, 0x0000000081b00000| Updating 
|  28|0x0000000081c00000, 0x0000000081d00000, 0x0000000081d00000|100%|HS|  |TAMS 0x0000000081d00000, 0x0000000081c00000| Complete 
|  29|0x0000000081d00000, 0x0000000081e00000, 0x0000000081e00000|100%|HS|  |TAMS 0x0000000081e00000, 0x0000000081d00000| Complete 
|  30|0x0000000081e00000, 0x0000000081f00000, 0x0000000081f00000|100%|HC|  |TAMS 0x0000000081f00000, 0x0000000081e00000| Complete 
|  31|0x0000000081f00000, 0x0000000082000000, 0x0000000082000000|100%| O|  |TAMS 0x0000000082000000, 0x0000000081f00000| Updating 
|  32|0x0000000082000000, 0x0000000082100000, 0x0000000082100000|100%| O|  |TAMS 0x0000000082100000, 0x0000000082000000| Updating 
|  33|0x0000000082100000, 0x0000000082200000, 0x0000000082200000|100%| O|  |TAMS 0x0000000082200000, 0x0000000082100000| Updating 
|  34|0x0000000082200000, 0x0000000082300000, 0x0000000082300000|100%| O|  |TAMS 0x0000000082300000, 0x0000000082200000| Updating 
|  35|0x0000000082300000, 0x0000000082400000, 0x0000000082400000|100%| O|  |TAMS 0x0000000082400000, 0x0000000082300000| Updating 
|  36|0x0000000082400000, 0x0000000082500000, 0x0000000082500000|100%| O|  |TAMS 0x0000000082500000, 0x0000000082400000| Updating 
|  37|0x0000000082500000, 0x0000000082600000, 0x0000000082600000|100%| O|  |TAMS 0x0000000082600000, 0x0000000082500000| Updating 
|  38|0x0000000082600000, 0x0000000082700000, 0x0000000082700000|100%| O|  |TAMS 0x0000000082700000, 0x0000000082600000| Updating 
|  39|0x0000000082700000, 0x0000000082800000, 0x0000000082800000|100%| O|  |TAMS 0x0000000082800000, 0x0000000082700000| Updating 
|  40|0x0000000082800000, 0x0000000082800000, 0x0000000082900000|  0%| F|  |TAMS 0x0000000082800000, 0x0000000082800000| Untracked 
|  41|0x0000000082900000, 0x0000000082900000, 0x0000000082a00000|  0%| F|  |TAMS 0x0000000082900000, 0x0000000082900000| Untracked 
|  42|0x0000000082a00000, 0x0000000082b00000, 0x0000000082b00000|100%| O|  |TAMS 0x0000000082b00000, 0x0000000082a00000| Updating 
|  43|0x0000000082b00000, 0x0000000082c00000, 0x0000000082c00000|100%| O|  |TAMS 0x0000000082c00000, 0x0000000082b00000| Updating 
|  44|0x0000000082c00000, 0x0000000082d00000, 0x0000000082d00000|100%| O|  |TAMS 0x0000000082d00000, 0x0000000082c00000| Updating 
|  45|0x0000000082d00000, 0x0000000082e00000, 0x0000000082e00000|100%| O|  |TAMS 0x0000000082e00000, 0x0000000082d00000| Updating 
|  46|0x0000000082e00000, 0x0000000082f00000, 0x0000000082f00000|100%| O|  |TAMS 0x0000000082f00000, 0x0000000082e00000| Updating 
|  47|0x0000000082f00000, 0x0000000083000000, 0x0000000083000000|100%| O|  |TAMS 0x0000000083000000, 0x0000000082f00000| Updating 
|  48|0x0000000083000000, 0x0000000083100000, 0x0000000083100000|100%| O|  |TAMS 0x0000000083100000, 0x0000000083000000| Updating 
|  49|0x0000000083100000, 0x0000000083200000, 0x0000000083200000|100%| O|  |TAMS 0x0000000083200000, 0x0000000083100000| Updating 
|  50|0x0000000083200000, 0x0000000083300000, 0x0000000083300000|100%| O|  |TAMS 0x0000000083300000, 0x0000000083200000| Updating 
|  51|0x0000000083300000, 0x0000000083400000, 0x0000000083400000|100%| O|  |TAMS 0x0000000083400000, 0x0000000083300000| Updating 
|  52|0x0000000083400000, 0x0000000083500000, 0x0000000083500000|100%| O|  |TAMS 0x0000000083500000, 0x0000000083400000| Updating 
|  53|0x0000000083500000, 0x0000000083600000, 0x0000000083600000|100%| O|  |TAMS 0x0000000083600000, 0x0000000083500000| Updating 
|  54|0x0000000083600000, 0x0000000083700000, 0x0000000083700000|100%| O|  |TAMS 0x0000000083700000, 0x0000000083600000| Updating 
|  55|0x0000000083700000, 0x0000000083800000, 0x0000000083800000|100%| O|  |TAMS 0x0000000083800000, 0x0000000083700000| Updating 
|  56|0x0000000083800000, 0x0000000083900000, 0x0000000083900000|100%| O|  |TAMS 0x0000000083900000, 0x0000000083800000| Updating 
|  57|0x0000000083900000, 0x0000000083a00000, 0x0000000083a00000|100%|HS|  |TAMS 0x0000000083900000, 0x0000000083900000| Complete 
|  58|0x0000000083a00000, 0x0000000083b00000, 0x0000000083b00000|100%| O|  |TAMS 0x0000000083b00000, 0x0000000083a00000| Updating 
|  59|0x0000000083b00000, 0x0000000083c00000, 0x0000000083c00000|100%| O|  |TAMS 0x0000000083c00000, 0x0000000083b00000| Updating 
|  60|0x0000000083c00000, 0x0000000083d00000, 0x0000000083d00000|100%| O|  |TAMS 0x0000000083d00000, 0x0000000083c00000| Updating 
|  61|0x0000000083d00000, 0x0000000083e00000, 0x0000000083e00000|100%| O|  |TAMS 0x0000000083e00000, 0x0000000083d00000| Updating 
|  62|0x0000000083e00000, 0x0000000083f00000, 0x0000000083f00000|100%| O|  |TAMS 0x0000000083f00000, 0x0000000083e00000| Updating 
|  63|0x0000000083f00000, 0x0000000084000000, 0x0000000084000000|100%| O|  |TAMS 0x0000000084000000, 0x0000000083f00000| Updating 
|  64|0x0000000084000000, 0x0000000084100000, 0x0000000084100000|100%| O|  |TAMS 0x0000000084100000, 0x0000000084000000| Updating 
|  65|0x0000000084100000, 0x0000000084200000, 0x0000000084200000|100%| O|  |TAMS 0x0000000084200000, 0x0000000084100000| Updating 
|  66|0x0000000084200000, 0x0000000084300000, 0x0000000084300000|100%| O|  |TAMS 0x0000000084300000, 0x0000000084200000| Updating 
|  67|0x0000000084300000, 0x0000000084400000, 0x0000000084400000|100%| O|  |TAMS 0x0000000084400000, 0x0000000084300000| Updating 
|  68|0x0000000084400000, 0x0000000084500000, 0x0000000084500000|100%| O|  |TAMS 0x0000000084500000, 0x0000000084400000| Updating 
|  69|0x0000000084500000, 0x0000000084600000, 0x0000000084600000|100%| O|  |TAMS 0x0000000084600000, 0x0000000084500000| Updating 
|  70|0x0000000084600000, 0x0000000084700000, 0x0000000084700000|100%| O|  |TAMS 0x0000000084700000, 0x0000000084600000| Updating 
|  71|0x0000000084700000, 0x0000000084800000, 0x0000000084800000|100%| O|  |TAMS 0x0000000084800000, 0x0000000084700000| Updating 
|  72|0x0000000084800000, 0x0000000084900000, 0x0000000084900000|100%| O|  |TAMS 0x0000000084900000, 0x0000000084800000| Updating 
|  73|0x0000000084900000, 0x0000000084a00000, 0x0000000084a00000|100%| O|  |TAMS 0x0000000084a00000, 0x0000000084900000| Updating 
|  74|0x0000000084a00000, 0x0000000084b00000, 0x0000000084b00000|100%| O|  |TAMS 0x0000000084b00000, 0x0000000084a00000| Updating 
|  75|0x0000000084b00000, 0x0000000084c00000, 0x0000000084c00000|100%| O|  |TAMS 0x0000000084c00000, 0x0000000084b00000| Updating 
|  76|0x0000000084c00000, 0x0000000084d00000, 0x0000000084d00000|100%| O|  |TAMS 0x0000000084d00000, 0x0000000084c00000| Updating 
|  77|0x0000000084d00000, 0x0000000084e00000, 0x0000000084e00000|100%| O|  |TAMS 0x0000000084e00000, 0x0000000084d00000| Updating 
|  78|0x0000000084e00000, 0x0000000084f00000, 0x0000000084f00000|100%| O|  |TAMS 0x0000000084f00000, 0x0000000084e00000| Updating 
|  79|0x0000000084f00000, 0x0000000085000000, 0x0000000085000000|100%| O|  |TAMS 0x0000000085000000, 0x0000000084f00000| Updating 
|  80|0x0000000085000000, 0x0000000085100000, 0x0000000085100000|100%| O|  |TAMS 0x0000000085100000, 0x0000000085000000| Updating 
|  81|0x0000000085100000, 0x0000000085160200, 0x0000000085200000| 37%| O|  |TAMS 0x0000000085160200, 0x0000000085100000| Updating 
|  82|0x0000000085200000, 0x0000000085300000, 0x0000000085300000|100%| O|  |TAMS 0x0000000085300000, 0x0000000085200000| Updating 
|  83|0x0000000085300000, 0x0000000085400000, 0x0000000085400000|100%|HS|  |TAMS 0x0000000085300000, 0x0000000085300000| Complete 
|  84|0x0000000085400000, 0x0000000085500000, 0x0000000085500000|100%| O|  |TAMS 0x0000000085500000, 0x0000000085400000| Updating 
|  85|0x0000000085500000, 0x0000000085600000, 0x0000000085600000|100%|HS|  |TAMS 0x0000000085500000, 0x0000000085500000| Complete 
|  86|0x0000000085600000, 0x0000000085700000, 0x0000000085700000|100%| O|  |TAMS 0x0000000085700000, 0x0000000085600000| Updating 
|  87|0x0000000085700000, 0x0000000085800000, 0x0000000085800000|100%| O|  |TAMS 0x0000000085800000, 0x0000000085700000| Updating 
|  88|0x0000000085800000, 0x0000000085800000, 0x0000000085900000|  0%| F|  |TAMS 0x0000000085800000, 0x0000000085800000| Untracked 
|  89|0x0000000085900000, 0x0000000085900000, 0x0000000085a00000|  0%| F|  |TAMS 0x0000000085900000, 0x0000000085900000| Untracked 
|  90|0x0000000085a00000, 0x0000000085b00000, 0x0000000085b00000|100%| O|  |TAMS 0x0000000085b00000, 0x0000000085a00000| Updating 
|  91|0x0000000085b00000, 0x0000000085b00000, 0x0000000085c00000|  0%| F|  |TAMS 0x0000000085b00000, 0x0000000085b00000| Untracked 
|  92|0x0000000085c00000, 0x0000000085c00000, 0x0000000085d00000|  0%| F|  |TAMS 0x0000000085c00000, 0x0000000085c00000| Untracked 
|  93|0x0000000085d00000, 0x0000000085d00000, 0x0000000085e00000|  0%| F|  |TAMS 0x0000000085d00000, 0x0000000085d00000| Untracked 
|  94|0x0000000085e00000, 0x0000000085e00000, 0x0000000085f00000|  0%| F|  |TAMS 0x0000000085e00000, 0x0000000085e00000| Untracked 
|  95|0x0000000085f00000, 0x0000000085f00000, 0x0000000086000000|  0%| F|  |TAMS 0x0000000085f00000, 0x0000000085f00000| Untracked 
|  96|0x0000000086000000, 0x0000000086000000, 0x0000000086100000|  0%| F|  |TAMS 0x0000000086000000, 0x0000000086000000| Untracked 
|  97|0x0000000086100000, 0x0000000086200000, 0x0000000086200000|100%| O|  |TAMS 0x0000000086200000, 0x0000000086100000| Updating 
|  98|0x0000000086200000, 0x0000000086200000, 0x0000000086300000|  0%| F|  |TAMS 0x0000000086200000, 0x0000000086200000| Untracked 
|  99|0x0000000086300000, 0x0000000086300000, 0x0000000086400000|  0%| F|  |TAMS 0x0000000086300000, 0x0000000086300000| Untracked 
| 100|0x0000000086400000, 0x0000000086400000, 0x0000000086500000|  0%| F|  |TAMS 0x0000000086400000, 0x0000000086400000| Untracked 
| 101|0x0000000086500000, 0x0000000086500000, 0x0000000086600000|  0%| F|  |TAMS 0x0000000086500000, 0x0000000086500000| Untracked 
| 102|0x0000000086600000, 0x0000000086700000, 0x0000000086700000|100%| O|  |TAMS 0x0000000086700000, 0x0000000086600000| Updating 
| 103|0x0000000086700000, 0x0000000086700000, 0x0000000086800000|  0%| F|  |TAMS 0x0000000086700000, 0x0000000086700000| Untracked 
| 104|0x0000000086800000, 0x0000000086800000, 0x0000000086900000|  0%| F|  |TAMS 0x0000000086800000, 0x0000000086800000| Untracked 
| 105|0x0000000086900000, 0x0000000086900000, 0x0000000086a00000|  0%| F|  |TAMS 0x0000000086900000, 0x0000000086900000| Untracked 
| 106|0x0000000086a00000, 0x0000000086a00000, 0x0000000086b00000|  0%| F|  |TAMS 0x0000000086a00000, 0x0000000086a00000| Untracked 
| 107|0x0000000086b00000, 0x0000000086b00000, 0x0000000086c00000|  0%| F|  |TAMS 0x0000000086b00000, 0x0000000086b00000| Untracked 
| 108|0x0000000086c00000, 0x0000000086c00000, 0x0000000086d00000|  0%| F|  |TAMS 0x0000000086c00000, 0x0000000086c00000| Untracked 
| 109|0x0000000086d00000, 0x0000000086d00000, 0x0000000086e00000|  0%| F|  |TAMS 0x0000000086d00000, 0x0000000086d00000| Untracked 
| 110|0x0000000086e00000, 0x0000000086f00000, 0x0000000086f00000|100%| O|  |TAMS 0x0000000086f00000, 0x0000000086e00000| Updating 
| 111|0x0000000086f00000, 0x0000000087000000, 0x0000000087000000|100%| O|  |TAMS 0x0000000087000000, 0x0000000086f00000| Updating 
| 112|0x0000000087000000, 0x0000000087000000, 0x0000000087100000|  0%| F|  |TAMS 0x0000000087000000, 0x0000000087000000| Untracked 
| 113|0x0000000087100000, 0x0000000087100000, 0x0000000087200000|  0%| F|  |TAMS 0x0000000087100000, 0x0000000087100000| Untracked 
| 114|0x0000000087200000, 0x0000000087200000, 0x0000000087300000|  0%| F|  |TAMS 0x0000000087200000, 0x0000000087200000| Untracked 
| 115|0x0000000087300000, 0x0000000087300000, 0x0000000087400000|  0%| F|  |TAMS 0x0000000087300000, 0x0000000087300000| Untracked 
| 116|0x0000000087400000, 0x0000000087400000, 0x0000000087500000|  0%| F|  |TAMS 0x0000000087400000, 0x0000000087400000| Untracked 
| 117|0x0000000087500000, 0x0000000087500000, 0x0000000087600000|  0%| F|  |TAMS 0x0000000087500000, 0x0000000087500000| Untracked 
| 118|0x0000000087600000, 0x0000000087600000, 0x0000000087700000|  0%| F|  |TAMS 0x0000000087600000, 0x0000000087600000| Untracked 
| 119|0x0000000087700000, 0x0000000087700000, 0x0000000087800000|  0%| F|  |TAMS 0x0000000087700000, 0x0000000087700000| Untracked 
| 120|0x0000000087800000, 0x0000000087800000, 0x0000000087900000|  0%| F|  |TAMS 0x0000000087800000, 0x0000000087800000| Untracked 
| 121|0x0000000087900000, 0x0000000087900000, 0x0000000087a00000|  0%| F|  |TAMS 0x0000000087900000, 0x0000000087900000| Untracked 
| 122|0x0000000087a00000, 0x0000000087a00000, 0x0000000087b00000|  0%| F|  |TAMS 0x0000000087a00000, 0x0000000087a00000| Untracked 
| 123|0x0000000087b00000, 0x0000000087b00000, 0x0000000087c00000|  0%| F|  |TAMS 0x0000000087b00000, 0x0000000087b00000| Untracked 
| 124|0x0000000087c00000, 0x0000000087c00000, 0x0000000087d00000|  0%| F|  |TAMS 0x0000000087c00000, 0x0000000087c00000| Untracked 
| 125|0x0000000087d00000, 0x0000000087d00000, 0x0000000087e00000|  0%| F|  |TAMS 0x0000000087d00000, 0x0000000087d00000| Untracked 
| 126|0x0000000087e00000, 0x0000000087e00000, 0x0000000087f00000|  0%| F|  |TAMS 0x0000000087e00000, 0x0000000087e00000| Untracked 
| 127|0x0000000087f00000, 0x0000000087f00000, 0x0000000088000000|  0%| F|  |TAMS 0x0000000087f00000, 0x0000000087f00000| Untracked 
| 128|0x0000000088000000, 0x0000000088000000, 0x0000000088100000|  0%| F|  |TAMS 0x0000000088000000, 0x0000000088000000| Untracked 
| 129|0x0000000088100000, 0x0000000088100000, 0x0000000088200000|  0%| F|  |TAMS 0x0000000088100000, 0x0000000088100000| Untracked 
| 130|0x0000000088200000, 0x0000000088200000, 0x0000000088300000|  0%| F|  |TAMS 0x0000000088200000, 0x0000000088200000| Untracked 
| 131|0x0000000088300000, 0x0000000088300000, 0x0000000088400000|  0%| F|  |TAMS 0x0000000088300000, 0x0000000088300000| Untracked 
| 132|0x0000000088400000, 0x0000000088400000, 0x0000000088500000|  0%| F|  |TAMS 0x0000000088400000, 0x0000000088400000| Untracked 
| 133|0x0000000088500000, 0x0000000088500000, 0x0000000088600000|  0%| F|  |TAMS 0x0000000088500000, 0x0000000088500000| Untracked 
| 134|0x0000000088600000, 0x0000000088600000, 0x0000000088700000|  0%| F|  |TAMS 0x0000000088600000, 0x0000000088600000| Untracked 
| 135|0x0000000088700000, 0x0000000088700000, 0x0000000088800000|  0%| F|  |TAMS 0x0000000088700000, 0x0000000088700000| Untracked 
| 136|0x0000000088800000, 0x0000000088800000, 0x0000000088900000|  0%| F|  |TAMS 0x0000000088800000, 0x0000000088800000| Untracked 
| 137|0x0000000088900000, 0x0000000088900000, 0x0000000088a00000|  0%| F|  |TAMS 0x0000000088900000, 0x0000000088900000| Untracked 
| 138|0x0000000088a00000, 0x0000000088a00000, 0x0000000088b00000|  0%| F|  |TAMS 0x0000000088a00000, 0x0000000088a00000| Untracked 
| 139|0x0000000088b00000, 0x0000000088b00000, 0x0000000088c00000|  0%| F|  |TAMS 0x0000000088b00000, 0x0000000088b00000| Untracked 
| 140|0x0000000088c00000, 0x0000000088c00000, 0x0000000088d00000|  0%| F|  |TAMS 0x0000000088c00000, 0x0000000088c00000| Untracked 
| 141|0x0000000088d00000, 0x0000000088d00000, 0x0000000088e00000|  0%| F|  |TAMS 0x0000000088d00000, 0x0000000088d00000| Untracked 
| 142|0x0000000088e00000, 0x0000000088e00000, 0x0000000088f00000|  0%| F|  |TAMS 0x0000000088e00000, 0x0000000088e00000| Untracked 
| 143|0x0000000088f00000, 0x0000000088f00000, 0x0000000089000000|  0%| F|  |TAMS 0x0000000088f00000, 0x0000000088f00000| Untracked 
| 144|0x0000000089000000, 0x0000000089000000, 0x0000000089100000|  0%| F|  |TAMS 0x0000000089000000, 0x0000000089000000| Untracked 
| 145|0x0000000089100000, 0x0000000089100000, 0x0000000089200000|  0%| F|  |TAMS 0x0000000089100000, 0x0000000089100000| Untracked 
| 146|0x0000000089200000, 0x0000000089200000, 0x0000000089300000|  0%| F|  |TAMS 0x0000000089200000, 0x0000000089200000| Untracked 
| 147|0x0000000089300000, 0x0000000089300000, 0x0000000089400000|  0%| F|  |TAMS 0x0000000089300000, 0x0000000089300000| Untracked 
| 148|0x0000000089400000, 0x0000000089400000, 0x0000000089500000|  0%| F|  |TAMS 0x0000000089400000, 0x0000000089400000| Untracked 
| 149|0x0000000089500000, 0x0000000089500000, 0x0000000089600000|  0%| F|  |TAMS 0x0000000089500000, 0x0000000089500000| Untracked 
| 150|0x0000000089600000, 0x0000000089600000, 0x0000000089700000|  0%| F|  |TAMS 0x0000000089600000, 0x0000000089600000| Untracked 
| 151|0x0000000089700000, 0x0000000089700000, 0x0000000089800000|  0%| F|  |TAMS 0x0000000089700000, 0x0000000089700000| Untracked 
| 152|0x0000000089800000, 0x0000000089800000, 0x0000000089900000|  0%| F|  |TAMS 0x0000000089800000, 0x0000000089800000| Untracked 
| 153|0x0000000089900000, 0x0000000089900000, 0x0000000089a00000|  0%| F|  |TAMS 0x0000000089900000, 0x0000000089900000| Untracked 
| 154|0x0000000089a00000, 0x0000000089a00000, 0x0000000089b00000|  0%| F|  |TAMS 0x0000000089a00000, 0x0000000089a00000| Untracked 
| 155|0x0000000089b00000, 0x0000000089b00000, 0x0000000089c00000|  0%| F|  |TAMS 0x0000000089b00000, 0x0000000089b00000| Untracked 
| 156|0x0000000089c00000, 0x0000000089c00000, 0x0000000089d00000|  0%| F|  |TAMS 0x0000000089c00000, 0x0000000089c00000| Untracked 
| 157|0x0000000089d00000, 0x0000000089d00000, 0x0000000089e00000|  0%| F|  |TAMS 0x0000000089d00000, 0x0000000089d00000| Untracked 
| 158|0x0000000089e00000, 0x0000000089e00000, 0x0000000089f00000|  0%| F|  |TAMS 0x0000000089e00000, 0x0000000089e00000| Untracked 
| 159|0x0000000089f00000, 0x0000000089f00000, 0x000000008a000000|  0%| F|  |TAMS 0x0000000089f00000, 0x0000000089f00000| Untracked 
| 160|0x000000008a000000, 0x000000008a000000, 0x000000008a100000|  0%| F|  |TAMS 0x000000008a000000, 0x000000008a000000| Untracked 
| 161|0x000000008a100000, 0x000000008a100000, 0x000000008a200000|  0%| F|  |TAMS 0x000000008a100000, 0x000000008a100000| Untracked 
| 162|0x000000008a200000, 0x000000008a200000, 0x000000008a300000|  0%| F|  |TAMS 0x000000008a200000, 0x000000008a200000| Untracked 
| 163|0x000000008a300000, 0x000000008a300000, 0x000000008a400000|  0%| F|  |TAMS 0x000000008a300000, 0x000000008a300000| Untracked 
| 164|0x000000008a400000, 0x000000008a400000, 0x000000008a500000|  0%| F|  |TAMS 0x000000008a400000, 0x000000008a400000| Untracked 
| 165|0x000000008a500000, 0x000000008a500000, 0x000000008a600000|  0%| F|  |TAMS 0x000000008a500000, 0x000000008a500000| Untracked 
| 166|0x000000008a600000, 0x000000008a600000, 0x000000008a700000|  0%| F|  |TAMS 0x000000008a600000, 0x000000008a600000| Untracked 
| 167|0x000000008a700000, 0x000000008a700000, 0x000000008a800000|  0%| F|  |TAMS 0x000000008a700000, 0x000000008a700000| Untracked 
| 168|0x000000008a800000, 0x000000008a800000, 0x000000008a900000|  0%| F|  |TAMS 0x000000008a800000, 0x000000008a800000| Untracked 
| 169|0x000000008a900000, 0x000000008a900000, 0x000000008aa00000|  0%| F|  |TAMS 0x000000008a900000, 0x000000008a900000| Untracked 
| 170|0x000000008aa00000, 0x000000008aa00000, 0x000000008ab00000|  0%| F|  |TAMS 0x000000008aa00000, 0x000000008aa00000| Untracked 
| 171|0x000000008ab00000, 0x000000008ab00000, 0x000000008ac00000|  0%| F|  |TAMS 0x000000008ab00000, 0x000000008ab00000| Untracked 
| 172|0x000000008ac00000, 0x000000008ac00000, 0x000000008ad00000|  0%| F|  |TAMS 0x000000008ac00000, 0x000000008ac00000| Untracked 
| 173|0x000000008ad00000, 0x000000008adb67f0, 0x000000008ae00000| 71%| S|CS|TAMS 0x000000008ad00000, 0x000000008ad00000| Complete 
| 174|0x000000008ae00000, 0x000000008af00000, 0x000000008af00000|100%| S|CS|TAMS 0x000000008ae00000, 0x000000008ae00000| Complete 
| 175|0x000000008af00000, 0x000000008b000000, 0x000000008b000000|100%| S|CS|TAMS 0x000000008af00000, 0x000000008af00000| Complete 
| 176|0x000000008b000000, 0x000000008b000000, 0x000000008b100000|  0%| F|  |TAMS 0x000000008b000000, 0x000000008b000000| Untracked 
| 177|0x000000008b100000, 0x000000008b100000, 0x000000008b200000|  0%| F|  |TAMS 0x000000008b100000, 0x000000008b100000| Untracked 
| 178|0x000000008b200000, 0x000000008b200000, 0x000000008b300000|  0%| F|  |TAMS 0x000000008b200000, 0x000000008b200000| Untracked 
| 179|0x000000008b300000, 0x000000008b300000, 0x000000008b400000|  0%| F|  |TAMS 0x000000008b300000, 0x000000008b300000| Untracked 
| 180|0x000000008b400000, 0x000000008b400000, 0x000000008b500000|  0%| F|  |TAMS 0x000000008b400000, 0x000000008b400000| Untracked 
| 181|0x000000008b500000, 0x000000008b600000, 0x000000008b600000|100%| E|  |TAMS 0x000000008b500000, 0x000000008b500000| Complete 
| 182|0x000000008b600000, 0x000000008b700000, 0x000000008b700000|100%| E|CS|TAMS 0x000000008b600000, 0x000000008b600000| Complete 
| 183|0x000000008b700000, 0x000000008b800000, 0x000000008b800000|100%| E|CS|TAMS 0x000000008b700000, 0x000000008b700000| Complete 
| 184|0x000000008b800000, 0x000000008b900000, 0x000000008b900000|100%| E|CS|TAMS 0x000000008b800000, 0x000000008b800000| Complete 

Card table byte_map: [0x000001fc27e80000,0x000001fc28280000] _byte_map_base: 0x000001fc27a80000

Marking Bits (Prev, Next): (CMBitMap*) 0x000001fc14fa05f8, (CMBitMap*) 0x000001fc14fa0630
 Prev Bits: [0x000001fc28680000, 0x000001fc2a680000)
 Next Bits: [0x000001fc2a680000, 0x000001fc2c680000)

Polling page: 0x000001fc12f00000

Metaspace:

Usage:
  Non-class:    108.00 MB capacity,   105.08 MB ( 97%) used,     2.41 MB (  2%) free+waste,   521.00 KB ( <1%) overhead. 
      Class:     16.17 MB capacity,    14.60 MB ( 90%) used,     1.35 MB (  8%) free+waste,   224.94 KB (  1%) overhead. 
       Both:    124.17 MB capacity,   119.68 MB ( 96%) used,     3.75 MB (  3%) free+waste,   745.94 KB ( <1%) overhead. 

Virtual space:
  Non-class space:      110.00 MB reserved,     108.08 MB ( 98%) committed 
      Class space:        1.00 GB reserved,      16.25 MB (  2%) committed 
             Both:        1.11 GB reserved,     124.33 MB ( 11%) committed 

Chunk freelists:
   Non-Class:  17.00 KB
       Class:  21.00 KB
        Both:  38.00 KB

MaxMetaspaceSize: 17179869184.00 GB
CompressedClassSpaceSize: 1.00 GB
Initial GC threshold: 20.80 MB
Current GC threshold: 207.21 MB
CDS: off

CodeHeap 'non-profiled nmethods': size=120064Kb used=17327Kb max_used=17327Kb free=102737Kb
 bounds [0x000001fc20540000, 0x000001fc21630000, 0x000001fc27a80000]
CodeHeap 'profiled nmethods': size=120000Kb used=59597Kb max_used=59597Kb free=60402Kb
 bounds [0x000001fc19010000, 0x000001fc1ca50000, 0x000001fc20540000]
CodeHeap 'non-nmethods': size=5696Kb used=2439Kb max_used=2503Kb free=3256Kb
 bounds [0x000001fc18a80000, 0x000001fc18d10000, 0x000001fc19010000]
 total_blobs=26045 nmethods=25080 adapters=874
 compilation: enabled
              stopped_count=0, restarted_count=0
 full_count=0

Compilation events (20 events):
Event: 3250.911 Thread 0x000001fc2f448800 28465       3       com.google.common.base.Splitter::access$000 (6 bytes)
Event: 3250.911 Thread 0x000001fc2f448800 nmethod 28465 0x000001fc1ca3b910 code [0x000001fc1ca3bb00, 0x000001fc1ca3bea8]
Event: 3250.911 Thread 0x000001fc2f448800 28466       3       com.android.ide.common.blame.SourceFilePosition::<init> (15 bytes)
Event: 3250.912 Thread 0x000001fc2f448800 nmethod 28466 0x000001fc1ca3c090 code [0x000001fc1ca3c240, 0x000001fc1ca3c458]
Event: 3250.912 Thread 0x000001fc2f448800 28467       3       com.google.common.base.Splitter::<init> (26 bytes)
Event: 3250.912 Thread 0x000001fc2f448800 nmethod 28467 0x000001fc1ca3c510 code [0x000001fc1ca3c6c0, 0x000001fc1ca3c8d8]
Event: 3250.912 Thread 0x000001fc2f448800 28468       3       com.google.common.base.Splitter::on (8 bytes)
Event: 3250.913 Thread 0x000001fc2f448800 nmethod 28468 0x000001fc1ca3c990 code [0x000001fc1ca3cbc0, 0x000001fc1ca3d3b8]
Event: 3250.914 Thread 0x000001fc2f448800 28469       3       com.google.gson.stream.JsonReader::readEscapeCharacter (392 bytes)
Event: 3250.917 Thread 0x000001fc2f448800 nmethod 28469 0x000001fc1ca3d690 code [0x000001fc1ca3db00, 0x000001fc1ca3f8b8]
Event: 3250.917 Thread 0x000001fc2f448800 28470       3       com.android.ide.common.blame.MergingLogPersistUtil::extractSourcePosition (248 bytes)
Event: 3250.919 Thread 0x000001fc2f448800 nmethod 28470 0x000001fc1ca40310 code [0x000001fc1ca40740, 0x000001fc1ca42c18]
Event: 3250.919 Thread 0x000001fc2f448800 28471       3       java.util.Spliterators::spliteratorUnknownSize (16 bytes)
Event: 3250.919 Thread 0x000001fc2f448800 nmethod 28471 0x000001fc1ca43310 code [0x000001fc1ca43500, 0x000001fc1ca43a08]
Event: 3250.921 Thread 0x000001fc2f448800 28472       3       java.lang.Iterable::spliterator (11 bytes)
Event: 3250.921 Thread 0x000001fc2f448800 nmethod 28472 0x000001fc1ca43b90 code [0x000001fc1ca43da0, 0x000001fc1ca443d8]
Event: 3250.935 Thread 0x000001fc2f448800 28479       3       com.android.ide.common.blame.MergingLogPersistUtil::readCondensedPositions (79 bytes)
Event: 3250.938 Thread 0x000001fc2f448800 nmethod 28479 0x000001fc1ca44590 code [0x000001fc1ca44a40, 0x000001fc1ca47008]
Event: 3250.938 Thread 0x000001fc2f448800 28481       3       java.util.Spliterators$IteratorSpliterator::<init> (31 bytes)
Event: 3250.939 Thread 0x000001fc2f448800 nmethod 28481 0x000001fc1ca47c10 code [0x000001fc1ca47dc0, 0x000001fc1ca47fb8]

GC Heap History (20 events):
Event: 2678.470 GC heap before
{Heap before GC invocations=105 (full 0):
 garbage-first heap   total 189440K, used 147217K [0x0000000080000000, 0x0000000100000000)
  region size 1024K, 54 young (55296K), 1 survivors (1024K)
 Metaspace       used 119727K, capacity 123438K, committed 123984K, reserved 1157120K
  class space    used 14562K, capacity 15921K, committed 16128K, reserved 1048576K
}
Event: 2678.475 GC heap after
{Heap after GC invocations=106 (full 0):
 garbage-first heap   total 189440K, used 93392K [0x0000000080000000, 0x0000000100000000)
  region size 1024K, 1 young (1024K), 1 survivors (1024K)
 Metaspace       used 119727K, capacity 123438K, committed 123984K, reserved 1157120K
  class space    used 14562K, capacity 15921K, committed 16128K, reserved 1048576K
}
Event: 2826.542 GC heap before
{Heap before GC invocations=107 (full 0):
 garbage-first heap   total 189440K, used 172240K [0x0000000080000000, 0x0000000100000000)
  region size 1024K, 56 young (57344K), 1 survivors (1024K)
 Metaspace       used 119794K, capacity 123504K, committed 123984K, reserved 1157120K
  class space    used 14563K, capacity 15921K, committed 16128K, reserved 1048576K
}
Event: 2826.550 GC heap after
{Heap after GC invocations=108 (full 0):
 garbage-first heap   total 189440K, used 95504K [0x0000000080000000, 0x0000000100000000)
  region size 1024K, 5 young (5120K), 5 survivors (5120K)
 Metaspace       used 119794K, capacity 123504K, committed 123984K, reserved 1157120K
  class space    used 14563K, capacity 15921K, committed 16128K, reserved 1048576K
}
Event: 2966.549 GC heap before
{Heap before GC invocations=108 (full 0):
 garbage-first heap   total 189440K, used 99600K [0x0000000080000000, 0x0000000100000000)
  region size 1024K, 9 young (9216K), 5 survivors (5120K)
 Metaspace       used 119799K, capacity 123504K, committed 123984K, reserved 1157120K
  class space    used 14563K, capacity 15921K, committed 16128K, reserved 1048576K
}
Event: 2966.562 GC heap after
{Heap after GC invocations=109 (full 0):
 garbage-first heap   total 189440K, used 80936K [0x0000000080000000, 0x0000000100000000)
  region size 1024K, 1 young (1024K), 1 survivors (1024K)
 Metaspace       used 119799K, capacity 123504K, committed 123984K, reserved 1157120K
  class space    used 14563K, capacity 15921K, committed 16128K, reserved 1048576K
}
Event: 2967.088 GC heap before
{Heap before GC invocations=109 (full 0):
 garbage-first heap   total 189440K, used 120872K [0x0000000080000000, 0x0000000100000000)
  region size 1024K, 41 young (41984K), 1 survivors (1024K)
 Metaspace       used 119859K, capacity 123516K, committed 123984K, reserved 1157120K
  class space    used 14565K, capacity 15924K, committed 16128K, reserved 1048576K
}
Event: 2967.099 GC heap after
{Heap after GC invocations=110 (full 0):
 garbage-first heap   total 189440K, used 85848K [0x0000000080000000, 0x0000000100000000)
  region size 1024K, 6 young (6144K), 6 survivors (6144K)
 Metaspace       used 119859K, capacity 123516K, committed 123984K, reserved 1157120K
  class space    used 14565K, capacity 15924K, committed 16128K, reserved 1048576K
}
Event: 2967.843 GC heap before
{Heap before GC invocations=111 (full 0):
 garbage-first heap   total 189440K, used 146264K [0x0000000080000000, 0x0000000100000000)
  region size 1024K, 66 young (67584K), 6 survivors (6144K)
 Metaspace       used 119878K, capacity 123522K, committed 123984K, reserved 1157120K
  class space    used 14565K, capacity 15924K, committed 16128K, reserved 1048576K
}
Event: 2967.852 GC heap after
{Heap after GC invocations=112 (full 0):
 garbage-first heap   total 189440K, used 86488K [0x0000000080000000, 0x0000000100000000)
  region size 1024K, 2 young (2048K), 2 survivors (2048K)
 Metaspace       used 119878K, capacity 123522K, committed 123984K, reserved 1157120K
  class space    used 14565K, capacity 15924K, committed 16128K, reserved 1048576K
}
Event: 2967.932 GC heap before
{Heap before GC invocations=112 (full 0):
 garbage-first heap   total 189440K, used 92632K [0x0000000080000000, 0x0000000100000000)
  region size 1024K, 9 young (9216K), 2 survivors (2048K)
 Metaspace       used 119883K, capacity 123528K, committed 123984K, reserved 1157120K
  class space    used 14566K, capacity 15925K, committed 16128K, reserved 1048576K
}
Event: 2967.946 GC heap after
{Heap after GC invocations=113 (full 0):
 garbage-first heap   total 189440K, used 80614K [0x0000000080000000, 0x0000000100000000)
  region size 1024K, 1 young (1024K), 1 survivors (1024K)
 Metaspace       used 119883K, capacity 123528K, committed 123984K, reserved 1157120K
  class space    used 14566K, capacity 15925K, committed 16128K, reserved 1048576K
}
Event: 2967.949 GC heap before
{Heap before GC invocations=113 (full 0):
 garbage-first heap   total 189440K, used 80614K [0x0000000080000000, 0x0000000100000000)
  region size 1024K, 3 young (3072K), 1 survivors (1024K)
 Metaspace       used 119883K, capacity 123528K, committed 123984K, reserved 1157120K
  class space    used 14566K, capacity 15925K, committed 16128K, reserved 1048576K
}
Event: 2967.953 GC heap after
{Heap after GC invocations=114 (full 0):
 garbage-first heap   total 189440K, used 80522K [0x0000000080000000, 0x0000000100000000)
  region size 1024K, 1 young (1024K), 1 survivors (1024K)
 Metaspace       used 119883K, capacity 123528K, committed 123984K, reserved 1157120K
  class space    used 14566K, capacity 15925K, committed 16128K, reserved 1048576K
}
Event: 3250.452 GC heap before
{Heap before GC invocations=115 (full 0):
 garbage-first heap   total 189440K, used 168586K [0x0000000080000000, 0x0000000100000000)
  region size 1024K, 62 young (63488K), 1 survivors (1024K)
 Metaspace       used 122307K, capacity 126823K, committed 126928K, reserved 1159168K
  class space    used 14934K, capacity 16490K, committed 16512K, reserved 1048576K
}
Event: 3250.468 GC heap after
{Heap after GC invocations=116 (full 0):
 garbage-first heap   total 189440K, used 91846K [0x0000000080000000, 0x0000000100000000)
  region size 1024K, 8 young (8192K), 8 survivors (8192K)
 Metaspace       used 122307K, capacity 126823K, committed 126928K, reserved 1159168K
  class space    used 14934K, capacity 16490K, committed 16512K, reserved 1048576K
}
Event: 3250.479 GC heap before
{Heap before GC invocations=116 (full 0):
 garbage-first heap   total 189440K, used 92870K [0x0000000080000000, 0x0000000100000000)
  region size 1024K, 9 young (9216K), 8 survivors (8192K)
 Metaspace       used 122340K, capacity 126919K, committed 127056K, reserved 1159168K
  class space    used 14938K, capacity 16522K, committed 16640K, reserved 1048576K
}
Event: 3250.492 GC heap after
{Heap after GC invocations=117 (full 0):
 garbage-first heap   total 189440K, used 92544K [0x0000000080000000, 0x0000000100000000)
  region size 1024K, 1 young (1024K), 1 survivors (1024K)
 Metaspace       used 122340K, capacity 126919K, committed 127056K, reserved 1159168K
  class space    used 14938K, capacity 16522K, committed 16640K, reserved 1048576K
}
Event: 3250.743 GC heap before
{Heap before GC invocations=117 (full 0):
 garbage-first heap   total 189440K, used 99712K [0x0000000080000000, 0x0000000100000000)
  region size 1024K, 9 young (9216K), 1 survivors (1024K)
 Metaspace       used 122524K, capacity 127079K, committed 127312K, reserved 1161216K
  class space    used 14949K, capacity 16554K, committed 16640K, reserved 1048576K
}
Event: 3250.754 GC heap after
{Heap after GC invocations=118 (full 0):
 garbage-first heap   total 189440K, used 94298K [0x0000000080000000, 0x0000000100000000)
  region size 1024K, 3 young (3072K), 3 survivors (3072K)
 Metaspace       used 122524K, capacity 127079K, committed 127312K, reserved 1161216K
  class space    used 14949K, capacity 16554K, committed 16640K, reserved 1048576K
}

Deoptimization events (20 events):
Event: 3250.634 Thread 0x000001fc34f00000 DEOPT PACKING pc=0x000001fc215e93a4 sp=0x0000002d38bf7250
Event: 3250.634 Thread 0x000001fc34f00000 DEOPT UNPACKING pc=0x000001fc18aca1af sp=0x0000002d38bf71e8 mode 2
Event: 3250.668 Thread 0x000001fc34f00000 Uncommon trap: trap_request=0xffffff4d fr.pc=0x000001fc2059c974 relative=0x00000000000001d4
Event: 3250.668 Thread 0x000001fc34f00000 Uncommon trap: reason=unstable_if action=reinterpret pc=0x000001fc2059c974 method=java.lang.String.lastIndexOf(II)I @ 4 c2
Event: 3250.668 Thread 0x000001fc34f00000 DEOPT PACKING pc=0x000001fc2059c974 sp=0x0000002d38bf7000
Event: 3250.668 Thread 0x000001fc34f00000 DEOPT UNPACKING pc=0x000001fc18aca1af sp=0x0000002d38bf6f30 mode 2
Event: 3250.668 Thread 0x000001fc34f00000 Uncommon trap: trap_request=0xffffff4d fr.pc=0x000001fc205e3778 relative=0x00000000000001d8
Event: 3250.668 Thread 0x000001fc34f00000 Uncommon trap: reason=unstable_if action=reinterpret pc=0x000001fc205e3778 method=java.lang.String.lastIndexOf(II)I @ 4 c2
Event: 3250.668 Thread 0x000001fc34f00000 DEOPT PACKING pc=0x000001fc205e3778 sp=0x0000002d38bf6f90
Event: 3250.668 Thread 0x000001fc34f00000 DEOPT UNPACKING pc=0x000001fc18aca1af sp=0x0000002d38bf6f30 mode 2
Event: 3250.857 Thread 0x000001fc34f00000 Uncommon trap: trap_request=0xffffff4d fr.pc=0x000001fc21403e68 relative=0x0000000000000428
Event: 3250.857 Thread 0x000001fc34f00000 Uncommon trap: reason=unstable_if action=reinterpret pc=0x000001fc21403e68 method=com.google.gson.stream.JsonReader.doPeek()I @ 437 c2
Event: 3250.857 Thread 0x000001fc34f00000 DEOPT PACKING pc=0x000001fc21403e68 sp=0x0000002d38bf6d80
Event: 3250.857 Thread 0x000001fc34f00000 DEOPT UNPACKING pc=0x000001fc18aca1af sp=0x0000002d38bf6d00 mode 2
Event: 3250.862 Thread 0x000001fc34f00000 DEOPT PACKING pc=0x000001fc1c95b317 sp=0x0000002d38bf65e0
Event: 3250.862 Thread 0x000001fc34f00000 DEOPT UNPACKING pc=0x000001fc18aca95e sp=0x0000002d38bf5b68 mode 0
Event: 3250.862 Thread 0x000001fc34f00000 Uncommon trap: trap_request=0xffffff4d fr.pc=0x000001fc208db988 relative=0x0000000000001528
Event: 3250.862 Thread 0x000001fc34f00000 Uncommon trap: reason=unstable_if action=reinterpret pc=0x000001fc208db988 method=com.google.gson.stream.JsonReader.nextQuotedValue(C)Ljava/lang/String; @ 96 c2
Event: 3250.862 Thread 0x000001fc34f00000 DEOPT PACKING pc=0x000001fc208db988 sp=0x0000002d38bf6c90
Event: 3250.862 Thread 0x000001fc34f00000 DEOPT UNPACKING pc=0x000001fc18aca1af sp=0x0000002d38bf6c88 mode 2

Classes redefined (0 events):
No events

Internal exceptions (20 events):
Event: 2967.379 Thread 0x000001fc34f02000 Exception <a 'sun/nio/fs/WindowsException'{0x0000000089bf7038}> (0x0000000089bf7038) thrown at [./src/hotspot/share/prims/jni.cpp, line 616]
Event: 2967.381 Thread 0x000001fc34f02000 Exception <a 'sun/nio/fs/WindowsException'{0x0000000089bfdec0}> (0x0000000089bfdec0) thrown at [./src/hotspot/share/prims/jni.cpp, line 616]
Event: 2967.383 Thread 0x000001fc34f02000 Exception <a 'sun/nio/fs/WindowsException'{0x0000000089a05240}> (0x0000000089a05240) thrown at [./src/hotspot/share/prims/jni.cpp, line 616]
Event: 2967.388 Thread 0x000001fc34f02000 Exception <a 'sun/nio/fs/WindowsException'{0x0000000089a74fe0}> (0x0000000089a74fe0) thrown at [./src/hotspot/share/prims/jni.cpp, line 616]
Event: 2967.407 Thread 0x000001fc34f02000 Exception <a 'sun/nio/fs/WindowsException'{0x000000008979d0b0}> (0x000000008979d0b0) thrown at [./src/hotspot/share/prims/jni.cpp, line 616]
Event: 2967.540 Thread 0x000001fc34f01000 Exception <a 'sun/nio/fs/WindowsException'{0x00000000890522e0}> (0x00000000890522e0) thrown at [./src/hotspot/share/prims/jni.cpp, line 616]
Event: 2967.624 Thread 0x000001fc34f01000 Exception <a 'sun/nio/fs/WindowsException'{0x00000000882f50f8}> (0x00000000882f50f8) thrown at [./src/hotspot/share/prims/jni.cpp, line 616]
Event: 2967.740 Thread 0x000001fc34f06000 Exception <a 'sun/nio/fs/WindowsException'{0x0000000087f41400}> (0x0000000087f41400) thrown at [./src/hotspot/share/prims/jni.cpp, line 616]
Event: 2967.794 Thread 0x000001fc34f06000 Exception <a 'sun/nio/fs/WindowsException'{0x000000008789b9f8}> (0x000000008789b9f8) thrown at [./src/hotspot/share/prims/jni.cpp, line 616]
Event: 3249.644 Thread 0x000001fc34f00000 Exception <a 'sun/nio/fs/WindowsException'{0x0000000089944ea8}> (0x0000000089944ea8) thrown at [./src/hotspot/share/prims/jni.cpp, line 616]
Event: 3249.704 Thread 0x000001fc34f00000 Exception <a 'java/lang/NoClassDefFoundError'{0x00000000896bc718}: org/jetbrains/kotlin/gradle/plugin/KotlinBasePluginWrapper> (0x00000000896bc718) thrown at [./src/hotspot/share/oops/constantPool.cpp, line 775]
Event: 3249.722 Thread 0x000001fc34f00000 Exception <a 'sun/nio/fs/WindowsException'{0x00000000895881f0}> (0x00000000895881f0) thrown at [./src/hotspot/share/prims/jni.cpp, line 616]
Event: 3249.734 Thread 0x000001fc34f00000 Exception <a 'sun/nio/fs/WindowsException'{0x0000000089432360}> (0x0000000089432360) thrown at [./src/hotspot/share/prims/jni.cpp, line 616]
Event: 3249.735 Thread 0x000001fc34f00000 Exception <a 'sun/nio/fs/WindowsException'{0x0000000089433430}> (0x0000000089433430) thrown at [./src/hotspot/share/prims/jni.cpp, line 616]
Event: 3249.735 Thread 0x000001fc34f00000 Exception <a 'sun/nio/fs/WindowsException'{0x0000000089434550}> (0x0000000089434550) thrown at [./src/hotspot/share/prims/jni.cpp, line 616]
Event: 3249.735 Thread 0x000001fc34f00000 Exception <a 'sun/nio/fs/WindowsException'{0x00000000894358b8}> (0x00000000894358b8) thrown at [./src/hotspot/share/prims/jni.cpp, line 616]
Event: 3249.902 Thread 0x000001fc34f00000 Implicit null exception at 0x000001fc208e86af to 0x000001fc208e93d0
Event: 3249.902 Thread 0x000001fc34f00000 Implicit null exception at 0x000001fc20704146 to 0x000001fc207044bc
Event: 3249.904 Thread 0x000001fc34f00000 Implicit null exception at 0x000001fc2085a51f to 0x000001fc2085f6bc
Event: 3249.919 Thread 0x000001fc34f00000 Implicit null exception at 0x000001fc212803ce to 0x000001fc21280a20

Events (20 events):
Event: 3250.585 loading class org/w3c/dom/ls/LSInput
Event: 3250.585 loading class org/w3c/dom/ls/LSInput done
Event: 3250.585 loading class org/w3c/dom/ls/LSParser
Event: 3250.585 loading class org/w3c/dom/ls/LSParser done
Event: 3250.585 loading class org/w3c/dom/ls/LSOutput
Event: 3250.585 loading class org/w3c/dom/ls/LSOutput done
Event: 3250.585 loading class org/w3c/dom/ls/LSSerializer
Event: 3250.585 loading class org/w3c/dom/ls/LSSerializer done
Event: 3250.586 loading class org/apache/xerces/dom/DeferredDOMImplementationImpl
Event: 3250.586 loading class org/apache/xerces/dom/DeferredDOMImplementationImpl done
Event: 3250.666 loading class com/android/utils/XmlUtils$PositionAwareStringBuilder
Event: 3250.666 loading class com/android/utils/XmlUtils$PositionAwareStringBuilder done
Event: 3250.743 Executing VM operation: G1CollectForAllocation
Event: 3250.754 Executing VM operation: G1CollectForAllocation done
Event: 3250.853 loading class com/android/builder/internal/aapt/v2/Aapt2RenamingConventions
Event: 3250.853 loading class com/android/builder/internal/aapt/v2/Aapt2RenamingConventions done
Event: 3250.854 loading class com/android/ide/common/blame/MergingLogPersistUtil
Event: 3250.854 loading class com/android/ide/common/blame/MergingLogPersistUtil done
Event: 3250.856 loading class com/android/ide/common/blame/MergingLogPersistUtil$SourcePositionsSerializer$JsonTypeAdapter
Event: 3250.856 loading class com/android/ide/common/blame/MergingLogPersistUtil$SourcePositionsSerializer$JsonTypeAdapter done


Dynamic libraries:
0x00007ff7f1cc0000 - 0x00007ff7f1cca000 	E:\Programs\Android Studio\jre\bin\java.exe
0x00007ffb1a910000 - 0x00007ffb1ab08000 	C:\Windows\SYSTEM32\ntdll.dll
0x00007ffaeb280000 - 0x00007ffaeb297000 	C:\Program Files\Avast Software\Avast\aswhook.dll
0x00007ffb19560000 - 0x00007ffb1961f000 	C:\Windows\System32\KERNEL32.DLL
0x00007ffb18010000 - 0x00007ffb182e2000 	C:\Windows\System32\KERNELBASE.dll
0x00007ffb18830000 - 0x00007ffb18930000 	C:\Windows\System32\ucrtbase.dll
0x00007ffb11b70000 - 0x00007ffb11b89000 	E:\Programs\Android Studio\jre\bin\jli.dll
0x00007ffb119a0000 - 0x00007ffb119b7000 	E:\Programs\Android Studio\jre\bin\VCRUNTIME140.dll
0x00007ffb19280000 - 0x00007ffb1941d000 	C:\Windows\System32\USER32.dll
0x00007ffb18930000 - 0x00007ffb18952000 	C:\Windows\System32\win32u.dll
0x00007ffb05db0000 - 0x00007ffb0604a000 	C:\Windows\WinSxS\amd64_microsoft.windows.common-controls_6595b64144ccf1df_6.0.19041.1110_none_60b5254171f9507e\COMCTL32.dll
0x00007ffb19f90000 - 0x00007ffb1a02e000 	C:\Windows\System32\msvcrt.dll
0x00007ffb189e0000 - 0x00007ffb18a0b000 	C:\Windows\System32\GDI32.dll
0x00007ffb18690000 - 0x00007ffb1879f000 	C:\Windows\System32\gdi32full.dll
0x00007ffb185f0000 - 0x00007ffb1868d000 	C:\Windows\System32\msvcp_win.dll
0x00007ffb1a4b0000 - 0x00007ffb1a4e2000 	C:\Windows\System32\IMM32.DLL
0x00007ffafc9a0000 - 0x00007ffafca3d000 	E:\Programs\Android Studio\jre\bin\msvcp140.dll
0x00007ffad7050000 - 0x00007ffad7b52000 	E:\Programs\Android Studio\jre\bin\server\jvm.dll
0x00007ffb19bd0000 - 0x00007ffb19c7e000 	C:\Windows\System32\ADVAPI32.dll
0x00007ffb1a570000 - 0x00007ffb1a60c000 	C:\Windows\System32\sechost.dll
0x00007ffb19420000 - 0x00007ffb19545000 	C:\Windows\System32\RPCRT4.dll
0x00007ffb19550000 - 0x00007ffb19558000 	C:\Windows\System32\PSAPI.DLL
0x00007ffb04f00000 - 0x00007ffb04f09000 	C:\Windows\SYSTEM32\WSOCK32.dll
0x00007ffb19b50000 - 0x00007ffb19bbb000 	C:\Windows\System32\WS2_32.dll
0x00007ffb06060000 - 0x00007ffb06087000 	C:\Windows\SYSTEM32\WINMM.dll
0x00007ffb0f3e0000 - 0x00007ffb0f3ea000 	C:\Windows\SYSTEM32\VERSION.dll
0x00007ffb15ed0000 - 0x00007ffb15ee2000 	C:\Windows\SYSTEM32\kernel.appcore.dll
0x00007ffb13cd0000 - 0x00007ffb13ce1000 	E:\Programs\Android Studio\jre\bin\verify.dll
0x00007ffb091b0000 - 0x00007ffb09394000 	C:\Windows\SYSTEM32\DBGHELP.DLL
0x00007ffb0d110000 - 0x00007ffb0d13c000 	C:\Windows\SYSTEM32\dbgcore.DLL
0x00007ffb187a0000 - 0x00007ffb18822000 	C:\Windows\System32\bcryptPrimitives.dll
0x00007ffb11c80000 - 0x00007ffb11ca9000 	E:\Programs\Android Studio\jre\bin\java.dll
0x00007ffb13ee0000 - 0x00007ffb13eeb000 	E:\Programs\Android Studio\jre\bin\jimage.dll
0x00007ffb11c60000 - 0x00007ffb11c78000 	E:\Programs\Android Studio\jre\bin\zip.dll
0x00007ffb18a10000 - 0x00007ffb19153000 	C:\Windows\System32\SHELL32.dll
0x00007ffb160d0000 - 0x00007ffb16862000 	C:\Windows\SYSTEM32\windows.storage.dll
0x00007ffb197f0000 - 0x00007ffb19b44000 	C:\Windows\System32\combase.dll
0x00007ffb17a70000 - 0x00007ffb17aa0000 	C:\Windows\SYSTEM32\Wldp.dll
0x00007ffb19ee0000 - 0x00007ffb19f8d000 	C:\Windows\System32\SHCORE.dll
0x00007ffb1a610000 - 0x00007ffb1a665000 	C:\Windows\System32\shlwapi.dll
0x00007ffb17f50000 - 0x00007ffb17f6f000 	C:\Windows\SYSTEM32\profapi.dll
0x00007ffb11c40000 - 0x00007ffb11c5a000 	E:\Programs\Android Studio\jre\bin\net.dll
0x00007ffb082b0000 - 0x00007ffb083bc000 	C:\Windows\SYSTEM32\WINHTTP.dll
0x00007ffb177d0000 - 0x00007ffb1783a000 	C:\Windows\system32\mswsock.dll
0x00007ffb11bd0000 - 0x00007ffb11be4000 	E:\Programs\Android Studio\jre\bin\nio.dll
0x00007ffb00690000 - 0x00007ffb006b7000 	C:\Users\a0587\.gradle\native\8bec1ad78214c89d9ad589b4d07fe93259594b29d510b10fafb7a158f7737e5d\windows-amd64\native-platform.dll
0x00007ffae78b0000 - 0x00007ffae79ed000 	C:\Users\a0587\.gradle\native\53dbd7edfb1c66fb8903c78663c9afc45aea4f116125fa6feffd364cf09443e8\windows-amd64\native-platform-file-events.dll
0x00007ffb13ea0000 - 0x00007ffb13eaa000 	E:\Programs\Android Studio\jre\bin\management.dll
0x00007ffb13e20000 - 0x00007ffb13e2d000 	E:\Programs\Android Studio\jre\bin\management_ext.dll
0x00007ffb179c0000 - 0x00007ffb179d8000 	C:\Windows\SYSTEM32\CRYPTSP.dll
0x00007ffb17080000 - 0x00007ffb170b4000 	C:\Windows\system32\rsaenh.dll
0x00007ffb18510000 - 0x00007ffb18537000 	C:\Windows\System32\bcrypt.dll
0x00007ffb17ed0000 - 0x00007ffb17efe000 	C:\Windows\SYSTEM32\USERENV.dll
0x00007ffb179e0000 - 0x00007ffb179ec000 	C:\Windows\SYSTEM32\CRYPTBASE.dll
0x00007ffb17470000 - 0x00007ffb174ab000 	C:\Windows\SYSTEM32\IPHLPAPI.DLL
0x00007ffb1a4a0000 - 0x00007ffb1a4a8000 	C:\Windows\System32\NSI.dll
0x00007ffb0e080000 - 0x00007ffb0e097000 	C:\Windows\SYSTEM32\dhcpcsvc6.DLL
0x00007ffb0e220000 - 0x00007ffb0e23d000 	C:\Windows\SYSTEM32\dhcpcsvc.DLL
0x00007ffb174b0000 - 0x00007ffb1757a000 	C:\Windows\SYSTEM32\DNSAPI.dll
0x00007ffb11a70000 - 0x00007ffb11a97000 	E:\Programs\Android Studio\jre\bin\sunec.dll

dbghelp: loaded successfully - version: 4.0.5 - missing functions: none
symbol engine: initialized successfully - sym options: 0x614 - pdb path: .;E:\Programs\Android Studio\jre\bin;C:\Windows\SYSTEM32;C:\Program Files\Avast Software\Avast;C:\Windows\WinSxS\amd64_microsoft.windows.common-controls_6595b64144ccf1df_6.0.19041.1110_none_60b5254171f9507e;E:\Programs\Android Studio\jre\bin\server;C:\Users\a0587\.gradle\native\8bec1ad78214c89d9ad589b4d07fe93259594b29d510b10fafb7a158f7737e5d\windows-amd64;C:\Users\a0587\.gradle\native\53dbd7edfb1c66fb8903c78663c9afc45aea4f116125fa6feffd364cf09443e8\windows-amd64

VM Arguments:
jvm_args: --add-opens=java.base/java.util=ALL-UNNAMED --add-opens=java.base/java.lang=ALL-UNNAMED --add-opens=java.base/java.lang.invoke=ALL-UNNAMED --add-opens=java.base/java.util=ALL-UNNAMED --add-opens=java.prefs/java.util.prefs=ALL-UNNAMED --add-opens=java.prefs/java.util.prefs=ALL-UNNAMED --add-opens=java.base/java.nio.charset=ALL-UNNAMED --add-opens=java.base/java.net=ALL-UNNAMED --add-opens=java.base/java.util.concurrent.atomic=ALL-UNNAMED -Xmx2048m -Dfile.encoding=UTF-8 -Duser.country=TW -Duser.language=zh -Duser.variant 
java_command: org.gradle.launcher.daemon.bootstrap.GradleDaemon 7.0.2
java_class_path (initial): C:\Users\a0587\.gradle\wrapper\dists\gradle-7.0.2-bin\857tjihv64xamwrf0h14cai3r\gradle-7.0.2\lib\gradle-launcher-7.0.2.jar
Launcher Type: SUN_STANDARD

[Global flags]
     intx CICompilerCount                          = 3                                         {product} {ergonomic}
     uint ConcGCThreads                            = 1                                         {product} {ergonomic}
     uint G1ConcRefinementThreads                  = 4                                         {product} {ergonomic}
   size_t G1HeapRegionSize                         = 1048576                                   {product} {ergonomic}
    uintx GCDrainStackTargetSize                   = 64                                        {product} {ergonomic}
   size_t InitialHeapSize                          = 134217728                                 {product} {ergonomic}
   size_t MarkStackSize                            = 4194304                                   {product} {ergonomic}
   size_t MaxHeapSize                              = 2147483648                                {product} {command line}
   size_t MaxNewSize                               = 1287651328                                {product} {ergonomic}
   size_t MinHeapDeltaBytes                        = 1048576                                   {product} {ergonomic}
    uintx NonNMethodCodeHeapSize                   = 5830732                                {pd product} {ergonomic}
    uintx NonProfiledCodeHeapSize                  = 122913754                              {pd product} {ergonomic}
    uintx ProfiledCodeHeapSize                     = 122913754                              {pd product} {ergonomic}
    uintx ReservedCodeCacheSize                    = 251658240                              {pd product} {ergonomic}
     bool SegmentedCodeCache                       = true                                      {product} {ergonomic}
     bool UseCompressedClassPointers               = true                                 {lp64_product} {ergonomic}
     bool UseCompressedOops                        = true                                 {lp64_product} {ergonomic}
     bool UseG1GC                                  = true                                      {product} {ergonomic}
     bool UseLargePagesIndividualAllocation        = false                                  {pd product} {ergonomic}

Logging:
Log output configuration:
 #0: stdout all=warning uptime,level,tags
 #1: stderr all=off uptime,level,tags

Environment Variables:
PATH=C:\Windows\system32;C:\Windows;C:\Windows\System32\Wbem;C:\Windows\System32\WindowsPowerShell\v1.0\;C:\Windows\System32\OpenSSH\;C:\Program Files\PuTTY\;E:\Programs\Anaconda;E:\Programs\Anaconda\Library\mingw-w64\bin;E:\Programs\Anaconda\Library\usr\bin;E:\Programs\Anaconda\Library\bin;E:\Programs\Anaconda\Scripts;C:\Users\a0587\AppData\Local\Microsoft\WindowsApps;E:\Programs\Microsoft VS Code\bin
USERNAME=Billy
OS=Windows_NT
PROCESSOR_IDENTIFIER=Intel64 Family 6 Model 142 Stepping 9, GenuineIntel



---------------  S Y S T E M  ---------------

OS: Windows 10 , 64 bit Build 19041 (10.0.19041.2251)
OS uptime: 4 days 1:03 hours

CPU:total 4 (initial active 4) (2 cores per cpu, 2 threads per core) family 6 model 142 stepping 9 microcode 0xb4, cmov, cx8, fxsr, mmx, sse, sse2, sse3, ssse3, sse4.1, sse4.2, popcnt, avx, avx2, aes, clmul, erms, 3dnowpref, lzcnt, ht, tsc, tscinvbit, bmi1, bmi2, adx, fma

Memory: 4k page, system-wide physical 8073M (416M free)
TotalPageFile size 8073M (AvailPageFile size 3M)
current process WorkingSet (physical memory assigned to process): 509M, peak: 528M
current process commit charge ("private bytes"): 572M, peak: 592M

vm_info: OpenJDK 64-Bit Server VM (11.0.13+0-b1751.21-8125866) for windows-amd64 JRE (11.0.13+0-b1751.21-8125866), built on Feb  2 2022 03:00:22 by "builder" with MS VC++ 14.0 (VS2015)

END.
