#
# There is insufficient memory for the Java Runtime Environment to continue.
# Native memory allocation (malloc) failed to allocate 2480816 bytes for Chunk::new
# Possible reasons:
#   The system is out of physical RAM or swap space
#   The process is running with CompressedOops enabled, and the Java Heap may be blocking the growth of the native heap
# Possible solutions:
#   Reduce memory load on the system
#   Increase physical memory or swap space
#   Check if swap backing store is full
#   Decrease Java heap size (-Xmx/-Xms)
#   Decrease number of Java threads
#   Decrease Java thread stack sizes (-Xss)
#   Set larger code cache with -XX:ReservedCodeCacheSize=
#   JVM is running with Unscaled Compressed Oops mode in which the Java heap is
#     placed in the first 4GB address space. The Java Heap base address is the
#     maximum limit for the native heap growth. Please use -XX:HeapBaseMinAddress
#     to set the Java Heap base and to place the Java Heap above 4GB virtual address.
# This output file may be truncated or incomplete.
#
#  Out of Memory Error (./src/hotspot/share/memory/arena.cpp:197), pid=12700, tid=17468
#
# JRE version: OpenJDK Runtime Environment (11.0.10) (build 11.0.10+0-b96-7249189)
# Java VM: OpenJDK 64-Bit Server VM (11.0.10+0-b96-7249189, mixed mode, tiered, compressed oops, g1 gc, windows-amd64)
# No core dump will be written. Minidumps are not enabled by default on client versions of Windows
#

---------------  S U M M A R Y ------------

Command Line: --add-opens=java.base/java.util=ALL-UNNAMED --add-opens=java.base/java.lang=ALL-UNNAMED --add-opens=java.base/java.lang.invoke=ALL-UNNAMED --add-opens=java.base/java.util=ALL-UNNAMED --add-opens=java.prefs/java.util.prefs=ALL-UNNAMED --add-opens=java.prefs/java.util.prefs=ALL-UNNAMED --add-opens=java.base/java.nio.charset=ALL-UNNAMED --add-opens=java.base/java.net=ALL-UNNAMED --add-opens=java.base/java.util.concurrent.atomic=ALL-UNNAMED -Xmx2048m -Dfile.encoding=UTF-8 -Duser.country=TW -Duser.language=zh -Duser.variant org.gradle.launcher.daemon.bootstrap.GradleDaemon 7.0.2

Host: Intel(R) Core(TM) i5-7200U CPU @ 2.50GHz, 4 cores, 7G,  Windows 10 , 64 bit Build 19041 (10.0.19041.1348)
Time: Sun Jan  2 23:29:42 2022 台北標準時間 elapsed time: 72.963357 seconds (0d 0h 1m 12s)

---------------  T H R E A D  ---------------

Current thread (0x000001f060de7000):  JavaThread "C2 CompilerThread0" daemon [_thread_in_native, id=17468, stack(0x000000ef93100000,0x000000ef93200000)]


Current CompileTask:
C2:  72963 8517       4       org.gradle.internal.snapshot.DirectorySnapshot$$Lambda$832/0x0000000100ab6840::accept (20 bytes)

Stack: [0x000000ef93100000,0x000000ef93200000]
Native frames: (J=compiled Java code, j=interpreted, Vv=VM code, C=native code)
V  [jvm.dll+0x5ecfaa]
V  [jvm.dll+0x722bd5]
V  [jvm.dll+0x72412d]
V  [jvm.dll+0x7247e3]
V  [jvm.dll+0x242928]
V  [jvm.dll+0xbc4fc]
V  [jvm.dll+0xbca0c]
V  [jvm.dll+0x352d7d]
V  [jvm.dll+0x320ad3]
V  [jvm.dll+0x31ffca]
V  [jvm.dll+0x1fb602]
V  [jvm.dll+0x1fa7f4]
V  [jvm.dll+0x18354c]
V  [jvm.dll+0x208ee7]
V  [jvm.dll+0x207731]
V  [jvm.dll+0x6eb1cf]
V  [jvm.dll+0x6e3d45]
V  [jvm.dll+0x5ebe96]
C  [ucrtbase.dll+0x21bb2]
C  [KERNEL32.DLL+0x17034]
C  [ntdll.dll+0x52651]


---------------  P R O C E S S  ---------------

Threads class SMR info:
_java_thread_list=0x000001f063d7d1d0, length=47, elements={
0x000001f0471dc800, 0x000001f060dc3800, 0x000001f060dcc800, 0x000001f061661800,
0x000001f061662800, 0x000001f061665800, 0x000001f060de7000, 0x000001f060deb000,
0x000001f060df6000, 0x000001f0617c1000, 0x000001f0620e4000, 0x000001f062547800,
0x000001f062548800, 0x000001f063121000, 0x000001f062e9f800, 0x000001f06310c800,
0x000001f062e94800, 0x000001f0619a7000, 0x000001f062829000, 0x000001f06301e000,
0x000001f06301d800, 0x000001f063019800, 0x000001f06301a000, 0x000001f06301b000,
0x000001f06301c000, 0x000001f06301c800, 0x000001f063018800, 0x000001f06301f000,
0x000001f0639b4000, 0x000001f0639af000, 0x000001f0639af800, 0x000001f0639b3000,
0x000001f0639b0800, 0x000001f0639b4800, 0x000001f0639b6800, 0x000001f0639b1800,
0x000001f0639b9800, 0x000001f0639ba800, 0x000001f0639b7000, 0x000001f0639bb000,
0x000001f0639b5800, 0x000001f0639b8800, 0x000001f0639b8000, 0x000001f068d6b800,
0x000001f068d6d000, 0x000001f068d71000, 0x000001f068d72000
}

Java Threads: ( => current thread )
  0x000001f0471dc800 JavaThread "main" [_thread_blocked, id=1352, stack(0x000000ef92500000,0x000000ef92600000)]
  0x000001f060dc3800 JavaThread "Reference Handler" daemon [_thread_blocked, id=9208, stack(0x000000ef92c00000,0x000000ef92d00000)]
  0x000001f060dcc800 JavaThread "Finalizer" daemon [_thread_blocked, id=10496, stack(0x000000ef92d00000,0x000000ef92e00000)]
  0x000001f061661800 JavaThread "Signal Dispatcher" daemon [_thread_blocked, id=14260, stack(0x000000ef92e00000,0x000000ef92f00000)]
  0x000001f061662800 JavaThread "Attach Listener" daemon [_thread_blocked, id=11756, stack(0x000000ef92f00000,0x000000ef93000000)]
  0x000001f061665800 JavaThread "Service Thread" daemon [_thread_blocked, id=14724, stack(0x000000ef93000000,0x000000ef93100000)]
=>0x000001f060de7000 JavaThread "C2 CompilerThread0" daemon [_thread_in_native, id=17468, stack(0x000000ef93100000,0x000000ef93200000)]
  0x000001f060deb000 JavaThread "C1 CompilerThread0" daemon [_thread_blocked, id=10388, stack(0x000000ef93200000,0x000000ef93300000)]
  0x000001f060df6000 JavaThread "Sweeper thread" daemon [_thread_blocked, id=11876, stack(0x000000ef93300000,0x000000ef93400000)]
  0x000001f0617c1000 JavaThread "Common-Cleaner" daemon [_thread_blocked, id=1508, stack(0x000000ef93400000,0x000000ef93500000)]
  0x000001f0620e4000 JavaThread "Daemon health stats" [_thread_blocked, id=11388, stack(0x000000ef93900000,0x000000ef93a00000)]
  0x000001f062547800 JavaThread "Incoming local TCP Connector on port 59686" [_thread_in_native, id=15004, stack(0x000000ef93800000,0x000000ef93900000)]
  0x000001f062548800 JavaThread "Daemon periodic checks" [_thread_blocked, id=12928, stack(0x000000ef93a00000,0x000000ef93b00000)]
  0x000001f063121000 JavaThread "Daemon" [_thread_blocked, id=656, stack(0x000000ef93b00000,0x000000ef93c00000)]
  0x000001f062e9f800 JavaThread "Handler for socket connection from /127.0.0.1:59686 to /127.0.0.1:59687" [_thread_in_native, id=11036, stack(0x000000ef93c00000,0x000000ef93d00000)]
  0x000001f06310c800 JavaThread "Cancel handler" [_thread_blocked, id=16744, stack(0x000000ef93d00000,0x000000ef93e00000)]
  0x000001f062e94800 JavaThread "Daemon worker" [_thread_blocked, id=5812, stack(0x000000ef93e00000,0x000000ef93f00000)]
  0x000001f0619a7000 JavaThread "Asynchronous log dispatcher for DefaultDaemonConnection: socket connection from /127.0.0.1:59686 to /127.0.0.1:59687" [_thread_blocked, id=68, stack(0x000000ef93f00000,0x000000ef94000000)]
  0x000001f062829000 JavaThread "Stdin handler" [_thread_blocked, id=11832, stack(0x000000ef94000000,0x000000ef94100000)]
  0x000001f06301e000 JavaThread "Daemon client event forwarder" [_thread_blocked, id=16220, stack(0x000000ef94100000,0x000000ef94200000)]
  0x000001f06301d800 JavaThread "Cache worker for file hash cache (C:\Users\Billy\.gradle\caches\7.0.2\fileHashes)" [_thread_blocked, id=12416, stack(0x000000ef94300000,0x000000ef94400000)]
  0x000001f063019800 JavaThread "File lock request listener" [_thread_in_native, id=17268, stack(0x000000ef94400000,0x000000ef94500000)]
  0x000001f06301a000 JavaThread "Cache worker for journal cache (C:\Users\Billy\.gradle\caches\journal-1)" [_thread_blocked, id=5028, stack(0x000000ef94500000,0x000000ef94600000)]
  0x000001f06301b000 JavaThread "Cache worker for file hash cache (C:\Users\Billy\Test\.gradle\7.0.2\fileHashes)" [_thread_blocked, id=13516, stack(0x000000ef94700000,0x000000ef94800000)]
  0x000001f06301c000 JavaThread "File watcher server" daemon [_thread_in_native, id=8976, stack(0x000000ef94800000,0x000000ef94900000)]
  0x000001f06301c800 JavaThread "File watcher consumer" daemon [_thread_blocked, id=12780, stack(0x000000ef94900000,0x000000ef94a00000)]
  0x000001f063018800 JavaThread "Cache worker for checksums cache (C:\Users\Billy\Test\.gradle\checksums)" [_thread_blocked, id=8392, stack(0x000000ef94600000,0x000000ef94700000)]
  0x000001f06301f000 JavaThread "Cache worker for cache directory md-supplier (C:\Users\Billy\.gradle\caches\7.0.2\md-supplier)" [_thread_blocked, id=1476, stack(0x000000ef94a00000,0x000000ef94b00000)]
  0x000001f0639b4000 JavaThread "Cache worker for cache directory md-rule (C:\Users\Billy\.gradle\caches\7.0.2\md-rule)" [_thread_blocked, id=3856, stack(0x000000ef94b00000,0x000000ef94c00000)]
  0x000001f0639af000 JavaThread "Cache worker for execution history cache (C:\Users\Billy\.gradle\caches\7.0.2\executionHistory)" [_thread_blocked, id=11596, stack(0x000000ef94d00000,0x000000ef94e00000)]
  0x000001f0639af800 JavaThread "jar transforms" [_thread_blocked, id=16644, stack(0x000000ef94e00000,0x000000ef94f00000)]
  0x000001f0639b3000 JavaThread "jar transforms Thread 2" [_thread_blocked, id=13820, stack(0x000000ef94f00000,0x000000ef95000000)]
  0x000001f0639b0800 JavaThread "Cache worker for file content cache (C:\Users\Billy\.gradle\caches\7.0.2\fileContent)" [_thread_blocked, id=13816, stack(0x000000ef95000000,0x000000ef95100000)]
  0x000001f0639b4800 JavaThread "Cache worker for dependencies-accessors (C:\Users\Billy\Test\.gradle\7.0.2\dependencies-accessors)" [_thread_blocked, id=18384, stack(0x000000ef95100000,0x000000ef95200000)]
  0x000001f0639b6800 JavaThread "jar transforms Thread 3" [_thread_blocked, id=12812, stack(0x000000ef94c00000,0x000000ef94d00000)]
  0x000001f0639b1800 JavaThread "Cache worker for Build Output Cleanup Cache (C:\Users\Billy\Test\.gradle\buildOutputCleanup)" [_thread_blocked, id=16860, stack(0x000000ef95200000,0x000000ef95300000)]
  0x000001f0639b9800 JavaThread "Build operations" [_thread_blocked, id=16796, stack(0x000000ef95400000,0x000000ef95500000)]
  0x000001f0639ba800 JavaThread "Build operations Thread 2" [_thread_blocked, id=7236, stack(0x000000ef95500000,0x000000ef95600000)]
  0x000001f0639b7000 JavaThread "Build operations Thread 3" [_thread_blocked, id=12484, stack(0x000000ef95600000,0x000000ef95700000)]
  0x000001f0639bb000 JavaThread "Build operations Thread 4" [_thread_blocked, id=12236, stack(0x000000ef95700000,0x000000ef95800000)]
  0x000001f0639b5800 JavaThread "jar transforms Thread 4" [_thread_blocked, id=13388, stack(0x000000ef95800000,0x000000ef95900000)]
  0x000001f0639b8800 JavaThread "Memory manager" [_thread_blocked, id=15356, stack(0x000000ef92300000,0x000000ef92400000)]
  0x000001f0639b8000 JavaThread "build event listener" [_thread_blocked, id=18060, stack(0x000000ef92400000,0x000000ef92500000)]
  0x000001f068d6b800 JavaThread "Execution worker for ':'" [_thread_blocked, id=8268, stack(0x000000ef95a00000,0x000000ef95b00000)]
  0x000001f068d6d000 JavaThread "Execution worker for ':' Thread 2" [_thread_blocked, id=8724, stack(0x000000ef95b00000,0x000000ef95c00000)]
  0x000001f068d71000 JavaThread "Execution worker for ':' Thread 3" [_thread_in_vm, id=17152, stack(0x000000ef95c00000,0x000000ef95d00000)]
  0x000001f068d72000 JavaThread "Cache worker for execution history cache (C:\Users\Billy\Test\.gradle\7.0.2\executionHistory)" [_thread_blocked, id=18312, stack(0x000000ef95d00000,0x000000ef95e00000)]

Other Threads:
  0x000001f060dbe800 VMThread "VM Thread" [stack: 0x000000ef92b00000,0x000000ef92c00000] [id=11384]
  0x000001f06183c800 WatcherThread [stack: 0x000000ef93500000,0x000000ef93600000] [id=7968]
  0x000001f0471f5000 GCTaskThread "GC Thread#0" [stack: 0x000000ef92600000,0x000000ef92700000] [id=2564]
  0x000001f061cfa800 GCTaskThread "GC Thread#1" [stack: 0x000000ef93600000,0x000000ef93700000] [id=6256]
  0x000001f061bc2000 GCTaskThread "GC Thread#2" [stack: 0x000000ef93700000,0x000000ef93800000] [id=17436]
  0x000001f063021800 GCTaskThread "GC Thread#3" [stack: 0x000000ef94200000,0x000000ef94300000] [id=17880]
  0x000001f047225800 ConcurrentGCThread "G1 Main Marker" [stack: 0x000000ef92700000,0x000000ef92800000] [id=16008]
  0x000001f047227000 ConcurrentGCThread "G1 Conc#0" [stack: 0x000000ef92800000,0x000000ef92900000] [id=4244]
  0x000001f060c10800 ConcurrentGCThread "G1 Refine#0" [stack: 0x000000ef92900000,0x000000ef92a00000] [id=7584]
  0x000001f060c11000 ConcurrentGCThread "G1 Young RemSet Sampling" [stack: 0x000000ef92a00000,0x000000ef92b00000] [id=16720]

Threads with active compile tasks:
C2 CompilerThread0  73019 8517       4       org.gradle.internal.snapshot.DirectorySnapshot$$Lambda$832/0x0000000100ab6840::accept (20 bytes)

VM state:not at safepoint (normal execution)

VM Mutex/Monitor currently owned by a thread: None

Heap address: 0x0000000080000000, size: 2048 MB, Compressed Oops mode: 32-bit
Narrow klass base: 0x0000000000000000, Narrow klass shift: 3
Compressed class space size: 1073741824 Address: 0x0000000100000000

Heap:
 garbage-first heap   total 131072K, used 75494K [0x0000000080000000, 0x0000000100000000)
  region size 1024K, 20 young (20480K), 6 survivors (6144K)
 Metaspace       used 80156K, capacity 82158K, committed 82432K, reserved 1120256K
  class space    used 10447K, capacity 11177K, committed 11264K, reserved 1048576K
Heap Regions: E=young(eden), S=young(survivor), O=old, HS=humongous(starts), HC=humongous(continues), CS=collection set, F=free, A=archive, TAMS=top-at-mark-start (previous, next)
|   0|0x0000000080000000, 0x0000000080100000, 0x0000000080100000|100%| O|  |TAMS 0x0000000080100000, 0x0000000080000000| Untracked 
|   1|0x0000000080100000, 0x0000000080200000, 0x0000000080200000|100%| O|  |TAMS 0x0000000080200000, 0x0000000080100000| Untracked 
|   2|0x0000000080200000, 0x0000000080300000, 0x0000000080300000|100%| O|  |TAMS 0x0000000080300000, 0x0000000080200000| Untracked 
|   3|0x0000000080300000, 0x0000000080400000, 0x0000000080400000|100%|HS|  |TAMS 0x0000000080400000, 0x0000000080300000| Complete 
|   4|0x0000000080400000, 0x0000000080500000, 0x0000000080500000|100%|HC|  |TAMS 0x0000000080500000, 0x0000000080400000| Complete 
|   5|0x0000000080500000, 0x0000000080600000, 0x0000000080600000|100%|HC|  |TAMS 0x0000000080600000, 0x0000000080500000| Complete 
|   6|0x0000000080600000, 0x0000000080700000, 0x0000000080700000|100%| O|  |TAMS 0x0000000080700000, 0x0000000080600000| Untracked 
|   7|0x0000000080700000, 0x0000000080800000, 0x0000000080800000|100%| O|  |TAMS 0x0000000080800000, 0x0000000080700000| Untracked 
|   8|0x0000000080800000, 0x0000000080900000, 0x0000000080900000|100%| O|  |TAMS 0x0000000080900000, 0x0000000080800000| Untracked 
|   9|0x0000000080900000, 0x0000000080a00000, 0x0000000080a00000|100%| O|  |TAMS 0x0000000080a00000, 0x0000000080900000| Untracked 
|  10|0x0000000080a00000, 0x0000000080b00000, 0x0000000080b00000|100%| O|  |TAMS 0x0000000080b00000, 0x0000000080a00000| Untracked 
|  11|0x0000000080b00000, 0x0000000080c00000, 0x0000000080c00000|100%| O|  |TAMS 0x0000000080c00000, 0x0000000080b00000| Untracked 
|  12|0x0000000080c00000, 0x0000000080d00000, 0x0000000080d00000|100%| O|  |TAMS 0x0000000080d00000, 0x0000000080c00000| Untracked 
|  13|0x0000000080d00000, 0x0000000080e00000, 0x0000000080e00000|100%| O|  |TAMS 0x0000000080e00000, 0x0000000080d00000| Untracked 
|  14|0x0000000080e00000, 0x0000000080f00000, 0x0000000080f00000|100%| O|  |TAMS 0x0000000080f00000, 0x0000000080e00000| Untracked 
|  15|0x0000000080f00000, 0x0000000081000000, 0x0000000081000000|100%| O|  |TAMS 0x0000000081000000, 0x0000000080f00000| Untracked 
|  16|0x0000000081000000, 0x0000000081100000, 0x0000000081100000|100%| O|  |TAMS 0x0000000081100000, 0x0000000081000000| Untracked 
|  17|0x0000000081100000, 0x0000000081200000, 0x0000000081200000|100%|HS|  |TAMS 0x0000000081200000, 0x0000000081100000| Complete 
|  18|0x0000000081200000, 0x0000000081300000, 0x0000000081300000|100%| O|  |TAMS 0x0000000081300000, 0x0000000081200000| Untracked 
|  19|0x0000000081300000, 0x0000000081400000, 0x0000000081400000|100%| O|  |TAMS 0x0000000081400000, 0x0000000081300000| Untracked 
|  20|0x0000000081400000, 0x0000000081500000, 0x0000000081500000|100%| O|  |TAMS 0x0000000081500000, 0x0000000081400000| Untracked 
|  21|0x0000000081500000, 0x0000000081600000, 0x0000000081600000|100%| O|  |TAMS 0x0000000081600000, 0x0000000081500000| Untracked 
|  22|0x0000000081600000, 0x0000000081700000, 0x0000000081700000|100%| O|  |TAMS 0x0000000081700000, 0x0000000081600000| Untracked 
|  23|0x0000000081700000, 0x0000000081800000, 0x0000000081800000|100%| O|  |TAMS 0x0000000081800000, 0x0000000081700000| Untracked 
|  24|0x0000000081800000, 0x0000000081900000, 0x0000000081900000|100%| O|  |TAMS 0x0000000081900000, 0x0000000081800000| Untracked 
|  25|0x0000000081900000, 0x0000000081a00000, 0x0000000081a00000|100%| O|  |TAMS 0x0000000081a00000, 0x0000000081900000| Untracked 
|  26|0x0000000081a00000, 0x0000000081b00000, 0x0000000081b00000|100%| O|  |TAMS 0x0000000081b00000, 0x0000000081a00000| Untracked 
|  27|0x0000000081b00000, 0x0000000081c00000, 0x0000000081c00000|100%|HS|  |TAMS 0x0000000081c00000, 0x0000000081b00000| Complete 
|  28|0x0000000081c00000, 0x0000000081d00000, 0x0000000081d00000|100%|HS|  |TAMS 0x0000000081d00000, 0x0000000081c00000| Complete 
|  29|0x0000000081d00000, 0x0000000081e00000, 0x0000000081e00000|100%|HC|  |TAMS 0x0000000081e00000, 0x0000000081d00000| Complete 
|  30|0x0000000081e00000, 0x0000000081f00000, 0x0000000081f00000|100%| O|  |TAMS 0x0000000081f00000, 0x0000000081e00000| Untracked 
|  31|0x0000000081f00000, 0x0000000082000000, 0x0000000082000000|100%| O|  |TAMS 0x0000000082000000, 0x0000000081f00000| Untracked 
|  32|0x0000000082000000, 0x0000000082100000, 0x0000000082100000|100%| O|  |TAMS 0x0000000082100000, 0x0000000082000000| Untracked 
|  33|0x0000000082100000, 0x0000000082200000, 0x0000000082200000|100%| O|  |TAMS 0x0000000082200000, 0x0000000082100000| Untracked 
|  34|0x0000000082200000, 0x0000000082300000, 0x0000000082300000|100%| O|  |TAMS 0x0000000082300000, 0x0000000082200000| Untracked 
|  35|0x0000000082300000, 0x0000000082400000, 0x0000000082400000|100%| O|  |TAMS 0x0000000082400000, 0x0000000082300000| Untracked 
|  36|0x0000000082400000, 0x0000000082500000, 0x0000000082500000|100%| O|  |TAMS 0x0000000082500000, 0x0000000082400000| Untracked 
|  37|0x0000000082500000, 0x0000000082600000, 0x0000000082600000|100%| O|  |TAMS 0x0000000082600000, 0x0000000082500000| Untracked 
|  38|0x0000000082600000, 0x0000000082700000, 0x0000000082700000|100%| O|  |TAMS 0x0000000082700000, 0x0000000082600000| Untracked 
|  39|0x0000000082700000, 0x0000000082800000, 0x0000000082800000|100%| O|  |TAMS 0x0000000082800000, 0x0000000082700000| Untracked 
|  40|0x0000000082800000, 0x0000000082900000, 0x0000000082900000|100%| O|  |TAMS 0x000000008288e000, 0x0000000082800000| Untracked 
|  41|0x0000000082900000, 0x0000000082a00000, 0x0000000082a00000|100%| O|  |TAMS 0x0000000082900000, 0x0000000082900000| Untracked 
|  42|0x0000000082a00000, 0x0000000082b00000, 0x0000000082b00000|100%| O|  |TAMS 0x0000000082a00000, 0x0000000082a00000| Untracked 
|  43|0x0000000082b00000, 0x0000000082c00000, 0x0000000082c00000|100%| O|  |TAMS 0x0000000082b00000, 0x0000000082b00000| Untracked 
|  44|0x0000000082c00000, 0x0000000082d00000, 0x0000000082d00000|100%| O|  |TAMS 0x0000000082c00000, 0x0000000082c00000| Untracked 
|  45|0x0000000082d00000, 0x0000000082e00000, 0x0000000082e00000|100%| O|  |TAMS 0x0000000082d00000, 0x0000000082d00000| Untracked 
|  46|0x0000000082e00000, 0x0000000082f00000, 0x0000000082f00000|100%| O|  |TAMS 0x0000000082e00000, 0x0000000082e00000| Untracked 
|  47|0x0000000082f00000, 0x0000000083000000, 0x0000000083000000|100%| O|  |TAMS 0x0000000082f00000, 0x0000000082f00000| Untracked 
|  48|0x0000000083000000, 0x0000000083100000, 0x0000000083100000|100%| O|  |TAMS 0x0000000083000000, 0x0000000083000000| Untracked 
|  49|0x0000000083100000, 0x0000000083200000, 0x0000000083200000|100%| O|  |TAMS 0x0000000083100000, 0x0000000083100000| Untracked 
|  50|0x0000000083200000, 0x0000000083300000, 0x0000000083300000|100%| O|  |TAMS 0x0000000083200000, 0x0000000083200000| Untracked 
|  51|0x0000000083300000, 0x0000000083400000, 0x0000000083400000|100%| O|  |TAMS 0x0000000083300000, 0x0000000083300000| Untracked 
|  52|0x0000000083400000, 0x0000000083500000, 0x0000000083500000|100%| O|  |TAMS 0x0000000083400000, 0x0000000083400000| Untracked 
|  53|0x0000000083500000, 0x0000000083600000, 0x0000000083600000|100%| O|  |TAMS 0x0000000083500000, 0x0000000083500000| Untracked 
|  54|0x0000000083600000, 0x00000000836ece00, 0x0000000083700000| 92%| O|  |TAMS 0x0000000083600000, 0x0000000083600000| Untracked 
|  55|0x0000000083700000, 0x0000000083700000, 0x0000000083800000|  0%| F|  |TAMS 0x0000000083700000, 0x0000000083700000| Untracked 
|  56|0x0000000083800000, 0x0000000083800000, 0x0000000083900000|  0%| F|  |TAMS 0x0000000083800000, 0x0000000083800000| Untracked 
|  57|0x0000000083900000, 0x0000000083900000, 0x0000000083a00000|  0%| F|  |TAMS 0x0000000083900000, 0x0000000083900000| Untracked 
|  58|0x0000000083a00000, 0x0000000083a00000, 0x0000000083b00000|  0%| F|  |TAMS 0x0000000083a00000, 0x0000000083a00000| Untracked 
|  59|0x0000000083b00000, 0x0000000083b00000, 0x0000000083c00000|  0%| F|  |TAMS 0x0000000083b00000, 0x0000000083b00000| Untracked 
|  60|0x0000000083c00000, 0x0000000083c00000, 0x0000000083d00000|  0%| F|  |TAMS 0x0000000083c00000, 0x0000000083c00000| Untracked 
|  61|0x0000000083d00000, 0x0000000083d00000, 0x0000000083e00000|  0%| F|  |TAMS 0x0000000083d00000, 0x0000000083d00000| Untracked 
|  62|0x0000000083e00000, 0x0000000083e00000, 0x0000000083f00000|  0%| F|  |TAMS 0x0000000083e00000, 0x0000000083e00000| Untracked 
|  63|0x0000000083f00000, 0x0000000083f00000, 0x0000000084000000|  0%| F|  |TAMS 0x0000000083f00000, 0x0000000083f00000| Untracked 
|  64|0x0000000084000000, 0x0000000084000000, 0x0000000084100000|  0%| F|  |TAMS 0x0000000084000000, 0x0000000084000000| Untracked 
|  65|0x0000000084100000, 0x0000000084100000, 0x0000000084200000|  0%| F|  |TAMS 0x0000000084100000, 0x0000000084100000| Untracked 
|  66|0x0000000084200000, 0x0000000084200000, 0x0000000084300000|  0%| F|  |TAMS 0x0000000084200000, 0x0000000084200000| Untracked 
|  67|0x0000000084300000, 0x0000000084300000, 0x0000000084400000|  0%| F|  |TAMS 0x0000000084300000, 0x0000000084300000| Untracked 
|  68|0x0000000084400000, 0x0000000084400000, 0x0000000084500000|  0%| F|  |TAMS 0x0000000084400000, 0x0000000084400000| Untracked 
|  69|0x0000000084500000, 0x0000000084500000, 0x0000000084600000|  0%| F|  |TAMS 0x0000000084500000, 0x0000000084500000| Untracked 
|  70|0x0000000084600000, 0x0000000084600000, 0x0000000084700000|  0%| F|  |TAMS 0x0000000084600000, 0x0000000084600000| Untracked 
|  71|0x0000000084700000, 0x00000000847ccc90, 0x0000000084800000| 79%| S|CS|TAMS 0x0000000084700000, 0x0000000084700000| Complete 
|  72|0x0000000084800000, 0x0000000084800000, 0x0000000084900000|  0%| F|  |TAMS 0x0000000084800000, 0x0000000084800000| Untracked 
|  73|0x0000000084900000, 0x0000000084900000, 0x0000000084a00000|  0%| F|  |TAMS 0x0000000084900000, 0x0000000084900000| Untracked 
|  74|0x0000000084a00000, 0x0000000084a00000, 0x0000000084b00000|  0%| F|  |TAMS 0x0000000084a00000, 0x0000000084a00000| Untracked 
|  75|0x0000000084b00000, 0x0000000084b00000, 0x0000000084c00000|  0%| F|  |TAMS 0x0000000084b00000, 0x0000000084b00000| Untracked 
|  76|0x0000000084c00000, 0x0000000084c00000, 0x0000000084d00000|  0%| F|  |TAMS 0x0000000084c00000, 0x0000000084c00000| Untracked 
|  77|0x0000000084d00000, 0x0000000084e00000, 0x0000000084e00000|100%| S|CS|TAMS 0x0000000084d00000, 0x0000000084d00000| Complete 
|  78|0x0000000084e00000, 0x0000000084f00000, 0x0000000084f00000|100%| S|CS|TAMS 0x0000000084e00000, 0x0000000084e00000| Complete 
|  79|0x0000000084f00000, 0x0000000085000000, 0x0000000085000000|100%| S|CS|TAMS 0x0000000084f00000, 0x0000000084f00000| Complete 
|  80|0x0000000085000000, 0x0000000085000000, 0x0000000085100000|  0%| F|  |TAMS 0x0000000085000000, 0x0000000085000000| Untracked 
|  81|0x0000000085100000, 0x0000000085200000, 0x0000000085200000|100%| S|CS|TAMS 0x0000000085100000, 0x0000000085100000| Complete 
|  82|0x0000000085200000, 0x0000000085300000, 0x0000000085300000|100%| S|CS|TAMS 0x0000000085200000, 0x0000000085200000| Complete 
|  83|0x0000000085300000, 0x0000000085300000, 0x0000000085400000|  0%| F|  |TAMS 0x0000000085300000, 0x0000000085300000| Untracked 
|  84|0x0000000085400000, 0x0000000085400000, 0x0000000085500000|  0%| F|  |TAMS 0x0000000085400000, 0x0000000085400000| Untracked 
|  85|0x0000000085500000, 0x0000000085500000, 0x0000000085600000|  0%| F|  |TAMS 0x0000000085500000, 0x0000000085500000| Untracked 
|  86|0x0000000085600000, 0x0000000085600000, 0x0000000085700000|  0%| F|  |TAMS 0x0000000085600000, 0x0000000085600000| Untracked 
|  87|0x0000000085700000, 0x0000000085700000, 0x0000000085800000|  0%| F|  |TAMS 0x0000000085700000, 0x0000000085700000| Untracked 
|  88|0x0000000085800000, 0x0000000085800000, 0x0000000085900000|  0%| F|  |TAMS 0x0000000085800000, 0x0000000085800000| Untracked 
|  89|0x0000000085900000, 0x0000000085900000, 0x0000000085a00000|  0%| F|  |TAMS 0x0000000085900000, 0x0000000085900000| Untracked 
|  90|0x0000000085a00000, 0x0000000085a00000, 0x0000000085b00000|  0%| F|  |TAMS 0x0000000085a00000, 0x0000000085a00000| Untracked 
|  91|0x0000000085b00000, 0x0000000085b00000, 0x0000000085c00000|  0%| F|  |TAMS 0x0000000085b00000, 0x0000000085b00000| Untracked 
|  92|0x0000000085c00000, 0x0000000085c00000, 0x0000000085d00000|  0%| F|  |TAMS 0x0000000085c00000, 0x0000000085c00000| Untracked 
|  93|0x0000000085d00000, 0x0000000085d00000, 0x0000000085e00000|  0%| F|  |TAMS 0x0000000085d00000, 0x0000000085d00000| Untracked 
|  94|0x0000000085e00000, 0x0000000085e00000, 0x0000000085f00000|  0%| F|  |TAMS 0x0000000085e00000, 0x0000000085e00000| Untracked 
|  95|0x0000000085f00000, 0x0000000085f00000, 0x0000000086000000|  0%| F|  |TAMS 0x0000000085f00000, 0x0000000085f00000| Untracked 
|  96|0x0000000086000000, 0x0000000086000000, 0x0000000086100000|  0%| F|  |TAMS 0x0000000086000000, 0x0000000086000000| Untracked 
|  97|0x0000000086100000, 0x0000000086100000, 0x0000000086200000|  0%| F|  |TAMS 0x0000000086100000, 0x0000000086100000| Untracked 
|  98|0x0000000086200000, 0x0000000086200000, 0x0000000086300000|  0%| F|  |TAMS 0x0000000086200000, 0x0000000086200000| Untracked 
|  99|0x0000000086300000, 0x0000000086300000, 0x0000000086400000|  0%| F|  |TAMS 0x0000000086300000, 0x0000000086300000| Untracked 
| 100|0x0000000086400000, 0x0000000086400000, 0x0000000086500000|  0%| F|  |TAMS 0x0000000086400000, 0x0000000086400000| Untracked 
| 101|0x0000000086500000, 0x0000000086500000, 0x0000000086600000|  0%| F|  |TAMS 0x0000000086500000, 0x0000000086500000| Untracked 
| 102|0x0000000086600000, 0x0000000086600000, 0x0000000086700000|  0%| F|  |TAMS 0x0000000086600000, 0x0000000086600000| Untracked 
| 103|0x0000000086700000, 0x0000000086700000, 0x0000000086800000|  0%| F|  |TAMS 0x0000000086700000, 0x0000000086700000| Untracked 
| 104|0x0000000086800000, 0x0000000086800000, 0x0000000086900000|  0%| F|  |TAMS 0x0000000086800000, 0x0000000086800000| Untracked 
| 105|0x0000000086900000, 0x0000000086900000, 0x0000000086a00000|  0%| F|  |TAMS 0x0000000086900000, 0x0000000086900000| Untracked 
| 106|0x0000000086a00000, 0x0000000086a00000, 0x0000000086b00000|  0%| F|  |TAMS 0x0000000086a00000, 0x0000000086a00000| Untracked 
| 107|0x0000000086b00000, 0x0000000086b00000, 0x0000000086c00000|  0%| F|  |TAMS 0x0000000086b00000, 0x0000000086b00000| Untracked 
| 108|0x0000000086c00000, 0x0000000086c00000, 0x0000000086d00000|  0%| F|  |TAMS 0x0000000086c00000, 0x0000000086c00000| Untracked 
| 109|0x0000000086d00000, 0x0000000086d00000, 0x0000000086e00000|  0%| F|  |TAMS 0x0000000086d00000, 0x0000000086d00000| Untracked 
| 110|0x0000000086e00000, 0x0000000086e00000, 0x0000000086f00000|  0%| F|  |TAMS 0x0000000086e00000, 0x0000000086e00000| Untracked 
| 111|0x0000000086f00000, 0x0000000086f00000, 0x0000000087000000|  0%| F|  |TAMS 0x0000000086f00000, 0x0000000086f00000| Untracked 
| 112|0x0000000087000000, 0x0000000087000000, 0x0000000087100000|  0%| F|  |TAMS 0x0000000087000000, 0x0000000087000000| Untracked 
| 113|0x0000000087100000, 0x0000000087100000, 0x0000000087200000|  0%| F|  |TAMS 0x0000000087100000, 0x0000000087100000| Untracked 
| 114|0x0000000087200000, 0x00000000872dd618, 0x0000000087300000| 86%| E|  |TAMS 0x0000000087200000, 0x0000000087200000| Complete 
| 115|0x0000000087300000, 0x0000000087400000, 0x0000000087400000|100%| E|CS|TAMS 0x0000000087300000, 0x0000000087300000| Complete 
| 116|0x0000000087400000, 0x0000000087500000, 0x0000000087500000|100%| E|CS|TAMS 0x0000000087400000, 0x0000000087400000| Complete 
| 117|0x0000000087500000, 0x0000000087600000, 0x0000000087600000|100%| E|CS|TAMS 0x0000000087500000, 0x0000000087500000| Complete 
| 118|0x0000000087600000, 0x0000000087700000, 0x0000000087700000|100%| E|CS|TAMS 0x0000000087600000, 0x0000000087600000| Complete 
| 119|0x0000000087700000, 0x0000000087800000, 0x0000000087800000|100%| E|CS|TAMS 0x0000000087700000, 0x0000000087700000| Complete 
| 120|0x0000000087800000, 0x0000000087900000, 0x0000000087900000|100%| E|CS|TAMS 0x0000000087800000, 0x0000000087800000| Complete 
| 121|0x0000000087900000, 0x0000000087a00000, 0x0000000087a00000|100%| E|CS|TAMS 0x0000000087900000, 0x0000000087900000| Complete 
| 122|0x0000000087a00000, 0x0000000087b00000, 0x0000000087b00000|100%| E|CS|TAMS 0x0000000087a00000, 0x0000000087a00000| Complete 
| 123|0x0000000087b00000, 0x0000000087c00000, 0x0000000087c00000|100%| E|CS|TAMS 0x0000000087b00000, 0x0000000087b00000| Complete 
| 124|0x0000000087c00000, 0x0000000087d00000, 0x0000000087d00000|100%| E|CS|TAMS 0x0000000087c00000, 0x0000000087c00000| Complete 
| 125|0x0000000087d00000, 0x0000000087e00000, 0x0000000087e00000|100%| E|CS|TAMS 0x0000000087d00000, 0x0000000087d00000| Complete 
| 126|0x0000000087e00000, 0x0000000087f00000, 0x0000000087f00000|100%| E|CS|TAMS 0x0000000087e00000, 0x0000000087e00000| Complete 
| 127|0x0000000087f00000, 0x0000000088000000, 0x0000000088000000|100%| E|CS|TAMS 0x0000000087f00000, 0x0000000087f00000| Complete 

Card table byte_map: [0x000001f05a0c0000,0x000001f05a4c0000] _byte_map_base: 0x000001f059cc0000

Marking Bits (Prev, Next): (CMBitMap*) 0x000001f04721cb48, (CMBitMap*) 0x000001f04721cb80
 Prev Bits: [0x000001f05a8c0000, 0x000001f05c8c0000)
 Next Bits: [0x000001f05c8c0000, 0x000001f05e8c0000)

Polling page: 0x000001f0451f0000

Metaspace:

Usage:
  Non-class:     69.32 MB capacity,    68.08 MB ( 98%) used,     1.02 MB (  1%) free+waste,   217.75 KB ( <1%) overhead. 
      Class:     10.92 MB capacity,    10.20 MB ( 93%) used,   629.23 KB (  6%) free+waste,   100.13 KB ( <1%) overhead. 
       Both:     80.23 MB capacity,    78.28 MB ( 98%) used,     1.64 MB (  2%) free+waste,   317.88 KB ( <1%) overhead. 

Virtual space:
  Non-class space:       70.00 MB reserved,      69.50 MB (>99%) committed 
      Class space:        1.00 GB reserved,      11.00 MB (  1%) committed 
             Both:        1.07 GB reserved,      80.50 MB (  7%) committed 

Chunk freelists:
   Non-Class:  59.00 KB
       Class:  23.00 KB
        Both:  82.00 KB

MaxMetaspaceSize: 17179869184.00 GB
CompressedClassSpaceSize: 1.00 GB

CodeHeap 'non-profiled nmethods': size=120064Kb used=5287Kb max_used=5287Kb free=114776Kb
 bounds [0x000001f052780000, 0x000001f052cb0000, 0x000001f059cc0000]
CodeHeap 'profiled nmethods': size=120000Kb used=18398Kb max_used=18398Kb free=101601Kb
 bounds [0x000001f04b250000, 0x000001f04c450000, 0x000001f052780000]
CodeHeap 'non-nmethods': size=5696Kb used=2274Kb max_used=2343Kb free=3421Kb
 bounds [0x000001f04acc0000, 0x000001f04af30000, 0x000001f04b250000]
 total_blobs=9419 nmethods=8543 adapters=785
 compilation: enabled
              stopped_count=0, restarted_count=0
 full_count=0

Compilation events (20 events):
Event: 72.676 Thread 0x000001f060deb000 8552       3       com.google.gson.internal.bind.TypeAdapters$32::create (20 bytes)
Event: 72.677 Thread 0x000001f060deb000 nmethod 8552 0x000001f04c445610 code [0x000001f04c4457c0, 0x000001f04c445958]
Event: 72.681 Thread 0x000001f068d6c000 8553   !   4       java.util.concurrent.ConcurrentHashMap::putVal (432 bytes)
Event: 72.736 Thread 0x000001f068d6c000 nmethod 8553 0x000001f052ca6690 code [0x000001f052ca6920, 0x000001f052ca8490]
Event: 72.742 Thread 0x000001f060deb000 8554       3       kotlin.reflect.jvm.internal.pcollections.IntTree::get (60 bytes)
Event: 72.743 Thread 0x000001f060deb000 nmethod 8554 0x000001f04c445a10 code [0x000001f04c445be0, 0x000001f04c445e58]
Event: 72.743 Thread 0x000001f060deb000 8555       1       kotlin.reflect.jvm.internal.KClassImpl::getJClass (5 bytes)
Event: 72.743 Thread 0x000001f060deb000 nmethod 8555 0x000001f052ca9390 code [0x000001f052ca9540, 0x000001f052ca95f8]
Event: 72.811 Thread 0x000001f060deb000 8556       3       kotlin.reflect.jvm.internal.impl.name.FqNameUnsafe::isRoot (8 bytes)
Event: 72.811 Thread 0x000001f060deb000 nmethod 8556 0x000001f04c445f90 code [0x000001f04c446140, 0x000001f04c446318]
Event: 72.815 Thread 0x000001f060deb000 8557       3       kotlin.reflect.jvm.internal.impl.name.FqName::asString (16 bytes)
Event: 72.815 Thread 0x000001f060deb000 nmethod 8557 0x000001f04c446410 code [0x000001f04c4465e0, 0x000001f04c446838]
Event: 72.815 Thread 0x000001f060deb000 8558       3       kotlin.reflect.jvm.internal.impl.name.FqNameUnsafe::asString (13 bytes)
Event: 72.815 Thread 0x000001f060deb000 nmethod 8558 0x000001f04c446990 code [0x000001f04c446b40, 0x000001f04c446cc8]
Event: 72.846 Thread 0x000001f068d6c000 8559       4       jdk.internal.loader.BuiltinClassLoader::loadClass (22 bytes)
Event: 72.848 Thread 0x000001f068d6c000 nmethod 8559 0x000001f052ca9690 code [0x000001f052ca9840, 0x000001f052ca9978]
Event: 72.937 Thread 0x000001f060deb000 8561       3       kotlin.reflect.jvm.internal.ReflectProperties$Val::<init> (5 bytes)
Event: 72.938 Thread 0x000001f060deb000 nmethod 8561 0x000001f04c446d90 code [0x000001f04c446f40, 0x000001f04c447098]
Event: 72.938 Thread 0x000001f060deb000 8560       1       kotlin.reflect.jvm.internal.pcollections.ConsPStack::size (5 bytes)
Event: 72.938 Thread 0x000001f060deb000 nmethod 8560 0x000001f052ca9a90 code [0x000001f052ca9c40, 0x000001f052ca9cf8]

GC Heap History (20 events):
Event: 29.214 GC heap before
{Heap before GC invocations=8 (full 0):
 garbage-first heap   total 131072K, used 86574K [0x0000000080000000, 0x0000000100000000)
  region size 1024K, 67 young (68608K), 7 survivors (7168K)
 Metaspace       used 39663K, capacity 40567K, committed 40832K, reserved 1085440K
  class space    used 5066K, capacity 5390K, committed 5504K, reserved 1048576K
}
Event: 29.229 GC heap after
{Heap after GC invocations=9 (full 0):
 garbage-first heap   total 131072K, used 27668K [0x0000000080000000, 0x0000000100000000)
  region size 1024K, 9 young (9216K), 9 survivors (9216K)
 Metaspace       used 39663K, capacity 40567K, committed 40832K, reserved 1085440K
  class space    used 5066K, capacity 5390K, committed 5504K, reserved 1048576K
}
Event: 31.133 GC heap before
{Heap before GC invocations=9 (full 0):
 garbage-first heap   total 131072K, used 90132K [0x0000000080000000, 0x0000000100000000)
  region size 1024K, 69 young (70656K), 9 survivors (9216K)
 Metaspace       used 45113K, capacity 46271K, committed 46464K, reserved 1089536K
  class space    used 5796K, capacity 6221K, committed 6272K, reserved 1048576K
}
Event: 31.152 GC heap after
{Heap after GC invocations=10 (full 0):
 garbage-first heap   total 131072K, used 29696K [0x0000000080000000, 0x0000000100000000)
  region size 1024K, 3 young (3072K), 3 survivors (3072K)
 Metaspace       used 45113K, capacity 46271K, committed 46464K, reserved 1089536K
  class space    used 5796K, capacity 6221K, committed 6272K, reserved 1048576K
}
Event: 59.043 GC heap before
{Heap before GC invocations=10 (full 0):
 garbage-first heap   total 131072K, used 96256K [0x0000000080000000, 0x0000000100000000)
  region size 1024K, 65 young (66560K), 3 survivors (3072K)
 Metaspace       used 48779K, capacity 50054K, committed 50176K, reserved 1093632K
  class space    used 6213K, capacity 6650K, committed 6656K, reserved 1048576K
}
Event: 59.056 GC heap after
{Heap after GC invocations=11 (full 0):
 garbage-first heap   total 131072K, used 41984K [0x0000000080000000, 0x0000000100000000)
  region size 1024K, 9 young (9216K), 9 survivors (9216K)
 Metaspace       used 48779K, capacity 50054K, committed 50176K, reserved 1093632K
  class space    used 6213K, capacity 6650K, committed 6656K, reserved 1048576K
}
Event: 61.816 GC heap before
{Heap before GC invocations=11 (full 0):
 garbage-first heap   total 131072K, used 97280K [0x0000000080000000, 0x0000000100000000)
  region size 1024K, 63 young (64512K), 9 survivors (9216K)
 Metaspace       used 56579K, capacity 58008K, committed 58240K, reserved 1099776K
  class space    used 7179K, capacity 7720K, committed 7808K, reserved 1048576K
}
Event: 61.831 GC heap after
{Heap after GC invocations=12 (full 0):
 garbage-first heap   total 131072K, used 43821K [0x0000000080000000, 0x0000000100000000)
  region size 1024K, 3 young (3072K), 3 survivors (3072K)
 Metaspace       used 56579K, capacity 58008K, committed 58240K, reserved 1099776K
  class space    used 7179K, capacity 7720K, committed 7808K, reserved 1048576K
}
Event: 62.441 GC heap before
{Heap before GC invocations=12 (full 0):
 garbage-first heap   total 131072K, used 53037K [0x0000000080000000, 0x0000000100000000)
  region size 1024K, 13 young (13312K), 3 survivors (3072K)
 Metaspace       used 58538K, capacity 60007K, committed 60160K, reserved 1101824K
  class space    used 7414K, capacity 7960K, committed 8064K, reserved 1048576K
}
Event: 62.450 GC heap after
{Heap after GC invocations=13 (full 0):
 garbage-first heap   total 131072K, used 44756K [0x0000000080000000, 0x0000000100000000)
  region size 1024K, 4 young (4096K), 4 survivors (4096K)
 Metaspace       used 58538K, capacity 60007K, committed 60160K, reserved 1101824K
  class space    used 7414K, capacity 7960K, committed 8064K, reserved 1048576K
}
Event: 64.435 GC heap before
{Heap before GC invocations=14 (full 0):
 garbage-first heap   total 131072K, used 99028K [0x0000000080000000, 0x0000000100000000)
  region size 1024K, 57 young (58368K), 4 survivors (4096K)
 Metaspace       used 63375K, capacity 64898K, committed 65024K, reserved 1105920K
  class space    used 8051K, capacity 8595K, committed 8704K, reserved 1048576K
}
Event: 64.449 GC heap after
{Heap after GC invocations=15 (full 0):
 garbage-first heap   total 131072K, used 48636K [0x0000000080000000, 0x0000000100000000)
  region size 1024K, 7 young (7168K), 7 survivors (7168K)
 Metaspace       used 63375K, capacity 64898K, committed 65024K, reserved 1105920K
  class space    used 8051K, capacity 8595K, committed 8704K, reserved 1048576K
}
Event: 66.492 GC heap before
{Heap before GC invocations=16 (full 0):
 garbage-first heap   total 131072K, used 100860K [0x0000000080000000, 0x0000000100000000)
  region size 1024K, 58 young (59392K), 7 survivors (7168K)
 Metaspace       used 67874K, capacity 69516K, committed 69760K, reserved 1110016K
  class space    used 8775K, capacity 9321K, committed 9344K, reserved 1048576K
}
Event: 66.508 GC heap after
{Heap after GC invocations=17 (full 0):
 garbage-first heap   total 131072K, used 53406K [0x0000000080000000, 0x0000000100000000)
  region size 1024K, 5 young (5120K), 5 survivors (5120K)
 Metaspace       used 67874K, capacity 69516K, committed 69760K, reserved 1110016K
  class space    used 8775K, capacity 9321K, committed 9344K, reserved 1048576K
}
Event: 68.654 GC heap before
{Heap before GC invocations=17 (full 0):
 garbage-first heap   total 131072K, used 102558K [0x0000000080000000, 0x0000000100000000)
  region size 1024K, 53 young (54272K), 5 survivors (5120K)
 Metaspace       used 72043K, capacity 73668K, committed 73856K, reserved 1114112K
  class space    used 9365K, capacity 9985K, committed 10112K, reserved 1048576K
}
Event: 68.666 GC heap after
{Heap after GC invocations=18 (full 0):
 garbage-first heap   total 131072K, used 56494K [0x0000000080000000, 0x0000000100000000)
  region size 1024K, 4 young (4096K), 4 survivors (4096K)
 Metaspace       used 72043K, capacity 73668K, committed 73856K, reserved 1114112K
  class space    used 9365K, capacity 9985K, committed 10112K, reserved 1048576K
}
Event: 70.641 GC heap before
{Heap before GC invocations=18 (full 0):
 garbage-first heap   total 131072K, used 104622K [0x0000000080000000, 0x0000000100000000)
  region size 1024K, 51 young (52224K), 4 survivors (4096K)
 Metaspace       used 77585K, capacity 79413K, committed 79488K, reserved 1118208K
  class space    used 10176K, capacity 10874K, committed 10880K, reserved 1048576K
}
Event: 70.651 GC heap after
{Heap after GC invocations=19 (full 0):
 garbage-first heap   total 131072K, used 59473K [0x0000000080000000, 0x0000000100000000)
  region size 1024K, 7 young (7168K), 7 survivors (7168K)
 Metaspace       used 77585K, capacity 79413K, committed 79488K, reserved 1118208K
  class space    used 10176K, capacity 10874K, committed 10880K, reserved 1048576K
}
Event: 72.584 GC heap before
{Heap before GC invocations=19 (full 0):
 garbage-first heap   total 131072K, used 104529K [0x0000000080000000, 0x0000000100000000)
  region size 1024K, 52 young (53248K), 7 survivors (7168K)
 Metaspace       used 79199K, capacity 81198K, committed 81536K, reserved 1120256K
  class space    used 10311K, capacity 11049K, committed 11136K, reserved 1048576K
}
Event: 72.597 GC heap after
{Heap after GC invocations=20 (full 0):
 garbage-first heap   total 131072K, used 62182K [0x0000000080000000, 0x0000000100000000)
  region size 1024K, 6 young (6144K), 6 survivors (6144K)
 Metaspace       used 79199K, capacity 81198K, committed 81536K, reserved 1120256K
  class space    used 10311K, capacity 11049K, committed 11136K, reserved 1048576K
}

Deoptimization events (20 events):
Event: 72.412 Thread 0x000001f068d71000 DEOPT PACKING pc=0x000001f052c63208 sp=0x000000ef95cfccb0
Event: 72.412 Thread 0x000001f068d71000 DEOPT UNPACKING pc=0x000001f04ace78af sp=0x000000ef95cfcc88 mode 2
Event: 72.471 Thread 0x000001f068d71000 Uncommon trap: trap_request=0xffffffde fr.pc=0x000001f052c63208 relative=0x0000000000000968
Event: 72.471 Thread 0x000001f068d71000 Uncommon trap: reason=class_check action=maybe_recompile pc=0x000001f052c63208 method=org.gradle.internal.snapshot.ChildMap$Entry.handleAncestorDescendantOrExactMatch(Lorg/gradle/internal/snapshot/VfsRelativePath;Lorg/gradle/internal/snapshot/CaseSensitiv
Event: 72.471 Thread 0x000001f068d71000 DEOPT PACKING pc=0x000001f052c63208 sp=0x000000ef95cfccd0
Event: 72.471 Thread 0x000001f068d71000 DEOPT UNPACKING pc=0x000001f04ace78af sp=0x000000ef95cfcca8 mode 2
Event: 72.471 Thread 0x000001f068d71000 Uncommon trap: trap_request=0xffffffde fr.pc=0x000001f052c63208 relative=0x0000000000000968
Event: 72.471 Thread 0x000001f068d71000 Uncommon trap: reason=class_check action=maybe_recompile pc=0x000001f052c63208 method=org.gradle.internal.snapshot.ChildMap$Entry.handleAncestorDescendantOrExactMatch(Lorg/gradle/internal/snapshot/VfsRelativePath;Lorg/gradle/internal/snapshot/CaseSensitiv
Event: 72.471 Thread 0x000001f068d71000 DEOPT PACKING pc=0x000001f052c63208 sp=0x000000ef95cfccd0
Event: 72.471 Thread 0x000001f068d71000 DEOPT UNPACKING pc=0x000001f04ace78af sp=0x000000ef95cfcca8 mode 2
Event: 72.491 Thread 0x000001f068d71000 Uncommon trap: trap_request=0xffffffde fr.pc=0x000001f052c63208 relative=0x0000000000000968
Event: 72.491 Thread 0x000001f068d71000 Uncommon trap: reason=class_check action=maybe_recompile pc=0x000001f052c63208 method=org.gradle.internal.snapshot.ChildMap$Entry.handleAncestorDescendantOrExactMatch(Lorg/gradle/internal/snapshot/VfsRelativePath;Lorg/gradle/internal/snapshot/CaseSensitiv
Event: 72.491 Thread 0x000001f068d71000 DEOPT PACKING pc=0x000001f052c63208 sp=0x000000ef95cfccd0
Event: 72.491 Thread 0x000001f068d71000 DEOPT UNPACKING pc=0x000001f04ace78af sp=0x000000ef95cfcca8 mode 2
Event: 72.497 Thread 0x000001f06301c800 Uncommon trap: trap_request=0xffffff4d fr.pc=0x000001f052c44c90 relative=0x0000000000000cb0
Event: 72.497 Thread 0x000001f06301c800 Uncommon trap: reason=unstable_if action=reinterpret pc=0x000001f052c44c90 method=org.gradle.internal.snapshot.VfsRelativePath.compareToFirstSegment(Ljava/lang/String;Lorg/gradle/internal/snapshot/CaseSensitivity;)I @ 156 c2
Event: 72.497 Thread 0x000001f06301c800 DEOPT PACKING pc=0x000001f052c44c90 sp=0x000000ef949fdb10
Event: 72.497 Thread 0x000001f06301c800 DEOPT UNPACKING pc=0x000001f04ace78af sp=0x000000ef949fda90 mode 2
Event: 72.599 Thread 0x000001f068d71000 DEOPT PACKING pc=0x000001f04bea9da7 sp=0x000000ef95cf9e30
Event: 72.599 Thread 0x000001f068d71000 DEOPT UNPACKING pc=0x000001f04ace76ce sp=0x000000ef95cf92c0 mode 0

Classes redefined (0 events):
No events

Internal exceptions (20 events):
Event: 69.546 Thread 0x000001f062e94800 Exception <a 'sun/nio/fs/WindowsException'{0x0000000086cf5070}> (0x0000000086cf5070) thrown at [./src/hotspot/share/prims/jni.cpp, line 615]
Event: 69.547 Thread 0x000001f062e94800 Exception <a 'sun/nio/fs/WindowsException'{0x0000000086cf6140}> (0x0000000086cf6140) thrown at [./src/hotspot/share/prims/jni.cpp, line 615]
Event: 69.547 Thread 0x000001f062e94800 Exception <a 'sun/nio/fs/WindowsException'{0x0000000086cf7260}> (0x0000000086cf7260) thrown at [./src/hotspot/share/prims/jni.cpp, line 615]
Event: 69.548 Thread 0x000001f062e94800 Exception <a 'sun/nio/fs/WindowsException'{0x0000000086cf8380}> (0x0000000086cf8380) thrown at [./src/hotspot/share/prims/jni.cpp, line 615]
Event: 69.644 Thread 0x000001f062e94800 Implicit null exception at 0x000001f052bc42bf to 0x000001f052bcbc88
Event: 69.747 Thread 0x000001f062e94800 Exception <a 'java/lang/NoSuchMethodError'{0x0000000086659090}: 'java.lang.Object java.lang.invoke.Invokers$Holder.linkToTargetMethod(java.lang.Object, int, int, java.lang.Object)'> (0x0000000086659090) thrown at [./src/hotspot/share/interpreter/linkResolver.cpp, line 773]
Event: 70.165 Thread 0x000001f06301e000 Exception <a 'java/lang/NoSuchMethodError'{0x0000000085b87cc0}: <clinit>> (0x0000000085b87cc0) thrown at [./src/hotspot/share/prims/jni.cpp, line 1362]
Event: 70.166 Thread 0x000001f06301e000 Exception <a 'java/lang/NoSuchMethodError'{0x0000000085b92178}: <clinit>> (0x0000000085b92178) thrown at [./src/hotspot/share/prims/jni.cpp, line 1362]
Event: 70.176 Thread 0x000001f06301e000 Exception <a 'java/lang/NoSuchMethodError'{0x0000000085bbfd80}: <clinit>> (0x0000000085bbfd80) thrown at [./src/hotspot/share/prims/jni.cpp, line 1362]
Event: 70.177 Thread 0x000001f06301e000 Exception <a 'java/lang/NoSuchMethodError'{0x0000000085bd1b20}: <clinit>> (0x0000000085bd1b20) thrown at [./src/hotspot/share/prims/jni.cpp, line 1362]
Event: 70.178 Thread 0x000001f06301e000 Exception <a 'java/lang/NoSuchMethodError'{0x0000000085bd3038}: <clinit>> (0x0000000085bd3038) thrown at [./src/hotspot/share/prims/jni.cpp, line 1362]
Event: 70.231 Thread 0x000001f0639b8000 Exception <a 'java/lang/NoSuchMethodError'{0x000000008582c6e8}: <clinit>> (0x000000008582c6e8) thrown at [./src/hotspot/share/prims/jni.cpp, line 1362]
Event: 70.236 Thread 0x000001f0639b8000 Exception <a 'java/lang/NoSuchMethodError'{0x0000000085840ae8}: <clinit>> (0x0000000085840ae8) thrown at [./src/hotspot/share/prims/jni.cpp, line 1362]
Event: 70.239 Thread 0x000001f0639b8000 Exception <a 'java/lang/NoSuchMethodError'{0x0000000085859fd8}: <clinit>> (0x0000000085859fd8) thrown at [./src/hotspot/share/prims/jni.cpp, line 1362]
Event: 70.377 Thread 0x000001f06301e000 Exception <a 'java/lang/NoSuchMethodError'{0x00000000856ce8e0}: <clinit>> (0x00000000856ce8e0) thrown at [./src/hotspot/share/prims/jni.cpp, line 1362]
Event: 70.433 Thread 0x000001f068d71000 Exception <a 'java/lang/NoSuchMethodError'{0x00000000855c9aa8}: 'java.lang.Object java.lang.invoke.Invokers$Holder.linkToTargetMethod(java.lang.Object, java.lang.Object, java.lang.Object, int, java.lang.Object, java.lang.Object)'> (0x00000000855c9aa8) thrown at [./src/hotspot/share/interpreter/linkResolver.cpp, line 773]
Event: 70.445 Thread 0x000001f068d71000 Exception <a 'java/lang/IncompatibleClassChangeError'{0x0000000085429960}: Found class java.lang.Object, but interface was expected> (0x0000000085429960) thrown at [./src/hotspot/share/interpreter/linkResolver.cpp, line 839]
Event: 70.495 Thread 0x000001f068d71000 Exception <a 'java/lang/NoSuchMethodError'{0x00000000853ee200}: 'int java.lang.invoke.DirectMethodHandle$Holder.invokeStaticInit(java.lang.Object, java.lang.Object, java.lang.Object, java.lang.Object, java.lang.Object)'> (0x00000000853ee200) thrown at [./src/hotspot/share/interpreter/linkResolver.cpp, line 773]
Event: 70.871 Thread 0x000001f0639bb000 Exception <a 'java/lang/NoSuchMethodError'{0x0000000087a632f0}: 'java.lang.Object java.lang.invoke.DirectMethodHandle$Holder.invokeSpecialIFC(java.lang.Object, java.lang.Object, java.lang.Object)'> (0x0000000087a632f0) thrown at [./src/hotspot/share/interpreter/linkResolver.cpp, line 773]
Event: 71.001 Thread 0x000001f0639b7000 Exception <a 'java/lang/NoSuchMethodError'{0x000000008761d780}: 'void java.lang.invoke.DirectMethodHandle$Holder.invokeVirtual(java.lang.Object, java.lang.Object)'> (0x000000008761d780) thrown at [./src/hotspot/share/interpreter/linkResolver.cpp, line 773]

Events (20 events):
Event: 72.950 loading class kotlin/reflect/jvm/internal/impl/types/checker/NewKotlinTypeCheckerImpl
Event: 72.950 loading class kotlin/reflect/jvm/internal/impl/types/checker/NewKotlinTypeCheckerImpl done
Event: 72.951 loading class kotlin/reflect/jvm/internal/impl/types/checker/KotlinTypeRefiner$Default
Event: 72.951 loading class kotlin/reflect/jvm/internal/impl/types/checker/KotlinTypeRefiner$Default done
Event: 72.952 loading class kotlin/reflect/jvm/internal/impl/types/checker/KotlinTypeRefiner
Event: 72.952 loading class kotlin/reflect/jvm/internal/impl/types/checker/KotlinTypeRefiner done
Event: 72.953 loading class kotlin/reflect/jvm/internal/impl/resolve/OverridingUtil
Event: 72.953 loading class kotlin/reflect/jvm/internal/impl/resolve/OverridingUtil done
Event: 72.956 loading class kotlin/reflect/jvm/internal/impl/types/checker/KotlinTypeChecker$TypeConstructorEquality
Event: 72.956 loading class kotlin/reflect/jvm/internal/impl/types/checker/KotlinTypeChecker$TypeConstructorEquality done
Event: 72.957 loading class kotlin/reflect/jvm/internal/impl/descriptors/CallableDescriptor
Event: 72.957 loading class kotlin/reflect/jvm/internal/impl/descriptors/CallableDescriptor done
Event: 72.957 loading class kotlin/reflect/jvm/internal/impl/descriptors/DeclarationDescriptorWithVisibility
Event: 72.957 loading class kotlin/reflect/jvm/internal/impl/descriptors/DeclarationDescriptorWithVisibility done
Event: 72.958 loading class kotlin/reflect/jvm/internal/impl/descriptors/Substitutable
Event: 72.958 loading class kotlin/reflect/jvm/internal/impl/descriptors/Substitutable done
Event: 72.958 loading class kotlin/reflect/jvm/internal/impl/descriptors/MemberDescriptor
Event: 72.958 loading class kotlin/reflect/jvm/internal/impl/descriptors/MemberDescriptor done
Event: 72.959 loading class kotlin/reflect/jvm/internal/impl/descriptors/CallableMemberDescriptor
Event: 72.959 loading class kotlin/reflect/jvm/internal/impl/descriptors/CallableMemberDescriptor done


Dynamic libraries:
0x00007ff61d4c0000 - 0x00007ff61d4ca000 	C:\Program Files\Android\Android Studio\jre\bin\java.exe
0x00007ff957230000 - 0x00007ff957425000 	C:\WINDOWS\SYSTEM32\ntdll.dll
0x00007ff955670000 - 0x00007ff95572e000 	C:\WINDOWS\System32\KERNEL32.DLL
0x00007ff954cb0000 - 0x00007ff954f78000 	C:\WINDOWS\System32\KERNELBASE.dll
0x00007ff951e60000 - 0x00007ff951ef0000 	C:\WINDOWS\SYSTEM32\apphelp.dll
0x00007ff955170000 - 0x00007ff955270000 	C:\WINDOWS\System32\ucrtbase.dll
0x00007ff93d120000 - 0x00007ff93d137000 	C:\Program Files\Android\Android Studio\jre\bin\VCRUNTIME140.dll
0x00007ff934c70000 - 0x00007ff934c89000 	C:\Program Files\Android\Android Studio\jre\bin\jli.dll
0x00007ff955740000 - 0x00007ff9558e1000 	C:\WINDOWS\System32\USER32.dll
0x00007ff954ac0000 - 0x00007ff954ae2000 	C:\WINDOWS\System32\win32u.dll
0x00007ff955490000 - 0x00007ff9554bb000 	C:\WINDOWS\System32\GDI32.dll
0x00007ff940dd0000 - 0x00007ff94106a000 	C:\WINDOWS\WinSxS\amd64_microsoft.windows.common-controls_6595b64144ccf1df_6.0.19041.1110_none_60b5254171f9507e\COMCTL32.dll
0x00007ff954fb0000 - 0x00007ff9550bd000 	C:\WINDOWS\System32\gdi32full.dll
0x00007ff955270000 - 0x00007ff95530e000 	C:\WINDOWS\System32\msvcrt.dll
0x00007ff954990000 - 0x00007ff954a2d000 	C:\WINDOWS\System32\msvcp_win.dll
0x00007ff9567b0000 - 0x00007ff9567e0000 	C:\WINDOWS\System32\IMM32.DLL
0x00007ff924f50000 - 0x00007ff924fed000 	C:\Program Files\Android\Android Studio\jre\bin\msvcp140.dll
0x00007ff8fc360000 - 0x00007ff8fce2f000 	C:\Program Files\Android\Android Studio\jre\bin\server\jvm.dll
0x00007ff955320000 - 0x00007ff9553cc000 	C:\WINDOWS\System32\ADVAPI32.dll
0x00007ff9559a0000 - 0x00007ff955a3b000 	C:\WINDOWS\System32\sechost.dll
0x00007ff955ec0000 - 0x00007ff955fea000 	C:\WINDOWS\System32\RPCRT4.dll
0x00007ff955ff0000 - 0x00007ff955ff8000 	C:\WINDOWS\System32\PSAPI.DLL
0x00007ff940510000 - 0x00007ff940537000 	C:\WINDOWS\SYSTEM32\WINMM.dll
0x00007ff93d8b0000 - 0x00007ff93d8b9000 	C:\WINDOWS\SYSTEM32\WSOCK32.dll
0x00007ff94a490000 - 0x00007ff94a49a000 	C:\WINDOWS\SYSTEM32\VERSION.dll
0x00007ff955e50000 - 0x00007ff955ebb000 	C:\WINDOWS\System32\WS2_32.dll
0x00007ff953210000 - 0x00007ff953222000 	C:\WINDOWS\SYSTEM32\kernel.appcore.dll
0x00007ff950040000 - 0x00007ff950051000 	C:\Program Files\Android\Android Studio\jre\bin\verify.dll
0x00007ff952e80000 - 0x00007ff953064000 	C:\WINDOWS\SYSTEM32\DBGHELP.DLL
0x00007ff945840000 - 0x00007ff94586c000 	C:\WINDOWS\SYSTEM32\dbgcore.DLL
0x00007ff954a30000 - 0x00007ff954ab2000 	C:\WINDOWS\System32\bcryptPrimitives.dll
0x00007ff950010000 - 0x00007ff950039000 	C:\Program Files\Android\Android Studio\jre\bin\java.dll
0x00007ff950000000 - 0x00007ff95000b000 	C:\Program Files\Android\Android Studio\jre\bin\jimage.dll
0x00007ff94ffe0000 - 0x00007ff94fff8000 	C:\Program Files\Android\Android Studio\jre\bin\zip.dll
0x00007ff956060000 - 0x00007ff9567a4000 	C:\WINDOWS\System32\SHELL32.dll
0x00007ff9526e0000 - 0x00007ff952e74000 	C:\WINDOWS\SYSTEM32\windows.storage.dll
0x00007ff956c60000 - 0x00007ff956fb5000 	C:\WINDOWS\System32\combase.dll
0x00007ff954390000 - 0x00007ff9543be000 	C:\WINDOWS\SYSTEM32\Wldp.dll
0x00007ff955b70000 - 0x00007ff955c1d000 	C:\WINDOWS\System32\SHCORE.dll
0x00007ff956000000 - 0x00007ff956055000 	C:\WINDOWS\System32\shlwapi.dll
0x00007ff954880000 - 0x00007ff95489f000 	C:\WINDOWS\SYSTEM32\profapi.dll
0x00007ff94ffc0000 - 0x00007ff94ffda000 	C:\Program Files\Android\Android Studio\jre\bin\net.dll
0x00007ff942e60000 - 0x00007ff942f6c000 	C:\WINDOWS\SYSTEM32\WINHTTP.dll
0x00007ff9540f0000 - 0x00007ff95415a000 	C:\WINDOWS\system32\mswsock.dll
0x00007ff945c20000 - 0x00007ff945c34000 	C:\Program Files\Android\Android Studio\jre\bin\nio.dll
0x00007ff937120000 - 0x00007ff937147000 	C:\Users\Billy\.gradle\native\8bec1ad78214c89d9ad589b4d07fe93259594b29d510b10fafb7a158f7737e5d\windows-amd64\native-platform.dll
0x00007ff918e10000 - 0x00007ff918f4d000 	C:\Users\Billy\.gradle\native\53dbd7edfb1c66fb8903c78663c9afc45aea4f116125fa6feffd364cf09443e8\windows-amd64\native-platform-file-events.dll
0x00007ff94ffb0000 - 0x00007ff94ffba000 	C:\Program Files\Android\Android Studio\jre\bin\management.dll
0x00007ff94d7f0000 - 0x00007ff94d7fc000 	C:\Program Files\Android\Android Studio\jre\bin\management_ext.dll
0x00007ff9542f0000 - 0x00007ff954308000 	C:\WINDOWS\SYSTEM32\CRYPTSP.dll
0x00007ff953a00000 - 0x00007ff953a34000 	C:\WINDOWS\system32\rsaenh.dll
0x00007ff954f80000 - 0x00007ff954fa7000 	C:\WINDOWS\System32\bcrypt.dll
0x00007ff954800000 - 0x00007ff95482e000 	C:\WINDOWS\SYSTEM32\USERENV.dll
0x00007ff9542e0000 - 0x00007ff9542ec000 	C:\WINDOWS\SYSTEM32\CRYPTBASE.dll
0x00007ff953d90000 - 0x00007ff953dcb000 	C:\WINDOWS\SYSTEM32\IPHLPAPI.DLL
0x00007ff955310000 - 0x00007ff955318000 	C:\WINDOWS\System32\NSI.dll
0x00007ff945c40000 - 0x00007ff945c57000 	C:\WINDOWS\SYSTEM32\dhcpcsvc6.DLL
0x00007ff94a550000 - 0x00007ff94a56d000 	C:\WINDOWS\SYSTEM32\dhcpcsvc.DLL
0x00007ff953dd0000 - 0x00007ff953e9b000 	C:\WINDOWS\SYSTEM32\DNSAPI.dll

dbghelp: loaded successfully - version: 4.0.5 - missing functions: none
symbol engine: initialized successfully - sym options: 0x614 - pdb path: .;C:\Program Files\Android\Android Studio\jre\bin;C:\WINDOWS\SYSTEM32;C:\WINDOWS\WinSxS\amd64_microsoft.windows.common-controls_6595b64144ccf1df_6.0.19041.1110_none_60b5254171f9507e;C:\Program Files\Android\Android Studio\jre\bin\server;C:\Users\Billy\.gradle\native\8bec1ad78214c89d9ad589b4d07fe93259594b29d510b10fafb7a158f7737e5d\windows-amd64;C:\Users\Billy\.gradle\native\53dbd7edfb1c66fb8903c78663c9afc45aea4f116125fa6feffd364cf09443e8\windows-amd64

VM Arguments:
jvm_args: --add-opens=java.base/java.util=ALL-UNNAMED --add-opens=java.base/java.lang=ALL-UNNAMED --add-opens=java.base/java.lang.invoke=ALL-UNNAMED --add-opens=java.base/java.util=ALL-UNNAMED --add-opens=java.prefs/java.util.prefs=ALL-UNNAMED --add-opens=java.prefs/java.util.prefs=ALL-UNNAMED --add-opens=java.base/java.nio.charset=ALL-UNNAMED --add-opens=java.base/java.net=ALL-UNNAMED --add-opens=java.base/java.util.concurrent.atomic=ALL-UNNAMED -Xmx2048m -Dfile.encoding=UTF-8 -Duser.country=TW -Duser.language=zh -Duser.variant 
java_command: org.gradle.launcher.daemon.bootstrap.GradleDaemon 7.0.2
java_class_path (initial): C:\Users\Billy\.gradle\wrapper\dists\gradle-7.0.2-bin\857tjihv64xamwrf0h14cai3r\gradle-7.0.2\lib\gradle-launcher-7.0.2.jar
Launcher Type: SUN_STANDARD

[Global flags]
     intx CICompilerCount                          = 3                                         {product} {ergonomic}
     uint ConcGCThreads                            = 1                                         {product} {ergonomic}
     uint G1ConcRefinementThreads                  = 4                                         {product} {ergonomic}
   size_t G1HeapRegionSize                         = 1048576                                   {product} {ergonomic}
    uintx GCDrainStackTargetSize                   = 64                                        {product} {ergonomic}
   size_t InitialHeapSize                          = 134217728                                 {product} {ergonomic}
   size_t MarkStackSize                            = 4194304                                   {product} {ergonomic}
   size_t MaxHeapSize                              = 2147483648                                {product} {command line}
   size_t MaxNewSize                               = 1287651328                                {product} {ergonomic}
   size_t MinHeapDeltaBytes                        = 1048576                                   {product} {ergonomic}
    uintx NonNMethodCodeHeapSize                   = 5830732                                {pd product} {ergonomic}
    uintx NonProfiledCodeHeapSize                  = 122913754                              {pd product} {ergonomic}
    uintx ProfiledCodeHeapSize                     = 122913754                              {pd product} {ergonomic}
    uintx ReservedCodeCacheSize                    = 251658240                              {pd product} {ergonomic}
     bool SegmentedCodeCache                       = true                                      {product} {ergonomic}
     bool UseCompressedClassPointers               = true                                 {lp64_product} {ergonomic}
     bool UseCompressedOops                        = true                                 {lp64_product} {ergonomic}
     bool UseG1GC                                  = true                                      {product} {ergonomic}
     bool UseLargePagesIndividualAllocation        = false                                  {pd product} {ergonomic}

Logging:
Log output configuration:
 #0: stdout all=warning uptime,level,tags
 #1: stderr all=off uptime,level,tags

Environment Variables:
PATH=C:\Program Files (x86)\Google\Chrome\Application;C:\Program Files\Common Files\Oracle\Java\javapath;C:\WINDOWS\system32;C:\WINDOWS;C:\WINDOWS\System32\Wbem;C:\WINDOWS\System32\WindowsPowerShell\v1.0\;C:\WINDOWS\System32\OpenSSH\;C:\Program Files\Intel\WiFi\bin\;C:\Program Files\Common Files\Intel\WirelessCommon\;C:\Program Files\PuTTY\;C:\Program Files\Tesseract-OCR;c:\users\billy\appdata\local\programs\python\python39\lib\site-packages;C:\Users\Billy\AppData\Local\Programs\Python\Python39\Lib\site-packages\moviepy;C:\Program Files\ffmpeg-4.4-essentials_build\bin;C:\HashiCorp\Vagrant\bin;C:\Users\Billy\AppData\Local\Programs\Python\Python39\Scripts\;C:\Users\Billy\AppData\Local\Programs\Python\Python39\;C:\Users\Billy\AppData\Local\Microsoft\WindowsApps;C:\Users\Billy\AppData\Local\Programs\MiKTeX 2.9\miktex\bin\x64\;C:\AppServ\Apache24\bin;C:\AppServ\php7;C:\AppServ\MySQL\bin;C:\Users\Billy\AppData\Local\Programs\Microsoft VS Code\bin
USERNAME=Billy
OS=Windows_NT
PROCESSOR_IDENTIFIER=Intel64 Family 6 Model 142 Stepping 9, GenuineIntel



---------------  S Y S T E M  ---------------

OS: Windows 10 , 64 bit Build 19041 (10.0.19041.1348)
OS uptime: 11 days 12:14 hours

CPU:total 4 (initial active 4) (2 cores per cpu, 2 threads per core) family 6 model 142 stepping 9 microcode 0xb4, cmov, cx8, fxsr, mmx, sse, sse2, sse3, ssse3, sse4.1, sse4.2, popcnt, avx, avx2, aes, clmul, erms, 3dnowpref, lzcnt, ht, tsc, tscinvbit, bmi1, bmi2, adx, fma

Memory: 4k page, system-wide physical 8073M (982M free)
TotalPageFile size 8073M (AvailPageFile size 6M)
current process WorkingSet (physical memory assigned to process): 354M, peak: 355M
current process commit charge ("private bytes"): 388M, peak: 391M

vm_info: OpenJDK 64-Bit Server VM (11.0.10+0-b96-7249189) for windows-amd64 JRE (11.0.10+0-b96-7249189), built on Mar 31 2021 21:44:00 by "builder" with MS VC++ 14.0 (VS2015)

END.
