#
# There is insufficient memory for the Java Runtime Environment to continue.
# Native memory allocation (malloc) failed to allocate 1020176 bytes for Chunk::new
# Possible reasons:
#   The system is out of physical RAM or swap space
#   The process is running with CompressedOops enabled, and the Java Heap may be blocking the growth of the native heap
# Possible solutions:
#   Reduce memory load on the system
#   Increase physical memory or swap space
#   Check if swap backing store is full
#   Decrease Java heap size (-Xmx/-Xms)
#   Decrease number of Java threads
#   Decrease Java thread stack sizes (-Xss)
#   Set larger code cache with -XX:ReservedCodeCacheSize=
#   JVM is running with Unscaled Compressed Oops mode in which the Java heap is
#     placed in the first 4GB address space. The Java Heap base address is the
#     maximum limit for the native heap growth. Please use -XX:HeapBaseMinAddress
#     to set the Java Heap base and to place the Java Heap above 4GB virtual address.
# This output file may be truncated or incomplete.
#
#  Out of Memory Error (./src/hotspot/share/memory/arena.cpp:197), pid=3412, tid=6488
#
# JRE version: OpenJDK Runtime Environment (11.0.10) (build 11.0.10+0-b96-7249189)
# Java VM: OpenJDK 64-Bit Server VM (11.0.10+0-b96-7249189, mixed mode, tiered, compressed oops, g1 gc, windows-amd64)
# No core dump will be written. Minidumps are not enabled by default on client versions of Windows
#

---------------  S U M M A R Y ------------

Command Line: --add-opens=java.base/java.util=ALL-UNNAMED --add-opens=java.base/java.lang=ALL-UNNAMED --add-opens=java.base/java.lang.invoke=ALL-UNNAMED --add-opens=java.base/java.util=ALL-UNNAMED --add-opens=java.prefs/java.util.prefs=ALL-UNNAMED --add-opens=java.prefs/java.util.prefs=ALL-UNNAMED --add-opens=java.base/java.nio.charset=ALL-UNNAMED --add-opens=java.base/java.net=ALL-UNNAMED --add-opens=java.base/java.util.concurrent.atomic=ALL-UNNAMED -Xmx2048m -Dfile.encoding=UTF-8 -Duser.country=TW -Duser.language=zh -Duser.variant org.gradle.launcher.daemon.bootstrap.GradleDaemon 7.0.2

Host: Intel(R) Core(TM) i5-7200U CPU @ 2.50GHz, 4 cores, 7G,  Windows 10 , 64 bit Build 19041 (10.0.19041.1348)
Time: Mon Jan 10 20:31:44 2022 台北標準時間 elapsed time: 36.840081 seconds (0d 0h 0m 36s)

---------------  T H R E A D  ---------------

Current thread (0x0000021300d69000):  JavaThread "C2 CompilerThread1" daemon [_thread_in_native, id=6488, stack(0x000000811d400000,0x000000811d500000)]


Current CompileTask:
C2:  36840 5676       4       org.objectweb.asm.Frame::execute (2318 bytes)

Stack: [0x000000811d400000,0x000000811d500000]
Native frames: (J=compiled Java code, j=interpreted, Vv=VM code, C=native code)
V  [jvm.dll+0x5ecfaa]
V  [jvm.dll+0x722bd5]
V  [jvm.dll+0x72412d]
V  [jvm.dll+0x7247e3]
V  [jvm.dll+0x242928]
V  [jvm.dll+0xbc4fc]
V  [jvm.dll+0xbca0c]
V  [jvm.dll+0x352d7d]
V  [jvm.dll+0x19800c]
V  [jvm.dll+0x1fb70e]
V  [jvm.dll+0x1fa7f4]
V  [jvm.dll+0x18354c]
V  [jvm.dll+0x208ee7]
V  [jvm.dll+0x207731]
V  [jvm.dll+0x6eb1cf]
V  [jvm.dll+0x6e3d45]
V  [jvm.dll+0x5ebe96]
C  [ucrtbase.dll+0x21bb2]
C  [KERNEL32.DLL+0x17034]
C  [ntdll.dll+0x52651]


---------------  P R O C E S S  ---------------

Threads class SMR info:
_java_thread_list=0x000002137d1bbc00, length=43, elements={
0x0000021360c0b800, 0x000002137af8a800, 0x000002137af90800, 0x000002137afc1000,
0x000002137afc2800, 0x000002137afc4000, 0x000002137afc5800, 0x000002137afca800,
0x000002137afda800, 0x000002137b9e8800, 0x000002137e0f7800, 0x000002137c6c7000,
0x000002137df6f000, 0x000002137dfa8000, 0x000002137df06800, 0x000002137e6bf800,
0x000002137d0a9000, 0x000002137e7fc800, 0x000002137dfcc000, 0x000002137e4f8000,
0x000002137e4fe800, 0x000002137e4fa800, 0x000002137e4fe000, 0x000002137e4fc000,
0x000002137e4fb800, 0x000002137e4fd000, 0x000002137e4f9000, 0x000002137e4f9800,
0x00000213011dc000, 0x00000213011df000, 0x00000213011dc800, 0x00000213011da800,
0x00000213011dd800, 0x00000213011db000, 0x00000213011e7800, 0x00000213011e1800,
0x00000213011e2800, 0x00000213011e4000, 0x00000213011e5000, 0x00000213011e3800,
0x00000213011e5800, 0x0000021300d69000, 0x00000213011e6800
}

Java Threads: ( => current thread )
  0x0000021360c0b800 JavaThread "main" [_thread_blocked, id=14360, stack(0x000000811d500000,0x000000811d600000)]
  0x000002137af8a800 JavaThread "Reference Handler" daemon [_thread_blocked, id=12660, stack(0x000000811dc00000,0x000000811dd00000)]
  0x000002137af90800 JavaThread "Finalizer" daemon [_thread_blocked, id=14244, stack(0x000000811dd00000,0x000000811de00000)]
  0x000002137afc1000 JavaThread "Signal Dispatcher" daemon [_thread_blocked, id=5976, stack(0x000000811de00000,0x000000811df00000)]
  0x000002137afc2800 JavaThread "Attach Listener" daemon [_thread_blocked, id=15528, stack(0x000000811df00000,0x000000811e000000)]
  0x000002137afc4000 JavaThread "Service Thread" daemon [_thread_blocked, id=13684, stack(0x000000811e000000,0x000000811e100000)]
  0x000002137afc5800 JavaThread "C2 CompilerThread0" daemon [_thread_in_native, id=11016, stack(0x000000811e100000,0x000000811e200000)]
  0x000002137afca800 JavaThread "C1 CompilerThread0" daemon [_thread_blocked, id=14512, stack(0x000000811e200000,0x000000811e300000)]
  0x000002137afda800 JavaThread "Sweeper thread" daemon [_thread_blocked, id=15800, stack(0x000000811e300000,0x000000811e400000)]
  0x000002137b9e8800 JavaThread "Common-Cleaner" daemon [_thread_blocked, id=13428, stack(0x000000811e400000,0x000000811e500000)]
  0x000002137e0f7800 JavaThread "Daemon health stats" [_thread_blocked, id=6664, stack(0x000000811e900000,0x000000811ea00000)]
  0x000002137c6c7000 JavaThread "Incoming local TCP Connector on port 60757" [_thread_in_native, id=8608, stack(0x000000811e800000,0x000000811e900000)]
  0x000002137df6f000 JavaThread "Daemon periodic checks" [_thread_blocked, id=2196, stack(0x000000811ea00000,0x000000811eb00000)]
  0x000002137dfa8000 JavaThread "Daemon" [_thread_blocked, id=3224, stack(0x000000811eb00000,0x000000811ec00000)]
  0x000002137df06800 JavaThread "Handler for socket connection from /127.0.0.1:60757 to /127.0.0.1:60758" [_thread_in_native, id=8436, stack(0x000000811ec00000,0x000000811ed00000)]
  0x000002137e6bf800 JavaThread "Cancel handler" [_thread_blocked, id=3268, stack(0x000000811ee00000,0x000000811ef00000)]
  0x000002137d0a9000 JavaThread "Daemon worker" [_thread_in_Java, id=9512, stack(0x000000811ef00000,0x000000811f000000)]
  0x000002137e7fc800 JavaThread "Asynchronous log dispatcher for DefaultDaemonConnection: socket connection from /127.0.0.1:60757 to /127.0.0.1:60758" [_thread_blocked, id=8424, stack(0x000000811f000000,0x000000811f100000)]
  0x000002137dfcc000 JavaThread "Stdin handler" [_thread_blocked, id=14596, stack(0x000000811f100000,0x000000811f200000)]
  0x000002137e4f8000 JavaThread "Daemon client event forwarder" [_thread_blocked, id=13872, stack(0x000000811f200000,0x000000811f300000)]
  0x000002137e4fe800 JavaThread "Cache worker for file hash cache (C:\Users\Billy\.gradle\caches\7.0.2\fileHashes)" [_thread_blocked, id=10772, stack(0x000000811f400000,0x000000811f500000)]
  0x000002137e4fa800 JavaThread "File lock request listener" [_thread_in_native, id=9032, stack(0x000000811f500000,0x000000811f600000)]
  0x000002137e4fe000 JavaThread "Cache worker for journal cache (C:\Users\Billy\.gradle\caches\journal-1)" [_thread_blocked, id=12068, stack(0x000000811f600000,0x000000811f700000)]
  0x000002137e4fc000 JavaThread "Cache worker for file hash cache (C:\Users\Billy\Test1\.gradle\7.0.2\fileHashes)" [_thread_blocked, id=4220, stack(0x000000811f700000,0x000000811f800000)]
  0x000002137e4fb800 JavaThread "File watcher server" daemon [_thread_in_native, id=14112, stack(0x000000811f800000,0x000000811f900000)]
  0x000002137e4fd000 JavaThread "File watcher consumer" daemon [_thread_blocked, id=9408, stack(0x000000811f900000,0x000000811fa00000)]
  0x000002137e4f9000 JavaThread "Cache worker for checksums cache (C:\Users\Billy\Test1\.gradle\checksums)" [_thread_blocked, id=1964, stack(0x000000811fa00000,0x000000811fb00000)]
  0x000002137e4f9800 JavaThread "Cache worker for cache directory md-supplier (C:\Users\Billy\.gradle\caches\7.0.2\md-supplier)" [_thread_blocked, id=8088, stack(0x000000811fb00000,0x000000811fc00000)]
  0x00000213011dc000 JavaThread "Cache worker for cache directory md-rule (C:\Users\Billy\.gradle\caches\7.0.2\md-rule)" [_thread_blocked, id=6840, stack(0x000000811fc00000,0x000000811fd00000)]
  0x00000213011df000 JavaThread "Cache worker for execution history cache (C:\Users\Billy\.gradle\caches\7.0.2\executionHistory)" [_thread_blocked, id=2476, stack(0x000000811fd00000,0x000000811fe00000)]
  0x00000213011dc800 JavaThread "jar transforms" [_thread_blocked, id=9748, stack(0x000000811fe00000,0x000000811ff00000)]
  0x00000213011da800 JavaThread "jar transforms Thread 2" [_thread_blocked, id=14448, stack(0x000000811ff00000,0x0000008120000000)]
  0x00000213011dd800 JavaThread "Cache worker for file content cache (C:\Users\Billy\.gradle\caches\7.0.2\fileContent)" [_thread_blocked, id=9868, stack(0x0000008120000000,0x0000008120100000)]
  0x00000213011db000 JavaThread "Cache worker for dependencies-accessors (C:\Users\Billy\Test1\.gradle\7.0.2\dependencies-accessors)" [_thread_blocked, id=15656, stack(0x0000008120100000,0x0000008120200000)]
  0x00000213011e7800 JavaThread "jar transforms Thread 3" [_thread_blocked, id=6444, stack(0x0000008120200000,0x0000008120300000)]
  0x00000213011e1800 JavaThread "Cache worker for Build Output Cleanup Cache (C:\Users\Billy\Test1\.gradle\buildOutputCleanup)" [_thread_blocked, id=13780, stack(0x0000008120300000,0x0000008120400000)]
  0x00000213011e2800 JavaThread "Build operations" [_thread_blocked, id=964, stack(0x0000008120400000,0x0000008120500000)]
  0x00000213011e4000 JavaThread "Build operations Thread 2" [_thread_blocked, id=9488, stack(0x0000008120500000,0x0000008120600000)]
  0x00000213011e5000 JavaThread "Build operations Thread 3" [_thread_blocked, id=3552, stack(0x0000008120600000,0x0000008120700000)]
  0x00000213011e3800 JavaThread "Build operations Thread 4" [_thread_blocked, id=13124, stack(0x0000008120700000,0x0000008120800000)]
  0x00000213011e5800 JavaThread "jar transforms Thread 4" [_thread_blocked, id=6660, stack(0x0000008120800000,0x0000008120900000)]
=>0x0000021300d69000 JavaThread "C2 CompilerThread1" daemon [_thread_in_native, id=6488, stack(0x000000811d400000,0x000000811d500000)]
  0x00000213011e6800 JavaThread "Memory manager" [_thread_blocked, id=11244, stack(0x000000811ed00000,0x000000811ee00000)]

Other Threads:
  0x000002137af85000 VMThread "VM Thread" [stack: 0x000000811db00000,0x000000811dc00000] [id=11772]
  0x000002137ba17800 WatcherThread [stack: 0x000000811e500000,0x000000811e600000] [id=6680]
  0x0000021360c25800 GCTaskThread "GC Thread#0" [stack: 0x000000811d600000,0x000000811d700000] [id=4248]
  0x000002137be9c800 GCTaskThread "GC Thread#1" [stack: 0x000000811e600000,0x000000811e700000] [id=2480]
  0x000002137bb4b800 GCTaskThread "GC Thread#2" [stack: 0x000000811e700000,0x000000811e800000] [id=1704]
  0x000002137c90e800 GCTaskThread "GC Thread#3" [stack: 0x000000811f300000,0x000000811f400000] [id=7428]
  0x0000021360c56800 ConcurrentGCThread "G1 Main Marker" [stack: 0x000000811d700000,0x000000811d800000] [id=2856]
  0x0000021360c57800 ConcurrentGCThread "G1 Conc#0" [stack: 0x000000811d800000,0x000000811d900000] [id=15748]
  0x0000021360ce6000 ConcurrentGCThread "G1 Refine#0" [stack: 0x000000811d900000,0x000000811da00000] [id=15972]
  0x0000021360ce7000 ConcurrentGCThread "G1 Young RemSet Sampling" [stack: 0x000000811da00000,0x000000811db00000] [id=11660]

Threads with active compile tasks:
C2 CompilerThread0  36888 5616   !   4       com.google.common.reflect.TypeVisitor::visit (225 bytes)
C1 CompilerThread0  36888 5829       3       java.math.BigInteger::<init> (404 bytes)
C2 CompilerThread1  36888 5676       4       org.objectweb.asm.Frame::execute (2318 bytes)

VM state:not at safepoint (normal execution)

VM Mutex/Monitor currently owned by a thread: None

Heap address: 0x0000000080000000, size: 2048 MB, Compressed Oops mode: 32-bit
Narrow klass base: 0x0000000000000000, Narrow klass shift: 3
Compressed class space size: 1073741824 Address: 0x0000000100000000

Heap:
 garbage-first heap   total 131072K, used 46184K [0x0000000080000000, 0x0000000100000000)
  region size 1024K, 6 young (6144K), 5 survivors (5120K)
 Metaspace       used 58873K, capacity 60391K, committed 60620K, reserved 1103872K
  class space    used 7458K, capacity 8005K, committed 8140K, reserved 1048576K
Heap Regions: E=young(eden), S=young(survivor), O=old, HS=humongous(starts), HC=humongous(continues), CS=collection set, F=free, A=archive, TAMS=top-at-mark-start (previous, next)
|   0|0x0000000080000000, 0x0000000080100000, 0x0000000080100000|100%| O|  |TAMS 0x0000000080100000, 0x0000000080100000| Untracked 
|   1|0x0000000080100000, 0x0000000080200000, 0x0000000080200000|100%| O|  |TAMS 0x0000000080200000, 0x0000000080200000| Untracked 
|   2|0x0000000080200000, 0x0000000080300000, 0x0000000080300000|100%| O|  |TAMS 0x0000000080300000, 0x0000000080300000| Untracked 
|   3|0x0000000080300000, 0x0000000080400000, 0x0000000080400000|100%|HS|  |TAMS 0x0000000080400000, 0x0000000080400000| Complete 
|   4|0x0000000080400000, 0x0000000080500000, 0x0000000080500000|100%|HC|  |TAMS 0x0000000080500000, 0x0000000080500000| Complete 
|   5|0x0000000080500000, 0x0000000080600000, 0x0000000080600000|100%|HC|  |TAMS 0x0000000080600000, 0x0000000080600000| Complete 
|   6|0x0000000080600000, 0x0000000080700000, 0x0000000080700000|100%| O|  |TAMS 0x0000000080700000, 0x0000000080700000| Untracked 
|   7|0x0000000080700000, 0x0000000080800000, 0x0000000080800000|100%| O|  |TAMS 0x0000000080800000, 0x0000000080800000| Untracked 
|   8|0x0000000080800000, 0x0000000080900000, 0x0000000080900000|100%| O|  |TAMS 0x0000000080900000, 0x0000000080900000| Untracked 
|   9|0x0000000080900000, 0x0000000080a00000, 0x0000000080a00000|100%| O|  |TAMS 0x0000000080a00000, 0x0000000080a00000| Untracked 
|  10|0x0000000080a00000, 0x0000000080b00000, 0x0000000080b00000|100%| O|  |TAMS 0x0000000080b00000, 0x0000000080b00000| Untracked 
|  11|0x0000000080b00000, 0x0000000080c00000, 0x0000000080c00000|100%| O|  |TAMS 0x0000000080c00000, 0x0000000080c00000| Untracked 
|  12|0x0000000080c00000, 0x0000000080d00000, 0x0000000080d00000|100%| O|  |TAMS 0x0000000080d00000, 0x0000000080d00000| Untracked 
|  13|0x0000000080d00000, 0x0000000080e00000, 0x0000000080e00000|100%| O|  |TAMS 0x0000000080e00000, 0x0000000080e00000| Untracked 
|  14|0x0000000080e00000, 0x0000000080f00000, 0x0000000080f00000|100%| O|  |TAMS 0x0000000080f00000, 0x0000000080f00000| Untracked 
|  15|0x0000000080f00000, 0x0000000081000000, 0x0000000081000000|100%| O|  |TAMS 0x0000000081000000, 0x0000000081000000| Untracked 
|  16|0x0000000081000000, 0x0000000081100000, 0x0000000081100000|100%| O|  |TAMS 0x00000000810df800, 0x0000000081100000| Untracked 
|  17|0x0000000081100000, 0x0000000081200000, 0x0000000081200000|100%|HS|  |TAMS 0x0000000081100000, 0x0000000081200000| Complete 
|  18|0x0000000081200000, 0x0000000081300000, 0x0000000081300000|100%| O|  |TAMS 0x0000000081200000, 0x0000000081300000| Untracked 
|  19|0x0000000081300000, 0x0000000081400000, 0x0000000081400000|100%| O|  |TAMS 0x0000000081300000, 0x0000000081400000| Untracked 
|  20|0x0000000081400000, 0x0000000081500000, 0x0000000081500000|100%| O|  |TAMS 0x0000000081400000, 0x0000000081500000| Untracked 
|  21|0x0000000081500000, 0x0000000081600000, 0x0000000081600000|100%| O|  |TAMS 0x0000000081500000, 0x0000000081600000| Untracked 
|  22|0x0000000081600000, 0x0000000081700000, 0x0000000081700000|100%| O|  |TAMS 0x0000000081600000, 0x0000000081700000| Untracked 
|  23|0x0000000081700000, 0x0000000081800000, 0x0000000081800000|100%| O|  |TAMS 0x0000000081700000, 0x0000000081800000| Untracked 
|  24|0x0000000081800000, 0x0000000081900000, 0x0000000081900000|100%|HS|  |TAMS 0x0000000081800000, 0x0000000081900000| Complete 
|  25|0x0000000081900000, 0x0000000081a00000, 0x0000000081a00000|100%|HS|  |TAMS 0x0000000081900000, 0x0000000081a00000| Complete 
|  26|0x0000000081a00000, 0x0000000081b00000, 0x0000000081b00000|100%|HC|  |TAMS 0x0000000081a00000, 0x0000000081b00000| Complete 
|  27|0x0000000081b00000, 0x0000000081c00000, 0x0000000081c00000|100%| O|  |TAMS 0x0000000081b00000, 0x0000000081c00000| Untracked 
|  28|0x0000000081c00000, 0x0000000081d00000, 0x0000000081d00000|100%| O|  |TAMS 0x0000000081c00000, 0x0000000081d00000| Untracked 
|  29|0x0000000081d00000, 0x0000000081e00000, 0x0000000081e00000|100%| O|  |TAMS 0x0000000081d00000, 0x0000000081e00000| Untracked 
|  30|0x0000000081e00000, 0x0000000081f00000, 0x0000000081f00000|100%| O|  |TAMS 0x0000000081e00000, 0x0000000081f00000| Untracked 
|  31|0x0000000081f00000, 0x0000000082000000, 0x0000000082000000|100%| O|  |TAMS 0x0000000081f00000, 0x0000000082000000| Untracked 
|  32|0x0000000082000000, 0x0000000082100000, 0x0000000082100000|100%| O|  |TAMS 0x0000000082000000, 0x0000000082100000| Untracked 
|  33|0x0000000082100000, 0x0000000082200000, 0x0000000082200000|100%| O|  |TAMS 0x0000000082100000, 0x0000000082200000| Untracked 
|  34|0x0000000082200000, 0x0000000082300000, 0x0000000082300000|100%| O|  |TAMS 0x0000000082200000, 0x0000000082300000| Untracked 
|  35|0x0000000082300000, 0x0000000082400000, 0x0000000082400000|100%| O|  |TAMS 0x0000000082300000, 0x0000000082400000| Untracked 
|  36|0x0000000082400000, 0x0000000082500000, 0x0000000082500000|100%| O|  |TAMS 0x0000000082400000, 0x0000000082500000| Untracked 
|  37|0x0000000082500000, 0x0000000082600000, 0x0000000082600000|100%| O|  |TAMS 0x0000000082500000, 0x0000000082600000| Untracked 
|  38|0x0000000082600000, 0x0000000082700000, 0x0000000082700000|100%| O|  |TAMS 0x0000000082600000, 0x0000000082700000| Untracked 
|  39|0x0000000082700000, 0x0000000082800000, 0x0000000082800000|100%| O|  |TAMS 0x0000000082700000, 0x0000000082800000| Untracked 
|  40|0x0000000082800000, 0x000000008286f400, 0x0000000082900000| 43%| O|  |TAMS 0x0000000082800000, 0x000000008286f400| Untracked 
|  41|0x0000000082900000, 0x0000000082900000, 0x0000000082a00000|  0%| F|  |TAMS 0x0000000082900000, 0x0000000082900000| Untracked 
|  42|0x0000000082a00000, 0x0000000082a00000, 0x0000000082b00000|  0%| F|  |TAMS 0x0000000082a00000, 0x0000000082a00000| Untracked 
|  43|0x0000000082b00000, 0x0000000082b00000, 0x0000000082c00000|  0%| F|  |TAMS 0x0000000082b00000, 0x0000000082b00000| Untracked 
|  44|0x0000000082c00000, 0x0000000082c00000, 0x0000000082d00000|  0%| F|  |TAMS 0x0000000082c00000, 0x0000000082c00000| Untracked 
|  45|0x0000000082d00000, 0x0000000082d00000, 0x0000000082e00000|  0%| F|  |TAMS 0x0000000082d00000, 0x0000000082d00000| Untracked 
|  46|0x0000000082e00000, 0x0000000082e00000, 0x0000000082f00000|  0%| F|  |TAMS 0x0000000082e00000, 0x0000000082e00000| Untracked 
|  47|0x0000000082f00000, 0x0000000082f00000, 0x0000000083000000|  0%| F|  |TAMS 0x0000000082f00000, 0x0000000082f00000| Untracked 
|  48|0x0000000083000000, 0x0000000083000000, 0x0000000083100000|  0%| F|  |TAMS 0x0000000083000000, 0x0000000083000000| Untracked 
|  49|0x0000000083100000, 0x0000000083100000, 0x0000000083200000|  0%| F|  |TAMS 0x0000000083100000, 0x0000000083100000| Untracked 
|  50|0x0000000083200000, 0x0000000083200000, 0x0000000083300000|  0%| F|  |TAMS 0x0000000083200000, 0x0000000083200000| Untracked 
|  51|0x0000000083300000, 0x0000000083300000, 0x0000000083400000|  0%| F|  |TAMS 0x0000000083300000, 0x0000000083300000| Untracked 
|  52|0x0000000083400000, 0x0000000083400000, 0x0000000083500000|  0%| F|  |TAMS 0x0000000083400000, 0x0000000083400000| Untracked 
|  53|0x0000000083500000, 0x0000000083500000, 0x0000000083600000|  0%| F|  |TAMS 0x0000000083500000, 0x0000000083500000| Untracked 
|  54|0x0000000083600000, 0x0000000083600000, 0x0000000083700000|  0%| F|  |TAMS 0x0000000083600000, 0x0000000083600000| Untracked 
|  55|0x0000000083700000, 0x0000000083700000, 0x0000000083800000|  0%| F|  |TAMS 0x0000000083700000, 0x0000000083700000| Untracked 
|  56|0x0000000083800000, 0x0000000083800000, 0x0000000083900000|  0%| F|  |TAMS 0x0000000083800000, 0x0000000083800000| Untracked 
|  57|0x0000000083900000, 0x0000000083900000, 0x0000000083a00000|  0%| F|  |TAMS 0x0000000083900000, 0x0000000083900000| Untracked 
|  58|0x0000000083a00000, 0x0000000083a00000, 0x0000000083b00000|  0%| F|  |TAMS 0x0000000083a00000, 0x0000000083a00000| Untracked 
|  59|0x0000000083b00000, 0x0000000083b00000, 0x0000000083c00000|  0%| F|  |TAMS 0x0000000083b00000, 0x0000000083b00000| Untracked 
|  60|0x0000000083c00000, 0x0000000083c00000, 0x0000000083d00000|  0%| F|  |TAMS 0x0000000083c00000, 0x0000000083c00000| Untracked 
|  61|0x0000000083d00000, 0x0000000083d00000, 0x0000000083e00000|  0%| F|  |TAMS 0x0000000083d00000, 0x0000000083d00000| Untracked 
|  62|0x0000000083e00000, 0x0000000083e00000, 0x0000000083f00000|  0%| F|  |TAMS 0x0000000083e00000, 0x0000000083e00000| Untracked 
|  63|0x0000000083f00000, 0x0000000083f00000, 0x0000000084000000|  0%| F|  |TAMS 0x0000000083f00000, 0x0000000083f00000| Untracked 
|  64|0x0000000084000000, 0x0000000084000000, 0x0000000084100000|  0%| F|  |TAMS 0x0000000084000000, 0x0000000084000000| Untracked 
|  65|0x0000000084100000, 0x0000000084100000, 0x0000000084200000|  0%| F|  |TAMS 0x0000000084100000, 0x0000000084100000| Untracked 
|  66|0x0000000084200000, 0x0000000084200000, 0x0000000084300000|  0%| F|  |TAMS 0x0000000084200000, 0x0000000084200000| Untracked 
|  67|0x0000000084300000, 0x0000000084300000, 0x0000000084400000|  0%| F|  |TAMS 0x0000000084300000, 0x0000000084300000| Untracked 
|  68|0x0000000084400000, 0x0000000084400000, 0x0000000084500000|  0%| F|  |TAMS 0x0000000084400000, 0x0000000084400000| Untracked 
|  69|0x0000000084500000, 0x0000000084500000, 0x0000000084600000|  0%| F|  |TAMS 0x0000000084500000, 0x0000000084500000| Untracked 
|  70|0x0000000084600000, 0x0000000084600000, 0x0000000084700000|  0%| F|  |TAMS 0x0000000084600000, 0x0000000084600000| Untracked 
|  71|0x0000000084700000, 0x0000000084700000, 0x0000000084800000|  0%| F|  |TAMS 0x0000000084700000, 0x0000000084700000| Untracked 
|  72|0x0000000084800000, 0x0000000084800000, 0x0000000084900000|  0%| F|  |TAMS 0x0000000084800000, 0x0000000084800000| Untracked 
|  73|0x0000000084900000, 0x0000000084900000, 0x0000000084a00000|  0%| F|  |TAMS 0x0000000084900000, 0x0000000084900000| Untracked 
|  74|0x0000000084a00000, 0x0000000084a00000, 0x0000000084b00000|  0%| F|  |TAMS 0x0000000084a00000, 0x0000000084a00000| Untracked 
|  75|0x0000000084b00000, 0x0000000084b00000, 0x0000000084c00000|  0%| F|  |TAMS 0x0000000084b00000, 0x0000000084b00000| Untracked 
|  76|0x0000000084c00000, 0x0000000084c00000, 0x0000000084d00000|  0%| F|  |TAMS 0x0000000084c00000, 0x0000000084c00000| Untracked 
|  77|0x0000000084d00000, 0x0000000084d00000, 0x0000000084e00000|  0%| F|  |TAMS 0x0000000084d00000, 0x0000000084d00000| Untracked 
|  78|0x0000000084e00000, 0x0000000084e00000, 0x0000000084f00000|  0%| F|  |TAMS 0x0000000084e00000, 0x0000000084e00000| Untracked 
|  79|0x0000000084f00000, 0x0000000084f00000, 0x0000000085000000|  0%| F|  |TAMS 0x0000000084f00000, 0x0000000084f00000| Untracked 
|  80|0x0000000085000000, 0x0000000085000000, 0x0000000085100000|  0%| F|  |TAMS 0x0000000085000000, 0x0000000085000000| Untracked 
|  81|0x0000000085100000, 0x0000000085100000, 0x0000000085200000|  0%| F|  |TAMS 0x0000000085100000, 0x0000000085100000| Untracked 
|  82|0x0000000085200000, 0x0000000085200000, 0x0000000085300000|  0%| F|  |TAMS 0x0000000085200000, 0x0000000085200000| Untracked 
|  83|0x0000000085300000, 0x0000000085300000, 0x0000000085400000|  0%| F|  |TAMS 0x0000000085300000, 0x0000000085300000| Untracked 
|  84|0x0000000085400000, 0x0000000085400000, 0x0000000085500000|  0%| F|  |TAMS 0x0000000085400000, 0x0000000085400000| Untracked 
|  85|0x0000000085500000, 0x0000000085500000, 0x0000000085600000|  0%| F|  |TAMS 0x0000000085500000, 0x0000000085500000| Untracked 
|  86|0x0000000085600000, 0x0000000085600000, 0x0000000085700000|  0%| F|  |TAMS 0x0000000085600000, 0x0000000085600000| Untracked 
|  87|0x0000000085700000, 0x0000000085700000, 0x0000000085800000|  0%| F|  |TAMS 0x0000000085700000, 0x0000000085700000| Untracked 
|  88|0x0000000085800000, 0x0000000085800000, 0x0000000085900000|  0%| F|  |TAMS 0x0000000085800000, 0x0000000085800000| Untracked 
|  89|0x0000000085900000, 0x0000000085900000, 0x0000000085a00000|  0%| F|  |TAMS 0x0000000085900000, 0x0000000085900000| Untracked 
|  90|0x0000000085a00000, 0x0000000085a00000, 0x0000000085b00000|  0%| F|  |TAMS 0x0000000085a00000, 0x0000000085a00000| Untracked 
|  91|0x0000000085b00000, 0x0000000085b00000, 0x0000000085c00000|  0%| F|  |TAMS 0x0000000085b00000, 0x0000000085b00000| Untracked 
|  92|0x0000000085c00000, 0x0000000085c00000, 0x0000000085d00000|  0%| F|  |TAMS 0x0000000085c00000, 0x0000000085c00000| Untracked 
|  93|0x0000000085d00000, 0x0000000085daaef8, 0x0000000085e00000| 66%| S|CS|TAMS 0x0000000085d00000, 0x0000000085d00000| Complete 
|  94|0x0000000085e00000, 0x0000000085f00000, 0x0000000085f00000|100%| S|CS|TAMS 0x0000000085e00000, 0x0000000085e00000| Complete 
|  95|0x0000000085f00000, 0x0000000086000000, 0x0000000086000000|100%| S|CS|TAMS 0x0000000085f00000, 0x0000000085f00000| Complete 
|  96|0x0000000086000000, 0x0000000086100000, 0x0000000086100000|100%| S|CS|TAMS 0x0000000086000000, 0x0000000086000000| Complete 
|  97|0x0000000086100000, 0x0000000086200000, 0x0000000086200000|100%| S|CS|TAMS 0x0000000086100000, 0x0000000086100000| Complete 
|  98|0x0000000086200000, 0x0000000086200000, 0x0000000086300000|  0%| F|  |TAMS 0x0000000086200000, 0x0000000086200000| Untracked 
|  99|0x0000000086300000, 0x0000000086300000, 0x0000000086400000|  0%| F|  |TAMS 0x0000000086300000, 0x0000000086300000| Untracked 
| 100|0x0000000086400000, 0x0000000086400000, 0x0000000086500000|  0%| F|  |TAMS 0x0000000086400000, 0x0000000086400000| Untracked 
| 101|0x0000000086500000, 0x0000000086500000, 0x0000000086600000|  0%| F|  |TAMS 0x0000000086500000, 0x0000000086500000| Untracked 
| 102|0x0000000086600000, 0x0000000086600000, 0x0000000086700000|  0%| F|  |TAMS 0x0000000086600000, 0x0000000086600000| Untracked 
| 103|0x0000000086700000, 0x0000000086700000, 0x0000000086800000|  0%| F|  |TAMS 0x0000000086700000, 0x0000000086700000| Untracked 
| 104|0x0000000086800000, 0x0000000086800000, 0x0000000086900000|  0%| F|  |TAMS 0x0000000086800000, 0x0000000086800000| Untracked 
| 105|0x0000000086900000, 0x0000000086900000, 0x0000000086a00000|  0%| F|  |TAMS 0x0000000086900000, 0x0000000086900000| Untracked 
| 106|0x0000000086a00000, 0x0000000086a00000, 0x0000000086b00000|  0%| F|  |TAMS 0x0000000086a00000, 0x0000000086a00000| Untracked 
| 107|0x0000000086b00000, 0x0000000086b00000, 0x0000000086c00000|  0%| F|  |TAMS 0x0000000086b00000, 0x0000000086b00000| Untracked 
| 108|0x0000000086c00000, 0x0000000086c00000, 0x0000000086d00000|  0%| F|  |TAMS 0x0000000086c00000, 0x0000000086c00000| Untracked 
| 109|0x0000000086d00000, 0x0000000086d00000, 0x0000000086e00000|  0%| F|  |TAMS 0x0000000086d00000, 0x0000000086d00000| Untracked 
| 110|0x0000000086e00000, 0x0000000086e00000, 0x0000000086f00000|  0%| F|  |TAMS 0x0000000086e00000, 0x0000000086e00000| Untracked 
| 111|0x0000000086f00000, 0x0000000086f00000, 0x0000000087000000|  0%| F|  |TAMS 0x0000000086f00000, 0x0000000086f00000| Untracked 
| 112|0x0000000087000000, 0x0000000087000000, 0x0000000087100000|  0%| F|  |TAMS 0x0000000087000000, 0x0000000087000000| Untracked 
| 113|0x0000000087100000, 0x0000000087100000, 0x0000000087200000|  0%| F|  |TAMS 0x0000000087100000, 0x0000000087100000| Untracked 
| 114|0x0000000087200000, 0x0000000087200000, 0x0000000087300000|  0%| F|  |TAMS 0x0000000087200000, 0x0000000087200000| Untracked 
| 115|0x0000000087300000, 0x0000000087300000, 0x0000000087400000|  0%| F|  |TAMS 0x0000000087300000, 0x0000000087300000| Untracked 
| 116|0x0000000087400000, 0x0000000087400000, 0x0000000087500000|  0%| F|  |TAMS 0x0000000087400000, 0x0000000087400000| Untracked 
| 117|0x0000000087500000, 0x0000000087500000, 0x0000000087600000|  0%| F|  |TAMS 0x0000000087500000, 0x0000000087500000| Untracked 
| 118|0x0000000087600000, 0x0000000087600000, 0x0000000087700000|  0%| F|  |TAMS 0x0000000087600000, 0x0000000087600000| Untracked 
| 119|0x0000000087700000, 0x0000000087700000, 0x0000000087800000|  0%| F|  |TAMS 0x0000000087700000, 0x0000000087700000| Untracked 
| 120|0x0000000087800000, 0x0000000087800000, 0x0000000087900000|  0%| F|  |TAMS 0x0000000087800000, 0x0000000087800000| Untracked 
| 121|0x0000000087900000, 0x0000000087900000, 0x0000000087a00000|  0%| F|  |TAMS 0x0000000087900000, 0x0000000087900000| Untracked 
| 122|0x0000000087a00000, 0x0000000087a00000, 0x0000000087b00000|  0%| F|  |TAMS 0x0000000087a00000, 0x0000000087a00000| Untracked 
| 123|0x0000000087b00000, 0x0000000087b00000, 0x0000000087c00000|  0%| F|  |TAMS 0x0000000087b00000, 0x0000000087b00000| Untracked 
| 124|0x0000000087c00000, 0x0000000087c00000, 0x0000000087d00000|  0%| F|  |TAMS 0x0000000087c00000, 0x0000000087c00000| Untracked 
| 125|0x0000000087d00000, 0x0000000087d00000, 0x0000000087e00000|  0%| F|  |TAMS 0x0000000087d00000, 0x0000000087d00000| Untracked 
| 126|0x0000000087e00000, 0x0000000087e00000, 0x0000000087f00000|  0%| F|  |TAMS 0x0000000087e00000, 0x0000000087e00000| Untracked 
| 127|0x0000000087f00000, 0x0000000088000000, 0x0000000088000000|100%| E|  |TAMS 0x0000000087f00000, 0x0000000087f00000| Complete 

Card table byte_map: [0x0000021374150000,0x0000021374550000] _byte_map_base: 0x0000021373d50000

Marking Bits (Prev, Next): (CMBitMap*) 0x0000021360c4dcf8, (CMBitMap*) 0x0000021360c4dd30
 Prev Bits: [0x0000021374950000, 0x0000021376950000)
 Next Bits: [0x0000021376950000, 0x0000021378950000)

Polling page: 0x0000021364700000

Metaspace:

Usage:
  Non-class:     51.16 MB capacity,    50.25 MB ( 98%) used,   780.70 KB (  1%) free+waste,   153.38 KB ( <1%) overhead. 
      Class:      7.82 MB capacity,     7.29 MB ( 93%) used,   469.52 KB (  6%) free+waste,    72.63 KB ( <1%) overhead. 
       Both:     58.98 MB capacity,    57.53 MB ( 98%) used,     1.22 MB (  2%) free+waste,   226.00 KB ( <1%) overhead. 

Virtual space:
  Non-class space:       54.00 MB reserved,      51.25 MB ( 95%) committed 
      Class space:        1.00 GB reserved,       7.95 MB ( <1%) committed 
             Both:        1.05 GB reserved,      59.20 MB (  5%) committed 

Chunk freelists:
   Non-Class:  30.00 KB
       Class:  27.00 KB
        Both:  57.00 KB

MaxMetaspaceSize: 17179869184.00 GB
CompressedClassSpaceSize: 1.00 GB

CodeHeap 'non-profiled nmethods': size=120064Kb used=3022Kb max_used=3022Kb free=117041Kb
 bounds [0x000002136c1e0000, 0x000002136c4e0000, 0x0000021373720000]
CodeHeap 'profiled nmethods': size=120000Kb used=12264Kb max_used=12264Kb free=107735Kb
 bounds [0x0000021364cb0000, 0x00000213658b0000, 0x000002136c1e0000]
CodeHeap 'non-nmethods': size=5696Kb used=2248Kb max_used=2271Kb free=3447Kb
 bounds [0x0000021364720000, 0x0000021364990000, 0x0000021364cb0000]
 total_blobs=6647 nmethods=5808 adapters=748
 compilation: enabled
              stopped_count=0, restarted_count=0
 full_count=0

Compilation events (20 events):
Event: 36.815 Thread 0x000002137afca800 5795       3       sun.reflect.generics.parser.SignatureParser::parseTypeVariableSignature (93 bytes)
Event: 36.816 Thread 0x000002137afca800 nmethod 5795 0x000002136588bd90 code [0x000002136588c0a0, 0x000002136588cdc8]
Event: 36.816 Thread 0x000002137afca800 5796       3       org.gradle.internal.instantiation.generator.AbstractClassGenerator::inspectType (560 bytes)
Event: 36.820 Thread 0x000002137afca800 nmethod 5796 0x000002136588d310 code [0x000002136588db20, 0x0000021365892d48]
Event: 36.820 Thread 0x000002137afca800 5797       3       com.google.common.collect.AbstractMapBasedMultimap$WrappedCollection::iterator (13 bytes)
Event: 36.821 Thread 0x000002137afca800 nmethod 5797 0x0000021365894690 code [0x00000213658948c0, 0x0000021365895128]
Event: 36.821 Thread 0x000002137afca800 5798       3       com.google.common.collect.AbstractMapBasedMultimap$WrappedCollection$WrappedIterator::<init> (32 bytes)
Event: 36.821 Thread 0x000002137afca800 nmethod 5798 0x0000021365895310 code [0x0000021365895520, 0x0000021365895c38]
Event: 36.821 Thread 0x000002137afca800 5799       3       com.google.common.collect.AbstractMapBasedMultimap::access$100 (5 bytes)
Event: 36.821 Thread 0x000002137afca800 nmethod 5799 0x0000021365895e10 code [0x0000021365896000, 0x0000021365896518]
Event: 36.821 Thread 0x000002137afca800 5800       3       com.google.common.collect.AbstractMapBasedMultimap::iteratorOrListIterator (26 bytes)
Event: 36.822 Thread 0x000002137afca800 nmethod 5800 0x0000021365896690 code [0x0000021365896880, 0x0000021365896d38]
Event: 36.835 Thread 0x000002137afca800 5801       3       java.util.jar.Attributes::<init> (17 bytes)
Event: 36.836 Thread 0x000002137afca800 nmethod 5801 0x0000021365896e90 code [0x0000021365897080, 0x00000213658973c8]
Event: 36.836 Thread 0x000002137afca800 5802       3       java.util.jar.Manifest::toLower (24 bytes)
Event: 36.836 Thread 0x000002137afca800 nmethod 5802 0x0000021365897510 code [0x00000213658976c0, 0x0000021365897858]
Event: 36.836 Thread 0x000002137afca800 5803       3       java.util.jar.Manifest::parseName (84 bytes)
Event: 36.837 Thread 0x000002137afca800 nmethod 5803 0x0000021365897910 code [0x0000021365897b20, 0x00000213658982a8]
Event: 36.837 Thread 0x000002137afca800 5804       3       java.util.jar.Attributes::size (10 bytes)
Event: 36.837 Thread 0x000002137afca800 nmethod 5804 0x0000021365898490 code [0x0000021365898640, 0x0000021365898808]

GC Heap History (20 events):
Event: 11.567 GC heap before
{Heap before GC invocations=2 (full 0):
 garbage-first heap   total 131072K, used 39448K [0x0000000080000000, 0x0000000100000000)
  region size 1024K, 31 young (31744K), 2 survivors (2048K)
 Metaspace       used 11199K, capacity 11518K, committed 11776K, reserved 1060864K
  class space    used 1169K, capacity 1243K, committed 1280K, reserved 1048576K
}
Event: 11.571 GC heap after
{Heap after GC invocations=3 (full 0):
 garbage-first heap   total 131072K, used 11462K [0x0000000080000000, 0x0000000100000000)
  region size 1024K, 4 young (4096K), 4 survivors (4096K)
 Metaspace       used 11199K, capacity 11518K, committed 11776K, reserved 1060864K
  class space    used 1169K, capacity 1243K, committed 1280K, reserved 1048576K
}
Event: 17.880 GC heap before
{Heap before GC invocations=3 (full 0):
 garbage-first heap   total 131072K, used 55494K [0x0000000080000000, 0x0000000100000000)
  region size 1024K, 47 young (48128K), 4 survivors (4096K)
 Metaspace       used 18029K, capacity 18461K, committed 18688K, reserved 1064960K
  class space    used 2144K, capacity 2272K, committed 2304K, reserved 1048576K
}
Event: 17.888 GC heap after
{Heap after GC invocations=4 (full 0):
 garbage-first heap   total 131072K, used 16153K [0x0000000080000000, 0x0000000100000000)
  region size 1024K, 6 young (6144K), 6 survivors (6144K)
 Metaspace       used 18029K, capacity 18461K, committed 18688K, reserved 1064960K
  class space    used 2144K, capacity 2272K, committed 2304K, reserved 1048576K
}
Event: 18.125 GC heap before
{Heap before GC invocations=4 (full 0):
 garbage-first heap   total 131072K, used 36633K [0x0000000080000000, 0x0000000100000000)
  region size 1024K, 27 young (27648K), 6 survivors (6144K)
 Metaspace       used 20607K, capacity 21104K, committed 21248K, reserved 1067008K
  class space    used 2513K, capacity 2690K, committed 2816K, reserved 1048576K
}
Event: 18.132 GC heap after
{Heap after GC invocations=5 (full 0):
 garbage-first heap   total 131072K, used 17486K [0x0000000080000000, 0x0000000100000000)
  region size 1024K, 5 young (5120K), 5 survivors (5120K)
 Metaspace       used 20607K, capacity 21104K, committed 21248K, reserved 1067008K
  class space    used 2513K, capacity 2690K, committed 2816K, reserved 1048576K
}
Event: 18.827 GC heap before
{Heap before GC invocations=6 (full 0):
 garbage-first heap   total 131072K, used 66638K [0x0000000080000000, 0x0000000100000000)
  region size 1024K, 53 young (54272K), 5 survivors (5120K)
 Metaspace       used 25622K, capacity 26276K, committed 26368K, reserved 1073152K
  class space    used 3351K, capacity 3568K, committed 3584K, reserved 1048576K
}
Event: 18.838 GC heap after
{Heap after GC invocations=7 (full 0):
 garbage-first heap   total 131072K, used 19404K [0x0000000080000000, 0x0000000100000000)
  region size 1024K, 3 young (3072K), 3 survivors (3072K)
 Metaspace       used 25622K, capacity 26276K, committed 26368K, reserved 1073152K
  class space    used 3351K, capacity 3568K, committed 3584K, reserved 1048576K
}
Event: 19.946 GC heap before
{Heap before GC invocations=7 (full 0):
 garbage-first heap   total 131072K, used 73676K [0x0000000080000000, 0x0000000100000000)
  region size 1024K, 56 young (57344K), 3 survivors (3072K)
 Metaspace       used 31728K, capacity 32471K, committed 32640K, reserved 1077248K
  class space    used 4191K, capacity 4442K, committed 4480K, reserved 1048576K
}
Event: 19.953 GC heap after
{Heap after GC invocations=8 (full 0):
 garbage-first heap   total 131072K, used 21366K [0x0000000080000000, 0x0000000100000000)
  region size 1024K, 5 young (5120K), 5 survivors (5120K)
 Metaspace       used 31728K, capacity 32471K, committed 32640K, reserved 1077248K
  class space    used 4191K, capacity 4442K, committed 4480K, reserved 1048576K
}
Event: 20.277 GC heap before
{Heap before GC invocations=8 (full 0):
 garbage-first heap   total 131072K, used 29558K [0x0000000080000000, 0x0000000100000000)
  region size 1024K, 15 young (15360K), 5 survivors (5120K)
 Metaspace       used 35066K, capacity 35838K, committed 35840K, reserved 1081344K
  class space    used 4544K, capacity 4864K, committed 4864K, reserved 1048576K
}
Event: 20.289 GC heap after
{Heap after GC invocations=9 (full 0):
 garbage-first heap   total 131072K, used 22995K [0x0000000080000000, 0x0000000100000000)
  region size 1024K, 6 young (6144K), 6 survivors (6144K)
 Metaspace       used 35066K, capacity 35838K, committed 35840K, reserved 1081344K
  class space    used 4544K, capacity 4864K, committed 4864K, reserved 1048576K
}
Event: 21.373 GC heap before
{Heap before GC invocations=10 (full 0):
 garbage-first heap   total 131072K, used 80339K [0x0000000080000000, 0x0000000100000000)
  region size 1024K, 60 young (61440K), 6 survivors (6144K)
 Metaspace       used 38890K, capacity 39768K, committed 40012K, reserved 1083392K
  class space    used 4965K, capacity 5315K, committed 5452K, reserved 1048576K
}
Event: 21.392 GC heap after
{Heap after GC invocations=11 (full 0):
 garbage-first heap   total 131072K, used 28115K [0x0000000080000000, 0x0000000100000000)
  region size 1024K, 8 young (8192K), 8 survivors (8192K)
 Metaspace       used 38890K, capacity 39768K, committed 40012K, reserved 1083392K
  class space    used 4965K, capacity 5315K, committed 5452K, reserved 1048576K
}
Event: 22.337 GC heap before
{Heap before GC invocations=11 (full 0):
 garbage-first heap   total 131072K, used 84435K [0x0000000080000000, 0x0000000100000000)
  region size 1024K, 63 young (64512K), 8 survivors (8192K)
 Metaspace       used 44033K, capacity 45045K, committed 45260K, reserved 1089536K
  class space    used 5642K, capacity 6003K, committed 6092K, reserved 1048576K
}
Event: 22.349 GC heap after
{Heap after GC invocations=12 (full 0):
 garbage-first heap   total 131072K, used 29967K [0x0000000080000000, 0x0000000100000000)
  region size 1024K, 7 young (7168K), 7 survivors (7168K)
 Metaspace       used 44033K, capacity 45045K, committed 45260K, reserved 1089536K
  class space    used 5642K, capacity 6003K, committed 6092K, reserved 1048576K
}
Event: 35.330 GC heap before
{Heap before GC invocations=12 (full 0):
 garbage-first heap   total 131072K, used 91407K [0x0000000080000000, 0x0000000100000000)
  region size 1024K, 64 young (65536K), 7 survivors (7168K)
 Metaspace       used 47164K, capacity 48363K, committed 48460K, reserved 1091584K
  class space    used 6015K, capacity 6462K, committed 6476K, reserved 1048576K
}
Event: 35.344 GC heap after
{Heap after GC invocations=13 (full 0):
 garbage-first heap   total 131072K, used 40960K [0x0000000080000000, 0x0000000100000000)
  region size 1024K, 8 young (8192K), 8 survivors (8192K)
 Metaspace       used 47164K, capacity 48363K, committed 48460K, reserved 1091584K
  class space    used 6015K, capacity 6462K, committed 6476K, reserved 1048576K
}
Event: 36.289 GC heap before
{Heap before GC invocations=13 (full 0):
 garbage-first heap   total 131072K, used 93184K [0x0000000080000000, 0x0000000100000000)
  region size 1024K, 59 young (60416K), 8 survivors (8192K)
 Metaspace       used 53475K, capacity 54845K, committed 54988K, reserved 1097728K
  class space    used 6814K, capacity 7310K, committed 7372K, reserved 1048576K
}
Event: 36.305 GC heap after
{Heap after GC invocations=14 (full 0):
 garbage-first heap   total 131072K, used 45066K [0x0000000080000000, 0x0000000100000000)
  region size 1024K, 4 young (4096K), 4 survivors (4096K)
 Metaspace       used 53475K, capacity 54845K, committed 54988K, reserved 1097728K
  class space    used 6814K, capacity 7310K, committed 7372K, reserved 1048576K
}

Deoptimization events (20 events):
Event: 36.687 Thread 0x000002137d0a9000 Uncommon trap: trap_request=0xffffff7e fr.pc=0x000002136c46aa8c relative=0x00000000000001ac
Event: 36.687 Thread 0x000002137d0a9000 Uncommon trap: reason=predicate action=maybe_recompile pc=0x000002136c46aa8c method=java.util.Arrays.binarySearch0([Ljava/lang/Object;IILjava/lang/Object;Ljava/util/Comparator;)I @ 25 c2
Event: 36.687 Thread 0x000002137d0a9000 DEOPT PACKING pc=0x000002136c46aa8c sp=0x000000811eff3ae0
Event: 36.687 Thread 0x000002137d0a9000 DEOPT UNPACKING pc=0x00000213647478af sp=0x000000811eff3a48 mode 2
Event: 36.760 Thread 0x000002137d0a9000 Uncommon trap: trap_request=0xffffff4d fr.pc=0x000002136c497248 relative=0x0000000000000228
Event: 36.760 Thread 0x000002137d0a9000 Uncommon trap: reason=unstable_if action=reinterpret pc=0x000002136c497248 method=java.security.SecureClassLoader$CodeSourceKey.hashCode()I @ 9 c2
Event: 36.760 Thread 0x000002137d0a9000 DEOPT PACKING pc=0x000002136c497248 sp=0x000000811eff2d40
Event: 36.761 Thread 0x000002137d0a9000 DEOPT UNPACKING pc=0x00000213647478af sp=0x000000811eff2cd0 mode 2
Event: 36.761 Thread 0x000002137d0a9000 Uncommon trap: trap_request=0xffffff4d fr.pc=0x000002136c498884 relative=0x0000000000001204
Event: 36.761 Thread 0x000002137d0a9000 Uncommon trap: reason=unstable_if action=reinterpret pc=0x000002136c498884 method=java.lang.ClassLoader.defineClassSourceLocation(Ljava/security/ProtectionDomain;)Ljava/lang/String; @ 15 c2
Event: 36.761 Thread 0x000002137d0a9000 DEOPT PACKING pc=0x000002136c498884 sp=0x000000811eff2e20
Event: 36.761 Thread 0x000002137d0a9000 DEOPT UNPACKING pc=0x00000213647478af sp=0x000000811eff2d40 mode 2
Event: 36.831 Thread 0x000002137d0a9000 Uncommon trap: trap_request=0xffffff4d fr.pc=0x000002136c3bf954 relative=0x0000000000005a34
Event: 36.831 Thread 0x000002137d0a9000 Uncommon trap: reason=unstable_if action=reinterpret pc=0x000002136c3bf954 method=java.util.jar.JarFile.maybeInstantiateVerifier()V @ 4 c2
Event: 36.831 Thread 0x000002137d0a9000 DEOPT PACKING pc=0x000002136c3bf954 sp=0x000000811eff4eb0
Event: 36.831 Thread 0x000002137d0a9000 DEOPT UNPACKING pc=0x00000213647478af sp=0x000000811eff4c40 mode 2
Event: 36.834 Thread 0x000002137d0a9000 Uncommon trap: trap_request=0xffffff4d fr.pc=0x000002136c3d7c44 relative=0x0000000000006424
Event: 36.834 Thread 0x000002137d0a9000 Uncommon trap: reason=unstable_if action=reinterpret pc=0x000002136c3d7c44 method=java.util.jar.JarFile.maybeInstantiateVerifier()V @ 91 c2
Event: 36.834 Thread 0x000002137d0a9000 DEOPT PACKING pc=0x000002136c3d7c44 sp=0x000000811eff4de0
Event: 36.834 Thread 0x000002137d0a9000 DEOPT UNPACKING pc=0x00000213647478af sp=0x000000811eff4bd0 mode 2

Classes redefined (0 events):
No events

Internal exceptions (20 events):
Event: 35.516 Thread 0x000002137e4f8000 Exception <a 'java/lang/NoSuchMethodError'{0x00000000877bf4f0}: <clinit>> (0x00000000877bf4f0) thrown at [./src/hotspot/share/prims/jni.cpp, line 1362]
Event: 35.517 Thread 0x000002137e4f8000 Exception <a 'java/lang/NoSuchMethodError'{0x00000000877c9338}: <clinit>> (0x00000000877c9338) thrown at [./src/hotspot/share/prims/jni.cpp, line 1362]
Event: 35.518 Thread 0x000002137e4f8000 Exception <a 'java/lang/NoSuchMethodError'{0x00000000877d3ae8}: <clinit>> (0x00000000877d3ae8) thrown at [./src/hotspot/share/prims/jni.cpp, line 1362]
Event: 35.521 Thread 0x000002137e4f8000 Exception <a 'java/lang/NoSuchMethodError'{0x00000000877e7888}: <clinit>> (0x00000000877e7888) thrown at [./src/hotspot/share/prims/jni.cpp, line 1362]
Event: 35.538 Thread 0x000002137d0a9000 Exception <a 'java/lang/ClassNotFoundException'{0x000000008761d5d8}: build_2yxfgzr6ibrh24awq45ci07wdBeanInfo> (0x000000008761d5d8) thrown at [./src/hotspot/share/classfile/systemDictionary.cpp, line 231]
Event: 35.538 Thread 0x000002137d0a9000 Exception <a 'java/lang/ClassNotFoundException'{0x0000000087628500}: build_2yxfgzr6ibrh24awq45ci07wdCustomizer> (0x0000000087628500) thrown at [./src/hotspot/share/classfile/systemDictionary.cpp, line 231]
Event: 35.555 Thread 0x000002137d0a9000 Exception <a 'java/lang/ClassNotFoundException'{0x00000000876a8848}: org/gradle/plugin/use/internal/PluginRequestCollector$PluginDependenciesSpecImplBeanInfo> (0x00000000876a8848) thrown at [./src/hotspot/share/classfile/systemDictionary.cpp, line 231]
Event: 35.556 Thread 0x000002137d0a9000 Exception <a 'java/lang/ClassNotFoundException'{0x00000000876d66f8}: org/gradle/plugin/use/internal/PluginRequestCollector$PluginDependenciesSpecImplCustomizer> (0x00000000876d66f8) thrown at [./src/hotspot/share/classfile/systemDictionary.cpp, line 231]
Event: 35.600 Thread 0x000002137d0a9000 Exception <a 'java/lang/ClassNotFoundException'{0x00000000873539d8}: org/gradle/api/internal/plugins/DefaultObjectConfigurationActionBeanInfo> (0x00000000873539d8) thrown at [./src/hotspot/share/classfile/systemDictionary.cpp, line 231]
Event: 35.600 Thread 0x000002137d0a9000 Exception <a 'java/lang/ClassNotFoundException'{0x0000000087386fc8}: org/gradle/api/internal/plugins/DefaultObjectConfigurationActionCustomizer> (0x0000000087386fc8) thrown at [./src/hotspot/share/classfile/systemDictionary.cpp, line 231]
Event: 35.783 Thread 0x000002137d0a9000 Exception <a 'java/lang/NoSuchMethodError'{0x0000000086950470}: 'java.lang.Object java.lang.invoke.DirectMethodHandle$Holder.invokeStatic(java.lang.Object, java.lang.Object, java.lang.Object, java.lang.Object, int)'> (0x0000000086950470) thrown at [./src/hotspot/share/interpreter/linkResolver.cpp, line 773]
Event: 35.784 Thread 0x000002137d0a9000 Exception <a 'java/lang/NoSuchMethodError'{0x0000000086954e68}: 'java.lang.Object java.lang.invoke.DirectMethodHandle$Holder.invokeSpecial(java.lang.Object, java.lang.Object, java.lang.Object, java.lang.Object, java.lang.Object, int)'> (0x0000000086954e68) thrown at [./src/hotspot/share/interpreter/linkResolver.cpp, line 773]
Event: 35.784 Thread 0x000002137d0a9000 Exception <a 'java/lang/NoSuchMethodError'{0x00000000869594a8}: 'java.lang.Object java.lang.invoke.Invokers$Holder.linkToTargetMethod(java.lang.Object, java.lang.Object, java.lang.Object, int, java.lang.Object)'> (0x00000000869594a8) thrown at [./src/hotspot/share/interpreter/linkResolver.cpp, line 773]
Event: 35.994 Thread 0x000002137d0a9000 Exception <a 'java/lang/NoSuchMethodError'{0x0000000085be98d8}: 'java.lang.Object java.lang.invoke.DirectMethodHandle$Holder.invokeSpecial(java.lang.Object, java.lang.Object, int, int, java.lang.Object, java.lang.Object, java.lang.Object)'> (0x0000000085be98d8) thrown at [./src/hotspot/share/interpreter/linkResolver.cpp, line 773]
Event: 35.994 Thread 0x000002137d0a9000 Exception <a 'java/lang/NoSuchMethodError'{0x0000000085bede58}: 'java.lang.Object java.lang.invoke.DelegatingMethodHandle$Holder.reinvoke_L(java.lang.Object, int, int, java.lang.Object, java.lang.Object, java.lang.Object)'> (0x0000000085bede58) thrown at [./src/hotspot/share/interpreter/linkResolver.cpp, line 773]
Event: 36.241 Thread 0x000002137d0a9000 Exception <a 'java/lang/NoSuchMethodError'{0x0000000084f5e7a8}: 'int java.lang.invoke.DirectMethodHandle$Holder.invokeInterface(java.lang.Object, java.lang.Object, java.lang.Object, java.lang.Object)'> (0x0000000084f5e7a8) thrown at [./src/hotspot/share/interpreter/linkResolver.cpp, line 773]
Event: 36.531 Thread 0x000002137d0a9000 Exception <a 'java/lang/NoSuchMethodError'{0x000000008723e580}: 'void java.lang.invoke.DirectMethodHandle$Holder.invokeInterface(java.lang.Object, java.lang.Object, java.lang.Object, java.lang.Object)'> (0x000000008723e580) thrown at [./src/hotspot/share/interpreter/linkResolver.cpp, line 773]
Event: 36.673 Thread 0x000002137d0a9000 Exception <a 'java/lang/IncompatibleClassChangeError'{0x0000000086a62d60}: Found class java.lang.Object, but interface was expected> (0x0000000086a62d60) thrown at [./src/hotspot/share/interpreter/linkResolver.cpp, line 839]
Event: 36.760 Thread 0x000002137d0a9000 Implicit null exception at 0x000002136c497054 to 0x000002136c497238
Event: 36.761 Thread 0x000002137d0a9000 Implicit null exception at 0x000002136c497d5e to 0x000002136c498834

Events (20 events):
Event: 36.829 loading class com/android/build/gradle/internal/dsl/BuildTypeFactory
Event: 36.829 loading class com/android/build/gradle/internal/dsl/BuildTypeFactory done
Event: 36.829 loading class com/android/build/gradle/internal/dsl/ProductFlavorFactory
Event: 36.829 loading class com/android/build/gradle/internal/dsl/ProductFlavorFactory done
Event: 36.830 loading class com/android/build/gradle/internal/dsl/SigningConfigFactory
Event: 36.830 loading class com/android/build/gradle/internal/dsl/SigningConfigFactory done
Event: 36.831 loading class com/android/build/gradle/internal/packaging/GradleKeystoreHelper
Event: 36.831 loading class com/android/build/gradle/internal/packaging/GradleKeystoreHelper done
Event: 36.831 loading class shadow/bundletool/com/android/prefs/AndroidLocation$AndroidLocationException
Event: 36.831 loading class shadow/bundletool/com/android/prefs/AndroidLocation$AndroidLocationException done
Event: 36.831 loading class sun/security/util/SignatureFileVerifier
Event: 36.832 loading class sun/security/util/SignatureFileVerifier done
Event: 36.833 loading class org/gradle/api/InvalidUserDataException
Event: 36.833 loading class org/gradle/api/InvalidUserDataException done
Event: 36.833 loading class com/android/ide/common/signing/KeytoolException
Event: 36.833 loading class com/android/ide/common/signing/KeytoolException done
Event: 36.833 loading class com/android/ide/common/signing/KeystoreHelper
Event: 36.833 loading class com/android/ide/common/signing/KeystoreHelper done
Event: 36.834 loading class org/bouncycastle/operator/OperatorCreationException
Event: 36.834 loading class org/bouncycastle/operator/OperatorCreationException done


Dynamic libraries:
0x00007ff6f7ee0000 - 0x00007ff6f7eea000 	C:\Program Files\Android\Android Studio\jre\bin\java.exe
0x00007ff8f4590000 - 0x00007ff8f4785000 	C:\WINDOWS\SYSTEM32\ntdll.dll
0x00007ff8f3350000 - 0x00007ff8f340e000 	C:\WINDOWS\System32\KERNEL32.DLL
0x00007ff8f1ea0000 - 0x00007ff8f2168000 	C:\WINDOWS\System32\KERNELBASE.dll
0x00007ff8f2470000 - 0x00007ff8f2570000 	C:\WINDOWS\System32\ucrtbase.dll
0x00007ff8dd0c0000 - 0x00007ff8dd0d9000 	C:\Program Files\Android\Android Studio\jre\bin\jli.dll
0x00007ff8f3140000 - 0x00007ff8f32e1000 	C:\WINDOWS\System32\USER32.dll
0x00007ff8ddc90000 - 0x00007ff8ddf2a000 	C:\WINDOWS\WinSxS\amd64_microsoft.windows.common-controls_6595b64144ccf1df_6.0.19041.1110_none_60b5254171f9507e\COMCTL32.dll
0x00007ff8dc050000 - 0x00007ff8dc067000 	C:\Program Files\Android\Android Studio\jre\bin\VCRUNTIME140.dll
0x00007ff8f2790000 - 0x00007ff8f282e000 	C:\WINDOWS\System32\msvcrt.dll
0x00007ff8f25d0000 - 0x00007ff8f25fb000 	C:\WINDOWS\System32\GDI32.dll
0x00007ff8f1ca0000 - 0x00007ff8f1cc2000 	C:\WINDOWS\System32\win32u.dll
0x00007ff8f2200000 - 0x00007ff8f230d000 	C:\WINDOWS\System32\gdi32full.dll
0x00007ff8f1cd0000 - 0x00007ff8f1d6d000 	C:\WINDOWS\System32\msvcp_win.dll
0x00007ff8f3410000 - 0x00007ff8f3440000 	C:\WINDOWS\System32\IMM32.DLL
0x00007ff8ba6e0000 - 0x00007ff8ba77d000 	C:\Program Files\Android\Android Studio\jre\bin\msvcp140.dll
0x00007ff89af60000 - 0x00007ff89ba2f000 	C:\Program Files\Android\Android Studio\jre\bin\server\jvm.dll
0x00007ff8f2610000 - 0x00007ff8f26bc000 	C:\WINDOWS\System32\ADVAPI32.dll
0x00007ff8f2a30000 - 0x00007ff8f2acb000 	C:\WINDOWS\System32\sechost.dll
0x00007ff8f2900000 - 0x00007ff8f2a2a000 	C:\WINDOWS\System32\RPCRT4.dll
0x00007ff8f3cb0000 - 0x00007ff8f3cb8000 	C:\WINDOWS\System32\PSAPI.DLL
0x00007ff8da960000 - 0x00007ff8da969000 	C:\WINDOWS\SYSTEM32\WSOCK32.dll
0x00007ff8ed6f0000 - 0x00007ff8ed6fa000 	C:\WINDOWS\SYSTEM32\VERSION.dll
0x00007ff8de0e0000 - 0x00007ff8de107000 	C:\WINDOWS\SYSTEM32\WINMM.dll
0x00007ff8f2f10000 - 0x00007ff8f2f7b000 	C:\WINDOWS\System32\WS2_32.dll
0x00007ff8efbd0000 - 0x00007ff8efbe2000 	C:\WINDOWS\SYSTEM32\kernel.appcore.dll
0x00007ff8eb890000 - 0x00007ff8eb8a1000 	C:\Program Files\Android\Android Studio\jre\bin\verify.dll
0x00007ff8ef450000 - 0x00007ff8ef634000 	C:\WINDOWS\SYSTEM32\DBGHELP.DLL
0x00007ff8e2d20000 - 0x00007ff8e2d4c000 	C:\WINDOWS\SYSTEM32\dbgcore.DLL
0x00007ff8f2170000 - 0x00007ff8f21f2000 	C:\WINDOWS\System32\bcryptPrimitives.dll
0x00007ff8eab30000 - 0x00007ff8eab59000 	C:\Program Files\Android\Android Studio\jre\bin\java.dll
0x00007ff8ed730000 - 0x00007ff8ed73b000 	C:\Program Files\Android\Android Studio\jre\bin\jimage.dll
0x00007ff8e9280000 - 0x00007ff8e9298000 	C:\Program Files\Android\Android Studio\jre\bin\zip.dll
0x00007ff8f3cc0000 - 0x00007ff8f4404000 	C:\WINDOWS\System32\SHELL32.dll
0x00007ff8efd90000 - 0x00007ff8f0524000 	C:\WINDOWS\SYSTEM32\windows.storage.dll
0x00007ff8f2bb0000 - 0x00007ff8f2f05000 	C:\WINDOWS\System32\combase.dll
0x00007ff8f16f0000 - 0x00007ff8f171e000 	C:\WINDOWS\SYSTEM32\Wldp.dll
0x00007ff8f44a0000 - 0x00007ff8f454d000 	C:\WINDOWS\System32\SHCORE.dll
0x00007ff8f3c50000 - 0x00007ff8f3ca5000 	C:\WINDOWS\System32\shlwapi.dll
0x00007ff8f1be0000 - 0x00007ff8f1bff000 	C:\WINDOWS\SYSTEM32\profapi.dll
0x00007ff8e82d0000 - 0x00007ff8e82ea000 	C:\Program Files\Android\Android Studio\jre\bin\net.dll
0x00007ff8e05c0000 - 0x00007ff8e06cc000 	C:\WINDOWS\SYSTEM32\WINHTTP.dll
0x00007ff8f1450000 - 0x00007ff8f14ba000 	C:\WINDOWS\system32\mswsock.dll
0x00007ff8e6ab0000 - 0x00007ff8e6ac4000 	C:\Program Files\Android\Android Studio\jre\bin\nio.dll
0x00007ff8dcf40000 - 0x00007ff8dcf67000 	C:\Users\Billy\.gradle\native\8bec1ad78214c89d9ad589b4d07fe93259594b29d510b10fafb7a158f7737e5d\windows-amd64\native-platform.dll
0x00007ff8b9310000 - 0x00007ff8b944d000 	C:\Users\Billy\.gradle\native\53dbd7edfb1c66fb8903c78663c9afc45aea4f116125fa6feffd364cf09443e8\windows-amd64\native-platform-file-events.dll
0x00007ff8ed700000 - 0x00007ff8ed70a000 	C:\Program Files\Android\Android Studio\jre\bin\management.dll
0x00007ff8ed3f0000 - 0x00007ff8ed3fc000 	C:\Program Files\Android\Android Studio\jre\bin\management_ext.dll
0x00007ff8f1650000 - 0x00007ff8f1668000 	C:\WINDOWS\SYSTEM32\CRYPTSP.dll
0x00007ff8f0d60000 - 0x00007ff8f0d94000 	C:\WINDOWS\system32\rsaenh.dll
0x00007ff8f1e20000 - 0x00007ff8f1e47000 	C:\WINDOWS\System32\bcrypt.dll
0x00007ff8f1ba0000 - 0x00007ff8f1bce000 	C:\WINDOWS\SYSTEM32\USERENV.dll
0x00007ff8f1640000 - 0x00007ff8f164c000 	C:\WINDOWS\SYSTEM32\CRYPTBASE.dll
0x00007ff8f10f0000 - 0x00007ff8f112b000 	C:\WINDOWS\SYSTEM32\IPHLPAPI.DLL
0x00007ff8f2600000 - 0x00007ff8f2608000 	C:\WINDOWS\System32\NSI.dll
0x00007ff8e2d50000 - 0x00007ff8e2d67000 	C:\WINDOWS\SYSTEM32\dhcpcsvc6.DLL
0x00007ff8e3190000 - 0x00007ff8e31ad000 	C:\WINDOWS\SYSTEM32\dhcpcsvc.DLL
0x00007ff8f1130000 - 0x00007ff8f11fb000 	C:\WINDOWS\SYSTEM32\DNSAPI.dll

dbghelp: loaded successfully - version: 4.0.5 - missing functions: none
symbol engine: initialized successfully - sym options: 0x614 - pdb path: .;C:\Program Files\Android\Android Studio\jre\bin;C:\WINDOWS\SYSTEM32;C:\WINDOWS\WinSxS\amd64_microsoft.windows.common-controls_6595b64144ccf1df_6.0.19041.1110_none_60b5254171f9507e;C:\Program Files\Android\Android Studio\jre\bin\server;C:\Users\Billy\.gradle\native\8bec1ad78214c89d9ad589b4d07fe93259594b29d510b10fafb7a158f7737e5d\windows-amd64;C:\Users\Billy\.gradle\native\53dbd7edfb1c66fb8903c78663c9afc45aea4f116125fa6feffd364cf09443e8\windows-amd64

VM Arguments:
jvm_args: --add-opens=java.base/java.util=ALL-UNNAMED --add-opens=java.base/java.lang=ALL-UNNAMED --add-opens=java.base/java.lang.invoke=ALL-UNNAMED --add-opens=java.base/java.util=ALL-UNNAMED --add-opens=java.prefs/java.util.prefs=ALL-UNNAMED --add-opens=java.prefs/java.util.prefs=ALL-UNNAMED --add-opens=java.base/java.nio.charset=ALL-UNNAMED --add-opens=java.base/java.net=ALL-UNNAMED --add-opens=java.base/java.util.concurrent.atomic=ALL-UNNAMED -Xmx2048m -Dfile.encoding=UTF-8 -Duser.country=TW -Duser.language=zh -Duser.variant 
java_command: org.gradle.launcher.daemon.bootstrap.GradleDaemon 7.0.2
java_class_path (initial): C:\Users\Billy\.gradle\wrapper\dists\gradle-7.0.2-bin\857tjihv64xamwrf0h14cai3r\gradle-7.0.2\lib\gradle-launcher-7.0.2.jar
Launcher Type: SUN_STANDARD

[Global flags]
     intx CICompilerCount                          = 3                                         {product} {ergonomic}
     uint ConcGCThreads                            = 1                                         {product} {ergonomic}
     uint G1ConcRefinementThreads                  = 4                                         {product} {ergonomic}
   size_t G1HeapRegionSize                         = 1048576                                   {product} {ergonomic}
    uintx GCDrainStackTargetSize                   = 64                                        {product} {ergonomic}
   size_t InitialHeapSize                          = 134217728                                 {product} {ergonomic}
   size_t MarkStackSize                            = 4194304                                   {product} {ergonomic}
   size_t MaxHeapSize                              = 2147483648                                {product} {command line}
   size_t MaxNewSize                               = 1287651328                                {product} {ergonomic}
   size_t MinHeapDeltaBytes                        = 1048576                                   {product} {ergonomic}
    uintx NonNMethodCodeHeapSize                   = 5830732                                {pd product} {ergonomic}
    uintx NonProfiledCodeHeapSize                  = 122913754                              {pd product} {ergonomic}
    uintx ProfiledCodeHeapSize                     = 122913754                              {pd product} {ergonomic}
    uintx ReservedCodeCacheSize                    = 251658240                              {pd product} {ergonomic}
     bool SegmentedCodeCache                       = true                                      {product} {ergonomic}
     bool UseCompressedClassPointers               = true                                 {lp64_product} {ergonomic}
     bool UseCompressedOops                        = true                                 {lp64_product} {ergonomic}
     bool UseG1GC                                  = true                                      {product} {ergonomic}
     bool UseLargePagesIndividualAllocation        = false                                  {pd product} {ergonomic}

Logging:
Log output configuration:
 #0: stdout all=warning uptime,level,tags
 #1: stderr all=off uptime,level,tags

Environment Variables:
PATH=C:\Program Files\Common Files\Oracle\Java\javapath;C:\WINDOWS\system32;C:\WINDOWS;C:\WINDOWS\System32\Wbem;C:\WINDOWS\System32\WindowsPowerShell\v1.0\;C:\WINDOWS\System32\OpenSSH\;C:\Program Files\Intel\WiFi\bin\;C:\Program Files\Common Files\Intel\WirelessCommon\;C:\Program Files\PuTTY\;C:\Program Files\Tesseract-OCR;c:\users\billy\appdata\local\programs\python\python39\lib\site-packages;C:\Users\Billy\AppData\Local\Programs\Python\Python39\Lib\site-packages\moviepy;C:\Program Files\ffmpeg-4.4-essentials_build\bin;C:\HashiCorp\Vagrant\bin;C:\Users\Billy\AppData\Local\Programs\Python\Python39\Scripts\;C:\Users\Billy\AppData\Local\Programs\Python\Python39\;C:\Users\Billy\AppData\Local\Microsoft\WindowsApps;C:\Users\Billy\AppData\Local\Programs\MiKTeX 2.9\miktex\bin\x64\;C:\AppServ\Apache24\bin;C:\AppServ\php7;C:\AppServ\MySQL\bin;C:\Users\Billy\AppData\Local\Programs\Microsoft VS Code\bin;C:\Program Files\Tesseract-OCR;c:\users\billy\appdata\local\programs\python\python39\lib\site-packages;C:\Users\Billy\AppData\Local\Programs\Python\Python39\Lib\site-packages\moviepy;C:\Program Files\ffmpeg-4.4-essentials_build\bin;
USERNAME=Billy
OS=Windows_NT
PROCESSOR_IDENTIFIER=Intel64 Family 6 Model 142 Stepping 9, GenuineIntel



---------------  S Y S T E M  ---------------

OS: Windows 10 , 64 bit Build 19041 (10.0.19041.1348)
OS uptime: 2 days 23:55 hours

CPU:total 4 (initial active 4) (2 cores per cpu, 2 threads per core) family 6 model 142 stepping 9 microcode 0xb4, cmov, cx8, fxsr, mmx, sse, sse2, sse3, ssse3, sse4.1, sse4.2, popcnt, avx, avx2, aes, clmul, erms, 3dnowpref, lzcnt, ht, tsc, tscinvbit, bmi1, bmi2, adx, fma

Memory: 4k page, system-wide physical 8073M (1084M free)
TotalPageFile size 8073M (AvailPageFile size 5M)
current process WorkingSet (physical memory assigned to process): 302M, peak: 305M
current process commit charge ("private bytes"): 354M, peak: 355M

vm_info: OpenJDK 64-Bit Server VM (11.0.10+0-b96-7249189) for windows-amd64 JRE (11.0.10+0-b96-7249189), built on Mar 31 2021 21:44:00 by "builder" with MS VC++ 14.0 (VS2015)

END.
