#
# There is insufficient memory for the Java Runtime Environment to continue.
# Native memory allocation (malloc) failed to allocate 1074496 bytes for Chunk::new
# Possible reasons:
#   The system is out of physical RAM or swap space
#   The process is running with CompressedOops enabled, and the Java Heap may be blocking the growth of the native heap
# Possible solutions:
#   Reduce memory load on the system
#   Increase physical memory or swap space
#   Check if swap backing store is full
#   Decrease Java heap size (-Xmx/-Xms)
#   Decrease number of Java threads
#   Decrease Java thread stack sizes (-Xss)
#   Set larger code cache with -XX:ReservedCodeCacheSize=
#   JVM is running with Unscaled Compressed Oops mode in which the Java heap is
#     placed in the first 4GB address space. The Java Heap base address is the
#     maximum limit for the native heap growth. Please use -XX:HeapBaseMinAddress
#     to set the Java Heap base and to place the Java Heap above 4GB virtual address.
# This output file may be truncated or incomplete.
#
#  Out of Memory Error (./src/hotspot/share/memory/arena.cpp:197), pid=13780, tid=13776
#
# JRE version: OpenJDK Runtime Environment (11.0.13) (build 11.0.13+0-b1751.21-8125866)
# Java VM: OpenJDK 64-Bit Server VM (11.0.13+0-b1751.21-8125866, mixed mode, tiered, compressed oops, g1 gc, windows-amd64)
# No core dump will be written. Minidumps are not enabled by default on client versions of Windows
#

---------------  S U M M A R Y ------------

Command Line: --add-opens=java.base/java.util=ALL-UNNAMED --add-opens=java.base/java.lang=ALL-UNNAMED --add-opens=java.base/java.lang.invoke=ALL-UNNAMED --add-opens=java.base/java.util=ALL-UNNAMED --add-opens=java.prefs/java.util.prefs=ALL-UNNAMED --add-opens=java.prefs/java.util.prefs=ALL-UNNAMED --add-opens=java.base/java.nio.charset=ALL-UNNAMED --add-opens=java.base/java.net=ALL-UNNAMED --add-opens=java.base/java.util.concurrent.atomic=ALL-UNNAMED -Xmx2048m -Dfile.encoding=UTF-8 -Duser.country=TW -Duser.language=zh -Duser.variant org.gradle.launcher.daemon.bootstrap.GradleDaemon 7.0.2

Host: Intel(R) Core(TM) i5-7200U CPU @ 2.50GHz, 4 cores, 7G,  Windows 10 , 64 bit Build 19041 (10.0.19041.2251)
Time: Thu Dec  8 21:20:44 2022 台北標準時間 elapsed time: 23.679111 seconds (0d 0h 0m 23s)

---------------  T H R E A D  ---------------

Current thread (0x00000201368ee800):  JavaThread "C2 CompilerThread0" daemon [_thread_in_native, id=13776, stack(0x0000006a93600000,0x0000006a93700000)]


Current CompileTask:
C2:  23679 2528       4       jdk.internal.loader.URLClassPath::getResource (74 bytes)

Stack: [0x0000006a93600000,0x0000006a93700000]
Native frames: (J=compiled Java code, j=interpreted, Vv=VM code, C=native code)
V  [jvm.dll+0x6100fa]
V  [jvm.dll+0x747090]
V  [jvm.dll+0x7486ad]
V  [jvm.dll+0x748d83]
V  [jvm.dll+0x24ab48]
V  [jvm.dll+0xc04dc]
V  [jvm.dll+0xc0a0c]
V  [jvm.dll+0x2bfab4]
V  [jvm.dll+0x524238]
V  [jvm.dll+0x20b193]
V  [jvm.dll+0x204ca0]
V  [jvm.dll+0x2023c2]
V  [jvm.dll+0x188e01]
V  [jvm.dll+0x21106b]
V  [jvm.dll+0x20f8c1]
V  [jvm.dll+0x70de0f]
V  [jvm.dll+0x706a75]
V  [jvm.dll+0x60ed66]
C  [ucrtbase.dll+0x21bb2]
C  [KERNEL32.DLL+0x174b4]
C  [ntdll.dll+0x526a1]


---------------  P R O C E S S  ---------------

Threads class SMR info:
_java_thread_list=0x000002013cff64a0, length=31, elements={
0x000002011ccb0800, 0x00000201368b6000, 0x00000201368b7800, 0x00000201368e6000,
0x00000201368e7800, 0x00000201368e9000, 0x00000201368ee800, 0x00000201368fb000,
0x00000201368fe800, 0x00000201372a7000, 0x000002013850d800, 0x000002013a595800,
0x000002013a60e800, 0x0000020138be4800, 0x0000020137ee5800, 0x0000020139948000,
0x000002013a631800, 0x00000201395ff800, 0x00000201387e2000, 0x0000020137f02800,
0x00000201383ce800, 0x0000020139f0b800, 0x0000020139f0a000, 0x0000020139f0b000,
0x0000020139f09000, 0x0000020139f0c800, 0x0000020139f07000, 0x0000020139f07800,
0x0000020139f0d800, 0x0000020139f08800, 0x000002013b049800
}

Java Threads: ( => current thread )
  0x000002011ccb0800 JavaThread "main" [_thread_blocked, id=12448, stack(0x0000006a92a00000,0x0000006a92b00000)]
  0x00000201368b6000 JavaThread "Reference Handler" daemon [_thread_blocked, id=7884, stack(0x0000006a93100000,0x0000006a93200000)]
  0x00000201368b7800 JavaThread "Finalizer" daemon [_thread_blocked, id=8620, stack(0x0000006a93200000,0x0000006a93300000)]
  0x00000201368e6000 JavaThread "Signal Dispatcher" daemon [_thread_blocked, id=10164, stack(0x0000006a93300000,0x0000006a93400000)]
  0x00000201368e7800 JavaThread "Attach Listener" daemon [_thread_blocked, id=4404, stack(0x0000006a93400000,0x0000006a93500000)]
  0x00000201368e9000 JavaThread "Service Thread" daemon [_thread_blocked, id=4256, stack(0x0000006a93500000,0x0000006a93600000)]
=>0x00000201368ee800 JavaThread "C2 CompilerThread0" daemon [_thread_in_native, id=13776, stack(0x0000006a93600000,0x0000006a93700000)]
  0x00000201368fb000 JavaThread "C1 CompilerThread0" daemon [_thread_blocked, id=10528, stack(0x0000006a93700000,0x0000006a93800000)]
  0x00000201368fe800 JavaThread "Sweeper thread" daemon [_thread_blocked, id=13300, stack(0x0000006a93800000,0x0000006a93900000)]
  0x00000201372a7000 JavaThread "Common-Cleaner" daemon [_thread_blocked, id=3300, stack(0x0000006a93900000,0x0000006a93a00000)]
  0x000002013850d800 JavaThread "Daemon health stats" [_thread_blocked, id=8012, stack(0x0000006a93e00000,0x0000006a93f00000)]
  0x000002013a595800 JavaThread "Incoming local TCP Connector on port 53625" [_thread_in_native, id=7768, stack(0x0000006a93d00000,0x0000006a93e00000)]
  0x000002013a60e800 JavaThread "Daemon periodic checks" [_thread_blocked, id=7260, stack(0x0000006a93f00000,0x0000006a94000000)]
  0x0000020138be4800 JavaThread "Daemon" [_thread_blocked, id=1476, stack(0x0000006a94000000,0x0000006a94100000)]
  0x0000020137ee5800 JavaThread "Handler for socket connection from /127.0.0.1:53625 to /127.0.0.1:53626" [_thread_in_native, id=3684, stack(0x0000006a94100000,0x0000006a94200000)]
  0x0000020139948000 JavaThread "Cancel handler" [_thread_blocked, id=14036, stack(0x0000006a94200000,0x0000006a94300000)]
  0x000002013a631800 JavaThread "Daemon worker" [_thread_in_vm, id=3820, stack(0x0000006a94300000,0x0000006a94400000)]
  0x00000201395ff800 JavaThread "Asynchronous log dispatcher for DefaultDaemonConnection: socket connection from /127.0.0.1:53625 to /127.0.0.1:53626" [_thread_blocked, id=13572, stack(0x0000006a94400000,0x0000006a94500000)]
  0x00000201387e2000 JavaThread "Stdin handler" [_thread_blocked, id=3448, stack(0x0000006a94500000,0x0000006a94600000)]
  0x0000020137f02800 JavaThread "Daemon client event forwarder" [_thread_blocked, id=12180, stack(0x0000006a94600000,0x0000006a94700000)]
  0x00000201383ce800 JavaThread "C2 CompilerThread1" daemon [_thread_in_native, id=9460, stack(0x0000006a94800000,0x0000006a94900000)]
  0x0000020139f0b800 JavaThread "Cache worker for file hash cache (C:\Users\a0587\.gradle\caches\7.0.2\fileHashes)" [_thread_blocked, id=3804, stack(0x0000006a94900000,0x0000006a94a00000)]
  0x0000020139f0a000 JavaThread "File lock request listener" [_thread_in_native, id=3088, stack(0x0000006a94a00000,0x0000006a94b00000)]
  0x0000020139f0b000 JavaThread "Cache worker for journal cache (C:\Users\a0587\.gradle\caches\journal-1)" [_thread_blocked, id=14188, stack(0x0000006a94b00000,0x0000006a94c00000)]
  0x0000020139f09000 JavaThread "Cache worker for file hash cache (E:\Programs\Test\.gradle\7.0.2\fileHashes)" [_thread_blocked, id=5620, stack(0x0000006a94c00000,0x0000006a94d00000)]
  0x0000020139f0c800 JavaThread "File watcher server" daemon [_thread_in_native, id=3132, stack(0x0000006a94d00000,0x0000006a94e00000)]
  0x0000020139f07000 JavaThread "File watcher consumer" daemon [_thread_blocked, id=1768, stack(0x0000006a94e00000,0x0000006a94f00000)]
  0x0000020139f07800 JavaThread "Cache worker for checksums cache (E:\Programs\Test\.gradle\checksums)" [_thread_blocked, id=2848, stack(0x0000006a94f00000,0x0000006a95000000)]
  0x0000020139f0d800 JavaThread "Cache worker for cache directory md-supplier (C:\Users\a0587\.gradle\caches\7.0.2\md-supplier)" [_thread_blocked, id=5272, stack(0x0000006a95000000,0x0000006a95100000)]
  0x0000020139f08800 JavaThread "Cache worker for cache directory md-rule (C:\Users\a0587\.gradle\caches\7.0.2\md-rule)" [_thread_blocked, id=8504, stack(0x0000006a95100000,0x0000006a95200000)]
  0x000002013b049800 JavaThread "Cache worker for execution history cache (C:\Users\a0587\.gradle\caches\7.0.2\executionHistory)" [_thread_blocked, id=3828, stack(0x0000006a95200000,0x0000006a95300000)]

Other Threads:
  0x00000201368b1800 VMThread "VM Thread" [stack: 0x0000006a93000000,0x0000006a93100000] [id=10352]
  0x00000201372bc800 WatcherThread [stack: 0x0000006a93a00000,0x0000006a93b00000] [id=10556]
  0x000002011ccca000 GCTaskThread "GC Thread#0" [stack: 0x0000006a92b00000,0x0000006a92c00000] [id=12820]
  0x0000020137a34000 GCTaskThread "GC Thread#1" [stack: 0x0000006a93b00000,0x0000006a93c00000] [id=13920]
  0x000002013782a000 GCTaskThread "GC Thread#2" [stack: 0x0000006a93c00000,0x0000006a93d00000] [id=13712]
  0x0000020139b54800 GCTaskThread "GC Thread#3" [stack: 0x0000006a94700000,0x0000006a94800000] [id=9100]
  0x000002011ccfb800 ConcurrentGCThread "G1 Main Marker" [stack: 0x0000006a92c00000,0x0000006a92d00000] [id=9812]
  0x000002011ccfd000 ConcurrentGCThread "G1 Conc#0" [stack: 0x0000006a92d00000,0x0000006a92e00000] [id=5408]
  0x000002011cd8b000 ConcurrentGCThread "G1 Refine#0" [stack: 0x0000006a92e00000,0x0000006a92f00000] [id=13624]
  0x000002011cd8c000 ConcurrentGCThread "G1 Young RemSet Sampling" [stack: 0x0000006a92f00000,0x0000006a93000000] [id=13444]

Threads with active compile tasks:
C2 CompilerThread0  23762 2528       4       jdk.internal.loader.URLClassPath::getResource (74 bytes)
C2 CompilerThread1  23762 2526  s!   4       jdk.internal.loader.URLClassPath::getLoader (194 bytes)

VM state:not at safepoint (normal execution)

VM Mutex/Monitor currently owned by a thread: None

Heap address: 0x0000000080000000, size: 2048 MB, Compressed Oops mode: 32-bit
Narrow klass base: 0x0000000000000000, Narrow klass shift: 3
Compressed class space size: 1073741824 Address: 0x0000000100000000

Heap:
 garbage-first heap   total 131072K, used 25429K [0x0000000080000000, 0x0000000100000000)
  region size 1024K, 11 young (11264K), 5 survivors (5120K)
 Metaspace       used 32869K, capacity 33697K, committed 33968K, reserved 1079296K
  class space    used 4204K, capacity 4512K, committed 4608K, reserved 1048576K
Heap Regions: E=young(eden), S=young(survivor), O=old, HS=humongous(starts), HC=humongous(continues), CS=collection set, F=free, A=archive, TAMS=top-at-mark-start (previous, next)
|   0|0x0000000080000000, 0x0000000080100000, 0x0000000080100000|100%| O|  |TAMS 0x0000000080100000, 0x0000000080000000| Untracked 
|   1|0x0000000080100000, 0x0000000080200000, 0x0000000080200000|100%| O|  |TAMS 0x0000000080200000, 0x0000000080100000| Untracked 
|   2|0x0000000080200000, 0x0000000080300000, 0x0000000080300000|100%| O|  |TAMS 0x0000000080300000, 0x0000000080200000| Untracked 
|   3|0x0000000080300000, 0x0000000080400000, 0x0000000080400000|100%|HS|  |TAMS 0x0000000080400000, 0x0000000080300000| Complete 
|   4|0x0000000080400000, 0x0000000080500000, 0x0000000080500000|100%|HC|  |TAMS 0x0000000080500000, 0x0000000080400000| Complete 
|   5|0x0000000080500000, 0x0000000080600000, 0x0000000080600000|100%|HC|  |TAMS 0x0000000080600000, 0x0000000080500000| Complete 
|   6|0x0000000080600000, 0x0000000080700000, 0x0000000080700000|100%| O|  |TAMS 0x0000000080700000, 0x0000000080600000| Untracked 
|   7|0x0000000080700000, 0x0000000080800000, 0x0000000080800000|100%| O|  |TAMS 0x0000000080800000, 0x0000000080700000| Untracked 
|   8|0x0000000080800000, 0x0000000080900000, 0x0000000080900000|100%| O|  |TAMS 0x0000000080900000, 0x0000000080800000| Untracked 
|   9|0x0000000080900000, 0x0000000080a00000, 0x0000000080a00000|100%| O|  |TAMS 0x0000000080a00000, 0x0000000080900000| Untracked 
|  10|0x0000000080a00000, 0x0000000080b00000, 0x0000000080b00000|100%| O|  |TAMS 0x0000000080afa400, 0x0000000080a00000| Untracked 
|  11|0x0000000080b00000, 0x0000000080c00000, 0x0000000080c00000|100%| O|  |TAMS 0x0000000080b00000, 0x0000000080b00000| Untracked 
|  12|0x0000000080c00000, 0x0000000080d00000, 0x0000000080d00000|100%| O|  |TAMS 0x0000000080c00000, 0x0000000080c00000| Untracked 
|  13|0x0000000080d00000, 0x0000000080e00000, 0x0000000080e00000|100%| O|  |TAMS 0x0000000080d00000, 0x0000000080d00000| Untracked 
|  14|0x0000000080e00000, 0x0000000080f00000, 0x0000000080f00000|100%| O|  |TAMS 0x0000000080e00000, 0x0000000080e00000| Untracked 
|  15|0x0000000080f00000, 0x0000000080fb5a00, 0x0000000081000000| 70%| O|  |TAMS 0x0000000080f00000, 0x0000000080f00000| Untracked 
|  16|0x0000000081000000, 0x0000000081000000, 0x0000000081100000|  0%| F|  |TAMS 0x0000000081000000, 0x0000000081000000| Untracked 
|  17|0x0000000081100000, 0x0000000081100000, 0x0000000081200000|  0%| F|  |TAMS 0x0000000081100000, 0x0000000081100000| Untracked 
|  18|0x0000000081200000, 0x0000000081200000, 0x0000000081300000|  0%| F|  |TAMS 0x0000000081200000, 0x0000000081200000| Untracked 
|  19|0x0000000081300000, 0x0000000081300000, 0x0000000081400000|  0%| F|  |TAMS 0x0000000081300000, 0x0000000081300000| Untracked 
|  20|0x0000000081400000, 0x0000000081400000, 0x0000000081500000|  0%| F|  |TAMS 0x0000000081400000, 0x0000000081400000| Untracked 
|  21|0x0000000081500000, 0x0000000081500000, 0x0000000081600000|  0%| F|  |TAMS 0x0000000081500000, 0x0000000081500000| Untracked 
|  22|0x0000000081600000, 0x0000000081600000, 0x0000000081700000|  0%| F|  |TAMS 0x0000000081600000, 0x0000000081600000| Untracked 
|  23|0x0000000081700000, 0x0000000081700000, 0x0000000081800000|  0%| F|  |TAMS 0x0000000081700000, 0x0000000081700000| Untracked 
|  24|0x0000000081800000, 0x0000000081800000, 0x0000000081900000|  0%| F|  |TAMS 0x0000000081800000, 0x0000000081800000| Untracked 
|  25|0x0000000081900000, 0x0000000081900000, 0x0000000081a00000|  0%| F|  |TAMS 0x0000000081900000, 0x0000000081900000| Untracked 
|  26|0x0000000081a00000, 0x0000000081a00000, 0x0000000081b00000|  0%| F|  |TAMS 0x0000000081a00000, 0x0000000081a00000| Untracked 
|  27|0x0000000081b00000, 0x0000000081b00000, 0x0000000081c00000|  0%| F|  |TAMS 0x0000000081b00000, 0x0000000081b00000| Untracked 
|  28|0x0000000081c00000, 0x0000000081c00000, 0x0000000081d00000|  0%| F|  |TAMS 0x0000000081c00000, 0x0000000081c00000| Untracked 
|  29|0x0000000081d00000, 0x0000000081d00000, 0x0000000081e00000|  0%| F|  |TAMS 0x0000000081d00000, 0x0000000081d00000| Untracked 
|  30|0x0000000081e00000, 0x0000000081e00000, 0x0000000081f00000|  0%| F|  |TAMS 0x0000000081e00000, 0x0000000081e00000| Untracked 
|  31|0x0000000081f00000, 0x0000000081f00000, 0x0000000082000000|  0%| F|  |TAMS 0x0000000081f00000, 0x0000000081f00000| Untracked 
|  32|0x0000000082000000, 0x0000000082000000, 0x0000000082100000|  0%| F|  |TAMS 0x0000000082000000, 0x0000000082000000| Untracked 
|  33|0x0000000082100000, 0x0000000082100000, 0x0000000082200000|  0%| F|  |TAMS 0x0000000082100000, 0x0000000082100000| Untracked 
|  34|0x0000000082200000, 0x0000000082200000, 0x0000000082300000|  0%| F|  |TAMS 0x0000000082200000, 0x0000000082200000| Untracked 
|  35|0x0000000082300000, 0x0000000082300000, 0x0000000082400000|  0%| F|  |TAMS 0x0000000082300000, 0x0000000082300000| Untracked 
|  36|0x0000000082400000, 0x0000000082400000, 0x0000000082500000|  0%| F|  |TAMS 0x0000000082400000, 0x0000000082400000| Untracked 
|  37|0x0000000082500000, 0x0000000082500000, 0x0000000082600000|  0%| F|  |TAMS 0x0000000082500000, 0x0000000082500000| Untracked 
|  38|0x0000000082600000, 0x0000000082600000, 0x0000000082700000|  0%| F|  |TAMS 0x0000000082600000, 0x0000000082600000| Untracked 
|  39|0x0000000082700000, 0x0000000082700000, 0x0000000082800000|  0%| F|  |TAMS 0x0000000082700000, 0x0000000082700000| Untracked 
|  40|0x0000000082800000, 0x0000000082800000, 0x0000000082900000|  0%| F|  |TAMS 0x0000000082800000, 0x0000000082800000| Untracked 
|  41|0x0000000082900000, 0x0000000082900000, 0x0000000082a00000|  0%| F|  |TAMS 0x0000000082900000, 0x0000000082900000| Untracked 
|  42|0x0000000082a00000, 0x0000000082a00000, 0x0000000082b00000|  0%| F|  |TAMS 0x0000000082a00000, 0x0000000082a00000| Untracked 
|  43|0x0000000082b00000, 0x0000000082b00000, 0x0000000082c00000|  0%| F|  |TAMS 0x0000000082b00000, 0x0000000082b00000| Untracked 
|  44|0x0000000082c00000, 0x0000000082c00000, 0x0000000082d00000|  0%| F|  |TAMS 0x0000000082c00000, 0x0000000082c00000| Untracked 
|  45|0x0000000082d00000, 0x0000000082d00000, 0x0000000082e00000|  0%| F|  |TAMS 0x0000000082d00000, 0x0000000082d00000| Untracked 
|  46|0x0000000082e00000, 0x0000000082e00000, 0x0000000082f00000|  0%| F|  |TAMS 0x0000000082e00000, 0x0000000082e00000| Untracked 
|  47|0x0000000082f00000, 0x0000000082f00000, 0x0000000083000000|  0%| F|  |TAMS 0x0000000082f00000, 0x0000000082f00000| Untracked 
|  48|0x0000000083000000, 0x0000000083000000, 0x0000000083100000|  0%| F|  |TAMS 0x0000000083000000, 0x0000000083000000| Untracked 
|  49|0x0000000083100000, 0x0000000083100000, 0x0000000083200000|  0%| F|  |TAMS 0x0000000083100000, 0x0000000083100000| Untracked 
|  50|0x0000000083200000, 0x0000000083200000, 0x0000000083300000|  0%| F|  |TAMS 0x0000000083200000, 0x0000000083200000| Untracked 
|  51|0x0000000083300000, 0x0000000083300000, 0x0000000083400000|  0%| F|  |TAMS 0x0000000083300000, 0x0000000083300000| Untracked 
|  52|0x0000000083400000, 0x0000000083400000, 0x0000000083500000|  0%| F|  |TAMS 0x0000000083400000, 0x0000000083400000| Untracked 
|  53|0x0000000083500000, 0x0000000083500000, 0x0000000083600000|  0%| F|  |TAMS 0x0000000083500000, 0x0000000083500000| Untracked 
|  54|0x0000000083600000, 0x0000000083600000, 0x0000000083700000|  0%| F|  |TAMS 0x0000000083600000, 0x0000000083600000| Untracked 
|  55|0x0000000083700000, 0x0000000083700000, 0x0000000083800000|  0%| F|  |TAMS 0x0000000083700000, 0x0000000083700000| Untracked 
|  56|0x0000000083800000, 0x0000000083800000, 0x0000000083900000|  0%| F|  |TAMS 0x0000000083800000, 0x0000000083800000| Untracked 
|  57|0x0000000083900000, 0x0000000083900000, 0x0000000083a00000|  0%| F|  |TAMS 0x0000000083900000, 0x0000000083900000| Untracked 
|  58|0x0000000083a00000, 0x0000000083a00000, 0x0000000083b00000|  0%| F|  |TAMS 0x0000000083a00000, 0x0000000083a00000| Untracked 
|  59|0x0000000083b00000, 0x0000000083b00000, 0x0000000083c00000|  0%| F|  |TAMS 0x0000000083b00000, 0x0000000083b00000| Untracked 
|  60|0x0000000083c00000, 0x0000000083c00000, 0x0000000083d00000|  0%| F|  |TAMS 0x0000000083c00000, 0x0000000083c00000| Untracked 
|  61|0x0000000083d00000, 0x0000000083d00000, 0x0000000083e00000|  0%| F|  |TAMS 0x0000000083d00000, 0x0000000083d00000| Untracked 
|  62|0x0000000083e00000, 0x0000000083e00000, 0x0000000083f00000|  0%| F|  |TAMS 0x0000000083e00000, 0x0000000083e00000| Untracked 
|  63|0x0000000083f00000, 0x0000000083f00000, 0x0000000084000000|  0%| F|  |TAMS 0x0000000083f00000, 0x0000000083f00000| Untracked 
|  64|0x0000000084000000, 0x0000000084000000, 0x0000000084100000|  0%| F|  |TAMS 0x0000000084000000, 0x0000000084000000| Untracked 
|  65|0x0000000084100000, 0x0000000084100000, 0x0000000084200000|  0%| F|  |TAMS 0x0000000084100000, 0x0000000084100000| Untracked 
|  66|0x0000000084200000, 0x0000000084200000, 0x0000000084300000|  0%| F|  |TAMS 0x0000000084200000, 0x0000000084200000| Untracked 
|  67|0x0000000084300000, 0x0000000084300000, 0x0000000084400000|  0%| F|  |TAMS 0x0000000084300000, 0x0000000084300000| Untracked 
|  68|0x0000000084400000, 0x0000000084400000, 0x0000000084500000|  0%| F|  |TAMS 0x0000000084400000, 0x0000000084400000| Untracked 
|  69|0x0000000084500000, 0x000000008451fab0, 0x0000000084600000| 12%| S|CS|TAMS 0x0000000084500000, 0x0000000084500000| Complete 
|  70|0x0000000084600000, 0x0000000084700000, 0x0000000084700000|100%| S|CS|TAMS 0x0000000084600000, 0x0000000084600000| Complete 
|  71|0x0000000084700000, 0x0000000084800000, 0x0000000084800000|100%| S|CS|TAMS 0x0000000084700000, 0x0000000084700000| Complete 
|  72|0x0000000084800000, 0x0000000084900000, 0x0000000084900000|100%| S|CS|TAMS 0x0000000084800000, 0x0000000084800000| Complete 
|  73|0x0000000084900000, 0x0000000084a00000, 0x0000000084a00000|100%| S|CS|TAMS 0x0000000084900000, 0x0000000084900000| Complete 
|  74|0x0000000084a00000, 0x0000000084a00000, 0x0000000084b00000|  0%| F|  |TAMS 0x0000000084a00000, 0x0000000084a00000| Untracked 
|  75|0x0000000084b00000, 0x0000000084b00000, 0x0000000084c00000|  0%| F|  |TAMS 0x0000000084b00000, 0x0000000084b00000| Untracked 
|  76|0x0000000084c00000, 0x0000000084c00000, 0x0000000084d00000|  0%| F|  |TAMS 0x0000000084c00000, 0x0000000084c00000| Untracked 
|  77|0x0000000084d00000, 0x0000000084d00000, 0x0000000084e00000|  0%| F|  |TAMS 0x0000000084d00000, 0x0000000084d00000| Untracked 
|  78|0x0000000084e00000, 0x0000000084e00000, 0x0000000084f00000|  0%| F|  |TAMS 0x0000000084e00000, 0x0000000084e00000| Untracked 
|  79|0x0000000084f00000, 0x0000000084f00000, 0x0000000085000000|  0%| F|  |TAMS 0x0000000084f00000, 0x0000000084f00000| Untracked 
|  80|0x0000000085000000, 0x0000000085000000, 0x0000000085100000|  0%| F|  |TAMS 0x0000000085000000, 0x0000000085000000| Untracked 
|  81|0x0000000085100000, 0x0000000085100000, 0x0000000085200000|  0%| F|  |TAMS 0x0000000085100000, 0x0000000085100000| Untracked 
|  82|0x0000000085200000, 0x0000000085200000, 0x0000000085300000|  0%| F|  |TAMS 0x0000000085200000, 0x0000000085200000| Untracked 
|  83|0x0000000085300000, 0x0000000085300000, 0x0000000085400000|  0%| F|  |TAMS 0x0000000085300000, 0x0000000085300000| Untracked 
|  84|0x0000000085400000, 0x0000000085400000, 0x0000000085500000|  0%| F|  |TAMS 0x0000000085400000, 0x0000000085400000| Untracked 
|  85|0x0000000085500000, 0x0000000085500000, 0x0000000085600000|  0%| F|  |TAMS 0x0000000085500000, 0x0000000085500000| Untracked 
|  86|0x0000000085600000, 0x0000000085600000, 0x0000000085700000|  0%| F|  |TAMS 0x0000000085600000, 0x0000000085600000| Untracked 
|  87|0x0000000085700000, 0x0000000085700000, 0x0000000085800000|  0%| F|  |TAMS 0x0000000085700000, 0x0000000085700000| Untracked 
|  88|0x0000000085800000, 0x0000000085800000, 0x0000000085900000|  0%| F|  |TAMS 0x0000000085800000, 0x0000000085800000| Untracked 
|  89|0x0000000085900000, 0x0000000085900000, 0x0000000085a00000|  0%| F|  |TAMS 0x0000000085900000, 0x0000000085900000| Untracked 
|  90|0x0000000085a00000, 0x0000000085a00000, 0x0000000085b00000|  0%| F|  |TAMS 0x0000000085a00000, 0x0000000085a00000| Untracked 
|  91|0x0000000085b00000, 0x0000000085b00000, 0x0000000085c00000|  0%| F|  |TAMS 0x0000000085b00000, 0x0000000085b00000| Untracked 
|  92|0x0000000085c00000, 0x0000000085c00000, 0x0000000085d00000|  0%| F|  |TAMS 0x0000000085c00000, 0x0000000085c00000| Untracked 
|  93|0x0000000085d00000, 0x0000000085d00000, 0x0000000085e00000|  0%| F|  |TAMS 0x0000000085d00000, 0x0000000085d00000| Untracked 
|  94|0x0000000085e00000, 0x0000000085e00000, 0x0000000085f00000|  0%| F|  |TAMS 0x0000000085e00000, 0x0000000085e00000| Untracked 
|  95|0x0000000085f00000, 0x0000000085f00000, 0x0000000086000000|  0%| F|  |TAMS 0x0000000085f00000, 0x0000000085f00000| Untracked 
|  96|0x0000000086000000, 0x0000000086000000, 0x0000000086100000|  0%| F|  |TAMS 0x0000000086000000, 0x0000000086000000| Untracked 
|  97|0x0000000086100000, 0x0000000086100000, 0x0000000086200000|  0%| F|  |TAMS 0x0000000086100000, 0x0000000086100000| Untracked 
|  98|0x0000000086200000, 0x0000000086200000, 0x0000000086300000|  0%| F|  |TAMS 0x0000000086200000, 0x0000000086200000| Untracked 
|  99|0x0000000086300000, 0x0000000086300000, 0x0000000086400000|  0%| F|  |TAMS 0x0000000086300000, 0x0000000086300000| Untracked 
| 100|0x0000000086400000, 0x0000000086400000, 0x0000000086500000|  0%| F|  |TAMS 0x0000000086400000, 0x0000000086400000| Untracked 
| 101|0x0000000086500000, 0x0000000086500000, 0x0000000086600000|  0%| F|  |TAMS 0x0000000086500000, 0x0000000086500000| Untracked 
| 102|0x0000000086600000, 0x0000000086600000, 0x0000000086700000|  0%| F|  |TAMS 0x0000000086600000, 0x0000000086600000| Untracked 
| 103|0x0000000086700000, 0x0000000086700000, 0x0000000086800000|  0%| F|  |TAMS 0x0000000086700000, 0x0000000086700000| Untracked 
| 104|0x0000000086800000, 0x0000000086800000, 0x0000000086900000|  0%| F|  |TAMS 0x0000000086800000, 0x0000000086800000| Untracked 
| 105|0x0000000086900000, 0x0000000086900000, 0x0000000086a00000|  0%| F|  |TAMS 0x0000000086900000, 0x0000000086900000| Untracked 
| 106|0x0000000086a00000, 0x0000000086a00000, 0x0000000086b00000|  0%| F|  |TAMS 0x0000000086a00000, 0x0000000086a00000| Untracked 
| 107|0x0000000086b00000, 0x0000000086b00000, 0x0000000086c00000|  0%| F|  |TAMS 0x0000000086b00000, 0x0000000086b00000| Untracked 
| 108|0x0000000086c00000, 0x0000000086c00000, 0x0000000086d00000|  0%| F|  |TAMS 0x0000000086c00000, 0x0000000086c00000| Untracked 
| 109|0x0000000086d00000, 0x0000000086d00000, 0x0000000086e00000|  0%| F|  |TAMS 0x0000000086d00000, 0x0000000086d00000| Untracked 
| 110|0x0000000086e00000, 0x0000000086e00000, 0x0000000086f00000|  0%| F|  |TAMS 0x0000000086e00000, 0x0000000086e00000| Untracked 
| 111|0x0000000086f00000, 0x0000000086f00000, 0x0000000087000000|  0%| F|  |TAMS 0x0000000086f00000, 0x0000000086f00000| Untracked 
| 112|0x0000000087000000, 0x0000000087000000, 0x0000000087100000|  0%| F|  |TAMS 0x0000000087000000, 0x0000000087000000| Untracked 
| 113|0x0000000087100000, 0x0000000087100000, 0x0000000087200000|  0%| F|  |TAMS 0x0000000087100000, 0x0000000087100000| Untracked 
| 114|0x0000000087200000, 0x0000000087200000, 0x0000000087300000|  0%| F|  |TAMS 0x0000000087200000, 0x0000000087200000| Untracked 
| 115|0x0000000087300000, 0x0000000087300000, 0x0000000087400000|  0%| F|  |TAMS 0x0000000087300000, 0x0000000087300000| Untracked 
| 116|0x0000000087400000, 0x0000000087400000, 0x0000000087500000|  0%| F|  |TAMS 0x0000000087400000, 0x0000000087400000| Untracked 
| 117|0x0000000087500000, 0x0000000087500000, 0x0000000087600000|  0%| F|  |TAMS 0x0000000087500000, 0x0000000087500000| Untracked 
| 118|0x0000000087600000, 0x0000000087600000, 0x0000000087700000|  0%| F|  |TAMS 0x0000000087600000, 0x0000000087600000| Untracked 
| 119|0x0000000087700000, 0x0000000087700000, 0x0000000087800000|  0%| F|  |TAMS 0x0000000087700000, 0x0000000087700000| Untracked 
| 120|0x0000000087800000, 0x0000000087800000, 0x0000000087900000|  0%| F|  |TAMS 0x0000000087800000, 0x0000000087800000| Untracked 
| 121|0x0000000087900000, 0x0000000087900000, 0x0000000087a00000|  0%| F|  |TAMS 0x0000000087900000, 0x0000000087900000| Untracked 
| 122|0x0000000087a00000, 0x0000000087a273e8, 0x0000000087b00000| 15%| E|  |TAMS 0x0000000087a00000, 0x0000000087a00000| Complete 
| 123|0x0000000087b00000, 0x0000000087c00000, 0x0000000087c00000|100%| E|CS|TAMS 0x0000000087b00000, 0x0000000087b00000| Complete 
| 124|0x0000000087c00000, 0x0000000087d00000, 0x0000000087d00000|100%| E|CS|TAMS 0x0000000087c00000, 0x0000000087c00000| Complete 
| 125|0x0000000087d00000, 0x0000000087e00000, 0x0000000087e00000|100%| E|CS|TAMS 0x0000000087d00000, 0x0000000087d00000| Complete 
| 126|0x0000000087e00000, 0x0000000087f00000, 0x0000000087f00000|100%| E|CS|TAMS 0x0000000087e00000, 0x0000000087e00000| Complete 
| 127|0x0000000087f00000, 0x0000000088000000, 0x0000000088000000|100%| E|CS|TAMS 0x0000000087f00000, 0x0000000087f00000| Complete 

Card table byte_map: [0x000002012fbd0000,0x000002012ffd0000] _byte_map_base: 0x000002012f7d0000

Marking Bits (Prev, Next): (CMBitMap*) 0x000002011ccf18d0, (CMBitMap*) 0x000002011ccf1898
 Prev Bits: [0x00000201323d0000, 0x00000201343d0000)
 Next Bits: [0x00000201303d0000, 0x00000201323d0000)

Polling page: 0x000002011ac00000

Metaspace:

Usage:
  Non-class:     28.50 MB capacity,    27.99 MB ( 98%) used,   451.59 KB (  2%) free+waste,    68.50 KB ( <1%) overhead. 
      Class:      4.41 MB capacity,     4.11 MB ( 93%) used,   274.01 KB (  6%) free+waste,    33.75 KB ( <1%) overhead. 
       Both:     32.91 MB capacity,    32.10 MB ( 98%) used,   725.59 KB (  2%) free+waste,   102.25 KB ( <1%) overhead. 

Virtual space:
  Non-class space:       30.00 MB reserved,      28.67 MB ( 96%) committed 
      Class space:        1.00 GB reserved,       4.50 MB ( <1%) committed 
             Both:        1.03 GB reserved,      33.17 MB (  3%) committed 

Chunk freelists:
   Non-Class:  47.00 KB
       Class:  0 bytes
        Both:  47.00 KB

MaxMetaspaceSize: 17179869184.00 GB
CompressedClassSpaceSize: 1.00 GB
Initial GC threshold: 20.80 MB
Current GC threshold: 35.08 MB
CDS: off

CodeHeap 'non-profiled nmethods': size=120064Kb used=1347Kb max_used=1347Kb free=118717Kb
 bounds [0x0000020128290000, 0x0000020128500000, 0x000002012f7d0000]
CodeHeap 'profiled nmethods': size=120000Kb used=5787Kb max_used=5787Kb free=114212Kb
 bounds [0x0000020120d60000, 0x0000020121310000, 0x0000020128290000]
CodeHeap 'non-nmethods': size=5696Kb used=1236Kb max_used=1316Kb free=4459Kb
 bounds [0x00000201207d0000, 0x0000020120a40000, 0x0000020120d60000]
 total_blobs=3219 nmethods=2705 adapters=426
 compilation: enabled
              stopped_count=0, restarted_count=0
 full_count=0

Compilation events (20 events):
Event: 23.643 Thread 0x00000201368fb000 2679       2       java.lang.ReflectiveOperationException::<init> (6 bytes)
Event: 23.644 Thread 0x00000201368fb000 nmethod 2679 0x00000201212f0490 code [0x00000201212f0640, 0x00000201212f0748]
Event: 23.644 Thread 0x00000201368fb000 2681       2       java.lang.ClassValue$Entry::isPromise (14 bytes)
Event: 23.644 Thread 0x00000201368fb000 nmethod 2681 0x00000201212f0810 code [0x00000201212f09c0, 0x00000201212f0ad8]
Event: 23.644 Thread 0x00000201368fb000 2680       1       java.lang.ClassValue$Version::promise (5 bytes)
Event: 23.644 Thread 0x00000201368fb000 nmethod 2680 0x00000201283df710 code [0x00000201283df8c0, 0x00000201283df978]
Event: 23.645 Thread 0x00000201368fb000 2682       1       org.codehaus.groovy.util.ManagedConcurrentLinkedQueue::access$000 (5 bytes)
Event: 23.645 Thread 0x00000201368fb000 nmethod 2682 0x00000201283dfa10 code [0x00000201283dfbc0, 0x00000201283dfc58]
Event: 23.645 Thread 0x00000201368fb000 2683       1       org.codehaus.groovy.reflection.ClassInfo::access$200 (5 bytes)
Event: 23.645 Thread 0x00000201368fb000 nmethod 2683 0x00000201283dfd10 code [0x00000201283dfec0, 0x00000201283dff58]
Event: 23.648 Thread 0x00000201368fb000 2684       3       java.util.Properties$LineReader::readLine (635 bytes)
Event: 23.651 Thread 0x00000201368fb000 nmethod 2684 0x00000201212f0b90 code [0x00000201212f0f60, 0x00000201212f38d8]
Event: 23.651 Thread 0x00000201368fb000 2685       2       java.util.concurrent.ConcurrentHashMap::resizeStamp (8 bytes)
Event: 23.651 Thread 0x00000201368fb000 nmethod 2685 0x00000201212f4590 code [0x00000201212f4740, 0x00000201212f4828]
Event: 23.662 Thread 0x00000201368fb000 2686       2       java.util.stream.Nodes$SpinedNodeBuilder::accept (29 bytes)
Event: 23.662 Thread 0x00000201368fb000 nmethod 2686 0x00000201212f4910 code [0x00000201212f4ac0, 0x00000201212f4bc8]
Event: 23.662 Thread 0x00000201368fb000 2687       2       java.util.stream.SpinedBuffer::accept (94 bytes)
Event: 23.662 Thread 0x00000201368fb000 nmethod 2687 0x00000201212f4c90 code [0x00000201212f4e80, 0x00000201212f5498]
Event: 23.662 Thread 0x00000201368fb000 2688       2       org.codehaus.groovy.reflection.CachedClass$3$$Lambda$229/0x00000001003e9c40::test (8 bytes)
Event: 23.662 Thread 0x00000201368fb000 nmethod 2688 0x00000201212f5710 code [0x00000201212f58c0, 0x00000201212f5a68]

GC Heap History (14 events):
Event: 9.929 GC heap before
{Heap before GC invocations=0 (full 0):
 garbage-first heap   total 131072K, used 19456K [0x0000000080000000, 0x0000000100000000)
  region size 1024K, 14 young (14336K), 0 survivors (0K)
 Metaspace       used 6782K, capacity 7001K, committed 7168K, reserved 1056768K
  class space    used 576K, capacity 650K, committed 768K, reserved 1048576K
}
Event: 9.933 GC heap after
{Heap after GC invocations=1 (full 0):
 garbage-first heap   total 131072K, used 8197K [0x0000000080000000, 0x0000000100000000)
  region size 1024K, 2 young (2048K), 2 survivors (2048K)
 Metaspace       used 6782K, capacity 7001K, committed 7168K, reserved 1056768K
  class space    used 576K, capacity 650K, committed 768K, reserved 1048576K
}
Event: 10.683 GC heap before
{Heap before GC invocations=1 (full 0):
 garbage-first heap   total 131072K, used 19461K [0x0000000080000000, 0x0000000100000000)
  region size 1024K, 13 young (13312K), 2 survivors (2048K)
 Metaspace       used 10230K, capacity 10469K, committed 10624K, reserved 1058816K
  class space    used 1048K, capacity 1107K, committed 1152K, reserved 1048576K
}
Event: 10.689 GC heap after
{Heap after GC invocations=2 (full 0):
 garbage-first heap   total 131072K, used 9287K [0x0000000080000000, 0x0000000100000000)
  region size 1024K, 2 young (2048K), 2 survivors (2048K)
 Metaspace       used 10230K, capacity 10469K, committed 10624K, reserved 1058816K
  class space    used 1048K, capacity 1107K, committed 1152K, reserved 1048576K
}
Event: 15.970 GC heap before
{Heap before GC invocations=2 (full 0):
 garbage-first heap   total 131072K, used 38983K [0x0000000080000000, 0x0000000100000000)
  region size 1024K, 31 young (31744K), 2 survivors (2048K)
 Metaspace       used 11180K, capacity 11518K, committed 11776K, reserved 1060864K
  class space    used 1148K, capacity 1243K, committed 1280K, reserved 1048576K
}
Event: 15.974 GC heap after
{Heap after GC invocations=3 (full 0):
 garbage-first heap   total 131072K, used 12489K [0x0000000080000000, 0x0000000100000000)
  region size 1024K, 4 young (4096K), 4 survivors (4096K)
 Metaspace       used 11180K, capacity 11518K, committed 11776K, reserved 1060864K
  class space    used 1148K, capacity 1243K, committed 1280K, reserved 1048576K
}
Event: 21.952 GC heap before
{Heap before GC invocations=3 (full 0):
 garbage-first heap   total 131072K, used 70857K [0x0000000080000000, 0x0000000100000000)
  region size 1024K, 62 young (63488K), 4 survivors (4096K)
 Metaspace       used 19537K, capacity 20070K, committed 20224K, reserved 1067008K
  class space    used 2353K, capacity 2511K, committed 2560K, reserved 1048576K
}
Event: 21.960 GC heap after
{Heap after GC invocations=4 (full 0):
 garbage-first heap   total 131072K, used 16250K [0x0000000080000000, 0x0000000100000000)
  region size 1024K, 8 young (8192K), 8 survivors (8192K)
 Metaspace       used 19537K, capacity 20070K, committed 20224K, reserved 1067008K
  class space    used 2353K, capacity 2511K, committed 2560K, reserved 1048576K
}
Event: 22.071 GC heap before
{Heap before GC invocations=4 (full 0):
 garbage-first heap   total 131072K, used 22394K [0x0000000080000000, 0x0000000100000000)
  region size 1024K, 15 young (15360K), 8 survivors (8192K)
 Metaspace       used 20682K, capacity 21200K, committed 21296K, reserved 1069056K
  class space    used 2487K, capacity 2658K, committed 2688K, reserved 1048576K
}
Event: 22.078 GC heap after
{Heap after GC invocations=5 (full 0):
 garbage-first heap   total 131072K, used 16784K [0x0000000080000000, 0x0000000100000000)
  region size 1024K, 6 young (6144K), 6 survivors (6144K)
 Metaspace       used 20682K, capacity 21200K, committed 21296K, reserved 1069056K
  class space    used 2487K, capacity 2658K, committed 2688K, reserved 1048576K
}
Event: 22.696 GC heap before
{Heap before GC invocations=6 (full 0):
 garbage-first heap   total 131072K, used 62864K [0x0000000080000000, 0x0000000100000000)
  region size 1024K, 51 young (52224K), 6 survivors (6144K)
 Metaspace       used 25362K, capacity 25982K, committed 26288K, reserved 1073152K
  class space    used 3258K, capacity 3470K, committed 3584K, reserved 1048576K
}
Event: 22.703 GC heap after
{Heap after GC invocations=7 (full 0):
 garbage-first heap   total 131072K, used 18564K [0x0000000080000000, 0x0000000100000000)
  region size 1024K, 3 young (3072K), 3 survivors (3072K)
 Metaspace       used 25362K, capacity 25982K, committed 26288K, reserved 1073152K
  class space    used 3258K, capacity 3470K, committed 3584K, reserved 1048576K
}
Event: 23.569 GC heap before
{Heap before GC invocations=7 (full 0):
 garbage-first heap   total 131072K, used 70788K [0x0000000080000000, 0x0000000100000000)
  region size 1024K, 54 young (55296K), 3 survivors (3072K)
 Metaspace       used 30954K, capacity 31764K, committed 32048K, reserved 1077248K
  class space    used 4086K, capacity 4377K, committed 4480K, reserved 1048576K
}
Event: 23.575 GC heap after
{Heap after GC invocations=8 (full 0):
 garbage-first heap   total 131072K, used 20309K [0x0000000080000000, 0x0000000100000000)
  region size 1024K, 5 young (5120K), 5 survivors (5120K)
 Metaspace       used 30954K, capacity 31764K, committed 32048K, reserved 1077248K
  class space    used 4086K, capacity 4377K, committed 4480K, reserved 1048576K
}

Deoptimization events (20 events):
Event: 22.706 Thread 0x000002013a631800 DEOPT PACKING pc=0x0000020128380560 sp=0x0000006a943fc290
Event: 22.706 Thread 0x000002013a631800 DEOPT UNPACKING pc=0x000002012081a1af sp=0x0000006a943fc278 mode 2
Event: 23.020 Thread 0x000002013a631800 Uncommon trap: trap_request=0xffffff4d fr.pc=0x00000201283a004c relative=0x000000000000020c
Event: 23.020 Thread 0x000002013a631800 Uncommon trap: reason=unstable_if action=reinterpret pc=0x00000201283a004c method=java.util.HashMap.hash(Ljava/lang/Object;)I @ 1 c2
Event: 23.020 Thread 0x000002013a631800 DEOPT PACKING pc=0x00000201283a004c sp=0x0000006a943f9060
Event: 23.020 Thread 0x000002013a631800 DEOPT UNPACKING pc=0x000002012081a1af sp=0x0000006a943f8f98 mode 2
Event: 23.020 Thread 0x000002013a631800 Uncommon trap: trap_request=0xffffff4d fr.pc=0x000002012838542c relative=0x000000000000008c
Event: 23.020 Thread 0x000002013a631800 Uncommon trap: reason=unstable_if action=reinterpret pc=0x000002012838542c method=java.util.HashMap.hash(Ljava/lang/Object;)I @ 1 c2
Event: 23.020 Thread 0x000002013a631800 DEOPT PACKING pc=0x000002012838542c sp=0x0000006a943f8de0
Event: 23.020 Thread 0x000002013a631800 DEOPT UNPACKING pc=0x000002012081a1af sp=0x0000006a943f8d78 mode 2
Event: 23.371 Thread 0x000002013a631800 Uncommon trap: trap_request=0xffffff4d fr.pc=0x00000201283cedd8 relative=0x0000000000000278
Event: 23.371 Thread 0x000002013a631800 Uncommon trap: reason=unstable_if action=reinterpret pc=0x00000201283cedd8 method=java.util.HashMap.putVal(ILjava/lang/Object;Ljava/lang/Object;ZZ)Ljava/lang/Object; @ 162 c2
Event: 23.371 Thread 0x000002013a631800 DEOPT PACKING pc=0x00000201283cedd8 sp=0x0000006a943faa90
Event: 23.371 Thread 0x000002013a631800 DEOPT UNPACKING pc=0x000002012081a1af sp=0x0000006a943faa10 mode 2
Event: 23.517 Thread 0x000002013a631800 DEOPT PACKING pc=0x000002012115e879 sp=0x0000006a943f2ca0
Event: 23.517 Thread 0x000002013a631800 DEOPT UNPACKING pc=0x000002012081a95e sp=0x0000006a943f21e8 mode 0
Event: 23.648 Thread 0x000002013a631800 Uncommon trap: trap_request=0xffffff4d fr.pc=0x000002012830b554 relative=0x0000000000000694
Event: 23.648 Thread 0x000002013a631800 Uncommon trap: reason=unstable_if action=reinterpret pc=0x000002012830b554 method=java.util.Properties$LineReader.readLine()I @ 95 c2
Event: 23.648 Thread 0x000002013a631800 DEOPT PACKING pc=0x000002012830b554 sp=0x0000006a943f9810
Event: 23.648 Thread 0x000002013a631800 DEOPT UNPACKING pc=0x000002012081a1af sp=0x0000006a943f97b8 mode 2

Classes redefined (0 events):
No events

Internal exceptions (20 events):
Event: 22.415 Thread 0x000002013a631800 Exception <a 'java/lang/NoSuchMethodError'{0x00000000861ff7a8}: 'void java.lang.invoke.DirectMethodHandle$Holder.invokeSpecial(java.lang.Object, java.lang.Object, java.lang.Object, java.lang.Object, java.lang.Object, java.lang.Object, java.lang.Object)'> (0x00000000861ff7a8) thrown at [./src/hotspot/share/interpreter/linkResolver.cpp, line 773]
Event: 22.416 Thread 0x000002013a631800 Exception <a 'java/lang/NoSuchMethodError'{0x0000000086007fe0}: 'java.lang.Object java.lang.invoke.Invokers$Holder.linkToTargetMethod(java.lang.Object, java.lang.Object, java.lang.Object, java.lang.Object, java.lang.Object, java.lang.Object)'> (0x0000000086007fe0) thrown at [./src/hotspot/share/interpreter/linkResolver.cpp, line 773]
Event: 22.575 Thread 0x000002013a631800 Exception <a 'java/lang/NoSuchMethodError'{0x000000008533fa50}: 'void java.lang.invoke.DirectMethodHandle$Holder.invokeStaticInit(java.lang.Object, java.lang.Object)'> (0x000000008533fa50) thrown at [./src/hotspot/share/interpreter/linkResolver.cpp, line 773]
Event: 22.687 Thread 0x000002013a631800 Exception <a 'java/lang/NoSuchMethodError'{0x0000000084da6888}: 'void java.lang.invoke.DirectMethodHandle$Holder.invokeStatic(java.lang.Object, java.lang.Object, java.lang.Object, java.lang.Object)'> (0x0000000084da6888) thrown at [./src/hotspot/share/interpreter/linkResolver.cpp, line 773]
Event: 22.691 Thread 0x000002013a631800 Exception <a 'java/lang/NoSuchMethodError'{0x0000000084dba2a8}: 'int java.lang.invoke.DirectMethodHandle$Holder.invokeInterface(java.lang.Object, java.lang.Object)'> (0x0000000084dba2a8) thrown at [./src/hotspot/share/interpreter/linkResolver.cpp, line 773]
Event: 22.875 Thread 0x000002013a631800 Exception <a 'java/lang/NoSuchMethodError'{0x000000008743d600}: 'java.lang.Object java.lang.invoke.DirectMethodHandle$Holder.invokeSpecialIFC(java.lang.Object, java.lang.Object, java.lang.Object, java.lang.Object)'> (0x000000008743d600) thrown at [./src/hotspot/share/interpreter/linkResolver.cpp, line 773]
Event: 22.888 Thread 0x000002013a631800 Exception <a 'java/lang/NoSuchMethodError'{0x00000000873182e8}: 'java.lang.Object java.lang.invoke.DirectMethodHandle$Holder.invokeSpecial(java.lang.Object, java.lang.Object, java.lang.Object, java.lang.Object, java.lang.Object, java.lang.Object, java.lang.Object, java.lang.Object, java.lang.Object, java.lang.Object, java.lang.Object, java.lang.Object, java.lang.Object)'> (0x00000000873182e8) thrown at [./src/hotspot/share/interpreter/linkResolver.cpp, line 773]
Event: 22.889 Thread 0x000002013a631800 Exception <a 'java/lang/NoSuchMethodError'{0x0000000087329570}: 'java.lang.Object java.lang.invoke.DirectMethodHandle$Holder.invokeSpecial(java.lang.Object, java.lang.Object, java.lang.Object, java.lang.Object, java.lang.Object, java.lang.Object, java.lang.Object, java.lang.Object, java.lang.Object, java.lang.Object, java.lang.Object, java.lang.Object)'> (0x0000000087329570) thrown at [./src/hotspot/share/interpreter/linkResolver.cpp, line 773]
Event: 22.890 Thread 0x000002013a631800 Exception <a 'java/lang/NoSuchMethodError'{0x000000008732e698}: 'java.lang.Object java.lang.invoke.Invokers$Holder.linkToTargetMethod(java.lang.Object, java.lang.Object, java.lang.Object, java.lang.Object, java.lang.Object, java.lang.Object, java.lang.Object, java.lang.Object, java.lang.Object, java.lang.Object, java.lang.Object)'> (0x000000008732e698) thrown at [./src/hotspot/share/interpreter/linkResolver.cpp, line 773]
Event: 22.904 Thread 0x000002013a631800 Exception <a 'java/lang/NoSuchMethodError'{0x000000008726e0a8}: 'java.lang.Object java.lang.invoke.DirectMethodHandle$Holder.invokeSpecial(java.lang.Object, java.lang.Object, java.lang.Object, java.lang.Object, java.lang.Object, java.lang.Object, java.lang.Object, java.lang.Object, java.lang.Object, java.lang.Object, java.lang.Object, java.lang.Object, java.lang.Object, java.lang.Object)'> (0x000000008726e0a8) thrown at [./src/hotspot/share/interpreter/linkResolver.cpp, line 773]
Event: 22.905 Thread 0x000002013a631800 Exception <a 'java/lang/NoSuchMethodError'{0x000000008727f6a0}: 'java.lang.Object java.lang.invoke.Invokers$Holder.linkToTargetMethod(java.lang.Object, java.lang.Object, java.lang.Object, java.lang.Object, java.lang.Object, java.lang.Object, java.lang.Object, java.lang.Object, java.lang.Object, java.lang.Object, java.lang.Object, java.lang.Object)'> (0x000000008727f6a0) thrown at [./src/hotspot/share/interpreter/linkResolver.cpp, line 773]
Event: 22.911 Thread 0x000002013a631800 Exception <a 'java/lang/NoSuchMethodError'{0x0000000087113f60}: 'java.lang.Object java.lang.invoke.DirectMethodHandle$Holder.invokeStaticInit(java.lang.Object, java.lang.Object, java.lang.Object, java.lang.Object)'> (0x0000000087113f60) thrown at [./src/hotspot/share/interpreter/linkResolver.cpp, line 773]
Event: 23.020 Thread 0x000002013a631800 Implicit null exception at 0x000002012839fe75 to 0x00000201283a003c
Event: 23.020 Thread 0x000002013a631800 Implicit null exception at 0x00000201283853af to 0x000002012838541d
Event: 23.509 Thread 0x000002013a631800 Exception <a 'java/lang/NoSuchMethodError'{0x0000000084d14058}: 'void java.lang.invoke.DirectMethodHandle$Holder.invokeStaticInit(java.lang.Object, java.lang.Object, java.lang.Object)'> (0x0000000084d14058) thrown at [./src/hotspot/share/interpreter/linkResolver.cpp, line 773]
Event: 23.510 Thread 0x000002013a631800 Exception <a 'java/lang/NoSuchMethodError'{0x0000000084d1ae30}: 'void java.lang.invoke.DirectMethodHandle$Holder.invokeStaticInit(java.lang.Object, java.lang.Object, java.lang.Object, java.lang.Object)'> (0x0000000084d1ae30) thrown at [./src/hotspot/share/interpreter/linkResolver.cpp, line 773]
Event: 23.514 Thread 0x000002013a631800 Exception <a 'java/lang/NoSuchMethodError'{0x0000000084d3d568}: 'void java.lang.invoke.DirectMethodHandle$Holder.invokeStaticInit(java.lang.Object, java.lang.Object, java.lang.Object, java.lang.Object, java.lang.Object)'> (0x0000000084d3d568) thrown at [./src/hotspot/share/interpreter/linkResolver.cpp, line 773]
Event: 23.515 Thread 0x000002013a631800 Exception <a 'java/lang/NoSuchMethodError'{0x0000000084d44c78}: 'int java.lang.invoke.DirectMethodHandle$Holder.invokeStaticInit(java.lang.Object, java.lang.Object, java.lang.Object)'> (0x0000000084d44c78) thrown at [./src/hotspot/share/interpreter/linkResolver.cpp, line 773]
Event: 23.556 Thread 0x000002013a631800 Exception <a 'java/lang/NoSuchMethodError'{0x0000000084da3ba8}: 'int java.lang.invoke.DirectMethodHandle$Holder.invokeStaticInit(java.lang.Object, java.lang.Object, java.lang.Object, java.lang.Object)'> (0x0000000084da3ba8) thrown at [./src/hotspot/share/interpreter/linkResolver.cpp, line 773]
Event: 23.557 Thread 0x000002013a631800 Exception <a 'java/lang/IncompatibleClassChangeError'{0x0000000084dad108}: Found class java.lang.Object, but interface was expected> (0x0000000084dad108) thrown at [./src/hotspot/share/interpreter/linkResolver.cpp, line 839]

Events (20 events):
Event: 23.660 loading class java/time/YearMonth done
Event: 23.660 loading class java/time/LocalTime
Event: 23.661 loading class java/time/LocalTime done
Event: 23.661 loading class java/time/format/FormatStyle
Event: 23.661 loading class java/time/format/FormatStyle done
Event: 23.661 loading class java/time/ZoneOffset
Event: 23.661 loading class java/time/ZoneOffset done
Event: 23.661 loading class java/time/DayOfWeek
Event: 23.661 loading class java/time/DayOfWeek done
Event: 23.661 loading class java/time/Month
Event: 23.661 loading class java/time/Month done
Event: 23.661 loading class java/time/MonthDay
Event: 23.661 loading class java/time/MonthDay done
Event: 23.662 loading class java/time/temporal/TemporalQuery
Event: 23.662 loading class java/time/temporal/TemporalQuery done
Event: 23.662 loading class java/time/temporal/ValueRange
Event: 23.662 loading class java/time/temporal/ValueRange done
Event: 23.663 loading class java/time/format/DateTimeFormatter
Event: 23.663 loading class java/time/format/DateTimeFormatter done
Event: 23.663 loading class java/time/chrono/Era


Dynamic libraries:
0x00007ff718780000 - 0x00007ff71878a000 	E:\Programs\Android Studio\jre\bin\java.exe
0x00007ffcbb670000 - 0x00007ffcbb868000 	C:\Windows\SYSTEM32\ntdll.dll
0x00007ffc8c960000 - 0x00007ffc8c977000 	C:\Program Files\Avast Software\Avast\aswhook.dll
0x00007ffcba470000 - 0x00007ffcba52f000 	C:\Windows\System32\KERNEL32.DLL
0x00007ffcb8f80000 - 0x00007ffcb9252000 	C:\Windows\System32\KERNELBASE.dll
0x00007ffcb8e80000 - 0x00007ffcb8f80000 	C:\Windows\System32\ucrtbase.dll
0x00007ffca0350000 - 0x00007ffca0369000 	E:\Programs\Android Studio\jre\bin\jli.dll
0x00007ffcbadf0000 - 0x00007ffcbaf8d000 	C:\Windows\System32\USER32.dll
0x00007ffcb9550000 - 0x00007ffcb9572000 	C:\Windows\System32\win32u.dll
0x00007ffca52d0000 - 0x00007ffca556a000 	C:\Windows\WinSxS\amd64_microsoft.windows.common-controls_6595b64144ccf1df_6.0.19041.1110_none_60b5254171f9507e\COMCTL32.dll
0x00007ffcbb2b0000 - 0x00007ffcbb2db000 	C:\Windows\System32\GDI32.dll
0x00007ffcbb210000 - 0x00007ffcbb2ae000 	C:\Windows\System32\msvcrt.dll
0x00007ffcb8d70000 - 0x00007ffcb8e7f000 	C:\Windows\System32\gdi32full.dll
0x00007ffcb9480000 - 0x00007ffcb951d000 	C:\Windows\System32\msvcp_win.dll
0x00007ffc9f3e0000 - 0x00007ffc9f3f7000 	E:\Programs\Android Studio\jre\bin\VCRUNTIME140.dll
0x00007ffcbaad0000 - 0x00007ffcbab02000 	C:\Windows\System32\IMM32.DLL
0x00007ffc7b220000 - 0x00007ffc7b2bd000 	E:\Programs\Android Studio\jre\bin\msvcp140.dll
0x00007ffc670c0000 - 0x00007ffc67bc2000 	E:\Programs\Android Studio\jre\bin\server\jvm.dll
0x00007ffcbb420000 - 0x00007ffcbb4ce000 	C:\Windows\System32\ADVAPI32.dll
0x00007ffcbad50000 - 0x00007ffcbadec000 	C:\Windows\System32\sechost.dll
0x00007ffcba9a0000 - 0x00007ffcbaac5000 	C:\Windows\System32\RPCRT4.dll
0x00007ffcbb2e0000 - 0x00007ffcbb2e8000 	C:\Windows\System32\PSAPI.DLL
0x00007ffca5580000 - 0x00007ffca55a7000 	C:\Windows\SYSTEM32\WINMM.dll
0x00007ffca3a70000 - 0x00007ffca3a79000 	C:\Windows\SYSTEM32\WSOCK32.dll
0x00007ffcb6d10000 - 0x00007ffcb6d1a000 	C:\Windows\SYSTEM32\VERSION.dll
0x00007ffcbb1a0000 - 0x00007ffcbb20b000 	C:\Windows\System32\WS2_32.dll
0x00007ffcb75c0000 - 0x00007ffcb75d2000 	C:\Windows\SYSTEM32\kernel.appcore.dll
0x00007ffcb4020000 - 0x00007ffcb4031000 	E:\Programs\Android Studio\jre\bin\verify.dll
0x00007ffca9360000 - 0x00007ffca9544000 	C:\Windows\SYSTEM32\DBGHELP.DLL
0x00007ffca91e0000 - 0x00007ffca920c000 	C:\Windows\SYSTEM32\dbgcore.DLL
0x00007ffcb9580000 - 0x00007ffcb9602000 	C:\Windows\System32\bcryptPrimitives.dll
0x00007ffcb2a40000 - 0x00007ffcb2a69000 	E:\Programs\Android Studio\jre\bin\java.dll
0x00007ffcb4840000 - 0x00007ffcb484b000 	E:\Programs\Android Studio\jre\bin\jimage.dll
0x00007ffca2ff0000 - 0x00007ffca3008000 	E:\Programs\Android Studio\jre\bin\zip.dll
0x00007ffcb9870000 - 0x00007ffcb9fb3000 	C:\Windows\System32\SHELL32.dll
0x00007ffcb6e10000 - 0x00007ffcb75a2000 	C:\Windows\SYSTEM32\windows.storage.dll
0x00007ffcba110000 - 0x00007ffcba464000 	C:\Windows\System32\combase.dll
0x00007ffcb87d0000 - 0x00007ffcb8800000 	C:\Windows\SYSTEM32\Wldp.dll
0x00007ffcbab10000 - 0x00007ffcbabbd000 	C:\Windows\System32\SHCORE.dll
0x00007ffcbacf0000 - 0x00007ffcbad45000 	C:\Windows\System32\shlwapi.dll
0x00007ffcb8cb0000 - 0x00007ffcb8ccf000 	C:\Windows\SYSTEM32\profapi.dll
0x00007ffca1b40000 - 0x00007ffca1b5a000 	E:\Programs\Android Studio\jre\bin\net.dll
0x00007ffca7980000 - 0x00007ffca7a8c000 	C:\Windows\SYSTEM32\WINHTTP.dll
0x00007ffcb8530000 - 0x00007ffcb859a000 	C:\Windows\system32\mswsock.dll
0x00007ffca03f0000 - 0x00007ffca0404000 	E:\Programs\Android Studio\jre\bin\nio.dll
0x00007ffca0370000 - 0x00007ffca0397000 	C:\Users\a0587\.gradle\native\8bec1ad78214c89d9ad589b4d07fe93259594b29d510b10fafb7a158f7737e5d\windows-amd64\native-platform.dll
0x00007ffc6e1b0000 - 0x00007ffc6e2ed000 	C:\Users\a0587\.gradle\native\53dbd7edfb1c66fb8903c78663c9afc45aea4f116125fa6feffd364cf09443e8\windows-amd64\native-platform-file-events.dll
0x00007ffcb4830000 - 0x00007ffcb483a000 	E:\Programs\Android Studio\jre\bin\management.dll
0x00007ffcb3020000 - 0x00007ffcb302d000 	E:\Programs\Android Studio\jre\bin\management_ext.dll
0x00007ffcb8720000 - 0x00007ffcb8738000 	C:\Windows\SYSTEM32\CRYPTSP.dll
0x00007ffcb7de0000 - 0x00007ffcb7e14000 	C:\Windows\system32\rsaenh.dll
0x00007ffcb9520000 - 0x00007ffcb9547000 	C:\Windows\System32\bcrypt.dll
0x00007ffcb8c70000 - 0x00007ffcb8c9e000 	C:\Windows\SYSTEM32\USERENV.dll
0x00007ffcb8740000 - 0x00007ffcb874c000 	C:\Windows\SYSTEM32\CRYPTBASE.dll
0x00007ffcb81d0000 - 0x00007ffcb820b000 	C:\Windows\SYSTEM32\IPHLPAPI.DLL
0x00007ffcbb190000 - 0x00007ffcbb198000 	C:\Windows\System32\NSI.dll
0x00007ffcae0e0000 - 0x00007ffcae0f7000 	C:\Windows\SYSTEM32\dhcpcsvc6.DLL
0x00007ffcae980000 - 0x00007ffcae99d000 	C:\Windows\SYSTEM32\dhcpcsvc.DLL
0x00007ffcb8220000 - 0x00007ffcb82ea000 	C:\Windows\SYSTEM32\DNSAPI.dll

dbghelp: loaded successfully - version: 4.0.5 - missing functions: none
symbol engine: initialized successfully - sym options: 0x614 - pdb path: .;E:\Programs\Android Studio\jre\bin;C:\Windows\SYSTEM32;C:\Program Files\Avast Software\Avast;C:\Windows\WinSxS\amd64_microsoft.windows.common-controls_6595b64144ccf1df_6.0.19041.1110_none_60b5254171f9507e;E:\Programs\Android Studio\jre\bin\server;C:\Users\a0587\.gradle\native\8bec1ad78214c89d9ad589b4d07fe93259594b29d510b10fafb7a158f7737e5d\windows-amd64;C:\Users\a0587\.gradle\native\53dbd7edfb1c66fb8903c78663c9afc45aea4f116125fa6feffd364cf09443e8\windows-amd64

VM Arguments:
jvm_args: --add-opens=java.base/java.util=ALL-UNNAMED --add-opens=java.base/java.lang=ALL-UNNAMED --add-opens=java.base/java.lang.invoke=ALL-UNNAMED --add-opens=java.base/java.util=ALL-UNNAMED --add-opens=java.prefs/java.util.prefs=ALL-UNNAMED --add-opens=java.prefs/java.util.prefs=ALL-UNNAMED --add-opens=java.base/java.nio.charset=ALL-UNNAMED --add-opens=java.base/java.net=ALL-UNNAMED --add-opens=java.base/java.util.concurrent.atomic=ALL-UNNAMED -Xmx2048m -Dfile.encoding=UTF-8 -Duser.country=TW -Duser.language=zh -Duser.variant 
java_command: org.gradle.launcher.daemon.bootstrap.GradleDaemon 7.0.2
java_class_path (initial): C:\Users\a0587\.gradle\wrapper\dists\gradle-7.0.2-bin\857tjihv64xamwrf0h14cai3r\gradle-7.0.2\lib\gradle-launcher-7.0.2.jar
Launcher Type: SUN_STANDARD

[Global flags]
     intx CICompilerCount                          = 3                                         {product} {ergonomic}
     uint ConcGCThreads                            = 1                                         {product} {ergonomic}
     uint G1ConcRefinementThreads                  = 4                                         {product} {ergonomic}
   size_t G1HeapRegionSize                         = 1048576                                   {product} {ergonomic}
    uintx GCDrainStackTargetSize                   = 64                                        {product} {ergonomic}
   size_t InitialHeapSize                          = 134217728                                 {product} {ergonomic}
   size_t MarkStackSize                            = 4194304                                   {product} {ergonomic}
   size_t MaxHeapSize                              = 2147483648                                {product} {command line}
   size_t MaxNewSize                               = 1287651328                                {product} {ergonomic}
   size_t MinHeapDeltaBytes                        = 1048576                                   {product} {ergonomic}
    uintx NonNMethodCodeHeapSize                   = 5830732                                {pd product} {ergonomic}
    uintx NonProfiledCodeHeapSize                  = 122913754                              {pd product} {ergonomic}
    uintx ProfiledCodeHeapSize                     = 122913754                              {pd product} {ergonomic}
    uintx ReservedCodeCacheSize                    = 251658240                              {pd product} {ergonomic}
     bool SegmentedCodeCache                       = true                                      {product} {ergonomic}
     bool UseCompressedClassPointers               = true                                 {lp64_product} {ergonomic}
     bool UseCompressedOops                        = true                                 {lp64_product} {ergonomic}
     bool UseG1GC                                  = true                                      {product} {ergonomic}
     bool UseLargePagesIndividualAllocation        = false                                  {pd product} {ergonomic}

Logging:
Log output configuration:
 #0: stdout all=warning uptime,level,tags
 #1: stderr all=off uptime,level,tags

Environment Variables:
PATH=C:\Windows\system32;C:\Windows;C:\Windows\System32\Wbem;C:\Windows\System32\WindowsPowerShell\v1.0\;C:\Windows\System32\OpenSSH\;C:\Program Files\PuTTY\;E:\Programs\Anaconda;E:\Programs\Anaconda\Library\mingw-w64\bin;E:\Programs\Anaconda\Library\usr\bin;E:\Programs\Anaconda\Library\bin;E:\Programs\Anaconda\Scripts;C:\Users\a0587\AppData\Local\Microsoft\WindowsApps;E:\Programs\Microsoft VS Code\bin
USERNAME=Billy
OS=Windows_NT
PROCESSOR_IDENTIFIER=Intel64 Family 6 Model 142 Stepping 9, GenuineIntel



---------------  S Y S T E M  ---------------

OS: Windows 10 , 64 bit Build 19041 (10.0.19041.2251)
OS uptime: 4 days 23:11 hours

CPU:total 4 (initial active 4) (2 cores per cpu, 2 threads per core) family 6 model 142 stepping 9 microcode 0xb4, cmov, cx8, fxsr, mmx, sse, sse2, sse3, ssse3, sse4.1, sse4.2, popcnt, avx, avx2, aes, clmul, erms, 3dnowpref, lzcnt, ht, tsc, tscinvbit, bmi1, bmi2, adx, fma

Memory: 4k page, system-wide physical 8073M (415M free)
TotalPageFile size 8073M (AvailPageFile size 5M)
current process WorkingSet (physical memory assigned to process): 231M, peak: 231M
current process commit charge ("private bytes"): 303M, peak: 303M

vm_info: OpenJDK 64-Bit Server VM (11.0.13+0-b1751.21-8125866) for windows-amd64 JRE (11.0.13+0-b1751.21-8125866), built on Feb  2 2022 03:00:22 by "builder" with MS VC++ 14.0 (VS2015)

END.
