#
# There is insufficient memory for the Java Runtime Environment to continue.
# Native memory allocation (mmap) failed to map 226492416 bytes for Failed to commit area from 0x0000000094100000 to 0x00000000a1900000 of length 226492416.
# Possible reasons:
#   The system is out of physical RAM or swap space
#   The process is running with CompressedOops enabled, and the Java Heap may be blocking the growth of the native heap
# Possible solutions:
#   Reduce memory load on the system
#   Increase physical memory or swap space
#   Check if swap backing store is full
#   Decrease Java heap size (-Xmx/-Xms)
#   Decrease number of Java threads
#   Decrease Java thread stack sizes (-Xss)
#   Set larger code cache with -XX:ReservedCodeCacheSize=
#   JVM is running with Unscaled Compressed Oops mode in which the Java heap is
#     placed in the first 4GB address space. The Java Heap base address is the
#     maximum limit for the native heap growth. Please use -XX:HeapBaseMinAddress
#     to set the Java Heap base and to place the Java Heap above 4GB virtual address.
# This output file may be truncated or incomplete.
#
#  Out of Memory Error (./src/hotspot/os/windows/os_windows.cpp:3619), pid=14556, tid=14064
#
# JRE version: OpenJDK Runtime Environment (11.0.13) (build 11.0.13+0-b1751.21-8125866)
# Java VM: OpenJDK 64-Bit Server VM (11.0.13+0-b1751.21-8125866, mixed mode, tiered, compressed oops, g1 gc, windows-amd64)
# No core dump will be written. Minidumps are not enabled by default on client versions of Windows
#

---------------  S U M M A R Y ------------

Command Line: --add-opens=java.base/java.util=ALL-UNNAMED --add-opens=java.base/java.lang=ALL-UNNAMED --add-opens=java.base/java.lang.invoke=ALL-UNNAMED --add-opens=java.base/java.util=ALL-UNNAMED --add-opens=java.prefs/java.util.prefs=ALL-UNNAMED --add-opens=java.prefs/java.util.prefs=ALL-UNNAMED --add-opens=java.base/java.nio.charset=ALL-UNNAMED --add-opens=java.base/java.net=ALL-UNNAMED --add-opens=java.base/java.util.concurrent.atomic=ALL-UNNAMED -Xmx2048m -Dfile.encoding=UTF-8 -Duser.country=TW -Duser.language=zh -Duser.variant org.gradle.launcher.daemon.bootstrap.GradleDaemon 7.0.2

Host: Intel(R) Core(TM) i5-7200U CPU @ 2.50GHz, 4 cores, 7G,  Windows 10 , 64 bit Build 19041 (10.0.19041.2251)
Time: Sat Dec  3 10:37:17 2022 台北標準時間 elapsed time: 1427.516838 seconds (0d 0h 23m 47s)

---------------  T H R E A D  ---------------

Current thread (0x000002357dc16800):  VMThread "VM Thread" [stack: 0x0000005824100000,0x0000005824200000] [id=14064]

Stack: [0x0000005824100000,0x0000005824200000]
[error occurred during error reporting (printing stack bounds), id 0xc0000005, EXCEPTION_ACCESS_VIOLATION (0xc0000005) at pc=0x000002350000112d]

Native frames: (J=compiled Java code, j=interpreted, Vv=VM code, C=native code)
V  [jvm.dll+0x6100fa]
V  [jvm.dll+0x747090]
V  [jvm.dll+0x7486ad]
V  [jvm.dll+0x748ce5]
V  [jvm.dll+0x748c9b]
V  [jvm.dll+0x60f224]
V  [jvm.dll+0x60f9b8]
C  [ntdll.dll+0xa241f]
C  [ntdll.dll+0x514a4]
C  [ntdll.dll+0xa0f4e]
C  0x000002350000112d

VM_Operation (0x00000058275fc6c0): G1CollectForAllocation, mode: safepoint, requested by thread 0x000002350fbd6000


---------------  P R O C E S S  ---------------

Threads class SMR info:
_java_thread_list=0x0000023510b95440, length=62, elements={
0x0000023573011000, 0x000002357dc18800, 0x000002357dc19800, 0x000002357dc35000,
0x000002357dc36000, 0x000002357dc37000, 0x000002357dc3a000, 0x000002357dc3d000,
0x000002357dc5d800, 0x000002357e602000, 0x000002350fa4d000, 0x000002350f945000,
0x00000235100e7800, 0x00000235100cf000, 0x00000235100ce000, 0x00000235100cd800,
0x00000235100d0000, 0x00000235100d0800, 0x00000235100d1800, 0x00000235100d2000,
0x00000235100cc800, 0x000002350fbcb000, 0x000002350fbca000, 0x000002350fbc8800,
0x000002350fbd4800, 0x0000023514583800, 0x0000023514584800, 0x0000023514585800,
0x0000023514587000, 0x0000023514586000, 0x0000023514581000, 0x0000023514588000,
0x0000023514582000, 0x000002351458b000, 0x000002351458e800, 0x000002351458c000,
0x0000023514588800, 0x000002351458c800, 0x000002351458f000, 0x000002351458d800,
0x0000023514589800, 0x0000023514590000, 0x000002351458a000, 0x000002350fbd0800,
0x000002350fbcd000, 0x000002350fbd1800, 0x000002350fbce000, 0x000002350fbcb800,
0x000002350fbd3800, 0x000002350fbd5800, 0x000002350fbd6000, 0x000002350fbd7000,
0x000002350fbd3000, 0x00000235100cb800, 0x000002351377c000, 0x0000023511dcd800,
0x0000023511dcc000, 0x0000023511dc8000, 0x0000023511dc9800, 0x0000023511dca000,
0x0000023511dcb000, 0x0000023511dce800
}

Java Threads: ( => current thread )
  0x0000023573011000 JavaThread "main" [_thread_blocked, id=13432, stack(0x0000005823b00000,0x0000005823c00000)]
  0x000002357dc18800 JavaThread "Reference Handler" daemon [_thread_blocked, id=2904, stack(0x0000005824200000,0x0000005824300000)]
  0x000002357dc19800 JavaThread "Finalizer" daemon [_thread_blocked, id=13148, stack(0x0000005824300000,0x0000005824400000)]
  0x000002357dc35000 JavaThread "Signal Dispatcher" daemon [_thread_blocked, id=10824, stack(0x0000005824400000,0x0000005824500000)]
  0x000002357dc36000 JavaThread "Attach Listener" daemon [_thread_blocked, id=15116, stack(0x0000005824500000,0x0000005824600000)]
  0x000002357dc37000 JavaThread "Service Thread" daemon [_thread_blocked, id=13888, stack(0x0000005824600000,0x0000005824700000)]
  0x000002357dc3a000 JavaThread "C2 CompilerThread0" daemon [_thread_blocked, id=10024, stack(0x0000005824700000,0x0000005824800000)]
  0x000002357dc3d000 JavaThread "C1 CompilerThread0" daemon [_thread_blocked, id=10196, stack(0x0000005824800000,0x0000005824900000)]
  0x000002357dc5d800 JavaThread "Sweeper thread" daemon [_thread_blocked, id=9828, stack(0x0000005824900000,0x0000005824a00000)]
  0x000002357e602000 JavaThread "Common-Cleaner" daemon [_thread_blocked, id=10444, stack(0x0000005824a00000,0x0000005824b00000)]
  0x000002350fa4d000 JavaThread "Daemon health stats" [_thread_blocked, id=10700, stack(0x0000005824f00000,0x0000005825000000)]
  0x000002350f945000 JavaThread "Incoming local TCP Connector on port 61534" [_thread_in_native, id=1580, stack(0x0000005824e00000,0x0000005824f00000)]
  0x00000235100e7800 JavaThread "Daemon periodic checks" [_thread_blocked, id=12284, stack(0x0000005825000000,0x0000005825100000)]
  0x00000235100cf000 JavaThread "Cache worker for file hash cache (C:\Users\a0587\.gradle\caches\7.0.2\fileHashes)" [_thread_blocked, id=6260, stack(0x0000005825900000,0x0000005825a00000)]
  0x00000235100ce000 JavaThread "File lock request listener" [_thread_in_native, id=12352, stack(0x0000005825a00000,0x0000005825b00000)]
  0x00000235100cd800 JavaThread "Cache worker for journal cache (C:\Users\a0587\.gradle\caches\journal-1)" [_thread_blocked, id=15088, stack(0x0000005825b00000,0x0000005825c00000)]
  0x00000235100d0000 JavaThread "File watcher server" daemon [_thread_blocked, id=12252, stack(0x0000005825e00000,0x0000005825f00000)]
  0x00000235100d0800 JavaThread "File watcher consumer" daemon [_thread_blocked, id=6336, stack(0x0000005825f00000,0x0000005826000000)]
  0x00000235100d1800 JavaThread "jar transforms" [_thread_blocked, id=8960, stack(0x0000005826000000,0x0000005826100000)]
  0x00000235100d2000 JavaThread "jar transforms Thread 2" [_thread_blocked, id=11620, stack(0x0000005826100000,0x0000005826200000)]
  0x00000235100cc800 JavaThread "jar transforms Thread 3" [_thread_blocked, id=10252, stack(0x0000005826200000,0x0000005826300000)]
  0x000002350fbcb000 JavaThread "jar transforms Thread 4" [_thread_blocked, id=14276, stack(0x0000005826300000,0x0000005826400000)]
  0x000002350fbca000 JavaThread "Cache worker for execution history cache (C:\Users\a0587\.gradle\caches\7.0.2\executionHistory)" [_thread_blocked, id=4712, stack(0x0000005826700000,0x0000005826800000)]
  0x000002350fbc8800 JavaThread "Cache worker for file content cache (C:\Users\a0587\.gradle\caches\7.0.2\fileContent)" [_thread_blocked, id=10480, stack(0x0000005826800000,0x0000005826900000)]
  0x000002350fbd4800 JavaThread "Memory manager" [_thread_blocked, id=1268, stack(0x0000005826f00000,0x0000005827000000)]
  0x0000023514583800 JavaThread "Daemon Thread 2" [_thread_blocked, id=12560, stack(0x0000005823800000,0x0000005823900000)]
  0x0000023514584800 JavaThread "Handler for socket connection from /127.0.0.1:61534 to /127.0.0.1:65468" [_thread_in_native, id=14912, stack(0x0000005823900000,0x0000005823a00000)]
  0x0000023514585800 JavaThread "Cancel handler" [_thread_blocked, id=2884, stack(0x0000005823a00000,0x0000005823b00000)]
  0x0000023514587000 JavaThread "Daemon worker Thread 2" [_thread_blocked, id=3368, stack(0x0000005825100000,0x0000005825200000)]
  0x0000023514586000 JavaThread "Asynchronous log dispatcher for DefaultDaemonConnection: socket connection from /127.0.0.1:61534 to /127.0.0.1:65468" [_thread_blocked, id=11132, stack(0x0000005825200000,0x0000005825300000)]
  0x0000023514581000 JavaThread "Stdin handler" [_thread_blocked, id=1644, stack(0x0000005825300000,0x0000005825400000)]
  0x0000023514588000 JavaThread "Daemon client event forwarder" [_thread_blocked, id=13664, stack(0x0000005825400000,0x0000005825500000)]
  0x0000023514582000 JavaThread "Cache worker for file hash cache (E:\Programs\Test\.gradle\7.0.2\fileHashes)" [_thread_blocked, id=8484, stack(0x0000005825500000,0x0000005825600000)]
  0x000002351458b000 JavaThread "Cache worker for checksums cache (E:\Programs\Test\.gradle\checksums)" [_thread_blocked, id=7908, stack(0x0000005825600000,0x0000005825700000)]
  0x000002351458e800 JavaThread "Cache worker for cache directory md-supplier (C:\Users\a0587\.gradle\caches\7.0.2\md-supplier)" [_thread_blocked, id=4744, stack(0x0000005825700000,0x0000005825800000)]
  0x000002351458c000 JavaThread "Cache worker for cache directory md-rule (C:\Users\a0587\.gradle\caches\7.0.2\md-rule)" [_thread_blocked, id=7572, stack(0x0000005825c00000,0x0000005825d00000)]
  0x0000023514588800 JavaThread "Cache worker for dependencies-accessors (E:\Programs\Test\.gradle\7.0.2\dependencies-accessors)" [_thread_blocked, id=14852, stack(0x0000005825d00000,0x0000005825e00000)]
  0x000002351458c800 JavaThread "Cache worker for Build Output Cleanup Cache (E:\Programs\Test\.gradle\buildOutputCleanup)" [_thread_blocked, id=7848, stack(0x0000005826400000,0x0000005826500000)]
  0x000002351458f000 JavaThread "Build operations" [_thread_blocked, id=12904, stack(0x0000005826600000,0x0000005826700000)]
  0x000002351458d800 JavaThread "Build operations Thread 2" [_thread_blocked, id=10732, stack(0x0000005826900000,0x0000005826a00000)]
  0x0000023514589800 JavaThread "Build operations Thread 3" [_thread_blocked, id=1220, stack(0x0000005826a00000,0x0000005826b00000)]
  0x0000023514590000 JavaThread "Build operations Thread 4" [_thread_blocked, id=12712, stack(0x0000005826b00000,0x0000005826c00000)]
  0x000002351458a000 JavaThread "build event listener" [_thread_blocked, id=10008, stack(0x0000005826c00000,0x0000005826d00000)]
  0x000002350fbd0800 JavaThread "Execution worker for ':'" [_thread_blocked, id=1344, stack(0x0000005826d00000,0x0000005826e00000)]
  0x000002350fbcd000 JavaThread "Execution worker for ':' Thread 2" [_thread_blocked, id=5076, stack(0x0000005826e00000,0x0000005826f00000)]
  0x000002350fbd1800 JavaThread "Execution worker for ':' Thread 3" [_thread_blocked, id=14712, stack(0x0000005827000000,0x0000005827100000)]
  0x000002350fbce000 JavaThread "Cache worker for execution history cache (E:\Programs\Test\.gradle\7.0.2\executionHistory)" [_thread_blocked, id=13652, stack(0x0000005827100000,0x0000005827200000)]
  0x000002350fbcb800 JavaThread "WorkerExecutor Queue" [_thread_blocked, id=14032, stack(0x0000005827200000,0x0000005827300000)]
  0x000002350fbd3800 JavaThread "WorkerExecutor Queue Thread 2" [_thread_blocked, id=12716, stack(0x0000005827300000,0x0000005827400000)]
  0x000002350fbd5800 JavaThread "WorkerExecutor Queue Thread 3" [_thread_blocked, id=8648, stack(0x0000005827400000,0x0000005827500000)]
  0x000002350fbd6000 JavaThread "WorkerExecutor Queue Thread 4" [_thread_blocked, id=13544, stack(0x0000005827500000,0x0000005827600000)]
  0x000002350fbd7000 JavaThread "pool-4-thread-1" [_thread_blocked, id=12920, stack(0x0000005827600000,0x0000005827700000)]
  0x000002350fbd3000 JavaThread "stderr" [_thread_in_native, id=9476, stack(0x0000005827700000,0x0000005827800000)]
  0x00000235100cb800 JavaThread "stdout" [_thread_in_native, id=15264, stack(0x0000005827800000,0x0000005827900000)]
  0x000002351377c000 JavaThread "C2 CompilerThread1" daemon [_thread_blocked, id=14428, stack(0x0000005826500000,0x0000005826600000)]
  0x0000023511dcd800 JavaThread "WorkerExecutor Queue Thread 5" [_thread_blocked, id=14760, stack(0x0000005827900000,0x0000005827a00000)]
  0x0000023511dcc000 JavaThread "ForkJoinPool-2-worker-3" daemon [_thread_blocked, id=14248, stack(0x0000005827a00000,0x0000005827b00000)]
  0x0000023511dc8000 JavaThread "ForkJoinPool-2-worker-5" daemon [_thread_blocked, id=1272, stack(0x0000005827b00000,0x0000005827c00000)]
  0x0000023511dc9800 JavaThread "ForkJoinPool-2-worker-7" daemon [_thread_blocked, id=880, stack(0x0000005827c00000,0x0000005827d00000)]
  0x0000023511dca000 JavaThread "ForkJoinPool-2-worker-1" daemon [_thread_blocked, id=7968, stack(0x0000005827d00000,0x0000005827e00000)]
  0x0000023511dcb000 JavaThread "Cache worker for Java compile cache (C:\Users\a0587\.gradle\caches\7.0.2\javaCompile)" [_thread_blocked, id=9720, stack(0x0000005827e00000,0x0000005827f00000)]
  0x0000023511dce800 JavaThread "Cache worker for Java compile cache (E:\Programs\Test\.gradle\7.0.2\javaCompile)" [_thread_blocked, id=7408, stack(0x0000005827f00000,0x0000005828000000)]

Other Threads:
=>0x000002357dc16800 VMThread "VM Thread" [stack: 0x0000005824100000,0x0000005824200000] [id=14064]
  0x000002357e62f000 WatcherThread [stack: 0x0000005824b00000,0x0000005824c00000] [id=2076]
  0x0000023573029800 GCTaskThread "GC Thread#0" [stack: 0x0000005823c00000,0x0000005823d00000] [id=15224]
  0x000002357ec2a800 GCTaskThread "GC Thread#1" [stack: 0x0000005824c00000,0x0000005824d00000] [id=15100]
  0x000002357ec96000 GCTaskThread "GC Thread#2" [stack: 0x0000005824d00000,0x0000005824e00000] [id=2484]
  0x000002350f2c6000 GCTaskThread "GC Thread#3" [stack: 0x0000005825800000,0x0000005825900000] [id=3492]
  0x000002357305c000 ConcurrentGCThread "G1 Main Marker" [stack: 0x0000005823d00000,0x0000005823e00000] [id=14288]
  0x000002357305e000 ConcurrentGCThread "G1 Conc#0" [stack: 0x0000005823e00000,0x0000005823f00000] [id=14960]
  0x00000235730ec800 ConcurrentGCThread "G1 Refine#0" [stack: 0x0000005823f00000,0x0000005824000000] [id=10604]
  0x00000235730ee000 ConcurrentGCThread "G1 Young RemSet Sampling" [stack: 0x0000005824000000,0x0000005824100000] [id=13492]

Threads with active compile tasks:
C2 CompilerThread01427608 23131       4       com.android.tools.r8.graph.E::a (275 bytes)
C2 CompilerThread11427608 22676 %     4       com.android.tools.r8.dex.j::a @ 315 (1038 bytes)

VM state:at safepoint (normal execution)

VM Mutex/Monitor currently owned by a thread:  ([mutex/lock_event])
[0x000002357300e080] Threads_lock - owner thread: 0x000002357dc16800
[0x000002357300d5d0] Heap_lock - owner thread: 0x000002350fbd6000

Heap address: 0x0000000080000000, size: 2048 MB, Compressed Oops mode: 32-bit
Narrow klass base: 0x0000000000000000, Narrow klass shift: 3
Compressed class space size: 1073741824 Address: 0x0000000100000000

Heap:
 garbage-first heap   total 549888K, used 254464K [0x0000000080000000, 0x0000000100000000)
  region size 1024K, 3 young (3072K), 3 survivors (3072K)
 Metaspace       used 137336K, capacity 141325K, committed 141616K, reserved 1173504K
  class space    used 17005K, capacity 18465K, committed 18560K, reserved 1048576K
Heap Regions: E=young(eden), S=young(survivor), O=old, HS=humongous(starts), HC=humongous(continues), CS=collection set, F=free, A=archive, TAMS=top-at-mark-start (previous, next)
|   0|0x0000000080000000, 0x0000000080100000, 0x0000000080100000|100%| O|  |TAMS 0x0000000080100000, 0x0000000080000000| Untracked 
|   1|0x0000000080100000, 0x0000000080200000, 0x0000000080200000|100%| O|  |TAMS 0x0000000080200000, 0x0000000080100000| Untracked 
|   2|0x0000000080200000, 0x0000000080300000, 0x0000000080300000|100%| O|  |TAMS 0x0000000080300000, 0x0000000080200000| Untracked 
|   3|0x0000000080300000, 0x0000000080400000, 0x0000000080400000|100%|HS|  |TAMS 0x0000000080400000, 0x0000000080300000| Complete 
|   4|0x0000000080400000, 0x0000000080500000, 0x0000000080500000|100%|HC|  |TAMS 0x0000000080500000, 0x0000000080400000| Complete 
|   5|0x0000000080500000, 0x0000000080600000, 0x0000000080600000|100%|HC|  |TAMS 0x0000000080600000, 0x0000000080500000| Complete 
|   6|0x0000000080600000, 0x0000000080700000, 0x0000000080700000|100%| O|  |TAMS 0x0000000080700000, 0x0000000080600000| Untracked 
|   7|0x0000000080700000, 0x0000000080800000, 0x0000000080800000|100%| O|  |TAMS 0x0000000080800000, 0x0000000080700000| Untracked 
|   8|0x0000000080800000, 0x0000000080900000, 0x0000000080900000|100%| O|  |TAMS 0x0000000080900000, 0x0000000080800000| Untracked 
|   9|0x0000000080900000, 0x0000000080a00000, 0x0000000080a00000|100%| O|  |TAMS 0x0000000080a00000, 0x0000000080900000| Untracked 
|  10|0x0000000080a00000, 0x0000000080b00000, 0x0000000080b00000|100%| O|  |TAMS 0x0000000080b00000, 0x0000000080a00000| Untracked 
|  11|0x0000000080b00000, 0x0000000080c00000, 0x0000000080c00000|100%| O|  |TAMS 0x0000000080c00000, 0x0000000080b00000| Untracked 
|  12|0x0000000080c00000, 0x0000000080d00000, 0x0000000080d00000|100%| O|  |TAMS 0x0000000080d00000, 0x0000000080c00000| Untracked 
|  13|0x0000000080d00000, 0x0000000080e00000, 0x0000000080e00000|100%| O|  |TAMS 0x0000000080e00000, 0x0000000080d00000| Untracked 
|  14|0x0000000080e00000, 0x0000000080f00000, 0x0000000080f00000|100%| O|  |TAMS 0x0000000080f00000, 0x0000000080e00000| Untracked 
|  15|0x0000000080f00000, 0x0000000081000000, 0x0000000081000000|100%| O|  |TAMS 0x0000000081000000, 0x0000000080f00000| Untracked 
|  16|0x0000000081000000, 0x0000000081100000, 0x0000000081100000|100%| O|  |TAMS 0x0000000081100000, 0x0000000081000000| Untracked 
|  17|0x0000000081100000, 0x0000000081200000, 0x0000000081200000|100%|HS|  |TAMS 0x0000000081200000, 0x0000000081100000| Complete 
|  18|0x0000000081200000, 0x0000000081300000, 0x0000000081300000|100%|HC|  |TAMS 0x0000000081300000, 0x0000000081200000| Complete 
|  19|0x0000000081300000, 0x0000000081400000, 0x0000000081400000|100%|HS|  |TAMS 0x0000000081400000, 0x0000000081300000| Complete 
|  20|0x0000000081400000, 0x0000000081500000, 0x0000000081500000|100%|HC|  |TAMS 0x0000000081500000, 0x0000000081400000| Complete 
|  21|0x0000000081500000, 0x0000000081600000, 0x0000000081600000|100%|HC|  |TAMS 0x0000000081600000, 0x0000000081500000| Complete 
|  22|0x0000000081600000, 0x0000000081700000, 0x0000000081700000|100%|HS|  |TAMS 0x0000000081700000, 0x0000000081600000| Complete 
|  23|0x0000000081700000, 0x0000000081800000, 0x0000000081800000|100%|HC|  |TAMS 0x0000000081800000, 0x0000000081700000| Complete 
|  24|0x0000000081800000, 0x0000000081900000, 0x0000000081900000|100%|HC|  |TAMS 0x0000000081900000, 0x0000000081800000| Complete 
|  25|0x0000000081900000, 0x0000000081a00000, 0x0000000081a00000|100%|HS|  |TAMS 0x0000000081a00000, 0x0000000081900000| Complete 
|  26|0x0000000081a00000, 0x0000000081b00000, 0x0000000081b00000|100%|HC|  |TAMS 0x0000000081b00000, 0x0000000081a00000| Complete 
|  27|0x0000000081b00000, 0x0000000081c00000, 0x0000000081c00000|100%|HC|  |TAMS 0x0000000081c00000, 0x0000000081b00000| Complete 
|  28|0x0000000081c00000, 0x0000000081d00000, 0x0000000081d00000|100%|HC|  |TAMS 0x0000000081d00000, 0x0000000081c00000| Complete 
|  29|0x0000000081d00000, 0x0000000081e00000, 0x0000000081e00000|100%|HS|  |TAMS 0x0000000081e00000, 0x0000000081d00000| Complete 
|  30|0x0000000081e00000, 0x0000000081f00000, 0x0000000081f00000|100%|HC|  |TAMS 0x0000000081f00000, 0x0000000081e00000| Complete 
|  31|0x0000000081f00000, 0x0000000082000000, 0x0000000082000000|100%|HC|  |TAMS 0x0000000082000000, 0x0000000081f00000| Complete 
|  32|0x0000000082000000, 0x0000000082100000, 0x0000000082100000|100%|HC|  |TAMS 0x0000000082100000, 0x0000000082000000| Complete 
|  33|0x0000000082100000, 0x0000000082200000, 0x0000000082200000|100%|HC|  |TAMS 0x0000000082200000, 0x0000000082100000| Complete 
|  34|0x0000000082200000, 0x0000000082300000, 0x0000000082300000|100%|HS|  |TAMS 0x0000000082300000, 0x0000000082200000| Complete 
|  35|0x0000000082300000, 0x0000000082400000, 0x0000000082400000|100%| O|  |TAMS 0x0000000082400000, 0x0000000082300000| Untracked 
|  36|0x0000000082400000, 0x0000000082500000, 0x0000000082500000|100%| O|  |TAMS 0x0000000082500000, 0x0000000082400000| Untracked 
|  37|0x0000000082500000, 0x0000000082600000, 0x0000000082600000|100%| O|  |TAMS 0x0000000082600000, 0x0000000082500000| Untracked 
|  38|0x0000000082600000, 0x0000000082700000, 0x0000000082700000|100%| O|  |TAMS 0x0000000082700000, 0x0000000082600000| Untracked 
|  39|0x0000000082700000, 0x0000000082800000, 0x0000000082800000|100%| O|  |TAMS 0x0000000082800000, 0x0000000082700000| Untracked 
|  40|0x0000000082800000, 0x0000000082900000, 0x0000000082900000|100%| O|  |TAMS 0x0000000082900000, 0x0000000082800000| Untracked 
|  41|0x0000000082900000, 0x0000000082a00000, 0x0000000082a00000|100%| O|  |TAMS 0x0000000082a00000, 0x0000000082900000| Untracked 
|  42|0x0000000082a00000, 0x0000000082b00000, 0x0000000082b00000|100%| O|  |TAMS 0x0000000082b00000, 0x0000000082a00000| Untracked 
|  43|0x0000000082b00000, 0x0000000082c00000, 0x0000000082c00000|100%|HS|  |TAMS 0x0000000082c00000, 0x0000000082b00000| Complete 
|  44|0x0000000082c00000, 0x0000000082d00000, 0x0000000082d00000|100%|HC|  |TAMS 0x0000000082d00000, 0x0000000082c00000| Complete 
|  45|0x0000000082d00000, 0x0000000082e00000, 0x0000000082e00000|100%|HC|  |TAMS 0x0000000082e00000, 0x0000000082d00000| Complete 
|  46|0x0000000082e00000, 0x0000000082f00000, 0x0000000082f00000|100%| O|  |TAMS 0x0000000082f00000, 0x0000000082e00000| Untracked 
|  47|0x0000000082f00000, 0x0000000083000000, 0x0000000083000000|100%| O|  |TAMS 0x0000000083000000, 0x0000000082f00000| Untracked 
|  48|0x0000000083000000, 0x0000000083100000, 0x0000000083100000|100%|HS|  |TAMS 0x0000000083100000, 0x0000000083000000| Complete 
|  49|0x0000000083100000, 0x0000000083200000, 0x0000000083200000|100%|HC|  |TAMS 0x0000000083200000, 0x0000000083100000| Complete 
|  50|0x0000000083200000, 0x0000000083300000, 0x0000000083300000|100%|HC|  |TAMS 0x0000000083300000, 0x0000000083200000| Complete 
|  51|0x0000000083300000, 0x0000000083400000, 0x0000000083400000|100%|HS|  |TAMS 0x0000000083400000, 0x0000000083300000| Complete 
|  52|0x0000000083400000, 0x0000000083500000, 0x0000000083500000|100%|HC|  |TAMS 0x0000000083500000, 0x0000000083400000| Complete 
|  53|0x0000000083500000, 0x0000000083600000, 0x0000000083600000|100%|HS|  |TAMS 0x0000000083600000, 0x0000000083500000| Complete 
|  54|0x0000000083600000, 0x0000000083700000, 0x0000000083700000|100%|HC|  |TAMS 0x0000000083700000, 0x0000000083600000| Complete 
|  55|0x0000000083700000, 0x0000000083800000, 0x0000000083800000|100%|HC|  |TAMS 0x0000000083800000, 0x0000000083700000| Complete 
|  56|0x0000000083800000, 0x0000000083900000, 0x0000000083900000|100%|HC|  |TAMS 0x0000000083900000, 0x0000000083800000| Complete 
|  57|0x0000000083900000, 0x0000000083a00000, 0x0000000083a00000|100%| O|  |TAMS 0x0000000083a00000, 0x0000000083900000| Untracked 
|  58|0x0000000083a00000, 0x0000000083b00000, 0x0000000083b00000|100%| O|  |TAMS 0x0000000083b00000, 0x0000000083a00000| Untracked 
|  59|0x0000000083b00000, 0x0000000083c00000, 0x0000000083c00000|100%| O|  |TAMS 0x0000000083c00000, 0x0000000083b00000| Untracked 
|  60|0x0000000083c00000, 0x0000000083d00000, 0x0000000083d00000|100%| O|  |TAMS 0x0000000083d00000, 0x0000000083c00000| Untracked 
|  61|0x0000000083d00000, 0x0000000083e00000, 0x0000000083e00000|100%| O|  |TAMS 0x0000000083e00000, 0x0000000083d00000| Untracked 
|  62|0x0000000083e00000, 0x0000000083f00000, 0x0000000083f00000|100%| O|  |TAMS 0x0000000083f00000, 0x0000000083e00000| Untracked 
|  63|0x0000000083f00000, 0x0000000084000000, 0x0000000084000000|100%| O|  |TAMS 0x0000000084000000, 0x0000000083f00000| Untracked 
|  64|0x0000000084000000, 0x0000000084100000, 0x0000000084100000|100%| O|  |TAMS 0x0000000084100000, 0x0000000084000000| Untracked 
|  65|0x0000000084100000, 0x0000000084200000, 0x0000000084200000|100%| O|  |TAMS 0x0000000084200000, 0x0000000084100000| Untracked 
|  66|0x0000000084200000, 0x0000000084300000, 0x0000000084300000|100%|HS|  |TAMS 0x0000000084300000, 0x0000000084200000| Complete 
|  67|0x0000000084300000, 0x0000000084400000, 0x0000000084400000|100%|HC|  |TAMS 0x0000000084400000, 0x0000000084300000| Complete 
|  68|0x0000000084400000, 0x0000000084500000, 0x0000000084500000|100%|HC|  |TAMS 0x0000000084500000, 0x0000000084400000| Complete 
|  69|0x0000000084500000, 0x0000000084600000, 0x0000000084600000|100%|HC|  |TAMS 0x0000000084600000, 0x0000000084500000| Complete 
|  70|0x0000000084600000, 0x0000000084700000, 0x0000000084700000|100%|HC|  |TAMS 0x0000000084700000, 0x0000000084600000| Complete 
|  71|0x0000000084700000, 0x0000000084800000, 0x0000000084800000|100%| O|  |TAMS 0x0000000084800000, 0x0000000084700000| Untracked 
|  72|0x0000000084800000, 0x0000000084900000, 0x0000000084900000|100%| O|  |TAMS 0x0000000084900000, 0x0000000084800000| Untracked 
|  73|0x0000000084900000, 0x0000000084a00000, 0x0000000084a00000|100%|HS|  |TAMS 0x0000000084a00000, 0x0000000084900000| Complete 
|  74|0x0000000084a00000, 0x0000000084b00000, 0x0000000084b00000|100%|HS|  |TAMS 0x0000000084b00000, 0x0000000084a00000| Complete 
|  75|0x0000000084b00000, 0x0000000084c00000, 0x0000000084c00000|100%| O|  |TAMS 0x0000000084c00000, 0x0000000084b00000| Untracked 
|  76|0x0000000084c00000, 0x0000000084d00000, 0x0000000084d00000|100%| O|  |TAMS 0x0000000084d00000, 0x0000000084c00000| Untracked 
|  77|0x0000000084d00000, 0x0000000084e00000, 0x0000000084e00000|100%| O|  |TAMS 0x0000000084e00000, 0x0000000084d00000| Untracked 
|  78|0x0000000084e00000, 0x0000000084f00000, 0x0000000084f00000|100%| O|  |TAMS 0x0000000084f00000, 0x0000000084e00000| Untracked 
|  79|0x0000000084f00000, 0x0000000085000000, 0x0000000085000000|100%|HS|  |TAMS 0x0000000085000000, 0x0000000084f00000| Complete 
|  80|0x0000000085000000, 0x0000000085100000, 0x0000000085100000|100%|HC|  |TAMS 0x0000000085100000, 0x0000000085000000| Complete 
|  81|0x0000000085100000, 0x0000000085200000, 0x0000000085200000|100%| O|  |TAMS 0x0000000085200000, 0x0000000085100000| Untracked 
|  82|0x0000000085200000, 0x0000000085300000, 0x0000000085300000|100%| O|  |TAMS 0x0000000085300000, 0x0000000085200000| Untracked 
|  83|0x0000000085300000, 0x0000000085400000, 0x0000000085400000|100%| O|  |TAMS 0x0000000085400000, 0x0000000085300000| Untracked 
|  84|0x0000000085400000, 0x0000000085500000, 0x0000000085500000|100%| O|  |TAMS 0x0000000085500000, 0x0000000085400000| Untracked 
|  85|0x0000000085500000, 0x0000000085600000, 0x0000000085600000|100%| O|  |TAMS 0x0000000085600000, 0x0000000085500000| Untracked 
|  86|0x0000000085600000, 0x0000000085700000, 0x0000000085700000|100%| O|  |TAMS 0x0000000085700000, 0x0000000085600000| Untracked 
|  87|0x0000000085700000, 0x0000000085800000, 0x0000000085800000|100%| O|  |TAMS 0x0000000085800000, 0x0000000085700000| Untracked 
|  88|0x0000000085800000, 0x0000000085900000, 0x0000000085900000|100%| O|  |TAMS 0x0000000085900000, 0x0000000085800000| Untracked 
|  89|0x0000000085900000, 0x0000000085a00000, 0x0000000085a00000|100%| O|  |TAMS 0x0000000085a00000, 0x0000000085900000| Untracked 
|  90|0x0000000085a00000, 0x0000000085b00000, 0x0000000085b00000|100%| O|  |TAMS 0x0000000085b00000, 0x0000000085a00000| Untracked 
|  91|0x0000000085b00000, 0x0000000085c00000, 0x0000000085c00000|100%| O|  |TAMS 0x0000000085c00000, 0x0000000085b00000| Untracked 
|  92|0x0000000085c00000, 0x0000000085d00000, 0x0000000085d00000|100%| O|  |TAMS 0x0000000085d00000, 0x0000000085c00000| Untracked 
|  93|0x0000000085d00000, 0x0000000085e00000, 0x0000000085e00000|100%| O|  |TAMS 0x0000000085e00000, 0x0000000085d00000| Untracked 
|  94|0x0000000085e00000, 0x0000000085f00000, 0x0000000085f00000|100%| O|  |TAMS 0x0000000085f00000, 0x0000000085e00000| Untracked 
|  95|0x0000000085f00000, 0x0000000086000000, 0x0000000086000000|100%| O|  |TAMS 0x0000000086000000, 0x0000000085f00000| Untracked 
|  96|0x0000000086000000, 0x0000000086100000, 0x0000000086100000|100%| O|  |TAMS 0x0000000086100000, 0x0000000086000000| Untracked 
|  97|0x0000000086100000, 0x0000000086200000, 0x0000000086200000|100%| O|  |TAMS 0x0000000086200000, 0x0000000086100000| Untracked 
|  98|0x0000000086200000, 0x0000000086300000, 0x0000000086300000|100%| O|  |TAMS 0x0000000086300000, 0x0000000086200000| Untracked 
|  99|0x0000000086300000, 0x0000000086400000, 0x0000000086400000|100%| O|  |TAMS 0x0000000086400000, 0x0000000086300000| Untracked 
| 100|0x0000000086400000, 0x0000000086500000, 0x0000000086500000|100%|HS|  |TAMS 0x0000000086500000, 0x0000000086400000| Complete 
| 101|0x0000000086500000, 0x0000000086600000, 0x0000000086600000|100%|HC|  |TAMS 0x0000000086600000, 0x0000000086500000| Complete 
| 102|0x0000000086600000, 0x0000000086700000, 0x0000000086700000|100%|HS|  |TAMS 0x0000000086700000, 0x0000000086600000| Complete 
| 103|0x0000000086700000, 0x0000000086800000, 0x0000000086800000|100%|HC|  |TAMS 0x0000000086800000, 0x0000000086700000| Complete 
| 104|0x0000000086800000, 0x0000000086900000, 0x0000000086900000|100%|HC|  |TAMS 0x0000000086900000, 0x0000000086800000| Complete 
| 105|0x0000000086900000, 0x0000000086a00000, 0x0000000086a00000|100%|HS|  |TAMS 0x0000000086a00000, 0x0000000086900000| Complete 
| 106|0x0000000086a00000, 0x0000000086b00000, 0x0000000086b00000|100%|HC|  |TAMS 0x0000000086b00000, 0x0000000086a00000| Complete 
| 107|0x0000000086b00000, 0x0000000086c00000, 0x0000000086c00000|100%|HC|  |TAMS 0x0000000086c00000, 0x0000000086b00000| Complete 
| 108|0x0000000086c00000, 0x0000000086d00000, 0x0000000086d00000|100%|HS|  |TAMS 0x0000000086d00000, 0x0000000086c00000| Complete 
| 109|0x0000000086d00000, 0x0000000086e00000, 0x0000000086e00000|100%|HC|  |TAMS 0x0000000086e00000, 0x0000000086d00000| Complete 
| 110|0x0000000086e00000, 0x0000000086f00000, 0x0000000086f00000|100%|HC|  |TAMS 0x0000000086f00000, 0x0000000086e00000| Complete 
| 111|0x0000000086f00000, 0x0000000087000000, 0x0000000087000000|100%|HC|  |TAMS 0x0000000087000000, 0x0000000086f00000| Complete 
| 112|0x0000000087000000, 0x0000000087100000, 0x0000000087100000|100%|HS|  |TAMS 0x0000000087100000, 0x0000000087000000| Complete 
| 113|0x0000000087100000, 0x0000000087200000, 0x0000000087200000|100%|HC|  |TAMS 0x0000000087200000, 0x0000000087100000| Complete 
| 114|0x0000000087200000, 0x0000000087300000, 0x0000000087300000|100%|HC|  |TAMS 0x0000000087300000, 0x0000000087200000| Complete 
| 115|0x0000000087300000, 0x0000000087400000, 0x0000000087400000|100%|HC|  |TAMS 0x0000000087400000, 0x0000000087300000| Complete 
| 116|0x0000000087400000, 0x0000000087500000, 0x0000000087500000|100%|HC|  |TAMS 0x0000000087500000, 0x0000000087400000| Complete 
| 117|0x0000000087500000, 0x0000000087600000, 0x0000000087600000|100%|HS|  |TAMS 0x0000000087600000, 0x0000000087500000| Complete 
| 118|0x0000000087600000, 0x0000000087700000, 0x0000000087700000|100%| O|  |TAMS 0x0000000087700000, 0x0000000087600000| Untracked 
| 119|0x0000000087700000, 0x0000000087800000, 0x0000000087800000|100%| O|  |TAMS 0x0000000087800000, 0x0000000087700000| Untracked 
| 120|0x0000000087800000, 0x0000000087900000, 0x0000000087900000|100%| O|  |TAMS 0x0000000087900000, 0x0000000087800000| Untracked 
| 121|0x0000000087900000, 0x0000000087a00000, 0x0000000087a00000|100%| O|  |TAMS 0x0000000087a00000, 0x0000000087900000| Untracked 
| 122|0x0000000087a00000, 0x0000000087b00000, 0x0000000087b00000|100%| O|  |TAMS 0x0000000087b00000, 0x0000000087a00000| Untracked 
| 123|0x0000000087b00000, 0x0000000087c00000, 0x0000000087c00000|100%| O|  |TAMS 0x0000000087c00000, 0x0000000087b00000| Untracked 
| 124|0x0000000087c00000, 0x0000000087d00000, 0x0000000087d00000|100%| O|  |TAMS 0x0000000087d00000, 0x0000000087c00000| Untracked 
| 125|0x0000000087d00000, 0x0000000087e00000, 0x0000000087e00000|100%| O|  |TAMS 0x0000000087e00000, 0x0000000087d00000| Untracked 
| 126|0x0000000087e00000, 0x0000000087f00000, 0x0000000087f00000|100%| O|  |TAMS 0x0000000087f00000, 0x0000000087e00000| Untracked 
| 127|0x0000000087f00000, 0x0000000088000000, 0x0000000088000000|100%| O|  |TAMS 0x0000000088000000, 0x0000000087f00000| Untracked 
| 128|0x0000000088000000, 0x0000000088100000, 0x0000000088100000|100%| O|  |TAMS 0x0000000088100000, 0x0000000088000000| Untracked 
| 129|0x0000000088100000, 0x0000000088200000, 0x0000000088200000|100%| O|  |TAMS 0x0000000088200000, 0x0000000088100000| Untracked 
| 130|0x0000000088200000, 0x0000000088300000, 0x0000000088300000|100%| O|  |TAMS 0x0000000088300000, 0x0000000088200000| Untracked 
| 131|0x0000000088300000, 0x0000000088400000, 0x0000000088400000|100%| O|  |TAMS 0x0000000088400000, 0x0000000088300000| Untracked 
| 132|0x0000000088400000, 0x0000000088500000, 0x0000000088500000|100%| O|  |TAMS 0x0000000088500000, 0x0000000088400000| Untracked 
| 133|0x0000000088500000, 0x0000000088600000, 0x0000000088600000|100%| O|  |TAMS 0x0000000088600000, 0x0000000088500000| Untracked 
| 134|0x0000000088600000, 0x0000000088700000, 0x0000000088700000|100%| O|  |TAMS 0x0000000088700000, 0x0000000088600000| Untracked 
| 135|0x0000000088700000, 0x0000000088800000, 0x0000000088800000|100%| O|  |TAMS 0x0000000088800000, 0x0000000088700000| Untracked 
| 136|0x0000000088800000, 0x0000000088900000, 0x0000000088900000|100%| O|  |TAMS 0x0000000088800000, 0x0000000088800000| Untracked 
| 137|0x0000000088900000, 0x0000000088a00000, 0x0000000088a00000|100%| O|  |TAMS 0x0000000088a00000, 0x0000000088900000| Untracked 
| 138|0x0000000088a00000, 0x0000000088b00000, 0x0000000088b00000|100%| O|  |TAMS 0x0000000088b00000, 0x0000000088a00000| Untracked 
| 139|0x0000000088b00000, 0x0000000088c00000, 0x0000000088c00000|100%| O|  |TAMS 0x0000000088c00000, 0x0000000088b00000| Untracked 
| 140|0x0000000088c00000, 0x0000000088d00000, 0x0000000088d00000|100%| O|  |TAMS 0x0000000088c00000, 0x0000000088c00000| Untracked 
| 141|0x0000000088d00000, 0x0000000088e00000, 0x0000000088e00000|100%| O|  |TAMS 0x0000000088e00000, 0x0000000088d00000| Untracked 
| 142|0x0000000088e00000, 0x0000000088f00000, 0x0000000088f00000|100%| O|  |TAMS 0x0000000088f00000, 0x0000000088e00000| Untracked 
| 143|0x0000000088f00000, 0x0000000089000000, 0x0000000089000000|100%| O|  |TAMS 0x0000000089000000, 0x0000000088f00000| Untracked 
| 144|0x0000000089000000, 0x0000000089100000, 0x0000000089100000|100%| O|  |TAMS 0x0000000089100000, 0x0000000089000000| Untracked 
| 145|0x0000000089100000, 0x0000000089200000, 0x0000000089200000|100%| O|  |TAMS 0x0000000089200000, 0x0000000089100000| Untracked 
| 146|0x0000000089200000, 0x0000000089300000, 0x0000000089300000|100%| O|  |TAMS 0x0000000089300000, 0x0000000089200000| Untracked 
| 147|0x0000000089300000, 0x0000000089400000, 0x0000000089400000|100%| O|  |TAMS 0x0000000089400000, 0x0000000089300000| Untracked 
| 148|0x0000000089400000, 0x0000000089500000, 0x0000000089500000|100%| O|  |TAMS 0x0000000089500000, 0x0000000089400000| Untracked 
| 149|0x0000000089500000, 0x0000000089600000, 0x0000000089600000|100%| O|  |TAMS 0x0000000089600000, 0x0000000089500000| Untracked 
| 150|0x0000000089600000, 0x0000000089700000, 0x0000000089700000|100%| O|  |TAMS 0x0000000089600000, 0x0000000089600000| Untracked 
| 151|0x0000000089700000, 0x0000000089800000, 0x0000000089800000|100%| O|  |TAMS 0x0000000089700000, 0x0000000089700000| Untracked 
| 152|0x0000000089800000, 0x0000000089900000, 0x0000000089900000|100%| O|  |TAMS 0x0000000089800000, 0x0000000089800000| Untracked 
| 153|0x0000000089900000, 0x0000000089a00000, 0x0000000089a00000|100%| O|  |TAMS 0x0000000089900000, 0x0000000089900000| Untracked 
| 154|0x0000000089a00000, 0x0000000089b00000, 0x0000000089b00000|100%| O|  |TAMS 0x0000000089a00000, 0x0000000089a00000| Untracked 
| 155|0x0000000089b00000, 0x0000000089c00000, 0x0000000089c00000|100%| O|  |TAMS 0x0000000089b00000, 0x0000000089b00000| Untracked 
| 156|0x0000000089c00000, 0x0000000089d00000, 0x0000000089d00000|100%| O|  |TAMS 0x0000000089c00000, 0x0000000089c00000| Untracked 
| 157|0x0000000089d00000, 0x0000000089e00000, 0x0000000089e00000|100%| O|  |TAMS 0x0000000089d00000, 0x0000000089d00000| Untracked 
| 158|0x0000000089e00000, 0x0000000089f00000, 0x0000000089f00000|100%| O|  |TAMS 0x0000000089e00000, 0x0000000089e00000| Untracked 
| 159|0x0000000089f00000, 0x000000008a000000, 0x000000008a000000|100%| O|  |TAMS 0x0000000089f00000, 0x0000000089f00000| Untracked 
| 160|0x000000008a000000, 0x000000008a100000, 0x000000008a100000|100%| O|  |TAMS 0x000000008a000000, 0x000000008a000000| Untracked 
| 161|0x000000008a100000, 0x000000008a200000, 0x000000008a200000|100%| O|  |TAMS 0x000000008a200000, 0x000000008a100000| Untracked 
| 162|0x000000008a200000, 0x000000008a300000, 0x000000008a300000|100%| O|  |TAMS 0x000000008a300000, 0x000000008a200000| Untracked 
| 163|0x000000008a300000, 0x000000008a400000, 0x000000008a400000|100%| O|  |TAMS 0x000000008a300000, 0x000000008a300000| Untracked 
| 164|0x000000008a400000, 0x000000008a500000, 0x000000008a500000|100%| O|  |TAMS 0x000000008a500000, 0x000000008a400000| Untracked 
| 165|0x000000008a500000, 0x000000008a600000, 0x000000008a600000|100%| O|  |TAMS 0x000000008a500000, 0x000000008a500000| Untracked 
| 166|0x000000008a600000, 0x000000008a700000, 0x000000008a700000|100%| O|  |TAMS 0x000000008a600000, 0x000000008a600000| Untracked 
| 167|0x000000008a700000, 0x000000008a800000, 0x000000008a800000|100%| O|  |TAMS 0x000000008a700000, 0x000000008a700000| Untracked 
| 168|0x000000008a800000, 0x000000008a900000, 0x000000008a900000|100%| O|  |TAMS 0x000000008a900000, 0x000000008a800000| Untracked 
| 169|0x000000008a900000, 0x000000008aa00000, 0x000000008aa00000|100%| O|  |TAMS 0x000000008a900000, 0x000000008a900000| Untracked 
| 170|0x000000008aa00000, 0x000000008ab00000, 0x000000008ab00000|100%| O|  |TAMS 0x000000008aa00000, 0x000000008aa00000| Untracked 
| 171|0x000000008ab00000, 0x000000008ac00000, 0x000000008ac00000|100%| O|  |TAMS 0x000000008ab00000, 0x000000008ab00000| Untracked 
| 172|0x000000008ac00000, 0x000000008ad00000, 0x000000008ad00000|100%| O|  |TAMS 0x000000008ac00000, 0x000000008ac00000| Untracked 
| 173|0x000000008ad00000, 0x000000008ae00000, 0x000000008ae00000|100%| O|  |TAMS 0x000000008ae00000, 0x000000008ad00000| Untracked 
| 174|0x000000008ae00000, 0x000000008af00000, 0x000000008af00000|100%| O|  |TAMS 0x000000008ae34000, 0x000000008ae00000| Untracked 
| 175|0x000000008af00000, 0x000000008b000000, 0x000000008b000000|100%| O|  |TAMS 0x000000008af00000, 0x000000008af00000| Untracked 
| 176|0x000000008b000000, 0x000000008b100000, 0x000000008b100000|100%| O|  |TAMS 0x000000008b000000, 0x000000008b000000| Untracked 
| 177|0x000000008b100000, 0x000000008b200000, 0x000000008b200000|100%| O|  |TAMS 0x000000008b100000, 0x000000008b100000| Untracked 
| 178|0x000000008b200000, 0x000000008b300000, 0x000000008b300000|100%| O|  |TAMS 0x000000008b200000, 0x000000008b200000| Untracked 
| 179|0x000000008b300000, 0x000000008b400000, 0x000000008b400000|100%| O|  |TAMS 0x000000008b300000, 0x000000008b300000| Untracked 
| 180|0x000000008b400000, 0x000000008b500000, 0x000000008b500000|100%| O|  |TAMS 0x000000008b400000, 0x000000008b400000| Untracked 
| 181|0x000000008b500000, 0x000000008b600000, 0x000000008b600000|100%| O|  |TAMS 0x000000008b500000, 0x000000008b500000| Untracked 
| 182|0x000000008b600000, 0x000000008b700000, 0x000000008b700000|100%| O|  |TAMS 0x000000008b600000, 0x000000008b600000| Untracked 
| 183|0x000000008b700000, 0x000000008b800000, 0x000000008b800000|100%|HS|  |TAMS 0x000000008b700000, 0x000000008b700000| Complete 
| 184|0x000000008b800000, 0x000000008b900000, 0x000000008b900000|100%|HS|  |TAMS 0x000000008b800000, 0x000000008b800000| Complete 
| 185|0x000000008b900000, 0x000000008ba00000, 0x000000008ba00000|100%|HS|  |TAMS 0x000000008b900000, 0x000000008b900000| Complete 
| 186|0x000000008ba00000, 0x000000008bb00000, 0x000000008bb00000|100%|HS|  |TAMS 0x000000008ba00000, 0x000000008ba00000| Complete 
| 187|0x000000008bb00000, 0x000000008bc00000, 0x000000008bc00000|100%| O|  |TAMS 0x000000008bb00000, 0x000000008bb00000| Untracked 
| 188|0x000000008bc00000, 0x000000008bd00000, 0x000000008bd00000|100%|HS|  |TAMS 0x000000008bc00000, 0x000000008bc00000| Complete 
| 189|0x000000008bd00000, 0x000000008be00000, 0x000000008be00000|100%|HC|  |TAMS 0x000000008bd00000, 0x000000008bd00000| Complete 
| 190|0x000000008be00000, 0x000000008bf00000, 0x000000008bf00000|100%| O|  |TAMS 0x000000008be00000, 0x000000008be00000| Untracked 
| 191|0x000000008bf00000, 0x000000008c000000, 0x000000008c000000|100%|HS|  |TAMS 0x000000008bf00000, 0x000000008bf00000| Complete 
| 192|0x000000008c000000, 0x000000008c100000, 0x000000008c100000|100%| O|  |TAMS 0x000000008c000000, 0x000000008c000000| Untracked 
| 193|0x000000008c100000, 0x000000008c200000, 0x000000008c200000|100%|HS|  |TAMS 0x000000008c100000, 0x000000008c100000| Complete 
| 194|0x000000008c200000, 0x000000008c300000, 0x000000008c300000|100%| O|  |TAMS 0x000000008c200000, 0x000000008c200000| Untracked 
| 195|0x000000008c300000, 0x000000008c400000, 0x000000008c400000|100%| O|  |TAMS 0x000000008c300000, 0x000000008c300000| Untracked 
| 196|0x000000008c400000, 0x000000008c500000, 0x000000008c500000|100%|HS|  |TAMS 0x000000008c400000, 0x000000008c400000| Complete 
| 197|0x000000008c500000, 0x000000008c600000, 0x000000008c600000|100%|HC|  |TAMS 0x000000008c500000, 0x000000008c500000| Complete 
| 198|0x000000008c600000, 0x000000008c700000, 0x000000008c700000|100%| O|  |TAMS 0x000000008c600000, 0x000000008c600000| Untracked 
| 199|0x000000008c700000, 0x000000008c800000, 0x000000008c800000|100%| O|  |TAMS 0x000000008c700000, 0x000000008c700000| Untracked 
| 200|0x000000008c800000, 0x000000008c900000, 0x000000008c900000|100%| O|  |TAMS 0x000000008c800000, 0x000000008c800000| Untracked 
| 201|0x000000008c900000, 0x000000008ca00000, 0x000000008ca00000|100%| O|  |TAMS 0x000000008c900000, 0x000000008c900000| Untracked 
| 202|0x000000008ca00000, 0x000000008cb00000, 0x000000008cb00000|100%| O|  |TAMS 0x000000008ca00000, 0x000000008ca00000| Untracked 
| 203|0x000000008cb00000, 0x000000008cc00000, 0x000000008cc00000|100%| O|  |TAMS 0x000000008cb00000, 0x000000008cb00000| Untracked 
| 204|0x000000008cc00000, 0x000000008cd00000, 0x000000008cd00000|100%| O|  |TAMS 0x000000008cc00000, 0x000000008cc00000| Untracked 
| 205|0x000000008cd00000, 0x000000008ce00000, 0x000000008ce00000|100%| O|  |TAMS 0x000000008cd00000, 0x000000008cd00000| Untracked 
| 206|0x000000008ce00000, 0x000000008cf00000, 0x000000008cf00000|100%| O|  |TAMS 0x000000008ce00000, 0x000000008ce00000| Untracked 
| 207|0x000000008cf00000, 0x000000008d000000, 0x000000008d000000|100%| O|  |TAMS 0x000000008cf00000, 0x000000008cf00000| Untracked 
| 208|0x000000008d000000, 0x000000008d100000, 0x000000008d100000|100%| O|  |TAMS 0x000000008d000000, 0x000000008d000000| Untracked 
| 209|0x000000008d100000, 0x000000008d200000, 0x000000008d200000|100%| O|  |TAMS 0x000000008d100000, 0x000000008d100000| Untracked 
| 210|0x000000008d200000, 0x000000008d300000, 0x000000008d300000|100%| O|  |TAMS 0x000000008d200000, 0x000000008d200000| Untracked 
| 211|0x000000008d300000, 0x000000008d400000, 0x000000008d400000|100%| O|  |TAMS 0x000000008d300000, 0x000000008d300000| Untracked 
| 212|0x000000008d400000, 0x000000008d500000, 0x000000008d500000|100%| O|  |TAMS 0x000000008d400000, 0x000000008d400000| Untracked 
| 213|0x000000008d500000, 0x000000008d600000, 0x000000008d600000|100%| O|  |TAMS 0x000000008d500000, 0x000000008d500000| Untracked 
| 214|0x000000008d600000, 0x000000008d700000, 0x000000008d700000|100%| O|  |TAMS 0x000000008d600000, 0x000000008d600000| Untracked 
| 215|0x000000008d700000, 0x000000008d800000, 0x000000008d800000|100%| O|  |TAMS 0x000000008d700000, 0x000000008d700000| Untracked 
| 216|0x000000008d800000, 0x000000008d900000, 0x000000008d900000|100%| O|  |TAMS 0x000000008d800000, 0x000000008d800000| Untracked 
| 217|0x000000008d900000, 0x000000008da00000, 0x000000008da00000|100%| O|  |TAMS 0x000000008d900000, 0x000000008d900000| Untracked 
| 218|0x000000008da00000, 0x000000008db00000, 0x000000008db00000|100%| O|  |TAMS 0x000000008da00000, 0x000000008da00000| Untracked 
| 219|0x000000008db00000, 0x000000008dc00000, 0x000000008dc00000|100%| O|  |TAMS 0x000000008db00000, 0x000000008db00000| Untracked 
| 220|0x000000008dc00000, 0x000000008dd00000, 0x000000008dd00000|100%| O|  |TAMS 0x000000008dc00000, 0x000000008dc00000| Untracked 
| 221|0x000000008dd00000, 0x000000008de00000, 0x000000008de00000|100%| O|  |TAMS 0x000000008dd00000, 0x000000008dd00000| Untracked 
| 222|0x000000008de00000, 0x000000008df00000, 0x000000008df00000|100%| O|  |TAMS 0x000000008de00000, 0x000000008de00000| Untracked 
| 223|0x000000008df00000, 0x000000008e000000, 0x000000008e000000|100%| O|  |TAMS 0x000000008df00000, 0x000000008df00000| Untracked 
| 224|0x000000008e000000, 0x000000008e100000, 0x000000008e100000|100%| O|  |TAMS 0x000000008e000000, 0x000000008e000000| Untracked 
| 225|0x000000008e100000, 0x000000008e200000, 0x000000008e200000|100%| O|  |TAMS 0x000000008e100000, 0x000000008e100000| Untracked 
| 226|0x000000008e200000, 0x000000008e300000, 0x000000008e300000|100%| O|  |TAMS 0x000000008e200000, 0x000000008e200000| Untracked 
| 227|0x000000008e300000, 0x000000008e400000, 0x000000008e400000|100%| O|  |TAMS 0x000000008e300000, 0x000000008e300000| Untracked 
| 228|0x000000008e400000, 0x000000008e500000, 0x000000008e500000|100%| O|  |TAMS 0x000000008e400000, 0x000000008e400000| Untracked 
| 229|0x000000008e500000, 0x000000008e600000, 0x000000008e600000|100%| O|  |TAMS 0x000000008e500000, 0x000000008e500000| Untracked 
| 230|0x000000008e600000, 0x000000008e700000, 0x000000008e700000|100%| O|  |TAMS 0x000000008e600000, 0x000000008e600000| Untracked 
| 231|0x000000008e700000, 0x000000008e800000, 0x000000008e800000|100%| O|  |TAMS 0x000000008e700000, 0x000000008e700000| Untracked 
| 232|0x000000008e800000, 0x000000008e900000, 0x000000008e900000|100%| O|  |TAMS 0x000000008e800000, 0x000000008e800000| Untracked 
| 233|0x000000008e900000, 0x000000008ea00000, 0x000000008ea00000|100%| O|  |TAMS 0x000000008e900000, 0x000000008e900000| Untracked 
| 234|0x000000008ea00000, 0x000000008eb00000, 0x000000008eb00000|100%| O|  |TAMS 0x000000008ea00000, 0x000000008ea00000| Untracked 
| 235|0x000000008eb00000, 0x000000008ec00000, 0x000000008ec00000|100%| O|  |TAMS 0x000000008eb00000, 0x000000008eb00000| Untracked 
| 236|0x000000008ec00000, 0x000000008ed00000, 0x000000008ed00000|100%| O|  |TAMS 0x000000008ec00000, 0x000000008ec00000| Untracked 
| 237|0x000000008ed00000, 0x000000008ee00000, 0x000000008ee00000|100%| O|  |TAMS 0x000000008ed00000, 0x000000008ed00000| Untracked 
| 238|0x000000008ee00000, 0x000000008ef00000, 0x000000008ef00000|100%| O|  |TAMS 0x000000008ee00000, 0x000000008ee00000| Untracked 
| 239|0x000000008ef00000, 0x000000008f000000, 0x000000008f000000|100%| O|  |TAMS 0x000000008ef00000, 0x000000008ef00000| Untracked 
| 240|0x000000008f000000, 0x000000008f100000, 0x000000008f100000|100%| O|  |TAMS 0x000000008f000000, 0x000000008f000000| Untracked 
| 241|0x000000008f100000, 0x000000008f200000, 0x000000008f200000|100%| O|  |TAMS 0x000000008f100000, 0x000000008f100000| Untracked 
| 242|0x000000008f200000, 0x000000008f300000, 0x000000008f300000|100%|HS|  |TAMS 0x000000008f200000, 0x000000008f200000| Complete 
| 243|0x000000008f300000, 0x000000008f400000, 0x000000008f400000|100%|HS|  |TAMS 0x000000008f300000, 0x000000008f300000| Complete 
| 244|0x000000008f400000, 0x000000008f500000, 0x000000008f500000|100%| O|  |TAMS 0x000000008f400000, 0x000000008f400000| Untracked 
| 245|0x000000008f500000, 0x000000008f600000, 0x000000008f600000|100%| O|  |TAMS 0x000000008f500000, 0x000000008f500000| Untracked 
| 246|0x000000008f600000, 0x000000008f600000, 0x000000008f700000|  0%| F|  |TAMS 0x000000008f600000, 0x000000008f600000| Untracked 
| 247|0x000000008f700000, 0x000000008f700000, 0x000000008f800000|  0%| F|  |TAMS 0x000000008f700000, 0x000000008f700000| Untracked 
| 248|0x000000008f800000, 0x000000008f800000, 0x000000008f900000|  0%| F|  |TAMS 0x000000008f800000, 0x000000008f800000| Untracked 
| 249|0x000000008f900000, 0x000000008f900000, 0x000000008fa00000|  0%| F|  |TAMS 0x000000008f900000, 0x000000008f900000| Untracked 
| 250|0x000000008fa00000, 0x000000008fa00000, 0x000000008fb00000|  0%| F|  |TAMS 0x000000008fa00000, 0x000000008fa00000| Untracked 
| 251|0x000000008fb00000, 0x000000008fb00000, 0x000000008fc00000|  0%| F|  |TAMS 0x000000008fb00000, 0x000000008fb00000| Untracked 
| 252|0x000000008fc00000, 0x000000008fc00000, 0x000000008fd00000|  0%| F|  |TAMS 0x000000008fc00000, 0x000000008fc00000| Untracked 
| 253|0x000000008fd00000, 0x000000008fd00000, 0x000000008fe00000|  0%| F|  |TAMS 0x000000008fd00000, 0x000000008fd00000| Untracked 
| 254|0x000000008fe00000, 0x000000008fe00000, 0x000000008ff00000|  0%| F|  |TAMS 0x000000008fe00000, 0x000000008fe00000| Untracked 
| 255|0x000000008ff00000, 0x000000008ff00000, 0x0000000090000000|  0%| F|  |TAMS 0x000000008ff00000, 0x000000008ff00000| Untracked 
| 256|0x0000000090000000, 0x0000000090000000, 0x0000000090100000|  0%| F|  |TAMS 0x0000000090000000, 0x0000000090000000| Untracked 
| 257|0x0000000090100000, 0x0000000090100000, 0x0000000090200000|  0%| F|  |TAMS 0x0000000090100000, 0x0000000090100000| Untracked 
| 258|0x0000000090200000, 0x0000000090200000, 0x0000000090300000|  0%| F|  |TAMS 0x0000000090200000, 0x0000000090200000| Untracked 
| 259|0x0000000090300000, 0x0000000090300000, 0x0000000090400000|  0%| F|  |TAMS 0x0000000090300000, 0x0000000090300000| Untracked 
| 260|0x0000000090400000, 0x0000000090400000, 0x0000000090500000|  0%| F|  |TAMS 0x0000000090400000, 0x0000000090400000| Untracked 
| 261|0x0000000090500000, 0x0000000090500000, 0x0000000090600000|  0%| F|  |TAMS 0x0000000090500000, 0x0000000090500000| Untracked 
| 262|0x0000000090600000, 0x0000000090600000, 0x0000000090700000|  0%| F|  |TAMS 0x0000000090600000, 0x0000000090600000| Untracked 
| 263|0x0000000090700000, 0x0000000090700000, 0x0000000090800000|  0%| F|  |TAMS 0x0000000090700000, 0x0000000090700000| Untracked 
| 264|0x0000000090800000, 0x0000000090800000, 0x0000000090900000|  0%| F|  |TAMS 0x0000000090800000, 0x0000000090800000| Untracked 
| 265|0x0000000090900000, 0x0000000090900000, 0x0000000090a00000|  0%| F|  |TAMS 0x0000000090900000, 0x0000000090900000| Untracked 
| 266|0x0000000090a00000, 0x0000000090a00000, 0x0000000090b00000|  0%| F|  |TAMS 0x0000000090a00000, 0x0000000090a00000| Untracked 
| 267|0x0000000090b00000, 0x0000000090b00000, 0x0000000090c00000|  0%| F|  |TAMS 0x0000000090b00000, 0x0000000090b00000| Untracked 
| 268|0x0000000090c00000, 0x0000000090c00000, 0x0000000090d00000|  0%| F|  |TAMS 0x0000000090c00000, 0x0000000090c00000| Untracked 
| 269|0x0000000090d00000, 0x0000000090d00000, 0x0000000090e00000|  0%| F|  |TAMS 0x0000000090d00000, 0x0000000090d00000| Untracked 
| 270|0x0000000090e00000, 0x0000000090e00000, 0x0000000090f00000|  0%| F|  |TAMS 0x0000000090e00000, 0x0000000090e00000| Untracked 
| 271|0x0000000090f00000, 0x0000000090f00000, 0x0000000091000000|  0%| F|  |TAMS 0x0000000090f00000, 0x0000000090f00000| Untracked 
| 272|0x0000000091000000, 0x0000000091000000, 0x0000000091100000|  0%| F|  |TAMS 0x0000000091000000, 0x0000000091000000| Untracked 
| 273|0x0000000091100000, 0x0000000091100000, 0x0000000091200000|  0%| F|  |TAMS 0x0000000091100000, 0x0000000091100000| Untracked 
| 274|0x0000000091200000, 0x0000000091200000, 0x0000000091300000|  0%| F|  |TAMS 0x0000000091200000, 0x0000000091200000| Untracked 
| 275|0x0000000091300000, 0x0000000091300000, 0x0000000091400000|  0%| F|  |TAMS 0x0000000091300000, 0x0000000091300000| Untracked 
| 276|0x0000000091400000, 0x0000000091400000, 0x0000000091500000|  0%| F|  |TAMS 0x0000000091400000, 0x0000000091400000| Untracked 
| 277|0x0000000091500000, 0x0000000091500000, 0x0000000091600000|  0%| F|  |TAMS 0x0000000091500000, 0x0000000091500000| Untracked 
| 278|0x0000000091600000, 0x0000000091600000, 0x0000000091700000|  0%| F|  |TAMS 0x0000000091600000, 0x0000000091600000| Untracked 
| 279|0x0000000091700000, 0x0000000091700000, 0x0000000091800000|  0%| F|  |TAMS 0x0000000091700000, 0x0000000091700000| Untracked 
| 280|0x0000000091800000, 0x0000000091800000, 0x0000000091900000|  0%| F|  |TAMS 0x0000000091800000, 0x0000000091800000| Untracked 
| 281|0x0000000091900000, 0x0000000091900000, 0x0000000091a00000|  0%| F|  |TAMS 0x0000000091900000, 0x0000000091900000| Untracked 
| 282|0x0000000091a00000, 0x0000000091a00000, 0x0000000091b00000|  0%| F|  |TAMS 0x0000000091a00000, 0x0000000091a00000| Untracked 
| 283|0x0000000091b00000, 0x0000000091b00000, 0x0000000091c00000|  0%| F|  |TAMS 0x0000000091b00000, 0x0000000091b00000| Untracked 
| 284|0x0000000091c00000, 0x0000000091c00000, 0x0000000091d00000|  0%| F|  |TAMS 0x0000000091c00000, 0x0000000091c00000| Untracked 
| 285|0x0000000091d00000, 0x0000000091d00000, 0x0000000091e00000|  0%| F|  |TAMS 0x0000000091d00000, 0x0000000091d00000| Untracked 
| 286|0x0000000091e00000, 0x0000000091e00000, 0x0000000091f00000|  0%| F|  |TAMS 0x0000000091e00000, 0x0000000091e00000| Untracked 
| 287|0x0000000091f00000, 0x0000000091f00000, 0x0000000092000000|  0%| F|  |TAMS 0x0000000091f00000, 0x0000000091f00000| Untracked 
| 288|0x0000000092000000, 0x0000000092000000, 0x0000000092100000|  0%| F|  |TAMS 0x0000000092000000, 0x0000000092000000| Untracked 
| 289|0x0000000092100000, 0x0000000092100000, 0x0000000092200000|  0%| F|  |TAMS 0x0000000092100000, 0x0000000092100000| Untracked 
| 290|0x0000000092200000, 0x0000000092280040, 0x0000000092300000| 50%| S|CS|TAMS 0x0000000092200000, 0x0000000092200000| Complete 
| 291|0x0000000092300000, 0x0000000092400000, 0x0000000092400000|100%| S|CS|TAMS 0x0000000092300000, 0x0000000092300000| Complete 
| 292|0x0000000092400000, 0x0000000092400000, 0x0000000092500000|  0%| F|  |TAMS 0x0000000092400000, 0x0000000092400000| Untracked 
| 293|0x0000000092500000, 0x0000000092500000, 0x0000000092600000|  0%| F|  |TAMS 0x0000000092500000, 0x0000000092500000| Untracked 
| 294|0x0000000092600000, 0x0000000092600000, 0x0000000092700000|  0%| F|  |TAMS 0x0000000092600000, 0x0000000092600000| Untracked 
| 295|0x0000000092700000, 0x0000000092800000, 0x0000000092800000|100%| S|CS|TAMS 0x0000000092700000, 0x0000000092700000| Complete 
| 296|0x0000000092800000, 0x0000000092800000, 0x0000000092900000|  0%| F|  |TAMS 0x0000000092800000, 0x0000000092800000| Untracked 
| 297|0x0000000092900000, 0x0000000092900000, 0x0000000092a00000|  0%| F|  |TAMS 0x0000000092900000, 0x0000000092900000| Untracked 
| 298|0x0000000092a00000, 0x0000000092a00000, 0x0000000092b00000|  0%| F|  |TAMS 0x0000000092a00000, 0x0000000092a00000| Untracked 
| 299|0x0000000092b00000, 0x0000000092b00000, 0x0000000092c00000|  0%| F|  |TAMS 0x0000000092b00000, 0x0000000092b00000| Untracked 
| 300|0x0000000092c00000, 0x0000000092c00000, 0x0000000092d00000|  0%| F|  |TAMS 0x0000000092c00000, 0x0000000092c00000| Untracked 
| 301|0x0000000092d00000, 0x0000000092d00000, 0x0000000092e00000|  0%| F|  |TAMS 0x0000000092d00000, 0x0000000092d00000| Untracked 
| 302|0x0000000092e00000, 0x0000000092e00000, 0x0000000092f00000|  0%| F|  |TAMS 0x0000000092e00000, 0x0000000092e00000| Untracked 
| 303|0x0000000092f00000, 0x0000000092f00000, 0x0000000093000000|  0%| F|  |TAMS 0x0000000092f00000, 0x0000000092f00000| Untracked 
| 304|0x0000000093000000, 0x0000000093000000, 0x0000000093100000|  0%| F|  |TAMS 0x0000000093000000, 0x0000000093000000| Untracked 
| 305|0x0000000093100000, 0x0000000093100000, 0x0000000093200000|  0%| F|  |TAMS 0x0000000093100000, 0x0000000093100000| Untracked 
| 306|0x0000000093200000, 0x0000000093200000, 0x0000000093300000|  0%| F|  |TAMS 0x0000000093200000, 0x0000000093200000| Untracked 
| 307|0x0000000093300000, 0x0000000093300000, 0x0000000093400000|  0%| F|  |TAMS 0x0000000093300000, 0x0000000093300000| Untracked 
| 308|0x0000000093400000, 0x0000000093400000, 0x0000000093500000|  0%| F|  |TAMS 0x0000000093400000, 0x0000000093400000| Untracked 
| 309|0x0000000093500000, 0x0000000093500000, 0x0000000093600000|  0%| F|  |TAMS 0x0000000093500000, 0x0000000093500000| Untracked 
| 310|0x0000000093600000, 0x0000000093600000, 0x0000000093700000|  0%| F|  |TAMS 0x0000000093600000, 0x0000000093600000| Untracked 
| 311|0x0000000093700000, 0x0000000093700000, 0x0000000093800000|  0%| F|  |TAMS 0x0000000093700000, 0x0000000093700000| Untracked 
| 312|0x0000000093800000, 0x0000000093800000, 0x0000000093900000|  0%| F|  |TAMS 0x0000000093800000, 0x0000000093800000| Untracked 
| 313|0x0000000093900000, 0x0000000093900000, 0x0000000093a00000|  0%| F|  |TAMS 0x0000000093900000, 0x0000000093900000| Untracked 
| 314|0x0000000093a00000, 0x0000000093a00000, 0x0000000093b00000|  0%| F|  |TAMS 0x0000000093a00000, 0x0000000093a00000| Untracked 
| 315|0x0000000093b00000, 0x0000000093b00000, 0x0000000093c00000|  0%| F|  |TAMS 0x0000000093b00000, 0x0000000093b00000| Untracked 
| 316|0x0000000093c00000, 0x0000000093c00000, 0x0000000093d00000|  0%| F|  |TAMS 0x0000000093c00000, 0x0000000093c00000| Untracked 
| 317|0x0000000093d00000, 0x0000000093d00000, 0x0000000093e00000|  0%| F|  |TAMS 0x0000000093d00000, 0x0000000093d00000| Untracked 
| 318|0x0000000093e00000, 0x0000000093e00000, 0x0000000093f00000|  0%| F|  |TAMS 0x0000000093e00000, 0x0000000093e00000| Untracked 
| 319|0x0000000093f00000, 0x0000000093f00000, 0x0000000094000000|  0%| F|  |TAMS 0x0000000093f00000, 0x0000000093f00000| Untracked 
| 320|0x0000000094000000, 0x0000000094000000, 0x0000000094100000|  0%| F|  |TAMS 0x0000000094000000, 0x0000000094000000| Untracked 

Card table byte_map: [0x0000023576f30000,0x0000023577330000] _byte_map_base: 0x0000023576b30000

Marking Bits (Prev, Next): (CMBitMap*) 0x0000023573052118, (CMBitMap*) 0x0000023573052150
 Prev Bits: [0x0000023577730000, 0x0000023579730000)
 Next Bits: [0x0000023579730000, 0x000002357b730000)

Polling page: 0x0000023570ef0000

Metaspace:

Usage:
  Non-class:    119.98 MB capacity,   117.51 MB ( 98%) used,     2.02 MB (  2%) free+waste,   456.50 KB ( <1%) overhead. 
      Class:     18.03 MB capacity,    16.61 MB ( 92%) used,     1.23 MB (  7%) free+waste,   202.06 KB (  1%) overhead. 
       Both:    138.01 MB capacity,   134.12 MB ( 97%) used,     3.25 MB (  2%) free+waste,   658.56 KB ( <1%) overhead. 

Virtual space:
  Non-class space:      122.00 MB reserved,     120.17 MB ( 99%) committed 
      Class space:        1.00 GB reserved,      18.13 MB (  2%) committed 
             Both:        1.12 GB reserved,     138.30 MB ( 12%) committed 

Chunk freelists:
   Non-Class:  4.00 KB
       Class:  0 bytes
        Both:  4.00 KB

MaxMetaspaceSize: 17179869184.00 GB
CompressedClassSpaceSize: 1.00 GB
Initial GC threshold: 20.80 MB
Current GC threshold: 195.08 MB
CDS: off

CodeHeap 'non-profiled nmethods': size=120064Kb used=12575Kb max_used=12833Kb free=107488Kb
 bounds [0x0000023507ac0000, 0x0000023508760000, 0x000002350f000000]
CodeHeap 'profiled nmethods': size=120000Kb used=49435Kb max_used=49610Kb free=70564Kb
 bounds [0x0000023500590000, 0x00000235036a0000, 0x0000023507ac0000]
CodeHeap 'non-nmethods': size=5696Kb used=2484Kb max_used=2539Kb free=3211Kb
 bounds [0x0000023500000000, 0x0000023500290000, 0x0000023500590000]
 total_blobs=22308 nmethods=21291 adapters=928
 compilation: enabled
              stopped_count=0, restarted_count=0
 full_count=0

Compilation events (20 events):
Event: 1427.382 Thread 0x000002357dc3d000 23183       2       org.objectweb.asm.Type::getClassName (173 bytes)
Event: 1427.383 Thread 0x000002357dc3d000 nmethod 23183 0x0000023501230a90 code [0x0000023501230d40, 0x0000023501231698]
Event: 1427.383 Thread 0x000002357dc3d000 23184       2       org.gradle.api.internal.tasks.compile.incremental.asm.ClassDependenciesVisitor::maybeAddDependentType (26 bytes)
Event: 1427.384 Thread 0x000002357dc3d000 nmethod 23184 0x0000023501230510 code [0x00000235012306e0, 0x00000235012308e8]
Event: 1427.384 Thread 0x000002357dc3d000 23185       2       it.unimi.dsi.fastutil.ints.AbstractIntSet::<init> (5 bytes)
Event: 1427.384 Thread 0x000002357dc3d000 nmethod 23185 0x0000023501230190 code [0x0000023501230340, 0x0000023501230438]
Event: 1427.384 Thread 0x000002357dc3d000 23186       2       it.unimi.dsi.fastutil.HashCommon::maxFill (16 bytes)
Event: 1427.384 Thread 0x000002357dc3d000 nmethod 23186 0x000002350122fc90 code [0x000002350122fe80, 0x000002350122ffe8]
Event: 1427.384 Thread 0x000002357dc3d000 23187       2       org.objectweb.asm.FieldVisitor::<init> (94 bytes)
Event: 1427.385 Thread 0x000002357dc3d000 nmethod 23187 0x00000235011e2090 code [0x00000235011e22a0, 0x00000235011e27c8]
Event: 1427.387 Thread 0x000002357dc3d000 23188       1       java.util.zip.ZipEntry::getCompressedSize (5 bytes)
Event: 1427.387 Thread 0x000002357dc3d000 nmethod 23188 0x0000023507f78610 code [0x0000023507f787c0, 0x0000023507f78878]
Event: 1427.388 Thread 0x000002357dc3d000 23189       2       org.objectweb.asm.Type::getObjectType (31 bytes)
Event: 1427.389 Thread 0x000002357dc3d000 nmethod 23189 0x000002350117da90 code [0x000002350117dc60, 0x000002350117dfd8]
Event: 1427.389 Thread 0x000002357dc3d000 23190       2       java.lang.String::split (324 bytes)
Event: 1427.392 Thread 0x000002357dc3d000 nmethod 23190 0x0000023500b01a90 code [0x0000023500b01e20, 0x0000023500b03358]
Event: 1427.393 Thread 0x000002357dc3d000 23191       2       org.gradle.api.internal.tasks.compile.incremental.asm.ClassRelevancyFilter::test (9 bytes)
Event: 1427.393 Thread 0x000002357dc3d000 nmethod 23191 0x00000235011e1a90 code [0x00000235011e1c40, 0x00000235011e1d88]
Event: 1427.393 Thread 0x000002357dc3d000 23192       2       org.gradle.api.internal.tasks.compile.incremental.asm.ClassRelevancyFilter::test (38 bytes)
Event: 1427.394 Thread 0x000002357dc3d000 nmethod 23192 0x000002350117d590 code [0x000002350117d760, 0x000002350117d928]

GC Heap History (20 events):
Event: 1423.774 GC heap after
{Heap after GC invocations=110 (full 0):
 garbage-first heap   total 273408K, used 187798K [0x0000000080000000, 0x0000000100000000)
  region size 1024K, 3 young (3072K), 3 survivors (3072K)
 Metaspace       used 133049K, capacity 136692K, committed 136752K, reserved 1169408K
  class space    used 16489K, capacity 17788K, committed 17792K, reserved 1048576K
}
Event: 1424.181 GC heap before
{Heap before GC invocations=110 (full 0):
 garbage-first heap   total 273408K, used 236950K [0x0000000080000000, 0x0000000100000000)
  region size 1024K, 51 young (52224K), 3 survivors (3072K)
 Metaspace       used 133079K, capacity 136704K, committed 136752K, reserved 1169408K
  class space    used 16492K, capacity 17792K, committed 17792K, reserved 1048576K
}
Event: 1424.188 GC heap after
{Heap after GC invocations=111 (full 0):
 garbage-first heap   total 273408K, used 188094K [0x0000000080000000, 0x0000000100000000)
  region size 1024K, 3 young (3072K), 3 survivors (3072K)
 Metaspace       used 133079K, capacity 136704K, committed 136752K, reserved 1169408K
  class space    used 16492K, capacity 17792K, committed 17792K, reserved 1048576K
}
Event: 1424.461 GC heap before
{Heap before GC invocations=111 (full 0):
 garbage-first heap   total 273408K, used 237246K [0x0000000080000000, 0x0000000100000000)
  region size 1024K, 51 young (52224K), 3 survivors (3072K)
 Metaspace       used 133091K, capacity 136769K, committed 137008K, reserved 1169408K
  class space    used 16492K, capacity 17792K, committed 17792K, reserved 1048576K
}
Event: 1424.470 GC heap after
{Heap after GC invocations=112 (full 0):
 garbage-first heap   total 273408K, used 188243K [0x0000000080000000, 0x0000000100000000)
  region size 1024K, 3 young (3072K), 3 survivors (3072K)
 Metaspace       used 133091K, capacity 136769K, committed 137008K, reserved 1169408K
  class space    used 16492K, capacity 17792K, committed 17792K, reserved 1048576K
}
Event: 1424.793 GC heap before
{Heap before GC invocations=112 (full 0):
 garbage-first heap   total 273408K, used 238419K [0x0000000080000000, 0x0000000100000000)
  region size 1024K, 52 young (53248K), 3 survivors (3072K)
 Metaspace       used 133443K, capacity 137105K, committed 137392K, reserved 1169408K
  class space    used 16542K, capacity 17860K, committed 17920K, reserved 1048576K
}
Event: 1424.800 GC heap after
{Heap after GC invocations=113 (full 0):
 garbage-first heap   total 273408K, used 188523K [0x0000000080000000, 0x0000000100000000)
  region size 1024K, 3 young (3072K), 3 survivors (3072K)
 Metaspace       used 133443K, capacity 137105K, committed 137392K, reserved 1169408K
  class space    used 16542K, capacity 17860K, committed 17920K, reserved 1048576K
}
Event: 1425.763 GC heap before
{Heap before GC invocations=113 (full 0):
 garbage-first heap   total 273408K, used 249963K [0x0000000080000000, 0x0000000100000000)
  region size 1024K, 52 young (53248K), 3 survivors (3072K)
 Metaspace       used 135460K, capacity 139310K, committed 139568K, reserved 1171456K
  class space    used 16787K, capacity 18180K, committed 18304K, reserved 1048576K
}
Event: 1425.773 GC heap after
{Heap after GC invocations=114 (full 0):
 garbage-first heap   total 273408K, used 198468K [0x0000000080000000, 0x0000000100000000)
  region size 1024K, 6 young (6144K), 6 survivors (6144K)
 Metaspace       used 135460K, capacity 139310K, committed 139568K, reserved 1171456K
  class space    used 16787K, capacity 18180K, committed 18304K, reserved 1048576K
}
Event: 1426.015 GC heap before
{Heap before GC invocations=114 (full 0):
 garbage-first heap   total 273408K, used 243524K [0x0000000080000000, 0x0000000100000000)
  region size 1024K, 45 young (46080K), 6 survivors (6144K)
 Metaspace       used 135660K, capacity 139449K, committed 139824K, reserved 1171456K
  class space    used 16798K, capacity 18183K, committed 18304K, reserved 1048576K
}
Event: 1426.042 GC heap after
{Heap after GC invocations=115 (full 0):
 garbage-first heap   total 273408K, used 209677K [0x0000000080000000, 0x0000000100000000)
  region size 1024K, 6 young (6144K), 6 survivors (6144K)
 Metaspace       used 135660K, capacity 139449K, committed 139824K, reserved 1171456K
  class space    used 16798K, capacity 18183K, committed 18304K, reserved 1048576K
}
Event: 1426.301 GC heap before
{Heap before GC invocations=115 (full 0):
 garbage-first heap   total 273408K, used 235277K [0x0000000080000000, 0x0000000100000000)
  region size 1024K, 31 young (31744K), 6 survivors (6144K)
 Metaspace       used 136139K, capacity 139977K, committed 140080K, reserved 1171456K
  class space    used 16862K, capacity 18275K, committed 18304K, reserved 1048576K
}
Event: 1426.327 GC heap after
{Heap after GC invocations=116 (full 0):
 garbage-first heap   total 328704K, used 218508K [0x0000000080000000, 0x0000000100000000)
  region size 1024K, 4 young (4096K), 4 survivors (4096K)
 Metaspace       used 136139K, capacity 139977K, committed 140080K, reserved 1171456K
  class space    used 16862K, capacity 18275K, committed 18304K, reserved 1048576K
}
Event: 1426.631 GC heap before
{Heap before GC invocations=116 (full 0):
 garbage-first heap   total 328704K, used 260492K [0x0000000080000000, 0x0000000100000000)
  region size 1024K, 45 young (46080K), 4 survivors (4096K)
 Metaspace       used 136426K, capacity 140285K, committed 140464K, reserved 1171456K
  class space    used 16891K, capacity 18311K, committed 18432K, reserved 1048576K
}
Event: 1426.683 GC heap after
{Heap after GC invocations=117 (full 0):
 garbage-first heap   total 328704K, used 239389K [0x0000000080000000, 0x0000000100000000)
  region size 1024K, 6 young (6144K), 6 survivors (6144K)
 Metaspace       used 136426K, capacity 140285K, committed 140464K, reserved 1171456K
  class space    used 16891K, capacity 18311K, committed 18432K, reserved 1048576K
}
Event: 1426.953 GC heap before
{Heap before GC invocations=117 (full 0):
 garbage-first heap   total 328704K, used 269085K [0x0000000080000000, 0x0000000100000000)
  region size 1024K, 35 young (35840K), 6 survivors (6144K)
 Metaspace       used 137025K, capacity 140846K, committed 140976K, reserved 1171456K
  class space    used 16975K, capacity 18393K, committed 18432K, reserved 1048576K
}
Event: 1426.975 GC heap after
{Heap after GC invocations=118 (full 0):
 garbage-first heap   total 328704K, used 246784K [0x0000000080000000, 0x0000000100000000)
  region size 1024K, 5 young (5120K), 5 survivors (5120K)
 Metaspace       used 137025K, capacity 140846K, committed 140976K, reserved 1171456K
  class space    used 16975K, capacity 18393K, committed 18432K, reserved 1048576K
}
Event: 1427.189 GC heap before
{Heap before GC invocations=118 (full 0):
 garbage-first heap   total 328704K, used 272384K [0x0000000080000000, 0x0000000100000000)
  region size 1024K, 31 young (31744K), 5 survivors (5120K)
 Metaspace       used 137318K, capacity 141325K, committed 141616K, reserved 1173504K
  class space    used 17005K, capacity 18465K, committed 18560K, reserved 1048576K
}
Event: 1427.203 GC heap after
{Heap after GC invocations=119 (full 0):
 garbage-first heap   total 328704K, used 250873K [0x0000000080000000, 0x0000000100000000)
  region size 1024K, 4 young (4096K), 4 survivors (4096K)
 Metaspace       used 137318K, capacity 141325K, committed 141616K, reserved 1173504K
  class space    used 17005K, capacity 18465K, committed 18560K, reserved 1048576K
}
Event: 1427.399 GC heap before
{Heap before GC invocations=119 (full 0):
 garbage-first heap   total 328704K, used 278521K [0x0000000080000000, 0x0000000100000000)
  region size 1024K, 29 young (29696K), 4 survivors (4096K)
 Metaspace       used 137336K, capacity 141325K, committed 141616K, reserved 1173504K
  class space    used 17005K, capacity 18465K, committed 18560K, reserved 1048576K
}

Deoptimization events (20 events):
Event: 1427.080 Thread 0x0000023514590000 DEOPT PACKING pc=0x0000023508740f74 sp=0x0000005826bfcd50
Event: 1427.080 Thread 0x0000023514590000 DEOPT UNPACKING pc=0x000002350004a1af sp=0x0000005826bfccf0 mode 2
Event: 1427.106 Thread 0x000002350fbd6000 Uncommon trap: trap_request=0xffffffe4 fr.pc=0x00000235086ee360 relative=0x0000000000000220
Event: 1427.106 Thread 0x000002350fbd6000 Uncommon trap: reason=range_check action=make_not_entrant pc=0x00000235086ee360 method=com.android.tools.r8.graph.c0.a(Lcom/android/tools/r8/graph/c0;)I @ 9 c2
Event: 1427.106 Thread 0x000002350fbd6000 DEOPT PACKING pc=0x00000235086ee360 sp=0x00000058275fd090
Event: 1427.106 Thread 0x000002350fbd6000 DEOPT UNPACKING pc=0x000002350004a1af sp=0x00000058275fd008 mode 2
Event: 1427.169 Thread 0x0000023514590000 Uncommon trap: trap_request=0xffffffde fr.pc=0x0000023508752300 relative=0x00000000000096a0
Event: 1427.169 Thread 0x0000023514590000 Uncommon trap: reason=class_check action=maybe_recompile pc=0x0000023508752300 method=org.objectweb.asm.ClassReader.readCode(Lorg/objectweb/asm/MethodVisitor;Lorg/objectweb/asm/Context;I)V @ 3856 c2
Event: 1427.169 Thread 0x0000023514590000 DEOPT PACKING pc=0x0000023508752300 sp=0x0000005826bfcde0
Event: 1427.169 Thread 0x0000023514590000 DEOPT UNPACKING pc=0x000002350004a1af sp=0x0000005826bfcd10 mode 2
Event: 1427.326 Thread 0x000002350fbd6000 Uncommon trap: trap_request=0xffffff4d fr.pc=0x0000023507e6f6fc relative=0x000000000000005c
Event: 1427.326 Thread 0x000002350fbd6000 Uncommon trap: reason=unstable_if action=reinterpret pc=0x0000023507e6f6fc method=com.android.tools.r8.internal.E9.a(C)Z @ 15 c2
Event: 1427.326 Thread 0x000002350fbd6000 DEOPT PACKING pc=0x0000023507e6f6fc sp=0x00000058275fd020
Event: 1427.326 Thread 0x000002350fbd6000 DEOPT UNPACKING pc=0x000002350004a1af sp=0x00000058275fcfb0 mode 2
Event: 1427.350 Thread 0x0000023514590000 Uncommon trap: trap_request=0xffffffde fr.pc=0x0000023508752300 relative=0x00000000000096a0
Event: 1427.351 Thread 0x0000023514590000 Uncommon trap: reason=class_check action=maybe_recompile pc=0x0000023508752300 method=org.objectweb.asm.ClassReader.readCode(Lorg/objectweb/asm/MethodVisitor;Lorg/objectweb/asm/Context;I)V @ 3856 c2
Event: 1427.351 Thread 0x0000023514590000 DEOPT PACKING pc=0x0000023508752300 sp=0x0000005826bfcde0
Event: 1427.351 Thread 0x0000023514590000 DEOPT UNPACKING pc=0x000002350004a1af sp=0x0000005826bfcd10 mode 2
Event: 1427.393 Thread 0x0000023511dce800 DEOPT PACKING pc=0x0000023501ba0bf0 sp=0x0000005827ffe340
Event: 1427.393 Thread 0x0000023511dce800 DEOPT UNPACKING pc=0x000002350004a95e sp=0x0000005827ffd7f8 mode 0

Classes redefined (0 events):
No events

Internal exceptions (20 events):
Event: 1418.193 Thread 0x0000023514589800 Exception <a 'java/lang/IncompatibleClassChangeError'{0x000000008fa178b0}: Found class java.lang.Object, but interface was expected> (0x000000008fa178b0) thrown at [./src/hotspot/share/interpreter/linkResolver.cpp, line 839]
Event: 1418.228 Thread 0x0000023514589800 Exception <a 'java/lang/NoSuchMethodError'{0x000000008fad0260}: 'void java.lang.invoke.DirectMethodHandle$Holder.invokeVirtual(java.lang.Object, java.lang.Object, int, java.lang.Object)'> (0x000000008fad0260) thrown at [./src/hotspot/share/interpreter/linkResolver.cpp, line 773]
Event: 1418.336 Thread 0x0000023514589800 Exception <a 'java/lang/NoSuchMethodError'{0x000000008f787438}: 'java.lang.Object java.lang.invoke.DirectMethodHandle$Holder.newInvokeSpecial(java.lang.Object, int)'> (0x000000008f787438) thrown at [./src/hotspot/share/interpreter/linkResolver.cpp, line 773]
Event: 1418.855 Thread 0x0000023514589800 Exception <a 'java/lang/NoSuchMethodError'{0x000000008f1c3128}: 'java.lang.Object java.lang.invoke.DirectMethodHandle$Holder.invokeInterface(java.lang.Object, java.lang.Object, int)'> (0x000000008f1c3128) thrown at [./src/hotspot/share/interpreter/linkResolver.cpp, line 773]
Event: 1419.669 Thread 0x000002350fbcb800 Exception <a 'sun/nio/fs/WindowsException'{0x000000008f2b5308}> (0x000000008f2b5308) thrown at [./src/hotspot/share/prims/jni.cpp, line 616]
Event: 1419.669 Thread 0x000002350fbcb800 Exception <a 'sun/nio/fs/WindowsException'{0x000000008f2b53f0}> (0x000000008f2b53f0) thrown at [./src/hotspot/share/prims/jni.cpp, line 616]
Event: 1422.013 Thread 0x0000023514589800 Implicit null exception at 0x0000023508649390 to 0x000002350864f2b4
Event: 1423.477 Thread 0x0000023514589800 Implicit null exception at 0x0000023508670fa7 to 0x000002350867503c
Event: 1423.619 Thread 0x0000023514589800 Exception <a 'java/lang/NoSuchMethodError'{0x000000008f210930}: 'int java.lang.invoke.DirectMethodHandle$Holder.invokeInterface(java.lang.Object, java.lang.Object, int)'> (0x000000008f210930) thrown at [./src/hotspot/share/interpreter/linkResolver.cpp, line 773]
Event: 1424.782 Thread 0x0000023514589800 Exception <a 'java/lang/NoSuchMethodError'{0x000000008da91498}: 'void java.lang.invoke.DirectMethodHandle$Holder.invokeSpecial(java.lang.Object, java.lang.Object, int, java.lang.Object, java.lang.Object, java.lang.Object, java.lang.Object)'> (0x000000008da91498) thrown at [./src/hotspot/share/interpreter/linkResolver.cpp, line 773]
Event: 1424.783 Thread 0x0000023514589800 Exception <a 'java/lang/NoSuchMethodError'{0x000000008da9cf98}: 'java.lang.Object java.lang.invoke.Invokers$Holder.linkToTargetMethod(java.lang.Object, int, java.lang.Object, java.lang.Object, java.lang.Object, java.lang.Object)'> (0x000000008da9cf98) thrown at [./src/hotspot/share/interpreter/linkResolver.cpp, line 773]
Event: 1424.784 Thread 0x0000023514589800 Exception <a 'java/lang/NoSuchMethodError'{0x000000008daa1448}: 'void java.lang.invoke.DirectMethodHandle$Holder.invokeSpecial(java.lang.Object, java.lang.Object, java.lang.Object, java.lang.Object, java.lang.Object, java.lang.Object, java.lang.Object, java.lang.Object, java.lang.Object)'> (0x000000008daa1448) thrown at [./src/hotspot/share/interpreter/linkResolver.cpp, line 773]
Event: 1424.787 Thread 0x0000023514589800 Exception <a 'java/lang/NoSuchMethodError'{0x000000008dabc0d8}: 'void java.lang.invoke.DirectMethodHandle$Holder.invokeStatic(java.lang.Object, java.lang.Object, java.lang.Object, java.lang.Object, java.lang.Object, java.lang.Object, java.lang.Object, java.lang.Object)'> (0x000000008dabc0d8) thrown at [./src/hotspot/share/interpreter/linkResolver.cpp, line 773]
Event: 1424.932 Thread 0x0000023514589800 Exception <a 'java/lang/IncompatibleClassChangeError'{0x00000000903c56a0}: Found class java.lang.Object, but interface was expected> (0x00000000903c56a0) thrown at [./src/hotspot/share/interpreter/linkResolver.cpp, line 839]
Event: 1425.114 Thread 0x0000023514589800 Exception <a 'java/lang/NoSuchMethodError'{0x000000008f690a88}: 'void java.lang.invoke.DirectMethodHandle$Holder.invokeVirtual(java.lang.Object, java.lang.Object, int)'> (0x000000008f690a88) thrown at [./src/hotspot/share/interpreter/linkResolver.cpp, line 773]
Event: 1425.214 Thread 0x0000023514589800 Exception <a 'sun/nio/fs/WindowsException'{0x000000008f374aa0}> (0x000000008f374aa0) thrown at [./src/hotspot/share/prims/jni.cpp, line 616]
Event: 1425.418 Thread 0x0000023514590000 Exception <a 'sun/nio/fs/WindowsException'{0x000000008e920948}> (0x000000008e920948) thrown at [./src/hotspot/share/prims/jni.cpp, line 616]
Event: 1425.643 Thread 0x000002350fbd6000 Exception <a 'sun/nio/fs/WindowsException'{0x000000008e3e11c0}> (0x000000008e3e11c0) thrown at [./src/hotspot/share/prims/jni.cpp, line 616]
Event: 1426.877 Thread 0x000002350fbd6000 Exception <a 'java/lang/IncompatibleClassChangeError'{0x0000000092ba2848}: Found class java.lang.Object, but interface was expected> (0x0000000092ba2848) thrown at [./src/hotspot/share/interpreter/linkResolver.cpp, line 839]
Event: 1426.904 Thread 0x000002350fbd6000 Exception <a 'java/lang/NoSuchMethodError'{0x0000000092a60f80}: 'int java.lang.invoke.DirectMethodHandle$Holder.invokeSpecial(java.lang.Object, java.lang.Object, java.lang.Object, java.lang.Object, java.lang.Object, java.lang.Object)'> (0x0000000092a60f80) thrown at [./src/hotspot/share/interpreter/linkResolver.cpp, line 773]

Events (20 events):
Event: 1427.087 loading class com/android/tools/r8/graph/v0$j done
Event: 1427.087 loading class com/android/tools/r8/graph/v0$d
Event: 1427.087 loading class com/android/tools/r8/graph/v0$d done
Event: 1427.087 loading class com/android/tools/r8/graph/v0$f
Event: 1427.087 loading class com/android/tools/r8/graph/v0$f done
Event: 1427.087 loading class com/android/tools/r8/graph/v0$j
Event: 1427.087 loading class com/android/tools/r8/graph/v0$j done
Event: 1427.088 Executing VM operation: Deoptimize
Event: 1427.090 Executing VM operation: Deoptimize done
Event: 1427.091 loading class com/android/tools/r8/graph/d0
Event: 1427.091 loading class com/android/tools/r8/graph/d0 done
Event: 1427.091 loading class com/android/tools/r8/graph/d0
Event: 1427.091 loading class com/android/tools/r8/graph/d0 done
Event: 1427.091 loading class com/android/tools/r8/graph/S0
Event: 1427.091 loading class com/android/tools/r8/graph/S0 done
Event: 1427.179 loading class it/unimi/dsi/fastutil/ints/IntOpenHashSet$SetIterator
Event: 1427.179 loading class it/unimi/dsi/fastutil/ints/IntOpenHashSet$SetIterator done
Event: 1427.186 Executing VM operation: G1CollectForAllocation
Event: 1427.204 Executing VM operation: G1CollectForAllocation done
Event: 1427.399 Executing VM operation: G1CollectForAllocation


Dynamic libraries:
0x00007ff7f1cc0000 - 0x00007ff7f1cca000 	E:\Programs\Android Studio\jre\bin\java.exe
0x00007ffb1a910000 - 0x00007ffb1ab08000 	C:\Windows\SYSTEM32\ntdll.dll
0x00007ffaeb280000 - 0x00007ffaeb297000 	C:\Program Files\Avast Software\Avast\aswhook.dll
0x00007ffb19560000 - 0x00007ffb1961f000 	C:\Windows\System32\KERNEL32.DLL
0x00007ffb18010000 - 0x00007ffb182e2000 	C:\Windows\System32\KERNELBASE.dll
0x00007ffb18830000 - 0x00007ffb18930000 	C:\Windows\System32\ucrtbase.dll
0x00007ffb12230000 - 0x00007ffb12249000 	E:\Programs\Android Studio\jre\bin\jli.dll
0x00007ffb19280000 - 0x00007ffb1941d000 	C:\Windows\System32\USER32.dll
0x00007ffb18930000 - 0x00007ffb18952000 	C:\Windows\System32\win32u.dll
0x00007ffb05db0000 - 0x00007ffb0604a000 	C:\Windows\WinSxS\amd64_microsoft.windows.common-controls_6595b64144ccf1df_6.0.19041.1110_none_60b5254171f9507e\COMCTL32.dll
0x00007ffb189e0000 - 0x00007ffb18a0b000 	C:\Windows\System32\GDI32.dll
0x00007ffb19f90000 - 0x00007ffb1a02e000 	C:\Windows\System32\msvcrt.dll
0x00007ffb18690000 - 0x00007ffb1879f000 	C:\Windows\System32\gdi32full.dll
0x00007ffb185f0000 - 0x00007ffb1868d000 	C:\Windows\System32\msvcp_win.dll
0x00007ffb12210000 - 0x00007ffb12227000 	E:\Programs\Android Studio\jre\bin\VCRUNTIME140.dll
0x00007ffb1a4b0000 - 0x00007ffb1a4e2000 	C:\Windows\System32\IMM32.DLL
0x00007ffafce60000 - 0x00007ffafcefd000 	E:\Programs\Android Studio\jre\bin\msvcp140.dll
0x00007ffad0a70000 - 0x00007ffad1572000 	E:\Programs\Android Studio\jre\bin\server\jvm.dll
0x00007ffb19bd0000 - 0x00007ffb19c7e000 	C:\Windows\System32\ADVAPI32.dll
0x00007ffb1a570000 - 0x00007ffb1a60c000 	C:\Windows\System32\sechost.dll
0x00007ffb19420000 - 0x00007ffb19545000 	C:\Windows\System32\RPCRT4.dll
0x00007ffb19550000 - 0x00007ffb19558000 	C:\Windows\System32\PSAPI.DLL
0x00007ffb06060000 - 0x00007ffb06087000 	C:\Windows\SYSTEM32\WINMM.dll
0x00007ffb04f00000 - 0x00007ffb04f09000 	C:\Windows\SYSTEM32\WSOCK32.dll
0x00007ffb0f3e0000 - 0x00007ffb0f3ea000 	C:\Windows\SYSTEM32\VERSION.dll
0x00007ffb19b50000 - 0x00007ffb19bbb000 	C:\Windows\System32\WS2_32.dll
0x00007ffb15ed0000 - 0x00007ffb15ee2000 	C:\Windows\SYSTEM32\kernel.appcore.dll
0x00007ffb119a0000 - 0x00007ffb119b1000 	E:\Programs\Android Studio\jre\bin\verify.dll
0x00007ffb091b0000 - 0x00007ffb09394000 	C:\Windows\SYSTEM32\DBGHELP.DLL
0x00007ffb0d110000 - 0x00007ffb0d13c000 	C:\Windows\SYSTEM32\dbgcore.DLL
0x00007ffb187a0000 - 0x00007ffb18822000 	C:\Windows\System32\bcryptPrimitives.dll
0x00007ffb10a30000 - 0x00007ffb10a59000 	E:\Programs\Android Studio\jre\bin\java.dll
0x00007ffb13cd0000 - 0x00007ffb13cdb000 	E:\Programs\Android Studio\jre\bin\jimage.dll
0x00007ffb109c0000 - 0x00007ffb109d8000 	E:\Programs\Android Studio\jre\bin\zip.dll
0x00007ffb18a10000 - 0x00007ffb19153000 	C:\Windows\System32\SHELL32.dll
0x00007ffb160d0000 - 0x00007ffb16862000 	C:\Windows\SYSTEM32\windows.storage.dll
0x00007ffb197f0000 - 0x00007ffb19b44000 	C:\Windows\System32\combase.dll
0x00007ffb17a70000 - 0x00007ffb17aa0000 	C:\Windows\SYSTEM32\Wldp.dll
0x00007ffb19ee0000 - 0x00007ffb19f8d000 	C:\Windows\System32\SHCORE.dll
0x00007ffb1a610000 - 0x00007ffb1a665000 	C:\Windows\System32\shlwapi.dll
0x00007ffb17f50000 - 0x00007ffb17f6f000 	C:\Windows\SYSTEM32\profapi.dll
0x00007ffb08940000 - 0x00007ffb0895a000 	E:\Programs\Android Studio\jre\bin\net.dll
0x00007ffb082b0000 - 0x00007ffb083bc000 	C:\Windows\SYSTEM32\WINHTTP.dll
0x00007ffb177d0000 - 0x00007ffb1783a000 	C:\Windows\system32\mswsock.dll
0x00007ffb07020000 - 0x00007ffb07034000 	E:\Programs\Android Studio\jre\bin\nio.dll
0x00007ffb11c60000 - 0x00007ffb11c87000 	C:\Users\a0587\.gradle\native\8bec1ad78214c89d9ad589b4d07fe93259594b29d510b10fafb7a158f7737e5d\windows-amd64\native-platform.dll
0x00007ffae78b0000 - 0x00007ffae79ed000 	C:\Users\a0587\.gradle\native\53dbd7edfb1c66fb8903c78663c9afc45aea4f116125fa6feffd364cf09443e8\windows-amd64\native-platform-file-events.dll
0x00007ffb13c90000 - 0x00007ffb13c9a000 	E:\Programs\Android Studio\jre\bin\management.dll
0x00007ffb13c60000 - 0x00007ffb13c6d000 	E:\Programs\Android Studio\jre\bin\management_ext.dll
0x00007ffb179c0000 - 0x00007ffb179d8000 	C:\Windows\SYSTEM32\CRYPTSP.dll
0x00007ffb17080000 - 0x00007ffb170b4000 	C:\Windows\system32\rsaenh.dll
0x00007ffb18510000 - 0x00007ffb18537000 	C:\Windows\System32\bcrypt.dll
0x00007ffb17ed0000 - 0x00007ffb17efe000 	C:\Windows\SYSTEM32\USERENV.dll
0x00007ffb179e0000 - 0x00007ffb179ec000 	C:\Windows\SYSTEM32\CRYPTBASE.dll
0x00007ffb17470000 - 0x00007ffb174ab000 	C:\Windows\SYSTEM32\IPHLPAPI.DLL
0x00007ffb1a4a0000 - 0x00007ffb1a4a8000 	C:\Windows\System32\NSI.dll
0x00007ffb0e080000 - 0x00007ffb0e097000 	C:\Windows\SYSTEM32\dhcpcsvc6.DLL
0x00007ffb0e220000 - 0x00007ffb0e23d000 	C:\Windows\SYSTEM32\dhcpcsvc.DLL
0x00007ffb174b0000 - 0x00007ffb1757a000 	C:\Windows\SYSTEM32\DNSAPI.dll
0x00007ffb10a70000 - 0x00007ffb10a97000 	E:\Programs\Android Studio\jre\bin\sunec.dll
0x00007ffb05c70000 - 0x00007ffb05c7a000 	C:\Windows\System32\rasadhlp.dll
0x00007ffb06590000 - 0x00007ffb06610000 	C:\Windows\System32\fwpuclnt.dll

dbghelp: loaded successfully - version: 4.0.5 - missing functions: none
symbol engine: initialized successfully - sym options: 0x614 - pdb path: .;E:\Programs\Android Studio\jre\bin;C:\Windows\SYSTEM32;C:\Program Files\Avast Software\Avast;C:\Windows\WinSxS\amd64_microsoft.windows.common-controls_6595b64144ccf1df_6.0.19041.1110_none_60b5254171f9507e;E:\Programs\Android Studio\jre\bin\server;C:\Users\a0587\.gradle\native\8bec1ad78214c89d9ad589b4d07fe93259594b29d510b10fafb7a158f7737e5d\windows-amd64;C:\Users\a0587\.gradle\native\53dbd7edfb1c66fb8903c78663c9afc45aea4f116125fa6feffd364cf09443e8\windows-amd64

VM Arguments:
jvm_args: --add-opens=java.base/java.util=ALL-UNNAMED --add-opens=java.base/java.lang=ALL-UNNAMED --add-opens=java.base/java.lang.invoke=ALL-UNNAMED --add-opens=java.base/java.util=ALL-UNNAMED --add-opens=java.prefs/java.util.prefs=ALL-UNNAMED --add-opens=java.prefs/java.util.prefs=ALL-UNNAMED --add-opens=java.base/java.nio.charset=ALL-UNNAMED --add-opens=java.base/java.net=ALL-UNNAMED --add-opens=java.base/java.util.concurrent.atomic=ALL-UNNAMED -Xmx2048m -Dfile.encoding=UTF-8 -Duser.country=TW -Duser.language=zh -Duser.variant 
java_command: org.gradle.launcher.daemon.bootstrap.GradleDaemon 7.0.2
java_class_path (initial): C:\Users\a0587\.gradle\wrapper\dists\gradle-7.0.2-bin\857tjihv64xamwrf0h14cai3r\gradle-7.0.2\lib\gradle-launcher-7.0.2.jar
Launcher Type: SUN_STANDARD

[Global flags]
     intx CICompilerCount                          = 3                                         {product} {ergonomic}
     uint ConcGCThreads                            = 1                                         {product} {ergonomic}
     uint G1ConcRefinementThreads                  = 4                                         {product} {ergonomic}
   size_t G1HeapRegionSize                         = 1048576                                   {product} {ergonomic}
    uintx GCDrainStackTargetSize                   = 64                                        {product} {ergonomic}
   size_t InitialHeapSize                          = 134217728                                 {product} {ergonomic}
   size_t MarkStackSize                            = 4194304                                   {product} {ergonomic}
   size_t MaxHeapSize                              = 2147483648                                {product} {command line}
   size_t MaxNewSize                               = 1287651328                                {product} {ergonomic}
   size_t MinHeapDeltaBytes                        = 1048576                                   {product} {ergonomic}
    uintx NonNMethodCodeHeapSize                   = 5830732                                {pd product} {ergonomic}
    uintx NonProfiledCodeHeapSize                  = 122913754                              {pd product} {ergonomic}
    uintx ProfiledCodeHeapSize                     = 122913754                              {pd product} {ergonomic}
    uintx ReservedCodeCacheSize                    = 251658240                              {pd product} {ergonomic}
     bool SegmentedCodeCache                       = true                                      {product} {ergonomic}
     bool UseCompressedClassPointers               = true                                 {lp64_product} {ergonomic}
     bool UseCompressedOops                        = true                                 {lp64_product} {ergonomic}
     bool UseG1GC                                  = true                                      {product} {ergonomic}
     bool UseLargePagesIndividualAllocation        = false                                  {pd product} {ergonomic}

Logging:
Log output configuration:
 #0: stdout all=warning uptime,level,tags
 #1: stderr all=off uptime,level,tags

Environment Variables:
PATH=C:\Windows\system32;C:\Windows;C:\Windows\System32\Wbem;C:\Windows\System32\WindowsPowerShell\v1.0\;C:\Windows\System32\OpenSSH\;C:\Program Files\PuTTY\;E:\Programs\Anaconda;E:\Programs\Anaconda\Library\mingw-w64\bin;E:\Programs\Anaconda\Library\usr\bin;E:\Programs\Anaconda\Library\bin;E:\Programs\Anaconda\Scripts;C:\Users\a0587\AppData\Local\Microsoft\WindowsApps;E:\Programs\Microsoft VS Code\bin
USERNAME=Billy
OS=Windows_NT
PROCESSOR_IDENTIFIER=Intel64 Family 6 Model 142 Stepping 9, GenuineIntel



---------------  S Y S T E M  ---------------

OS: Windows 10 , 64 bit Build 19041 (10.0.19041.2251)
OS uptime: 3 days 20:46 hours

CPU:total 4 (initial active 4) (2 cores per cpu, 2 threads per core) family 6 model 142 stepping 9 microcode 0xb4, cmov, cx8, fxsr, mmx, sse, sse2, sse3, ssse3, sse4.1, sse4.2, popcnt, avx, avx2, aes, clmul, erms, 3dnowpref, lzcnt, ht, tsc, tscinvbit, bmi1, bmi2, adx, fma

Memory: 4k page, system-wide physical 8073M (487M free)
TotalPageFile size 8073M (AvailPageFile size 131M)
current process WorkingSet (physical memory assigned to process): 673M, peak: 693M
current process commit charge ("private bytes"): 718M, peak: 934M

vm_info: OpenJDK 64-Bit Server VM (11.0.13+0-b1751.21-8125866) for windows-amd64 JRE (11.0.13+0-b1751.21-8125866), built on Feb  2 2022 03:00:22 by "builder" with MS VC++ 14.0 (VS2015)

END.
