#
# There is insufficient memory for the Java Runtime Environment to continue.
# Native memory allocation (mmap) failed to map 308281344 bytes for Failed to commit area from 0x0000000096800000 to 0x00000000a8e00000 of length 308281344.
# Possible reasons:
#   The system is out of physical RAM or swap space
#   The process is running with CompressedOops enabled, and the Java Heap may be blocking the growth of the native heap
# Possible solutions:
#   Reduce memory load on the system
#   Increase physical memory or swap space
#   Check if swap backing store is full
#   Decrease Java heap size (-Xmx/-Xms)
#   Decrease number of Java threads
#   Decrease Java thread stack sizes (-Xss)
#   Set larger code cache with -XX:ReservedCodeCacheSize=
#   JVM is running with Unscaled Compressed Oops mode in which the Java heap is
#     placed in the first 4GB address space. The Java Heap base address is the
#     maximum limit for the native heap growth. Please use -XX:HeapBaseMinAddress
#     to set the Java Heap base and to place the Java Heap above 4GB virtual address.
# This output file may be truncated or incomplete.
#
#  Out of Memory Error (./src/hotspot/os/windows/os_windows.cpp:3619), pid=8756, tid=1676
#
# JRE version: OpenJDK Runtime Environment (11.0.13) (build 11.0.13+0-b1751.21-8125866)
# Java VM: OpenJDK 64-Bit Server VM (11.0.13+0-b1751.21-8125866, mixed mode, tiered, compressed oops, g1 gc, windows-amd64)
# No core dump will be written. Minidumps are not enabled by default on client versions of Windows
#

---------------  S U M M A R Y ------------

Command Line: --add-opens=java.base/java.util=ALL-UNNAMED --add-opens=java.base/java.lang=ALL-UNNAMED --add-opens=java.base/java.lang.invoke=ALL-UNNAMED --add-opens=java.base/java.util=ALL-UNNAMED --add-opens=java.prefs/java.util.prefs=ALL-UNNAMED --add-opens=java.prefs/java.util.prefs=ALL-UNNAMED --add-opens=java.base/java.nio.charset=ALL-UNNAMED --add-opens=java.base/java.net=ALL-UNNAMED --add-opens=java.base/java.util.concurrent.atomic=ALL-UNNAMED -Xmx2048m -Dfile.encoding=UTF-8 -Duser.country=TW -Duser.language=zh -Duser.variant org.gradle.launcher.daemon.bootstrap.GradleDaemon 7.0.2

Host: Intel(R) Core(TM) i5-7200U CPU @ 2.50GHz, 4 cores, 7G,  Windows 10 , 64 bit Build 19041 (10.0.19041.1889)
Time: Mon Oct 31 14:59:47 2022 台北標準時間 elapsed time: 4278.488611 seconds (0d 1h 11m 18s)

---------------  T H R E A D  ---------------

Current thread (0x0000029e2d448800):  VMThread "VM Thread" [stack: 0x000000e851e00000,0x000000e851f00000] [id=1676]

Stack: [0x000000e851e00000,0x000000e851f00000]
[error occurred during error reporting (printing stack bounds), id 0xc0000005, EXCEPTION_ACCESS_VIOLATION (0xc0000005) at pc=0x0000029e1738112d]

Native frames: (J=compiled Java code, j=interpreted, Vv=VM code, C=native code)
V  [jvm.dll+0x6100fa]
V  [jvm.dll+0x747090]
V  [jvm.dll+0x7486ad]
V  [jvm.dll+0x748ce5]
V  [jvm.dll+0x748c9b]
V  [jvm.dll+0x60f224]
V  [jvm.dll+0x60f9b8]
C  [ntdll.dll+0xa241f]
C  [ntdll.dll+0x514a4]
C  [ntdll.dll+0xa0f4e]
C  0x0000029e1738112d

VM_Operation (0x000000e855afe0b0): G1CollectForAllocation, mode: safepoint, requested by thread 0x0000029e301b1800


---------------  P R O C E S S  ---------------

Threads class SMR info:
_java_thread_list=0x0000029e310f0a50, length=63, elements={
0x0000029e1385f800, 0x0000029e2d49e800, 0x0000029e2d496000, 0x0000029e2dcc5800,
0x0000029e2dcc6800, 0x0000029e2dcca000, 0x0000029e2dcd5000, 0x0000029e2dcd6800,
0x0000029e2dcdb000, 0x0000029e2de8d800, 0x0000029e3025e000, 0x0000029e310c4800,
0x0000029e2f5af000, 0x0000029e2f561000, 0x0000029e2f560000, 0x0000029e2f561800,
0x0000029e2f55f000, 0x0000029e2f563000, 0x0000029e301b2000, 0x0000029e301b5800,
0x0000029e301b3000, 0x0000029e301b4000, 0x0000029e301af800, 0x0000029e301b9800,
0x0000029e301ba800, 0x0000029e337bb000, 0x0000029e337be800, 0x0000029e379d7000,
0x0000029e379d3000, 0x0000029e379d4800, 0x0000029e379d7800, 0x0000029e379d3800,
0x0000029e379d2000, 0x0000029e379d9800, 0x0000029e379da000, 0x0000029e379db000,
0x0000029e379d5000, 0x0000029e379db800, 0x0000029e379d6000, 0x0000029e379e0000,
0x0000029e379dd800, 0x0000029e379dc800, 0x0000029e379de000, 0x0000029e379df000,
0x0000029e317e9800, 0x0000029e379e0800, 0x0000029e337b7000, 0x0000029e337b8000,
0x0000029e337b3800, 0x0000029e337b5800, 0x0000029e337b4800, 0x0000029e337b3000,
0x0000029e337b9800, 0x0000029e337ba000, 0x0000029e337c1800, 0x0000029e337bd800,
0x0000029e337bf000, 0x0000029e301b6800, 0x0000029e301b0800, 0x0000029e301b7000,
0x0000029e301b1800, 0x0000029e301bb000, 0x0000029e301bd000
}

Java Threads: ( => current thread )
  0x0000029e1385f800 JavaThread "main" [_thread_blocked, id=7548, stack(0x000000e851800000,0x000000e851900000)]
  0x0000029e2d49e800 JavaThread "Reference Handler" daemon [_thread_blocked, id=10620, stack(0x000000e851f00000,0x000000e852000000)]
  0x0000029e2d496000 JavaThread "Finalizer" daemon [_thread_blocked, id=12396, stack(0x000000e852000000,0x000000e852100000)]
  0x0000029e2dcc5800 JavaThread "Signal Dispatcher" daemon [_thread_blocked, id=5860, stack(0x000000e852100000,0x000000e852200000)]
  0x0000029e2dcc6800 JavaThread "Attach Listener" daemon [_thread_blocked, id=14220, stack(0x000000e852200000,0x000000e852300000)]
  0x0000029e2dcca000 JavaThread "Service Thread" daemon [_thread_blocked, id=1612, stack(0x000000e852300000,0x000000e852400000)]
  0x0000029e2dcd5000 JavaThread "C2 CompilerThread0" daemon [_thread_blocked, id=4016, stack(0x000000e852400000,0x000000e852500000)]
  0x0000029e2dcd6800 JavaThread "C1 CompilerThread0" daemon [_thread_blocked, id=13724, stack(0x000000e852500000,0x000000e852600000)]
  0x0000029e2dcdb000 JavaThread "Sweeper thread" daemon [_thread_blocked, id=4644, stack(0x000000e852600000,0x000000e852700000)]
  0x0000029e2de8d800 JavaThread "Common-Cleaner" daemon [_thread_blocked, id=6080, stack(0x000000e852700000,0x000000e852800000)]
  0x0000029e3025e000 JavaThread "Daemon health stats" [_thread_blocked, id=2628, stack(0x000000e852c00000,0x000000e852d00000)]
  0x0000029e310c4800 JavaThread "Incoming local TCP Connector on port 62436" [_thread_in_native, id=600, stack(0x000000e852b00000,0x000000e852c00000)]
  0x0000029e2f5af000 JavaThread "Daemon periodic checks" [_thread_blocked, id=13452, stack(0x000000e852d00000,0x000000e852e00000)]
  0x0000029e2f561000 JavaThread "Cache worker for file hash cache (C:\Users\a0587\.gradle\caches\7.0.2\fileHashes)" [_thread_blocked, id=11040, stack(0x000000e853600000,0x000000e853700000)]
  0x0000029e2f560000 JavaThread "File lock request listener" [_thread_in_native, id=1584, stack(0x000000e853700000,0x000000e853800000)]
  0x0000029e2f561800 JavaThread "Cache worker for journal cache (C:\Users\a0587\.gradle\caches\journal-1)" [_thread_blocked, id=12312, stack(0x000000e853800000,0x000000e853900000)]
  0x0000029e2f55f000 JavaThread "File watcher server" daemon [_thread_blocked, id=12784, stack(0x000000e853b00000,0x000000e853c00000)]
  0x0000029e2f563000 JavaThread "File watcher consumer" daemon [_thread_blocked, id=1772, stack(0x000000e853c00000,0x000000e853d00000)]
  0x0000029e301b2000 JavaThread "Cache worker for execution history cache (C:\Users\a0587\.gradle\caches\7.0.2\executionHistory)" [_thread_blocked, id=8628, stack(0x000000e854000000,0x000000e854100000)]
  0x0000029e301b5800 JavaThread "jar transforms" [_thread_blocked, id=6364, stack(0x000000e854100000,0x000000e854200000)]
  0x0000029e301b3000 JavaThread "jar transforms Thread 2" [_thread_blocked, id=6580, stack(0x000000e854200000,0x000000e854300000)]
  0x0000029e301b4000 JavaThread "Cache worker for file content cache (C:\Users\a0587\.gradle\caches\7.0.2\fileContent)" [_thread_blocked, id=10672, stack(0x000000e854300000,0x000000e854400000)]
  0x0000029e301af800 JavaThread "jar transforms Thread 3" [_thread_blocked, id=11588, stack(0x000000e854500000,0x000000e854600000)]
  0x0000029e301b9800 JavaThread "jar transforms Thread 4" [_thread_blocked, id=2496, stack(0x000000e854b00000,0x000000e854c00000)]
  0x0000029e301ba800 JavaThread "Memory manager" [_thread_blocked, id=2708, stack(0x000000e854c00000,0x000000e854d00000)]
  0x0000029e337bb000 JavaThread "Cache worker for Java compile cache (C:\Users\a0587\.gradle\caches\7.0.2\javaCompile)" [_thread_blocked, id=5596, stack(0x000000e855800000,0x000000e855900000)]
  0x0000029e337be800 JavaThread "ForkJoinPool.commonPool-worker-7" daemon [_thread_blocked, id=3016, stack(0x000000e855d00000,0x000000e855e00000)]
  0x0000029e379d7000 JavaThread "Daemon Thread 8" [_thread_blocked, id=13116, stack(0x000000e851500000,0x000000e851600000)]
  0x0000029e379d3000 JavaThread "Handler for socket connection from /127.0.0.1:62436 to /127.0.0.1:64401" [_thread_in_native, id=13708, stack(0x000000e851600000,0x000000e851700000)]
  0x0000029e379d4800 JavaThread "Cancel handler" [_thread_blocked, id=11084, stack(0x000000e851700000,0x000000e851800000)]
  0x0000029e379d7800 JavaThread "Daemon worker Thread 8" [_thread_blocked, id=12628, stack(0x000000e852e00000,0x000000e852f00000)]
  0x0000029e379d3800 JavaThread "Asynchronous log dispatcher for DefaultDaemonConnection: socket connection from /127.0.0.1:62436 to /127.0.0.1:64401" [_thread_blocked, id=1656, stack(0x000000e852f00000,0x000000e853000000)]
  0x0000029e379d2000 JavaThread "Stdin handler" [_thread_blocked, id=12540, stack(0x000000e853000000,0x000000e853100000)]
  0x0000029e379d9800 JavaThread "Daemon client event forwarder" [_thread_blocked, id=4412, stack(0x000000e853100000,0x000000e853200000)]
  0x0000029e379da000 JavaThread "Cache worker for file hash cache (E:\Programs\Test\.gradle\7.0.2\fileHashes)" [_thread_blocked, id=14012, stack(0x000000e853200000,0x000000e853300000)]
  0x0000029e379db000 JavaThread "Cache worker for checksums cache (E:\Programs\Test\.gradle\checksums)" [_thread_blocked, id=3284, stack(0x000000e853300000,0x000000e853400000)]
  0x0000029e379d5000 JavaThread "Cache worker for cache directory md-supplier (C:\Users\a0587\.gradle\caches\7.0.2\md-supplier)" [_thread_blocked, id=7808, stack(0x000000e853400000,0x000000e853500000)]
  0x0000029e379db800 JavaThread "Cache worker for cache directory md-rule (C:\Users\a0587\.gradle\caches\7.0.2\md-rule)" [_thread_blocked, id=2120, stack(0x000000e853900000,0x000000e853a00000)]
  0x0000029e379d6000 JavaThread "Cache worker for dependencies-accessors (E:\Programs\Test\.gradle\7.0.2\dependencies-accessors)" [_thread_blocked, id=11768, stack(0x000000e853a00000,0x000000e853b00000)]
  0x0000029e379e0000 JavaThread "Cache worker for Build Output Cleanup Cache (E:\Programs\Test\.gradle\buildOutputCleanup)" [_thread_blocked, id=11832, stack(0x000000e853d00000,0x000000e853e00000)]
  0x0000029e379dd800 JavaThread "Build operations" [_thread_blocked, id=8080, stack(0x000000e853e00000,0x000000e853f00000)]
  0x0000029e379dc800 JavaThread "Build operations Thread 2" [_thread_blocked, id=11424, stack(0x000000e853f00000,0x000000e854000000)]
  0x0000029e379de000 JavaThread "Build operations Thread 3" [_thread_blocked, id=5360, stack(0x000000e854400000,0x000000e854500000)]
  0x0000029e379df000 JavaThread "Build operations Thread 4" [_thread_blocked, id=5740, stack(0x000000e854600000,0x000000e854700000)]
  0x0000029e317e9800 JavaThread "C2 CompilerThread1" daemon [_thread_blocked, id=4860, stack(0x000000e854700000,0x000000e854800000)]
  0x0000029e379e0800 JavaThread "build event listener" [_thread_blocked, id=1608, stack(0x000000e854800000,0x000000e854900000)]
  0x0000029e337b7000 JavaThread "Execution worker for ':'" [_thread_blocked, id=1660, stack(0x000000e854900000,0x000000e854a00000)]
  0x0000029e337b8000 JavaThread "Execution worker for ':' Thread 2" [_thread_blocked, id=1260, stack(0x000000e854a00000,0x000000e854b00000)]
  0x0000029e337b3800 JavaThread "Execution worker for ':' Thread 3" [_thread_blocked, id=12820, stack(0x000000e854d00000,0x000000e854e00000)]
  0x0000029e337b5800 JavaThread "Cache worker for execution history cache (E:\Programs\Test\.gradle\7.0.2\executionHistory)" [_thread_blocked, id=484, stack(0x000000e854e00000,0x000000e854f00000)]
  0x0000029e337b4800 JavaThread "WorkerExecutor Queue Thread 2" [_thread_blocked, id=7920, stack(0x000000e855000000,0x000000e855100000)]
  0x0000029e337b3000 JavaThread "pool-28-thread-1" [_thread_blocked, id=1040, stack(0x000000e855100000,0x000000e855200000)]
  0x0000029e337b9800 JavaThread "stderr" [_thread_in_native, id=13564, stack(0x000000e855200000,0x000000e855300000)]
  0x0000029e337ba000 JavaThread "stdout" [_thread_in_native, id=7632, stack(0x000000e855300000,0x000000e855400000)]
  0x0000029e337c1800 JavaThread "WorkerExecutor Queue Thread 3" [_thread_blocked, id=1512, stack(0x000000e855400000,0x000000e855500000)]
  0x0000029e337bd800 JavaThread "WorkerExecutor Queue Thread 4" [_thread_blocked, id=1504, stack(0x000000e855500000,0x000000e855600000)]
  0x0000029e337bf000 JavaThread "Cache worker for Java compile cache (E:\Programs\Test\.gradle\7.0.2\javaCompile)" [_thread_blocked, id=2288, stack(0x000000e855600000,0x000000e855700000)]
  0x0000029e301b6800 JavaThread "WorkerExecutor Queue Thread 5" [_thread_blocked, id=13628, stack(0x000000e855700000,0x000000e855800000)]
  0x0000029e301b0800 JavaThread "WorkerExecutor Queue Thread 6" [_thread_blocked, id=4652, stack(0x000000e854f00000,0x000000e855000000)]
  0x0000029e301b7000 JavaThread "ForkJoinPool-1-worker-3" daemon [_thread_blocked, id=12056, stack(0x000000e855900000,0x000000e855a00000)]
  0x0000029e301b1800 JavaThread "ForkJoinPool-1-worker-5" daemon [_thread_blocked, id=10020, stack(0x000000e855a00000,0x000000e855b00000)]
  0x0000029e301bb000 JavaThread "ForkJoinPool-1-worker-7" daemon [_thread_blocked, id=12296, stack(0x000000e855b00000,0x000000e855c00000)]
  0x0000029e301bd000 JavaThread "ForkJoinPool-1-worker-1" daemon [_thread_blocked, id=10896, stack(0x000000e855c00000,0x000000e855d00000)]

Other Threads:
=>0x0000029e2d448800 VMThread "VM Thread" [stack: 0x000000e851e00000,0x000000e851f00000] [id=1676]
  0x0000029e2dea3000 WatcherThread [stack: 0x000000e852800000,0x000000e852900000] [id=6284]
  0x0000029e13879000 GCTaskThread "GC Thread#0" [stack: 0x000000e851900000,0x000000e851a00000] [id=8896]
  0x0000029e2e0a7000 GCTaskThread "GC Thread#1" [stack: 0x000000e852900000,0x000000e852a00000] [id=2964]
  0x0000029e2e58f000 GCTaskThread "GC Thread#2" [stack: 0x000000e852a00000,0x000000e852b00000] [id=12928]
  0x0000029e3167c800 GCTaskThread "GC Thread#3" [stack: 0x000000e853500000,0x000000e853600000] [id=13588]
  0x0000029e138ab000 ConcurrentGCThread "G1 Main Marker" [stack: 0x000000e851a00000,0x000000e851b00000] [id=2176]
  0x0000029e138ad800 ConcurrentGCThread "G1 Conc#0" [stack: 0x000000e851b00000,0x000000e851c00000] [id=11532]
  0x0000029e1393c000 ConcurrentGCThread "G1 Refine#0" [stack: 0x000000e851c00000,0x000000e851d00000] [id=8416]
  0x0000029e37fb4000 ConcurrentGCThread "G1 Refine#1" [stack: 0x000000e855e00000,0x000000e855f00000] [id=12568]
  0x0000029e3739b000 ConcurrentGCThread "G1 Refine#2" [stack: 0x000000e855f00000,0x000000e856000000] [id=1288]
  0x0000029e1393d000 ConcurrentGCThread "G1 Young RemSet Sampling" [stack: 0x000000e851d00000,0x000000e851e00000] [id=5268]

Threads with active compile tasks:
C2 CompilerThread04278585 28731       4       com.android.tools.r8.internal.v::get (36 bytes)
C2 CompilerThread14278585 28649       4       com.android.tools.r8.internal.f9::a (49 bytes)

VM state:at safepoint (normal execution)

VM Mutex/Monitor currently owned by a thread:  ([mutex/lock_event])
[0x0000029e1385c280] Threads_lock - owner thread: 0x0000029e2d448800
[0x0000029e1385c670] Heap_lock - owner thread: 0x0000029e301b1800

Heap address: 0x0000000080000000, size: 2048 MB, Compressed Oops mode: 32-bit
Narrow klass base: 0x0000000000000000, Narrow klass shift: 3
Compressed class space size: 1073741824 Address: 0x0000000100000000

Heap:
 garbage-first heap   total 669696K, used 266479K [0x0000000080000000, 0x0000000100000000)
  region size 1024K, 3 young (3072K), 3 survivors (3072K)
 Metaspace       used 125041K, capacity 128948K, committed 130896K, reserved 1163264K
  class space    used 15110K, capacity 16548K, committed 17312K, reserved 1048576K
Heap Regions: E=young(eden), S=young(survivor), O=old, HS=humongous(starts), HC=humongous(continues), CS=collection set, F=free, A=archive, TAMS=top-at-mark-start (previous, next)
|   0|0x0000000080000000, 0x0000000080100000, 0x0000000080100000|100%| O|  |TAMS 0x0000000080100000, 0x0000000080000000| Untracked 
|   1|0x0000000080100000, 0x0000000080200000, 0x0000000080200000|100%| O|  |TAMS 0x0000000080200000, 0x0000000080100000| Untracked 
|   2|0x0000000080200000, 0x0000000080300000, 0x0000000080300000|100%| O|  |TAMS 0x0000000080300000, 0x0000000080200000| Untracked 
|   3|0x0000000080300000, 0x0000000080400000, 0x0000000080400000|100%|HS|  |TAMS 0x0000000080400000, 0x0000000080300000| Complete 
|   4|0x0000000080400000, 0x0000000080500000, 0x0000000080500000|100%|HC|  |TAMS 0x0000000080500000, 0x0000000080400000| Complete 
|   5|0x0000000080500000, 0x0000000080600000, 0x0000000080600000|100%|HC|  |TAMS 0x0000000080600000, 0x0000000080500000| Complete 
|   6|0x0000000080600000, 0x0000000080700000, 0x0000000080700000|100%| O|  |TAMS 0x0000000080700000, 0x0000000080600000| Untracked 
|   7|0x0000000080700000, 0x0000000080800000, 0x0000000080800000|100%| O|  |TAMS 0x0000000080800000, 0x0000000080700000| Complete 
|   8|0x0000000080800000, 0x0000000080900000, 0x0000000080900000|100%| O|  |TAMS 0x0000000080900000, 0x0000000080800000| Untracked 
|   9|0x0000000080900000, 0x0000000080a00000, 0x0000000080a00000|100%| O|  |TAMS 0x0000000080a00000, 0x0000000080900000| Complete 
|  10|0x0000000080a00000, 0x0000000080b00000, 0x0000000080b00000|100%| O|  |TAMS 0x0000000080b00000, 0x0000000080a00000| Complete 
|  11|0x0000000080b00000, 0x0000000080c00000, 0x0000000080c00000|100%| O|  |TAMS 0x0000000080c00000, 0x0000000080b00000| Complete 
|  12|0x0000000080c00000, 0x0000000080d00000, 0x0000000080d00000|100%| O|  |TAMS 0x0000000080d00000, 0x0000000080c00000| Untracked 
|  13|0x0000000080d00000, 0x0000000080e00000, 0x0000000080e00000|100%| O|  |TAMS 0x0000000080e00000, 0x0000000080d00000| Untracked 
|  14|0x0000000080e00000, 0x0000000080f00000, 0x0000000080f00000|100%| O|  |TAMS 0x0000000080f00000, 0x0000000080e00000| Untracked 
|  15|0x0000000080f00000, 0x0000000081000000, 0x0000000081000000|100%| O|  |TAMS 0x0000000081000000, 0x0000000080f00000| Untracked 
|  16|0x0000000081000000, 0x0000000081100000, 0x0000000081100000|100%| O|  |TAMS 0x0000000081100000, 0x0000000081000000| Complete 
|  17|0x0000000081100000, 0x0000000081200000, 0x0000000081200000|100%| O|  |TAMS 0x0000000081200000, 0x0000000081100000| Complete 
|  18|0x0000000081200000, 0x0000000081300000, 0x0000000081300000|100%| O|  |TAMS 0x0000000081300000, 0x0000000081200000| Complete 
|  19|0x0000000081300000, 0x0000000081400000, 0x0000000081400000|100%| O|  |TAMS 0x0000000081400000, 0x0000000081300000| Untracked 
|  20|0x0000000081400000, 0x0000000081500000, 0x0000000081500000|100%| O|  |TAMS 0x0000000081500000, 0x0000000081400000| Complete 
|  21|0x0000000081500000, 0x0000000081600000, 0x0000000081600000|100%| O|  |TAMS 0x0000000081600000, 0x0000000081500000| Complete 
|  22|0x0000000081600000, 0x0000000081700000, 0x0000000081700000|100%| O|  |TAMS 0x0000000081700000, 0x0000000081600000| Complete 
|  23|0x0000000081700000, 0x0000000081800000, 0x0000000081800000|100%| O|  |TAMS 0x0000000081800000, 0x0000000081700000| Complete 
|  24|0x0000000081800000, 0x0000000081900000, 0x0000000081900000|100%| O|  |TAMS 0x0000000081900000, 0x0000000081800000| Complete 
|  25|0x0000000081900000, 0x0000000081a00000, 0x0000000081a00000|100%| O|  |TAMS 0x0000000081a00000, 0x0000000081900000| Complete 
|  26|0x0000000081a00000, 0x0000000081b00000, 0x0000000081b00000|100%| O|  |TAMS 0x0000000081b00000, 0x0000000081a00000| Complete 
|  27|0x0000000081b00000, 0x0000000081c00000, 0x0000000081c00000|100%|HS|  |TAMS 0x0000000081c00000, 0x0000000081b00000| Complete 
|  28|0x0000000081c00000, 0x0000000081d00000, 0x0000000081d00000|100%|HS|  |TAMS 0x0000000081d00000, 0x0000000081c00000| Complete 
|  29|0x0000000081d00000, 0x0000000081e00000, 0x0000000081e00000|100%|HS|  |TAMS 0x0000000081e00000, 0x0000000081d00000| Complete 
|  30|0x0000000081e00000, 0x0000000081f00000, 0x0000000081f00000|100%|HC|  |TAMS 0x0000000081f00000, 0x0000000081e00000| Complete 
|  31|0x0000000081f00000, 0x0000000082000000, 0x0000000082000000|100%| O|  |TAMS 0x0000000082000000, 0x0000000081f00000| Complete 
|  32|0x0000000082000000, 0x0000000082100000, 0x0000000082100000|100%| O|  |TAMS 0x0000000082100000, 0x0000000082000000| Complete 
|  33|0x0000000082100000, 0x0000000082200000, 0x0000000082200000|100%| O|  |TAMS 0x0000000082200000, 0x0000000082100000| Complete 
|  34|0x0000000082200000, 0x0000000082300000, 0x0000000082300000|100%| O|  |TAMS 0x0000000082300000, 0x0000000082200000| Complete 
|  35|0x0000000082300000, 0x0000000082400000, 0x0000000082400000|100%| O|  |TAMS 0x0000000082400000, 0x0000000082300000| Untracked 
|  36|0x0000000082400000, 0x0000000082500000, 0x0000000082500000|100%| O|  |TAMS 0x0000000082500000, 0x0000000082400000| Untracked 
|  37|0x0000000082500000, 0x0000000082600000, 0x0000000082600000|100%| O|  |TAMS 0x0000000082600000, 0x0000000082500000| Untracked 
|  38|0x0000000082600000, 0x0000000082700000, 0x0000000082700000|100%| O|  |TAMS 0x0000000082700000, 0x0000000082600000| Untracked 
|  39|0x0000000082700000, 0x0000000082800000, 0x0000000082800000|100%| O|  |TAMS 0x0000000082800000, 0x0000000082700000| Untracked 
|  40|0x0000000082800000, 0x0000000082900000, 0x0000000082900000|100%| O|  |TAMS 0x0000000082900000, 0x0000000082800000| Complete 
|  41|0x0000000082900000, 0x0000000082a00000, 0x0000000082a00000|100%| O|  |TAMS 0x0000000082a00000, 0x0000000082900000| Complete 
|  42|0x0000000082a00000, 0x0000000082b00000, 0x0000000082b00000|100%| O|  |TAMS 0x0000000082b00000, 0x0000000082a00000| Complete 
|  43|0x0000000082b00000, 0x0000000082c00000, 0x0000000082c00000|100%| O|  |TAMS 0x0000000082c00000, 0x0000000082b00000| Complete 
|  44|0x0000000082c00000, 0x0000000082d00000, 0x0000000082d00000|100%| O|  |TAMS 0x0000000082d00000, 0x0000000082c00000| Complete 
|  45|0x0000000082d00000, 0x0000000082e00000, 0x0000000082e00000|100%| O|  |TAMS 0x0000000082e00000, 0x0000000082d00000| Complete 
|  46|0x0000000082e00000, 0x0000000082f00000, 0x0000000082f00000|100%| O|  |TAMS 0x0000000082f00000, 0x0000000082e00000| Complete 
|  47|0x0000000082f00000, 0x0000000083000000, 0x0000000083000000|100%| O|  |TAMS 0x0000000083000000, 0x0000000082f00000| Complete 
|  48|0x0000000083000000, 0x0000000083100000, 0x0000000083100000|100%| O|  |TAMS 0x0000000083100000, 0x0000000083000000| Complete 
|  49|0x0000000083100000, 0x0000000083200000, 0x0000000083200000|100%| O|  |TAMS 0x0000000083200000, 0x0000000083100000| Complete 
|  50|0x0000000083200000, 0x0000000083300000, 0x0000000083300000|100%| O|  |TAMS 0x0000000083300000, 0x0000000083200000| Complete 
|  51|0x0000000083300000, 0x0000000083400000, 0x0000000083400000|100%| O|  |TAMS 0x0000000083400000, 0x0000000083300000| Complete 
|  52|0x0000000083400000, 0x0000000083500000, 0x0000000083500000|100%| O|  |TAMS 0x0000000083500000, 0x0000000083400000| Complete 
|  53|0x0000000083500000, 0x0000000083600000, 0x0000000083600000|100%| O|  |TAMS 0x0000000083600000, 0x0000000083500000| Complete 
|  54|0x0000000083600000, 0x0000000083700000, 0x0000000083700000|100%| O|  |TAMS 0x0000000083700000, 0x0000000083600000| Complete 
|  55|0x0000000083700000, 0x0000000083800000, 0x0000000083800000|100%| O|  |TAMS 0x0000000083800000, 0x0000000083700000| Complete 
|  56|0x0000000083800000, 0x0000000083900000, 0x0000000083900000|100%| O|  |TAMS 0x0000000083900000, 0x0000000083800000| Complete 
|  57|0x0000000083900000, 0x0000000083a00000, 0x0000000083a00000|100%| O|  |TAMS 0x0000000083a00000, 0x0000000083900000| Complete 
|  58|0x0000000083a00000, 0x0000000083b00000, 0x0000000083b00000|100%| O|  |TAMS 0x0000000083b00000, 0x0000000083a00000| Complete 
|  59|0x0000000083b00000, 0x0000000083c00000, 0x0000000083c00000|100%| O|  |TAMS 0x0000000083c00000, 0x0000000083b00000| Complete 
|  60|0x0000000083c00000, 0x0000000083d00000, 0x0000000083d00000|100%| O|  |TAMS 0x0000000083d00000, 0x0000000083c00000| Complete 
|  61|0x0000000083d00000, 0x0000000083e00000, 0x0000000083e00000|100%| O|  |TAMS 0x0000000083e00000, 0x0000000083d00000| Complete 
|  62|0x0000000083e00000, 0x0000000083f00000, 0x0000000083f00000|100%| O|  |TAMS 0x0000000083f00000, 0x0000000083e00000| Complete 
|  63|0x0000000083f00000, 0x0000000084000000, 0x0000000084000000|100%| O|  |TAMS 0x0000000084000000, 0x0000000083f00000| Complete 
|  64|0x0000000084000000, 0x0000000084100000, 0x0000000084100000|100%| O|  |TAMS 0x0000000084100000, 0x0000000084000000| Complete 
|  65|0x0000000084100000, 0x0000000084200000, 0x0000000084200000|100%| O|  |TAMS 0x0000000084200000, 0x0000000084100000| Complete 
|  66|0x0000000084200000, 0x0000000084300000, 0x0000000084300000|100%| O|  |TAMS 0x0000000084300000, 0x0000000084200000| Complete 
|  67|0x0000000084300000, 0x0000000084400000, 0x0000000084400000|100%| O|  |TAMS 0x0000000084400000, 0x0000000084300000| Complete 
|  68|0x0000000084400000, 0x0000000084500000, 0x0000000084500000|100%| O|  |TAMS 0x0000000084500000, 0x0000000084400000| Complete 
|  69|0x0000000084500000, 0x0000000084600000, 0x0000000084600000|100%| O|  |TAMS 0x0000000084600000, 0x0000000084500000| Complete 
|  70|0x0000000084600000, 0x0000000084700000, 0x0000000084700000|100%| O|  |TAMS 0x0000000084700000, 0x0000000084600000| Complete 
|  71|0x0000000084700000, 0x0000000084800000, 0x0000000084800000|100%| O|  |TAMS 0x0000000084800000, 0x0000000084700000| Complete 
|  72|0x0000000084800000, 0x0000000084900000, 0x0000000084900000|100%| O|  |TAMS 0x0000000084900000, 0x0000000084800000| Complete 
|  73|0x0000000084900000, 0x0000000084a00000, 0x0000000084a00000|100%| O|  |TAMS 0x0000000084a00000, 0x0000000084900000| Complete 
|  74|0x0000000084a00000, 0x0000000084b00000, 0x0000000084b00000|100%| O|  |TAMS 0x0000000084b00000, 0x0000000084a00000| Complete 
|  75|0x0000000084b00000, 0x0000000084c00000, 0x0000000084c00000|100%| O|  |TAMS 0x0000000084c00000, 0x0000000084b00000| Complete 
|  76|0x0000000084c00000, 0x0000000084d00000, 0x0000000084d00000|100%| O|  |TAMS 0x0000000084d00000, 0x0000000084c00000| Complete 
|  77|0x0000000084d00000, 0x0000000084e00000, 0x0000000084e00000|100%| O|  |TAMS 0x0000000084e00000, 0x0000000084d00000| Untracked 
|  78|0x0000000084e00000, 0x0000000084f00000, 0x0000000084f00000|100%| O|  |TAMS 0x0000000084f00000, 0x0000000084e00000| Complete 
|  79|0x0000000084f00000, 0x0000000085000000, 0x0000000085000000|100%|HS|  |TAMS 0x0000000085000000, 0x0000000084f00000| Complete 
|  80|0x0000000085000000, 0x0000000085100000, 0x0000000085100000|100%|HC|  |TAMS 0x0000000085100000, 0x0000000085000000| Complete 
|  81|0x0000000085100000, 0x0000000085200000, 0x0000000085200000|100%| O|  |TAMS 0x0000000085200000, 0x0000000085100000| Complete 
|  82|0x0000000085200000, 0x0000000085300000, 0x0000000085300000|100%| O|  |TAMS 0x0000000085300000, 0x0000000085200000| Complete 
|  83|0x0000000085300000, 0x0000000085400000, 0x0000000085400000|100%| O|  |TAMS 0x0000000085400000, 0x0000000085300000| Complete 
|  84|0x0000000085400000, 0x0000000085500000, 0x0000000085500000|100%| O|  |TAMS 0x0000000085500000, 0x0000000085400000| Complete 
|  85|0x0000000085500000, 0x0000000085600000, 0x0000000085600000|100%| O|  |TAMS 0x0000000085600000, 0x0000000085500000| Complete 
|  86|0x0000000085600000, 0x0000000085700000, 0x0000000085700000|100%| O|  |TAMS 0x0000000085700000, 0x0000000085600000| Complete 
|  87|0x0000000085700000, 0x0000000085800000, 0x0000000085800000|100%| O|  |TAMS 0x0000000085800000, 0x0000000085700000| Complete 
|  88|0x0000000085800000, 0x0000000085900000, 0x0000000085900000|100%| O|  |TAMS 0x0000000085900000, 0x0000000085800000| Complete 
|  89|0x0000000085900000, 0x0000000085a00000, 0x0000000085a00000|100%| O|  |TAMS 0x0000000085a00000, 0x0000000085900000| Complete 
|  90|0x0000000085a00000, 0x0000000085b00000, 0x0000000085b00000|100%|HS|  |TAMS 0x0000000085a00000, 0x0000000085a00000| Complete 
|  91|0x0000000085b00000, 0x0000000085c00000, 0x0000000085c00000|100%| O|  |TAMS 0x0000000085c00000, 0x0000000085b00000| Complete 
|  92|0x0000000085c00000, 0x0000000085d00000, 0x0000000085d00000|100%| O|  |TAMS 0x0000000085d00000, 0x0000000085c00000| Complete 
|  93|0x0000000085d00000, 0x0000000085e00000, 0x0000000085e00000|100%| O|  |TAMS 0x0000000085e00000, 0x0000000085d00000| Complete 
|  94|0x0000000085e00000, 0x0000000085f00000, 0x0000000085f00000|100%| O|  |TAMS 0x0000000085f00000, 0x0000000085e00000| Complete 
|  95|0x0000000085f00000, 0x0000000086000000, 0x0000000086000000|100%| O|  |TAMS 0x0000000086000000, 0x0000000085f00000| Complete 
|  96|0x0000000086000000, 0x0000000086100000, 0x0000000086100000|100%| O|  |TAMS 0x0000000086100000, 0x0000000086000000| Complete 
|  97|0x0000000086100000, 0x0000000086200000, 0x0000000086200000|100%| O|  |TAMS 0x0000000086200000, 0x0000000086100000| Complete 
|  98|0x0000000086200000, 0x0000000086300000, 0x0000000086300000|100%| O|  |TAMS 0x0000000086300000, 0x0000000086200000| Complete 
|  99|0x0000000086300000, 0x0000000086400000, 0x0000000086400000|100%| O|  |TAMS 0x0000000086400000, 0x0000000086300000| Complete 
| 100|0x0000000086400000, 0x0000000086500000, 0x0000000086500000|100%| O|  |TAMS 0x0000000086500000, 0x0000000086400000| Complete 
| 101|0x0000000086500000, 0x0000000086600000, 0x0000000086600000|100%| O|  |TAMS 0x0000000086600000, 0x0000000086500000| Complete 
| 102|0x0000000086600000, 0x0000000086700000, 0x0000000086700000|100%| O|  |TAMS 0x0000000086700000, 0x0000000086600000| Complete 
| 103|0x0000000086700000, 0x0000000086800000, 0x0000000086800000|100%| O|  |TAMS 0x0000000086800000, 0x0000000086700000| Complete 
| 104|0x0000000086800000, 0x0000000086900000, 0x0000000086900000|100%| O|  |TAMS 0x0000000086900000, 0x0000000086800000| Complete 
| 105|0x0000000086900000, 0x0000000086a00000, 0x0000000086a00000|100%| O|  |TAMS 0x0000000086a00000, 0x0000000086900000| Complete 
| 106|0x0000000086a00000, 0x0000000086b00000, 0x0000000086b00000|100%| O|  |TAMS 0x0000000086b00000, 0x0000000086a00000| Complete 
| 107|0x0000000086b00000, 0x0000000086c00000, 0x0000000086c00000|100%| O|  |TAMS 0x0000000086c00000, 0x0000000086b00000| Complete 
| 108|0x0000000086c00000, 0x0000000086d00000, 0x0000000086d00000|100%| O|  |TAMS 0x0000000086d00000, 0x0000000086c00000| Complete 
| 109|0x0000000086d00000, 0x0000000086e00000, 0x0000000086e00000|100%| O|  |TAMS 0x0000000086e00000, 0x0000000086d00000| Complete 
| 110|0x0000000086e00000, 0x0000000086f00000, 0x0000000086f00000|100%| O|  |TAMS 0x0000000086f00000, 0x0000000086e00000| Complete 
| 111|0x0000000086f00000, 0x0000000087000000, 0x0000000087000000|100%|HS|  |TAMS 0x0000000087000000, 0x0000000086f00000| Complete 
| 112|0x0000000087000000, 0x0000000087100000, 0x0000000087100000|100%|HC|  |TAMS 0x0000000087100000, 0x0000000087000000| Complete 
| 113|0x0000000087100000, 0x0000000087200000, 0x0000000087200000|100%| O|  |TAMS 0x0000000087200000, 0x0000000087100000| Untracked 
| 114|0x0000000087200000, 0x0000000087300000, 0x0000000087300000|100%| O|  |TAMS 0x0000000087300000, 0x0000000087200000| Untracked 
| 115|0x0000000087300000, 0x0000000087400000, 0x0000000087400000|100%| O|  |TAMS 0x0000000087400000, 0x0000000087300000| Complete 
| 116|0x0000000087400000, 0x0000000087500000, 0x0000000087500000|100%| O|  |TAMS 0x0000000087400000, 0x0000000087400000| Untracked 
| 117|0x0000000087500000, 0x0000000087500000, 0x0000000087600000|  0%| F|  |TAMS 0x0000000087500000, 0x0000000087500000| Untracked 
| 118|0x0000000087600000, 0x0000000087700000, 0x0000000087700000|100%| O|  |TAMS 0x0000000087700000, 0x0000000087600000| Complete 
| 119|0x0000000087700000, 0x0000000087800000, 0x0000000087800000|100%| O|  |TAMS 0x0000000087800000, 0x0000000087700000| Complete 
| 120|0x0000000087800000, 0x0000000087800000, 0x0000000087900000|  0%| F|  |TAMS 0x0000000087800000, 0x0000000087800000| Untracked 
| 121|0x0000000087900000, 0x0000000087a00000, 0x0000000087a00000|100%| O|  |TAMS 0x0000000087a00000, 0x0000000087900000| Complete 
| 122|0x0000000087a00000, 0x0000000087b00000, 0x0000000087b00000|100%| O|  |TAMS 0x0000000087b00000, 0x0000000087a00000| Complete 
| 123|0x0000000087b00000, 0x0000000087b00000, 0x0000000087c00000|  0%| F|  |TAMS 0x0000000087b00000, 0x0000000087b00000| Untracked 
| 124|0x0000000087c00000, 0x0000000087c00000, 0x0000000087d00000|  0%| F|  |TAMS 0x0000000087c00000, 0x0000000087c00000| Untracked 
| 125|0x0000000087d00000, 0x0000000087e00000, 0x0000000087e00000|100%| O|  |TAMS 0x0000000087e00000, 0x0000000087d00000| Complete 
| 126|0x0000000087e00000, 0x0000000087f00000, 0x0000000087f00000|100%|HS|  |TAMS 0x0000000087f00000, 0x0000000087e00000| Complete 
| 127|0x0000000087f00000, 0x0000000088000000, 0x0000000088000000|100%|HC|  |TAMS 0x0000000088000000, 0x0000000087f00000| Complete 
| 128|0x0000000088000000, 0x0000000088000000, 0x0000000088100000|  0%| F|  |TAMS 0x0000000088000000, 0x0000000088000000| Untracked 
| 129|0x0000000088100000, 0x0000000088100000, 0x0000000088200000|  0%| F|  |TAMS 0x0000000088100000, 0x0000000088100000| Untracked 
| 130|0x0000000088200000, 0x0000000088200000, 0x0000000088300000|  0%| F|  |TAMS 0x0000000088200000, 0x0000000088200000| Untracked 
| 131|0x0000000088300000, 0x0000000088400000, 0x0000000088400000|100%| O|  |TAMS 0x0000000088400000, 0x0000000088300000| Complete 
| 132|0x0000000088400000, 0x0000000088500000, 0x0000000088500000|100%| O|  |TAMS 0x0000000088500000, 0x0000000088400000| Complete 
| 133|0x0000000088500000, 0x0000000088500000, 0x0000000088600000|  0%| F|  |TAMS 0x0000000088500000, 0x0000000088500000| Untracked 
| 134|0x0000000088600000, 0x0000000088700000, 0x0000000088700000|100%| O|  |TAMS 0x0000000088700000, 0x0000000088600000| Complete 
| 135|0x0000000088700000, 0x0000000088800000, 0x0000000088800000|100%| O|  |TAMS 0x0000000088800000, 0x0000000088700000| Complete 
| 136|0x0000000088800000, 0x0000000088900000, 0x0000000088900000|100%| O|  |TAMS 0x0000000088900000, 0x0000000088800000| Complete 
| 137|0x0000000088900000, 0x0000000088a00000, 0x0000000088a00000|100%| O|  |TAMS 0x0000000088a00000, 0x0000000088900000| Complete 
| 138|0x0000000088a00000, 0x0000000088a00000, 0x0000000088b00000|  0%| F|  |TAMS 0x0000000088a00000, 0x0000000088a00000| Untracked 
| 139|0x0000000088b00000, 0x0000000088b00000, 0x0000000088c00000|  0%| F|  |TAMS 0x0000000088b00000, 0x0000000088b00000| Untracked 
| 140|0x0000000088c00000, 0x0000000088d00000, 0x0000000088d00000|100%| O|  |TAMS 0x0000000088d00000, 0x0000000088c00000| Complete 
| 141|0x0000000088d00000, 0x0000000088e00000, 0x0000000088e00000|100%|HS|  |TAMS 0x0000000088e00000, 0x0000000088d00000| Complete 
| 142|0x0000000088e00000, 0x0000000088f00000, 0x0000000088f00000|100%|HC|  |TAMS 0x0000000088f00000, 0x0000000088e00000| Complete 
| 143|0x0000000088f00000, 0x0000000089000000, 0x0000000089000000|100%| O|  |TAMS 0x0000000089000000, 0x0000000088f00000| Complete 
| 144|0x0000000089000000, 0x0000000089100000, 0x0000000089100000|100%| O|  |TAMS 0x0000000089100000, 0x0000000089000000| Complete 
| 145|0x0000000089100000, 0x0000000089100000, 0x0000000089200000|  0%| F|  |TAMS 0x0000000089100000, 0x0000000089100000| Untracked 
| 146|0x0000000089200000, 0x0000000089200000, 0x0000000089300000|  0%| F|  |TAMS 0x0000000089200000, 0x0000000089200000| Untracked 
| 147|0x0000000089300000, 0x0000000089300000, 0x0000000089400000|  0%| F|  |TAMS 0x0000000089300000, 0x0000000089300000| Untracked 
| 148|0x0000000089400000, 0x0000000089500000, 0x0000000089500000|100%| O|  |TAMS 0x0000000089500000, 0x0000000089400000| Complete 
| 149|0x0000000089500000, 0x0000000089600000, 0x0000000089600000|100%| O|  |TAMS 0x0000000089600000, 0x0000000089500000| Complete 
| 150|0x0000000089600000, 0x0000000089700000, 0x0000000089700000|100%| O|  |TAMS 0x0000000089700000, 0x0000000089600000| Complete 
| 151|0x0000000089700000, 0x0000000089800000, 0x0000000089800000|100%| O|  |TAMS 0x0000000089800000, 0x0000000089700000| Complete 
| 152|0x0000000089800000, 0x0000000089900000, 0x0000000089900000|100%| O|  |TAMS 0x0000000089900000, 0x0000000089800000| Complete 
| 153|0x0000000089900000, 0x0000000089a00000, 0x0000000089a00000|100%| O|  |TAMS 0x0000000089a00000, 0x0000000089900000| Complete 
| 154|0x0000000089a00000, 0x0000000089b00000, 0x0000000089b00000|100%| O|  |TAMS 0x0000000089b00000, 0x0000000089a00000| Complete 
| 155|0x0000000089b00000, 0x0000000089b00000, 0x0000000089c00000|  0%| F|  |TAMS 0x0000000089b00000, 0x0000000089b00000| Untracked 
| 156|0x0000000089c00000, 0x0000000089d00000, 0x0000000089d00000|100%| O|  |TAMS 0x0000000089d00000, 0x0000000089c00000| Complete 
| 157|0x0000000089d00000, 0x0000000089e00000, 0x0000000089e00000|100%| O|  |TAMS 0x0000000089e00000, 0x0000000089d00000| Complete 
| 158|0x0000000089e00000, 0x0000000089e00000, 0x0000000089f00000|  0%| F|  |TAMS 0x0000000089e00000, 0x0000000089e00000| Untracked 
| 159|0x0000000089f00000, 0x000000008a000000, 0x000000008a000000|100%| O|  |TAMS 0x000000008a000000, 0x0000000089f00000| Complete 
| 160|0x000000008a000000, 0x000000008a000000, 0x000000008a100000|  0%| F|  |TAMS 0x000000008a000000, 0x000000008a000000| Untracked 
| 161|0x000000008a100000, 0x000000008a200000, 0x000000008a200000|100%| O|  |TAMS 0x000000008a200000, 0x000000008a100000| Complete 
| 162|0x000000008a200000, 0x000000008a300000, 0x000000008a300000|100%| O|  |TAMS 0x000000008a300000, 0x000000008a200000| Complete 
| 163|0x000000008a300000, 0x000000008a300000, 0x000000008a400000|  0%| F|  |TAMS 0x000000008a300000, 0x000000008a300000| Untracked 
| 164|0x000000008a400000, 0x000000008a400000, 0x000000008a500000|  0%| F|  |TAMS 0x000000008a400000, 0x000000008a400000| Untracked 
| 165|0x000000008a500000, 0x000000008a600000, 0x000000008a600000|100%| O|  |TAMS 0x000000008a600000, 0x000000008a500000| Complete 
| 166|0x000000008a600000, 0x000000008a700000, 0x000000008a700000|100%| O|  |TAMS 0x000000008a700000, 0x000000008a600000| Untracked 
| 167|0x000000008a700000, 0x000000008a800000, 0x000000008a800000|100%| O|  |TAMS 0x000000008a800000, 0x000000008a700000| Untracked 
| 168|0x000000008a800000, 0x000000008a900000, 0x000000008a900000|100%| O|  |TAMS 0x000000008a900000, 0x000000008a800000| Complete 
| 169|0x000000008a900000, 0x000000008a900000, 0x000000008aa00000|  0%| F|  |TAMS 0x000000008a900000, 0x000000008a900000| Untracked 
| 170|0x000000008aa00000, 0x000000008aa00000, 0x000000008ab00000|  0%| F|  |TAMS 0x000000008aa00000, 0x000000008aa00000| Untracked 
| 171|0x000000008ab00000, 0x000000008ac00000, 0x000000008ac00000|100%| O|  |TAMS 0x000000008ac00000, 0x000000008ab00000| Complete 
| 172|0x000000008ac00000, 0x000000008ad00000, 0x000000008ad00000|100%| O|  |TAMS 0x000000008ad00000, 0x000000008ac00000| Complete 
| 173|0x000000008ad00000, 0x000000008ae00000, 0x000000008ae00000|100%| O|  |TAMS 0x000000008ae00000, 0x000000008ad00000| Complete 
| 174|0x000000008ae00000, 0x000000008af00000, 0x000000008af00000|100%| O|  |TAMS 0x000000008af00000, 0x000000008ae00000| Complete 
| 175|0x000000008af00000, 0x000000008b000000, 0x000000008b000000|100%| O|  |TAMS 0x000000008b000000, 0x000000008af00000| Complete 
| 176|0x000000008b000000, 0x000000008b100000, 0x000000008b100000|100%| O|  |TAMS 0x000000008b100000, 0x000000008b000000| Complete 
| 177|0x000000008b100000, 0x000000008b200000, 0x000000008b200000|100%| O|  |TAMS 0x000000008b200000, 0x000000008b100000| Complete 
| 178|0x000000008b200000, 0x000000008b300000, 0x000000008b300000|100%| O|  |TAMS 0x000000008b300000, 0x000000008b200000| Untracked 
| 179|0x000000008b300000, 0x000000008b400000, 0x000000008b400000|100%| O|  |TAMS 0x000000008b400000, 0x000000008b300000| Complete 
| 180|0x000000008b400000, 0x000000008b400000, 0x000000008b500000|  0%| F|  |TAMS 0x000000008b400000, 0x000000008b400000| Untracked 
| 181|0x000000008b500000, 0x000000008b600000, 0x000000008b600000|100%| O|  |TAMS 0x000000008b600000, 0x000000008b500000| Complete 
| 182|0x000000008b600000, 0x000000008b700000, 0x000000008b700000|100%| O|  |TAMS 0x000000008b700000, 0x000000008b600000| Complete 
| 183|0x000000008b700000, 0x000000008b800000, 0x000000008b800000|100%| O|  |TAMS 0x000000008b800000, 0x000000008b700000| Complete 
| 184|0x000000008b800000, 0x000000008b900000, 0x000000008b900000|100%| O|  |TAMS 0x000000008b900000, 0x000000008b800000| Complete 
| 185|0x000000008b900000, 0x000000008ba00000, 0x000000008ba00000|100%| O|  |TAMS 0x000000008ba00000, 0x000000008b900000| Complete 
| 186|0x000000008ba00000, 0x000000008bb00000, 0x000000008bb00000|100%| O|  |TAMS 0x000000008bb00000, 0x000000008ba00000| Complete 
| 187|0x000000008bb00000, 0x000000008bb00000, 0x000000008bc00000|  0%| F|  |TAMS 0x000000008bb00000, 0x000000008bb00000| Untracked 
| 188|0x000000008bc00000, 0x000000008bd00000, 0x000000008bd00000|100%| O|  |TAMS 0x000000008bd00000, 0x000000008bc00000| Complete 
| 189|0x000000008bd00000, 0x000000008be00000, 0x000000008be00000|100%| O|  |TAMS 0x000000008be00000, 0x000000008bd00000| Complete 
| 190|0x000000008be00000, 0x000000008bf00000, 0x000000008bf00000|100%| O|  |TAMS 0x000000008bf00000, 0x000000008be00000| Complete 
| 191|0x000000008bf00000, 0x000000008c000000, 0x000000008c000000|100%| O|  |TAMS 0x000000008c000000, 0x000000008bf00000| Complete 
| 192|0x000000008c000000, 0x000000008c100000, 0x000000008c100000|100%| O|  |TAMS 0x000000008c100000, 0x000000008c000000| Complete 
| 193|0x000000008c100000, 0x000000008c200000, 0x000000008c200000|100%| O|  |TAMS 0x000000008c200000, 0x000000008c100000| Complete 
| 194|0x000000008c200000, 0x000000008c300000, 0x000000008c300000|100%| O|  |TAMS 0x000000008c300000, 0x000000008c200000| Complete 
| 195|0x000000008c300000, 0x000000008c400000, 0x000000008c400000|100%| O|  |TAMS 0x000000008c400000, 0x000000008c300000| Complete 
| 196|0x000000008c400000, 0x000000008c500000, 0x000000008c500000|100%| O|  |TAMS 0x000000008c500000, 0x000000008c400000| Complete 
| 197|0x000000008c500000, 0x000000008c600000, 0x000000008c600000|100%| O|  |TAMS 0x000000008c600000, 0x000000008c500000| Complete 
| 198|0x000000008c600000, 0x000000008c700000, 0x000000008c700000|100%| O|  |TAMS 0x000000008c700000, 0x000000008c600000| Complete 
| 199|0x000000008c700000, 0x000000008c800000, 0x000000008c800000|100%| O|  |TAMS 0x000000008c800000, 0x000000008c700000| Complete 
| 200|0x000000008c800000, 0x000000008c900000, 0x000000008c900000|100%| O|  |TAMS 0x000000008c900000, 0x000000008c800000| Complete 
| 201|0x000000008c900000, 0x000000008ca00000, 0x000000008ca00000|100%| O|  |TAMS 0x000000008ca00000, 0x000000008c900000| Complete 
| 202|0x000000008ca00000, 0x000000008cb00000, 0x000000008cb00000|100%|HS|  |TAMS 0x000000008cb00000, 0x000000008ca00000| Complete 
| 203|0x000000008cb00000, 0x000000008cc00000, 0x000000008cc00000|100%|HC|  |TAMS 0x000000008cc00000, 0x000000008cb00000| Complete 
| 204|0x000000008cc00000, 0x000000008cd00000, 0x000000008cd00000|100%| O|  |TAMS 0x000000008cd00000, 0x000000008cc00000| Complete 
| 205|0x000000008cd00000, 0x000000008ce00000, 0x000000008ce00000|100%| O|  |TAMS 0x000000008ce00000, 0x000000008cd00000| Complete 
| 206|0x000000008ce00000, 0x000000008cf00000, 0x000000008cf00000|100%| O|  |TAMS 0x000000008cf00000, 0x000000008ce00000| Complete 
| 207|0x000000008cf00000, 0x000000008d000000, 0x000000008d000000|100%| O|  |TAMS 0x000000008d000000, 0x000000008cf00000| Complete 
| 208|0x000000008d000000, 0x000000008d100000, 0x000000008d100000|100%| O|  |TAMS 0x000000008d100000, 0x000000008d000000| Complete 
| 209|0x000000008d100000, 0x000000008d200000, 0x000000008d200000|100%| O|  |TAMS 0x000000008d200000, 0x000000008d100000| Complete 
| 210|0x000000008d200000, 0x000000008d300000, 0x000000008d300000|100%| O|  |TAMS 0x000000008d300000, 0x000000008d200000| Complete 
| 211|0x000000008d300000, 0x000000008d400000, 0x000000008d400000|100%| O|  |TAMS 0x000000008d400000, 0x000000008d300000| Complete 
| 212|0x000000008d400000, 0x000000008d500000, 0x000000008d500000|100%| O|  |TAMS 0x000000008d500000, 0x000000008d400000| Complete 
| 213|0x000000008d500000, 0x000000008d600000, 0x000000008d600000|100%| O|  |TAMS 0x000000008d600000, 0x000000008d500000| Complete 
| 214|0x000000008d600000, 0x000000008d700000, 0x000000008d700000|100%| O|  |TAMS 0x000000008d700000, 0x000000008d600000| Complete 
| 215|0x000000008d700000, 0x000000008d800000, 0x000000008d800000|100%| O|  |TAMS 0x000000008d800000, 0x000000008d700000| Complete 
| 216|0x000000008d800000, 0x000000008d900000, 0x000000008d900000|100%| O|  |TAMS 0x000000008d900000, 0x000000008d800000| Complete 
| 217|0x000000008d900000, 0x000000008da00000, 0x000000008da00000|100%| O|  |TAMS 0x000000008da00000, 0x000000008d900000| Complete 
| 218|0x000000008da00000, 0x000000008db00000, 0x000000008db00000|100%| O|  |TAMS 0x000000008db00000, 0x000000008da00000| Complete 
| 219|0x000000008db00000, 0x000000008dc00000, 0x000000008dc00000|100%| O|  |TAMS 0x000000008dc00000, 0x000000008db00000| Complete 
| 220|0x000000008dc00000, 0x000000008dd00000, 0x000000008dd00000|100%| O|  |TAMS 0x000000008dd00000, 0x000000008dc00000| Complete 
| 221|0x000000008dd00000, 0x000000008de00000, 0x000000008de00000|100%| O|  |TAMS 0x000000008de00000, 0x000000008dd00000| Complete 
| 222|0x000000008de00000, 0x000000008df00000, 0x000000008df00000|100%| O|  |TAMS 0x000000008df00000, 0x000000008de00000| Complete 
| 223|0x000000008df00000, 0x000000008df00000, 0x000000008e000000|  0%| F|  |TAMS 0x000000008df00000, 0x000000008df00000| Untracked 
| 224|0x000000008e000000, 0x000000008e100000, 0x000000008e100000|100%| O|  |TAMS 0x000000008e100000, 0x000000008e000000| Complete 
| 225|0x000000008e100000, 0x000000008e200000, 0x000000008e200000|100%| O|  |TAMS 0x000000008e200000, 0x000000008e100000| Complete 
| 226|0x000000008e200000, 0x000000008e200000, 0x000000008e300000|  0%| F|  |TAMS 0x000000008e200000, 0x000000008e200000| Untracked 
| 227|0x000000008e300000, 0x000000008e400000, 0x000000008e400000|100%| O|  |TAMS 0x000000008e400000, 0x000000008e300000| Complete 
| 228|0x000000008e400000, 0x000000008e500000, 0x000000008e500000|100%| O|  |TAMS 0x000000008e500000, 0x000000008e400000| Complete 
| 229|0x000000008e500000, 0x000000008e600000, 0x000000008e600000|100%| O|  |TAMS 0x000000008e600000, 0x000000008e500000| Untracked 
| 230|0x000000008e600000, 0x000000008e700000, 0x000000008e700000|100%| O|  |TAMS 0x000000008e700000, 0x000000008e600000| Untracked 
| 231|0x000000008e700000, 0x000000008e800000, 0x000000008e800000|100%|HS|  |TAMS 0x000000008e800000, 0x000000008e700000| Complete 
| 232|0x000000008e800000, 0x000000008e900000, 0x000000008e900000|100%|HS|  |TAMS 0x000000008e900000, 0x000000008e800000| Complete 
| 233|0x000000008e900000, 0x000000008ea00000, 0x000000008ea00000|100%|HS|  |TAMS 0x000000008ea00000, 0x000000008e900000| Complete 
| 234|0x000000008ea00000, 0x000000008eb00000, 0x000000008eb00000|100%| O|  |TAMS 0x000000008eb00000, 0x000000008ea00000| Complete 
| 235|0x000000008eb00000, 0x000000008ec00000, 0x000000008ec00000|100%| O|  |TAMS 0x000000008ec00000, 0x000000008eb00000| Complete 
| 236|0x000000008ec00000, 0x000000008ed00000, 0x000000008ed00000|100%|HS|  |TAMS 0x000000008ed00000, 0x000000008ec00000| Complete 
| 237|0x000000008ed00000, 0x000000008ee00000, 0x000000008ee00000|100%|HC|  |TAMS 0x000000008ee00000, 0x000000008ed00000| Complete 
| 238|0x000000008ee00000, 0x000000008ef00000, 0x000000008ef00000|100%| O|  |TAMS 0x000000008ef00000, 0x000000008ee00000| Complete 
| 239|0x000000008ef00000, 0x000000008ef00000, 0x000000008f000000|  0%| F|  |TAMS 0x000000008ef00000, 0x000000008ef00000| Untracked 
| 240|0x000000008f000000, 0x000000008f100000, 0x000000008f100000|100%| O|  |TAMS 0x000000008f100000, 0x000000008f000000| Complete 
| 241|0x000000008f100000, 0x000000008f100000, 0x000000008f200000|  0%| F|  |TAMS 0x000000008f100000, 0x000000008f100000| Untracked 
| 242|0x000000008f200000, 0x000000008f300000, 0x000000008f300000|100%| O|  |TAMS 0x000000008f300000, 0x000000008f200000| Complete 
| 243|0x000000008f300000, 0x000000008f300000, 0x000000008f400000|  0%| F|  |TAMS 0x000000008f300000, 0x000000008f300000| Untracked 
| 244|0x000000008f400000, 0x000000008f500000, 0x000000008f500000|100%| O|  |TAMS 0x000000008f500000, 0x000000008f400000| Untracked 
| 245|0x000000008f500000, 0x000000008f600000, 0x000000008f600000|100%| O|  |TAMS 0x000000008f600000, 0x000000008f500000| Untracked 
| 246|0x000000008f600000, 0x000000008f600000, 0x000000008f700000|  0%| F|  |TAMS 0x000000008f600000, 0x000000008f600000| Untracked 
| 247|0x000000008f700000, 0x000000008f700000, 0x000000008f800000|  0%| F|  |TAMS 0x000000008f700000, 0x000000008f700000| Untracked 
| 248|0x000000008f800000, 0x000000008f900000, 0x000000008f900000|100%| O|  |TAMS 0x000000008f900000, 0x000000008f800000| Untracked 
| 249|0x000000008f900000, 0x000000008fa00000, 0x000000008fa00000|100%| O|  |TAMS 0x000000008fa00000, 0x000000008f900000| Complete 
| 250|0x000000008fa00000, 0x000000008fb00000, 0x000000008fb00000|100%| O|  |TAMS 0x000000008fb00000, 0x000000008fa00000| Complete 
| 251|0x000000008fb00000, 0x000000008fc00000, 0x000000008fc00000|100%| O|  |TAMS 0x000000008fc00000, 0x000000008fb00000| Untracked 
| 252|0x000000008fc00000, 0x000000008fd00000, 0x000000008fd00000|100%| O|  |TAMS 0x000000008fd00000, 0x000000008fc00000| Complete 
| 253|0x000000008fd00000, 0x000000008fe00000, 0x000000008fe00000|100%| O|  |TAMS 0x000000008fe00000, 0x000000008fd00000| Complete 
| 254|0x000000008fe00000, 0x000000008ff00000, 0x000000008ff00000|100%| O|  |TAMS 0x000000008ff00000, 0x000000008fe00000| Complete 
| 255|0x000000008ff00000, 0x0000000090000000, 0x0000000090000000|100%| O|  |TAMS 0x0000000090000000, 0x000000008ff00000| Untracked 
| 256|0x0000000090000000, 0x0000000090100000, 0x0000000090100000|100%| O|  |TAMS 0x0000000090100000, 0x0000000090000000| Complete 
| 257|0x0000000090100000, 0x0000000090200000, 0x0000000090200000|100%| O|  |TAMS 0x0000000090200000, 0x0000000090100000| Complete 
| 258|0x0000000090200000, 0x0000000090300000, 0x0000000090300000|100%| O|  |TAMS 0x0000000090300000, 0x0000000090200000| Complete 
| 259|0x0000000090300000, 0x0000000090400000, 0x0000000090400000|100%| O|  |TAMS 0x0000000090400000, 0x0000000090300000| Complete 
| 260|0x0000000090400000, 0x0000000090500000, 0x0000000090500000|100%| O|  |TAMS 0x0000000090500000, 0x0000000090400000| Untracked 
| 261|0x0000000090500000, 0x0000000090600000, 0x0000000090600000|100%| O|  |TAMS 0x0000000090600000, 0x0000000090500000| Untracked 
| 262|0x0000000090600000, 0x0000000090700000, 0x0000000090700000|100%| O|  |TAMS 0x0000000090700000, 0x0000000090600000| Untracked 
| 263|0x0000000090700000, 0x0000000090800000, 0x0000000090800000|100%| O|  |TAMS 0x0000000090800000, 0x0000000090700000| Untracked 
| 264|0x0000000090800000, 0x0000000090900000, 0x0000000090900000|100%| O|  |TAMS 0x0000000090900000, 0x0000000090800000| Untracked 
| 265|0x0000000090900000, 0x0000000090a00000, 0x0000000090a00000|100%| O|  |TAMS 0x0000000090a00000, 0x0000000090900000| Untracked 
| 266|0x0000000090a00000, 0x0000000090b00000, 0x0000000090b00000|100%| O|  |TAMS 0x0000000090b00000, 0x0000000090a00000| Untracked 
| 267|0x0000000090b00000, 0x0000000090c00000, 0x0000000090c00000|100%| O|  |TAMS 0x0000000090c00000, 0x0000000090b00000| Complete 
| 268|0x0000000090c00000, 0x0000000090d00000, 0x0000000090d00000|100%| O|  |TAMS 0x0000000090d00000, 0x0000000090c00000| Untracked 
| 269|0x0000000090d00000, 0x0000000090e00000, 0x0000000090e00000|100%| O|  |TAMS 0x0000000090e00000, 0x0000000090d00000| Complete 
| 270|0x0000000090e00000, 0x0000000090f00000, 0x0000000090f00000|100%| O|  |TAMS 0x0000000090f00000, 0x0000000090e00000| Untracked 
| 271|0x0000000090f00000, 0x0000000091000000, 0x0000000091000000|100%| O|  |TAMS 0x0000000091000000, 0x0000000090f00000| Untracked 
| 272|0x0000000091000000, 0x0000000091100000, 0x0000000091100000|100%| O|  |TAMS 0x0000000091100000, 0x0000000091000000| Untracked 
| 273|0x0000000091100000, 0x0000000091200000, 0x0000000091200000|100%| O|  |TAMS 0x0000000091200000, 0x0000000091100000| Untracked 
| 274|0x0000000091200000, 0x0000000091300000, 0x0000000091300000|100%| O|  |TAMS 0x0000000091300000, 0x0000000091200000| Untracked 
| 275|0x0000000091300000, 0x0000000091400000, 0x0000000091400000|100%| O|  |TAMS 0x0000000091400000, 0x0000000091300000| Complete 
| 276|0x0000000091400000, 0x0000000091500000, 0x0000000091500000|100%| O|  |TAMS 0x0000000091500000, 0x0000000091400000| Untracked 
| 277|0x0000000091500000, 0x0000000091600000, 0x0000000091600000|100%| O|  |TAMS 0x0000000091600000, 0x0000000091500000| Untracked 
| 278|0x0000000091600000, 0x0000000091700000, 0x0000000091700000|100%| O|  |TAMS 0x0000000091700000, 0x0000000091600000| Untracked 
| 279|0x0000000091700000, 0x0000000091800000, 0x0000000091800000|100%| O|  |TAMS 0x0000000091800000, 0x0000000091700000| Untracked 
| 280|0x0000000091800000, 0x0000000091900000, 0x0000000091900000|100%| O|  |TAMS 0x0000000091900000, 0x0000000091800000| Complete 
| 281|0x0000000091900000, 0x0000000091a00000, 0x0000000091a00000|100%| O|  |TAMS 0x0000000091900000, 0x0000000091900000| Untracked 
| 282|0x0000000091a00000, 0x0000000091b00000, 0x0000000091b00000|100%| O|  |TAMS 0x0000000091a00000, 0x0000000091a00000| Untracked 
| 283|0x0000000091b00000, 0x0000000091c00000, 0x0000000091c00000|100%| O|  |TAMS 0x0000000091b00000, 0x0000000091b00000| Untracked 
| 284|0x0000000091c00000, 0x0000000091d00000, 0x0000000091d00000|100%| O|  |TAMS 0x0000000091c00000, 0x0000000091c00000| Untracked 
| 285|0x0000000091d00000, 0x0000000091e00000, 0x0000000091e00000|100%| O|  |TAMS 0x0000000091d00000, 0x0000000091d00000| Untracked 
| 286|0x0000000091e00000, 0x0000000091f00000, 0x0000000091f00000|100%|HS|  |TAMS 0x0000000091e00000, 0x0000000091e00000| Complete 
| 287|0x0000000091f00000, 0x0000000091f00000, 0x0000000092000000|  0%| F|  |TAMS 0x0000000091f00000, 0x0000000091f00000| Untracked 
| 288|0x0000000092000000, 0x0000000092000000, 0x0000000092100000|  0%| F|  |TAMS 0x0000000092000000, 0x0000000092000000| Untracked 
| 289|0x0000000092100000, 0x0000000092100000, 0x0000000092200000|  0%| F|  |TAMS 0x0000000092100000, 0x0000000092100000| Untracked 
| 290|0x0000000092200000, 0x0000000092200000, 0x0000000092300000|  0%| F|  |TAMS 0x0000000092200000, 0x0000000092200000| Untracked 
| 291|0x0000000092300000, 0x0000000092300000, 0x0000000092400000|  0%| F|  |TAMS 0x0000000092300000, 0x0000000092300000| Untracked 
| 292|0x0000000092400000, 0x0000000092400000, 0x0000000092500000|  0%| F|  |TAMS 0x0000000092400000, 0x0000000092400000| Untracked 
| 293|0x0000000092500000, 0x0000000092500000, 0x0000000092600000|  0%| F|  |TAMS 0x0000000092500000, 0x0000000092500000| Untracked 
| 294|0x0000000092600000, 0x0000000092600000, 0x0000000092700000|  0%| F|  |TAMS 0x0000000092600000, 0x0000000092600000| Untracked 
| 295|0x0000000092700000, 0x0000000092700000, 0x0000000092800000|  0%| F|  |TAMS 0x0000000092700000, 0x0000000092700000| Untracked 
| 296|0x0000000092800000, 0x0000000092800000, 0x0000000092900000|  0%| F|  |TAMS 0x0000000092800000, 0x0000000092800000| Untracked 
| 297|0x0000000092900000, 0x0000000092900000, 0x0000000092a00000|  0%| F|  |TAMS 0x0000000092900000, 0x0000000092900000| Untracked 
| 298|0x0000000092a00000, 0x0000000092a00000, 0x0000000092b00000|  0%| F|  |TAMS 0x0000000092a00000, 0x0000000092a00000| Untracked 
| 299|0x0000000092b00000, 0x0000000092b00000, 0x0000000092c00000|  0%| F|  |TAMS 0x0000000092b00000, 0x0000000092b00000| Untracked 
| 300|0x0000000092c00000, 0x0000000092c00000, 0x0000000092d00000|  0%| F|  |TAMS 0x0000000092c00000, 0x0000000092c00000| Untracked 
| 301|0x0000000092d00000, 0x0000000092d00000, 0x0000000092e00000|  0%| F|  |TAMS 0x0000000092d00000, 0x0000000092d00000| Untracked 
| 302|0x0000000092e00000, 0x0000000092e00000, 0x0000000092f00000|  0%| F|  |TAMS 0x0000000092e00000, 0x0000000092e00000| Untracked 
| 303|0x0000000092f00000, 0x0000000092f00000, 0x0000000093000000|  0%| F|  |TAMS 0x0000000092f00000, 0x0000000092f00000| Untracked 
| 304|0x0000000093000000, 0x0000000093000000, 0x0000000093100000|  0%| F|  |TAMS 0x0000000093000000, 0x0000000093000000| Untracked 
| 305|0x0000000093100000, 0x0000000093100000, 0x0000000093200000|  0%| F|  |TAMS 0x0000000093100000, 0x0000000093100000| Untracked 
| 306|0x0000000093200000, 0x0000000093200000, 0x0000000093300000|  0%| F|  |TAMS 0x0000000093200000, 0x0000000093200000| Untracked 
| 307|0x0000000093300000, 0x0000000093300000, 0x0000000093400000|  0%| F|  |TAMS 0x0000000093300000, 0x0000000093300000| Untracked 
| 308|0x0000000093400000, 0x0000000093400000, 0x0000000093500000|  0%| F|  |TAMS 0x0000000093400000, 0x0000000093400000| Untracked 
| 309|0x0000000093500000, 0x0000000093500000, 0x0000000093600000|  0%| F|  |TAMS 0x0000000093500000, 0x0000000093500000| Untracked 
| 310|0x0000000093600000, 0x0000000093600000, 0x0000000093700000|  0%| F|  |TAMS 0x0000000093600000, 0x0000000093600000| Untracked 
| 311|0x0000000093700000, 0x0000000093700000, 0x0000000093800000|  0%| F|  |TAMS 0x0000000093700000, 0x0000000093700000| Untracked 
| 312|0x0000000093800000, 0x0000000093800000, 0x0000000093900000|  0%| F|  |TAMS 0x0000000093800000, 0x0000000093800000| Untracked 
| 313|0x0000000093900000, 0x0000000093900000, 0x0000000093a00000|  0%| F|  |TAMS 0x0000000093900000, 0x0000000093900000| Untracked 
| 314|0x0000000093a00000, 0x0000000093a00000, 0x0000000093b00000|  0%| F|  |TAMS 0x0000000093a00000, 0x0000000093a00000| Untracked 
| 315|0x0000000093b00000, 0x0000000093b00000, 0x0000000093c00000|  0%| F|  |TAMS 0x0000000093b00000, 0x0000000093b00000| Untracked 
| 316|0x0000000093c00000, 0x0000000093c00000, 0x0000000093d00000|  0%| F|  |TAMS 0x0000000093c00000, 0x0000000093c00000| Untracked 
| 317|0x0000000093d00000, 0x0000000093d00000, 0x0000000093e00000|  0%| F|  |TAMS 0x0000000093d00000, 0x0000000093d00000| Untracked 
| 318|0x0000000093e00000, 0x0000000093e00000, 0x0000000093f00000|  0%| F|  |TAMS 0x0000000093e00000, 0x0000000093e00000| Untracked 
| 319|0x0000000093f00000, 0x0000000093f00000, 0x0000000094000000|  0%| F|  |TAMS 0x0000000093f00000, 0x0000000093f00000| Untracked 
| 320|0x0000000094000000, 0x0000000094000000, 0x0000000094100000|  0%| F|  |TAMS 0x0000000094000000, 0x0000000094000000| Untracked 
| 321|0x0000000094100000, 0x0000000094100000, 0x0000000094200000|  0%| F|  |TAMS 0x0000000094100000, 0x0000000094100000| Untracked 
| 322|0x0000000094200000, 0x0000000094200000, 0x0000000094300000|  0%| F|  |TAMS 0x0000000094200000, 0x0000000094200000| Untracked 
| 323|0x0000000094300000, 0x0000000094300000, 0x0000000094400000|  0%| F|  |TAMS 0x0000000094300000, 0x0000000094300000| Untracked 
| 324|0x0000000094400000, 0x0000000094400000, 0x0000000094500000|  0%| F|  |TAMS 0x0000000094400000, 0x0000000094400000| Untracked 
| 325|0x0000000094500000, 0x0000000094500000, 0x0000000094600000|  0%| F|  |TAMS 0x0000000094500000, 0x0000000094500000| Untracked 
| 326|0x0000000094600000, 0x0000000094600000, 0x0000000094700000|  0%| F|  |TAMS 0x0000000094600000, 0x0000000094600000| Untracked 
| 327|0x0000000094700000, 0x0000000094700000, 0x0000000094800000|  0%| F|  |TAMS 0x0000000094700000, 0x0000000094700000| Untracked 
| 328|0x0000000094800000, 0x0000000094800000, 0x0000000094900000|  0%| F|  |TAMS 0x0000000094800000, 0x0000000094800000| Untracked 
| 329|0x0000000094900000, 0x0000000094900000, 0x0000000094a00000|  0%| F|  |TAMS 0x0000000094900000, 0x0000000094900000| Untracked 
| 330|0x0000000094a00000, 0x0000000094a00000, 0x0000000094b00000|  0%| F|  |TAMS 0x0000000094a00000, 0x0000000094a00000| Untracked 
| 331|0x0000000094b00000, 0x0000000094b00000, 0x0000000094c00000|  0%| F|  |TAMS 0x0000000094b00000, 0x0000000094b00000| Untracked 
| 332|0x0000000094c00000, 0x0000000094c3bef0, 0x0000000094d00000| 23%| S|CS|TAMS 0x0000000094c00000, 0x0000000094c00000| Complete 
| 333|0x0000000094d00000, 0x0000000094e00000, 0x0000000094e00000|100%| S|CS|TAMS 0x0000000094d00000, 0x0000000094d00000| Complete 
| 334|0x0000000094e00000, 0x0000000094f00000, 0x0000000094f00000|100%| S|CS|TAMS 0x0000000094e00000, 0x0000000094e00000| Complete 
| 335|0x0000000094f00000, 0x0000000094f00000, 0x0000000095000000|  0%| F|  |TAMS 0x0000000094f00000, 0x0000000094f00000| Untracked 
| 336|0x0000000095000000, 0x0000000095000000, 0x0000000095100000|  0%| F|  |TAMS 0x0000000095000000, 0x0000000095000000| Untracked 
| 337|0x0000000095100000, 0x0000000095100000, 0x0000000095200000|  0%| F|  |TAMS 0x0000000095100000, 0x0000000095100000| Untracked 
| 338|0x0000000095200000, 0x0000000095200000, 0x0000000095300000|  0%| F|  |TAMS 0x0000000095200000, 0x0000000095200000| Untracked 
| 339|0x0000000095300000, 0x0000000095300000, 0x0000000095400000|  0%| F|  |TAMS 0x0000000095300000, 0x0000000095300000| Untracked 
| 340|0x0000000095400000, 0x0000000095400000, 0x0000000095500000|  0%| F|  |TAMS 0x0000000095400000, 0x0000000095400000| Untracked 
| 341|0x0000000095500000, 0x0000000095500000, 0x0000000095600000|  0%| F|  |TAMS 0x0000000095500000, 0x0000000095500000| Untracked 
| 342|0x0000000095600000, 0x0000000095600000, 0x0000000095700000|  0%| F|  |TAMS 0x0000000095600000, 0x0000000095600000| Untracked 
| 343|0x0000000095700000, 0x0000000095700000, 0x0000000095800000|  0%| F|  |TAMS 0x0000000095700000, 0x0000000095700000| Untracked 
| 344|0x0000000095800000, 0x0000000095800000, 0x0000000095900000|  0%| F|  |TAMS 0x0000000095800000, 0x0000000095800000| Untracked 
| 345|0x0000000095900000, 0x0000000095900000, 0x0000000095a00000|  0%| F|  |TAMS 0x0000000095900000, 0x0000000095900000| Untracked 
| 346|0x0000000095a00000, 0x0000000095a00000, 0x0000000095b00000|  0%| F|  |TAMS 0x0000000095a00000, 0x0000000095a00000| Untracked 
| 347|0x0000000095b00000, 0x0000000095b00000, 0x0000000095c00000|  0%| F|  |TAMS 0x0000000095b00000, 0x0000000095b00000| Untracked 
| 348|0x0000000095c00000, 0x0000000095c00000, 0x0000000095d00000|  0%| F|  |TAMS 0x0000000095c00000, 0x0000000095c00000| Untracked 
| 349|0x0000000095d00000, 0x0000000095d00000, 0x0000000095e00000|  0%| F|  |TAMS 0x0000000095d00000, 0x0000000095d00000| Untracked 
| 350|0x0000000095e00000, 0x0000000095e00000, 0x0000000095f00000|  0%| F|  |TAMS 0x0000000095e00000, 0x0000000095e00000| Untracked 
| 351|0x0000000095f00000, 0x0000000095f00000, 0x0000000096000000|  0%| F|  |TAMS 0x0000000095f00000, 0x0000000095f00000| Untracked 
| 352|0x0000000096000000, 0x0000000096000000, 0x0000000096100000|  0%| F|  |TAMS 0x0000000096000000, 0x0000000096000000| Untracked 
| 353|0x0000000096100000, 0x0000000096100000, 0x0000000096200000|  0%| F|  |TAMS 0x0000000096100000, 0x0000000096100000| Untracked 
| 354|0x0000000096200000, 0x0000000096200000, 0x0000000096300000|  0%| F|  |TAMS 0x0000000096200000, 0x0000000096200000| Untracked 
| 355|0x0000000096300000, 0x0000000096300000, 0x0000000096400000|  0%| F|  |TAMS 0x0000000096300000, 0x0000000096300000| Untracked 
| 356|0x0000000096400000, 0x0000000096400000, 0x0000000096500000|  0%| F|  |TAMS 0x0000000096400000, 0x0000000096400000| Untracked 
| 357|0x0000000096500000, 0x0000000096500000, 0x0000000096600000|  0%| F|  |TAMS 0x0000000096500000, 0x0000000096500000| Untracked 
| 358|0x0000000096600000, 0x0000000096600000, 0x0000000096700000|  0%| F|  |TAMS 0x0000000096600000, 0x0000000096600000| Untracked 
| 359|0x0000000096700000, 0x0000000096700000, 0x0000000096800000|  0%| F|  |TAMS 0x0000000096700000, 0x0000000096700000| Untracked 

Card table byte_map: [0x0000029e26780000,0x0000029e26b80000] _byte_map_base: 0x0000029e26380000

Marking Bits (Prev, Next): (CMBitMap*) 0x0000029e138a2248, (CMBitMap*) 0x0000029e138a2280
 Prev Bits: [0x0000029e26f80000, 0x0000029e28f80000)
 Next Bits: [0x0000029e28f80000, 0x0000029e2af80000)

Polling page: 0x0000029e11720000

Metaspace:

Usage:
  Non-class:    109.77 MB capacity,   107.35 MB ( 98%) used,     1.95 MB (  2%) free+waste,   477.31 KB ( <1%) overhead. 
      Class:     16.16 MB capacity,    14.76 MB ( 91%) used,     1.20 MB (  7%) free+waste,   203.19 KB (  1%) overhead. 
       Both:    125.93 MB capacity,   122.11 MB ( 97%) used,     3.15 MB (  3%) free+waste,   680.50 KB ( <1%) overhead. 

Virtual space:
  Non-class space:      112.00 MB reserved,     110.92 MB (>99%) committed 
      Class space:        1.00 GB reserved,      16.91 MB (  2%) committed 
             Both:        1.11 GB reserved,     127.83 MB ( 11%) committed 

Chunk freelists:
   Non-Class:  1.03 MB
       Class:  674.00 KB
        Both:  1.69 MB

MaxMetaspaceSize: 17179869184.00 GB
CompressedClassSpaceSize: 1.00 GB
Initial GC threshold: 20.80 MB
Current GC threshold: 213.05 MB
CDS: off

CodeHeap 'non-profiled nmethods': size=120064Kb used=18033Kb max_used=18033Kb free=102031Kb
 bounds [0x0000029e1ee40000, 0x0000029e1ffe0000, 0x0000029e26380000]
CodeHeap 'profiled nmethods': size=120000Kb used=59786Kb max_used=59786Kb free=60214Kb
 bounds [0x0000029e17910000, 0x0000029e1b380000, 0x0000029e1ee40000]
CodeHeap 'non-nmethods': size=5696Kb used=2445Kb max_used=2551Kb free=3250Kb
 bounds [0x0000029e17380000, 0x0000029e17610000, 0x0000029e17910000]
 total_blobs=26363 nmethods=25388 adapters=885
 compilation: enabled
              stopped_count=0, restarted_count=0
 full_count=0

Compilation events (20 events):
Event: 4278.387 Thread 0x0000029e2dcd6800 28987       3       java.lang.Long::toString (139 bytes)
Event: 4278.388 Thread 0x0000029e2dcd6800 nmethod 28987 0x0000029e1b375f10 code [0x0000029e1b376140, 0x0000029e1b376958]
Event: 4278.394 Thread 0x0000029e2dcd5000 nmethod 28813 0x0000029e1ffc9c90 code [0x0000029e1ffc9ec0, 0x0000029e1ffcaaf8]
Event: 4278.395 Thread 0x0000029e2dcd5000 28848       4       jdk.internal.misc.Unsafe::getObjectAcquire (7 bytes)
Event: 4278.396 Thread 0x0000029e2dcd5000 nmethod 28848 0x0000029e1f204a10 code [0x0000029e1f204ba0, 0x0000029e1f204c78]
Event: 4278.396 Thread 0x0000029e2dcd5000 28880       4       java.util.Map::getOrDefault (28 bytes)
Event: 4278.406 Thread 0x0000029e2dcd5000 nmethod 28880 0x0000029e1f333010 code [0x0000029e1f3331e0, 0x0000029e1f3335d8]
Event: 4278.406 Thread 0x0000029e2dcd5000 28912       4       java.util.stream.Nodes$SpinedNodeBuilder::accept (29 bytes)
Event: 4278.421 Thread 0x0000029e2dcd5000 nmethod 28912 0x0000029e1ffdba10 code [0x0000029e1ffdbbe0, 0x0000029e1ffdc3b8]
Event: 4278.422 Thread 0x0000029e317e9800 nmethod 28798% 0x0000029e1ffcb110 code [0x0000029e1ffcb7e0, 0x0000029e1ffd4de0]
Event: 4278.422 Thread 0x0000029e2dcd5000 28917       4       com.android.tools.r8.internal.oa$$Lambda$2163/0x0000000100f66c40::test (8 bytes)
Event: 4278.423 Thread 0x0000029e2dcd5000 nmethod 28917 0x0000029e1f332a90 code [0x0000029e1f332c20, 0x0000029e1f332cd8]
Event: 4278.423 Thread 0x0000029e2dcd5000 28731       4       com.android.tools.r8.internal.v::get (36 bytes)
Event: 4278.423 Thread 0x0000029e317e9800 28763       4       com.android.tools.r8.internal.mu$f::m (60 bytes)
Event: 4278.424 Thread 0x0000029e2dcd6800 28995       2       com.android.tools.r8.graph.f0$i::a0 (4 bytes)
Event: 4278.424 Thread 0x0000029e2dcd6800 nmethod 28995 0x0000029e1b376c10 code [0x0000029e1b376dc0, 0x0000029e1b376eb8]
Event: 4278.425 Thread 0x0000029e317e9800 nmethod 28763 0x0000029e1f204610 code [0x0000029e1f2047a0, 0x0000029e1f204898]
Event: 4278.425 Thread 0x0000029e317e9800 28649       4       com.android.tools.r8.internal.f9::a (49 bytes)
Event: 4278.427 Thread 0x0000029e2dcd6800 28996 %     3       com.android.tools.r8.graph.f0$d::o0 @ 10 (28 bytes)
Event: 4278.428 Thread 0x0000029e2dcd6800 nmethod 28996% 0x0000029e1b376f90 code [0x0000029e1b377160, 0x0000029e1b377468]

GC Heap History (20 events):
Event: 4273.963 GC heap after
{Heap after GC invocations=145 (full 0):
 garbage-first heap   total 368640K, used 237074K [0x0000000080000000, 0x0000000100000000)
  region size 1024K, 4 young (4096K), 4 survivors (4096K)
 Metaspace       used 125923K, capacity 130373K, committed 130640K, reserved 1163264K
  class space    used 15471K, capacity 17213K, committed 17312K, reserved 1048576K
}
Event: 4274.256 GC heap before
{Heap before GC invocations=145 (full 0):
 garbage-first heap   total 368640K, used 321042K [0x0000000080000000, 0x0000000100000000)
  region size 1024K, 86 young (88064K), 4 survivors (4096K)
 Metaspace       used 125930K, capacity 130373K, committed 130640K, reserved 1163264K
  class space    used 15471K, capacity 17213K, committed 17312K, reserved 1048576K
}
Event: 4274.261 GC heap after
{Heap after GC invocations=146 (full 0):
 garbage-first heap   total 368640K, used 236267K [0x0000000080000000, 0x0000000100000000)
  region size 1024K, 3 young (3072K), 3 survivors (3072K)
 Metaspace       used 125930K, capacity 130373K, committed 130640K, reserved 1163264K
  class space    used 15471K, capacity 17213K, committed 17312K, reserved 1048576K
}
Event: 4274.626 GC heap before
{Heap before GC invocations=146 (full 0):
 garbage-first heap   total 368640K, used 321259K [0x0000000080000000, 0x0000000100000000)
  region size 1024K, 86 young (88064K), 3 survivors (3072K)
 Metaspace       used 125931K, capacity 130437K, committed 130640K, reserved 1163264K
  class space    used 15471K, capacity 17213K, committed 17312K, reserved 1048576K
}
Event: 4274.633 GC heap after
{Heap after GC invocations=147 (full 0):
 garbage-first heap   total 368640K, used 236766K [0x0000000080000000, 0x0000000100000000)
  region size 1024K, 4 young (4096K), 4 survivors (4096K)
 Metaspace       used 125931K, capacity 130437K, committed 130640K, reserved 1163264K
  class space    used 15471K, capacity 17213K, committed 17312K, reserved 1048576K
}
Event: 4274.947 GC heap before
{Heap before GC invocations=147 (full 0):
 garbage-first heap   total 368640K, used 321758K [0x0000000080000000, 0x0000000100000000)
  region size 1024K, 87 young (89088K), 4 survivors (4096K)
 Metaspace       used 125932K, capacity 130437K, committed 130640K, reserved 1163264K
  class space    used 15471K, capacity 17213K, committed 17312K, reserved 1048576K
}
Event: 4274.954 GC heap after
{Heap after GC invocations=148 (full 0):
 garbage-first heap   total 368640K, used 236499K [0x0000000080000000, 0x0000000100000000)
  region size 1024K, 4 young (4096K), 4 survivors (4096K)
 Metaspace       used 125932K, capacity 130437K, committed 130640K, reserved 1163264K
  class space    used 15471K, capacity 17213K, committed 17312K, reserved 1048576K
}
Event: 4275.264 GC heap before
{Heap before GC invocations=148 (full 0):
 garbage-first heap   total 368640K, used 322515K [0x0000000080000000, 0x0000000100000000)
  region size 1024K, 88 young (90112K), 4 survivors (4096K)
 Metaspace       used 125939K, capacity 130441K, committed 130640K, reserved 1163264K
  class space    used 15472K, capacity 17214K, committed 17312K, reserved 1048576K
}
Event: 4275.271 GC heap after
{Heap after GC invocations=149 (full 0):
 garbage-first heap   total 368640K, used 236823K [0x0000000080000000, 0x0000000100000000)
  region size 1024K, 3 young (3072K), 3 survivors (3072K)
 Metaspace       used 125939K, capacity 130441K, committed 130640K, reserved 1163264K
  class space    used 15472K, capacity 17214K, committed 17312K, reserved 1048576K
}
Event: 4275.629 GC heap before
{Heap before GC invocations=149 (full 0):
 garbage-first heap   total 368640K, used 323863K [0x0000000080000000, 0x0000000100000000)
  region size 1024K, 88 young (90112K), 3 survivors (3072K)
 Metaspace       used 125941K, capacity 130441K, committed 130640K, reserved 1163264K
  class space    used 15472K, capacity 17214K, committed 17312K, reserved 1048576K
}
Event: 4275.635 GC heap after
{Heap after GC invocations=150 (full 0):
 garbage-first heap   total 368640K, used 237407K [0x0000000080000000, 0x0000000100000000)
  region size 1024K, 4 young (4096K), 4 survivors (4096K)
 Metaspace       used 125941K, capacity 130441K, committed 130640K, reserved 1163264K
  class space    used 15472K, capacity 17214K, committed 17312K, reserved 1048576K
}
Event: 4276.726 GC heap before
{Heap before GC invocations=150 (full 0):
 garbage-first heap   total 368640K, used 341855K [0x0000000080000000, 0x0000000100000000)
  region size 1024K, 88 young (90112K), 4 survivors (4096K)
 Metaspace       used 126032K, capacity 130534K, committed 130640K, reserved 1163264K
  class space    used 15479K, capacity 17221K, committed 17312K, reserved 1048576K
}
Event: 4276.738 GC heap after
{Heap after GC invocations=151 (full 0):
 garbage-first heap   total 368640K, used 254026K [0x0000000080000000, 0x0000000100000000)
  region size 1024K, 10 young (10240K), 10 survivors (10240K)
 Metaspace       used 126032K, capacity 130534K, committed 130640K, reserved 1163264K
  class space    used 15479K, capacity 17221K, committed 17312K, reserved 1048576K
}
Event: 4277.229 GC heap before
{Heap before GC invocations=151 (full 0):
 garbage-first heap   total 368640K, used 320586K [0x0000000080000000, 0x0000000100000000)
  region size 1024K, 75 young (76800K), 10 survivors (10240K)
 Metaspace       used 126074K, capacity 130538K, committed 130640K, reserved 1163264K
  class space    used 15480K, capacity 17222K, committed 17312K, reserved 1048576K
}
Event: 4277.314 GC heap after
{Heap after GC invocations=152 (full 0):
 garbage-first heap   total 368640K, used 286456K [0x0000000080000000, 0x0000000100000000)
  region size 1024K, 10 young (10240K), 10 survivors (10240K)
 Metaspace       used 126074K, capacity 130538K, committed 130640K, reserved 1163264K
  class space    used 15480K, capacity 17222K, committed 17312K, reserved 1048576K
}
Event: 4277.668 GC heap before
{Heap before GC invocations=152 (full 0):
 garbage-first heap   total 368640K, used 311032K [0x0000000080000000, 0x0000000100000000)
  region size 1024K, 35 young (35840K), 10 survivors (10240K)
 Metaspace       used 126138K, capacity 130612K, committed 130896K, reserved 1163264K
  class space    used 15480K, capacity 17222K, committed 17312K, reserved 1048576K
}
Event: 4277.709 GC heap after
{Heap after GC invocations=153 (full 0):
 garbage-first heap   total 368640K, used 292258K [0x0000000080000000, 0x0000000100000000)
  region size 1024K, 5 young (5120K), 5 survivors (5120K)
 Metaspace       used 126138K, capacity 130612K, committed 130896K, reserved 1163264K
  class space    used 15480K, capacity 17222K, committed 17312K, reserved 1048576K
}
Event: 4277.999 GC heap before
{Heap before GC invocations=153 (full 0):
 garbage-first heap   total 368640K, used 313762K [0x0000000080000000, 0x0000000100000000)
  region size 1024K, 27 young (27648K), 5 survivors (5120K)
 Metaspace       used 126144K, capacity 130676K, committed 130896K, reserved 1163264K
  class space    used 15480K, capacity 17222K, committed 17312K, reserved 1048576K
}
Event: 4278.019 GC heap after
{Heap after GC invocations=154 (full 0):
 garbage-first heap   total 368640K, used 295257K [0x0000000080000000, 0x0000000100000000)
  region size 1024K, 3 young (3072K), 3 survivors (3072K)
 Metaspace       used 126144K, capacity 130676K, committed 130896K, reserved 1163264K
  class space    used 15480K, capacity 17222K, committed 17312K, reserved 1048576K
}
Event: 4278.430 GC heap before
{Heap before GC invocations=155 (full 0):
 garbage-first heap   total 368640K, used 287065K [0x0000000080000000, 0x0000000100000000)
  region size 1024K, 25 young (25600K), 3 survivors (3072K)
 Metaspace       used 125041K, capacity 128948K, committed 130896K, reserved 1163264K
  class space    used 15110K, capacity 16548K, committed 17312K, reserved 1048576K
}

Deoptimization events (20 events):
Event: 4278.066 Thread 0x0000029e337bd800 DEOPT PACKING pc=0x0000029e19c6c43f sp=0x000000e8555fcf90
Event: 4278.067 Thread 0x0000029e337bd800 DEOPT UNPACKING pc=0x0000029e173ca95e sp=0x000000e8555fc478 mode 0
Event: 4278.072 Thread 0x0000029e337bd800 DEOPT PACKING pc=0x0000029e1ae5c26a sp=0x000000e8555fd2a0
Event: 4278.072 Thread 0x0000029e337bd800 DEOPT UNPACKING pc=0x0000029e173ca95e sp=0x000000e8555fc738 mode 0
Event: 4278.187 Thread 0x0000029e2de8d800 Uncommon trap: trap_request=0xffffffde fr.pc=0x0000029e1ef8806c relative=0x000000000000052c
Event: 4278.187 Thread 0x0000029e2de8d800 Uncommon trap: reason=class_check action=maybe_recompile pc=0x0000029e1ef8806c method=jdk.internal.ref.PhantomCleanable.clean()V @ 12 c2
Event: 4278.187 Thread 0x0000029e2de8d800 DEOPT PACKING pc=0x0000029e1ef8806c sp=0x000000e8527fedf0
Event: 4278.187 Thread 0x0000029e2de8d800 DEOPT UNPACKING pc=0x0000029e173ca1af sp=0x000000e8527fedd0 mode 2
Event: 4278.187 Thread 0x0000029e2de8d800 Uncommon trap: trap_request=0xffffffde fr.pc=0x0000029e1ef8806c relative=0x000000000000052c
Event: 4278.187 Thread 0x0000029e2de8d800 Uncommon trap: reason=class_check action=maybe_recompile pc=0x0000029e1ef8806c method=jdk.internal.ref.PhantomCleanable.clean()V @ 12 c2
Event: 4278.187 Thread 0x0000029e2de8d800 DEOPT PACKING pc=0x0000029e1ef8806c sp=0x000000e8527fedf0
Event: 4278.187 Thread 0x0000029e2de8d800 DEOPT UNPACKING pc=0x0000029e173ca1af sp=0x000000e8527fedd0 mode 2
Event: 4278.281 Thread 0x0000029e337bd800 DEOPT PACKING pc=0x0000029e19c5b005 sp=0x000000e8555fd010
Event: 4278.281 Thread 0x0000029e337bd800 DEOPT UNPACKING pc=0x0000029e173ca95e sp=0x000000e8555fc4e0 mode 0
Event: 4278.371 Thread 0x0000029e337bd800 DEOPT PACKING pc=0x0000029e19c8e69d sp=0x000000e8555fd1c0
Event: 4278.371 Thread 0x0000029e337bd800 DEOPT UNPACKING pc=0x0000029e173ca95e sp=0x000000e8555fc6b0 mode 0
Event: 4278.373 Thread 0x0000029e337bd800 DEOPT PACKING pc=0x0000029e19c8b78c sp=0x000000e8555fd1d0
Event: 4278.373 Thread 0x0000029e337bd800 DEOPT UNPACKING pc=0x0000029e173ca95e sp=0x000000e8555fc6b8 mode 0
Event: 4278.383 Thread 0x0000029e337bd800 DEOPT PACKING pc=0x0000029e19c8e69d sp=0x000000e8555fd1c0
Event: 4278.383 Thread 0x0000029e337bd800 DEOPT UNPACKING pc=0x0000029e173ca95e sp=0x000000e8555fc6b0 mode 0

Classes redefined (0 events):
No events

Internal exceptions (20 events):
Event: 4270.892 Thread 0x0000029e337c1800 Exception <a 'sun/nio/fs/WindowsException'{0x0000000093ff10c0}> (0x0000000093ff10c0) thrown at [./src/hotspot/share/prims/jni.cpp, line 616]
Event: 4270.892 Thread 0x0000029e337bd800 Exception <a 'sun/nio/fs/WindowsException'{0x0000000093f91528}> (0x0000000093f91528) thrown at [./src/hotspot/share/prims/jni.cpp, line 616]
Event: 4270.901 Thread 0x0000029e337bd800 Exception <a 'sun/nio/fs/WindowsException'{0x0000000093f9fab8}> (0x0000000093f9fab8) thrown at [./src/hotspot/share/prims/jni.cpp, line 616]
Event: 4270.903 Thread 0x0000029e337c1800 Exception <a 'sun/nio/fs/WindowsException'{0x0000000093ffb0b8}> (0x0000000093ffb0b8) thrown at [./src/hotspot/share/prims/jni.cpp, line 616]
Event: 4270.905 Thread 0x0000029e337c1800 Exception <a 'sun/nio/fs/WindowsException'{0x0000000093643638}> (0x0000000093643638) thrown at [./src/hotspot/share/prims/jni.cpp, line 616]
Event: 4270.907 Thread 0x0000029e337bd800 Exception <a 'sun/nio/fs/WindowsException'{0x000000009366e230}> (0x000000009366e230) thrown at [./src/hotspot/share/prims/jni.cpp, line 616]
Event: 4270.910 Thread 0x0000029e337bd800 Exception <a 'sun/nio/fs/WindowsException'{0x00000000935cf770}> (0x00000000935cf770) thrown at [./src/hotspot/share/prims/jni.cpp, line 616]
Event: 4270.913 Thread 0x0000029e337bd800 Exception <a 'sun/nio/fs/WindowsException'{0x00000000935d7160}> (0x00000000935d7160) thrown at [./src/hotspot/share/prims/jni.cpp, line 616]
Event: 4270.916 Thread 0x0000029e337bd800 Exception <a 'sun/nio/fs/WindowsException'{0x00000000935e2f90}> (0x00000000935e2f90) thrown at [./src/hotspot/share/prims/jni.cpp, line 616]
Event: 4270.922 Thread 0x0000029e337bd800 Exception <a 'sun/nio/fs/WindowsException'{0x00000000933e45a8}> (0x00000000933e45a8) thrown at [./src/hotspot/share/prims/jni.cpp, line 616]
Event: 4270.924 Thread 0x0000029e337bd800 Exception <a 'sun/nio/fs/WindowsException'{0x00000000933f0058}> (0x00000000933f0058) thrown at [./src/hotspot/share/prims/jni.cpp, line 616]
Event: 4270.928 Thread 0x0000029e337bd800 Exception <a 'sun/nio/fs/WindowsException'{0x00000000930c5ec8}> (0x00000000930c5ec8) thrown at [./src/hotspot/share/prims/jni.cpp, line 616]
Event: 4270.930 Thread 0x0000029e337bd800 Exception <a 'sun/nio/fs/WindowsException'{0x00000000930d2228}> (0x00000000930d2228) thrown at [./src/hotspot/share/prims/jni.cpp, line 616]
Event: 4270.932 Thread 0x0000029e337bd800 Exception <a 'sun/nio/fs/WindowsException'{0x00000000930da638}> (0x00000000930da638) thrown at [./src/hotspot/share/prims/jni.cpp, line 616]
Event: 4270.934 Thread 0x0000029e337bd800 Exception <a 'sun/nio/fs/WindowsException'{0x0000000092fc1f40}> (0x0000000092fc1f40) thrown at [./src/hotspot/share/prims/jni.cpp, line 616]
Event: 4271.004 Thread 0x0000029e337c1800 Exception <a 'sun/nio/fs/WindowsException'{0x00000000967c5038}> (0x00000000967c5038) thrown at [./src/hotspot/share/prims/jni.cpp, line 616]
Event: 4271.194 Thread 0x0000029e337c1800 Exception <a 'sun/nio/fs/WindowsException'{0x000000009409d0b8}> (0x000000009409d0b8) thrown at [./src/hotspot/share/prims/jni.cpp, line 616]
Event: 4271.256 Thread 0x0000029e337bd800 Exception <a 'sun/nio/fs/WindowsException'{0x0000000093ee3f98}> (0x0000000093ee3f98) thrown at [./src/hotspot/share/prims/jni.cpp, line 616]
Event: 4271.370 Thread 0x0000029e337bd800 Exception <a 'sun/nio/fs/WindowsException'{0x0000000093652dd0}> (0x0000000093652dd0) thrown at [./src/hotspot/share/prims/jni.cpp, line 616]
Event: 4276.682 Thread 0x0000029e337bd800 Exception <a 'sun/nio/fs/WindowsException'{0x0000000091f86db8}> (0x0000000091f86db8) thrown at [./src/hotspot/share/prims/jni.cpp, line 616]

Events (20 events):
Event: 4277.393 Executing VM operation: RevokeBias done
Event: 4277.393 Executing VM operation: RevokeBias
Event: 4277.393 Executing coalesced safepoint VM operation: BulkRevokeBias
Event: 4277.395 Executing coalesced safepoint VM operation: BulkRevokeBias done
Event: 4277.395 Executing coalesced safepoint VM operation: RevokeBias
Event: 4277.395 Executing coalesced safepoint VM operation: RevokeBias done
Event: 4277.395 Executing VM operation: RevokeBias done
Event: 4277.396 Executing VM operation: RevokeBias
Event: 4277.396 Executing VM operation: RevokeBias done
Event: 4277.432 Executing VM operation: RevokeBias
Event: 4277.433 Executing VM operation: RevokeBias done
Event: 4277.668 Executing VM operation: G1CollectForAllocation
Event: 4277.709 Executing VM operation: G1CollectForAllocation done
Event: 4277.999 Executing VM operation: G1CollectForAllocation
Event: 4278.019 Executing VM operation: G1CollectForAllocation done
Event: 4278.111 Executing VM operation: CGC_Operation
Event: 4278.173 Executing VM operation: CGC_Operation done
Event: 4278.388 Executing VM operation: CGC_Operation
Event: 4278.389 Executing VM operation: CGC_Operation done
Event: 4278.429 Executing VM operation: G1CollectForAllocation


Dynamic libraries:
0x00007ff6054d0000 - 0x00007ff6054da000 	E:\Programs\Android Studio\jre\bin\java.exe
0x00007ffb151b0000 - 0x00007ffb153a8000 	C:\Windows\SYSTEM32\ntdll.dll
0x00007ffae8380000 - 0x00007ffae8397000 	C:\Program Files\Avast Software\Avast\aswhook.dll
0x00007ffb149a0000 - 0x00007ffb14a5d000 	C:\Windows\System32\KERNEL32.DLL
0x00007ffb12930000 - 0x00007ffb12c02000 	C:\Windows\System32\KERNELBASE.dll
0x00007ffb12d00000 - 0x00007ffb12e00000 	C:\Windows\System32\ucrtbase.dll
0x00007ffafa830000 - 0x00007ffafa847000 	E:\Programs\Android Studio\jre\bin\VCRUNTIME140.dll
0x00007ffafa060000 - 0x00007ffafa079000 	E:\Programs\Android Studio\jre\bin\jli.dll
0x00007ffb14ed0000 - 0x00007ffb1506d000 	C:\Windows\System32\USER32.dll
0x00007ffb12e00000 - 0x00007ffb12e22000 	C:\Windows\System32\win32u.dll
0x00007ffb01250000 - 0x00007ffb014ea000 	C:\Windows\WinSxS\amd64_microsoft.windows.common-controls_6595b64144ccf1df_6.0.19041.1110_none_60b5254171f9507e\COMCTL32.dll
0x00007ffb14190000 - 0x00007ffb141bb000 	C:\Windows\System32\GDI32.dll
0x00007ffb15070000 - 0x00007ffb1510e000 	C:\Windows\System32\msvcrt.dll
0x00007ffb12e30000 - 0x00007ffb12f3f000 	C:\Windows\System32\gdi32full.dll
0x00007ffb12c60000 - 0x00007ffb12cfd000 	C:\Windows\System32\msvcp_win.dll
0x00007ffb14010000 - 0x00007ffb14040000 	C:\Windows\System32\IMM32.DLL
0x00007ffaf9fc0000 - 0x00007ffafa05d000 	E:\Programs\Android Studio\jre\bin\msvcp140.dll
0x00007ffabc940000 - 0x00007ffabd442000 	E:\Programs\Android Studio\jre\bin\server\jvm.dll
0x00007ffb13810000 - 0x00007ffb138be000 	C:\Windows\System32\ADVAPI32.dll
0x00007ffb142f0000 - 0x00007ffb1438c000 	C:\Windows\System32\sechost.dll
0x00007ffb147a0000 - 0x00007ffb148c5000 	C:\Windows\System32\RPCRT4.dll
0x00007ffb144d0000 - 0x00007ffb144d8000 	C:\Windows\System32\PSAPI.DLL
0x00007ffb016a0000 - 0x00007ffb016c7000 	C:\Windows\SYSTEM32\WINMM.dll
0x00007ffb0ad70000 - 0x00007ffb0ad7a000 	C:\Windows\SYSTEM32\VERSION.dll
0x00007ffaffb90000 - 0x00007ffaffb99000 	C:\Windows\SYSTEM32\WSOCK32.dll
0x00007ffb14440000 - 0x00007ffb144ab000 	C:\Windows\System32\WS2_32.dll
0x00007ffb10780000 - 0x00007ffb10792000 	C:\Windows\SYSTEM32\kernel.appcore.dll
0x00007ffaf7230000 - 0x00007ffaf7241000 	E:\Programs\Android Studio\jre\bin\verify.dll
0x00007ffb07b30000 - 0x00007ffb07d14000 	C:\Windows\SYSTEM32\DBGHELP.DLL
0x00007ffb076f0000 - 0x00007ffb0771c000 	C:\Windows\SYSTEM32\dbgcore.DLL
0x00007ffb13180000 - 0x00007ffb13202000 	C:\Windows\System32\bcryptPrimitives.dll
0x00007ffaeb460000 - 0x00007ffaeb489000 	E:\Programs\Android Studio\jre\bin\java.dll
0x00007ffaf77b0000 - 0x00007ffaf77bb000 	E:\Programs\Android Studio\jre\bin\jimage.dll
0x00007ffaedf90000 - 0x00007ffaedfa8000 	E:\Programs\Android Studio\jre\bin\zip.dll
0x00007ffb138c0000 - 0x00007ffb14003000 	C:\Windows\System32\SHELL32.dll
0x00007ffb10980000 - 0x00007ffb11111000 	C:\Windows\SYSTEM32\windows.storage.dll
0x00007ffb13300000 - 0x00007ffb13654000 	C:\Windows\System32\combase.dll
0x00007ffb12320000 - 0x00007ffb12350000 	C:\Windows\SYSTEM32\Wldp.dll
0x00007ffb140d0000 - 0x00007ffb1417d000 	C:\Windows\System32\SHCORE.dll
0x00007ffb15110000 - 0x00007ffb15165000 	C:\Windows\System32\shlwapi.dll
0x00007ffb12800000 - 0x00007ffb1281f000 	C:\Windows\SYSTEM32\profapi.dll
0x00007ffaeb440000 - 0x00007ffaeb45a000 	E:\Programs\Android Studio\jre\bin\net.dll
0x00007ffb034c0000 - 0x00007ffb035cd000 	C:\Windows\SYSTEM32\WINHTTP.dll
0x00007ffb12080000 - 0x00007ffb120ea000 	C:\Windows\system32\mswsock.dll
0x00007ffaeada0000 - 0x00007ffaeadb4000 	E:\Programs\Android Studio\jre\bin\nio.dll
0x00007ffafa6a0000 - 0x00007ffafa6c7000 	C:\Users\a0587\.gradle\native\8bec1ad78214c89d9ad589b4d07fe93259594b29d510b10fafb7a158f7737e5d\windows-amd64\native-platform.dll
0x00007ffafa080000 - 0x00007ffafa1bd000 	C:\Users\a0587\.gradle\native\53dbd7edfb1c66fb8903c78663c9afc45aea4f116125fa6feffd364cf09443e8\windows-amd64\native-platform-file-events.dll
0x00007ffaf7220000 - 0x00007ffaf722a000 	E:\Programs\Android Studio\jre\bin\management.dll
0x00007ffaef1b0000 - 0x00007ffaef1bd000 	E:\Programs\Android Studio\jre\bin\management_ext.dll
0x00007ffb12270000 - 0x00007ffb12288000 	C:\Windows\SYSTEM32\CRYPTSP.dll
0x00007ffb11930000 - 0x00007ffb11964000 	C:\Windows\system32\rsaenh.dll
0x00007ffb130a0000 - 0x00007ffb130c7000 	C:\Windows\System32\bcrypt.dll
0x00007ffb127c0000 - 0x00007ffb127ee000 	C:\Windows\SYSTEM32\USERENV.dll
0x00007ffb12290000 - 0x00007ffb1229c000 	C:\Windows\SYSTEM32\CRYPTBASE.dll
0x00007ffb11d20000 - 0x00007ffb11d5b000 	C:\Windows\SYSTEM32\IPHLPAPI.DLL
0x00007ffb132f0000 - 0x00007ffb132f8000 	C:\Windows\System32\NSI.dll
0x00007ffb094d0000 - 0x00007ffb094e7000 	C:\Windows\SYSTEM32\dhcpcsvc6.DLL
0x00007ffb09510000 - 0x00007ffb0952d000 	C:\Windows\SYSTEM32\dhcpcsvc.DLL
0x00007ffb11d60000 - 0x00007ffb11e2a000 	C:\Windows\SYSTEM32\DNSAPI.dll
0x00007ffb100b0000 - 0x00007ffb10141000 	C:\Windows\system32\apphelp.dll
0x00007ffae8ac0000 - 0x00007ffae8ae7000 	E:\Programs\Android Studio\jre\bin\sunec.dll

dbghelp: loaded successfully - version: 4.0.5 - missing functions: none
symbol engine: initialized successfully - sym options: 0x614 - pdb path: .;E:\Programs\Android Studio\jre\bin;C:\Windows\SYSTEM32;C:\Program Files\Avast Software\Avast;C:\Windows\WinSxS\amd64_microsoft.windows.common-controls_6595b64144ccf1df_6.0.19041.1110_none_60b5254171f9507e;E:\Programs\Android Studio\jre\bin\server;C:\Users\a0587\.gradle\native\8bec1ad78214c89d9ad589b4d07fe93259594b29d510b10fafb7a158f7737e5d\windows-amd64;C:\Users\a0587\.gradle\native\53dbd7edfb1c66fb8903c78663c9afc45aea4f116125fa6feffd364cf09443e8\windows-amd64

VM Arguments:
jvm_args: --add-opens=java.base/java.util=ALL-UNNAMED --add-opens=java.base/java.lang=ALL-UNNAMED --add-opens=java.base/java.lang.invoke=ALL-UNNAMED --add-opens=java.base/java.util=ALL-UNNAMED --add-opens=java.prefs/java.util.prefs=ALL-UNNAMED --add-opens=java.prefs/java.util.prefs=ALL-UNNAMED --add-opens=java.base/java.nio.charset=ALL-UNNAMED --add-opens=java.base/java.net=ALL-UNNAMED --add-opens=java.base/java.util.concurrent.atomic=ALL-UNNAMED -Xmx2048m -Dfile.encoding=UTF-8 -Duser.country=TW -Duser.language=zh -Duser.variant 
java_command: org.gradle.launcher.daemon.bootstrap.GradleDaemon 7.0.2
java_class_path (initial): C:\Users\a0587\.gradle\wrapper\dists\gradle-7.0.2-bin\857tjihv64xamwrf0h14cai3r\gradle-7.0.2\lib\gradle-launcher-7.0.2.jar
Launcher Type: SUN_STANDARD

[Global flags]
     intx CICompilerCount                          = 3                                         {product} {ergonomic}
     uint ConcGCThreads                            = 1                                         {product} {ergonomic}
     uint G1ConcRefinementThreads                  = 4                                         {product} {ergonomic}
   size_t G1HeapRegionSize                         = 1048576                                   {product} {ergonomic}
    uintx GCDrainStackTargetSize                   = 64                                        {product} {ergonomic}
   size_t InitialHeapSize                          = 134217728                                 {product} {ergonomic}
   size_t MarkStackSize                            = 4194304                                   {product} {ergonomic}
   size_t MaxHeapSize                              = 2147483648                                {product} {command line}
   size_t MaxNewSize                               = 1287651328                                {product} {ergonomic}
   size_t MinHeapDeltaBytes                        = 1048576                                   {product} {ergonomic}
    uintx NonNMethodCodeHeapSize                   = 5830732                                {pd product} {ergonomic}
    uintx NonProfiledCodeHeapSize                  = 122913754                              {pd product} {ergonomic}
    uintx ProfiledCodeHeapSize                     = 122913754                              {pd product} {ergonomic}
    uintx ReservedCodeCacheSize                    = 251658240                              {pd product} {ergonomic}
     bool SegmentedCodeCache                       = true                                      {product} {ergonomic}
     bool UseCompressedClassPointers               = true                                 {lp64_product} {ergonomic}
     bool UseCompressedOops                        = true                                 {lp64_product} {ergonomic}
     bool UseG1GC                                  = true                                      {product} {ergonomic}
     bool UseLargePagesIndividualAllocation        = false                                  {pd product} {ergonomic}

Logging:
Log output configuration:
 #0: stdout all=warning uptime,level,tags
 #1: stderr all=off uptime,level,tags

Environment Variables:
PATH=C:\Windows\system32;C:\Windows;C:\Windows\System32\Wbem;C:\Windows\System32\WindowsPowerShell\v1.0\;C:\Windows\System32\OpenSSH\;C:\Program Files\PuTTY\;E:\Programs\Anaconda;E:\Programs\Anaconda\Library\mingw-w64\bin;E:\Programs\Anaconda\Library\usr\bin;E:\Programs\Anaconda\Library\bin;E:\Programs\Anaconda\Scripts;C:\Users\a0587\AppData\Local\Microsoft\WindowsApps;E:\Programs\Microsoft VS Code\bin
USERNAME=Billy
OS=Windows_NT
PROCESSOR_IDENTIFIER=Intel64 Family 6 Model 142 Stepping 9, GenuineIntel



---------------  S Y S T E M  ---------------

OS: Windows 10 , 64 bit Build 19041 (10.0.19041.1889)
OS uptime: 2 days 17:04 hours

CPU:total 4 (initial active 4) (2 cores per cpu, 2 threads per core) family 6 model 142 stepping 9 microcode 0xb4, cmov, cx8, fxsr, mmx, sse, sse2, sse3, ssse3, sse4.1, sse4.2, popcnt, avx, avx2, aes, clmul, erms, 3dnowpref, lzcnt, ht, tsc, tscinvbit, bmi1, bmi2, adx, fma

Memory: 4k page, system-wide physical 8073M (482M free)
TotalPageFile size 8073M (AvailPageFile size 148M)
current process WorkingSet (physical memory assigned to process): 686M, peak: 688M
current process commit charge ("private bytes"): 795M, peak: 1089M

vm_info: OpenJDK 64-Bit Server VM (11.0.13+0-b1751.21-8125866) for windows-amd64 JRE (11.0.13+0-b1751.21-8125866), built on Feb  2 2022 03:00:22 by "builder" with MS VC++ 14.0 (VS2015)

END.
