#
# There is insufficient memory for the Java Runtime Environment to continue.
# Native memory allocation (malloc) failed to allocate 1758256 bytes for Chunk::new
# Possible reasons:
#   The system is out of physical RAM or swap space
#   The process is running with CompressedOops enabled, and the Java Heap may be blocking the growth of the native heap
# Possible solutions:
#   Reduce memory load on the system
#   Increase physical memory or swap space
#   Check if swap backing store is full
#   Decrease Java heap size (-Xmx/-Xms)
#   Decrease number of Java threads
#   Decrease Java thread stack sizes (-Xss)
#   Set larger code cache with -XX:ReservedCodeCacheSize=
#   JVM is running with Unscaled Compressed Oops mode in which the Java heap is
#     placed in the first 4GB address space. The Java Heap base address is the
#     maximum limit for the native heap growth. Please use -XX:HeapBaseMinAddress
#     to set the Java Heap base and to place the Java Heap above 4GB virtual address.
# This output file may be truncated or incomplete.
#
#  Out of Memory Error (./src/hotspot/share/memory/arena.cpp:197), pid=13828, tid=4956
#
# JRE version: OpenJDK Runtime Environment (11.0.13) (build 11.0.13+0-b1751.21-8125866)
# Java VM: OpenJDK 64-Bit Server VM (11.0.13+0-b1751.21-8125866, mixed mode, tiered, compressed oops, g1 gc, windows-amd64)
# No core dump will be written. Minidumps are not enabled by default on client versions of Windows
#

---------------  S U M M A R Y ------------

Command Line: --add-opens=java.base/java.util=ALL-UNNAMED --add-opens=java.base/java.lang=ALL-UNNAMED --add-opens=java.base/java.lang.invoke=ALL-UNNAMED --add-opens=java.base/java.util=ALL-UNNAMED --add-opens=java.prefs/java.util.prefs=ALL-UNNAMED --add-opens=java.prefs/java.util.prefs=ALL-UNNAMED --add-opens=java.base/java.nio.charset=ALL-UNNAMED --add-opens=java.base/java.net=ALL-UNNAMED --add-opens=java.base/java.util.concurrent.atomic=ALL-UNNAMED -Xmx2048m -Dfile.encoding=UTF-8 -Duser.country=TW -Duser.language=zh -Duser.variant org.gradle.launcher.daemon.bootstrap.GradleDaemon 7.0.2

Host: Intel(R) Core(TM) i5-7200U CPU @ 2.50GHz, 4 cores, 7G,  Windows 10 , 64 bit Build 19041 (10.0.19041.1889)
Time: Wed Oct 26 11:04:37 2022 台北標準時間 elapsed time: 75.358971 seconds (0d 0h 1m 15s)

---------------  T H R E A D  ---------------

Current thread (0x0000024bf2a49800):  JavaThread "C2 CompilerThread0" daemon [_thread_in_native, id=4956, stack(0x00000066d5d00000,0x00000066d5e00000)]


Current CompileTask:
C2:  75359 18008 %     4       com.android.tools.r8.ir.regalloc.a::a @ 281 (946 bytes)

Stack: [0x00000066d5d00000,0x00000066d5e00000]
Native frames: (J=compiled Java code, j=interpreted, Vv=VM code, C=native code)
V  [jvm.dll+0x6100fa]
V  [jvm.dll+0x747090]
V  [jvm.dll+0x7486ad]
V  [jvm.dll+0x748d83]
V  [jvm.dll+0x24ab48]
V  [jvm.dll+0xc04dc]
V  [jvm.dll+0xc0a0c]
V  [jvm.dll+0x35eb5b]
V  [jvm.dll+0x19d7bc]
V  [jvm.dll+0x2033be]
V  [jvm.dll+0x202437]
V  [jvm.dll+0x188e01]
V  [jvm.dll+0x21106b]
V  [jvm.dll+0x20f8c1]
V  [jvm.dll+0x70de0f]
V  [jvm.dll+0x706a75]
V  [jvm.dll+0x60ed66]
C  [ucrtbase.dll+0x21bb2]
C  [KERNEL32.DLL+0x17034]
C  [ntdll.dll+0x526a1]


---------------  P R O C E S S  ---------------

Threads class SMR info:
_java_thread_list=0x0000024b807b22b0, length=56, elements={
0x0000024bd6ed2000, 0x0000024bf2a27000, 0x0000024bf2a31000, 0x0000024bf3346000,
0x0000024bf2a45000, 0x0000024bf2a46000, 0x0000024bf2a49800, 0x0000024bf2a50800,
0x0000024bf2a66800, 0x0000024bf3486000, 0x0000024bf5f1b000, 0x0000024bf417b000,
0x0000024bf4ebe800, 0x0000024bf5573800, 0x0000024bf42f6800, 0x0000024bf5b96800,
0x0000024bf6219800, 0x0000024bf5e0e800, 0x0000024bf531a800, 0x0000024bf6216000,
0x0000024bf6217000, 0x0000024bf6211800, 0x0000024bf6218000, 0x0000024bf6213000,
0x0000024bf6215800, 0x0000024bf6212000, 0x0000024bf6213800, 0x0000024bf6214800,
0x0000024bf6aff000, 0x0000024bf6b01800, 0x0000024bf6b03800, 0x0000024bf6aff800,
0x0000024bf6b02000, 0x0000024bf6b03000, 0x0000024bf6b08800, 0x0000024bf6b0a000,
0x0000024bf6b09800, 0x0000024bf6b0b000, 0x0000024bf6b05800, 0x0000024bf6b0c000,
0x0000024bf369f000, 0x0000024bf6b07000, 0x0000024bf6b06000, 0x0000024bf6b0c800,
0x0000024bf3a35800, 0x0000024bf3a31800, 0x0000024bf3a32800, 0x0000024bf3a37000,
0x0000024bf3a38000, 0x0000024bf3a39000, 0x0000024bf3a39800, 0x0000024bf3a34000,
0x0000024bf3a3a800, 0x0000024bf3a34800, 0x0000024bf3a40000, 0x0000024bf3a3b000
}

Java Threads: ( => current thread )
  0x0000024bd6ed2000 JavaThread "main" [_thread_blocked, id=14272, stack(0x00000066d5100000,0x00000066d5200000)]
  0x0000024bf2a27000 JavaThread "Reference Handler" daemon [_thread_blocked, id=6424, stack(0x00000066d5800000,0x00000066d5900000)]
  0x0000024bf2a31000 JavaThread "Finalizer" daemon [_thread_blocked, id=4644, stack(0x00000066d5900000,0x00000066d5a00000)]
  0x0000024bf3346000 JavaThread "Signal Dispatcher" daemon [_thread_blocked, id=4808, stack(0x00000066d5a00000,0x00000066d5b00000)]
  0x0000024bf2a45000 JavaThread "Attach Listener" daemon [_thread_blocked, id=13152, stack(0x00000066d5b00000,0x00000066d5c00000)]
  0x0000024bf2a46000 JavaThread "Service Thread" daemon [_thread_blocked, id=12128, stack(0x00000066d5c00000,0x00000066d5d00000)]
=>0x0000024bf2a49800 JavaThread "C2 CompilerThread0" daemon [_thread_in_native, id=4956, stack(0x00000066d5d00000,0x00000066d5e00000)]
  0x0000024bf2a50800 JavaThread "C1 CompilerThread0" daemon [_thread_blocked, id=10096, stack(0x00000066d5e00000,0x00000066d5f00000)]
  0x0000024bf2a66800 JavaThread "Sweeper thread" daemon [_thread_blocked, id=6348, stack(0x00000066d5f00000,0x00000066d6000000)]
  0x0000024bf3486000 JavaThread "Common-Cleaner" daemon [_thread_blocked, id=4120, stack(0x00000066d6000000,0x00000066d6100000)]
  0x0000024bf5f1b000 JavaThread "Daemon health stats" [_thread_blocked, id=6868, stack(0x00000066d6500000,0x00000066d6600000)]
  0x0000024bf417b000 JavaThread "Incoming local TCP Connector on port 51936" [_thread_in_native, id=12808, stack(0x00000066d6200000,0x00000066d6300000)]
  0x0000024bf4ebe800 JavaThread "Daemon periodic checks" [_thread_blocked, id=1432, stack(0x00000066d6600000,0x00000066d6700000)]
  0x0000024bf5573800 JavaThread "Daemon" [_thread_blocked, id=5968, stack(0x00000066d6700000,0x00000066d6800000)]
  0x0000024bf42f6800 JavaThread "Handler for socket connection from /127.0.0.1:51936 to /127.0.0.1:51937" [_thread_in_native, id=15288, stack(0x00000066d6800000,0x00000066d6900000)]
  0x0000024bf5b96800 JavaThread "Cancel handler" [_thread_blocked, id=12564, stack(0x00000066d6900000,0x00000066d6a00000)]
  0x0000024bf6219800 JavaThread "Daemon worker" [_thread_in_Java, id=12516, stack(0x00000066d6a00000,0x00000066d6b00000)]
  0x0000024bf5e0e800 JavaThread "Asynchronous log dispatcher for DefaultDaemonConnection: socket connection from /127.0.0.1:51936 to /127.0.0.1:51937" [_thread_blocked, id=6196, stack(0x00000066d6b00000,0x00000066d6c00000)]
  0x0000024bf531a800 JavaThread "Daemon client event forwarder" [_thread_blocked, id=6792, stack(0x00000066d6d00000,0x00000066d6e00000)]
  0x0000024bf6216000 JavaThread "Cache worker for file hash cache (C:\Users\a0587\.gradle\caches\7.0.2\fileHashes)" [_thread_blocked, id=3036, stack(0x00000066d6f00000,0x00000066d7000000)]
  0x0000024bf6217000 JavaThread "File lock request listener" [_thread_in_native, id=14680, stack(0x00000066d7000000,0x00000066d7100000)]
  0x0000024bf6211800 JavaThread "Cache worker for journal cache (C:\Users\a0587\.gradle\caches\journal-1)" [_thread_blocked, id=10188, stack(0x00000066d7100000,0x00000066d7200000)]
  0x0000024bf6218000 JavaThread "Cache worker for file hash cache (E:\Programs\Test\.gradle\7.0.2\fileHashes)" [_thread_blocked, id=7816, stack(0x00000066d7300000,0x00000066d7400000)]
  0x0000024bf6213000 JavaThread "File watcher server" daemon [_thread_in_native, id=9836, stack(0x00000066d7400000,0x00000066d7500000)]
  0x0000024bf6215800 JavaThread "File watcher consumer" daemon [_thread_blocked, id=13876, stack(0x00000066d7500000,0x00000066d7600000)]
  0x0000024bf6212000 JavaThread "Cache worker for checksums cache (E:\Programs\Test\.gradle\checksums)" [_thread_blocked, id=11044, stack(0x00000066d7600000,0x00000066d7700000)]
  0x0000024bf6213800 JavaThread "Cache worker for cache directory md-supplier (C:\Users\a0587\.gradle\caches\7.0.2\md-supplier)" [_thread_blocked, id=11528, stack(0x00000066d7700000,0x00000066d7800000)]
  0x0000024bf6214800 JavaThread "Cache worker for cache directory md-rule (C:\Users\a0587\.gradle\caches\7.0.2\md-rule)" [_thread_blocked, id=5396, stack(0x00000066d7800000,0x00000066d7900000)]
  0x0000024bf6aff000 JavaThread "Cache worker for execution history cache (C:\Users\a0587\.gradle\caches\7.0.2\executionHistory)" [_thread_in_Java, id=5312, stack(0x00000066d7900000,0x00000066d7a00000)]
  0x0000024bf6b01800 JavaThread "jar transforms" [_thread_blocked, id=8736, stack(0x00000066d7a00000,0x00000066d7b00000)]
  0x0000024bf6b03800 JavaThread "jar transforms Thread 2" [_thread_blocked, id=12416, stack(0x00000066d7b00000,0x00000066d7c00000)]
  0x0000024bf6aff800 JavaThread "Cache worker for file content cache (C:\Users\a0587\.gradle\caches\7.0.2\fileContent)" [_thread_blocked, id=5544, stack(0x00000066d7c00000,0x00000066d7d00000)]
  0x0000024bf6b02000 JavaThread "Cache worker for dependencies-accessors (E:\Programs\Test\.gradle\7.0.2\dependencies-accessors)" [_thread_blocked, id=9648, stack(0x00000066d7d00000,0x00000066d7e00000)]
  0x0000024bf6b03000 JavaThread "jar transforms Thread 3" [_thread_blocked, id=7396, stack(0x00000066d7e00000,0x00000066d7f00000)]
  0x0000024bf6b08800 JavaThread "Cache worker for Build Output Cleanup Cache (E:\Programs\Test\.gradle\buildOutputCleanup)" [_thread_blocked, id=14436, stack(0x00000066d7f00000,0x00000066d8000000)]
  0x0000024bf6b0a000 JavaThread "Build operations" [_thread_in_native, id=2912, stack(0x00000066d8000000,0x00000066d8100000)]
  0x0000024bf6b09800 JavaThread "Build operations Thread 2" [_thread_blocked, id=15180, stack(0x00000066d8100000,0x00000066d8200000)]
  0x0000024bf6b0b000 JavaThread "Build operations Thread 3" [_thread_blocked, id=12180, stack(0x00000066d8200000,0x00000066d8300000)]
  0x0000024bf6b05800 JavaThread "Build operations Thread 4" [_thread_blocked, id=11508, stack(0x00000066d8300000,0x00000066d8400000)]
  0x0000024bf6b0c000 JavaThread "jar transforms Thread 4" [_thread_blocked, id=14600, stack(0x00000066d8400000,0x00000066d8500000)]
  0x0000024bf369f000 JavaThread "C2 CompilerThread1" daemon [_thread_in_native, id=13544, stack(0x00000066d8600000,0x00000066d8700000)]
  0x0000024bf6b07000 JavaThread "Memory manager" [_thread_blocked, id=12912, stack(0x00000066d8700000,0x00000066d8800000)]
  0x0000024bf6b06000 JavaThread "build event listener" [_thread_blocked, id=248, stack(0x00000066d8800000,0x00000066d8900000)]
  0x0000024bf6b0c800 JavaThread "Execution worker for ':'" [_thread_blocked, id=14052, stack(0x00000066d8900000,0x00000066d8a00000)]
  0x0000024bf3a35800 JavaThread "Execution worker for ':' Thread 2" [_thread_blocked, id=12712, stack(0x00000066d8a00000,0x00000066d8b00000)]
  0x0000024bf3a31800 JavaThread "Execution worker for ':' Thread 3" [_thread_blocked, id=12792, stack(0x00000066d8b00000,0x00000066d8c00000)]
  0x0000024bf3a32800 JavaThread "Cache worker for execution history cache (E:\Programs\Test\.gradle\7.0.2\executionHistory)" [_thread_blocked, id=4576, stack(0x00000066d8c00000,0x00000066d8d00000)]
  0x0000024bf3a37000 JavaThread "WorkerExecutor Queue Thread 2" [_thread_blocked, id=8024, stack(0x00000066d8e00000,0x00000066d8f00000)]
  0x0000024bf3a38000 JavaThread "WorkerExecutor Queue Thread 3" [_thread_blocked, id=15100, stack(0x00000066d8f00000,0x00000066d9000000)]
  0x0000024bf3a39000 JavaThread "WorkerExecutor Queue Thread 4" [_thread_blocked, id=2548, stack(0x00000066d9000000,0x00000066d9100000)]
  0x0000024bf3a39800 JavaThread "pool-3-thread-1" [_thread_blocked, id=9956, stack(0x00000066d9100000,0x00000066d9200000)]
  0x0000024bf3a34000 JavaThread "stderr" [_thread_in_native, id=8168, stack(0x00000066d9200000,0x00000066d9300000)]
  0x0000024bf3a3a800 JavaThread "stdout" [_thread_in_native, id=9244, stack(0x00000066d9300000,0x00000066d9400000)]
  0x0000024bf3a34800 JavaThread "Cache worker for Java compile cache (C:\Users\a0587\.gradle\caches\7.0.2\javaCompile)" [_thread_blocked, id=13496, stack(0x00000066d9400000,0x00000066d9500000)]
  0x0000024bf3a40000 JavaThread "Cache worker for Java compile cache (E:\Programs\Test\.gradle\7.0.2\javaCompile)" [_thread_blocked, id=2956, stack(0x00000066d9500000,0x00000066d9600000)]
  0x0000024bf3a3b000 JavaThread "WorkerExecutor Queue Thread 5" [_thread_blocked, id=6012, stack(0x00000066d4f00000,0x00000066d5000000)]

Other Threads:
  0x0000024bf2a22000 VMThread "VM Thread" [stack: 0x00000066d5700000,0x00000066d5800000] [id=4108]
  0x0000024bf349b000 WatcherThread [stack: 0x00000066d6100000,0x00000066d6200000] [id=11672]
  0x0000024bd6eeb800 GCTaskThread "GC Thread#0" [stack: 0x00000066d5200000,0x00000066d5300000] [id=12692]
  0x0000024bf3d70800 GCTaskThread "GC Thread#1" [stack: 0x00000066d6300000,0x00000066d6400000] [id=1612]
  0x0000024bf3ab0800 GCTaskThread "GC Thread#2" [stack: 0x00000066d6400000,0x00000066d6500000] [id=2520]
  0x0000024bf6cb4800 GCTaskThread "GC Thread#3" [stack: 0x00000066d6e00000,0x00000066d6f00000] [id=3172]
  0x0000024bd6f1b000 ConcurrentGCThread "G1 Main Marker" [stack: 0x00000066d5300000,0x00000066d5400000] [id=12012]
  0x0000024bd6f1d800 ConcurrentGCThread "G1 Conc#0" [stack: 0x00000066d5400000,0x00000066d5500000] [id=12320]
  0x0000024bd6fab800 ConcurrentGCThread "G1 Refine#0" [stack: 0x00000066d5500000,0x00000066d5600000] [id=10280]
  0x0000024bd6fac800 ConcurrentGCThread "G1 Young RemSet Sampling" [stack: 0x00000066d5600000,0x00000066d5700000] [id=1056]

Threads with active compile tasks:
C2 CompilerThread0  75445 18008 %     4       com.android.tools.r8.ir.regalloc.a::a @ 281 (946 bytes)
C1 CompilerThread0  75445 18538       2       org.gradle.internal.work.DefaultWorkerLeaseService$WorkerLeaseLockRegistry::getResourceLock (50 bytes)
C2 CompilerThread1  75445 18014 %     4       com.android.tools.r8.internal.Me::a @ 102 (3140 bytes)

VM state:not at safepoint (normal execution)

VM Mutex/Monitor currently owned by a thread: None

Heap address: 0x0000000080000000, size: 2048 MB, Compressed Oops mode: 32-bit
Narrow klass base: 0x0000000000000000, Narrow klass shift: 3
Compressed class space size: 1073741824 Address: 0x0000000100000000

Heap:
 garbage-first heap   total 273408K, used 212022K [0x0000000080000000, 0x0000000100000000)
  region size 1024K, 91 young (93184K), 5 survivors (5120K)
 Metaspace       used 112192K, capacity 115383K, committed 115664K, reserved 1148928K
  class space    used 14122K, capacity 15329K, committed 15392K, reserved 1048576K
Heap Regions: E=young(eden), S=young(survivor), O=old, HS=humongous(starts), HC=humongous(continues), CS=collection set, F=free, A=archive, TAMS=top-at-mark-start (previous, next)
|   0|0x0000000080000000, 0x0000000080100000, 0x0000000080100000|100%|HS|  |TAMS 0x0000000080100000, 0x0000000080000000| Complete 
|   1|0x0000000080100000, 0x0000000080200000, 0x0000000080200000|100%|HC|  |TAMS 0x0000000080200000, 0x0000000080100000| Complete 
|   2|0x0000000080200000, 0x0000000080300000, 0x0000000080300000|100%|HC|  |TAMS 0x0000000080300000, 0x0000000080200000| Complete 
|   3|0x0000000080300000, 0x0000000080400000, 0x0000000080400000|100%| O|  |TAMS 0x0000000080400000, 0x0000000080300000| Untracked 
|   4|0x0000000080400000, 0x0000000080500000, 0x0000000080500000|100%| O|  |TAMS 0x0000000080500000, 0x0000000080400000| Untracked 
|   5|0x0000000080500000, 0x0000000080600000, 0x0000000080600000|100%| O|  |TAMS 0x0000000080600000, 0x0000000080500000| Untracked 
|   6|0x0000000080600000, 0x0000000080700000, 0x0000000080700000|100%| O|  |TAMS 0x0000000080700000, 0x0000000080600000| Untracked 
|   7|0x0000000080700000, 0x0000000080800000, 0x0000000080800000|100%| O|  |TAMS 0x0000000080800000, 0x0000000080700000| Untracked 
|   8|0x0000000080800000, 0x0000000080900000, 0x0000000080900000|100%| O|  |TAMS 0x0000000080900000, 0x0000000080800000| Untracked 
|   9|0x0000000080900000, 0x0000000080a00000, 0x0000000080a00000|100%| O|  |TAMS 0x0000000080a00000, 0x0000000080900000| Untracked 
|  10|0x0000000080a00000, 0x0000000080b00000, 0x0000000080b00000|100%| O|  |TAMS 0x0000000080b00000, 0x0000000080a00000| Untracked 
|  11|0x0000000080b00000, 0x0000000080c00000, 0x0000000080c00000|100%| O|  |TAMS 0x0000000080c00000, 0x0000000080b00000| Untracked 
|  12|0x0000000080c00000, 0x0000000080d00000, 0x0000000080d00000|100%| O|  |TAMS 0x0000000080d00000, 0x0000000080c00000| Untracked 
|  13|0x0000000080d00000, 0x0000000080e00000, 0x0000000080e00000|100%| O|  |TAMS 0x0000000080e00000, 0x0000000080d00000| Untracked 
|  14|0x0000000080e00000, 0x0000000080f00000, 0x0000000080f00000|100%| O|  |TAMS 0x0000000080f00000, 0x0000000080e00000| Untracked 
|  15|0x0000000080f00000, 0x0000000081000000, 0x0000000081000000|100%| O|  |TAMS 0x0000000081000000, 0x0000000080f00000| Untracked 
|  16|0x0000000081000000, 0x0000000081100000, 0x0000000081100000|100%|HS|  |TAMS 0x0000000081100000, 0x0000000081000000| Complete 
|  17|0x0000000081100000, 0x0000000081200000, 0x0000000081200000|100%| O|  |TAMS 0x0000000081200000, 0x0000000081100000| Untracked 
|  18|0x0000000081200000, 0x0000000081300000, 0x0000000081300000|100%| O|  |TAMS 0x0000000081300000, 0x0000000081200000| Untracked 
|  19|0x0000000081300000, 0x0000000081400000, 0x0000000081400000|100%| O|  |TAMS 0x0000000081400000, 0x0000000081300000| Untracked 
|  20|0x0000000081400000, 0x0000000081500000, 0x0000000081500000|100%| O|  |TAMS 0x0000000081500000, 0x0000000081400000| Untracked 
|  21|0x0000000081500000, 0x0000000081600000, 0x0000000081600000|100%| O|  |TAMS 0x0000000081600000, 0x0000000081500000| Untracked 
|  22|0x0000000081600000, 0x0000000081700000, 0x0000000081700000|100%| O|  |TAMS 0x0000000081700000, 0x0000000081600000| Untracked 
|  23|0x0000000081700000, 0x0000000081800000, 0x0000000081800000|100%| O|  |TAMS 0x0000000081800000, 0x0000000081700000| Untracked 
|  24|0x0000000081800000, 0x0000000081900000, 0x0000000081900000|100%| O|  |TAMS 0x0000000081900000, 0x0000000081800000| Untracked 
|  25|0x0000000081900000, 0x0000000081a00000, 0x0000000081a00000|100%| O|  |TAMS 0x0000000081a00000, 0x0000000081900000| Untracked 
|  26|0x0000000081a00000, 0x0000000081b00000, 0x0000000081b00000|100%| O|  |TAMS 0x0000000081b00000, 0x0000000081a00000| Untracked 
|  27|0x0000000081b00000, 0x0000000081c00000, 0x0000000081c00000|100%| O|  |TAMS 0x0000000081c00000, 0x0000000081b00000| Untracked 
|  28|0x0000000081c00000, 0x0000000081d00000, 0x0000000081d00000|100%|HS|  |TAMS 0x0000000081d00000, 0x0000000081c00000| Complete 
|  29|0x0000000081d00000, 0x0000000081e00000, 0x0000000081e00000|100%|HS|  |TAMS 0x0000000081e00000, 0x0000000081d00000| Complete 
|  30|0x0000000081e00000, 0x0000000081f00000, 0x0000000081f00000|100%|HC|  |TAMS 0x0000000081f00000, 0x0000000081e00000| Complete 
|  31|0x0000000081f00000, 0x0000000082000000, 0x0000000082000000|100%| O|  |TAMS 0x0000000082000000, 0x0000000081f00000| Untracked 
|  32|0x0000000082000000, 0x0000000082100000, 0x0000000082100000|100%| O|  |TAMS 0x0000000082100000, 0x0000000082000000| Untracked 
|  33|0x0000000082100000, 0x0000000082200000, 0x0000000082200000|100%| O|  |TAMS 0x0000000082200000, 0x0000000082100000| Untracked 
|  34|0x0000000082200000, 0x0000000082300000, 0x0000000082300000|100%| O|  |TAMS 0x0000000082300000, 0x0000000082200000| Untracked 
|  35|0x0000000082300000, 0x0000000082400000, 0x0000000082400000|100%| O|  |TAMS 0x0000000082400000, 0x0000000082300000| Untracked 
|  36|0x0000000082400000, 0x0000000082500000, 0x0000000082500000|100%| O|  |TAMS 0x0000000082500000, 0x0000000082400000| Untracked 
|  37|0x0000000082500000, 0x0000000082600000, 0x0000000082600000|100%| O|  |TAMS 0x0000000082600000, 0x0000000082500000| Untracked 
|  38|0x0000000082600000, 0x0000000082700000, 0x0000000082700000|100%| O|  |TAMS 0x0000000082700000, 0x0000000082600000| Untracked 
|  39|0x0000000082700000, 0x0000000082800000, 0x0000000082800000|100%| O|  |TAMS 0x0000000082800000, 0x0000000082700000| Untracked 
|  40|0x0000000082800000, 0x0000000082900000, 0x0000000082900000|100%| O|  |TAMS 0x0000000082900000, 0x0000000082800000| Untracked 
|  41|0x0000000082900000, 0x0000000082a00000, 0x0000000082a00000|100%| O|  |TAMS 0x0000000082a00000, 0x0000000082900000| Untracked 
|  42|0x0000000082a00000, 0x0000000082b00000, 0x0000000082b00000|100%| O|  |TAMS 0x0000000082b00000, 0x0000000082a00000| Untracked 
|  43|0x0000000082b00000, 0x0000000082c00000, 0x0000000082c00000|100%| O|  |TAMS 0x0000000082c00000, 0x0000000082b00000| Untracked 
|  44|0x0000000082c00000, 0x0000000082d00000, 0x0000000082d00000|100%| O|  |TAMS 0x0000000082d00000, 0x0000000082c00000| Untracked 
|  45|0x0000000082d00000, 0x0000000082e00000, 0x0000000082e00000|100%| O|  |TAMS 0x0000000082e00000, 0x0000000082d00000| Untracked 
|  46|0x0000000082e00000, 0x0000000082f00000, 0x0000000082f00000|100%| O|  |TAMS 0x0000000082f00000, 0x0000000082e00000| Untracked 
|  47|0x0000000082f00000, 0x0000000083000000, 0x0000000083000000|100%| O|  |TAMS 0x0000000083000000, 0x0000000082f00000| Untracked 
|  48|0x0000000083000000, 0x0000000083100000, 0x0000000083100000|100%| O|  |TAMS 0x0000000083100000, 0x0000000083000000| Untracked 
|  49|0x0000000083100000, 0x0000000083200000, 0x0000000083200000|100%| O|  |TAMS 0x0000000083200000, 0x0000000083100000| Untracked 
|  50|0x0000000083200000, 0x0000000083300000, 0x0000000083300000|100%| O|  |TAMS 0x0000000083300000, 0x0000000083200000| Untracked 
|  51|0x0000000083300000, 0x0000000083400000, 0x0000000083400000|100%| O|  |TAMS 0x0000000083400000, 0x0000000083300000| Untracked 
|  52|0x0000000083400000, 0x0000000083500000, 0x0000000083500000|100%| O|  |TAMS 0x0000000083500000, 0x0000000083400000| Untracked 
|  53|0x0000000083500000, 0x0000000083600000, 0x0000000083600000|100%| O|  |TAMS 0x0000000083600000, 0x0000000083500000| Untracked 
|  54|0x0000000083600000, 0x0000000083700000, 0x0000000083700000|100%| O|  |TAMS 0x0000000083700000, 0x0000000083600000| Untracked 
|  55|0x0000000083700000, 0x0000000083800000, 0x0000000083800000|100%| O|  |TAMS 0x0000000083800000, 0x0000000083700000| Untracked 
|  56|0x0000000083800000, 0x0000000083900000, 0x0000000083900000|100%| O|  |TAMS 0x0000000083900000, 0x0000000083800000| Untracked 
|  57|0x0000000083900000, 0x0000000083a00000, 0x0000000083a00000|100%| O|  |TAMS 0x0000000083a00000, 0x0000000083900000| Untracked 
|  58|0x0000000083a00000, 0x0000000083b00000, 0x0000000083b00000|100%| O|  |TAMS 0x0000000083b00000, 0x0000000083a00000| Untracked 
|  59|0x0000000083b00000, 0x0000000083c00000, 0x0000000083c00000|100%| O|  |TAMS 0x0000000083c00000, 0x0000000083b00000| Untracked 
|  60|0x0000000083c00000, 0x0000000083d00000, 0x0000000083d00000|100%| O|  |TAMS 0x0000000083d00000, 0x0000000083c00000| Untracked 
|  61|0x0000000083d00000, 0x0000000083e00000, 0x0000000083e00000|100%| O|  |TAMS 0x0000000083e00000, 0x0000000083d00000| Untracked 
|  62|0x0000000083e00000, 0x0000000083f00000, 0x0000000083f00000|100%| O|  |TAMS 0x0000000083f00000, 0x0000000083e00000| Untracked 
|  63|0x0000000083f00000, 0x0000000084000000, 0x0000000084000000|100%| O|  |TAMS 0x0000000084000000, 0x0000000083f00000| Untracked 
|  64|0x0000000084000000, 0x0000000084100000, 0x0000000084100000|100%| O|  |TAMS 0x0000000084100000, 0x0000000084000000| Untracked 
|  65|0x0000000084100000, 0x0000000084200000, 0x0000000084200000|100%|HS|  |TAMS 0x0000000084200000, 0x0000000084100000| Complete 
|  66|0x0000000084200000, 0x0000000084300000, 0x0000000084300000|100%|HC|  |TAMS 0x0000000084300000, 0x0000000084200000| Complete 
|  67|0x0000000084300000, 0x0000000084400000, 0x0000000084400000|100%| O|  |TAMS 0x0000000084400000, 0x0000000084300000| Untracked 
|  68|0x0000000084400000, 0x0000000084500000, 0x0000000084500000|100%| O|  |TAMS 0x0000000084500000, 0x0000000084400000| Untracked 
|  69|0x0000000084500000, 0x0000000084600000, 0x0000000084600000|100%| O|  |TAMS 0x0000000084600000, 0x0000000084500000| Untracked 
|  70|0x0000000084600000, 0x0000000084700000, 0x0000000084700000|100%| O|  |TAMS 0x0000000084700000, 0x0000000084600000| Untracked 
|  71|0x0000000084700000, 0x0000000084800000, 0x0000000084800000|100%| O|  |TAMS 0x0000000084800000, 0x0000000084700000| Untracked 
|  72|0x0000000084800000, 0x0000000084900000, 0x0000000084900000|100%| O|  |TAMS 0x0000000084900000, 0x0000000084800000| Untracked 
|  73|0x0000000084900000, 0x0000000084a00000, 0x0000000084a00000|100%| O|  |TAMS 0x0000000084a00000, 0x0000000084900000| Untracked 
|  74|0x0000000084a00000, 0x0000000084b00000, 0x0000000084b00000|100%| O|  |TAMS 0x0000000084b00000, 0x0000000084a00000| Untracked 
|  75|0x0000000084b00000, 0x0000000084c00000, 0x0000000084c00000|100%| O|  |TAMS 0x0000000084c00000, 0x0000000084b00000| Untracked 
|  76|0x0000000084c00000, 0x0000000084d00000, 0x0000000084d00000|100%| O|  |TAMS 0x0000000084d00000, 0x0000000084c00000| Untracked 
|  77|0x0000000084d00000, 0x0000000084e00000, 0x0000000084e00000|100%| O|  |TAMS 0x0000000084e00000, 0x0000000084d00000| Untracked 
|  78|0x0000000084e00000, 0x0000000084f00000, 0x0000000084f00000|100%| O|  |TAMS 0x0000000084f00000, 0x0000000084e00000| Untracked 
|  79|0x0000000084f00000, 0x0000000085000000, 0x0000000085000000|100%| O|  |TAMS 0x0000000085000000, 0x0000000084f00000| Untracked 
|  80|0x0000000085000000, 0x0000000085100000, 0x0000000085100000|100%| O|  |TAMS 0x0000000085100000, 0x0000000085000000| Untracked 
|  81|0x0000000085100000, 0x0000000085200000, 0x0000000085200000|100%| O|  |TAMS 0x0000000085200000, 0x0000000085100000| Untracked 
|  82|0x0000000085200000, 0x0000000085300000, 0x0000000085300000|100%| O|  |TAMS 0x0000000085300000, 0x0000000085200000| Untracked 
|  83|0x0000000085300000, 0x0000000085400000, 0x0000000085400000|100%| O|  |TAMS 0x0000000085300000, 0x0000000085300000| Untracked 
|  84|0x0000000085400000, 0x0000000085500000, 0x0000000085500000|100%| O|  |TAMS 0x0000000085500000, 0x0000000085400000| Untracked 
|  85|0x0000000085500000, 0x0000000085600000, 0x0000000085600000|100%| O|  |TAMS 0x0000000085600000, 0x0000000085500000| Untracked 
|  86|0x0000000085600000, 0x0000000085700000, 0x0000000085700000|100%| O|  |TAMS 0x0000000085700000, 0x0000000085600000| Untracked 
|  87|0x0000000085700000, 0x0000000085800000, 0x0000000085800000|100%| O|  |TAMS 0x0000000085800000, 0x0000000085700000| Untracked 
|  88|0x0000000085800000, 0x0000000085900000, 0x0000000085900000|100%| O|  |TAMS 0x0000000085900000, 0x0000000085800000| Untracked 
|  89|0x0000000085900000, 0x0000000085a00000, 0x0000000085a00000|100%| O|  |TAMS 0x0000000085a00000, 0x0000000085900000| Untracked 
|  90|0x0000000085a00000, 0x0000000085b00000, 0x0000000085b00000|100%| O|  |TAMS 0x0000000085b00000, 0x0000000085a00000| Untracked 
|  91|0x0000000085b00000, 0x0000000085c00000, 0x0000000085c00000|100%| O|  |TAMS 0x0000000085c00000, 0x0000000085b00000| Untracked 
|  92|0x0000000085c00000, 0x0000000085d00000, 0x0000000085d00000|100%| O|  |TAMS 0x0000000085d00000, 0x0000000085c00000| Untracked 
|  93|0x0000000085d00000, 0x0000000085e00000, 0x0000000085e00000|100%| O|  |TAMS 0x0000000085d00000, 0x0000000085d00000| Untracked 
|  94|0x0000000085e00000, 0x0000000085f00000, 0x0000000085f00000|100%| O|  |TAMS 0x0000000085f00000, 0x0000000085e00000| Untracked 
|  95|0x0000000085f00000, 0x0000000086000000, 0x0000000086000000|100%| O|  |TAMS 0x0000000086000000, 0x0000000085f00000| Untracked 
|  96|0x0000000086000000, 0x0000000086100000, 0x0000000086100000|100%| O|  |TAMS 0x0000000086100000, 0x0000000086000000| Untracked 
|  97|0x0000000086100000, 0x0000000086200000, 0x0000000086200000|100%| O|  |TAMS 0x0000000086200000, 0x0000000086100000| Untracked 
|  98|0x0000000086200000, 0x0000000086300000, 0x0000000086300000|100%| O|  |TAMS 0x0000000086300000, 0x0000000086200000| Untracked 
|  99|0x0000000086300000, 0x0000000086400000, 0x0000000086400000|100%| O|  |TAMS 0x0000000086300000, 0x0000000086300000| Untracked 
| 100|0x0000000086400000, 0x0000000086448000, 0x0000000086500000| 28%| O|  |TAMS 0x0000000086400000, 0x0000000086400000| Untracked 
| 101|0x0000000086500000, 0x0000000086600000, 0x0000000086600000|100%| O|  |TAMS 0x0000000086600000, 0x0000000086500000| Untracked 
| 102|0x0000000086600000, 0x0000000086700000, 0x0000000086700000|100%| O|  |TAMS 0x0000000086700000, 0x0000000086600000| Untracked 
| 103|0x0000000086700000, 0x0000000086800000, 0x0000000086800000|100%|HS|  |TAMS 0x0000000086700000, 0x0000000086700000| Complete 
| 104|0x0000000086800000, 0x0000000086900000, 0x0000000086900000|100%|HC|  |TAMS 0x0000000086800000, 0x0000000086800000| Complete 
| 105|0x0000000086900000, 0x0000000086900000, 0x0000000086a00000|  0%| F|  |TAMS 0x0000000086900000, 0x0000000086900000| Untracked 
| 106|0x0000000086a00000, 0x0000000086a00000, 0x0000000086b00000|  0%| F|  |TAMS 0x0000000086a00000, 0x0000000086a00000| Untracked 
| 107|0x0000000086b00000, 0x0000000086b00000, 0x0000000086c00000|  0%| F|  |TAMS 0x0000000086b00000, 0x0000000086b00000| Untracked 
| 108|0x0000000086c00000, 0x0000000086c00000, 0x0000000086d00000|  0%| F|  |TAMS 0x0000000086c00000, 0x0000000086c00000| Untracked 
| 109|0x0000000086d00000, 0x0000000086d00000, 0x0000000086e00000|  0%| F|  |TAMS 0x0000000086d00000, 0x0000000086d00000| Untracked 
| 110|0x0000000086e00000, 0x0000000086e00000, 0x0000000086f00000|  0%| F|  |TAMS 0x0000000086e00000, 0x0000000086e00000| Untracked 
| 111|0x0000000086f00000, 0x0000000086f00000, 0x0000000087000000|  0%| F|  |TAMS 0x0000000086f00000, 0x0000000086f00000| Untracked 
| 112|0x0000000087000000, 0x0000000087000000, 0x0000000087100000|  0%| F|  |TAMS 0x0000000087000000, 0x0000000087000000| Untracked 
| 113|0x0000000087100000, 0x0000000087100000, 0x0000000087200000|  0%| F|  |TAMS 0x0000000087100000, 0x0000000087100000| Untracked 
| 114|0x0000000087200000, 0x0000000087300000, 0x0000000087300000|100%| O|  |TAMS 0x0000000087300000, 0x0000000087200000| Untracked 
| 115|0x0000000087300000, 0x0000000087400000, 0x0000000087400000|100%| O|  |TAMS 0x0000000087400000, 0x0000000087300000| Untracked 
| 116|0x0000000087400000, 0x0000000087500000, 0x0000000087500000|100%| O|  |TAMS 0x0000000087500000, 0x0000000087400000| Untracked 
| 117|0x0000000087500000, 0x0000000087600000, 0x0000000087600000|100%| O|  |TAMS 0x0000000087600000, 0x0000000087500000| Untracked 
| 118|0x0000000087600000, 0x0000000087700000, 0x0000000087700000|100%| O|  |TAMS 0x0000000087700000, 0x0000000087600000| Untracked 
| 119|0x0000000087700000, 0x0000000087800000, 0x0000000087800000|100%| O|  |TAMS 0x0000000087800000, 0x0000000087700000| Untracked 
| 120|0x0000000087800000, 0x0000000087900000, 0x0000000087900000|100%| O|  |TAMS 0x0000000087900000, 0x0000000087800000| Untracked 
| 121|0x0000000087900000, 0x0000000087900000, 0x0000000087a00000|  0%| F|  |TAMS 0x0000000087900000, 0x0000000087900000| Untracked 
| 122|0x0000000087a00000, 0x0000000087b00000, 0x0000000087b00000|100%| O|  |TAMS 0x0000000087b00000, 0x0000000087a00000| Untracked 
| 123|0x0000000087b00000, 0x0000000087b00000, 0x0000000087c00000|  0%| F|  |TAMS 0x0000000087b00000, 0x0000000087b00000| Untracked 
| 124|0x0000000087c00000, 0x0000000087c00000, 0x0000000087d00000|  0%| F|  |TAMS 0x0000000087c00000, 0x0000000087c00000| Untracked 
| 125|0x0000000087d00000, 0x0000000087d00000, 0x0000000087e00000|  0%| F|  |TAMS 0x0000000087d00000, 0x0000000087d00000| Untracked 
| 126|0x0000000087e00000, 0x0000000087e00000, 0x0000000087f00000|  0%| F|  |TAMS 0x0000000087e00000, 0x0000000087e00000| Untracked 
| 127|0x0000000087f00000, 0x0000000087f00000, 0x0000000088000000|  0%| F|  |TAMS 0x0000000087f00000, 0x0000000087f00000| Untracked 
| 128|0x0000000088000000, 0x0000000088100000, 0x0000000088100000|100%| O|  |TAMS 0x0000000088100000, 0x0000000088000000| Untracked 
| 129|0x0000000088100000, 0x0000000088200000, 0x0000000088200000|100%| O|  |TAMS 0x0000000088200000, 0x0000000088100000| Untracked 
| 130|0x0000000088200000, 0x0000000088300000, 0x0000000088300000|100%| O|  |TAMS 0x0000000088300000, 0x0000000088200000| Untracked 
| 131|0x0000000088300000, 0x0000000088400000, 0x0000000088400000|100%| O|  |TAMS 0x0000000088400000, 0x0000000088300000| Untracked 
| 132|0x0000000088400000, 0x0000000088500000, 0x0000000088500000|100%| O|  |TAMS 0x000000008845f000, 0x0000000088400000| Untracked 
| 133|0x0000000088500000, 0x0000000088500000, 0x0000000088600000|  0%| F|  |TAMS 0x0000000088500000, 0x0000000088500000| Untracked 
| 134|0x0000000088600000, 0x0000000088600000, 0x0000000088700000|  0%| F|  |TAMS 0x0000000088600000, 0x0000000088600000| Untracked 
| 135|0x0000000088700000, 0x0000000088700000, 0x0000000088800000|  0%| F|  |TAMS 0x0000000088700000, 0x0000000088700000| Untracked 
| 136|0x0000000088800000, 0x0000000088800000, 0x0000000088900000|  0%| F|  |TAMS 0x0000000088800000, 0x0000000088800000| Untracked 
| 137|0x0000000088900000, 0x0000000088900000, 0x0000000088a00000|  0%| F|  |TAMS 0x0000000088900000, 0x0000000088900000| Untracked 
| 138|0x0000000088a00000, 0x0000000088a00000, 0x0000000088b00000|  0%| F|  |TAMS 0x0000000088a00000, 0x0000000088a00000| Untracked 
| 139|0x0000000088b00000, 0x0000000088b00000, 0x0000000088c00000|  0%| F|  |TAMS 0x0000000088b00000, 0x0000000088b00000| Untracked 
| 140|0x0000000088c00000, 0x0000000088c00000, 0x0000000088d00000|  0%| F|  |TAMS 0x0000000088c00000, 0x0000000088c00000| Untracked 
| 141|0x0000000088d00000, 0x0000000088d00000, 0x0000000088e00000|  0%| F|  |TAMS 0x0000000088d00000, 0x0000000088d00000| Untracked 
| 142|0x0000000088e00000, 0x0000000088e00000, 0x0000000088f00000|  0%| F|  |TAMS 0x0000000088e00000, 0x0000000088e00000| Untracked 
| 143|0x0000000088f00000, 0x0000000088f00000, 0x0000000089000000|  0%| F|  |TAMS 0x0000000088f00000, 0x0000000088f00000| Untracked 
| 144|0x0000000089000000, 0x0000000089000000, 0x0000000089100000|  0%| F|  |TAMS 0x0000000089000000, 0x0000000089000000| Untracked 
| 145|0x0000000089100000, 0x00000000891c5800, 0x0000000089200000| 77%| S|CS|TAMS 0x0000000089100000, 0x0000000089100000| Complete 
| 146|0x0000000089200000, 0x0000000089300000, 0x0000000089300000|100%| S|CS|TAMS 0x0000000089200000, 0x0000000089200000| Complete 
| 147|0x0000000089300000, 0x0000000089400000, 0x0000000089400000|100%| S|CS|TAMS 0x0000000089300000, 0x0000000089300000| Complete 
| 148|0x0000000089400000, 0x0000000089500000, 0x0000000089500000|100%| S|CS|TAMS 0x0000000089400000, 0x0000000089400000| Complete 
| 149|0x0000000089500000, 0x0000000089500000, 0x0000000089600000|  0%| F|  |TAMS 0x0000000089500000, 0x0000000089500000| Untracked 
| 150|0x0000000089600000, 0x0000000089700000, 0x0000000089700000|100%| S|CS|TAMS 0x0000000089600000, 0x0000000089600000| Complete 
| 151|0x0000000089700000, 0x0000000089700000, 0x0000000089800000|  0%| F|  |TAMS 0x0000000089700000, 0x0000000089700000| Untracked 
| 152|0x0000000089800000, 0x0000000089800000, 0x0000000089900000|  0%| F|  |TAMS 0x0000000089800000, 0x0000000089800000| Untracked 
| 153|0x0000000089900000, 0x0000000089900000, 0x0000000089a00000|  0%| F|  |TAMS 0x0000000089900000, 0x0000000089900000| Untracked 
| 154|0x0000000089a00000, 0x0000000089a00000, 0x0000000089b00000|  0%| F|  |TAMS 0x0000000089a00000, 0x0000000089a00000| Untracked 
| 155|0x0000000089b00000, 0x0000000089b00000, 0x0000000089c00000|  0%| F|  |TAMS 0x0000000089b00000, 0x0000000089b00000| Untracked 
| 156|0x0000000089c00000, 0x0000000089c00000, 0x0000000089d00000|  0%| F|  |TAMS 0x0000000089c00000, 0x0000000089c00000| Untracked 
| 157|0x0000000089d00000, 0x0000000089d00000, 0x0000000089e00000|  0%| F|  |TAMS 0x0000000089d00000, 0x0000000089d00000| Untracked 
| 158|0x0000000089e00000, 0x0000000089e00000, 0x0000000089f00000|  0%| F|  |TAMS 0x0000000089e00000, 0x0000000089e00000| Untracked 
| 159|0x0000000089f00000, 0x0000000089f00000, 0x000000008a000000|  0%| F|  |TAMS 0x0000000089f00000, 0x0000000089f00000| Untracked 
| 160|0x000000008a000000, 0x000000008a000000, 0x000000008a100000|  0%| F|  |TAMS 0x000000008a000000, 0x000000008a000000| Untracked 
| 161|0x000000008a100000, 0x000000008a100000, 0x000000008a200000|  0%| F|  |TAMS 0x000000008a100000, 0x000000008a100000| Untracked 
| 162|0x000000008a200000, 0x000000008a200000, 0x000000008a300000|  0%| F|  |TAMS 0x000000008a200000, 0x000000008a200000| Untracked 
| 163|0x000000008a300000, 0x000000008a300000, 0x000000008a400000|  0%| F|  |TAMS 0x000000008a300000, 0x000000008a300000| Untracked 
| 164|0x000000008a400000, 0x000000008a400000, 0x000000008a500000|  0%| F|  |TAMS 0x000000008a400000, 0x000000008a400000| Untracked 
| 165|0x000000008a500000, 0x000000008a500000, 0x000000008a600000|  0%| F|  |TAMS 0x000000008a500000, 0x000000008a500000| Untracked 
| 166|0x000000008a600000, 0x000000008a600000, 0x000000008a700000|  0%| F|  |TAMS 0x000000008a600000, 0x000000008a600000| Untracked 
| 167|0x000000008a700000, 0x000000008a700000, 0x000000008a800000|  0%| F|  |TAMS 0x000000008a700000, 0x000000008a700000| Untracked 
| 168|0x000000008a800000, 0x000000008a800000, 0x000000008a900000|  0%| F|  |TAMS 0x000000008a800000, 0x000000008a800000| Untracked 
| 169|0x000000008a900000, 0x000000008a900000, 0x000000008aa00000|  0%| F|  |TAMS 0x000000008a900000, 0x000000008a900000| Untracked 
| 170|0x000000008aa00000, 0x000000008aa00000, 0x000000008ab00000|  0%| F|  |TAMS 0x000000008aa00000, 0x000000008aa00000| Untracked 
| 171|0x000000008ab00000, 0x000000008ab00000, 0x000000008ac00000|  0%| F|  |TAMS 0x000000008ab00000, 0x000000008ab00000| Untracked 
| 172|0x000000008ac00000, 0x000000008ac00000, 0x000000008ad00000|  0%| F|  |TAMS 0x000000008ac00000, 0x000000008ac00000| Untracked 
| 173|0x000000008ad00000, 0x000000008ad00000, 0x000000008ae00000|  0%| F|  |TAMS 0x000000008ad00000, 0x000000008ad00000| Untracked 
| 174|0x000000008ae00000, 0x000000008ae00000, 0x000000008af00000|  0%| F|  |TAMS 0x000000008ae00000, 0x000000008ae00000| Untracked 
| 175|0x000000008af00000, 0x000000008af00000, 0x000000008b000000|  0%| F|  |TAMS 0x000000008af00000, 0x000000008af00000| Untracked 
| 176|0x000000008b000000, 0x000000008b000000, 0x000000008b100000|  0%| F|  |TAMS 0x000000008b000000, 0x000000008b000000| Untracked 
| 177|0x000000008b100000, 0x000000008b100000, 0x000000008b200000|  0%| F|  |TAMS 0x000000008b100000, 0x000000008b100000| Untracked 
| 178|0x000000008b200000, 0x000000008b200000, 0x000000008b300000|  0%| F|  |TAMS 0x000000008b200000, 0x000000008b200000| Untracked 
| 179|0x000000008b300000, 0x000000008b300000, 0x000000008b400000|  0%| F|  |TAMS 0x000000008b300000, 0x000000008b300000| Untracked 
| 180|0x000000008b400000, 0x000000008b436740, 0x000000008b500000| 21%| E|  |TAMS 0x000000008b400000, 0x000000008b400000| Complete 
| 181|0x000000008b500000, 0x000000008b600000, 0x000000008b600000|100%| E|CS|TAMS 0x000000008b500000, 0x000000008b500000| Complete 
| 182|0x000000008b600000, 0x000000008b700000, 0x000000008b700000|100%| E|CS|TAMS 0x000000008b600000, 0x000000008b600000| Complete 
| 183|0x000000008b700000, 0x000000008b800000, 0x000000008b800000|100%| E|CS|TAMS 0x000000008b700000, 0x000000008b700000| Complete 
| 184|0x000000008b800000, 0x000000008b900000, 0x000000008b900000|100%| E|CS|TAMS 0x000000008b800000, 0x000000008b800000| Complete 
| 185|0x000000008b900000, 0x000000008ba00000, 0x000000008ba00000|100%| E|CS|TAMS 0x000000008b900000, 0x000000008b900000| Complete 
| 186|0x000000008ba00000, 0x000000008bb00000, 0x000000008bb00000|100%| E|CS|TAMS 0x000000008ba00000, 0x000000008ba00000| Complete 
| 187|0x000000008bb00000, 0x000000008bc00000, 0x000000008bc00000|100%| E|CS|TAMS 0x000000008bb00000, 0x000000008bb00000| Complete 
| 188|0x000000008bc00000, 0x000000008bd00000, 0x000000008bd00000|100%| E|CS|TAMS 0x000000008bc00000, 0x000000008bc00000| Complete 
| 189|0x000000008bd00000, 0x000000008be00000, 0x000000008be00000|100%| E|CS|TAMS 0x000000008bd00000, 0x000000008bd00000| Complete 
| 190|0x000000008be00000, 0x000000008bf00000, 0x000000008bf00000|100%| E|CS|TAMS 0x000000008be00000, 0x000000008be00000| Complete 
| 191|0x000000008bf00000, 0x000000008c000000, 0x000000008c000000|100%| E|CS|TAMS 0x000000008bf00000, 0x000000008bf00000| Complete 
| 192|0x000000008c000000, 0x000000008c100000, 0x000000008c100000|100%| E|CS|TAMS 0x000000008c000000, 0x000000008c000000| Complete 
| 193|0x000000008c100000, 0x000000008c200000, 0x000000008c200000|100%| E|CS|TAMS 0x000000008c100000, 0x000000008c100000| Complete 
| 194|0x000000008c200000, 0x000000008c300000, 0x000000008c300000|100%| E|CS|TAMS 0x000000008c200000, 0x000000008c200000| Complete 
| 195|0x000000008c300000, 0x000000008c400000, 0x000000008c400000|100%| E|CS|TAMS 0x000000008c300000, 0x000000008c300000| Complete 
| 196|0x000000008c400000, 0x000000008c500000, 0x000000008c500000|100%| E|CS|TAMS 0x000000008c400000, 0x000000008c400000| Complete 
| 197|0x000000008c500000, 0x000000008c600000, 0x000000008c600000|100%| E|CS|TAMS 0x000000008c500000, 0x000000008c500000| Complete 
| 198|0x000000008c600000, 0x000000008c700000, 0x000000008c700000|100%| E|CS|TAMS 0x000000008c600000, 0x000000008c600000| Complete 
| 199|0x000000008c700000, 0x000000008c800000, 0x000000008c800000|100%| E|CS|TAMS 0x000000008c700000, 0x000000008c700000| Complete 
| 200|0x000000008c800000, 0x000000008c900000, 0x000000008c900000|100%| E|CS|TAMS 0x000000008c800000, 0x000000008c800000| Complete 
| 201|0x000000008c900000, 0x000000008ca00000, 0x000000008ca00000|100%| E|CS|TAMS 0x000000008c900000, 0x000000008c900000| Complete 
| 202|0x000000008ca00000, 0x000000008cb00000, 0x000000008cb00000|100%| E|CS|TAMS 0x000000008ca00000, 0x000000008ca00000| Complete 
| 203|0x000000008cb00000, 0x000000008cc00000, 0x000000008cc00000|100%| E|CS|TAMS 0x000000008cb00000, 0x000000008cb00000| Complete 
| 204|0x000000008cc00000, 0x000000008cd00000, 0x000000008cd00000|100%| E|CS|TAMS 0x000000008cc00000, 0x000000008cc00000| Complete 
| 205|0x000000008cd00000, 0x000000008ce00000, 0x000000008ce00000|100%| E|CS|TAMS 0x000000008cd00000, 0x000000008cd00000| Complete 
| 206|0x000000008ce00000, 0x000000008cf00000, 0x000000008cf00000|100%| E|CS|TAMS 0x000000008ce00000, 0x000000008ce00000| Complete 
| 207|0x000000008cf00000, 0x000000008d000000, 0x000000008d000000|100%| E|CS|TAMS 0x000000008cf00000, 0x000000008cf00000| Complete 
| 208|0x000000008d000000, 0x000000008d100000, 0x000000008d100000|100%| E|CS|TAMS 0x000000008d000000, 0x000000008d000000| Complete 
| 209|0x000000008d100000, 0x000000008d200000, 0x000000008d200000|100%| E|CS|TAMS 0x000000008d100000, 0x000000008d100000| Complete 
| 210|0x000000008d200000, 0x000000008d300000, 0x000000008d300000|100%| E|CS|TAMS 0x000000008d200000, 0x000000008d200000| Complete 
| 211|0x000000008d300000, 0x000000008d400000, 0x000000008d400000|100%| E|CS|TAMS 0x000000008d300000, 0x000000008d300000| Complete 
| 212|0x000000008d400000, 0x000000008d500000, 0x000000008d500000|100%| E|CS|TAMS 0x000000008d400000, 0x000000008d400000| Complete 
| 213|0x000000008d500000, 0x000000008d600000, 0x000000008d600000|100%| E|CS|TAMS 0x000000008d500000, 0x000000008d500000| Complete 
| 214|0x000000008d600000, 0x000000008d700000, 0x000000008d700000|100%| E|CS|TAMS 0x000000008d600000, 0x000000008d600000| Complete 
| 215|0x000000008d700000, 0x000000008d800000, 0x000000008d800000|100%| E|CS|TAMS 0x000000008d700000, 0x000000008d700000| Complete 
| 216|0x000000008d800000, 0x000000008d900000, 0x000000008d900000|100%| E|CS|TAMS 0x000000008d800000, 0x000000008d800000| Complete 
| 217|0x000000008d900000, 0x000000008da00000, 0x000000008da00000|100%| E|CS|TAMS 0x000000008d900000, 0x000000008d900000| Complete 
| 218|0x000000008da00000, 0x000000008db00000, 0x000000008db00000|100%| E|CS|TAMS 0x000000008da00000, 0x000000008da00000| Complete 
| 219|0x000000008db00000, 0x000000008dc00000, 0x000000008dc00000|100%| E|CS|TAMS 0x000000008db00000, 0x000000008db00000| Complete 
| 220|0x000000008dc00000, 0x000000008dd00000, 0x000000008dd00000|100%| E|CS|TAMS 0x000000008dc00000, 0x000000008dc00000| Complete 
| 221|0x000000008dd00000, 0x000000008de00000, 0x000000008de00000|100%| E|CS|TAMS 0x000000008dd00000, 0x000000008dd00000| Complete 
| 222|0x000000008de00000, 0x000000008df00000, 0x000000008df00000|100%| E|CS|TAMS 0x000000008de00000, 0x000000008de00000| Complete 
| 223|0x000000008df00000, 0x000000008e000000, 0x000000008e000000|100%| E|CS|TAMS 0x000000008df00000, 0x000000008df00000| Complete 
| 224|0x000000008e000000, 0x000000008e100000, 0x000000008e100000|100%| E|CS|TAMS 0x000000008e000000, 0x000000008e000000| Complete 
| 225|0x000000008e100000, 0x000000008e200000, 0x000000008e200000|100%| E|CS|TAMS 0x000000008e100000, 0x000000008e100000| Complete 
| 226|0x000000008e200000, 0x000000008e300000, 0x000000008e300000|100%| E|CS|TAMS 0x000000008e200000, 0x000000008e200000| Complete 
| 227|0x000000008e300000, 0x000000008e400000, 0x000000008e400000|100%| E|CS|TAMS 0x000000008e300000, 0x000000008e300000| Complete 
| 228|0x000000008e400000, 0x000000008e500000, 0x000000008e500000|100%| E|CS|TAMS 0x000000008e400000, 0x000000008e400000| Complete 
| 229|0x000000008e500000, 0x000000008e600000, 0x000000008e600000|100%| E|CS|TAMS 0x000000008e500000, 0x000000008e500000| Complete 
| 230|0x000000008e600000, 0x000000008e700000, 0x000000008e700000|100%| E|CS|TAMS 0x000000008e600000, 0x000000008e600000| Complete 
| 231|0x000000008e700000, 0x000000008e800000, 0x000000008e800000|100%| E|CS|TAMS 0x000000008e700000, 0x000000008e700000| Complete 
| 232|0x000000008e800000, 0x000000008e900000, 0x000000008e900000|100%| E|CS|TAMS 0x000000008e800000, 0x000000008e800000| Complete 
| 233|0x000000008e900000, 0x000000008ea00000, 0x000000008ea00000|100%| E|CS|TAMS 0x000000008e900000, 0x000000008e900000| Complete 
| 234|0x000000008ea00000, 0x000000008eb00000, 0x000000008eb00000|100%| E|CS|TAMS 0x000000008ea00000, 0x000000008ea00000| Complete 
| 235|0x000000008eb00000, 0x000000008ec00000, 0x000000008ec00000|100%| E|CS|TAMS 0x000000008eb00000, 0x000000008eb00000| Complete 
| 236|0x000000008ec00000, 0x000000008ed00000, 0x000000008ed00000|100%| E|CS|TAMS 0x000000008ec00000, 0x000000008ec00000| Complete 
| 237|0x000000008ed00000, 0x000000008ee00000, 0x000000008ee00000|100%| E|CS|TAMS 0x000000008ed00000, 0x000000008ed00000| Complete 
| 238|0x000000008ee00000, 0x000000008ef00000, 0x000000008ef00000|100%| E|CS|TAMS 0x000000008ee00000, 0x000000008ee00000| Complete 
| 239|0x000000008ef00000, 0x000000008f000000, 0x000000008f000000|100%| E|CS|TAMS 0x000000008ef00000, 0x000000008ef00000| Complete 
| 240|0x000000008f000000, 0x000000008f100000, 0x000000008f100000|100%| E|CS|TAMS 0x000000008f000000, 0x000000008f000000| Complete 
| 241|0x000000008f100000, 0x000000008f200000, 0x000000008f200000|100%| E|CS|TAMS 0x000000008f100000, 0x000000008f100000| Complete 
| 242|0x000000008f200000, 0x000000008f300000, 0x000000008f300000|100%| E|CS|TAMS 0x000000008f200000, 0x000000008f200000| Complete 
| 243|0x000000008f300000, 0x000000008f400000, 0x000000008f400000|100%| E|CS|TAMS 0x000000008f300000, 0x000000008f300000| Complete 
| 244|0x000000008f400000, 0x000000008f500000, 0x000000008f500000|100%| E|CS|TAMS 0x000000008f400000, 0x000000008f400000| Complete 
| 245|0x000000008f500000, 0x000000008f600000, 0x000000008f600000|100%| E|CS|TAMS 0x000000008f500000, 0x000000008f500000| Complete 
| 246|0x000000008f600000, 0x000000008f700000, 0x000000008f700000|100%| E|CS|TAMS 0x000000008f600000, 0x000000008f600000| Complete 
| 247|0x000000008f700000, 0x000000008f800000, 0x000000008f800000|100%| E|CS|TAMS 0x000000008f700000, 0x000000008f700000| Complete 
| 248|0x000000008f800000, 0x000000008f900000, 0x000000008f900000|100%| E|CS|TAMS 0x000000008f800000, 0x000000008f800000| Complete 
| 249|0x000000008f900000, 0x000000008fa00000, 0x000000008fa00000|100%| E|CS|TAMS 0x000000008f900000, 0x000000008f900000| Complete 
| 250|0x000000008fa00000, 0x000000008fb00000, 0x000000008fb00000|100%| E|CS|TAMS 0x000000008fa00000, 0x000000008fa00000| Complete 
| 251|0x000000008fb00000, 0x000000008fc00000, 0x000000008fc00000|100%| E|CS|TAMS 0x000000008fb00000, 0x000000008fb00000| Complete 
| 252|0x000000008fc00000, 0x000000008fd00000, 0x000000008fd00000|100%| E|CS|TAMS 0x000000008fc00000, 0x000000008fc00000| Complete 
| 253|0x000000008fd00000, 0x000000008fe00000, 0x000000008fe00000|100%| E|CS|TAMS 0x000000008fd00000, 0x000000008fd00000| Complete 
| 254|0x000000008fe00000, 0x000000008ff00000, 0x000000008ff00000|100%| E|CS|TAMS 0x000000008fe00000, 0x000000008fe00000| Complete 
| 255|0x000000008ff00000, 0x0000000090000000, 0x0000000090000000|100%| E|CS|TAMS 0x000000008ff00000, 0x000000008ff00000| Complete 
| 256|0x0000000090000000, 0x0000000090100000, 0x0000000090100000|100%| E|CS|TAMS 0x0000000090000000, 0x0000000090000000| Complete 
| 257|0x0000000090100000, 0x0000000090200000, 0x0000000090200000|100%| E|CS|TAMS 0x0000000090100000, 0x0000000090100000| Complete 
| 258|0x0000000090200000, 0x0000000090300000, 0x0000000090300000|100%| E|CS|TAMS 0x0000000090200000, 0x0000000090200000| Complete 
| 259|0x0000000090300000, 0x0000000090400000, 0x0000000090400000|100%| E|CS|TAMS 0x0000000090300000, 0x0000000090300000| Complete 
| 260|0x0000000090400000, 0x0000000090500000, 0x0000000090500000|100%| E|CS|TAMS 0x0000000090400000, 0x0000000090400000| Complete 
| 261|0x0000000090500000, 0x0000000090600000, 0x0000000090600000|100%| E|CS|TAMS 0x0000000090500000, 0x0000000090500000| Complete 
| 262|0x0000000090600000, 0x0000000090700000, 0x0000000090700000|100%| E|CS|TAMS 0x0000000090600000, 0x0000000090600000| Complete 
| 263|0x0000000090700000, 0x0000000090800000, 0x0000000090800000|100%| E|CS|TAMS 0x0000000090700000, 0x0000000090700000| Complete 
| 264|0x0000000090800000, 0x0000000090900000, 0x0000000090900000|100%| E|CS|TAMS 0x0000000090800000, 0x0000000090800000| Complete 
| 265|0x0000000090900000, 0x0000000090a00000, 0x0000000090a00000|100%| E|CS|TAMS 0x0000000090900000, 0x0000000090900000| Complete 
| 266|0x0000000090a00000, 0x0000000090b00000, 0x0000000090b00000|100%| E|CS|TAMS 0x0000000090a00000, 0x0000000090a00000| Complete 

Card table byte_map: [0x0000024bebbd0000,0x0000024bebfd0000] _byte_map_base: 0x0000024beb7d0000

Marking Bits (Prev, Next): (CMBitMap*) 0x0000024bd6f11f28, (CMBitMap*) 0x0000024bd6f11f60
 Prev Bits: [0x0000024bec3d0000, 0x0000024bee3d0000)
 Next Bits: [0x0000024bee3d0000, 0x0000024bf03d0000)

Polling page: 0x0000024bd6d90000

Metaspace:

Usage:
  Non-class:     97.71 MB capacity,    95.77 MB ( 98%) used,     1.56 MB (  2%) free+waste,   385.94 KB ( <1%) overhead. 
      Class:     14.97 MB capacity,    13.79 MB ( 92%) used,     1.01 MB (  7%) free+waste,   169.63 KB (  1%) overhead. 
       Both:    112.68 MB capacity,   109.56 MB ( 97%) used,     2.57 MB (  2%) free+waste,   555.56 KB ( <1%) overhead. 

Virtual space:
  Non-class space:       98.00 MB reserved,      97.92 MB (>99%) committed 
      Class space:        1.00 GB reserved,      15.03 MB (  1%) committed 
             Both:        1.10 GB reserved,     112.95 MB ( 10%) committed 

Chunk freelists:
   Non-Class:  26.00 KB
       Class:  0 bytes
        Both:  26.00 KB

MaxMetaspaceSize: 17179869184.00 GB
CompressedClassSpaceSize: 1.00 GB
Initial GC threshold: 20.80 MB
Current GC threshold: 187.42 MB
CDS: off

CodeHeap 'non-profiled nmethods': size=120064Kb used=10239Kb max_used=10726Kb free=109824Kb
 bounds [0x0000024be3c70000, 0x0000024be4710000, 0x0000024beb1b0000]
CodeHeap 'profiled nmethods': size=120000Kb used=39218Kb max_used=40258Kb free=80781Kb
 bounds [0x0000024bdc740000, 0x0000024bdef20000, 0x0000024be3c70000]
CodeHeap 'non-nmethods': size=5696Kb used=2420Kb max_used=2499Kb free=3275Kb
 bounds [0x0000024bdc1b0000, 0x0000024bdc430000, 0x0000024bdc740000]
 total_blobs=17787 nmethods=16839 adapters=858
 compilation: enabled
              stopped_count=0, restarted_count=0
 full_count=0

Compilation events (20 events):
Event: 75.231 Thread 0x0000024bf2a50800 18447       2       com.android.tools.r8.dex.m$$Lambda$1800/0x0000000100ecf840::applyAsInt (12 bytes)
Event: 75.232 Thread 0x0000024bf2a50800 nmethod 18447 0x0000024bdc827610 code [0x0000024bdc8277c0, 0x0000024bdc827928]
Event: 75.232 Thread 0x0000024bf2a50800 18448       2       com.android.tools.r8.dex.m::b (12 bytes)
Event: 75.232 Thread 0x0000024bf2a50800 nmethod 18448 0x0000024bdc828790 code [0x0000024bdc828960, 0x0000024bdc828ae8]
Event: 75.241 Thread 0x0000024bf2a50800 18449 % !   3       com.android.tools.r8.dex.m::c @ 2107 (2765 bytes)
Event: 75.275 Thread 0x0000024bf2a50800 nmethod 18449% 0x0000024bdeeeae90 code [0x0000024bdeeed8a0, 0x0000024bdef09548]
Event: 75.275 Thread 0x0000024bf2a50800 18450       2       com.android.tools.r8.internal.qr::g (11 bytes)
Event: 75.275 Thread 0x0000024bf2a50800 nmethod 18450 0x0000024bdc828310 code [0x0000024bdc8284c0, 0x0000024bdc8285f8]
Event: 75.275 Thread 0x0000024bf2a50800 18451       2       com.android.tools.r8.graph.f0$n::hashCode (9 bytes)
Event: 75.275 Thread 0x0000024bf2a50800 nmethod 18451 0x0000024bdcd15f90 code [0x0000024bdcd16140, 0x0000024bdcd16238]
Event: 75.278 Thread 0x0000024bf2a50800 18452       2       java.util.zip.Deflater::ensureOpen (47 bytes)
Event: 75.278 Thread 0x0000024bf2a50800 nmethod 18452 0x0000024bdc9cf390 code [0x0000024bdc9cf560, 0x0000024bdc9cf728]
Event: 75.278 Thread 0x0000024bf2a50800 18453       2       java.util.zip.DeflaterOutputStream::deflate (36 bytes)
Event: 75.279 Thread 0x0000024bf2a50800 nmethod 18453 0x0000024bdc9cee90 code [0x0000024bdc9cf060, 0x0000024bdc9cf1d8]
Event: 75.279 Thread 0x0000024bf2a50800 18454       2       java.util.zip.Deflater::deflate (9 bytes)
Event: 75.279 Thread 0x0000024bf2a50800 nmethod 18454 0x0000024bdc9d3090 code [0x0000024bdc9d3240, 0x0000024bdc9d3348]
Event: 75.279 Thread 0x0000024bf2a50800 18455   !   2       java.util.zip.Deflater::deflate (413 bytes)
Event: 75.280 Thread 0x0000024bf2a50800 nmethod 18455 0x0000024bdc7d1890 code [0x0000024bdc7d1ae0, 0x0000024bdc7d24c8]
Event: 75.287 Thread 0x0000024bf2a50800 18457   !   2       java.util.zip.Deflater::needsInput (55 bytes)
Event: 75.287 Thread 0x0000024bf2a50800 nmethod 18457 0x0000024bdc9d2a90 code [0x0000024bdc9d2c40, 0x0000024bdc9d2f38]

GC Heap History (20 events):
Event: 70.956 GC heap before
{Heap before GC invocations=70 (full 0):
 garbage-first heap   total 273408K, used 223302K [0x0000000080000000, 0x0000000100000000)
  region size 1024K, 103 young (105472K), 2 survivors (2048K)
 Metaspace       used 111800K, capacity 115024K, committed 115152K, reserved 1148928K
  class space    used 14107K, capacity 15311K, committed 15392K, reserved 1048576K
}
Event: 70.962 GC heap after
{Heap after GC invocations=71 (full 0):
 garbage-first heap   total 273408K, used 120220K [0x0000000080000000, 0x0000000100000000)
  region size 1024K, 3 young (3072K), 3 survivors (3072K)
 Metaspace       used 111800K, capacity 115024K, committed 115152K, reserved 1148928K
  class space    used 14107K, capacity 15311K, committed 15392K, reserved 1048576K
}
Event: 71.359 GC heap before
{Heap before GC invocations=71 (full 0):
 garbage-first heap   total 273408K, used 223644K [0x0000000080000000, 0x0000000100000000)
  region size 1024K, 104 young (106496K), 3 survivors (3072K)
 Metaspace       used 111810K, capacity 115025K, committed 115152K, reserved 1148928K
  class space    used 14107K, capacity 15311K, committed 15392K, reserved 1048576K
}
Event: 71.364 GC heap after
{Heap after GC invocations=72 (full 0):
 garbage-first heap   total 273408K, used 120793K [0x0000000080000000, 0x0000000100000000)
  region size 1024K, 3 young (3072K), 3 survivors (3072K)
 Metaspace       used 111810K, capacity 115025K, committed 115152K, reserved 1148928K
  class space    used 14107K, capacity 15311K, committed 15392K, reserved 1048576K
}
Event: 71.766 GC heap before
{Heap before GC invocations=72 (full 0):
 garbage-first heap   total 273408K, used 226265K [0x0000000080000000, 0x0000000100000000)
  region size 1024K, 106 young (108544K), 3 survivors (3072K)
 Metaspace       used 111810K, capacity 115025K, committed 115152K, reserved 1148928K
  class space    used 14107K, capacity 15311K, committed 15392K, reserved 1048576K
}
Event: 71.774 GC heap after
{Heap after GC invocations=73 (full 0):
 garbage-first heap   total 273408K, used 120848K [0x0000000080000000, 0x0000000100000000)
  region size 1024K, 3 young (3072K), 3 survivors (3072K)
 Metaspace       used 111810K, capacity 115025K, committed 115152K, reserved 1148928K
  class space    used 14107K, capacity 15311K, committed 15392K, reserved 1048576K
}
Event: 72.143 GC heap before
{Heap before GC invocations=73 (full 0):
 garbage-first heap   total 273408K, used 228368K [0x0000000080000000, 0x0000000100000000)
  region size 1024K, 108 young (110592K), 3 survivors (3072K)
 Metaspace       used 111831K, capacity 115103K, committed 115408K, reserved 1148928K
  class space    used 14110K, capacity 15316K, committed 15392K, reserved 1048576K
}
Event: 72.149 GC heap after
{Heap after GC invocations=74 (full 0):
 garbage-first heap   total 273408K, used 120877K [0x0000000080000000, 0x0000000100000000)
  region size 1024K, 3 young (3072K), 3 survivors (3072K)
 Metaspace       used 111831K, capacity 115103K, committed 115408K, reserved 1148928K
  class space    used 14110K, capacity 15316K, committed 15392K, reserved 1048576K
}
Event: 72.512 GC heap before
{Heap before GC invocations=74 (full 0):
 garbage-first heap   total 273408K, used 229421K [0x0000000080000000, 0x0000000100000000)
  region size 1024K, 109 young (111616K), 3 survivors (3072K)
 Metaspace       used 111843K, capacity 115104K, committed 115408K, reserved 1148928K
  class space    used 14110K, capacity 15316K, committed 15392K, reserved 1048576K
}
Event: 72.517 GC heap after
{Heap after GC invocations=75 (full 0):
 garbage-first heap   total 273408K, used 121263K [0x0000000080000000, 0x0000000100000000)
  region size 1024K, 4 young (4096K), 4 survivors (4096K)
 Metaspace       used 111843K, capacity 115104K, committed 115408K, reserved 1148928K
  class space    used 14110K, capacity 15316K, committed 15392K, reserved 1048576K
}
Event: 72.914 GC heap before
{Heap before GC invocations=75 (full 0):
 garbage-first heap   total 273408K, used 229807K [0x0000000080000000, 0x0000000100000000)
  region size 1024K, 110 young (112640K), 4 survivors (4096K)
 Metaspace       used 111853K, capacity 115107K, committed 115408K, reserved 1148928K
  class space    used 14111K, capacity 15317K, committed 15392K, reserved 1048576K
}
Event: 72.921 GC heap after
{Heap after GC invocations=76 (full 0):
 garbage-first heap   total 273408K, used 122751K [0x0000000080000000, 0x0000000100000000)
  region size 1024K, 5 young (5120K), 5 survivors (5120K)
 Metaspace       used 111853K, capacity 115107K, committed 115408K, reserved 1148928K
  class space    used 14111K, capacity 15317K, committed 15392K, reserved 1048576K
}
Event: 73.337 GC heap before
{Heap before GC invocations=76 (full 0):
 garbage-first heap   total 273408K, used 231295K [0x0000000080000000, 0x0000000100000000)
  region size 1024K, 111 young (113664K), 5 survivors (5120K)
 Metaspace       used 111855K, capacity 115107K, committed 115408K, reserved 1148928K
  class space    used 14111K, capacity 15317K, committed 15392K, reserved 1048576K
}
Event: 73.347 GC heap after
{Heap after GC invocations=77 (full 0):
 garbage-first heap   total 273408K, used 121617K [0x0000000080000000, 0x0000000100000000)
  region size 1024K, 4 young (4096K), 4 survivors (4096K)
 Metaspace       used 111855K, capacity 115107K, committed 115408K, reserved 1148928K
  class space    used 14111K, capacity 15317K, committed 15392K, reserved 1048576K
}
Event: 73.782 GC heap before
{Heap before GC invocations=77 (full 0):
 garbage-first heap   total 273408K, used 232209K [0x0000000080000000, 0x0000000100000000)
  region size 1024K, 112 young (114688K), 4 survivors (4096K)
 Metaspace       used 111857K, capacity 115107K, committed 115408K, reserved 1148928K
  class space    used 14111K, capacity 15317K, committed 15392K, reserved 1048576K
}
Event: 73.789 GC heap after
{Heap after GC invocations=78 (full 0):
 garbage-first heap   total 273408K, used 122386K [0x0000000080000000, 0x0000000100000000)
  region size 1024K, 5 young (5120K), 5 survivors (5120K)
 Metaspace       used 111857K, capacity 115107K, committed 115408K, reserved 1148928K
  class space    used 14111K, capacity 15317K, committed 15392K, reserved 1048576K
}
Event: 74.169 GC heap before
{Heap before GC invocations=78 (full 0):
 garbage-first heap   total 273408K, used 234002K [0x0000000080000000, 0x0000000100000000)
  region size 1024K, 114 young (116736K), 5 survivors (5120K)
 Metaspace       used 111860K, capacity 115107K, committed 115408K, reserved 1148928K
  class space    used 14111K, capacity 15317K, committed 15392K, reserved 1048576K
}
Event: 74.181 GC heap after
{Heap after GC invocations=79 (full 0):
 garbage-first heap   total 273408K, used 122005K [0x0000000080000000, 0x0000000100000000)
  region size 1024K, 4 young (4096K), 4 survivors (4096K)
 Metaspace       used 111860K, capacity 115107K, committed 115408K, reserved 1148928K
  class space    used 14111K, capacity 15317K, committed 15392K, reserved 1048576K
}
Event: 74.679 GC heap before
{Heap before GC invocations=79 (full 0):
 garbage-first heap   total 273408K, used 237717K [0x0000000080000000, 0x0000000100000000)
  region size 1024K, 117 young (119808K), 4 survivors (4096K)
 Metaspace       used 111871K, capacity 115114K, committed 115408K, reserved 1148928K
  class space    used 14112K, capacity 15319K, committed 15392K, reserved 1048576K
}
Event: 74.686 GC heap after
{Heap after GC invocations=80 (full 0):
 garbage-first heap   total 273408K, used 122934K [0x0000000080000000, 0x0000000100000000)
  region size 1024K, 5 young (5120K), 5 survivors (5120K)
 Metaspace       used 111871K, capacity 115114K, committed 115408K, reserved 1148928K
  class space    used 14112K, capacity 15319K, committed 15392K, reserved 1048576K
}

Deoptimization events (20 events):
Event: 74.823 Thread 0x0000024bf3a37000 DEOPT PACKING pc=0x0000024bddfd5bf1 sp=0x00000066d8efbe30
Event: 74.823 Thread 0x0000024bf3a37000 DEOPT UNPACKING pc=0x0000024bdc1fa95e sp=0x00000066d8efb440 mode 0
Event: 74.892 Thread 0x0000024bf3a37000 DEOPT PACKING pc=0x0000024bdece3c15 sp=0x00000066d8efcef0
Event: 74.892 Thread 0x0000024bf3a37000 DEOPT UNPACKING pc=0x0000024bdc1fa95e sp=0x00000066d8efc3b0 mode 0
Event: 74.893 Thread 0x0000024bf3a37000 DEOPT PACKING pc=0x0000024bdece3c15 sp=0x00000066d8efcef0
Event: 74.893 Thread 0x0000024bf3a37000 DEOPT UNPACKING pc=0x0000024bdc1fa95e sp=0x00000066d8efc3b0 mode 0
Event: 74.972 Thread 0x0000024bf3a37000 DEOPT PACKING pc=0x0000024bdeb41d38 sp=0x00000066d8efd2f0
Event: 74.972 Thread 0x0000024bf3a37000 DEOPT UNPACKING pc=0x0000024bdc1fa95e sp=0x00000066d8efc800 mode 0
Event: 75.064 Thread 0x0000024bf3a37000 DEOPT PACKING pc=0x0000024bddd91210 sp=0x00000066d8efcaf0
Event: 75.064 Thread 0x0000024bf3a37000 DEOPT UNPACKING pc=0x0000024bdc1fa95e sp=0x00000066d8efc028 mode 0
Event: 75.170 Thread 0x0000024bf3a37000 DEOPT PACKING pc=0x0000024bdec0ee8b sp=0x00000066d8efc9a0
Event: 75.170 Thread 0x0000024bf3a37000 DEOPT UNPACKING pc=0x0000024bdc1fa95e sp=0x00000066d8efbe78 mode 0
Event: 75.176 Thread 0x0000024bf3a37000 DEOPT PACKING pc=0x0000024bdec0ee8b sp=0x00000066d8efc9a0
Event: 75.176 Thread 0x0000024bf3a37000 DEOPT UNPACKING pc=0x0000024bdc1fa95e sp=0x00000066d8efbe78 mode 0
Event: 75.180 Thread 0x0000024bf3a37000 DEOPT PACKING pc=0x0000024bdec0ee8b sp=0x00000066d8efc9a0
Event: 75.180 Thread 0x0000024bf3a37000 DEOPT UNPACKING pc=0x0000024bdc1fa95e sp=0x00000066d8efbe78 mode 0
Event: 75.184 Thread 0x0000024bf3a37000 DEOPT PACKING pc=0x0000024bdec0ee8b sp=0x00000066d8efc9a0
Event: 75.184 Thread 0x0000024bf3a37000 DEOPT UNPACKING pc=0x0000024bdc1fa95e sp=0x00000066d8efbe78 mode 0
Event: 75.188 Thread 0x0000024bf3a37000 DEOPT PACKING pc=0x0000024bdec0ee8b sp=0x00000066d8efc9a0
Event: 75.188 Thread 0x0000024bf3a37000 DEOPT UNPACKING pc=0x0000024bdc1fa95e sp=0x00000066d8efbe78 mode 0

Classes redefined (0 events):
No events

Internal exceptions (20 events):
Event: 64.689 Thread 0x0000024bf3a38000 Exception <a 'sun/nio/fs/WindowsException'{0x000000009030e4e8}> (0x000000009030e4e8) thrown at [./src/hotspot/share/prims/jni.cpp, line 616]
Event: 64.724 Thread 0x0000024bf3a39000 Exception <a 'sun/nio/fs/WindowsException'{0x000000008f5909c0}> (0x000000008f5909c0) thrown at [./src/hotspot/share/prims/jni.cpp, line 616]
Event: 64.727 Thread 0x0000024bf3a38000 Exception <a 'sun/nio/fs/WindowsException'{0x00000000903183f0}> (0x00000000903183f0) thrown at [./src/hotspot/share/prims/jni.cpp, line 616]
Event: 64.744 Thread 0x0000024bf3a39000 Exception <a 'sun/nio/fs/WindowsException'{0x000000008f5984c0}> (0x000000008f5984c0) thrown at [./src/hotspot/share/prims/jni.cpp, line 616]
Event: 64.757 Thread 0x0000024bf3a38000 Exception <a 'sun/nio/fs/WindowsException'{0x000000008ef477f8}> (0x000000008ef477f8) thrown at [./src/hotspot/share/prims/jni.cpp, line 616]
Event: 64.834 Thread 0x0000024bf3a39000 Exception <a 'sun/nio/fs/WindowsException'{0x000000008e801460}> (0x000000008e801460) thrown at [./src/hotspot/share/prims/jni.cpp, line 616]
Event: 64.906 Thread 0x0000024bf3a38000 Exception <a 'sun/nio/fs/WindowsException'{0x000000008ef4fc00}> (0x000000008ef4fc00) thrown at [./src/hotspot/share/prims/jni.cpp, line 616]
Event: 64.964 Thread 0x0000024bf3a39000 Exception <a 'sun/nio/fs/WindowsException'{0x000000008e812748}> (0x000000008e812748) thrown at [./src/hotspot/share/prims/jni.cpp, line 616]
Event: 64.989 Thread 0x0000024bf3a38000 Exception <a 'sun/nio/fs/WindowsException'{0x000000008d501138}> (0x000000008d501138) thrown at [./src/hotspot/share/prims/jni.cpp, line 616]
Event: 64.991 Thread 0x0000024bf3a38000 Exception <a 'sun/nio/fs/WindowsException'{0x000000008d509580}> (0x000000008d509580) thrown at [./src/hotspot/share/prims/jni.cpp, line 616]
Event: 64.993 Thread 0x0000024bf3a39000 Exception <a 'sun/nio/fs/WindowsException'{0x000000008e81f040}> (0x000000008e81f040) thrown at [./src/hotspot/share/prims/jni.cpp, line 616]
Event: 65.001 Thread 0x0000024bf3a39000 Exception <a 'sun/nio/fs/WindowsException'{0x000000008d4cf540}> (0x000000008d4cf540) thrown at [./src/hotspot/share/prims/jni.cpp, line 616]
Event: 65.057 Thread 0x0000024bf3a39000 Exception <a 'sun/nio/fs/WindowsException'{0x000000008d4d8988}> (0x000000008d4d8988) thrown at [./src/hotspot/share/prims/jni.cpp, line 616]
Event: 65.064 Thread 0x0000024bf3a39000 Exception <a 'sun/nio/fs/WindowsException'{0x000000008d4e6380}> (0x000000008d4e6380) thrown at [./src/hotspot/share/prims/jni.cpp, line 616]
Event: 65.069 Thread 0x0000024bf3a39000 Exception <a 'sun/nio/fs/WindowsException'{0x000000008c98dce0}> (0x000000008c98dce0) thrown at [./src/hotspot/share/prims/jni.cpp, line 616]
Event: 65.186 Thread 0x0000024bf3a35800 Exception <a 'java/lang/NoSuchMethodError'{0x000000008c0a1de8}: <clinit>> (0x000000008c0a1de8) thrown at [./src/hotspot/share/prims/jni.cpp, line 1366]
Event: 65.248 Thread 0x0000024bf3a38000 Exception <a 'sun/nio/fs/WindowsException'{0x000000008bc1d248}> (0x000000008bc1d248) thrown at [./src/hotspot/share/prims/jni.cpp, line 616]
Event: 65.434 Thread 0x0000024bf3a39000 Exception <a 'sun/nio/fs/WindowsException'{0x00000000906be8b0}> (0x00000000906be8b0) thrown at [./src/hotspot/share/prims/jni.cpp, line 616]
Event: 65.726 Thread 0x0000024bf3a39000 Exception <a 'sun/nio/fs/WindowsException'{0x000000008e9f1df0}> (0x000000008e9f1df0) thrown at [./src/hotspot/share/prims/jni.cpp, line 616]
Event: 65.945 Thread 0x0000024bf3a38000 Exception <a 'sun/nio/fs/WindowsException'{0x0000000090a9e8e0}> (0x0000000090a9e8e0) thrown at [./src/hotspot/share/prims/jni.cpp, line 616]

Events (20 events):
Event: 74.874 loading class com/android/tools/r8/graph/o0
Event: 74.874 loading class com/android/tools/r8/graph/o0 done
Event: 74.875 loading class com/android/tools/r8/graph/j0$h
Event: 74.875 loading class com/android/tools/r8/graph/j0$h done
Event: 74.875 loading class com/android/tools/r8/graph/j0$h
Event: 74.875 loading class com/android/tools/r8/graph/j0$h done
Event: 74.875 loading class com/android/tools/r8/graph/o0
Event: 74.875 loading class com/android/tools/r8/graph/o0 done
Event: 74.876 loading class com/android/tools/r8/graph/j0$g
Event: 74.876 loading class com/android/tools/r8/graph/j0$g done
Event: 74.876 loading class com/android/tools/r8/graph/j0$g
Event: 74.876 loading class com/android/tools/r8/graph/j0$g done
Event: 74.876 loading class com/android/tools/r8/graph/o0
Event: 74.876 loading class com/android/tools/r8/graph/o0 done
Event: 75.165 Executing VM operation: ICBufferFull
Event: 75.165 Executing VM operation: ICBufferFull done
Event: 75.218 loading class com/android/tools/r8/internal/qr
Event: 75.218 loading class com/android/tools/r8/internal/qr done
Event: 75.343 loading class com/android/tools/r8/utils/StringDiagnostic
Event: 75.343 loading class com/android/tools/r8/utils/StringDiagnostic done


Dynamic libraries:
0x00007ff7614c0000 - 0x00007ff7614ca000 	E:\Programs\Android Studio\jre\bin\java.exe
0x00007ffa66010000 - 0x00007ffa66208000 	C:\Windows\SYSTEM32\ntdll.dll
0x00007ffa39e20000 - 0x00007ffa39e37000 	C:\Program Files\Avast Software\Avast\aswhook.dll
0x00007ffa65640000 - 0x00007ffa656fd000 	C:\Windows\System32\KERNEL32.DLL
0x00007ffa63b30000 - 0x00007ffa63e02000 	C:\Windows\System32\KERNELBASE.dll
0x00007ffa63e40000 - 0x00007ffa63f40000 	C:\Windows\System32\ucrtbase.dll
0x00007ffa48aa0000 - 0x00007ffa48ab9000 	E:\Programs\Android Studio\jre\bin\jli.dll
0x00007ffa64b90000 - 0x00007ffa64d2d000 	C:\Windows\System32\USER32.dll
0x00007ffa63e10000 - 0x00007ffa63e32000 	C:\Windows\System32\win32u.dll
0x00007ffa64e70000 - 0x00007ffa64e9b000 	C:\Windows\System32\GDI32.dll
0x00007ffa63720000 - 0x00007ffa6382f000 	C:\Windows\System32\gdi32full.dll
0x00007ffa63a90000 - 0x00007ffa63b2d000 	C:\Windows\System32\msvcp_win.dll
0x00007ffa47e80000 - 0x00007ffa47e97000 	E:\Programs\Android Studio\jre\bin\VCRUNTIME140.dll
0x00007ffa4fd70000 - 0x00007ffa5000a000 	C:\Windows\WinSxS\amd64_microsoft.windows.common-controls_6595b64144ccf1df_6.0.19041.1110_none_60b5254171f9507e\COMCTL32.dll
0x00007ffa64ea0000 - 0x00007ffa64f3e000 	C:\Windows\System32\msvcrt.dll
0x00007ffa65b70000 - 0x00007ffa65ba0000 	C:\Windows\System32\IMM32.DLL
0x00007ffa29e10000 - 0x00007ffa29ead000 	E:\Programs\Android Studio\jre\bin\msvcp140.dll
0x00007ff9e5410000 - 0x00007ff9e5f12000 	E:\Programs\Android Studio\jre\bin\server\jvm.dll
0x00007ffa651b0000 - 0x00007ffa6525e000 	C:\Windows\System32\ADVAPI32.dll
0x00007ffa65bb0000 - 0x00007ffa65c4c000 	C:\Windows\System32\sechost.dll
0x00007ffa65270000 - 0x00007ffa65395000 	C:\Windows\System32\RPCRT4.dll
0x00007ffa651a0000 - 0x00007ffa651a8000 	C:\Windows\System32\PSAPI.DLL
0x00007ffa4ec00000 - 0x00007ffa4ec09000 	C:\Windows\SYSTEM32\WSOCK32.dll
0x00007ffa65130000 - 0x00007ffa6519b000 	C:\Windows\System32\WS2_32.dll
0x00007ffa501c0000 - 0x00007ffa501e7000 	C:\Windows\SYSTEM32\WINMM.dll
0x00007ffa5d830000 - 0x00007ffa5d83a000 	C:\Windows\SYSTEM32\VERSION.dll
0x00007ffa615e0000 - 0x00007ffa615f2000 	C:\Windows\SYSTEM32\kernel.appcore.dll
0x00007ffa5f540000 - 0x00007ffa5f551000 	E:\Programs\Android Studio\jre\bin\verify.dll
0x00007ffa54670000 - 0x00007ffa54854000 	C:\Windows\SYSTEM32\DBGHELP.DLL
0x00007ffa544e0000 - 0x00007ffa5450c000 	C:\Windows\SYSTEM32\dbgcore.DLL
0x00007ffa63f70000 - 0x00007ffa63ff2000 	C:\Windows\System32\bcryptPrimitives.dll
0x00007ffa5f4d0000 - 0x00007ffa5f4f9000 	E:\Programs\Android Studio\jre\bin\java.dll
0x00007ffa5f530000 - 0x00007ffa5f53b000 	E:\Programs\Android Studio\jre\bin\jimage.dll
0x00007ffa5b980000 - 0x00007ffa5b998000 	E:\Programs\Android Studio\jre\bin\zip.dll
0x00007ffa641a0000 - 0x00007ffa648e3000 	C:\Windows\System32\SHELL32.dll
0x00007ffa617e0000 - 0x00007ffa61f71000 	C:\Windows\SYSTEM32\windows.storage.dll
0x00007ffa65c70000 - 0x00007ffa65fc4000 	C:\Windows\System32\combase.dll
0x00007ffa63180000 - 0x00007ffa631b0000 	C:\Windows\SYSTEM32\Wldp.dll
0x00007ffa64070000 - 0x00007ffa6411d000 	C:\Windows\System32\SHCORE.dll
0x00007ffa64980000 - 0x00007ffa649d5000 	C:\Windows\System32\shlwapi.dll
0x00007ffa63660000 - 0x00007ffa6367f000 	C:\Windows\SYSTEM32\profapi.dll
0x00007ffa4aec0000 - 0x00007ffa4aeda000 	E:\Programs\Android Studio\jre\bin\net.dll
0x00007ffa52030000 - 0x00007ffa5213d000 	C:\Windows\SYSTEM32\WINHTTP.dll
0x00007ffa62ee0000 - 0x00007ffa62f4a000 	C:\Windows\system32\mswsock.dll
0x00007ffa4aea0000 - 0x00007ffa4aeb4000 	E:\Programs\Android Studio\jre\bin\nio.dll
0x00007ffa5f5e0000 - 0x00007ffa5f607000 	C:\Users\a0587\.gradle\native\8bec1ad78214c89d9ad589b4d07fe93259594b29d510b10fafb7a158f7737e5d\windows-amd64\native-platform.dll
0x00007ffa49620000 - 0x00007ffa4975d000 	C:\Users\a0587\.gradle\native\53dbd7edfb1c66fb8903c78663c9afc45aea4f116125fa6feffd364cf09443e8\windows-amd64\native-platform-file-events.dll
0x00007ffa5f520000 - 0x00007ffa5f52a000 	E:\Programs\Android Studio\jre\bin\management.dll
0x00007ffa5f240000 - 0x00007ffa5f24d000 	E:\Programs\Android Studio\jre\bin\management_ext.dll
0x00007ffa630d0000 - 0x00007ffa630e8000 	C:\Windows\SYSTEM32\CRYPTSP.dll
0x00007ffa62790000 - 0x00007ffa627c4000 	C:\Windows\system32\rsaenh.dll
0x00007ffa63f40000 - 0x00007ffa63f67000 	C:\Windows\System32\bcrypt.dll
0x00007ffa63620000 - 0x00007ffa6364e000 	C:\Windows\SYSTEM32\USERENV.dll
0x00007ffa630f0000 - 0x00007ffa630fc000 	C:\Windows\SYSTEM32\CRYPTBASE.dll
0x00007ffa62b80000 - 0x00007ffa62bbb000 	C:\Windows\SYSTEM32\IPHLPAPI.DLL
0x00007ffa65ba0000 - 0x00007ffa65ba8000 	C:\Windows\System32\NSI.dll
0x00007ffa58740000 - 0x00007ffa58757000 	C:\Windows\SYSTEM32\dhcpcsvc6.DLL
0x00007ffa59880000 - 0x00007ffa5989d000 	C:\Windows\SYSTEM32\dhcpcsvc.DLL
0x00007ffa62bd0000 - 0x00007ffa62c9a000 	C:\Windows\SYSTEM32\DNSAPI.dll

dbghelp: loaded successfully - version: 4.0.5 - missing functions: none
symbol engine: initialized successfully - sym options: 0x614 - pdb path: .;E:\Programs\Android Studio\jre\bin;C:\Windows\SYSTEM32;C:\Program Files\Avast Software\Avast;C:\Windows\WinSxS\amd64_microsoft.windows.common-controls_6595b64144ccf1df_6.0.19041.1110_none_60b5254171f9507e;E:\Programs\Android Studio\jre\bin\server;C:\Users\a0587\.gradle\native\8bec1ad78214c89d9ad589b4d07fe93259594b29d510b10fafb7a158f7737e5d\windows-amd64;C:\Users\a0587\.gradle\native\53dbd7edfb1c66fb8903c78663c9afc45aea4f116125fa6feffd364cf09443e8\windows-amd64

VM Arguments:
jvm_args: --add-opens=java.base/java.util=ALL-UNNAMED --add-opens=java.base/java.lang=ALL-UNNAMED --add-opens=java.base/java.lang.invoke=ALL-UNNAMED --add-opens=java.base/java.util=ALL-UNNAMED --add-opens=java.prefs/java.util.prefs=ALL-UNNAMED --add-opens=java.prefs/java.util.prefs=ALL-UNNAMED --add-opens=java.base/java.nio.charset=ALL-UNNAMED --add-opens=java.base/java.net=ALL-UNNAMED --add-opens=java.base/java.util.concurrent.atomic=ALL-UNNAMED -Xmx2048m -Dfile.encoding=UTF-8 -Duser.country=TW -Duser.language=zh -Duser.variant 
java_command: org.gradle.launcher.daemon.bootstrap.GradleDaemon 7.0.2
java_class_path (initial): C:\Users\a0587\.gradle\wrapper\dists\gradle-7.0.2-bin\857tjihv64xamwrf0h14cai3r\gradle-7.0.2\lib\gradle-launcher-7.0.2.jar
Launcher Type: SUN_STANDARD

[Global flags]
     intx CICompilerCount                          = 3                                         {product} {ergonomic}
     uint ConcGCThreads                            = 1                                         {product} {ergonomic}
     uint G1ConcRefinementThreads                  = 4                                         {product} {ergonomic}
   size_t G1HeapRegionSize                         = 1048576                                   {product} {ergonomic}
    uintx GCDrainStackTargetSize                   = 64                                        {product} {ergonomic}
   size_t InitialHeapSize                          = 134217728                                 {product} {ergonomic}
   size_t MarkStackSize                            = 4194304                                   {product} {ergonomic}
   size_t MaxHeapSize                              = 2147483648                                {product} {command line}
   size_t MaxNewSize                               = 1287651328                                {product} {ergonomic}
   size_t MinHeapDeltaBytes                        = 1048576                                   {product} {ergonomic}
    uintx NonNMethodCodeHeapSize                   = 5830732                                {pd product} {ergonomic}
    uintx NonProfiledCodeHeapSize                  = 122913754                              {pd product} {ergonomic}
    uintx ProfiledCodeHeapSize                     = 122913754                              {pd product} {ergonomic}
    uintx ReservedCodeCacheSize                    = 251658240                              {pd product} {ergonomic}
     bool SegmentedCodeCache                       = true                                      {product} {ergonomic}
     bool UseCompressedClassPointers               = true                                 {lp64_product} {ergonomic}
     bool UseCompressedOops                        = true                                 {lp64_product} {ergonomic}
     bool UseG1GC                                  = true                                      {product} {ergonomic}
     bool UseLargePagesIndividualAllocation        = false                                  {pd product} {ergonomic}

Logging:
Log output configuration:
 #0: stdout all=warning uptime,level,tags
 #1: stderr all=off uptime,level,tags

Environment Variables:
PATH=C:\Windows\system32;C:\Windows;C:\Windows\System32\Wbem;C:\Windows\System32\WindowsPowerShell\v1.0\;C:\Windows\System32\OpenSSH\;C:\Program Files\PuTTY\;E:\Programs\Anaconda;E:\Programs\Anaconda\Library\mingw-w64\bin;E:\Programs\Anaconda\Library\usr\bin;E:\Programs\Anaconda\Library\bin;E:\Programs\Anaconda\Scripts;C:\Users\a0587\AppData\Local\Microsoft\WindowsApps;E:\Programs\Microsoft VS Code\bin
USERNAME=Billy
OS=Windows_NT
PROCESSOR_IDENTIFIER=Intel64 Family 6 Model 142 Stepping 9, GenuineIntel



---------------  S Y S T E M  ---------------

OS: Windows 10 , 64 bit Build 19041 (10.0.19041.1889)
OS uptime: 0 days 22:00 hours

CPU:total 4 (initial active 4) (2 cores per cpu, 2 threads per core) family 6 model 142 stepping 9 microcode 0xb4, cmov, cx8, fxsr, mmx, sse, sse2, sse3, ssse3, sse4.1, sse4.2, popcnt, avx, avx2, aes, clmul, erms, 3dnowpref, lzcnt, ht, tsc, tscinvbit, bmi1, bmi2, adx, fma

Memory: 4k page, system-wide physical 8073M (659M free)
TotalPageFile size 8073M (AvailPageFile size 6M)
current process WorkingSet (physical memory assigned to process): 630M, peak: 636M
current process commit charge ("private bytes"): 656M, peak: 663M

vm_info: OpenJDK 64-Bit Server VM (11.0.13+0-b1751.21-8125866) for windows-amd64 JRE (11.0.13+0-b1751.21-8125866), built on Feb  2 2022 03:00:22 by "builder" with MS VC++ 14.0 (VS2015)

END.
