#
# There is insufficient memory for the Java Runtime Environment to continue.
# Native memory allocation (malloc) failed to allocate 1052336 bytes for Chunk::new
# Possible reasons:
#   The system is out of physical RAM or swap space
#   The process is running with CompressedOops enabled, and the Java Heap may be blocking the growth of the native heap
# Possible solutions:
#   Reduce memory load on the system
#   Increase physical memory or swap space
#   Check if swap backing store is full
#   Decrease Java heap size (-Xmx/-Xms)
#   Decrease number of Java threads
#   Decrease Java thread stack sizes (-Xss)
#   Set larger code cache with -XX:ReservedCodeCacheSize=
#   JVM is running with Unscaled Compressed Oops mode in which the Java heap is
#     placed in the first 4GB address space. The Java Heap base address is the
#     maximum limit for the native heap growth. Please use -XX:HeapBaseMinAddress
#     to set the Java Heap base and to place the Java Heap above 4GB virtual address.
# This output file may be truncated or incomplete.
#
#  Out of Memory Error (./src/hotspot/share/memory/arena.cpp:197), pid=14452, tid=2016
#
# JRE version: OpenJDK Runtime Environment (11.0.13) (build 11.0.13+0-b1751.21-8125866)
# Java VM: OpenJDK 64-Bit Server VM (11.0.13+0-b1751.21-8125866, mixed mode, tiered, compressed oops, g1 gc, windows-amd64)
# No core dump will be written. Minidumps are not enabled by default on client versions of Windows
#

---------------  S U M M A R Y ------------

Command Line: --add-opens=java.base/java.util=ALL-UNNAMED --add-opens=java.base/java.lang=ALL-UNNAMED --add-opens=java.base/java.lang.invoke=ALL-UNNAMED --add-opens=java.base/java.util=ALL-UNNAMED --add-opens=java.prefs/java.util.prefs=ALL-UNNAMED --add-opens=java.prefs/java.util.prefs=ALL-UNNAMED --add-opens=java.base/java.nio.charset=ALL-UNNAMED --add-opens=java.base/java.net=ALL-UNNAMED --add-opens=java.base/java.util.concurrent.atomic=ALL-UNNAMED -Xmx2048m -Dfile.encoding=UTF-8 -Duser.country=TW -Duser.language=zh -Duser.variant org.gradle.launcher.daemon.bootstrap.GradleDaemon 7.0.2

Host: Intel(R) Core(TM) i5-7200U CPU @ 2.50GHz, 4 cores, 7G,  Windows 10 , 64 bit Build 19041 (10.0.19041.2251)
Time: Sat Dec  3 21:45:46 2022 台北標準時間 elapsed time: 13255.891161 seconds (0d 3h 40m 55s)

---------------  T H R E A D  ---------------

Current thread (0x000001f239a75000):  JavaThread "C2 CompilerThread1" daemon [_thread_in_native, id=2016, stack(0x0000009978a00000,0x0000009978b00000)]


Current CompileTask:
C2:13255891 27846       4       com.android.tools.r8.internal.F7::p (1053 bytes)

Stack: [0x0000009978a00000,0x0000009978b00000]
Native frames: (J=compiled Java code, j=interpreted, Vv=VM code, C=native code)
V  [jvm.dll+0x6100fa]
V  [jvm.dll+0x747090]
V  [jvm.dll+0x7486ad]
V  [jvm.dll+0x748d83]
V  [jvm.dll+0x24ab48]
V  [jvm.dll+0xc04dc]
V  [jvm.dll+0xc0a0c]
V  [jvm.dll+0x2bfab4]
V  [jvm.dll+0x524238]
V  [jvm.dll+0x204a21]
V  [jvm.dll+0x2023c2]
V  [jvm.dll+0x188e01]
V  [jvm.dll+0x21106b]
V  [jvm.dll+0x20f8c1]
V  [jvm.dll+0x70de0f]
V  [jvm.dll+0x706a75]
V  [jvm.dll+0x60ed66]
C  [ucrtbase.dll+0x21bb2]
C  [KERNEL32.DLL+0x174b4]
C  [ntdll.dll+0x526a1]


---------------  P R O C E S S  ---------------

Threads class SMR info:
_java_thread_list=0x000001f235ba4cd0, length=59, elements={
0x000001f219f5f000, 0x000001f233b6a000, 0x000001f233b6b800, 0x000001f233b98800,
0x000001f233b99800, 0x000001f233b9b800, 0x000001f233ba5000, 0x000001f233bac000,
0x000001f233bad800, 0x000001f23455e000, 0x000001f236930800, 0x000001f236d17000,
0x000001f236a52800, 0x000001f2358a4000, 0x000001f2358a2800, 0x000001f2358a1800,
0x000001f2358a5000, 0x000001f2358a8000, 0x000001f23822f800, 0x000001f23822b800,
0x000001f23822c800, 0x000001f23822a800, 0x000001f238231000, 0x000001f23822e800,
0x000001f238237000, 0x000001f23bd45800, 0x000001f23bd4e800, 0x000001f234740000,
0x000001f234732000, 0x000001f234738800, 0x000001f23bd4b800, 0x000001f23bd47800,
0x000001f23bd46800, 0x000001f23bd48000, 0x000001f23bd49000, 0x000001f23bd43000,
0x000001f23bd44000, 0x000001f23bd4d000, 0x000001f23bd4a800, 0x000001f23bd4f800,
0x000001f23bd49800, 0x000001f23bd50000, 0x000001f239a75000, 0x000001f23bd4e000,
0x000001f23bd51000, 0x000001f23bd52000, 0x000001f234733000, 0x000001f234736000,
0x000001f234738000, 0x000001f234739800, 0x000001f234733800, 0x000001f234735800,
0x000001f23473c800, 0x000001f234737000, 0x000001f23473b000, 0x000001f23473a000,
0x000001f23473d800, 0x000001f234741000, 0x000001f23473e800
}

Java Threads: ( => current thread )
  0x000001f219f5f000 JavaThread "main" [_thread_blocked, id=10228, stack(0x0000009976400000,0x0000009976500000)]
  0x000001f233b6a000 JavaThread "Reference Handler" daemon [_thread_blocked, id=10136, stack(0x0000009976b00000,0x0000009976c00000)]
  0x000001f233b6b800 JavaThread "Finalizer" daemon [_thread_blocked, id=1720, stack(0x0000009976c00000,0x0000009976d00000)]
  0x000001f233b98800 JavaThread "Signal Dispatcher" daemon [_thread_blocked, id=7528, stack(0x0000009976d00000,0x0000009976e00000)]
  0x000001f233b99800 JavaThread "Attach Listener" daemon [_thread_blocked, id=4548, stack(0x0000009976e00000,0x0000009976f00000)]
  0x000001f233b9b800 JavaThread "Service Thread" daemon [_thread_blocked, id=13132, stack(0x0000009976f00000,0x0000009977000000)]
  0x000001f233ba5000 JavaThread "C2 CompilerThread0" daemon [_thread_in_native, id=7268, stack(0x0000009977000000,0x0000009977100000)]
  0x000001f233bac000 JavaThread "C1 CompilerThread0" daemon [_thread_in_native, id=9888, stack(0x0000009977100000,0x0000009977200000)]
  0x000001f233bad800 JavaThread "Sweeper thread" daemon [_thread_blocked, id=9464, stack(0x0000009977200000,0x0000009977300000)]
  0x000001f23455e000 JavaThread "Common-Cleaner" daemon [_thread_blocked, id=3604, stack(0x0000009977300000,0x0000009977400000)]
  0x000001f236930800 JavaThread "Daemon health stats" [_thread_blocked, id=2576, stack(0x0000009977800000,0x0000009977900000)]
  0x000001f236d17000 JavaThread "Incoming local TCP Connector on port 53520" [_thread_in_native, id=14364, stack(0x0000009977500000,0x0000009977600000)]
  0x000001f236a52800 JavaThread "Daemon periodic checks" [_thread_blocked, id=2040, stack(0x0000009977900000,0x0000009977a00000)]
  0x000001f2358a4000 JavaThread "Cache worker for file hash cache (C:\Users\a0587\.gradle\caches\7.0.2\fileHashes)" [_thread_blocked, id=2320, stack(0x0000009978300000,0x0000009978400000)]
  0x000001f2358a2800 JavaThread "File lock request listener" [_thread_in_native, id=14256, stack(0x0000009978400000,0x0000009978500000)]
  0x000001f2358a1800 JavaThread "Cache worker for journal cache (C:\Users\a0587\.gradle\caches\journal-1)" [_thread_blocked, id=1880, stack(0x0000009978500000,0x0000009978600000)]
  0x000001f2358a5000 JavaThread "File watcher server" daemon [_thread_in_native, id=6544, stack(0x0000009978700000,0x0000009978800000)]
  0x000001f2358a8000 JavaThread "File watcher consumer" daemon [_thread_blocked, id=9344, stack(0x0000009978800000,0x0000009978900000)]
  0x000001f23822f800 JavaThread "Cache worker for execution history cache (C:\Users\a0587\.gradle\caches\7.0.2\executionHistory)" [_thread_blocked, id=5416, stack(0x0000009978c00000,0x0000009978d00000)]
  0x000001f23822b800 JavaThread "jar transforms" [_thread_blocked, id=12132, stack(0x0000009978d00000,0x0000009978e00000)]
  0x000001f23822c800 JavaThread "jar transforms Thread 2" [_thread_blocked, id=14704, stack(0x0000009978e00000,0x0000009978f00000)]
  0x000001f23822a800 JavaThread "Cache worker for file content cache (C:\Users\a0587\.gradle\caches\7.0.2\fileContent)" [_thread_blocked, id=12376, stack(0x0000009978f00000,0x0000009979000000)]
  0x000001f238231000 JavaThread "jar transforms Thread 3" [_thread_blocked, id=10740, stack(0x0000009979100000,0x0000009979200000)]
  0x000001f23822e800 JavaThread "jar transforms Thread 4" [_thread_blocked, id=13668, stack(0x0000009979700000,0x0000009979800000)]
  0x000001f238237000 JavaThread "Memory manager" [_thread_blocked, id=14984, stack(0x0000009979800000,0x0000009979900000)]
  0x000001f23bd45800 JavaThread "Cache worker for Java compile cache (C:\Users\a0587\.gradle\caches\7.0.2\javaCompile)" [_thread_blocked, id=13140, stack(0x000000997a100000,0x000000997a200000)]
  0x000001f23bd4e800 JavaThread "ForkJoinPool.commonPool-worker-5" daemon [_thread_blocked, id=12112, stack(0x000000997a400000,0x000000997a500000)]
  0x000001f234740000 JavaThread "ForkJoinPool.commonPool-worker-7" daemon [_thread_blocked, id=9500, stack(0x000000997a200000,0x000000997a300000)]
  0x000001f234732000 JavaThread "Daemon Thread 9" [_thread_blocked, id=8460, stack(0x0000009976100000,0x0000009976200000)]
  0x000001f234738800 JavaThread "Daemon worker Thread 9" [_thread_blocked, id=10304, stack(0x0000009977a00000,0x0000009977b00000)]
  0x000001f23bd4b800 JavaThread "ForkJoinPool.commonPool-worker-1" daemon [_thread_blocked, id=12380, stack(0x000000997a300000,0x000000997a400000)]
  0x000001f23bd47800 JavaThread "Handler for socket connection from /127.0.0.1:53520 to /127.0.0.1:50383" [_thread_in_native, id=5828, stack(0x0000009976200000,0x0000009976300000)]
  0x000001f23bd46800 JavaThread "Cancel handler" [_thread_blocked, id=2548, stack(0x0000009976300000,0x0000009976400000)]
  0x000001f23bd48000 JavaThread "Asynchronous log dispatcher for DefaultDaemonConnection: socket connection from /127.0.0.1:53520 to /127.0.0.1:50383" [_thread_blocked, id=12004, stack(0x0000009977b00000,0x0000009977c00000)]
  0x000001f23bd49000 JavaThread "Stdin handler" [_thread_blocked, id=8676, stack(0x0000009977c00000,0x0000009977d00000)]
  0x000001f23bd43000 JavaThread "Daemon client event forwarder" [_thread_blocked, id=2112, stack(0x0000009977d00000,0x0000009977e00000)]
  0x000001f23bd44000 JavaThread "Cache worker for file hash cache (E:\Programs\Test\.gradle\7.0.2\fileHashes)" [_thread_blocked, id=7452, stack(0x0000009977e00000,0x0000009977f00000)]
  0x000001f23bd4d000 JavaThread "Cache worker for checksums cache (E:\Programs\Test\.gradle\checksums)" [_thread_blocked, id=3908, stack(0x0000009977f00000,0x0000009978000000)]
  0x000001f23bd4a800 JavaThread "Cache worker for cache directory md-supplier (C:\Users\a0587\.gradle\caches\7.0.2\md-supplier)" [_thread_blocked, id=6308, stack(0x0000009978000000,0x0000009978100000)]
  0x000001f23bd4f800 JavaThread "Cache worker for cache directory md-rule (C:\Users\a0587\.gradle\caches\7.0.2\md-rule)" [_thread_blocked, id=8256, stack(0x0000009978100000,0x0000009978200000)]
  0x000001f23bd49800 JavaThread "Cache worker for dependencies-accessors (E:\Programs\Test\.gradle\7.0.2\dependencies-accessors)" [_thread_blocked, id=408, stack(0x0000009978600000,0x0000009978700000)]
  0x000001f23bd50000 JavaThread "Cache worker for Build Output Cleanup Cache (E:\Programs\Test\.gradle\buildOutputCleanup)" [_thread_blocked, id=14124, stack(0x0000009978900000,0x0000009978a00000)]
=>0x000001f239a75000 JavaThread "C2 CompilerThread1" daemon [_thread_in_native, id=2016, stack(0x0000009978a00000,0x0000009978b00000)]
  0x000001f23bd4e000 JavaThread "Build operations" [_thread_blocked, id=10008, stack(0x0000009978b00000,0x0000009978c00000)]
  0x000001f23bd51000 JavaThread "Build operations Thread 2" [_thread_blocked, id=15000, stack(0x0000009979000000,0x0000009979100000)]
  0x000001f23bd52000 JavaThread "Build operations Thread 3" [_thread_blocked, id=8664, stack(0x0000009979200000,0x0000009979300000)]
  0x000001f234733000 JavaThread "Build operations Thread 4" [_thread_blocked, id=7748, stack(0x0000009979300000,0x0000009979400000)]
  0x000001f234736000 JavaThread "build event listener" [_thread_blocked, id=4016, stack(0x0000009979400000,0x0000009979500000)]
  0x000001f234738000 JavaThread "Execution worker for ':'" [_thread_blocked, id=4648, stack(0x0000009979500000,0x0000009979600000)]
  0x000001f234739800 JavaThread "Execution worker for ':' Thread 2" [_thread_blocked, id=5324, stack(0x0000009979600000,0x0000009979700000)]
  0x000001f234733800 JavaThread "Execution worker for ':' Thread 3" [_thread_blocked, id=1156, stack(0x0000009979900000,0x0000009979a00000)]
  0x000001f234735800 JavaThread "Cache worker for execution history cache (E:\Programs\Test\.gradle\7.0.2\executionHistory)" [_thread_blocked, id=2000, stack(0x0000009979a00000,0x0000009979b00000)]
  0x000001f23473c800 JavaThread "WorkerExecutor Queue" [_thread_blocked, id=8348, stack(0x0000009979b00000,0x0000009979c00000)]
  0x000001f234737000 JavaThread "pool-31-thread-1" [_thread_blocked, id=9440, stack(0x0000009979c00000,0x0000009979d00000)]
  0x000001f23473b000 JavaThread "WorkerExecutor Queue Thread 2" [_thread_in_Java, id=9620, stack(0x0000009979d00000,0x0000009979e00000)]
  0x000001f23473a000 JavaThread "WorkerExecutor Queue Thread 3" [_thread_blocked, id=15256, stack(0x0000009979e00000,0x0000009979f00000)]
  0x000001f23473d800 JavaThread "stderr" [_thread_in_native, id=8468, stack(0x0000009979f00000,0x000000997a000000)]
  0x000001f234741000 JavaThread "stdout" [_thread_in_native, id=2808, stack(0x000000997a000000,0x000000997a100000)]
  0x000001f23473e800 JavaThread "WorkerExecutor Queue Thread 4" [_thread_blocked, id=3240, stack(0x000000997a500000,0x000000997a600000)]

Other Threads:
  0x000001f233b65000 VMThread "VM Thread" [stack: 0x0000009976a00000,0x0000009976b00000] [id=9876]
  0x000001f23459b000 WatcherThread [stack: 0x0000009977400000,0x0000009977500000] [id=3884]
  0x000001f219f7b000 GCTaskThread "GC Thread#0" [stack: 0x0000009976500000,0x0000009976600000] [id=7540]
  0x000001f23487c800 GCTaskThread "GC Thread#1" [stack: 0x0000009977600000,0x0000009977700000] [id=7284]
  0x000001f234648800 GCTaskThread "GC Thread#2" [stack: 0x0000009977700000,0x0000009977800000] [id=13144]
  0x000001f23737c000 GCTaskThread "GC Thread#3" [stack: 0x0000009978200000,0x0000009978300000] [id=3208]
  0x000001f219fab000 ConcurrentGCThread "G1 Main Marker" [stack: 0x0000009976600000,0x0000009976700000] [id=8200]
  0x000001f219fae000 ConcurrentGCThread "G1 Conc#0" [stack: 0x0000009976700000,0x0000009976800000] [id=13368]
  0x000001f2339b0800 ConcurrentGCThread "G1 Refine#0" [stack: 0x0000009976800000,0x0000009976900000] [id=8052]
  0x000001f2369ab800 ConcurrentGCThread "G1 Refine#1" [stack: 0x000000997a600000,0x000000997a700000] [id=14204]
  0x000001f2369b1800 ConcurrentGCThread "G1 Refine#2" [stack: 0x000000997a700000,0x000000997a800000] [id=2716]
  0x000001f2339b1000 ConcurrentGCThread "G1 Young RemSet Sampling" [stack: 0x0000009976900000,0x0000009976a00000] [id=4928]

Threads with active compile tasks:
C2 CompilerThread013256130 27883       4       com.android.tools.r8.internal.Mv::a (1305 bytes)
C1 CompilerThread013256130 27903 %     3       com.android.tools.r8.ir.regalloc.a::a @ 1262 (1824 bytes)
C2 CompilerThread113256130 27846       4       com.android.tools.r8.internal.F7::p (1053 bytes)

VM state:not at safepoint (normal execution)

VM Mutex/Monitor currently owned by a thread: None

Heap address: 0x0000000080000000, size: 2048 MB, Compressed Oops mode: 32-bit
Narrow klass base: 0x0000000000000000, Narrow klass shift: 3
Compressed class space size: 1073741824 Address: 0x0000000100000000

Heap:
 garbage-first heap   total 328704K, used 271099K [0x0000000080000000, 0x0000000100000000)
  region size 1024K, 136 young (139264K), 4 survivors (4096K)
 Metaspace       used 120337K, capacity 124188K, committed 124296K, reserved 1157120K
  class space    used 14735K, capacity 16166K, committed 16176K, reserved 1048576K
Heap Regions: E=young(eden), S=young(survivor), O=old, HS=humongous(starts), HC=humongous(continues), CS=collection set, F=free, A=archive, TAMS=top-at-mark-start (previous, next)
|   0|0x0000000080000000, 0x0000000080100000, 0x0000000080100000|100%| O|  |TAMS 0x0000000080100000, 0x0000000080000000| Untracked 
|   1|0x0000000080100000, 0x0000000080200000, 0x0000000080200000|100%| O|  |TAMS 0x0000000080200000, 0x0000000080100000| Untracked 
|   2|0x0000000080200000, 0x0000000080300000, 0x0000000080300000|100%| O|  |TAMS 0x0000000080300000, 0x0000000080200000| Untracked 
|   3|0x0000000080300000, 0x0000000080400000, 0x0000000080400000|100%|HS|  |TAMS 0x0000000080400000, 0x0000000080300000| Complete 
|   4|0x0000000080400000, 0x0000000080500000, 0x0000000080500000|100%|HC|  |TAMS 0x0000000080500000, 0x0000000080400000| Complete 
|   5|0x0000000080500000, 0x0000000080600000, 0x0000000080600000|100%|HC|  |TAMS 0x0000000080600000, 0x0000000080500000| Complete 
|   6|0x0000000080600000, 0x0000000080700000, 0x0000000080700000|100%| O|  |TAMS 0x0000000080700000, 0x0000000080600000| Untracked 
|   7|0x0000000080700000, 0x0000000080800000, 0x0000000080800000|100%| O|  |TAMS 0x0000000080800000, 0x0000000080700000| Untracked 
|   8|0x0000000080800000, 0x0000000080900000, 0x0000000080900000|100%| O|  |TAMS 0x0000000080900000, 0x0000000080800000| Untracked 
|   9|0x0000000080900000, 0x0000000080a00000, 0x0000000080a00000|100%| O|  |TAMS 0x0000000080a00000, 0x0000000080900000| Untracked 
|  10|0x0000000080a00000, 0x0000000080b00000, 0x0000000080b00000|100%| O|  |TAMS 0x0000000080b00000, 0x0000000080a00000| Untracked 
|  11|0x0000000080b00000, 0x0000000080c00000, 0x0000000080c00000|100%| O|  |TAMS 0x0000000080c00000, 0x0000000080b00000| Untracked 
|  12|0x0000000080c00000, 0x0000000080d00000, 0x0000000080d00000|100%| O|  |TAMS 0x0000000080d00000, 0x0000000080c00000| Untracked 
|  13|0x0000000080d00000, 0x0000000080e00000, 0x0000000080e00000|100%| O|  |TAMS 0x0000000080e00000, 0x0000000080d00000| Untracked 
|  14|0x0000000080e00000, 0x0000000080f00000, 0x0000000080f00000|100%| O|  |TAMS 0x0000000080f00000, 0x0000000080e00000| Untracked 
|  15|0x0000000080f00000, 0x0000000081000000, 0x0000000081000000|100%| O|  |TAMS 0x0000000081000000, 0x0000000080f00000| Untracked 
|  16|0x0000000081000000, 0x0000000081100000, 0x0000000081100000|100%| O|  |TAMS 0x0000000081100000, 0x0000000081000000| Untracked 
|  17|0x0000000081100000, 0x0000000081200000, 0x0000000081200000|100%|HS|  |TAMS 0x0000000081200000, 0x0000000081100000| Complete 
|  18|0x0000000081200000, 0x0000000081300000, 0x0000000081300000|100%| O|  |TAMS 0x0000000081300000, 0x0000000081200000| Untracked 
|  19|0x0000000081300000, 0x0000000081400000, 0x0000000081400000|100%| O|  |TAMS 0x0000000081400000, 0x0000000081300000| Untracked 
|  20|0x0000000081400000, 0x0000000081500000, 0x0000000081500000|100%| O|  |TAMS 0x0000000081500000, 0x0000000081400000| Untracked 
|  21|0x0000000081500000, 0x0000000081600000, 0x0000000081600000|100%| O|  |TAMS 0x0000000081600000, 0x0000000081500000| Untracked 
|  22|0x0000000081600000, 0x0000000081700000, 0x0000000081700000|100%| O|  |TAMS 0x0000000081700000, 0x0000000081600000| Untracked 
|  23|0x0000000081700000, 0x0000000081800000, 0x0000000081800000|100%| O|  |TAMS 0x0000000081800000, 0x0000000081700000| Untracked 
|  24|0x0000000081800000, 0x0000000081900000, 0x0000000081900000|100%| O|  |TAMS 0x0000000081900000, 0x0000000081800000| Untracked 
|  25|0x0000000081900000, 0x0000000081a00000, 0x0000000081a00000|100%| O|  |TAMS 0x0000000081a00000, 0x0000000081900000| Untracked 
|  26|0x0000000081a00000, 0x0000000081b00000, 0x0000000081b00000|100%| O|  |TAMS 0x0000000081b00000, 0x0000000081a00000| Untracked 
|  27|0x0000000081b00000, 0x0000000081c00000, 0x0000000081c00000|100%| O|  |TAMS 0x0000000081c00000, 0x0000000081b00000| Untracked 
|  28|0x0000000081c00000, 0x0000000081d00000, 0x0000000081d00000|100%|HS|  |TAMS 0x0000000081d00000, 0x0000000081c00000| Complete 
|  29|0x0000000081d00000, 0x0000000081e00000, 0x0000000081e00000|100%|HS|  |TAMS 0x0000000081e00000, 0x0000000081d00000| Complete 
|  30|0x0000000081e00000, 0x0000000081f00000, 0x0000000081f00000|100%|HC|  |TAMS 0x0000000081f00000, 0x0000000081e00000| Complete 
|  31|0x0000000081f00000, 0x0000000082000000, 0x0000000082000000|100%| O|  |TAMS 0x0000000082000000, 0x0000000081f00000| Untracked 
|  32|0x0000000082000000, 0x0000000082100000, 0x0000000082100000|100%| O|  |TAMS 0x0000000082100000, 0x0000000082000000| Untracked 
|  33|0x0000000082100000, 0x0000000082200000, 0x0000000082200000|100%| O|  |TAMS 0x0000000082200000, 0x0000000082100000| Untracked 
|  34|0x0000000082200000, 0x0000000082300000, 0x0000000082300000|100%| O|  |TAMS 0x0000000082300000, 0x0000000082200000| Untracked 
|  35|0x0000000082300000, 0x0000000082400000, 0x0000000082400000|100%| O|  |TAMS 0x0000000082400000, 0x0000000082300000| Untracked 
|  36|0x0000000082400000, 0x0000000082500000, 0x0000000082500000|100%| O|  |TAMS 0x0000000082500000, 0x0000000082400000| Untracked 
|  37|0x0000000082500000, 0x0000000082600000, 0x0000000082600000|100%| O|  |TAMS 0x0000000082600000, 0x0000000082500000| Untracked 
|  38|0x0000000082600000, 0x0000000082700000, 0x0000000082700000|100%| O|  |TAMS 0x0000000082700000, 0x0000000082600000| Untracked 
|  39|0x0000000082700000, 0x0000000082800000, 0x0000000082800000|100%| O|  |TAMS 0x0000000082800000, 0x0000000082700000| Untracked 
|  40|0x0000000082800000, 0x0000000082900000, 0x0000000082900000|100%| O|  |TAMS 0x0000000082900000, 0x0000000082800000| Untracked 
|  41|0x0000000082900000, 0x0000000082a00000, 0x0000000082a00000|100%| O|  |TAMS 0x0000000082a00000, 0x0000000082900000| Untracked 
|  42|0x0000000082a00000, 0x0000000082b00000, 0x0000000082b00000|100%| O|  |TAMS 0x0000000082b00000, 0x0000000082a00000| Untracked 
|  43|0x0000000082b00000, 0x0000000082c00000, 0x0000000082c00000|100%| O|  |TAMS 0x0000000082c00000, 0x0000000082b00000| Untracked 
|  44|0x0000000082c00000, 0x0000000082d00000, 0x0000000082d00000|100%| O|  |TAMS 0x0000000082d00000, 0x0000000082c00000| Untracked 
|  45|0x0000000082d00000, 0x0000000082e00000, 0x0000000082e00000|100%| O|  |TAMS 0x0000000082e00000, 0x0000000082d00000| Untracked 
|  46|0x0000000082e00000, 0x0000000082f00000, 0x0000000082f00000|100%| O|  |TAMS 0x0000000082f00000, 0x0000000082e00000| Untracked 
|  47|0x0000000082f00000, 0x0000000083000000, 0x0000000083000000|100%| O|  |TAMS 0x0000000083000000, 0x0000000082f00000| Untracked 
|  48|0x0000000083000000, 0x0000000083100000, 0x0000000083100000|100%| O|  |TAMS 0x0000000083100000, 0x0000000083000000| Untracked 
|  49|0x0000000083100000, 0x0000000083200000, 0x0000000083200000|100%| O|  |TAMS 0x0000000083200000, 0x0000000083100000| Untracked 
|  50|0x0000000083200000, 0x0000000083300000, 0x0000000083300000|100%| O|  |TAMS 0x0000000083300000, 0x0000000083200000| Untracked 
|  51|0x0000000083300000, 0x0000000083400000, 0x0000000083400000|100%| O|  |TAMS 0x0000000083400000, 0x0000000083300000| Untracked 
|  52|0x0000000083400000, 0x0000000083500000, 0x0000000083500000|100%| O|  |TAMS 0x0000000083500000, 0x0000000083400000| Untracked 
|  53|0x0000000083500000, 0x0000000083600000, 0x0000000083600000|100%| O|  |TAMS 0x0000000083600000, 0x0000000083500000| Untracked 
|  54|0x0000000083600000, 0x0000000083700000, 0x0000000083700000|100%| O|  |TAMS 0x0000000083700000, 0x0000000083600000| Untracked 
|  55|0x0000000083700000, 0x0000000083800000, 0x0000000083800000|100%| O|  |TAMS 0x0000000083800000, 0x0000000083700000| Untracked 
|  56|0x0000000083800000, 0x0000000083900000, 0x0000000083900000|100%| O|  |TAMS 0x0000000083900000, 0x0000000083800000| Untracked 
|  57|0x0000000083900000, 0x0000000083a00000, 0x0000000083a00000|100%| O|  |TAMS 0x0000000083a00000, 0x0000000083900000| Untracked 
|  58|0x0000000083a00000, 0x0000000083b00000, 0x0000000083b00000|100%| O|  |TAMS 0x0000000083b00000, 0x0000000083a00000| Untracked 
|  59|0x0000000083b00000, 0x0000000083c00000, 0x0000000083c00000|100%| O|  |TAMS 0x0000000083c00000, 0x0000000083b00000| Untracked 
|  60|0x0000000083c00000, 0x0000000083d00000, 0x0000000083d00000|100%| O|  |TAMS 0x0000000083d00000, 0x0000000083c00000| Untracked 
|  61|0x0000000083d00000, 0x0000000083e00000, 0x0000000083e00000|100%| O|  |TAMS 0x0000000083e00000, 0x0000000083d00000| Untracked 
|  62|0x0000000083e00000, 0x0000000083f00000, 0x0000000083f00000|100%| O|  |TAMS 0x0000000083f00000, 0x0000000083e00000| Untracked 
|  63|0x0000000083f00000, 0x0000000084000000, 0x0000000084000000|100%| O|  |TAMS 0x0000000084000000, 0x0000000083f00000| Untracked 
|  64|0x0000000084000000, 0x0000000084100000, 0x0000000084100000|100%| O|  |TAMS 0x0000000084100000, 0x0000000084000000| Untracked 
|  65|0x0000000084100000, 0x0000000084200000, 0x0000000084200000|100%| O|  |TAMS 0x0000000084100000, 0x0000000084100000| Untracked 
|  66|0x0000000084200000, 0x0000000084300000, 0x0000000084300000|100%| O|  |TAMS 0x0000000084200000, 0x0000000084200000| Untracked 
|  67|0x0000000084300000, 0x0000000084400000, 0x0000000084400000|100%| O|  |TAMS 0x0000000084400000, 0x0000000084300000| Untracked 
|  68|0x0000000084400000, 0x0000000084500000, 0x0000000084500000|100%| O|  |TAMS 0x0000000084400000, 0x0000000084400000| Untracked 
|  69|0x0000000084500000, 0x0000000084600000, 0x0000000084600000|100%| O|  |TAMS 0x0000000084500000, 0x0000000084500000| Untracked 
|  70|0x0000000084600000, 0x0000000084700000, 0x0000000084700000|100%| O|  |TAMS 0x0000000084700000, 0x0000000084600000| Untracked 
|  71|0x0000000084700000, 0x0000000084800000, 0x0000000084800000|100%| O|  |TAMS 0x0000000084800000, 0x0000000084700000| Untracked 
|  72|0x0000000084800000, 0x0000000084900000, 0x0000000084900000|100%| O|  |TAMS 0x0000000084900000, 0x0000000084800000| Untracked 
|  73|0x0000000084900000, 0x0000000084a00000, 0x0000000084a00000|100%| O|  |TAMS 0x0000000084a00000, 0x0000000084900000| Untracked 
|  74|0x0000000084a00000, 0x0000000084b00000, 0x0000000084b00000|100%| O|  |TAMS 0x0000000084a00000, 0x0000000084a00000| Untracked 
|  75|0x0000000084b00000, 0x0000000084c00000, 0x0000000084c00000|100%| O|  |TAMS 0x0000000084c00000, 0x0000000084b00000| Untracked 
|  76|0x0000000084c00000, 0x0000000084d00000, 0x0000000084d00000|100%| O|  |TAMS 0x0000000084d00000, 0x0000000084c00000| Untracked 
|  77|0x0000000084d00000, 0x0000000084e00000, 0x0000000084e00000|100%| O|  |TAMS 0x0000000084e00000, 0x0000000084d00000| Untracked 
|  78|0x0000000084e00000, 0x0000000084f00000, 0x0000000084f00000|100%| O|  |TAMS 0x0000000084f00000, 0x0000000084e00000| Untracked 
|  79|0x0000000084f00000, 0x0000000085000000, 0x0000000085000000|100%| O|  |TAMS 0x0000000085000000, 0x0000000084f00000| Untracked 
|  80|0x0000000085000000, 0x0000000085100000, 0x0000000085100000|100%| O|  |TAMS 0x0000000085100000, 0x0000000085000000| Untracked 
|  81|0x0000000085100000, 0x0000000085200000, 0x0000000085200000|100%| O|  |TAMS 0x0000000085200000, 0x0000000085100000| Untracked 
|  82|0x0000000085200000, 0x0000000085300000, 0x0000000085300000|100%| O|  |TAMS 0x0000000085300000, 0x0000000085200000| Untracked 
|  83|0x0000000085300000, 0x0000000085400000, 0x0000000085400000|100%| O|  |TAMS 0x0000000085400000, 0x0000000085300000| Untracked 
|  84|0x0000000085400000, 0x0000000085500000, 0x0000000085500000|100%| O|  |TAMS 0x0000000085500000, 0x0000000085400000| Untracked 
|  85|0x0000000085500000, 0x0000000085600000, 0x0000000085600000|100%| O|  |TAMS 0x0000000085500000, 0x0000000085500000| Untracked 
|  86|0x0000000085600000, 0x0000000085700000, 0x0000000085700000|100%| O|  |TAMS 0x0000000085600000, 0x0000000085600000| Untracked 
|  87|0x0000000085700000, 0x0000000085800000, 0x0000000085800000|100%| O|  |TAMS 0x0000000085700000, 0x0000000085700000| Untracked 
|  88|0x0000000085800000, 0x0000000085900000, 0x0000000085900000|100%| O|  |TAMS 0x0000000085900000, 0x0000000085800000| Untracked 
|  89|0x0000000085900000, 0x0000000085a00000, 0x0000000085a00000|100%|HS|  |TAMS 0x0000000085a00000, 0x0000000085900000| Complete 
|  90|0x0000000085a00000, 0x0000000085b00000, 0x0000000085b00000|100%|HC|  |TAMS 0x0000000085b00000, 0x0000000085a00000| Complete 
|  91|0x0000000085b00000, 0x0000000085c00000, 0x0000000085c00000|100%| O|  |TAMS 0x0000000085c00000, 0x0000000085b00000| Untracked 
|  92|0x0000000085c00000, 0x0000000085d00000, 0x0000000085d00000|100%| O|  |TAMS 0x0000000085d00000, 0x0000000085c00000| Untracked 
|  93|0x0000000085d00000, 0x0000000085e00000, 0x0000000085e00000|100%| O|  |TAMS 0x0000000085e00000, 0x0000000085d00000| Untracked 
|  94|0x0000000085e00000, 0x0000000085f00000, 0x0000000085f00000|100%| O|  |TAMS 0x0000000085f00000, 0x0000000085e00000| Untracked 
|  95|0x0000000085f00000, 0x0000000086000000, 0x0000000086000000|100%| O|  |TAMS 0x0000000085f00000, 0x0000000085f00000| Untracked 
|  96|0x0000000086000000, 0x0000000086100000, 0x0000000086100000|100%| O|  |TAMS 0x0000000086100000, 0x0000000086000000| Untracked 
|  97|0x0000000086100000, 0x0000000086200000, 0x0000000086200000|100%| O|  |TAMS 0x0000000086200000, 0x0000000086100000| Untracked 
|  98|0x0000000086200000, 0x0000000086300000, 0x0000000086300000|100%| O|  |TAMS 0x0000000086200000, 0x0000000086200000| Untracked 
|  99|0x0000000086300000, 0x0000000086400000, 0x0000000086400000|100%| O|  |TAMS 0x0000000086300000, 0x0000000086300000| Untracked 
| 100|0x0000000086400000, 0x0000000086500000, 0x0000000086500000|100%| O|  |TAMS 0x0000000086400000, 0x0000000086400000| Untracked 
| 101|0x0000000086500000, 0x0000000086600000, 0x0000000086600000|100%| O|  |TAMS 0x0000000086500000, 0x0000000086500000| Untracked 
| 102|0x0000000086600000, 0x0000000086700000, 0x0000000086700000|100%| O|  |TAMS 0x0000000086700000, 0x0000000086600000| Untracked 
| 103|0x0000000086700000, 0x0000000086800000, 0x0000000086800000|100%| O|  |TAMS 0x0000000086800000, 0x0000000086700000| Untracked 
| 104|0x0000000086800000, 0x0000000086900000, 0x0000000086900000|100%| O|  |TAMS 0x0000000086800000, 0x0000000086800000| Untracked 
| 105|0x0000000086900000, 0x0000000086a00000, 0x0000000086a00000|100%| O|  |TAMS 0x0000000086900000, 0x0000000086900000| Untracked 
| 106|0x0000000086a00000, 0x0000000086b00000, 0x0000000086b00000|100%| O|  |TAMS 0x0000000086a00000, 0x0000000086a00000| Untracked 
| 107|0x0000000086b00000, 0x0000000086c00000, 0x0000000086c00000|100%| O|  |TAMS 0x0000000086b00000, 0x0000000086b00000| Untracked 
| 108|0x0000000086c00000, 0x0000000086d00000, 0x0000000086d00000|100%| O|  |TAMS 0x0000000086c00000, 0x0000000086c00000| Untracked 
| 109|0x0000000086d00000, 0x0000000086e00000, 0x0000000086e00000|100%| O|  |TAMS 0x0000000086d00000, 0x0000000086d00000| Untracked 
| 110|0x0000000086e00000, 0x0000000086f00000, 0x0000000086f00000|100%| O|  |TAMS 0x0000000086e00000, 0x0000000086e00000| Untracked 
| 111|0x0000000086f00000, 0x0000000087000000, 0x0000000087000000|100%| O|  |TAMS 0x0000000086f00000, 0x0000000086f00000| Untracked 
| 112|0x0000000087000000, 0x0000000087100000, 0x0000000087100000|100%| O|  |TAMS 0x0000000087000000, 0x0000000087000000| Untracked 
| 113|0x0000000087100000, 0x0000000087200000, 0x0000000087200000|100%| O|  |TAMS 0x0000000087100000, 0x0000000087100000| Untracked 
| 114|0x0000000087200000, 0x0000000087300000, 0x0000000087300000|100%| O|  |TAMS 0x0000000087200000, 0x0000000087200000| Untracked 
| 115|0x0000000087300000, 0x0000000087400000, 0x0000000087400000|100%| O|  |TAMS 0x0000000087300000, 0x0000000087300000| Untracked 
| 116|0x0000000087400000, 0x0000000087500000, 0x0000000087500000|100%| O|  |TAMS 0x0000000087400000, 0x0000000087400000| Untracked 
| 117|0x0000000087500000, 0x0000000087600000, 0x0000000087600000|100%| O|  |TAMS 0x0000000087500000, 0x0000000087500000| Untracked 
| 118|0x0000000087600000, 0x0000000087700000, 0x0000000087700000|100%| O|  |TAMS 0x0000000087600000, 0x0000000087600000| Untracked 
| 119|0x0000000087700000, 0x0000000087800000, 0x0000000087800000|100%| O|  |TAMS 0x0000000087700000, 0x0000000087700000| Untracked 
| 120|0x0000000087800000, 0x0000000087900000, 0x0000000087900000|100%| O|  |TAMS 0x0000000087800000, 0x0000000087800000| Untracked 
| 121|0x0000000087900000, 0x0000000087976e00, 0x0000000087a00000| 46%| O|  |TAMS 0x0000000087900000, 0x0000000087900000| Untracked 
| 122|0x0000000087a00000, 0x0000000087a00000, 0x0000000087b00000|  0%| F|  |TAMS 0x0000000087a00000, 0x0000000087a00000| Untracked 
| 123|0x0000000087b00000, 0x0000000087b00000, 0x0000000087c00000|  0%| F|  |TAMS 0x0000000087b00000, 0x0000000087b00000| Untracked 
| 124|0x0000000087c00000, 0x0000000087c00000, 0x0000000087d00000|  0%| F|  |TAMS 0x0000000087c00000, 0x0000000087c00000| Untracked 
| 125|0x0000000087d00000, 0x0000000087d00000, 0x0000000087e00000|  0%| F|  |TAMS 0x0000000087d00000, 0x0000000087d00000| Untracked 
| 126|0x0000000087e00000, 0x0000000087f00000, 0x0000000087f00000|100%|HS|  |TAMS 0x0000000087e00000, 0x0000000087e00000| Complete 
| 127|0x0000000087f00000, 0x0000000088000000, 0x0000000088000000|100%|HC|  |TAMS 0x0000000087f00000, 0x0000000087f00000| Complete 
| 128|0x0000000088000000, 0x0000000088100000, 0x0000000088100000|100%| O|  |TAMS 0x0000000088000000, 0x0000000088000000| Untracked 
| 129|0x0000000088100000, 0x0000000088200000, 0x0000000088200000|100%| O|  |TAMS 0x0000000088100000, 0x0000000088100000| Untracked 
| 130|0x0000000088200000, 0x0000000088300000, 0x0000000088300000|100%| O|  |TAMS 0x0000000088200000, 0x0000000088200000| Untracked 
| 131|0x0000000088300000, 0x0000000088400000, 0x0000000088400000|100%|HS|  |TAMS 0x0000000088300000, 0x0000000088300000| Complete 
| 132|0x0000000088400000, 0x0000000088500000, 0x0000000088500000|100%|HC|  |TAMS 0x0000000088400000, 0x0000000088400000| Complete 
| 133|0x0000000088500000, 0x0000000088500000, 0x0000000088600000|  0%| F|  |TAMS 0x0000000088500000, 0x0000000088500000| Untracked 
| 134|0x0000000088600000, 0x0000000088600000, 0x0000000088700000|  0%| F|  |TAMS 0x0000000088600000, 0x0000000088600000| Untracked 
| 135|0x0000000088700000, 0x0000000088700000, 0x0000000088800000|  0%| F|  |TAMS 0x0000000088700000, 0x0000000088700000| Untracked 
| 136|0x0000000088800000, 0x0000000088800000, 0x0000000088900000|  0%| F|  |TAMS 0x0000000088800000, 0x0000000088800000| Untracked 
| 137|0x0000000088900000, 0x0000000088900000, 0x0000000088a00000|  0%| F|  |TAMS 0x0000000088900000, 0x0000000088900000| Untracked 
| 138|0x0000000088a00000, 0x0000000088a00000, 0x0000000088b00000|  0%| F|  |TAMS 0x0000000088a00000, 0x0000000088a00000| Untracked 
| 139|0x0000000088b00000, 0x0000000088b00000, 0x0000000088c00000|  0%| F|  |TAMS 0x0000000088b00000, 0x0000000088b00000| Untracked 
| 140|0x0000000088c00000, 0x0000000088d00000, 0x0000000088d00000|100%| O|  |TAMS 0x0000000088d00000, 0x0000000088c00000| Untracked 
| 141|0x0000000088d00000, 0x0000000088d00000, 0x0000000088e00000|  0%| F|  |TAMS 0x0000000088d00000, 0x0000000088d00000| Untracked 
| 142|0x0000000088e00000, 0x0000000088e00000, 0x0000000088f00000|  0%| F|  |TAMS 0x0000000088e00000, 0x0000000088e00000| Untracked 
| 143|0x0000000088f00000, 0x0000000088f00000, 0x0000000089000000|  0%| F|  |TAMS 0x0000000088f00000, 0x0000000088f00000| Untracked 
| 144|0x0000000089000000, 0x0000000089000000, 0x0000000089100000|  0%| F|  |TAMS 0x0000000089000000, 0x0000000089000000| Untracked 
| 145|0x0000000089100000, 0x0000000089200000, 0x0000000089200000|100%| O|  |TAMS 0x0000000089198600, 0x0000000089100000| Untracked 
| 146|0x0000000089200000, 0x0000000089200000, 0x0000000089300000|  0%| F|  |TAMS 0x0000000089200000, 0x0000000089200000| Untracked 
| 147|0x0000000089300000, 0x0000000089300000, 0x0000000089400000|  0%| F|  |TAMS 0x0000000089300000, 0x0000000089300000| Untracked 
| 148|0x0000000089400000, 0x0000000089400000, 0x0000000089500000|  0%| F|  |TAMS 0x0000000089400000, 0x0000000089400000| Untracked 
| 149|0x0000000089500000, 0x0000000089500000, 0x0000000089600000|  0%| F|  |TAMS 0x0000000089500000, 0x0000000089500000| Untracked 
| 150|0x0000000089600000, 0x0000000089600000, 0x0000000089700000|  0%| F|  |TAMS 0x0000000089600000, 0x0000000089600000| Untracked 
| 151|0x0000000089700000, 0x0000000089700000, 0x0000000089800000|  0%| F|  |TAMS 0x0000000089700000, 0x0000000089700000| Untracked 
| 152|0x0000000089800000, 0x0000000089800000, 0x0000000089900000|  0%| F|  |TAMS 0x0000000089800000, 0x0000000089800000| Untracked 
| 153|0x0000000089900000, 0x0000000089900000, 0x0000000089a00000|  0%| F|  |TAMS 0x0000000089900000, 0x0000000089900000| Untracked 
| 154|0x0000000089a00000, 0x0000000089a00000, 0x0000000089b00000|  0%| F|  |TAMS 0x0000000089a00000, 0x0000000089a00000| Untracked 
| 155|0x0000000089b00000, 0x0000000089b00000, 0x0000000089c00000|  0%| F|  |TAMS 0x0000000089b00000, 0x0000000089b00000| Untracked 
| 156|0x0000000089c00000, 0x0000000089c00000, 0x0000000089d00000|  0%| F|  |TAMS 0x0000000089c00000, 0x0000000089c00000| Untracked 
| 157|0x0000000089d00000, 0x0000000089d00000, 0x0000000089e00000|  0%| F|  |TAMS 0x0000000089d00000, 0x0000000089d00000| Untracked 
| 158|0x0000000089e00000, 0x0000000089e00000, 0x0000000089f00000|  0%| F|  |TAMS 0x0000000089e00000, 0x0000000089e00000| Untracked 
| 159|0x0000000089f00000, 0x0000000089f00000, 0x000000008a000000|  0%| F|  |TAMS 0x0000000089f00000, 0x0000000089f00000| Untracked 
| 160|0x000000008a000000, 0x000000008a000000, 0x000000008a100000|  0%| F|  |TAMS 0x000000008a000000, 0x000000008a000000| Untracked 
| 161|0x000000008a100000, 0x000000008a100000, 0x000000008a200000|  0%| F|  |TAMS 0x000000008a100000, 0x000000008a100000| Untracked 
| 162|0x000000008a200000, 0x000000008a200000, 0x000000008a300000|  0%| F|  |TAMS 0x000000008a200000, 0x000000008a200000| Untracked 
| 163|0x000000008a300000, 0x000000008a300000, 0x000000008a400000|  0%| F|  |TAMS 0x000000008a300000, 0x000000008a300000| Untracked 
| 164|0x000000008a400000, 0x000000008a400000, 0x000000008a500000|  0%| F|  |TAMS 0x000000008a400000, 0x000000008a400000| Untracked 
| 165|0x000000008a500000, 0x000000008a500000, 0x000000008a600000|  0%| F|  |TAMS 0x000000008a500000, 0x000000008a500000| Untracked 
| 166|0x000000008a600000, 0x000000008a600000, 0x000000008a700000|  0%| F|  |TAMS 0x000000008a600000, 0x000000008a600000| Untracked 
| 167|0x000000008a700000, 0x000000008a700000, 0x000000008a800000|  0%| F|  |TAMS 0x000000008a700000, 0x000000008a700000| Untracked 
| 168|0x000000008a800000, 0x000000008a800000, 0x000000008a900000|  0%| F|  |TAMS 0x000000008a800000, 0x000000008a800000| Untracked 
| 169|0x000000008a900000, 0x000000008a900000, 0x000000008aa00000|  0%| F|  |TAMS 0x000000008a900000, 0x000000008a900000| Untracked 
| 170|0x000000008aa00000, 0x000000008aa00000, 0x000000008ab00000|  0%| F|  |TAMS 0x000000008aa00000, 0x000000008aa00000| Untracked 
| 171|0x000000008ab00000, 0x000000008ab00000, 0x000000008ac00000|  0%| F|  |TAMS 0x000000008ab00000, 0x000000008ab00000| Untracked 
| 172|0x000000008ac00000, 0x000000008ac47e80, 0x000000008ad00000| 28%| S|CS|TAMS 0x000000008ac00000, 0x000000008ac00000| Complete 
| 173|0x000000008ad00000, 0x000000008ae00000, 0x000000008ae00000|100%| S|CS|TAMS 0x000000008ad00000, 0x000000008ad00000| Complete 
| 174|0x000000008ae00000, 0x000000008ae00000, 0x000000008af00000|  0%| F|  |TAMS 0x000000008ae00000, 0x000000008ae00000| Untracked 
| 175|0x000000008af00000, 0x000000008b000000, 0x000000008b000000|100%| S|CS|TAMS 0x000000008af00000, 0x000000008af00000| Complete 
| 176|0x000000008b000000, 0x000000008b100000, 0x000000008b100000|100%| S|CS|TAMS 0x000000008b000000, 0x000000008b000000| Complete 
| 177|0x000000008b100000, 0x000000008b100000, 0x000000008b200000|  0%| F|  |TAMS 0x000000008b100000, 0x000000008b100000| Untracked 
| 178|0x000000008b200000, 0x000000008b200000, 0x000000008b300000|  0%| F|  |TAMS 0x000000008b200000, 0x000000008b200000| Untracked 
| 179|0x000000008b300000, 0x000000008b300000, 0x000000008b400000|  0%| F|  |TAMS 0x000000008b300000, 0x000000008b300000| Untracked 
| 180|0x000000008b400000, 0x000000008b400000, 0x000000008b500000|  0%| F|  |TAMS 0x000000008b400000, 0x000000008b400000| Untracked 
| 181|0x000000008b500000, 0x000000008b500000, 0x000000008b600000|  0%| F|  |TAMS 0x000000008b500000, 0x000000008b500000| Untracked 
| 182|0x000000008b600000, 0x000000008b600000, 0x000000008b700000|  0%| F|  |TAMS 0x000000008b600000, 0x000000008b600000| Untracked 
| 183|0x000000008b700000, 0x000000008b700000, 0x000000008b800000|  0%| F|  |TAMS 0x000000008b700000, 0x000000008b700000| Untracked 
| 184|0x000000008b800000, 0x000000008b800000, 0x000000008b900000|  0%| F|  |TAMS 0x000000008b800000, 0x000000008b800000| Untracked 
| 185|0x000000008b900000, 0x000000008b900000, 0x000000008ba00000|  0%| F|  |TAMS 0x000000008b900000, 0x000000008b900000| Untracked 
| 186|0x000000008ba00000, 0x000000008ba00000, 0x000000008bb00000|  0%| F|  |TAMS 0x000000008ba00000, 0x000000008ba00000| Untracked 
| 187|0x000000008bb00000, 0x000000008bc00000, 0x000000008bc00000|100%| E|  |TAMS 0x000000008bb00000, 0x000000008bb00000| Complete 
| 188|0x000000008bc00000, 0x000000008bd00000, 0x000000008bd00000|100%| E|CS|TAMS 0x000000008bc00000, 0x000000008bc00000| Complete 
| 189|0x000000008bd00000, 0x000000008be00000, 0x000000008be00000|100%| E|CS|TAMS 0x000000008bd00000, 0x000000008bd00000| Complete 
| 190|0x000000008be00000, 0x000000008bf00000, 0x000000008bf00000|100%| E|CS|TAMS 0x000000008be00000, 0x000000008be00000| Complete 
| 191|0x000000008bf00000, 0x000000008c000000, 0x000000008c000000|100%| E|CS|TAMS 0x000000008bf00000, 0x000000008bf00000| Complete 
| 192|0x000000008c000000, 0x000000008c100000, 0x000000008c100000|100%| E|CS|TAMS 0x000000008c000000, 0x000000008c000000| Complete 
| 193|0x000000008c100000, 0x000000008c200000, 0x000000008c200000|100%| E|CS|TAMS 0x000000008c100000, 0x000000008c100000| Complete 
| 194|0x000000008c200000, 0x000000008c300000, 0x000000008c300000|100%| E|CS|TAMS 0x000000008c200000, 0x000000008c200000| Complete 
| 195|0x000000008c300000, 0x000000008c400000, 0x000000008c400000|100%| E|CS|TAMS 0x000000008c300000, 0x000000008c300000| Complete 
| 196|0x000000008c400000, 0x000000008c500000, 0x000000008c500000|100%| E|CS|TAMS 0x000000008c400000, 0x000000008c400000| Complete 
| 197|0x000000008c500000, 0x000000008c600000, 0x000000008c600000|100%| E|CS|TAMS 0x000000008c500000, 0x000000008c500000| Complete 
| 198|0x000000008c600000, 0x000000008c700000, 0x000000008c700000|100%| E|CS|TAMS 0x000000008c600000, 0x000000008c600000| Complete 
| 199|0x000000008c700000, 0x000000008c800000, 0x000000008c800000|100%| E|CS|TAMS 0x000000008c700000, 0x000000008c700000| Complete 
| 200|0x000000008c800000, 0x000000008c900000, 0x000000008c900000|100%| E|CS|TAMS 0x000000008c800000, 0x000000008c800000| Complete 
| 201|0x000000008c900000, 0x000000008ca00000, 0x000000008ca00000|100%| E|CS|TAMS 0x000000008c900000, 0x000000008c900000| Complete 
| 202|0x000000008ca00000, 0x000000008cb00000, 0x000000008cb00000|100%| E|CS|TAMS 0x000000008ca00000, 0x000000008ca00000| Complete 
| 203|0x000000008cb00000, 0x000000008cc00000, 0x000000008cc00000|100%| E|CS|TAMS 0x000000008cb00000, 0x000000008cb00000| Complete 
| 204|0x000000008cc00000, 0x000000008cd00000, 0x000000008cd00000|100%| E|CS|TAMS 0x000000008cc00000, 0x000000008cc00000| Complete 
| 205|0x000000008cd00000, 0x000000008ce00000, 0x000000008ce00000|100%| E|CS|TAMS 0x000000008cd00000, 0x000000008cd00000| Complete 
| 206|0x000000008ce00000, 0x000000008cf00000, 0x000000008cf00000|100%| E|CS|TAMS 0x000000008ce00000, 0x000000008ce00000| Complete 
| 207|0x000000008cf00000, 0x000000008d000000, 0x000000008d000000|100%| E|CS|TAMS 0x000000008cf00000, 0x000000008cf00000| Complete 
| 208|0x000000008d000000, 0x000000008d100000, 0x000000008d100000|100%| E|CS|TAMS 0x000000008d000000, 0x000000008d000000| Complete 
| 209|0x000000008d100000, 0x000000008d200000, 0x000000008d200000|100%| E|CS|TAMS 0x000000008d100000, 0x000000008d100000| Complete 
| 210|0x000000008d200000, 0x000000008d300000, 0x000000008d300000|100%| E|CS|TAMS 0x000000008d200000, 0x000000008d200000| Complete 
| 211|0x000000008d300000, 0x000000008d400000, 0x000000008d400000|100%| E|CS|TAMS 0x000000008d300000, 0x000000008d300000| Complete 
| 212|0x000000008d400000, 0x000000008d500000, 0x000000008d500000|100%| E|CS|TAMS 0x000000008d400000, 0x000000008d400000| Complete 
| 213|0x000000008d500000, 0x000000008d600000, 0x000000008d600000|100%| E|CS|TAMS 0x000000008d500000, 0x000000008d500000| Complete 
| 214|0x000000008d600000, 0x000000008d700000, 0x000000008d700000|100%| E|CS|TAMS 0x000000008d600000, 0x000000008d600000| Complete 
| 215|0x000000008d700000, 0x000000008d800000, 0x000000008d800000|100%| E|CS|TAMS 0x000000008d700000, 0x000000008d700000| Complete 
| 216|0x000000008d800000, 0x000000008d900000, 0x000000008d900000|100%| E|CS|TAMS 0x000000008d800000, 0x000000008d800000| Complete 
| 217|0x000000008d900000, 0x000000008da00000, 0x000000008da00000|100%| E|CS|TAMS 0x000000008d900000, 0x000000008d900000| Complete 
| 218|0x000000008da00000, 0x000000008db00000, 0x000000008db00000|100%| E|CS|TAMS 0x000000008da00000, 0x000000008da00000| Complete 
| 219|0x000000008db00000, 0x000000008dc00000, 0x000000008dc00000|100%| E|CS|TAMS 0x000000008db00000, 0x000000008db00000| Complete 
| 220|0x000000008dc00000, 0x000000008dd00000, 0x000000008dd00000|100%| E|CS|TAMS 0x000000008dc00000, 0x000000008dc00000| Complete 
| 221|0x000000008dd00000, 0x000000008de00000, 0x000000008de00000|100%| E|CS|TAMS 0x000000008dd00000, 0x000000008dd00000| Complete 
| 222|0x000000008de00000, 0x000000008df00000, 0x000000008df00000|100%| E|CS|TAMS 0x000000008de00000, 0x000000008de00000| Complete 
| 223|0x000000008df00000, 0x000000008e000000, 0x000000008e000000|100%| E|CS|TAMS 0x000000008df00000, 0x000000008df00000| Complete 
| 224|0x000000008e000000, 0x000000008e100000, 0x000000008e100000|100%| E|CS|TAMS 0x000000008e000000, 0x000000008e000000| Complete 
| 225|0x000000008e100000, 0x000000008e200000, 0x000000008e200000|100%| E|CS|TAMS 0x000000008e100000, 0x000000008e100000| Complete 
| 226|0x000000008e200000, 0x000000008e300000, 0x000000008e300000|100%| E|CS|TAMS 0x000000008e200000, 0x000000008e200000| Complete 
| 227|0x000000008e300000, 0x000000008e400000, 0x000000008e400000|100%| E|CS|TAMS 0x000000008e300000, 0x000000008e300000| Complete 
| 228|0x000000008e400000, 0x000000008e500000, 0x000000008e500000|100%| E|CS|TAMS 0x000000008e400000, 0x000000008e400000| Complete 
| 229|0x000000008e500000, 0x000000008e600000, 0x000000008e600000|100%| E|CS|TAMS 0x000000008e500000, 0x000000008e500000| Complete 
| 230|0x000000008e600000, 0x000000008e700000, 0x000000008e700000|100%| E|CS|TAMS 0x000000008e600000, 0x000000008e600000| Complete 
| 231|0x000000008e700000, 0x000000008e800000, 0x000000008e800000|100%| E|CS|TAMS 0x000000008e700000, 0x000000008e700000| Complete 
| 232|0x000000008e800000, 0x000000008e900000, 0x000000008e900000|100%| E|CS|TAMS 0x000000008e800000, 0x000000008e800000| Complete 
| 233|0x000000008e900000, 0x000000008ea00000, 0x000000008ea00000|100%| E|CS|TAMS 0x000000008e900000, 0x000000008e900000| Complete 
| 234|0x000000008ea00000, 0x000000008eb00000, 0x000000008eb00000|100%| E|CS|TAMS 0x000000008ea00000, 0x000000008ea00000| Complete 
| 235|0x000000008eb00000, 0x000000008ec00000, 0x000000008ec00000|100%| E|CS|TAMS 0x000000008eb00000, 0x000000008eb00000| Complete 
| 236|0x000000008ec00000, 0x000000008ed00000, 0x000000008ed00000|100%| E|CS|TAMS 0x000000008ec00000, 0x000000008ec00000| Complete 
| 237|0x000000008ed00000, 0x000000008ee00000, 0x000000008ee00000|100%| E|CS|TAMS 0x000000008ed00000, 0x000000008ed00000| Complete 
| 238|0x000000008ee00000, 0x000000008ef00000, 0x000000008ef00000|100%| E|CS|TAMS 0x000000008ee00000, 0x000000008ee00000| Complete 
| 239|0x000000008ef00000, 0x000000008f000000, 0x000000008f000000|100%| E|CS|TAMS 0x000000008ef00000, 0x000000008ef00000| Complete 
| 240|0x000000008f000000, 0x000000008f100000, 0x000000008f100000|100%| E|CS|TAMS 0x000000008f000000, 0x000000008f000000| Complete 
| 241|0x000000008f100000, 0x000000008f200000, 0x000000008f200000|100%| E|CS|TAMS 0x000000008f100000, 0x000000008f100000| Complete 
| 242|0x000000008f200000, 0x000000008f300000, 0x000000008f300000|100%| E|CS|TAMS 0x000000008f200000, 0x000000008f200000| Complete 
| 243|0x000000008f300000, 0x000000008f400000, 0x000000008f400000|100%| E|CS|TAMS 0x000000008f300000, 0x000000008f300000| Complete 
| 244|0x000000008f400000, 0x000000008f500000, 0x000000008f500000|100%| E|CS|TAMS 0x000000008f400000, 0x000000008f400000| Complete 
| 245|0x000000008f500000, 0x000000008f600000, 0x000000008f600000|100%| E|CS|TAMS 0x000000008f500000, 0x000000008f500000| Complete 
| 246|0x000000008f600000, 0x000000008f700000, 0x000000008f700000|100%| E|CS|TAMS 0x000000008f600000, 0x000000008f600000| Complete 
| 247|0x000000008f700000, 0x000000008f800000, 0x000000008f800000|100%| E|CS|TAMS 0x000000008f700000, 0x000000008f700000| Complete 
| 248|0x000000008f800000, 0x000000008f900000, 0x000000008f900000|100%| E|CS|TAMS 0x000000008f800000, 0x000000008f800000| Complete 
| 249|0x000000008f900000, 0x000000008fa00000, 0x000000008fa00000|100%| E|CS|TAMS 0x000000008f900000, 0x000000008f900000| Complete 
| 250|0x000000008fa00000, 0x000000008fb00000, 0x000000008fb00000|100%| E|CS|TAMS 0x000000008fa00000, 0x000000008fa00000| Complete 
| 251|0x000000008fb00000, 0x000000008fc00000, 0x000000008fc00000|100%| E|CS|TAMS 0x000000008fb00000, 0x000000008fb00000| Complete 
| 252|0x000000008fc00000, 0x000000008fd00000, 0x000000008fd00000|100%| E|CS|TAMS 0x000000008fc00000, 0x000000008fc00000| Complete 
| 253|0x000000008fd00000, 0x000000008fe00000, 0x000000008fe00000|100%| E|CS|TAMS 0x000000008fd00000, 0x000000008fd00000| Complete 
| 254|0x000000008fe00000, 0x000000008ff00000, 0x000000008ff00000|100%| E|CS|TAMS 0x000000008fe00000, 0x000000008fe00000| Complete 
| 255|0x000000008ff00000, 0x0000000090000000, 0x0000000090000000|100%| E|CS|TAMS 0x000000008ff00000, 0x000000008ff00000| Complete 
| 256|0x0000000090000000, 0x0000000090100000, 0x0000000090100000|100%| E|CS|TAMS 0x0000000090000000, 0x0000000090000000| Complete 
| 257|0x0000000090100000, 0x0000000090200000, 0x0000000090200000|100%| E|CS|TAMS 0x0000000090100000, 0x0000000090100000| Complete 
| 258|0x0000000090200000, 0x0000000090300000, 0x0000000090300000|100%| E|CS|TAMS 0x0000000090200000, 0x0000000090200000| Complete 
| 259|0x0000000090300000, 0x0000000090400000, 0x0000000090400000|100%| E|CS|TAMS 0x0000000090300000, 0x0000000090300000| Complete 
| 260|0x0000000090400000, 0x0000000090500000, 0x0000000090500000|100%| E|CS|TAMS 0x0000000090400000, 0x0000000090400000| Complete 
| 261|0x0000000090500000, 0x0000000090600000, 0x0000000090600000|100%| E|CS|TAMS 0x0000000090500000, 0x0000000090500000| Complete 
| 262|0x0000000090600000, 0x0000000090700000, 0x0000000090700000|100%| E|CS|TAMS 0x0000000090600000, 0x0000000090600000| Complete 
| 263|0x0000000090700000, 0x0000000090800000, 0x0000000090800000|100%| E|CS|TAMS 0x0000000090700000, 0x0000000090700000| Complete 
| 264|0x0000000090800000, 0x0000000090900000, 0x0000000090900000|100%| E|CS|TAMS 0x0000000090800000, 0x0000000090800000| Complete 
| 265|0x0000000090900000, 0x0000000090a00000, 0x0000000090a00000|100%| E|CS|TAMS 0x0000000090900000, 0x0000000090900000| Complete 
| 266|0x0000000090a00000, 0x0000000090b00000, 0x0000000090b00000|100%| E|CS|TAMS 0x0000000090a00000, 0x0000000090a00000| Complete 
| 267|0x0000000090b00000, 0x0000000090c00000, 0x0000000090c00000|100%| E|CS|TAMS 0x0000000090b00000, 0x0000000090b00000| Complete 
| 268|0x0000000090c00000, 0x0000000090d00000, 0x0000000090d00000|100%| E|CS|TAMS 0x0000000090c00000, 0x0000000090c00000| Complete 
| 269|0x0000000090d00000, 0x0000000090e00000, 0x0000000090e00000|100%| E|CS|TAMS 0x0000000090d00000, 0x0000000090d00000| Complete 
| 270|0x0000000090e00000, 0x0000000090f00000, 0x0000000090f00000|100%| E|CS|TAMS 0x0000000090e00000, 0x0000000090e00000| Complete 
| 271|0x0000000090f00000, 0x0000000091000000, 0x0000000091000000|100%| E|CS|TAMS 0x0000000090f00000, 0x0000000090f00000| Complete 
| 272|0x0000000091000000, 0x0000000091100000, 0x0000000091100000|100%| E|CS|TAMS 0x0000000091000000, 0x0000000091000000| Complete 
| 273|0x0000000091100000, 0x0000000091200000, 0x0000000091200000|100%| E|CS|TAMS 0x0000000091100000, 0x0000000091100000| Complete 
| 274|0x0000000091200000, 0x0000000091300000, 0x0000000091300000|100%| E|CS|TAMS 0x0000000091200000, 0x0000000091200000| Complete 
| 275|0x0000000091300000, 0x0000000091400000, 0x0000000091400000|100%| E|CS|TAMS 0x0000000091300000, 0x0000000091300000| Complete 
| 276|0x0000000091400000, 0x0000000091500000, 0x0000000091500000|100%| E|CS|TAMS 0x0000000091400000, 0x0000000091400000| Complete 
| 277|0x0000000091500000, 0x0000000091600000, 0x0000000091600000|100%| E|CS|TAMS 0x0000000091500000, 0x0000000091500000| Complete 
| 278|0x0000000091600000, 0x0000000091700000, 0x0000000091700000|100%| E|CS|TAMS 0x0000000091600000, 0x0000000091600000| Complete 
| 279|0x0000000091700000, 0x0000000091800000, 0x0000000091800000|100%| E|CS|TAMS 0x0000000091700000, 0x0000000091700000| Complete 
| 280|0x0000000091800000, 0x0000000091900000, 0x0000000091900000|100%| E|CS|TAMS 0x0000000091800000, 0x0000000091800000| Complete 
| 281|0x0000000091900000, 0x0000000091a00000, 0x0000000091a00000|100%| E|CS|TAMS 0x0000000091900000, 0x0000000091900000| Complete 
| 282|0x0000000091a00000, 0x0000000091b00000, 0x0000000091b00000|100%| E|CS|TAMS 0x0000000091a00000, 0x0000000091a00000| Complete 
| 283|0x0000000091b00000, 0x0000000091c00000, 0x0000000091c00000|100%| E|CS|TAMS 0x0000000091b00000, 0x0000000091b00000| Complete 
| 284|0x0000000091c00000, 0x0000000091d00000, 0x0000000091d00000|100%| E|CS|TAMS 0x0000000091c00000, 0x0000000091c00000| Complete 
| 285|0x0000000091d00000, 0x0000000091e00000, 0x0000000091e00000|100%| E|CS|TAMS 0x0000000091d00000, 0x0000000091d00000| Complete 
| 286|0x0000000091e00000, 0x0000000091f00000, 0x0000000091f00000|100%| E|CS|TAMS 0x0000000091e00000, 0x0000000091e00000| Complete 
| 287|0x0000000091f00000, 0x0000000092000000, 0x0000000092000000|100%| E|CS|TAMS 0x0000000091f00000, 0x0000000091f00000| Complete 
| 288|0x0000000092000000, 0x0000000092100000, 0x0000000092100000|100%| E|CS|TAMS 0x0000000092000000, 0x0000000092000000| Complete 
| 289|0x0000000092100000, 0x0000000092200000, 0x0000000092200000|100%| E|CS|TAMS 0x0000000092100000, 0x0000000092100000| Complete 
| 290|0x0000000092200000, 0x0000000092300000, 0x0000000092300000|100%| E|CS|TAMS 0x0000000092200000, 0x0000000092200000| Complete 
| 291|0x0000000092300000, 0x0000000092400000, 0x0000000092400000|100%| E|CS|TAMS 0x0000000092300000, 0x0000000092300000| Complete 
| 292|0x0000000092400000, 0x0000000092500000, 0x0000000092500000|100%| E|CS|TAMS 0x0000000092400000, 0x0000000092400000| Complete 
| 293|0x0000000092500000, 0x0000000092600000, 0x0000000092600000|100%| E|CS|TAMS 0x0000000092500000, 0x0000000092500000| Complete 
| 294|0x0000000092600000, 0x0000000092700000, 0x0000000092700000|100%| E|CS|TAMS 0x0000000092600000, 0x0000000092600000| Complete 
| 295|0x0000000092700000, 0x0000000092800000, 0x0000000092800000|100%| E|CS|TAMS 0x0000000092700000, 0x0000000092700000| Complete 
| 296|0x0000000092800000, 0x0000000092900000, 0x0000000092900000|100%| E|CS|TAMS 0x0000000092800000, 0x0000000092800000| Complete 
| 297|0x0000000092900000, 0x0000000092a00000, 0x0000000092a00000|100%| E|CS|TAMS 0x0000000092900000, 0x0000000092900000| Complete 
| 298|0x0000000092a00000, 0x0000000092b00000, 0x0000000092b00000|100%| E|CS|TAMS 0x0000000092a00000, 0x0000000092a00000| Complete 
| 299|0x0000000092b00000, 0x0000000092c00000, 0x0000000092c00000|100%| E|CS|TAMS 0x0000000092b00000, 0x0000000092b00000| Complete 
| 300|0x0000000092c00000, 0x0000000092d00000, 0x0000000092d00000|100%| E|CS|TAMS 0x0000000092c00000, 0x0000000092c00000| Complete 
| 301|0x0000000092d00000, 0x0000000092e00000, 0x0000000092e00000|100%| E|CS|TAMS 0x0000000092d00000, 0x0000000092d00000| Complete 
| 302|0x0000000092e00000, 0x0000000092f00000, 0x0000000092f00000|100%| E|CS|TAMS 0x0000000092e00000, 0x0000000092e00000| Complete 
| 303|0x0000000092f00000, 0x0000000093000000, 0x0000000093000000|100%| E|CS|TAMS 0x0000000092f00000, 0x0000000092f00000| Complete 
| 304|0x0000000093000000, 0x0000000093100000, 0x0000000093100000|100%| E|CS|TAMS 0x0000000093000000, 0x0000000093000000| Complete 
| 305|0x0000000093100000, 0x0000000093200000, 0x0000000093200000|100%| E|CS|TAMS 0x0000000093100000, 0x0000000093100000| Complete 
| 306|0x0000000093200000, 0x0000000093300000, 0x0000000093300000|100%| E|CS|TAMS 0x0000000093200000, 0x0000000093200000| Complete 
| 307|0x0000000093300000, 0x0000000093400000, 0x0000000093400000|100%| E|CS|TAMS 0x0000000093300000, 0x0000000093300000| Complete 
| 308|0x0000000093400000, 0x0000000093500000, 0x0000000093500000|100%| E|CS|TAMS 0x0000000093400000, 0x0000000093400000| Complete 
| 309|0x0000000093500000, 0x0000000093600000, 0x0000000093600000|100%| E|CS|TAMS 0x0000000093500000, 0x0000000093500000| Complete 
| 310|0x0000000093600000, 0x0000000093700000, 0x0000000093700000|100%| E|CS|TAMS 0x0000000093600000, 0x0000000093600000| Complete 
| 311|0x0000000093700000, 0x0000000093800000, 0x0000000093800000|100%| E|CS|TAMS 0x0000000093700000, 0x0000000093700000| Complete 
| 312|0x0000000093800000, 0x0000000093900000, 0x0000000093900000|100%| E|CS|TAMS 0x0000000093800000, 0x0000000093800000| Complete 
| 313|0x0000000093900000, 0x0000000093a00000, 0x0000000093a00000|100%| E|CS|TAMS 0x0000000093900000, 0x0000000093900000| Complete 
| 314|0x0000000093a00000, 0x0000000093b00000, 0x0000000093b00000|100%| E|CS|TAMS 0x0000000093a00000, 0x0000000093a00000| Complete 
| 315|0x0000000093b00000, 0x0000000093c00000, 0x0000000093c00000|100%| E|CS|TAMS 0x0000000093b00000, 0x0000000093b00000| Complete 
| 316|0x0000000093c00000, 0x0000000093d00000, 0x0000000093d00000|100%| E|CS|TAMS 0x0000000093c00000, 0x0000000093c00000| Complete 
| 317|0x0000000093d00000, 0x0000000093e00000, 0x0000000093e00000|100%| E|CS|TAMS 0x0000000093d00000, 0x0000000093d00000| Complete 
| 318|0x0000000093e00000, 0x0000000093f00000, 0x0000000093f00000|100%| E|CS|TAMS 0x0000000093e00000, 0x0000000093e00000| Complete 
| 319|0x0000000093f00000, 0x0000000094000000, 0x0000000094000000|100%| E|CS|TAMS 0x0000000093f00000, 0x0000000093f00000| Complete 
| 320|0x0000000094000000, 0x0000000094100000, 0x0000000094100000|100%| E|CS|TAMS 0x0000000094000000, 0x0000000094000000| Complete 

Card table byte_map: [0x000001f22ce80000,0x000001f22d280000] _byte_map_base: 0x000001f22ca80000

Marking Bits (Prev, Next): (CMBitMap*) 0x000001f219fa21c0, (CMBitMap*) 0x000001f219fa2188
 Prev Bits: [0x000001f22f680000, 0x000001f231680000)
 Next Bits: [0x000001f22d680000, 0x000001f22f680000)

Polling page: 0x000001f217cb0000

Metaspace:

Usage:
  Non-class:    105.49 MB capacity,   103.13 MB ( 98%) used,     1.90 MB (  2%) free+waste,   479.13 KB ( <1%) overhead. 
      Class:     15.79 MB capacity,    14.39 MB ( 91%) used,     1.20 MB (  8%) free+waste,   206.44 KB (  1%) overhead. 
       Both:    121.28 MB capacity,   117.52 MB ( 97%) used,     3.09 MB (  3%) free+waste,   685.56 KB ( <1%) overhead. 

Virtual space:
  Non-class space:      106.00 MB reserved,     105.59 MB (>99%) committed 
      Class space:        1.00 GB reserved,      15.80 MB (  2%) committed 
             Both:        1.10 GB reserved,     121.38 MB ( 11%) committed 

Chunk freelists:
   Non-Class:  34.00 KB
       Class:  0 bytes
        Both:  34.00 KB

MaxMetaspaceSize: 17179869184.00 GB
CompressedClassSpaceSize: 1.00 GB
Initial GC threshold: 20.80 MB
Current GC threshold: 197.10 MB
CDS: off

CodeHeap 'non-profiled nmethods': size=120064Kb used=18319Kb max_used=18319Kb free=101744Kb
 bounds [0x000001f225540000, 0x000001f226730000, 0x000001f22ca80000]
CodeHeap 'profiled nmethods': size=120000Kb used=53348Kb max_used=53348Kb free=66652Kb
 bounds [0x000001f21e010000, 0x000001f2214d0000, 0x000001f225540000]
CodeHeap 'non-nmethods': size=5696Kb used=2436Kb max_used=2517Kb free=3259Kb
 bounds [0x000001f21da80000, 0x000001f21dd20000, 0x000001f21e010000]
 total_blobs=24698 nmethods=23735 adapters=872
 compilation: enabled
              stopped_count=0, restarted_count=0
 full_count=0

Compilation events (20 events):
Event: 13255.494 Thread 0x000001f233bac000 27876 %     3       com.android.tools.r8.ir.regalloc.a::a @ 683 (1824 bytes)
Event: 13255.494 Thread 0x000001f233ba5000 nmethod 27847 0x000001f226708290 code [0x000001f2267086a0, 0x000001f22670abe0]
Event: 13255.494 Thread 0x000001f233ba5000 27848       4       com.android.tools.r8.internal.F7::i (231 bytes)
Event: 13255.514 Thread 0x000001f233bac000 nmethod 27876% 0x000001f21fa27f90 code [0x000001f21fa29600, 0x000001f21fa39a08]
Event: 13255.565 Thread 0x000001f233bac000 27878 %     3       com.android.tools.r8.ir.regalloc.a::a @ 860 (1824 bytes)
Event: 13255.570 Thread 0x000001f233ba5000 nmethod 27848 0x000001f22670c890 code [0x000001f22670cbc0, 0x000001f22670e2f0]
Event: 13255.570 Thread 0x000001f233ba5000 27877       4       com.android.tools.r8.internal.qf::a (43 bytes)
Event: 13255.577 Thread 0x000001f233ba5000 nmethod 27877 0x000001f22670f490 code [0x000001f22670f640, 0x000001f22670f7f8]
Event: 13255.577 Thread 0x000001f233ba5000 27845       4       com.android.tools.r8.internal.qf::indexOf (50 bytes)
Event: 13255.587 Thread 0x000001f233ba5000 nmethod 27845 0x000001f22670f910 code [0x000001f22670fac0, 0x000001f22670ff38]
Event: 13255.587 Thread 0x000001f233ba5000 27849       4       com.android.tools.r8.internal.XC::b (268 bytes)
Event: 13255.590 Thread 0x000001f233bac000 nmethod 27878% 0x000001f22143db90 code [0x000001f22143f200, 0x000001f22144f848]
Event: 13255.644 Thread 0x000001f233bac000 27881 %     2       com.android.tools.r8.internal.qf::a @ 8 (43 bytes)
Event: 13255.645 Thread 0x000001f233bac000 nmethod 27881% 0x000001f22059d510 code [0x000001f22059d6e0, 0x000001f22059da78]
Event: 13255.645 Thread 0x000001f233bac000 27882       2       com.android.tools.r8.internal.qf::a (43 bytes)
Event: 13255.646 Thread 0x000001f233bac000 nmethod 27882 0x000001f22059cd10 code [0x000001f22059cee0, 0x000001f22059d1b8]
Event: 13255.650 Thread 0x000001f239a75000 nmethod 27835% 0x000001f226710190 code [0x000001f226710a20, 0x000001f226718a78]
Event: 13255.651 Thread 0x000001f239a75000 27846       4       com.android.tools.r8.internal.F7::p (1053 bytes)
Event: 13255.693 Thread 0x000001f233bac000 27888 %     3       com.android.tools.r8.ir.regalloc.a::a @ 418 (1824 bytes)
Event: 13255.715 Thread 0x000001f233bac000 nmethod 27888% 0x000001f221454e90 code [0x000001f221456500, 0x000001f221466a48]

GC Heap History (20 events):
Event: 13246.773 GC heap before
{Heap before GC invocations=56 (full 0):
 garbage-first heap   total 328704K, used 298339K [0x0000000080000000, 0x0000000100000000)
  region size 1024K, 159 young (162816K), 11 survivors (11264K)
 Metaspace       used 120306K, capacity 124186K, committed 124296K, reserved 1157120K
  class space    used 14734K, capacity 16166K, committed 16176K, reserved 1048576K
}
Event: 13246.794 GC heap after
{Heap after GC invocations=57 (full 0):
 garbage-first heap   total 328704K, used 127141K [0x0000000080000000, 0x0000000100000000)
  region size 1024K, 17 young (17408K), 17 survivors (17408K)
 Metaspace       used 120306K, capacity 124186K, committed 124296K, reserved 1157120K
  class space    used 14734K, capacity 16166K, committed 16176K, reserved 1048576K
}
Event: 13248.156 GC heap before
{Heap before GC invocations=57 (full 0):
 garbage-first heap   total 328704K, used 265381K [0x0000000080000000, 0x0000000100000000)
  region size 1024K, 152 young (155648K), 17 survivors (17408K)
 Metaspace       used 120315K, capacity 124188K, committed 124296K, reserved 1157120K
  class space    used 14735K, capacity 16166K, committed 16176K, reserved 1048576K
}
Event: 13248.184 GC heap after
{Heap after GC invocations=58 (full 0):
 garbage-first heap   total 328704K, used 134044K [0x0000000080000000, 0x0000000100000000)
  region size 1024K, 9 young (9216K), 9 survivors (9216K)
 Metaspace       used 120315K, capacity 124188K, committed 124296K, reserved 1157120K
  class space    used 14735K, capacity 16166K, committed 16176K, reserved 1048576K
}
Event: 13249.386 GC heap before
{Heap before GC invocations=58 (full 0):
 garbage-first heap   total 328704K, used 265116K [0x0000000080000000, 0x0000000100000000)
  region size 1024K, 137 young (140288K), 9 survivors (9216K)
 Metaspace       used 120318K, capacity 124188K, committed 124296K, reserved 1157120K
  class space    used 14735K, capacity 16166K, committed 16176K, reserved 1048576K
}
Event: 13249.408 GC heap after
{Heap after GC invocations=59 (full 0):
 garbage-first heap   total 328704K, used 135043K [0x0000000080000000, 0x0000000100000000)
  region size 1024K, 10 young (10240K), 10 survivors (10240K)
 Metaspace       used 120318K, capacity 124188K, committed 124296K, reserved 1157120K
  class space    used 14735K, capacity 16166K, committed 16176K, reserved 1048576K
}
Event: 13250.225 GC heap before
{Heap before GC invocations=59 (full 0):
 garbage-first heap   total 328704K, used 268163K [0x0000000080000000, 0x0000000100000000)
  region size 1024K, 140 young (143360K), 10 survivors (10240K)
 Metaspace       used 120323K, capacity 124188K, committed 124296K, reserved 1157120K
  class space    used 14735K, capacity 16166K, committed 16176K, reserved 1048576K
}
Event: 13250.249 GC heap after
{Heap after GC invocations=60 (full 0):
 garbage-first heap   total 328704K, used 135577K [0x0000000080000000, 0x0000000100000000)
  region size 1024K, 2 young (2048K), 2 survivors (2048K)
 Metaspace       used 120323K, capacity 124188K, committed 124296K, reserved 1157120K
  class space    used 14735K, capacity 16166K, committed 16176K, reserved 1048576K
}
Event: 13252.096 GC heap before
{Heap before GC invocations=60 (full 0):
 garbage-first heap   total 328704K, used 271769K [0x0000000080000000, 0x0000000100000000)
  region size 1024K, 135 young (138240K), 2 survivors (2048K)
 Metaspace       used 120327K, capacity 124188K, committed 124296K, reserved 1157120K
  class space    used 14735K, capacity 16166K, committed 16176K, reserved 1048576K
}
Event: 13252.102 GC heap after
{Heap after GC invocations=61 (full 0):
 garbage-first heap   total 328704K, used 135324K [0x0000000080000000, 0x0000000100000000)
  region size 1024K, 2 young (2048K), 2 survivors (2048K)
 Metaspace       used 120327K, capacity 124188K, committed 124296K, reserved 1157120K
  class space    used 14735K, capacity 16166K, committed 16176K, reserved 1048576K
}
Event: 13252.637 GC heap before
{Heap before GC invocations=61 (full 0):
 garbage-first heap   total 328704K, used 274588K [0x0000000080000000, 0x0000000100000000)
  region size 1024K, 138 young (141312K), 2 survivors (2048K)
 Metaspace       used 120328K, capacity 124188K, committed 124296K, reserved 1157120K
  class space    used 14735K, capacity 16166K, committed 16176K, reserved 1048576K
}
Event: 13252.640 GC heap after
{Heap after GC invocations=62 (full 0):
 garbage-first heap   total 328704K, used 135360K [0x0000000080000000, 0x0000000100000000)
  region size 1024K, 2 young (2048K), 2 survivors (2048K)
 Metaspace       used 120328K, capacity 124188K, committed 124296K, reserved 1157120K
  class space    used 14735K, capacity 16166K, committed 16176K, reserved 1048576K
}
Event: 13253.500 GC heap before
{Heap before GC invocations=62 (full 0):
 garbage-first heap   total 328704K, used 276672K [0x0000000080000000, 0x0000000100000000)
  region size 1024K, 140 young (143360K), 2 survivors (2048K)
 Metaspace       used 120330K, capacity 124188K, committed 124296K, reserved 1157120K
  class space    used 14735K, capacity 16166K, committed 16176K, reserved 1048576K
}
Event: 13253.505 GC heap after
{Heap after GC invocations=63 (full 0):
 garbage-first heap   total 328704K, used 135724K [0x0000000080000000, 0x0000000100000000)
  region size 1024K, 3 young (3072K), 3 survivors (3072K)
 Metaspace       used 120330K, capacity 124188K, committed 124296K, reserved 1157120K
  class space    used 14735K, capacity 16166K, committed 16176K, reserved 1048576K
}
Event: 13254.075 GC heap before
{Heap before GC invocations=63 (full 0):
 garbage-first heap   total 328704K, used 278060K [0x0000000080000000, 0x0000000100000000)
  region size 1024K, 142 young (145408K), 3 survivors (3072K)
 Metaspace       used 120333K, capacity 124188K, committed 124296K, reserved 1157120K
  class space    used 14735K, capacity 16166K, committed 16176K, reserved 1048576K
}
Event: 13254.082 GC heap after
{Heap after GC invocations=64 (full 0):
 garbage-first heap   total 328704K, used 137521K [0x0000000080000000, 0x0000000100000000)
  region size 1024K, 4 young (4096K), 4 survivors (4096K)
 Metaspace       used 120333K, capacity 124188K, committed 124296K, reserved 1157120K
  class space    used 14735K, capacity 16166K, committed 16176K, reserved 1048576K
}
Event: 13255.012 GC heap before
{Heap before GC invocations=64 (full 0):
 garbage-first heap   total 328704K, used 280881K [0x0000000080000000, 0x0000000100000000)
  region size 1024K, 144 young (147456K), 4 survivors (4096K)
 Metaspace       used 120337K, capacity 124188K, committed 124296K, reserved 1157120K
  class space    used 14735K, capacity 16166K, committed 16176K, reserved 1048576K
}
Event: 13255.020 GC heap after
{Heap after GC invocations=65 (full 0):
 garbage-first heap   total 328704K, used 136482K [0x0000000080000000, 0x0000000100000000)
  region size 1024K, 3 young (3072K), 3 survivors (3072K)
 Metaspace       used 120337K, capacity 124188K, committed 124296K, reserved 1157120K
  class space    used 14735K, capacity 16166K, committed 16176K, reserved 1048576K
}
Event: 13255.774 GC heap before
{Heap before GC invocations=65 (full 0):
 garbage-first heap   total 328704K, used 281890K [0x0000000080000000, 0x0000000100000000)
  region size 1024K, 145 young (148480K), 3 survivors (3072K)
 Metaspace       used 120337K, capacity 124188K, committed 124296K, reserved 1157120K
  class space    used 14735K, capacity 16166K, committed 16176K, reserved 1048576K
}
Event: 13255.779 GC heap after
{Heap after GC invocations=66 (full 0):
 garbage-first heap   total 328704K, used 136955K [0x0000000080000000, 0x0000000100000000)
  region size 1024K, 4 young (4096K), 4 survivors (4096K)
 Metaspace       used 120337K, capacity 124188K, committed 124296K, reserved 1157120K
  class space    used 14735K, capacity 16166K, committed 16176K, reserved 1048576K
}

Deoptimization events (20 events):
Event: 13255.622 Thread 0x000001f23473b000 Uncommon trap: trap_request=0xffffffd6 fr.pc=0x000001f22670f7b4 relative=0x0000000000000174
Event: 13255.622 Thread 0x000001f23473b000 Uncommon trap: reason=array_check action=maybe_recompile pc=0x000001f22670f7b4 method=com.android.tools.r8.internal.qf.a([Ljava/lang/Object;I)I @ 32 c2
Event: 13255.622 Thread 0x000001f23473b000 DEOPT PACKING pc=0x000001f22670f7b4 sp=0x0000009979dfc0e0
Event: 13255.622 Thread 0x000001f23473b000 DEOPT UNPACKING pc=0x000001f21daca1af sp=0x0000009979dfc070 mode 2
Event: 13255.622 Thread 0x000001f23473b000 Uncommon trap: trap_request=0xffffffd6 fr.pc=0x000001f22670f7b4 relative=0x0000000000000174
Event: 13255.622 Thread 0x000001f23473b000 Uncommon trap: reason=array_check action=maybe_recompile pc=0x000001f22670f7b4 method=com.android.tools.r8.internal.qf.a([Ljava/lang/Object;I)I @ 32 c2
Event: 13255.622 Thread 0x000001f23473b000 DEOPT PACKING pc=0x000001f22670f7b4 sp=0x0000009979dfc0e0
Event: 13255.622 Thread 0x000001f23473b000 DEOPT UNPACKING pc=0x000001f21daca1af sp=0x0000009979dfc070 mode 2
Event: 13255.652 Thread 0x000001f23473b000 DEOPT PACKING pc=0x000001f21fa53eec sp=0x0000009979dfbe40
Event: 13255.652 Thread 0x000001f23473b000 DEOPT UNPACKING pc=0x000001f21daca95e sp=0x0000009979dfb5c0 mode 0
Event: 13255.655 Thread 0x000001f23473b000 DEOPT PACKING pc=0x000001f21fd7bb3c sp=0x0000009979dfc240
Event: 13255.655 Thread 0x000001f23473b000 DEOPT UNPACKING pc=0x000001f21daca95e sp=0x0000009979dfb7c8 mode 0
Event: 13255.662 Thread 0x000001f23473b000 DEOPT PACKING pc=0x000001f21f9fba2c sp=0x0000009979dfc470
Event: 13255.662 Thread 0x000001f23473b000 DEOPT UNPACKING pc=0x000001f21daca95e sp=0x0000009979dfba70 mode 0
Event: 13255.708 Thread 0x000001f23473b000 DEOPT PACKING pc=0x000001f21fd7bb3c sp=0x0000009979dfc060
Event: 13255.708 Thread 0x000001f23473b000 DEOPT UNPACKING pc=0x000001f21daca95e sp=0x0000009979dfb5e8 mode 0
Event: 13255.784 Thread 0x000001f23473b000 DEOPT PACKING pc=0x000001f21fd7b78f sp=0x0000009979dfc060
Event: 13255.784 Thread 0x000001f23473b000 DEOPT UNPACKING pc=0x000001f21daca95e sp=0x0000009979dfb5e8 mode 0
Event: 13255.808 Thread 0x000001f23473b000 DEOPT PACKING pc=0x000001f21fa53eec sp=0x0000009979dfbe40
Event: 13255.808 Thread 0x000001f23473b000 DEOPT UNPACKING pc=0x000001f21daca95e sp=0x0000009979dfb5c0 mode 0

Classes redefined (0 events):
No events

Internal exceptions (20 events):
Event: 13237.220 Thread 0x000001f23bd47800 Exception <a 'sun/nio/fs/WindowsException'{0x000000009309d820}> (0x000000009309d820) thrown at [./src/hotspot/share/prims/jni.cpp, line 616]
Event: 13237.236 Thread 0x000001f23bd47800 Exception <a 'sun/nio/fs/WindowsException'{0x0000000092e92dc0}> (0x0000000092e92dc0) thrown at [./src/hotspot/share/prims/jni.cpp, line 616]
Event: 13237.236 Thread 0x000001f23bd47800 Exception <a 'sun/nio/fs/WindowsException'{0x0000000092e92ef0}> (0x0000000092e92ef0) thrown at [./src/hotspot/share/prims/jni.cpp, line 616]
Event: 13237.256 Thread 0x000001f23bd47800 Exception <a 'sun/nio/fs/WindowsException'{0x0000000092ba5a28}> (0x0000000092ba5a28) thrown at [./src/hotspot/share/prims/jni.cpp, line 616]
Event: 13237.258 Thread 0x000001f23bd47800 Exception <a 'sun/nio/fs/WindowsException'{0x0000000092bad6a8}> (0x0000000092bad6a8) thrown at [./src/hotspot/share/prims/jni.cpp, line 616]
Event: 13237.259 Thread 0x000001f23bd47800 Exception <a 'sun/nio/fs/WindowsException'{0x0000000092bb3590}> (0x0000000092bb3590) thrown at [./src/hotspot/share/prims/jni.cpp, line 616]
Event: 13237.264 Thread 0x000001f23bd47800 Exception <a 'sun/nio/fs/WindowsException'{0x0000000092bfbfe8}> (0x0000000092bfbfe8) thrown at [./src/hotspot/share/prims/jni.cpp, line 616]
Event: 13237.423 Thread 0x000001f23bd4d000 Exception <a 'sun/nio/fs/WindowsException'{0x00000000924da148}> (0x00000000924da148) thrown at [./src/hotspot/share/prims/jni.cpp, line 616]
Event: 13237.547 Thread 0x000001f23bd4d000 Exception <a 'sun/nio/fs/WindowsException'{0x0000000091af20d8}> (0x0000000091af20d8) thrown at [./src/hotspot/share/prims/jni.cpp, line 616]
Event: 13237.607 Thread 0x000001f23bd4e000 Exception <a 'sun/nio/fs/WindowsException'{0x0000000091759918}> (0x0000000091759918) thrown at [./src/hotspot/share/prims/jni.cpp, line 616]
Event: 13237.639 Thread 0x000001f23bd4e000 Exception <a 'sun/nio/fs/WindowsException'{0x0000000090f6ee38}> (0x0000000090f6ee38) thrown at [./src/hotspot/share/prims/jni.cpp, line 616]
Event: 13245.407 Thread 0x000001f234738800 Exception <a 'sun/nio/fs/WindowsException'{0x000000008f20a3d0}> (0x000000008f20a3d0) thrown at [./src/hotspot/share/prims/jni.cpp, line 616]
Event: 13245.455 Thread 0x000001f234738800 Exception <a 'java/lang/NoClassDefFoundError'{0x000000008f0b2550}: org/jetbrains/kotlin/gradle/plugin/KotlinBasePluginWrapper> (0x000000008f0b2550) thrown at [./src/hotspot/share/oops/constantPool.cpp, line 775]
Event: 13245.474 Thread 0x000001f234738800 Exception <a 'sun/nio/fs/WindowsException'{0x000000008ef6e360}> (0x000000008ef6e360) thrown at [./src/hotspot/share/prims/jni.cpp, line 616]
Event: 13245.483 Thread 0x000001f234738800 Exception <a 'sun/nio/fs/WindowsException'{0x000000008ee0efb0}> (0x000000008ee0efb0) thrown at [./src/hotspot/share/prims/jni.cpp, line 616]
Event: 13245.483 Thread 0x000001f234738800 Exception <a 'sun/nio/fs/WindowsException'{0x000000008ee10068}> (0x000000008ee10068) thrown at [./src/hotspot/share/prims/jni.cpp, line 616]
Event: 13245.483 Thread 0x000001f234738800 Exception <a 'sun/nio/fs/WindowsException'{0x000000008ee11170}> (0x000000008ee11170) thrown at [./src/hotspot/share/prims/jni.cpp, line 616]
Event: 13245.483 Thread 0x000001f234738800 Exception <a 'sun/nio/fs/WindowsException'{0x000000008ee12278}> (0x000000008ee12278) thrown at [./src/hotspot/share/prims/jni.cpp, line 616]
Event: 13252.416 Thread 0x000001f23473b000 Implicit null exception at 0x000001f225f0414a to 0x000001f225f0a41c
Event: 13252.417 Thread 0x000001f23473b000 Implicit null exception at 0x000001f225e15689 to 0x000001f225e1b2bc

Events (20 events):
Event: 13247.721 loading class com/android/tools/r8/internal/i2$a
Event: 13247.721 loading class com/android/tools/r8/internal/i2$a done
Event: 13248.156 Executing VM operation: G1CollectForAllocation
Event: 13248.184 Executing VM operation: G1CollectForAllocation done
Event: 13249.385 Executing VM operation: G1CollectForAllocation
Event: 13249.408 Executing VM operation: G1CollectForAllocation done
Event: 13250.225 Executing VM operation: G1CollectForAllocation
Event: 13250.249 Executing VM operation: G1CollectForAllocation done
Event: 13252.096 Executing VM operation: G1CollectForAllocation
Event: 13252.102 Executing VM operation: G1CollectForAllocation done
Event: 13252.637 Executing VM operation: G1CollectForAllocation
Event: 13252.640 Executing VM operation: G1CollectForAllocation done
Event: 13253.500 Executing VM operation: G1CollectForAllocation
Event: 13253.505 Executing VM operation: G1CollectForAllocation done
Event: 13254.075 Executing VM operation: G1CollectForAllocation
Event: 13254.082 Executing VM operation: G1CollectForAllocation done
Event: 13255.012 Executing VM operation: G1CollectForAllocation
Event: 13255.020 Executing VM operation: G1CollectForAllocation done
Event: 13255.774 Executing VM operation: G1CollectForAllocation
Event: 13255.779 Executing VM operation: G1CollectForAllocation done


Dynamic libraries:
0x00007ff7f1cc0000 - 0x00007ff7f1cca000 	E:\Programs\Android Studio\jre\bin\java.exe
0x00007ffb1a910000 - 0x00007ffb1ab08000 	C:\Windows\SYSTEM32\ntdll.dll
0x00007ffaeb280000 - 0x00007ffaeb297000 	C:\Program Files\Avast Software\Avast\aswhook.dll
0x00007ffb19560000 - 0x00007ffb1961f000 	C:\Windows\System32\KERNEL32.DLL
0x00007ffb18010000 - 0x00007ffb182e2000 	C:\Windows\System32\KERNELBASE.dll
0x00007ffb18830000 - 0x00007ffb18930000 	C:\Windows\System32\ucrtbase.dll
0x00007ffb10a30000 - 0x00007ffb10a49000 	E:\Programs\Android Studio\jre\bin\jli.dll
0x00007ffb11b90000 - 0x00007ffb11ba7000 	E:\Programs\Android Studio\jre\bin\VCRUNTIME140.dll
0x00007ffb19280000 - 0x00007ffb1941d000 	C:\Windows\System32\USER32.dll
0x00007ffb18930000 - 0x00007ffb18952000 	C:\Windows\System32\win32u.dll
0x00007ffb05db0000 - 0x00007ffb0604a000 	C:\Windows\WinSxS\amd64_microsoft.windows.common-controls_6595b64144ccf1df_6.0.19041.1110_none_60b5254171f9507e\COMCTL32.dll
0x00007ffb189e0000 - 0x00007ffb18a0b000 	C:\Windows\System32\GDI32.dll
0x00007ffb19f90000 - 0x00007ffb1a02e000 	C:\Windows\System32\msvcrt.dll
0x00007ffb18690000 - 0x00007ffb1879f000 	C:\Windows\System32\gdi32full.dll
0x00007ffb185f0000 - 0x00007ffb1868d000 	C:\Windows\System32\msvcp_win.dll
0x00007ffb1a4b0000 - 0x00007ffb1a4e2000 	C:\Windows\System32\IMM32.DLL
0x00007ffafd7d0000 - 0x00007ffafd86d000 	E:\Programs\Android Studio\jre\bin\msvcp140.dll
0x00007ffad7050000 - 0x00007ffad7b52000 	E:\Programs\Android Studio\jre\bin\server\jvm.dll
0x00007ffb19bd0000 - 0x00007ffb19c7e000 	C:\Windows\System32\ADVAPI32.dll
0x00007ffb1a570000 - 0x00007ffb1a60c000 	C:\Windows\System32\sechost.dll
0x00007ffb19420000 - 0x00007ffb19545000 	C:\Windows\System32\RPCRT4.dll
0x00007ffb19550000 - 0x00007ffb19558000 	C:\Windows\System32\PSAPI.DLL
0x00007ffb04f00000 - 0x00007ffb04f09000 	C:\Windows\SYSTEM32\WSOCK32.dll
0x00007ffb06060000 - 0x00007ffb06087000 	C:\Windows\SYSTEM32\WINMM.dll
0x00007ffb19b50000 - 0x00007ffb19bbb000 	C:\Windows\System32\WS2_32.dll
0x00007ffb0f3e0000 - 0x00007ffb0f3ea000 	C:\Windows\SYSTEM32\VERSION.dll
0x00007ffb15ed0000 - 0x00007ffb15ee2000 	C:\Windows\SYSTEM32\kernel.appcore.dll
0x00007ffb13cd0000 - 0x00007ffb13ce1000 	E:\Programs\Android Studio\jre\bin\verify.dll
0x00007ffb091b0000 - 0x00007ffb09394000 	C:\Windows\SYSTEM32\DBGHELP.DLL
0x00007ffb0d110000 - 0x00007ffb0d13c000 	C:\Windows\SYSTEM32\dbgcore.DLL
0x00007ffb187a0000 - 0x00007ffb18822000 	C:\Windows\System32\bcryptPrimitives.dll
0x00007ffb12550000 - 0x00007ffb12579000 	E:\Programs\Android Studio\jre\bin\java.dll
0x00007ffb13eb0000 - 0x00007ffb13ebb000 	E:\Programs\Android Studio\jre\bin\jimage.dll
0x00007ffb11c90000 - 0x00007ffb11ca8000 	E:\Programs\Android Studio\jre\bin\zip.dll
0x00007ffb18a10000 - 0x00007ffb19153000 	C:\Windows\System32\SHELL32.dll
0x00007ffb160d0000 - 0x00007ffb16862000 	C:\Windows\SYSTEM32\windows.storage.dll
0x00007ffb197f0000 - 0x00007ffb19b44000 	C:\Windows\System32\combase.dll
0x00007ffb17a70000 - 0x00007ffb17aa0000 	C:\Windows\SYSTEM32\Wldp.dll
0x00007ffb19ee0000 - 0x00007ffb19f8d000 	C:\Windows\System32\SHCORE.dll
0x00007ffb1a610000 - 0x00007ffb1a665000 	C:\Windows\System32\shlwapi.dll
0x00007ffb17f50000 - 0x00007ffb17f6f000 	C:\Windows\SYSTEM32\profapi.dll
0x00007ffb11c70000 - 0x00007ffb11c8a000 	E:\Programs\Android Studio\jre\bin\net.dll
0x00007ffb082b0000 - 0x00007ffb083bc000 	C:\Windows\SYSTEM32\WINHTTP.dll
0x00007ffb177d0000 - 0x00007ffb1783a000 	C:\Windows\system32\mswsock.dll
0x00007ffb11c50000 - 0x00007ffb11c64000 	E:\Programs\Android Studio\jre\bin\nio.dll
0x00007ffb00b80000 - 0x00007ffb00ba7000 	C:\Users\a0587\.gradle\native\8bec1ad78214c89d9ad589b4d07fe93259594b29d510b10fafb7a158f7737e5d\windows-amd64\native-platform.dll
0x00007ffaef8a0000 - 0x00007ffaef9dd000 	C:\Users\a0587\.gradle\native\53dbd7edfb1c66fb8903c78663c9afc45aea4f116125fa6feffd364cf09443e8\windows-amd64\native-platform-file-events.dll
0x00007ffb13e90000 - 0x00007ffb13e9a000 	E:\Programs\Android Studio\jre\bin\management.dll
0x00007ffb13e20000 - 0x00007ffb13e2d000 	E:\Programs\Android Studio\jre\bin\management_ext.dll
0x00007ffb179c0000 - 0x00007ffb179d8000 	C:\Windows\SYSTEM32\CRYPTSP.dll
0x00007ffb17080000 - 0x00007ffb170b4000 	C:\Windows\system32\rsaenh.dll
0x00007ffb18510000 - 0x00007ffb18537000 	C:\Windows\System32\bcrypt.dll
0x00007ffb17ed0000 - 0x00007ffb17efe000 	C:\Windows\SYSTEM32\USERENV.dll
0x00007ffb179e0000 - 0x00007ffb179ec000 	C:\Windows\SYSTEM32\CRYPTBASE.dll
0x00007ffb17470000 - 0x00007ffb174ab000 	C:\Windows\SYSTEM32\IPHLPAPI.DLL
0x00007ffb1a4a0000 - 0x00007ffb1a4a8000 	C:\Windows\System32\NSI.dll
0x00007ffb0e080000 - 0x00007ffb0e097000 	C:\Windows\SYSTEM32\dhcpcsvc6.DLL
0x00007ffb0e220000 - 0x00007ffb0e23d000 	C:\Windows\SYSTEM32\dhcpcsvc.DLL
0x00007ffb174b0000 - 0x00007ffb1757a000 	C:\Windows\SYSTEM32\DNSAPI.dll
0x00007ffb11a70000 - 0x00007ffb11a97000 	E:\Programs\Android Studio\jre\bin\sunec.dll

dbghelp: loaded successfully - version: 4.0.5 - missing functions: none
symbol engine: initialized successfully - sym options: 0x614 - pdb path: .;E:\Programs\Android Studio\jre\bin;C:\Windows\SYSTEM32;C:\Program Files\Avast Software\Avast;C:\Windows\WinSxS\amd64_microsoft.windows.common-controls_6595b64144ccf1df_6.0.19041.1110_none_60b5254171f9507e;E:\Programs\Android Studio\jre\bin\server;C:\Users\a0587\.gradle\native\8bec1ad78214c89d9ad589b4d07fe93259594b29d510b10fafb7a158f7737e5d\windows-amd64;C:\Users\a0587\.gradle\native\53dbd7edfb1c66fb8903c78663c9afc45aea4f116125fa6feffd364cf09443e8\windows-amd64

VM Arguments:
jvm_args: --add-opens=java.base/java.util=ALL-UNNAMED --add-opens=java.base/java.lang=ALL-UNNAMED --add-opens=java.base/java.lang.invoke=ALL-UNNAMED --add-opens=java.base/java.util=ALL-UNNAMED --add-opens=java.prefs/java.util.prefs=ALL-UNNAMED --add-opens=java.prefs/java.util.prefs=ALL-UNNAMED --add-opens=java.base/java.nio.charset=ALL-UNNAMED --add-opens=java.base/java.net=ALL-UNNAMED --add-opens=java.base/java.util.concurrent.atomic=ALL-UNNAMED -Xmx2048m -Dfile.encoding=UTF-8 -Duser.country=TW -Duser.language=zh -Duser.variant 
java_command: org.gradle.launcher.daemon.bootstrap.GradleDaemon 7.0.2
java_class_path (initial): C:\Users\a0587\.gradle\wrapper\dists\gradle-7.0.2-bin\857tjihv64xamwrf0h14cai3r\gradle-7.0.2\lib\gradle-launcher-7.0.2.jar
Launcher Type: SUN_STANDARD

[Global flags]
     intx CICompilerCount                          = 3                                         {product} {ergonomic}
     uint ConcGCThreads                            = 1                                         {product} {ergonomic}
     uint G1ConcRefinementThreads                  = 4                                         {product} {ergonomic}
   size_t G1HeapRegionSize                         = 1048576                                   {product} {ergonomic}
    uintx GCDrainStackTargetSize                   = 64                                        {product} {ergonomic}
   size_t InitialHeapSize                          = 134217728                                 {product} {ergonomic}
   size_t MarkStackSize                            = 4194304                                   {product} {ergonomic}
   size_t MaxHeapSize                              = 2147483648                                {product} {command line}
   size_t MaxNewSize                               = 1287651328                                {product} {ergonomic}
   size_t MinHeapDeltaBytes                        = 1048576                                   {product} {ergonomic}
    uintx NonNMethodCodeHeapSize                   = 5830732                                {pd product} {ergonomic}
    uintx NonProfiledCodeHeapSize                  = 122913754                              {pd product} {ergonomic}
    uintx ProfiledCodeHeapSize                     = 122913754                              {pd product} {ergonomic}
    uintx ReservedCodeCacheSize                    = 251658240                              {pd product} {ergonomic}
     bool SegmentedCodeCache                       = true                                      {product} {ergonomic}
     bool UseCompressedClassPointers               = true                                 {lp64_product} {ergonomic}
     bool UseCompressedOops                        = true                                 {lp64_product} {ergonomic}
     bool UseG1GC                                  = true                                      {product} {ergonomic}
     bool UseLargePagesIndividualAllocation        = false                                  {pd product} {ergonomic}

Logging:
Log output configuration:
 #0: stdout all=warning uptime,level,tags
 #1: stderr all=off uptime,level,tags

Environment Variables:
PATH=C:\Windows\system32;C:\Windows;C:\Windows\System32\Wbem;C:\Windows\System32\WindowsPowerShell\v1.0\;C:\Windows\System32\OpenSSH\;C:\Program Files\PuTTY\;E:\Programs\Anaconda;E:\Programs\Anaconda\Library\mingw-w64\bin;E:\Programs\Anaconda\Library\usr\bin;E:\Programs\Anaconda\Library\bin;E:\Programs\Anaconda\Scripts;C:\Users\a0587\AppData\Local\Microsoft\WindowsApps;E:\Programs\Microsoft VS Code\bin
USERNAME=Billy
OS=Windows_NT
PROCESSOR_IDENTIFIER=Intel64 Family 6 Model 142 Stepping 9, GenuineIntel



---------------  S Y S T E M  ---------------

OS: Windows 10 , 64 bit Build 19041 (10.0.19041.2251)
OS uptime: 4 days 7:54 hours

CPU:total 4 (initial active 4) (2 cores per cpu, 2 threads per core) family 6 model 142 stepping 9 microcode 0xb4, cmov, cx8, fxsr, mmx, sse, sse2, sse3, ssse3, sse4.1, sse4.2, popcnt, avx, avx2, aes, clmul, erms, 3dnowpref, lzcnt, ht, tsc, tscinvbit, bmi1, bmi2, adx, fma

Memory: 4k page, system-wide physical 8073M (627M free)
TotalPageFile size 8073M (AvailPageFile size 2M)
current process WorkingSet (physical memory assigned to process): 551M, peak: 695M
current process commit charge ("private bytes"): 739M, peak: 745M

vm_info: OpenJDK 64-Bit Server VM (11.0.13+0-b1751.21-8125866) for windows-amd64 JRE (11.0.13+0-b1751.21-8125866), built on Feb  2 2022 03:00:22 by "builder" with MS VC++ 14.0 (VS2015)

END.
