#
# There is insufficient memory for the Java Runtime Environment to continue.
# Native memory allocation (mmap) failed to map 38797312 bytes for Failed to commit area from 0x000000008b900000 to 0x000000008de00000 of length 38797312.
# Possible reasons:
#   The system is out of physical RAM or swap space
#   The process is running with CompressedOops enabled, and the Java Heap may be blocking the growth of the native heap
# Possible solutions:
#   Reduce memory load on the system
#   Increase physical memory or swap space
#   Check if swap backing store is full
#   Decrease Java heap size (-Xmx/-Xms)
#   Decrease number of Java threads
#   Decrease Java thread stack sizes (-Xss)
#   Set larger code cache with -XX:ReservedCodeCacheSize=
#   JVM is running with Unscaled Compressed Oops mode in which the Java heap is
#     placed in the first 4GB address space. The Java Heap base address is the
#     maximum limit for the native heap growth. Please use -XX:HeapBaseMinAddress
#     to set the Java Heap base and to place the Java Heap above 4GB virtual address.
# This output file may be truncated or incomplete.
#
#  Out of Memory Error (./src/hotspot/os/windows/os_windows.cpp:3619), pid=10932, tid=14788
#
# JRE version: OpenJDK Runtime Environment (11.0.13) (build 11.0.13+0-b1751.21-8125866)
# Java VM: OpenJDK 64-Bit Server VM (11.0.13+0-b1751.21-8125866, mixed mode, tiered, compressed oops, g1 gc, windows-amd64)
# No core dump will be written. Minidumps are not enabled by default on client versions of Windows
#

---------------  S U M M A R Y ------------

Command Line: --add-opens=java.base/java.util=ALL-UNNAMED --add-opens=java.base/java.lang=ALL-UNNAMED --add-opens=java.base/java.lang.invoke=ALL-UNNAMED --add-opens=java.base/java.util=ALL-UNNAMED --add-opens=java.prefs/java.util.prefs=ALL-UNNAMED --add-opens=java.prefs/java.util.prefs=ALL-UNNAMED --add-opens=java.base/java.nio.charset=ALL-UNNAMED --add-opens=java.base/java.net=ALL-UNNAMED --add-opens=java.base/java.util.concurrent.atomic=ALL-UNNAMED -Xmx2048m -Dfile.encoding=UTF-8 -Duser.country=TW -Duser.language=zh -Duser.variant org.gradle.launcher.daemon.bootstrap.GradleDaemon 7.0.2

Host: Intel(R) Core(TM) i5-7200U CPU @ 2.50GHz, 4 cores, 7G,  Windows 10 , 64 bit Build 19041 (10.0.19041.2251)
Time: Sat Dec 10 15:59:25 2022 台北標準時間 elapsed time: 3887.827597 seconds (0d 1h 4m 47s)

---------------  T H R E A D  ---------------

Current thread (0x00000215385b2000):  VMThread "VM Thread" [stack: 0x000000c20e300000,0x000000c20e400000] [id=14788]

Stack: [0x000000c20e300000,0x000000c20e400000]
[error occurred during error reporting (printing stack bounds), id 0xc0000005, EXCEPTION_ACCESS_VIOLATION (0xc0000005) at pc=0x00000215224c112d]

Native frames: (J=compiled Java code, j=interpreted, Vv=VM code, C=native code)
V  [jvm.dll+0x6100fa]
V  [jvm.dll+0x747090]
V  [jvm.dll+0x7486ad]
V  [jvm.dll+0x748ce5]
V  [jvm.dll+0x748c9b]
V  [jvm.dll+0x60f224]
V  [jvm.dll+0x60f9b8]
C  [ntdll.dll+0xa241f]
C  [ntdll.dll+0x514a4]
C  [ntdll.dll+0xa0f4e]
C  0x00000215224c112d

VM_Operation (0x000000c2114fb050): G1CollectForAllocation, mode: safepoint, requested by thread 0x000002153e5a7000


---------------  P R O C E S S  ---------------

Threads class SMR info:
_java_thread_list=0x000002153f4cf680, length=57, elements={
0x000002151c94c000, 0x00000215385b4000, 0x00000215385c0000, 0x00000215385d3800,
0x00000215385d5000, 0x00000215385d6800, 0x00000215385da000, 0x00000215385e1000,
0x00000215385e9000, 0x0000021538fad800, 0x0000021539ed0800, 0x000002153986d000,
0x000002153947f800, 0x000002153a8f5800, 0x000002153a8f6000, 0x000002153a8f7000,
0x000002153a8f8800, 0x000002153a8f4800, 0x000002153c06a800, 0x000002153c069800,
0x000002153c067000, 0x000002153c06b000, 0x000002153c068000, 0x000002153c071000,
0x000002153c072000, 0x000002153b541000, 0x000002153b53f800, 0x000002153b540800,
0x000002153b53b800, 0x000002153b542000, 0x000002153b543000, 0x000002153b53d000,
0x000002153b544800, 0x000002153b53e800, 0x000002153b545000, 0x000002153b546000,
0x000002153b547000, 0x000002153b548800, 0x000002153b549800, 0x000002153b54a000,
0x000002153a5a7800, 0x000002153e5a2000, 0x000002153e59f800, 0x000002153e5a3000,
0x000002153e5a1800, 0x000002153e59d800, 0x000002153e5a4800, 0x000002153e59f000,
0x000002153e5a6800, 0x000002153e5a8000, 0x000002153e5a7000, 0x000002153e5a8800,
0x000002153e5a9800, 0x000002153e5aa800, 0x000002153e5ab000, 0x000002153e5a5800,
0x000002153c070000
}

Java Threads: ( => current thread )
  0x000002151c94c000 JavaThread "main" [_thread_blocked, id=5108, stack(0x000000c20dd00000,0x000000c20de00000)]
  0x00000215385b4000 JavaThread "Reference Handler" daemon [_thread_blocked, id=13088, stack(0x000000c20e400000,0x000000c20e500000)]
  0x00000215385c0000 JavaThread "Finalizer" daemon [_thread_blocked, id=14608, stack(0x000000c20e500000,0x000000c20e600000)]
  0x00000215385d3800 JavaThread "Signal Dispatcher" daemon [_thread_blocked, id=13876, stack(0x000000c20e600000,0x000000c20e700000)]
  0x00000215385d5000 JavaThread "Attach Listener" daemon [_thread_blocked, id=3760, stack(0x000000c20e700000,0x000000c20e800000)]
  0x00000215385d6800 JavaThread "Service Thread" daemon [_thread_blocked, id=9132, stack(0x000000c20e800000,0x000000c20e900000)]
  0x00000215385da000 JavaThread "C2 CompilerThread0" daemon [_thread_in_native, id=14568, stack(0x000000c20e900000,0x000000c20ea00000)]
  0x00000215385e1000 JavaThread "C1 CompilerThread0" daemon [_thread_blocked, id=400, stack(0x000000c20ea00000,0x000000c20eb00000)]
  0x00000215385e9000 JavaThread "Sweeper thread" daemon [_thread_blocked, id=14596, stack(0x000000c20eb00000,0x000000c20ec00000)]
  0x0000021538fad800 JavaThread "Common-Cleaner" daemon [_thread_blocked, id=5420, stack(0x000000c20ec00000,0x000000c20ed00000)]
  0x0000021539ed0800 JavaThread "Daemon health stats" [_thread_blocked, id=10888, stack(0x000000c20f200000,0x000000c20f300000)]
  0x000002153986d000 JavaThread "Incoming local TCP Connector on port 63808" [_thread_in_native, id=936, stack(0x000000c20f100000,0x000000c20f200000)]
  0x000002153947f800 JavaThread "Daemon periodic checks" [_thread_blocked, id=4544, stack(0x000000c20f500000,0x000000c20f600000)]
  0x000002153a8f5800 JavaThread "Cache worker for file hash cache (C:\Users\a0587\.gradle\caches\7.0.2\fileHashes)" [_thread_blocked, id=8840, stack(0x000000c20fc00000,0x000000c20fd00000)]
  0x000002153a8f6000 JavaThread "File lock request listener" [_thread_in_native, id=10560, stack(0x000000c20fd00000,0x000000c20fe00000)]
  0x000002153a8f7000 JavaThread "Cache worker for journal cache (C:\Users\a0587\.gradle\caches\journal-1)" [_thread_blocked, id=4428, stack(0x000000c20fe00000,0x000000c20ff00000)]
  0x000002153a8f8800 JavaThread "File watcher server" daemon [_thread_blocked, id=2568, stack(0x000000c210100000,0x000000c210200000)]
  0x000002153a8f4800 JavaThread "File watcher consumer" daemon [_thread_blocked, id=13804, stack(0x000000c210200000,0x000000c210300000)]
  0x000002153c06a800 JavaThread "Cache worker for execution history cache (C:\Users\a0587\.gradle\caches\7.0.2\executionHistory)" [_thread_blocked, id=14900, stack(0x000000c210600000,0x000000c210700000)]
  0x000002153c069800 JavaThread "jar transforms" [_thread_blocked, id=14636, stack(0x000000c210700000,0x000000c210800000)]
  0x000002153c067000 JavaThread "jar transforms Thread 2" [_thread_blocked, id=14164, stack(0x000000c210800000,0x000000c210900000)]
  0x000002153c06b000 JavaThread "Cache worker for file content cache (C:\Users\a0587\.gradle\caches\7.0.2\fileContent)" [_thread_blocked, id=6584, stack(0x000000c210900000,0x000000c210a00000)]
  0x000002153c068000 JavaThread "jar transforms Thread 3" [_thread_blocked, id=8572, stack(0x000000c210b00000,0x000000c210c00000)]
  0x000002153c071000 JavaThread "jar transforms Thread 4" [_thread_blocked, id=2648, stack(0x000000c211100000,0x000000c211200000)]
  0x000002153c072000 JavaThread "Memory manager" [_thread_blocked, id=12480, stack(0x000000c211200000,0x000000c211300000)]
  0x000002153b541000 JavaThread "Cache worker for Java compile cache (C:\Users\a0587\.gradle\caches\7.0.2\javaCompile)" [_thread_blocked, id=11312, stack(0x000000c211d00000,0x000000c211e00000)]
  0x000002153b53f800 JavaThread "ForkJoinPool.commonPool-worker-5" daemon [_thread_blocked, id=14128, stack(0x000000c211a00000,0x000000c211b00000)]
  0x000002153b540800 JavaThread "Daemon Thread 8" [_thread_blocked, id=1184, stack(0x000000c20da00000,0x000000c20db00000)]
  0x000002153b53b800 JavaThread "Handler for socket connection from /127.0.0.1:63808 to /127.0.0.1:51084" [_thread_in_native, id=9724, stack(0x000000c20db00000,0x000000c20dc00000)]
  0x000002153b542000 JavaThread "Cancel handler" [_thread_blocked, id=10988, stack(0x000000c20dc00000,0x000000c20dd00000)]
  0x000002153b543000 JavaThread "Daemon worker Thread 8" [_thread_blocked, id=504, stack(0x000000c20ee00000,0x000000c20ef00000)]
  0x000002153b53d000 JavaThread "Asynchronous log dispatcher for DefaultDaemonConnection: socket connection from /127.0.0.1:63808 to /127.0.0.1:51084" [_thread_blocked, id=9268, stack(0x000000c20f300000,0x000000c20f400000)]
  0x000002153b544800 JavaThread "Stdin handler" [_thread_blocked, id=2664, stack(0x000000c20f400000,0x000000c20f500000)]
  0x000002153b53e800 JavaThread "Daemon client event forwarder" [_thread_blocked, id=1496, stack(0x000000c20f600000,0x000000c20f700000)]
  0x000002153b545000 JavaThread "Cache worker for file hash cache (E:\Programs\Test\.gradle\7.0.2\fileHashes)" [_thread_blocked, id=8052, stack(0x000000c20f700000,0x000000c20f800000)]
  0x000002153b546000 JavaThread "Cache worker for checksums cache (E:\Programs\Test\.gradle\checksums)" [_thread_blocked, id=10812, stack(0x000000c20f800000,0x000000c20f900000)]
  0x000002153b547000 JavaThread "Cache worker for cache directory md-supplier (C:\Users\a0587\.gradle\caches\7.0.2\md-supplier)" [_thread_blocked, id=13632, stack(0x000000c20f900000,0x000000c20fa00000)]
  0x000002153b548800 JavaThread "Cache worker for cache directory md-rule (C:\Users\a0587\.gradle\caches\7.0.2\md-rule)" [_thread_blocked, id=1272, stack(0x000000c20fa00000,0x000000c20fb00000)]
  0x000002153b549800 JavaThread "Cache worker for dependencies-accessors (E:\Programs\Test\.gradle\7.0.2\dependencies-accessors)" [_thread_blocked, id=13608, stack(0x000000c20ff00000,0x000000c210000000)]
  0x000002153b54a000 JavaThread "Cache worker for Build Output Cleanup Cache (E:\Programs\Test\.gradle\buildOutputCleanup)" [_thread_blocked, id=1392, stack(0x000000c210000000,0x000000c210100000)]
  0x000002153a5a7800 JavaThread "C2 CompilerThread1" daemon [_thread_in_native, id=4344, stack(0x000000c210300000,0x000000c210400000)]
  0x000002153e5a2000 JavaThread "Build operations" [_thread_blocked, id=8116, stack(0x000000c210400000,0x000000c210500000)]
  0x000002153e59f800 JavaThread "Build operations Thread 2" [_thread_blocked, id=6452, stack(0x000000c210500000,0x000000c210600000)]
  0x000002153e5a3000 JavaThread "Build operations Thread 3" [_thread_blocked, id=8784, stack(0x000000c210a00000,0x000000c210b00000)]
  0x000002153e5a1800 JavaThread "Build operations Thread 4" [_thread_blocked, id=3192, stack(0x000000c210c00000,0x000000c210d00000)]
  0x000002153e59d800 JavaThread "build event listener" [_thread_blocked, id=3824, stack(0x000000c210d00000,0x000000c210e00000)]
  0x000002153e5a4800 JavaThread "Execution worker for ':'" [_thread_blocked, id=7132, stack(0x000000c210e00000,0x000000c210f00000)]
  0x000002153e59f000 JavaThread "Execution worker for ':' Thread 2" [_thread_blocked, id=8220, stack(0x000000c210f00000,0x000000c211000000)]
  0x000002153e5a6800 JavaThread "Execution worker for ':' Thread 3" [_thread_blocked, id=5712, stack(0x000000c211000000,0x000000c211100000)]
  0x000002153e5a8000 JavaThread "Cache worker for execution history cache (E:\Programs\Test\.gradle\7.0.2\executionHistory)" [_thread_blocked, id=15024, stack(0x000000c211300000,0x000000c211400000)]
  0x000002153e5a7000 JavaThread "WorkerExecutor Queue" [_thread_blocked, id=10952, stack(0x000000c211400000,0x000000c211500000)]
  0x000002153e5a8800 JavaThread "WorkerExecutor Queue Thread 2" [_thread_blocked, id=13012, stack(0x000000c211500000,0x000000c211600000)]
  0x000002153e5a9800 JavaThread "WorkerExecutor Queue Thread 3" [_thread_blocked, id=11844, stack(0x000000c211600000,0x000000c211700000)]
  0x000002153e5aa800 JavaThread "pool-29-thread-1" [_thread_blocked, id=6412, stack(0x000000c211700000,0x000000c211800000)]
  0x000002153e5ab000 JavaThread "stderr" [_thread_in_native, id=4168, stack(0x000000c211800000,0x000000c211900000)]
  0x000002153e5a5800 JavaThread "stdout" [_thread_in_native, id=13208, stack(0x000000c211900000,0x000000c211a00000)]
  0x000002153c070000 JavaThread "WorkerExecutor Queue Thread 4" [_thread_blocked, id=14692, stack(0x000000c211b00000,0x000000c211c00000)]

Other Threads:
=>0x00000215385b2000 VMThread "VM Thread" [stack: 0x000000c20e300000,0x000000c20e400000] [id=14788]
  0x0000021538fe1000 WatcherThread [stack: 0x000000c20ed00000,0x000000c20ee00000] [id=13392]
  0x000002151e9bb000 GCTaskThread "GC Thread#0" [stack: 0x000000c20de00000,0x000000c20df00000] [id=6116]
  0x0000021539149800 GCTaskThread "GC Thread#1" [stack: 0x000000c20ef00000,0x000000c20f000000] [id=14548]
  0x000002153982c800 GCTaskThread "GC Thread#2" [stack: 0x000000c20f000000,0x000000c20f100000] [id=1240]
  0x0000021539906800 GCTaskThread "GC Thread#3" [stack: 0x000000c20fb00000,0x000000c20fc00000] [id=1000]
  0x000002151e9ef000 ConcurrentGCThread "G1 Main Marker" [stack: 0x000000c20df00000,0x000000c20e000000] [id=4064]
  0x000002151e9f0000 ConcurrentGCThread "G1 Conc#0" [stack: 0x000000c20e000000,0x000000c20e100000] [id=4592]
  0x000002151ea7d800 ConcurrentGCThread "G1 Refine#0" [stack: 0x000000c20e100000,0x000000c20e200000] [id=1756]
  0x0000021538402800 ConcurrentGCThread "G1 Young RemSet Sampling" [stack: 0x000000c20e200000,0x000000c20e300000] [id=1816]

Threads with active compile tasks:
C2 CompilerThread03887978 27776 %     4       com.android.tools.r8.ir.regalloc.a::a @ 2157 (3985 bytes)
C2 CompilerThread13887978 27723 %     4       com.android.tools.r8.ir.regalloc.a::a @ 995 (1824 bytes)

VM state:at safepoint (normal execution)

VM Mutex/Monitor currently owned by a thread:  ([mutex/lock_event])
[0x000002151e9a26d0] Threads_lock - owner thread: 0x00000215385b2000
[0x000002151e9a3b10] Heap_lock - owner thread: 0x000002153e5a7000

Heap address: 0x0000000080000000, size: 2048 MB, Compressed Oops mode: 32-bit
Narrow klass base: 0x0000000000000000, Narrow klass shift: 3
Compressed class space size: 1073741824 Address: 0x0000000100000000

Heap:
 garbage-first heap   total 227328K, used 98327K [0x0000000080000000, 0x0000000100000000)
  region size 1024K, 1 young (1024K), 1 survivors (1024K)
 Metaspace       used 123952K, capacity 127758K, committed 127952K, reserved 1161216K
  class space    used 15007K, capacity 16412K, committed 16512K, reserved 1048576K
Heap Regions: E=young(eden), S=young(survivor), O=old, HS=humongous(starts), HC=humongous(continues), CS=collection set, F=free, A=archive, TAMS=top-at-mark-start (previous, next)
|   0|0x0000000080000000, 0x0000000080100000, 0x0000000080100000|100%| O|  |TAMS 0x0000000080100000, 0x0000000080100000| Untracked 
|   1|0x0000000080100000, 0x0000000080200000, 0x0000000080200000|100%| O|  |TAMS 0x0000000080200000, 0x0000000080200000| Untracked 
|   2|0x0000000080200000, 0x0000000080300000, 0x0000000080300000|100%| O|  |TAMS 0x0000000080300000, 0x0000000080300000| Untracked 
|   3|0x0000000080300000, 0x0000000080400000, 0x0000000080400000|100%|HS|  |TAMS 0x0000000080400000, 0x0000000080400000| Complete 
|   4|0x0000000080400000, 0x0000000080500000, 0x0000000080500000|100%|HC|  |TAMS 0x0000000080500000, 0x0000000080500000| Complete 
|   5|0x0000000080500000, 0x0000000080600000, 0x0000000080600000|100%|HC|  |TAMS 0x0000000080600000, 0x0000000080600000| Complete 
|   6|0x0000000080600000, 0x0000000080700000, 0x0000000080700000|100%| O|  |TAMS 0x0000000080700000, 0x0000000080700000| Untracked 
|   7|0x0000000080700000, 0x0000000080800000, 0x0000000080800000|100%| O|  |TAMS 0x0000000080800000, 0x0000000080800000| Untracked 
|   8|0x0000000080800000, 0x0000000080900000, 0x0000000080900000|100%| O|  |TAMS 0x0000000080900000, 0x0000000080900000| Untracked 
|   9|0x0000000080900000, 0x0000000080a00000, 0x0000000080a00000|100%| O|  |TAMS 0x0000000080a00000, 0x0000000080a00000| Untracked 
|  10|0x0000000080a00000, 0x0000000080b00000, 0x0000000080b00000|100%| O|  |TAMS 0x0000000080b00000, 0x0000000080b00000| Untracked 
|  11|0x0000000080b00000, 0x0000000080c00000, 0x0000000080c00000|100%| O|  |TAMS 0x0000000080c00000, 0x0000000080c00000| Untracked 
|  12|0x0000000080c00000, 0x0000000080d00000, 0x0000000080d00000|100%| O|  |TAMS 0x0000000080d00000, 0x0000000080d00000| Untracked 
|  13|0x0000000080d00000, 0x0000000080e00000, 0x0000000080e00000|100%| O|  |TAMS 0x0000000080e00000, 0x0000000080e00000| Untracked 
|  14|0x0000000080e00000, 0x0000000080f00000, 0x0000000080f00000|100%| O|  |TAMS 0x0000000080f00000, 0x0000000080f00000| Untracked 
|  15|0x0000000080f00000, 0x0000000081000000, 0x0000000081000000|100%| O|  |TAMS 0x0000000081000000, 0x0000000081000000| Untracked 
|  16|0x0000000081000000, 0x0000000081100000, 0x0000000081100000|100%| O|  |TAMS 0x0000000081100000, 0x0000000081100000| Untracked 
|  17|0x0000000081100000, 0x0000000081100000, 0x0000000081200000|  0%| F|  |TAMS 0x0000000081100000, 0x0000000081100000| Untracked 
|  18|0x0000000081200000, 0x0000000081300000, 0x0000000081300000|100%|HS|  |TAMS 0x0000000081300000, 0x0000000081300000| Complete 
|  19|0x0000000081300000, 0x0000000081400000, 0x0000000081400000|100%| O|  |TAMS 0x0000000081400000, 0x0000000081400000| Untracked 
|  20|0x0000000081400000, 0x0000000081500000, 0x0000000081500000|100%| O|  |TAMS 0x0000000081500000, 0x0000000081500000| Untracked 
|  21|0x0000000081500000, 0x0000000081600000, 0x0000000081600000|100%| O|  |TAMS 0x0000000081600000, 0x0000000081600000| Untracked 
|  22|0x0000000081600000, 0x0000000081700000, 0x0000000081700000|100%| O|  |TAMS 0x0000000081700000, 0x0000000081700000| Untracked 
|  23|0x0000000081700000, 0x0000000081800000, 0x0000000081800000|100%|HS|  |TAMS 0x0000000081800000, 0x0000000081800000| Complete 
|  24|0x0000000081800000, 0x0000000081900000, 0x0000000081900000|100%|HS|  |TAMS 0x0000000081900000, 0x0000000081900000| Complete 
|  25|0x0000000081900000, 0x0000000081a00000, 0x0000000081a00000|100%|HC|  |TAMS 0x0000000081a00000, 0x0000000081a00000| Complete 
|  26|0x0000000081a00000, 0x0000000081b00000, 0x0000000081b00000|100%| O|  |TAMS 0x0000000081b00000, 0x0000000081b00000| Untracked 
|  27|0x0000000081b00000, 0x0000000081c00000, 0x0000000081c00000|100%| O|  |TAMS 0x0000000081c00000, 0x0000000081c00000| Untracked 
|  28|0x0000000081c00000, 0x0000000081d00000, 0x0000000081d00000|100%| O|  |TAMS 0x0000000081d00000, 0x0000000081d00000| Untracked 
|  29|0x0000000081d00000, 0x0000000081e00000, 0x0000000081e00000|100%| O|  |TAMS 0x0000000081e00000, 0x0000000081e00000| Untracked 
|  30|0x0000000081e00000, 0x0000000081f00000, 0x0000000081f00000|100%| O|  |TAMS 0x0000000081f00000, 0x0000000081f00000| Untracked 
|  31|0x0000000081f00000, 0x0000000082000000, 0x0000000082000000|100%| O|  |TAMS 0x0000000082000000, 0x0000000082000000| Untracked 
|  32|0x0000000082000000, 0x0000000082100000, 0x0000000082100000|100%| O|  |TAMS 0x0000000082100000, 0x0000000082100000| Untracked 
|  33|0x0000000082100000, 0x0000000082200000, 0x0000000082200000|100%| O|  |TAMS 0x0000000082200000, 0x0000000082200000| Untracked 
|  34|0x0000000082200000, 0x0000000082300000, 0x0000000082300000|100%| O|  |TAMS 0x0000000082300000, 0x0000000082300000| Untracked 
|  35|0x0000000082300000, 0x0000000082400000, 0x0000000082400000|100%| O|  |TAMS 0x0000000082400000, 0x0000000082400000| Untracked 
|  36|0x0000000082400000, 0x0000000082500000, 0x0000000082500000|100%| O|  |TAMS 0x0000000082500000, 0x0000000082500000| Untracked 
|  37|0x0000000082500000, 0x0000000082600000, 0x0000000082600000|100%| O|  |TAMS 0x0000000082600000, 0x0000000082600000| Untracked 
|  38|0x0000000082600000, 0x0000000082700000, 0x0000000082700000|100%| O|  |TAMS 0x0000000082700000, 0x0000000082700000| Untracked 
|  39|0x0000000082700000, 0x0000000082800000, 0x0000000082800000|100%| O|  |TAMS 0x0000000082800000, 0x0000000082800000| Untracked 
|  40|0x0000000082800000, 0x0000000082900000, 0x0000000082900000|100%| O|  |TAMS 0x0000000082900000, 0x0000000082900000| Untracked 
|  41|0x0000000082900000, 0x0000000082a00000, 0x0000000082a00000|100%| O|  |TAMS 0x0000000082a00000, 0x0000000082a00000| Untracked 
|  42|0x0000000082a00000, 0x0000000082b00000, 0x0000000082b00000|100%| O|  |TAMS 0x0000000082b00000, 0x0000000082b00000| Untracked 
|  43|0x0000000082b00000, 0x0000000082c00000, 0x0000000082c00000|100%| O|  |TAMS 0x0000000082c00000, 0x0000000082c00000| Untracked 
|  44|0x0000000082c00000, 0x0000000082d00000, 0x0000000082d00000|100%| O|  |TAMS 0x0000000082d00000, 0x0000000082d00000| Untracked 
|  45|0x0000000082d00000, 0x0000000082e00000, 0x0000000082e00000|100%| O|  |TAMS 0x0000000082e00000, 0x0000000082e00000| Untracked 
|  46|0x0000000082e00000, 0x0000000082f00000, 0x0000000082f00000|100%| O|  |TAMS 0x0000000082f00000, 0x0000000082f00000| Untracked 
|  47|0x0000000082f00000, 0x0000000083000000, 0x0000000083000000|100%| O|  |TAMS 0x0000000083000000, 0x0000000083000000| Untracked 
|  48|0x0000000083000000, 0x0000000083100000, 0x0000000083100000|100%| O|  |TAMS 0x0000000083100000, 0x0000000083100000| Untracked 
|  49|0x0000000083100000, 0x0000000083200000, 0x0000000083200000|100%| O|  |TAMS 0x0000000083200000, 0x0000000083200000| Untracked 
|  50|0x0000000083200000, 0x0000000083300000, 0x0000000083300000|100%| O|  |TAMS 0x0000000083300000, 0x0000000083300000| Untracked 
|  51|0x0000000083300000, 0x0000000083400000, 0x0000000083400000|100%| O|  |TAMS 0x0000000083400000, 0x0000000083400000| Untracked 
|  52|0x0000000083400000, 0x0000000083500000, 0x0000000083500000|100%| O|  |TAMS 0x0000000083500000, 0x0000000083500000| Untracked 
|  53|0x0000000083500000, 0x0000000083600000, 0x0000000083600000|100%| O|  |TAMS 0x0000000083600000, 0x0000000083600000| Untracked 
|  54|0x0000000083600000, 0x0000000083700000, 0x0000000083700000|100%| O|  |TAMS 0x0000000083700000, 0x0000000083700000| Untracked 
|  55|0x0000000083700000, 0x0000000083800000, 0x0000000083800000|100%| O|  |TAMS 0x0000000083800000, 0x0000000083800000| Untracked 
|  56|0x0000000083800000, 0x0000000083900000, 0x0000000083900000|100%| O|  |TAMS 0x0000000083900000, 0x0000000083900000| Untracked 
|  57|0x0000000083900000, 0x0000000083a00000, 0x0000000083a00000|100%| O|  |TAMS 0x0000000083a00000, 0x0000000083a00000| Untracked 
|  58|0x0000000083a00000, 0x0000000083b00000, 0x0000000083b00000|100%| O|  |TAMS 0x0000000083a00000, 0x0000000083b00000| Untracked 
|  59|0x0000000083b00000, 0x0000000083c00000, 0x0000000083c00000|100%| O|  |TAMS 0x0000000083c00000, 0x0000000083c00000| Untracked 
|  60|0x0000000083c00000, 0x0000000083d00000, 0x0000000083d00000|100%| O|  |TAMS 0x0000000083d00000, 0x0000000083d00000| Untracked 
|  61|0x0000000083d00000, 0x0000000083e00000, 0x0000000083e00000|100%| O|  |TAMS 0x0000000083e00000, 0x0000000083e00000| Untracked 
|  62|0x0000000083e00000, 0x0000000083f00000, 0x0000000083f00000|100%| O|  |TAMS 0x0000000083f00000, 0x0000000083f00000| Untracked 
|  63|0x0000000083f00000, 0x0000000084000000, 0x0000000084000000|100%| O|  |TAMS 0x0000000084000000, 0x0000000084000000| Untracked 
|  64|0x0000000084000000, 0x0000000084100000, 0x0000000084100000|100%| O|  |TAMS 0x0000000084100000, 0x0000000084100000| Untracked 
|  65|0x0000000084100000, 0x0000000084200000, 0x0000000084200000|100%| O|  |TAMS 0x0000000084200000, 0x0000000084200000| Untracked 
|  66|0x0000000084200000, 0x0000000084300000, 0x0000000084300000|100%| O|  |TAMS 0x0000000084300000, 0x0000000084300000| Untracked 
|  67|0x0000000084300000, 0x0000000084400000, 0x0000000084400000|100%| O|  |TAMS 0x0000000084400000, 0x0000000084400000| Untracked 
|  68|0x0000000084400000, 0x0000000084500000, 0x0000000084500000|100%| O|  |TAMS 0x0000000084500000, 0x0000000084500000| Untracked 
|  69|0x0000000084500000, 0x0000000084600000, 0x0000000084600000|100%| O|  |TAMS 0x0000000084600000, 0x0000000084600000| Untracked 
|  70|0x0000000084600000, 0x0000000084700000, 0x0000000084700000|100%| O|  |TAMS 0x0000000084619000, 0x0000000084700000| Untracked 
|  71|0x0000000084700000, 0x000000008471e400, 0x0000000084800000| 11%| O|  |TAMS 0x0000000084700000, 0x000000008471e400| Untracked 
|  72|0x0000000084800000, 0x0000000084800000, 0x0000000084900000|  0%| F|  |TAMS 0x0000000084800000, 0x0000000084800000| Untracked 
|  73|0x0000000084900000, 0x0000000084a00000, 0x0000000084a00000|100%| O|  |TAMS 0x0000000084a00000, 0x0000000084a00000| Untracked 
|  74|0x0000000084a00000, 0x0000000084b00000, 0x0000000084b00000|100%| O|  |TAMS 0x0000000084b00000, 0x0000000084b00000| Untracked 
|  75|0x0000000084b00000, 0x0000000084c00000, 0x0000000084c00000|100%| O|  |TAMS 0x0000000084c00000, 0x0000000084c00000| Untracked 
|  76|0x0000000084c00000, 0x0000000084d00000, 0x0000000084d00000|100%| O|  |TAMS 0x0000000084d00000, 0x0000000084d00000| Untracked 
|  77|0x0000000084d00000, 0x0000000084e00000, 0x0000000084e00000|100%| O|  |TAMS 0x0000000084e00000, 0x0000000084e00000| Untracked 
|  78|0x0000000084e00000, 0x0000000084f00000, 0x0000000084f00000|100%| O|  |TAMS 0x0000000084f00000, 0x0000000084f00000| Untracked 
|  79|0x0000000084f00000, 0x0000000085000000, 0x0000000085000000|100%| O|  |TAMS 0x0000000085000000, 0x0000000085000000| Untracked 
|  80|0x0000000085000000, 0x0000000085100000, 0x0000000085100000|100%| O|  |TAMS 0x0000000085100000, 0x0000000085100000| Untracked 
|  81|0x0000000085100000, 0x0000000085200000, 0x0000000085200000|100%| O|  |TAMS 0x0000000085200000, 0x0000000085200000| Untracked 
|  82|0x0000000085200000, 0x0000000085200000, 0x0000000085300000|  0%| F|  |TAMS 0x0000000085200000, 0x0000000085200000| Untracked 
|  83|0x0000000085300000, 0x0000000085300000, 0x0000000085400000|  0%| F|  |TAMS 0x0000000085300000, 0x0000000085300000| Untracked 
|  84|0x0000000085400000, 0x0000000085400000, 0x0000000085500000|  0%| F|  |TAMS 0x0000000085400000, 0x0000000085400000| Untracked 
|  85|0x0000000085500000, 0x0000000085600000, 0x0000000085600000|100%| O|  |TAMS 0x0000000085600000, 0x0000000085600000| Untracked 
|  86|0x0000000085600000, 0x0000000085700000, 0x0000000085700000|100%| O|  |TAMS 0x0000000085700000, 0x0000000085700000| Untracked 
|  87|0x0000000085700000, 0x0000000085700000, 0x0000000085800000|  0%| F|  |TAMS 0x0000000085700000, 0x0000000085700000| Untracked 
|  88|0x0000000085800000, 0x0000000085800000, 0x0000000085900000|  0%| F|  |TAMS 0x0000000085800000, 0x0000000085800000| Untracked 
|  89|0x0000000085900000, 0x0000000085900000, 0x0000000085a00000|  0%| F|  |TAMS 0x0000000085900000, 0x0000000085900000| Untracked 
|  90|0x0000000085a00000, 0x0000000085a00000, 0x0000000085b00000|  0%| F|  |TAMS 0x0000000085a00000, 0x0000000085a00000| Untracked 
|  91|0x0000000085b00000, 0x0000000085c00000, 0x0000000085c00000|100%| O|  |TAMS 0x0000000085c00000, 0x0000000085c00000| Untracked 
|  92|0x0000000085c00000, 0x0000000085d00000, 0x0000000085d00000|100%| O|  |TAMS 0x0000000085d00000, 0x0000000085d00000| Untracked 
|  93|0x0000000085d00000, 0x0000000085d00000, 0x0000000085e00000|  0%| F|  |TAMS 0x0000000085d00000, 0x0000000085d00000| Untracked 
|  94|0x0000000085e00000, 0x0000000085f00000, 0x0000000085f00000|100%| O|  |TAMS 0x0000000085f00000, 0x0000000085f00000| Untracked 
|  95|0x0000000085f00000, 0x0000000086000000, 0x0000000086000000|100%| O|  |TAMS 0x0000000086000000, 0x0000000086000000| Untracked 
|  96|0x0000000086000000, 0x0000000086100000, 0x0000000086100000|100%| O|  |TAMS 0x0000000086100000, 0x0000000086100000| Untracked 
|  97|0x0000000086100000, 0x0000000086200000, 0x0000000086200000|100%| O|  |TAMS 0x0000000086200000, 0x0000000086200000| Untracked 
|  98|0x0000000086200000, 0x0000000086300000, 0x0000000086300000|100%| O|  |TAMS 0x0000000086300000, 0x0000000086300000| Untracked 
|  99|0x0000000086300000, 0x0000000086400000, 0x0000000086400000|100%| O|  |TAMS 0x0000000086400000, 0x0000000086400000| Untracked 
| 100|0x0000000086400000, 0x0000000086400000, 0x0000000086500000|  0%| F|  |TAMS 0x0000000086400000, 0x0000000086400000| Untracked 
| 101|0x0000000086500000, 0x0000000086600000, 0x0000000086600000|100%| O|  |TAMS 0x0000000086600000, 0x0000000086600000| Untracked 
| 102|0x0000000086600000, 0x0000000086700000, 0x0000000086700000|100%| O|  |TAMS 0x0000000086700000, 0x0000000086700000| Untracked 
| 103|0x0000000086700000, 0x0000000086800000, 0x0000000086800000|100%| O|  |TAMS 0x0000000086800000, 0x0000000086800000| Untracked 
| 104|0x0000000086800000, 0x0000000086900000, 0x0000000086900000|100%| O|  |TAMS 0x0000000086900000, 0x0000000086900000| Untracked 
| 105|0x0000000086900000, 0x0000000086a00000, 0x0000000086a00000|100%| O|  |TAMS 0x0000000086a00000, 0x0000000086a00000| Untracked 
| 106|0x0000000086a00000, 0x0000000086b00000, 0x0000000086b00000|100%| O|  |TAMS 0x0000000086b00000, 0x0000000086b00000| Untracked 
| 107|0x0000000086b00000, 0x0000000086b00000, 0x0000000086c00000|  0%| F|  |TAMS 0x0000000086b00000, 0x0000000086b00000| Untracked 
| 108|0x0000000086c00000, 0x0000000086c00000, 0x0000000086d00000|  0%| F|  |TAMS 0x0000000086c00000, 0x0000000086c00000| Untracked 
| 109|0x0000000086d00000, 0x0000000086d00000, 0x0000000086e00000|  0%| F|  |TAMS 0x0000000086d00000, 0x0000000086d00000| Untracked 
| 110|0x0000000086e00000, 0x0000000086e00000, 0x0000000086f00000|  0%| F|  |TAMS 0x0000000086e00000, 0x0000000086e00000| Untracked 
| 111|0x0000000086f00000, 0x0000000086f00000, 0x0000000087000000|  0%| F|  |TAMS 0x0000000086f00000, 0x0000000086f00000| Untracked 
| 112|0x0000000087000000, 0x0000000087000000, 0x0000000087100000|  0%| F|  |TAMS 0x0000000087000000, 0x0000000087000000| Untracked 
| 113|0x0000000087100000, 0x0000000087100000, 0x0000000087200000|  0%| F|  |TAMS 0x0000000087100000, 0x0000000087100000| Untracked 
| 114|0x0000000087200000, 0x0000000087200000, 0x0000000087300000|  0%| F|  |TAMS 0x0000000087200000, 0x0000000087200000| Untracked 
| 115|0x0000000087300000, 0x0000000087300000, 0x0000000087400000|  0%| F|  |TAMS 0x0000000087300000, 0x0000000087300000| Untracked 
| 116|0x0000000087400000, 0x0000000087400000, 0x0000000087500000|  0%| F|  |TAMS 0x0000000087400000, 0x0000000087400000| Untracked 
| 117|0x0000000087500000, 0x0000000087500000, 0x0000000087600000|  0%| F|  |TAMS 0x0000000087500000, 0x0000000087500000| Untracked 
| 118|0x0000000087600000, 0x0000000087600000, 0x0000000087700000|  0%| F|  |TAMS 0x0000000087600000, 0x0000000087600000| Untracked 
| 119|0x0000000087700000, 0x0000000087700000, 0x0000000087800000|  0%| F|  |TAMS 0x0000000087700000, 0x0000000087700000| Untracked 
| 120|0x0000000087800000, 0x0000000087800000, 0x0000000087900000|  0%| F|  |TAMS 0x0000000087800000, 0x0000000087800000| Untracked 
| 121|0x0000000087900000, 0x0000000087900000, 0x0000000087a00000|  0%| F|  |TAMS 0x0000000087900000, 0x0000000087900000| Untracked 
| 122|0x0000000087a00000, 0x0000000087a00000, 0x0000000087b00000|  0%| F|  |TAMS 0x0000000087a00000, 0x0000000087a00000| Untracked 
| 123|0x0000000087b00000, 0x0000000087b00000, 0x0000000087c00000|  0%| F|  |TAMS 0x0000000087b00000, 0x0000000087b00000| Untracked 
| 124|0x0000000087c00000, 0x0000000087c00000, 0x0000000087d00000|  0%| F|  |TAMS 0x0000000087c00000, 0x0000000087c00000| Untracked 
| 125|0x0000000087d00000, 0x0000000087de7a98, 0x0000000087e00000| 90%| S|CS|TAMS 0x0000000087d00000, 0x0000000087d00000| Complete 
| 126|0x0000000087e00000, 0x0000000087e00000, 0x0000000087f00000|  0%| F|  |TAMS 0x0000000087e00000, 0x0000000087e00000| Untracked 
| 127|0x0000000087f00000, 0x0000000087f00000, 0x0000000088000000|  0%| F|  |TAMS 0x0000000087f00000, 0x0000000087f00000| Untracked 
| 128|0x0000000088000000, 0x0000000088000000, 0x0000000088100000|  0%| F|  |TAMS 0x0000000088000000, 0x0000000088000000| Untracked 
| 129|0x0000000088100000, 0x0000000088100000, 0x0000000088200000|  0%| F|  |TAMS 0x0000000088100000, 0x0000000088100000| Untracked 
| 130|0x0000000088200000, 0x0000000088200000, 0x0000000088300000|  0%| F|  |TAMS 0x0000000088200000, 0x0000000088200000| Untracked 
| 131|0x0000000088300000, 0x0000000088300000, 0x0000000088400000|  0%| F|  |TAMS 0x0000000088300000, 0x0000000088300000| Untracked 
| 132|0x0000000088400000, 0x0000000088400000, 0x0000000088500000|  0%| F|  |TAMS 0x0000000088400000, 0x0000000088400000| Untracked 
| 133|0x0000000088500000, 0x0000000088500000, 0x0000000088600000|  0%| F|  |TAMS 0x0000000088500000, 0x0000000088500000| Untracked 
| 134|0x0000000088600000, 0x0000000088600000, 0x0000000088700000|  0%| F|  |TAMS 0x0000000088600000, 0x0000000088600000| Untracked 
| 135|0x0000000088700000, 0x0000000088700000, 0x0000000088800000|  0%| F|  |TAMS 0x0000000088700000, 0x0000000088700000| Untracked 
| 136|0x0000000088800000, 0x0000000088800000, 0x0000000088900000|  0%| F|  |TAMS 0x0000000088800000, 0x0000000088800000| Untracked 
| 137|0x0000000088900000, 0x0000000088900000, 0x0000000088a00000|  0%| F|  |TAMS 0x0000000088900000, 0x0000000088900000| Untracked 
| 138|0x0000000088a00000, 0x0000000088a00000, 0x0000000088b00000|  0%| F|  |TAMS 0x0000000088a00000, 0x0000000088a00000| Untracked 
| 139|0x0000000088b00000, 0x0000000088b00000, 0x0000000088c00000|  0%| F|  |TAMS 0x0000000088b00000, 0x0000000088b00000| Untracked 
| 140|0x0000000088c00000, 0x0000000088c00000, 0x0000000088d00000|  0%| F|  |TAMS 0x0000000088c00000, 0x0000000088c00000| Untracked 
| 141|0x0000000088d00000, 0x0000000088d00000, 0x0000000088e00000|  0%| F|  |TAMS 0x0000000088d00000, 0x0000000088d00000| Untracked 
| 142|0x0000000088e00000, 0x0000000088e00000, 0x0000000088f00000|  0%| F|  |TAMS 0x0000000088e00000, 0x0000000088e00000| Untracked 
| 143|0x0000000088f00000, 0x0000000088f00000, 0x0000000089000000|  0%| F|  |TAMS 0x0000000088f00000, 0x0000000088f00000| Untracked 
| 144|0x0000000089000000, 0x0000000089000000, 0x0000000089100000|  0%| F|  |TAMS 0x0000000089000000, 0x0000000089000000| Untracked 
| 145|0x0000000089100000, 0x0000000089100000, 0x0000000089200000|  0%| F|  |TAMS 0x0000000089100000, 0x0000000089100000| Untracked 
| 146|0x0000000089200000, 0x0000000089200000, 0x0000000089300000|  0%| F|  |TAMS 0x0000000089200000, 0x0000000089200000| Untracked 
| 147|0x0000000089300000, 0x0000000089300000, 0x0000000089400000|  0%| F|  |TAMS 0x0000000089300000, 0x0000000089300000| Untracked 
| 148|0x0000000089400000, 0x0000000089400000, 0x0000000089500000|  0%| F|  |TAMS 0x0000000089400000, 0x0000000089400000| Untracked 
| 149|0x0000000089500000, 0x0000000089500000, 0x0000000089600000|  0%| F|  |TAMS 0x0000000089500000, 0x0000000089500000| Untracked 
| 150|0x0000000089600000, 0x0000000089600000, 0x0000000089700000|  0%| F|  |TAMS 0x0000000089600000, 0x0000000089600000| Untracked 
| 151|0x0000000089700000, 0x0000000089700000, 0x0000000089800000|  0%| F|  |TAMS 0x0000000089700000, 0x0000000089700000| Untracked 
| 152|0x0000000089800000, 0x0000000089800000, 0x0000000089900000|  0%| F|  |TAMS 0x0000000089800000, 0x0000000089800000| Untracked 
| 153|0x0000000089900000, 0x0000000089900000, 0x0000000089a00000|  0%| F|  |TAMS 0x0000000089900000, 0x0000000089900000| Untracked 
| 154|0x0000000089a00000, 0x0000000089a00000, 0x0000000089b00000|  0%| F|  |TAMS 0x0000000089a00000, 0x0000000089a00000| Untracked 
| 155|0x0000000089b00000, 0x0000000089b00000, 0x0000000089c00000|  0%| F|  |TAMS 0x0000000089b00000, 0x0000000089b00000| Untracked 
| 156|0x0000000089c00000, 0x0000000089c00000, 0x0000000089d00000|  0%| F|  |TAMS 0x0000000089c00000, 0x0000000089c00000| Untracked 
| 157|0x0000000089d00000, 0x0000000089d00000, 0x0000000089e00000|  0%| F|  |TAMS 0x0000000089d00000, 0x0000000089d00000| Untracked 
| 158|0x0000000089e00000, 0x0000000089e00000, 0x0000000089f00000|  0%| F|  |TAMS 0x0000000089e00000, 0x0000000089e00000| Untracked 
| 159|0x0000000089f00000, 0x0000000089f00000, 0x000000008a000000|  0%| F|  |TAMS 0x0000000089f00000, 0x0000000089f00000| Untracked 
| 160|0x000000008a000000, 0x000000008a000000, 0x000000008a100000|  0%| F|  |TAMS 0x000000008a000000, 0x000000008a000000| Untracked 
| 161|0x000000008a100000, 0x000000008a100000, 0x000000008a200000|  0%| F|  |TAMS 0x000000008a100000, 0x000000008a100000| Untracked 
| 162|0x000000008a200000, 0x000000008a200000, 0x000000008a300000|  0%| F|  |TAMS 0x000000008a200000, 0x000000008a200000| Untracked 
| 163|0x000000008a300000, 0x000000008a300000, 0x000000008a400000|  0%| F|  |TAMS 0x000000008a300000, 0x000000008a300000| Untracked 
| 164|0x000000008a400000, 0x000000008a400000, 0x000000008a500000|  0%| F|  |TAMS 0x000000008a400000, 0x000000008a400000| Untracked 
| 165|0x000000008a500000, 0x000000008a500000, 0x000000008a600000|  0%| F|  |TAMS 0x000000008a500000, 0x000000008a500000| Untracked 
| 166|0x000000008a600000, 0x000000008a600000, 0x000000008a700000|  0%| F|  |TAMS 0x000000008a600000, 0x000000008a600000| Untracked 
| 167|0x000000008a700000, 0x000000008a700000, 0x000000008a800000|  0%| F|  |TAMS 0x000000008a700000, 0x000000008a700000| Untracked 
| 168|0x000000008a800000, 0x000000008a800000, 0x000000008a900000|  0%| F|  |TAMS 0x000000008a800000, 0x000000008a800000| Untracked 
| 169|0x000000008a900000, 0x000000008a900000, 0x000000008aa00000|  0%| F|  |TAMS 0x000000008a900000, 0x000000008a900000| Untracked 
| 170|0x000000008aa00000, 0x000000008aa00000, 0x000000008ab00000|  0%| F|  |TAMS 0x000000008aa00000, 0x000000008aa00000| Untracked 
| 171|0x000000008ab00000, 0x000000008ab00000, 0x000000008ac00000|  0%| F|  |TAMS 0x000000008ab00000, 0x000000008ab00000| Untracked 
| 172|0x000000008ac00000, 0x000000008ac00000, 0x000000008ad00000|  0%| F|  |TAMS 0x000000008ac00000, 0x000000008ac00000| Untracked 
| 173|0x000000008ad00000, 0x000000008ad00000, 0x000000008ae00000|  0%| F|  |TAMS 0x000000008ad00000, 0x000000008ad00000| Untracked 
| 174|0x000000008ae00000, 0x000000008ae00000, 0x000000008af00000|  0%| F|  |TAMS 0x000000008ae00000, 0x000000008ae00000| Untracked 
| 175|0x000000008af00000, 0x000000008af00000, 0x000000008b000000|  0%| F|  |TAMS 0x000000008af00000, 0x000000008af00000| Untracked 
| 176|0x000000008b000000, 0x000000008b000000, 0x000000008b100000|  0%| F|  |TAMS 0x000000008b000000, 0x000000008b000000| Untracked 
| 177|0x000000008b100000, 0x000000008b100000, 0x000000008b200000|  0%| F|  |TAMS 0x000000008b100000, 0x000000008b100000| Untracked 
| 178|0x000000008b200000, 0x000000008b200000, 0x000000008b300000|  0%| F|  |TAMS 0x000000008b200000, 0x000000008b200000| Untracked 
| 179|0x000000008b300000, 0x000000008b300000, 0x000000008b400000|  0%| F|  |TAMS 0x000000008b300000, 0x000000008b300000| Untracked 
| 180|0x000000008b400000, 0x000000008b400000, 0x000000008b500000|  0%| F|  |TAMS 0x000000008b400000, 0x000000008b400000| Untracked 
| 181|0x000000008b500000, 0x000000008b500000, 0x000000008b600000|  0%| F|  |TAMS 0x000000008b500000, 0x000000008b500000| Untracked 
| 182|0x000000008b600000, 0x000000008b600000, 0x000000008b700000|  0%| F|  |TAMS 0x000000008b600000, 0x000000008b600000| Untracked 
| 183|0x000000008b700000, 0x000000008b700000, 0x000000008b800000|  0%| F|  |TAMS 0x000000008b700000, 0x000000008b700000| Untracked 
| 184|0x000000008b800000, 0x000000008b800000, 0x000000008b900000|  0%| F|  |TAMS 0x000000008b800000, 0x000000008b800000| Untracked 

Card table byte_map: [0x00000215318c0000,0x0000021531cc0000] _byte_map_base: 0x00000215314c0000

Marking Bits (Prev, Next): (CMBitMap*) 0x000002151e9e6430, (CMBitMap*) 0x000002151e9e63f8
 Prev Bits: [0x00000215340c0000, 0x00000215360c0000)
 Next Bits: [0x00000215320c0000, 0x00000215340c0000)

Polling page: 0x000002151c970000

Metaspace:

Usage:
  Non-class:    108.74 MB capacity,   106.39 MB ( 98%) used,     1.89 MB (  2%) free+waste,   464.56 KB ( <1%) overhead. 
      Class:     16.03 MB capacity,    14.66 MB ( 91%) used,     1.18 MB (  7%) free+waste,   196.63 KB (  1%) overhead. 
       Both:    124.76 MB capacity,   121.05 MB ( 97%) used,     3.07 MB (  2%) free+waste,   661.19 KB ( <1%) overhead. 

Virtual space:
  Non-class space:      110.00 MB reserved,     108.83 MB ( 99%) committed 
      Class space:        1.00 GB reserved,      16.13 MB (  2%) committed 
             Both:        1.11 GB reserved,     124.95 MB ( 11%) committed 

Chunk freelists:
   Non-Class:  30.00 KB
       Class:  4.00 KB
        Both:  34.00 KB

MaxMetaspaceSize: 17179869184.00 GB
CompressedClassSpaceSize: 1.00 GB
Initial GC threshold: 20.80 MB
Current GC threshold: 208.26 MB
CDS: off

CodeHeap 'non-profiled nmethods': size=120064Kb used=17104Kb max_used=17104Kb free=102959Kb
 bounds [0x0000021529f80000, 0x000002152b040000, 0x00000215314c0000]
CodeHeap 'profiled nmethods': size=120000Kb used=56740Kb max_used=56740Kb free=63259Kb
 bounds [0x0000021522a50000, 0x0000021526200000, 0x0000021529f80000]
CodeHeap 'non-nmethods': size=5696Kb used=2446Kb max_used=2526Kb free=3249Kb
 bounds [0x00000215224c0000, 0x0000021522750000, 0x0000021522a50000]
 total_blobs=25384 nmethods=24408 adapters=885
 compilation: enabled
              stopped_count=0, restarted_count=0
 full_count=0

Compilation events (20 events):
Event: 3887.578 Thread 0x00000215385e1000 27869       2       com.android.tools.r8.internal.A8::a (26 bytes)
Event: 3887.578 Thread 0x00000215385e1000 nmethod 27869 0x000002152406c510 code [0x000002152406c6c0, 0x000002152406c7f8]
Event: 3887.580 Thread 0x00000215385e1000 27870       1       com.android.tools.r8.internal.IG::Z1 (3 bytes)
Event: 3887.580 Thread 0x00000215385e1000 nmethod 27870 0x000002152b033790 code [0x000002152b033940, 0x000002152b0339f8]
Event: 3887.580 Thread 0x00000215385e1000 27871       1       com.android.tools.r8.internal.IG::Y1 (3 bytes)
Event: 3887.580 Thread 0x00000215385e1000 nmethod 27871 0x000002152b033a90 code [0x000002152b033c40, 0x000002152b033cf8]
Event: 3887.675 Thread 0x00000215385e1000 27872       2       com.android.tools.r8.internal.Me::a (94 bytes)
Event: 3887.676 Thread 0x00000215385e1000 nmethod 27872 0x0000021524364610 code [0x0000021524364820, 0x0000021524364b28]
Event: 3887.701 Thread 0x00000215385e1000 27874       2       com.android.tools.r8.ir.regalloc.b::a (296 bytes)
Event: 3887.703 Thread 0x00000215385e1000 nmethod 27874 0x0000021524287690 code [0x00000215242879a0, 0x00000215242884a8]
Event: 3887.720 Thread 0x00000215385e1000 27876 %     3       com.android.tools.r8.internal.Ne::y @ 10 (44 bytes)
Event: 3887.721 Thread 0x00000215385e1000 nmethod 27876% 0x00000215240c3310 code [0x00000215240c3520, 0x00000215240c3ae8]
Event: 3887.741 Thread 0x00000215385e1000 27877       1       com.android.tools.r8.internal.HE::a2 (3 bytes)
Event: 3887.742 Thread 0x00000215385e1000 nmethod 27877 0x000002152b033d90 code [0x000002152b033f40, 0x000002152b033ff8]
Event: 3887.743 Thread 0x00000215385e1000 27878       2       com.android.tools.r8.ir.optimize.info.k::A (14 bytes)
Event: 3887.743 Thread 0x00000215385e1000 nmethod 27878 0x0000021524221f10 code [0x00000215242220c0, 0x00000215242221d8]
Event: 3887.747 Thread 0x00000215385e1000 27879       1       com.android.tools.r8.ir.optimize.info.b::A (2 bytes)
Event: 3887.747 Thread 0x00000215385e1000 nmethod 27879 0x000002152b034090 code [0x000002152b034240, 0x000002152b0342f8]
Event: 3887.780 Thread 0x00000215385e1000 27881       2       com.android.tools.r8.ir.regalloc.a::j (71 bytes)
Event: 3887.782 Thread 0x00000215385e1000 nmethod 27881 0x0000021524239a90 code [0x0000021524239d00, 0x000002152423a4d8]

GC Heap History (20 events):
Event: 3884.577 GC heap after
{Heap after GC invocations=119 (full 0):
 garbage-first heap   total 189440K, used 98011K [0x0000000080000000, 0x0000000100000000)
  region size 1024K, 1 young (1024K), 1 survivors (1024K)
 Metaspace       used 123822K, capacity 127647K, committed 127952K, reserved 1161216K
  class space    used 14993K, capacity 16396K, committed 16512K, reserved 1048576K
}
Event: 3885.043 GC heap before
{Heap before GC invocations=120 (full 0):
 garbage-first heap   total 189440K, used 149211K [0x0000000080000000, 0x0000000100000000)
  region size 1024K, 51 young (52224K), 1 survivors (1024K)
 Metaspace       used 123844K, capacity 127656K, committed 127952K, reserved 1161216K
  class space    used 14995K, capacity 16399K, committed 16512K, reserved 1048576K
}
Event: 3885.047 GC heap after
{Heap after GC invocations=121 (full 0):
 garbage-first heap   total 189440K, used 97958K [0x0000000080000000, 0x0000000100000000)
  region size 1024K, 1 young (1024K), 1 survivors (1024K)
 Metaspace       used 123844K, capacity 127656K, committed 127952K, reserved 1161216K
  class space    used 14995K, capacity 16399K, committed 16512K, reserved 1048576K
}
Event: 3885.105 GC heap before
{Heap before GC invocations=121 (full 0):
 garbage-first heap   total 189440K, used 106150K [0x0000000080000000, 0x0000000100000000)
  region size 1024K, 9 young (9216K), 1 survivors (1024K)
 Metaspace       used 123851K, capacity 127659K, committed 127952K, reserved 1161216K
  class space    used 14996K, capacity 16400K, committed 16512K, reserved 1048576K
}
Event: 3885.112 GC heap after
{Heap after GC invocations=122 (full 0):
 garbage-first heap   total 189440K, used 97386K [0x0000000080000000, 0x0000000100000000)
  region size 1024K, 1 young (1024K), 1 survivors (1024K)
 Metaspace       used 123851K, capacity 127659K, committed 127952K, reserved 1161216K
  class space    used 14996K, capacity 16400K, committed 16512K, reserved 1048576K
}
Event: 3885.464 GC heap before
{Heap before GC invocations=122 (full 0):
 garbage-first heap   total 189440K, used 150634K [0x0000000080000000, 0x0000000100000000)
  region size 1024K, 53 young (54272K), 1 survivors (1024K)
 Metaspace       used 123880K, capacity 127684K, committed 127952K, reserved 1161216K
  class space    used 15001K, capacity 16409K, committed 16512K, reserved 1048576K
}
Event: 3885.471 GC heap after
{Heap after GC invocations=123 (full 0):
 garbage-first heap   total 189440K, used 98499K [0x0000000080000000, 0x0000000100000000)
  region size 1024K, 2 young (2048K), 2 survivors (2048K)
 Metaspace       used 123880K, capacity 127684K, committed 127952K, reserved 1161216K
  class space    used 15001K, capacity 16409K, committed 16512K, reserved 1048576K
}
Event: 3885.778 GC heap before
{Heap before GC invocations=123 (full 0):
 garbage-first heap   total 189440K, used 152771K [0x0000000080000000, 0x0000000100000000)
  region size 1024K, 55 young (56320K), 2 survivors (2048K)
 Metaspace       used 123885K, capacity 127685K, committed 127952K, reserved 1161216K
  class space    used 15001K, capacity 16409K, committed 16512K, reserved 1048576K
}
Event: 3885.785 GC heap after
{Heap after GC invocations=124 (full 0):
 garbage-first heap   total 189440K, used 97945K [0x0000000080000000, 0x0000000100000000)
  region size 1024K, 2 young (2048K), 2 survivors (2048K)
 Metaspace       used 123885K, capacity 127685K, committed 127952K, reserved 1161216K
  class space    used 15001K, capacity 16409K, committed 16512K, reserved 1048576K
}
Event: 3886.233 GC heap before
{Heap before GC invocations=125 (full 0):
 garbage-first heap   total 189440K, used 154265K [0x0000000080000000, 0x0000000100000000)
  region size 1024K, 57 young (58368K), 2 survivors (2048K)
 Metaspace       used 123895K, capacity 127685K, committed 127952K, reserved 1161216K
  class space    used 15001K, capacity 16409K, committed 16512K, reserved 1048576K
}
Event: 3886.236 GC heap after
{Heap after GC invocations=126 (full 0):
 garbage-first heap   total 189440K, used 98265K [0x0000000080000000, 0x0000000100000000)
  region size 1024K, 2 young (2048K), 2 survivors (2048K)
 Metaspace       used 123895K, capacity 127685K, committed 127952K, reserved 1161216K
  class space    used 15001K, capacity 16409K, committed 16512K, reserved 1048576K
}
Event: 3886.271 GC heap before
{Heap before GC invocations=126 (full 0):
 garbage-first heap   total 189440K, used 105433K [0x0000000080000000, 0x0000000100000000)
  region size 1024K, 9 young (9216K), 2 survivors (2048K)
 Metaspace       used 123901K, capacity 127685K, committed 127952K, reserved 1161216K
  class space    used 15001K, capacity 16409K, committed 16512K, reserved 1048576K
}
Event: 3886.277 GC heap after
{Heap after GC invocations=127 (full 0):
 garbage-first heap   total 189440K, used 98404K [0x0000000080000000, 0x0000000100000000)
  region size 1024K, 2 young (2048K), 2 survivors (2048K)
 Metaspace       used 123901K, capacity 127685K, committed 127952K, reserved 1161216K
  class space    used 15001K, capacity 16409K, committed 16512K, reserved 1048576K
}
Event: 3886.777 GC heap before
{Heap before GC invocations=127 (full 0):
 garbage-first heap   total 189440K, used 155748K [0x0000000080000000, 0x0000000100000000)
  region size 1024K, 58 young (59392K), 2 survivors (2048K)
 Metaspace       used 123935K, capacity 127757K, committed 127952K, reserved 1161216K
  class space    used 15007K, capacity 16412K, committed 16512K, reserved 1048576K
}
Event: 3886.782 GC heap after
{Heap after GC invocations=128 (full 0):
 garbage-first heap   total 189440K, used 98285K [0x0000000080000000, 0x0000000100000000)
  region size 1024K, 2 young (2048K), 2 survivors (2048K)
 Metaspace       used 123935K, capacity 127757K, committed 127952K, reserved 1161216K
  class space    used 15007K, capacity 16412K, committed 16512K, reserved 1048576K
}
Event: 3887.323 GC heap before
{Heap before GC invocations=129 (full 0):
 garbage-first heap   total 189440K, used 156653K [0x0000000080000000, 0x0000000100000000)
  region size 1024K, 59 young (60416K), 2 survivors (2048K)
 Metaspace       used 123941K, capacity 127757K, committed 127952K, reserved 1161216K
  class space    used 15007K, capacity 16412K, committed 16512K, reserved 1048576K
}
Event: 3887.328 GC heap after
{Heap after GC invocations=130 (full 0):
 garbage-first heap   total 189440K, used 98579K [0x0000000080000000, 0x0000000100000000)
  region size 1024K, 3 young (3072K), 3 survivors (3072K)
 Metaspace       used 123941K, capacity 127757K, committed 127952K, reserved 1161216K
  class space    used 15007K, capacity 16412K, committed 16512K, reserved 1048576K
}
Event: 3887.363 GC heap before
{Heap before GC invocations=130 (full 0):
 garbage-first heap   total 189440K, used 104723K [0x0000000080000000, 0x0000000100000000)
  region size 1024K, 9 young (9216K), 3 survivors (3072K)
 Metaspace       used 123941K, capacity 127757K, committed 127952K, reserved 1161216K
  class space    used 15007K, capacity 16412K, committed 16512K, reserved 1048576K
}
Event: 3887.370 GC heap after
{Heap after GC invocations=131 (full 0):
 garbage-first heap   total 189440K, used 98085K [0x0000000080000000, 0x0000000100000000)
  region size 1024K, 1 young (1024K), 1 survivors (1024K)
 Metaspace       used 123941K, capacity 127757K, committed 127952K, reserved 1161216K
  class space    used 15007K, capacity 16412K, committed 16512K, reserved 1048576K
}
Event: 3887.785 GC heap before
{Heap before GC invocations=131 (full 0):
 garbage-first heap   total 189440K, used 157477K [0x0000000080000000, 0x0000000100000000)
  region size 1024K, 59 young (60416K), 1 survivors (1024K)
 Metaspace       used 123952K, capacity 127758K, committed 127952K, reserved 1161216K
  class space    used 15007K, capacity 16412K, committed 16512K, reserved 1048576K
}

Deoptimization events (20 events):
Event: 3887.700 Thread 0x000002153e5a7000 Uncommon trap: trap_request=0xffffff4d fr.pc=0x000002152afbe370 relative=0x00000000000010b0
Event: 3887.700 Thread 0x000002153e5a7000 Uncommon trap: reason=unstable_if action=reinterpret pc=0x000002152afbe370 method=com.android.tools.r8.ir.regalloc.b.a(Lcom/android/tools/r8/ir/regalloc/a;)V @ 177 c2
Event: 3887.700 Thread 0x000002153e5a7000 DEOPT PACKING pc=0x000002152afbe370 sp=0x000000c2114fb640
Event: 3887.700 Thread 0x000002153e5a7000 DEOPT UNPACKING pc=0x000002152250a1af sp=0x000000c2114fb600 mode 2
Event: 3887.701 Thread 0x000002153e5a7000 Uncommon trap: trap_request=0xffffffc6 fr.pc=0x000002152a825a18 relative=0x00000000000000d8
Event: 3887.701 Thread 0x000002153e5a7000 Uncommon trap: reason=bimorphic_or_optimized_type_check action=maybe_recompile pc=0x000002152a825a18 method=com.android.tools.r8.internal.QG.M()Z @ 1 c2
Event: 3887.701 Thread 0x000002153e5a7000 DEOPT PACKING pc=0x000002152a825a18 sp=0x000000c2114fb5f0
Event: 3887.701 Thread 0x000002153e5a7000 DEOPT UNPACKING pc=0x000002152250a1af sp=0x000000c2114fb590 mode 2
Event: 3887.701 Thread 0x000002153e5a7000 Uncommon trap: trap_request=0xffffffc6 fr.pc=0x000002152a825a18 relative=0x00000000000000d8
Event: 3887.701 Thread 0x000002153e5a7000 Uncommon trap: reason=bimorphic_or_optimized_type_check action=maybe_recompile pc=0x000002152a825a18 method=com.android.tools.r8.internal.QG.M()Z @ 1 c2
Event: 3887.701 Thread 0x000002153e5a7000 DEOPT PACKING pc=0x000002152a825a18 sp=0x000000c2114fb5f0
Event: 3887.701 Thread 0x000002153e5a7000 DEOPT UNPACKING pc=0x000002152250a1af sp=0x000000c2114fb590 mode 2
Event: 3887.701 Thread 0x000002153e5a7000 Uncommon trap: trap_request=0xffffffc6 fr.pc=0x000002152a825a18 relative=0x00000000000000d8
Event: 3887.701 Thread 0x000002153e5a7000 Uncommon trap: reason=bimorphic_or_optimized_type_check action=maybe_recompile pc=0x000002152a825a18 method=com.android.tools.r8.internal.QG.M()Z @ 1 c2
Event: 3887.701 Thread 0x000002153e5a7000 DEOPT PACKING pc=0x000002152a825a18 sp=0x000000c2114fb5f0
Event: 3887.701 Thread 0x000002153e5a7000 DEOPT UNPACKING pc=0x000002152250a1af sp=0x000000c2114fb590 mode 2
Event: 3887.754 Thread 0x000002153e5a7000 DEOPT PACKING pc=0x0000021524a80adf sp=0x000000c2114fc4f0
Event: 3887.754 Thread 0x000002153e5a7000 DEOPT UNPACKING pc=0x000002152250a95e sp=0x000000c2114fba10 mode 0
Event: 3887.778 Thread 0x000002153e5a7000 DEOPT PACKING pc=0x0000021524aee130 sp=0x000000c2114fbce0
Event: 3887.778 Thread 0x000002153e5a7000 DEOPT UNPACKING pc=0x000002152250a95e sp=0x000000c2114fb188 mode 0

Classes redefined (0 events):
No events

Internal exceptions (20 events):
Event: 3429.395 Thread 0x000002153c075000 Exception <a 'sun/nio/fs/WindowsException'{0x0000000089555a00}> (0x0000000089555a00) thrown at [./src/hotspot/share/prims/jni.cpp, line 616]
Event: 3429.428 Thread 0x000002153c075000 Exception <a 'sun/nio/fs/WindowsException'{0x0000000089163648}> (0x0000000089163648) thrown at [./src/hotspot/share/prims/jni.cpp, line 616]
Event: 3429.442 Thread 0x000002153c075000 Exception <a 'sun/nio/fs/WindowsException'{0x0000000088fa1000}> (0x0000000088fa1000) thrown at [./src/hotspot/share/prims/jni.cpp, line 616]
Event: 3429.453 Thread 0x000002153c075000 Exception <a 'sun/nio/fs/WindowsException'{0x0000000088d8f008}> (0x0000000088d8f008) thrown at [./src/hotspot/share/prims/jni.cpp, line 616]
Event: 3429.467 Thread 0x000002153c075000 Exception <a 'sun/nio/fs/WindowsException'{0x0000000088cc3e18}> (0x0000000088cc3e18) thrown at [./src/hotspot/share/prims/jni.cpp, line 616]
Event: 3429.467 Thread 0x000002153c075000 Exception <a 'sun/nio/fs/WindowsException'{0x0000000088cc3f48}> (0x0000000088cc3f48) thrown at [./src/hotspot/share/prims/jni.cpp, line 616]
Event: 3429.481 Thread 0x000002153c075000 Exception <a 'sun/nio/fs/WindowsException'{0x0000000088aeb4e8}> (0x0000000088aeb4e8) thrown at [./src/hotspot/share/prims/jni.cpp, line 616]
Event: 3429.501 Thread 0x000002153c075000 Exception <a 'sun/nio/fs/WindowsException'{0x000000008878e398}> (0x000000008878e398) thrown at [./src/hotspot/share/prims/jni.cpp, line 616]
Event: 3429.920 Thread 0x000002153b53d000 Exception <a 'sun/nio/fs/WindowsException'{0x000000008b1d0dd0}> (0x000000008b1d0dd0) thrown at [./src/hotspot/share/prims/jni.cpp, line 616]
Event: 3429.985 Thread 0x000002153b53d000 Exception <a 'sun/nio/fs/WindowsException'{0x000000008aac7730}> (0x000000008aac7730) thrown at [./src/hotspot/share/prims/jni.cpp, line 616]
Event: 3430.084 Thread 0x000002153b53e800 Exception <a 'sun/nio/fs/WindowsException'{0x000000008a7995b0}> (0x000000008a7995b0) thrown at [./src/hotspot/share/prims/jni.cpp, line 616]
Event: 3430.158 Thread 0x000002153b53e800 Exception <a 'sun/nio/fs/WindowsException'{0x0000000089e80fb0}> (0x0000000089e80fb0) thrown at [./src/hotspot/share/prims/jni.cpp, line 616]
Event: 3878.010 Thread 0x000002153b543000 Exception <a 'sun/nio/fs/WindowsException'{0x000000008ae92318}> (0x000000008ae92318) thrown at [./src/hotspot/share/prims/jni.cpp, line 616]
Event: 3878.046 Thread 0x000002153b543000 Exception <a 'java/lang/NoClassDefFoundError'{0x000000008ab41fb0}: org/jetbrains/kotlin/gradle/plugin/KotlinBasePluginWrapper> (0x000000008ab41fb0) thrown at [./src/hotspot/share/oops/constantPool.cpp, line 775]
Event: 3878.060 Thread 0x000002153b543000 Exception <a 'sun/nio/fs/WindowsException'{0x000000008aa06418}> (0x000000008aa06418) thrown at [./src/hotspot/share/prims/jni.cpp, line 616]
Event: 3878.068 Thread 0x000002153b543000 Exception <a 'sun/nio/fs/WindowsException'{0x000000008aaa82f0}> (0x000000008aaa82f0) thrown at [./src/hotspot/share/prims/jni.cpp, line 616]
Event: 3878.069 Thread 0x000002153b543000 Exception <a 'sun/nio/fs/WindowsException'{0x000000008aaa9398}> (0x000000008aaa9398) thrown at [./src/hotspot/share/prims/jni.cpp, line 616]
Event: 3878.070 Thread 0x000002153b543000 Exception <a 'sun/nio/fs/WindowsException'{0x000000008aaaa490}> (0x000000008aaaa490) thrown at [./src/hotspot/share/prims/jni.cpp, line 616]
Event: 3878.070 Thread 0x000002153b543000 Exception <a 'sun/nio/fs/WindowsException'{0x000000008aaab588}> (0x000000008aaab588) thrown at [./src/hotspot/share/prims/jni.cpp, line 616]
Event: 3884.960 Thread 0x000002153e5a7000 Exception <a 'java/lang/NoSuchMethodError'{0x00000000894f8b90}: 'int java.lang.invoke.DirectMethodHandle$Holder.invokeInterface(java.lang.Object, java.lang.Object, int)'> (0x00000000894f8b90) thrown at [./src/hotspot/share/interpreter/linkResolver.cpp, line 773]

Events (20 events):
Event: 3886.320 loading class com/android/tools/r8/code/G0 done
Event: 3886.452 loading class com/android/tools/r8/internal/tA
Event: 3886.452 loading class com/android/tools/r8/internal/tA done
Event: 3886.453 loading class com/android/tools/r8/internal/QG
Event: 3886.453 loading class com/android/tools/r8/internal/QG done
Event: 3886.453 loading class com/android/tools/r8/internal/tA
Event: 3886.453 loading class com/android/tools/r8/internal/tA done
Event: 3886.777 Executing VM operation: G1CollectForAllocation
Event: 3886.782 Executing VM operation: G1CollectForAllocation done
Event: 3887.045 Executing VM operation: CGC_Operation
Event: 3887.068 Executing VM operation: CGC_Operation done
Event: 3887.206 Executing VM operation: CGC_Operation
Event: 3887.207 Executing VM operation: CGC_Operation done
Event: 3887.322 Executing VM operation: G1CollectForAllocation
Event: 3887.328 Executing VM operation: G1CollectForAllocation done
Event: 3887.363 Executing VM operation: G1CollectForAllocation
Event: 3887.370 Executing VM operation: G1CollectForAllocation done
Event: 3887.583 loading class com/android/tools/r8/internal/Es
Event: 3887.583 loading class com/android/tools/r8/internal/Es done
Event: 3887.784 Executing VM operation: G1CollectForAllocation


Dynamic libraries:
0x00007ff69d520000 - 0x00007ff69d52a000 	E:\Programs\Android Studio\jre\bin\java.exe
0x00007ffcbb670000 - 0x00007ffcbb868000 	C:\Windows\SYSTEM32\ntdll.dll
0x00007ffc8c960000 - 0x00007ffc8c977000 	C:\Program Files\Avast Software\Avast\aswhook.dll
0x00007ffcba470000 - 0x00007ffcba52f000 	C:\Windows\System32\KERNEL32.DLL
0x00007ffcb8f80000 - 0x00007ffcb9252000 	C:\Windows\System32\KERNELBASE.dll
0x00007ffcb8e80000 - 0x00007ffcb8f80000 	C:\Windows\System32\ucrtbase.dll
0x00007ffca1b40000 - 0x00007ffca1b57000 	E:\Programs\Android Studio\jre\bin\VCRUNTIME140.dll
0x00007ffca0450000 - 0x00007ffca0469000 	E:\Programs\Android Studio\jre\bin\jli.dll
0x00007ffcbadf0000 - 0x00007ffcbaf8d000 	C:\Windows\System32\USER32.dll
0x00007ffcb9550000 - 0x00007ffcb9572000 	C:\Windows\System32\win32u.dll
0x00007ffca52d0000 - 0x00007ffca556a000 	C:\Windows\WinSxS\amd64_microsoft.windows.common-controls_6595b64144ccf1df_6.0.19041.1110_none_60b5254171f9507e\COMCTL32.dll
0x00007ffcbb2b0000 - 0x00007ffcbb2db000 	C:\Windows\System32\GDI32.dll
0x00007ffcbb210000 - 0x00007ffcbb2ae000 	C:\Windows\System32\msvcrt.dll
0x00007ffcb8d70000 - 0x00007ffcb8e7f000 	C:\Windows\System32\gdi32full.dll
0x00007ffcb9480000 - 0x00007ffcb951d000 	C:\Windows\System32\msvcp_win.dll
0x00007ffcbaad0000 - 0x00007ffcbab02000 	C:\Windows\System32\IMM32.DLL
0x00007ffc97b10000 - 0x00007ffc97bad000 	E:\Programs\Android Studio\jre\bin\msvcp140.dll
0x00007ffc78e10000 - 0x00007ffc79912000 	E:\Programs\Android Studio\jre\bin\server\jvm.dll
0x00007ffcbb420000 - 0x00007ffcbb4ce000 	C:\Windows\System32\ADVAPI32.dll
0x00007ffcbad50000 - 0x00007ffcbadec000 	C:\Windows\System32\sechost.dll
0x00007ffcba9a0000 - 0x00007ffcbaac5000 	C:\Windows\System32\RPCRT4.dll
0x00007ffcbb2e0000 - 0x00007ffcbb2e8000 	C:\Windows\System32\PSAPI.DLL
0x00007ffca5580000 - 0x00007ffca55a7000 	C:\Windows\SYSTEM32\WINMM.dll
0x00007ffca3a70000 - 0x00007ffca3a79000 	C:\Windows\SYSTEM32\WSOCK32.dll
0x00007ffcb6d10000 - 0x00007ffcb6d1a000 	C:\Windows\SYSTEM32\VERSION.dll
0x00007ffcbb1a0000 - 0x00007ffcbb20b000 	C:\Windows\System32\WS2_32.dll
0x00007ffcb75c0000 - 0x00007ffcb75d2000 	C:\Windows\SYSTEM32\kernel.appcore.dll
0x00007ffcb5900000 - 0x00007ffcb5911000 	E:\Programs\Android Studio\jre\bin\verify.dll
0x00007ffca9360000 - 0x00007ffca9544000 	C:\Windows\SYSTEM32\DBGHELP.DLL
0x00007ffca91e0000 - 0x00007ffca920c000 	C:\Windows\SYSTEM32\dbgcore.DLL
0x00007ffcb9580000 - 0x00007ffcb9602000 	C:\Windows\System32\bcryptPrimitives.dll
0x00007ffcb58d0000 - 0x00007ffcb58f9000 	E:\Programs\Android Studio\jre\bin\java.dll
0x00007ffcb60b0000 - 0x00007ffcb60bb000 	E:\Programs\Android Studio\jre\bin\jimage.dll
0x00007ffcb48d0000 - 0x00007ffcb48e8000 	E:\Programs\Android Studio\jre\bin\zip.dll
0x00007ffcb9870000 - 0x00007ffcb9fb3000 	C:\Windows\System32\SHELL32.dll
0x00007ffcb6e10000 - 0x00007ffcb75a2000 	C:\Windows\SYSTEM32\windows.storage.dll
0x00007ffcba110000 - 0x00007ffcba464000 	C:\Windows\System32\combase.dll
0x00007ffcb87d0000 - 0x00007ffcb8800000 	C:\Windows\SYSTEM32\Wldp.dll
0x00007ffcbab10000 - 0x00007ffcbabbd000 	C:\Windows\System32\SHCORE.dll
0x00007ffcbacf0000 - 0x00007ffcbad45000 	C:\Windows\System32\shlwapi.dll
0x00007ffcb8cb0000 - 0x00007ffcb8ccf000 	C:\Windows\SYSTEM32\profapi.dll
0x00007ffcb4840000 - 0x00007ffcb485a000 	E:\Programs\Android Studio\jre\bin\net.dll
0x00007ffca7980000 - 0x00007ffca7a8c000 	C:\Windows\SYSTEM32\WINHTTP.dll
0x00007ffcb8530000 - 0x00007ffcb859a000 	C:\Windows\system32\mswsock.dll
0x00007ffcb4820000 - 0x00007ffcb4834000 	E:\Programs\Android Studio\jre\bin\nio.dll
0x00007ffca2fa0000 - 0x00007ffca2fc7000 	C:\Users\a0587\.gradle\native\8bec1ad78214c89d9ad589b4d07fe93259594b29d510b10fafb7a158f7737e5d\windows-amd64\native-platform.dll
0x00007ffc80a50000 - 0x00007ffc80b8d000 	C:\Users\a0587\.gradle\native\53dbd7edfb1c66fb8903c78663c9afc45aea4f116125fa6feffd364cf09443e8\windows-amd64\native-platform-file-events.dll
0x00007ffcb48c0000 - 0x00007ffcb48ca000 	E:\Programs\Android Studio\jre\bin\management.dll
0x00007ffcb48a0000 - 0x00007ffcb48ad000 	E:\Programs\Android Studio\jre\bin\management_ext.dll
0x00007ffcb8720000 - 0x00007ffcb8738000 	C:\Windows\SYSTEM32\CRYPTSP.dll
0x00007ffcb7de0000 - 0x00007ffcb7e14000 	C:\Windows\system32\rsaenh.dll
0x00007ffcb9520000 - 0x00007ffcb9547000 	C:\Windows\System32\bcrypt.dll
0x00007ffcb8c70000 - 0x00007ffcb8c9e000 	C:\Windows\SYSTEM32\USERENV.dll
0x00007ffcb8740000 - 0x00007ffcb874c000 	C:\Windows\SYSTEM32\CRYPTBASE.dll
0x00007ffcb81d0000 - 0x00007ffcb820b000 	C:\Windows\SYSTEM32\IPHLPAPI.DLL
0x00007ffcbb190000 - 0x00007ffcbb198000 	C:\Windows\System32\NSI.dll
0x00007ffcae0e0000 - 0x00007ffcae0f7000 	C:\Windows\SYSTEM32\dhcpcsvc6.DLL
0x00007ffcae980000 - 0x00007ffcae99d000 	C:\Windows\SYSTEM32\dhcpcsvc.DLL
0x00007ffcb8220000 - 0x00007ffcb82ea000 	C:\Windows\SYSTEM32\DNSAPI.dll
0x00007ffcb2ea0000 - 0x00007ffcb2ec7000 	E:\Programs\Android Studio\jre\bin\sunec.dll

dbghelp: loaded successfully - version: 4.0.5 - missing functions: none
symbol engine: initialized successfully - sym options: 0x614 - pdb path: .;E:\Programs\Android Studio\jre\bin;C:\Windows\SYSTEM32;C:\Program Files\Avast Software\Avast;C:\Windows\WinSxS\amd64_microsoft.windows.common-controls_6595b64144ccf1df_6.0.19041.1110_none_60b5254171f9507e;E:\Programs\Android Studio\jre\bin\server;C:\Users\a0587\.gradle\native\8bec1ad78214c89d9ad589b4d07fe93259594b29d510b10fafb7a158f7737e5d\windows-amd64;C:\Users\a0587\.gradle\native\53dbd7edfb1c66fb8903c78663c9afc45aea4f116125fa6feffd364cf09443e8\windows-amd64

VM Arguments:
jvm_args: --add-opens=java.base/java.util=ALL-UNNAMED --add-opens=java.base/java.lang=ALL-UNNAMED --add-opens=java.base/java.lang.invoke=ALL-UNNAMED --add-opens=java.base/java.util=ALL-UNNAMED --add-opens=java.prefs/java.util.prefs=ALL-UNNAMED --add-opens=java.prefs/java.util.prefs=ALL-UNNAMED --add-opens=java.base/java.nio.charset=ALL-UNNAMED --add-opens=java.base/java.net=ALL-UNNAMED --add-opens=java.base/java.util.concurrent.atomic=ALL-UNNAMED -Xmx2048m -Dfile.encoding=UTF-8 -Duser.country=TW -Duser.language=zh -Duser.variant 
java_command: org.gradle.launcher.daemon.bootstrap.GradleDaemon 7.0.2
java_class_path (initial): C:\Users\a0587\.gradle\wrapper\dists\gradle-7.0.2-bin\857tjihv64xamwrf0h14cai3r\gradle-7.0.2\lib\gradle-launcher-7.0.2.jar
Launcher Type: SUN_STANDARD

[Global flags]
     intx CICompilerCount                          = 3                                         {product} {ergonomic}
     uint ConcGCThreads                            = 1                                         {product} {ergonomic}
     uint G1ConcRefinementThreads                  = 4                                         {product} {ergonomic}
   size_t G1HeapRegionSize                         = 1048576                                   {product} {ergonomic}
    uintx GCDrainStackTargetSize                   = 64                                        {product} {ergonomic}
   size_t InitialHeapSize                          = 134217728                                 {product} {ergonomic}
   size_t MarkStackSize                            = 4194304                                   {product} {ergonomic}
   size_t MaxHeapSize                              = 2147483648                                {product} {command line}
   size_t MaxNewSize                               = 1287651328                                {product} {ergonomic}
   size_t MinHeapDeltaBytes                        = 1048576                                   {product} {ergonomic}
    uintx NonNMethodCodeHeapSize                   = 5830732                                {pd product} {ergonomic}
    uintx NonProfiledCodeHeapSize                  = 122913754                              {pd product} {ergonomic}
    uintx ProfiledCodeHeapSize                     = 122913754                              {pd product} {ergonomic}
    uintx ReservedCodeCacheSize                    = 251658240                              {pd product} {ergonomic}
     bool SegmentedCodeCache                       = true                                      {product} {ergonomic}
     bool UseCompressedClassPointers               = true                                 {lp64_product} {ergonomic}
     bool UseCompressedOops                        = true                                 {lp64_product} {ergonomic}
     bool UseG1GC                                  = true                                      {product} {ergonomic}
     bool UseLargePagesIndividualAllocation        = false                                  {pd product} {ergonomic}

Logging:
Log output configuration:
 #0: stdout all=warning uptime,level,tags
 #1: stderr all=off uptime,level,tags

Environment Variables:
PATH=C:\Windows\system32;C:\Windows;C:\Windows\System32\Wbem;C:\Windows\System32\WindowsPowerShell\v1.0\;C:\Windows\System32\OpenSSH\;C:\Program Files\PuTTY\;E:\Programs\Anaconda;E:\Programs\Anaconda\Library\mingw-w64\bin;E:\Programs\Anaconda\Library\usr\bin;E:\Programs\Anaconda\Library\bin;E:\Programs\Anaconda\Scripts;C:\Users\a0587\AppData\Local\Microsoft\WindowsApps;E:\Programs\Microsoft VS Code\bin
USERNAME=Billy
OS=Windows_NT
PROCESSOR_IDENTIFIER=Intel64 Family 6 Model 142 Stepping 9, GenuineIntel



---------------  S Y S T E M  ---------------

OS: Windows 10 , 64 bit Build 19041 (10.0.19041.2251)
OS uptime: 6 days 17:49 hours

CPU:total 4 (initial active 4) (2 cores per cpu, 2 threads per core) family 6 model 142 stepping 9 microcode 0xb4, cmov, cx8, fxsr, mmx, sse, sse2, sse3, ssse3, sse4.1, sse4.2, popcnt, avx, avx2, aes, clmul, erms, 3dnowpref, lzcnt, ht, tsc, tscinvbit, bmi1, bmi2, adx, fma

Memory: 4k page, system-wide physical 8073M (390M free)
TotalPageFile size 8073M (AvailPageFile size 8M)
current process WorkingSet (physical memory assigned to process): 538M, peak: 538M
current process commit charge ("private bytes"): 608M, peak: 639M

vm_info: OpenJDK 64-Bit Server VM (11.0.13+0-b1751.21-8125866) for windows-amd64 JRE (11.0.13+0-b1751.21-8125866), built on Feb  2 2022 03:00:22 by "builder" with MS VC++ 14.0 (VS2015)

END.
